ARM GAS  C:\Users\CYIRKO~1\AppData\Local\Temp\cclJAiNq.s 			page 1


   1              		.cpu cortex-m7
   2              		.eabi_attribute 20, 1
   3              		.eabi_attribute 21, 1
   4              		.eabi_attribute 23, 3
   5              		.eabi_attribute 24, 1
   6              		.eabi_attribute 25, 1
   7              		.eabi_attribute 26, 1
   8              		.eabi_attribute 30, 2
   9              		.eabi_attribute 34, 1
  10              		.eabi_attribute 18, 4
  11              		.file	"hal.c"
  12              		.text
  13              	.Ltext0:
  14              		.section	.gnu.lto_.profile.9526e3dd,"",%progbits
  15 0000 789C6365 		.ascii	"x\234ce`b`a```d\260\347\000\000\001\006\000T"
  15      60626061 
  15      60606064 
  15      B0E70000 
  15      01060054 
  16              		.text
  17              		.section	.gnu.lto_.icf.9526e3dd,"",%progbits
  18 0000 789C6365 		.ascii	"x\234ce`b\340`@\000F\206\267\217\026m\345c\000\000\020"
  18      6062E060 
  18      40004686 
  18      B78F166D 
  18      E5630000 
  19 0015 1F0345   		.ascii	"\037\003E"
  20              		.text
  21              		.section	.gnu.lto_.jmpfuncs.9526e3dd,"",%progbits
  22 0000 789C6365 		.ascii	"x\234ce`b\320`@\000F(\315\3048\235\231\261\371\327\376"
  22      6062D060 
  22      40004628 
  22      CDC4389D 
  22      99B1F9D7 
  23 0015 CF7CF57F 		.ascii	"\317|\365\177\033$\34633,f\006\311.g\254g`d\001\262"
  23      1B24E633 
  23      332C6606 
  23      C92E67AC 
  23      67606401 
  24 002a 00B87808 		.ascii	"\000\270x\010\225"
  24      95
  25              		.text
  26              		.section	.gnu.lto_.inline.9526e3dd,"",%progbits
  27 0000 789C6365 		.ascii	"x\234ce`b0f@\000F\006\006.{F\240 \003\003\333\002y&"
  27      60623066 
  27      40004606 
  27      062E7B46 
  27      A0200303 
  28 0018 B0101726 		.ascii	"\260\020\027&\301\304\015R\012f2\000\000?\336\001\224"
  28      C1C40D52 
  28      0A663200 
  28      003FDE01 
  28      94
  29              		.text
  30              		.section	.gnu.lto_.pureconst.9526e3dd,"",%progbits
  31 0000 789C6365 		.ascii	"x\234ce`b`f```d\220\000\000\000\204\000$"
  31      60626066 
ARM GAS  C:\Users\CYIRKO~1\AppData\Local\Temp\cclJAiNq.s 			page 2


  31      60606064 
  31      90000000 
  31      840024
  32              		.text
  33              		.section	.gnu.lto_halInit.9526e3dd,"",%progbits
  34 0000 789C7590 		.ascii	"x\234u\220?HBq\020\307\357\373~\376yAJCCaC\253DIKAk"
  34      3F484271 
  34      10C7EFFB 
  34      7EFE7941 
  34      4A434361 
  35 001b B4B4B6BA 		.ascii	"\264\264\266\272\224\015J\201\2205\277g\026\202A\265"
  35      940D4A81 
  35      9035BF67 
  35      168241B5 
  36 002b 9819C47B 		.ascii	"\230\031\304{\024\241ei\012\015N=\234j)\250\261\251"
  36      14A16569 
  36      0A0D4E3D 
  36      9C6A29A8 
  36      B1A9
  37 003d 88862C08 		.ascii	"\210\206,\010\332\012\265\373i\204\203\035\034w\277"
  37      DA0AB5FB 
  37      6984831D 
  37      1C77BF
  38 004c BB0F77DF 		.ascii	"\273\017w\337\337\331I\241+\020\015\023\221\207\035"
  38      DFD949A1 
  38      2B100D13 
  38      91871D
  39 005b 82A06CDF 		.ascii	"\202\240l\337\020EU\005\220\211\256\2024\005\032\266"
  39      10455505 
  39      9089AE82 
  39      34051AB6 
  40 006b 444AA012 		.ascii	"DJ\240\022\177)+\336\214\316f\245>\372\365\254\005C"
  40      7F292BDE 
  40      8CCE66A5 
  40      3EFAF5AC 
  40      0543
  41 007d 10A5D9A5 		.ascii	"\020\245\331\245!\003/1\366T\254']\016[\253\216,\034"
  41      21032F31 
  41      F654AC27 
  41      5D0E5BAB 
  41      8E2C1C
  42 0090 BC820A77 		.ascii	"\274\202\012w\260\364z#\256[\317\007\270\237V\211\022"
  42      B0F47A23 
  42      AE5BCF07 
  42      B89F5689 
  42      12
  43 00a1 DC963B36 		.ascii	"\334\226;6\204\"\243\250\"f~{$/\207\224\313o\017N\255"
  43      8422A3A8 
  43      22667E7B 
  43      242F8794 
  43      CB6F0F4E 
  44 00b6 A6AB8640 		.ascii	"\246\253\206@Z\360\004\034C#\203\331*\326\314\243\356"
  44      5AF0041C 
  44      432383D9 
  44      2AD6CCA3 
  44      EE
  45 00c7 0E9C4873 		.ascii	"\016\234Hs\227p\302\0347v\326+\267\316Ma\010\033\344"
ARM GAS  C:\Users\CYIRKO~1\AppData\Local\Temp\cclJAiNq.s 			page 3


  45      9770C21C 
  45      3776D62B 
  45      B7CE4D61 
  45      081BE4
  46 00da 33F675F9 		.ascii	"3\366u\371\351f\256\217\013\207R\030\327\256\367r\013"
  46      E966AE8F 
  46      0B875218 
  46      D7AEF772 
  46      0B
  47 00eb 06F6A33D 		.ascii	"\006\366\243=\206\260\343\224\177\231\303@\263\321x"
  47      86B0E394 
  47      7F99C340 
  47      B3D178
  48 00fa 2DE5BB18 		.ascii	"-\345\273\030\336\325\365A9\340\014\006\232\013\221"
  48      DED5F541 
  48      39E00C06 
  48      9A0B91
  49 0109 87660807 		.ascii	"\207f\010\007I\2555Wg\255<\034\205?\2551\363\302\335"
  49      49AD3557 
  49      67AD3C1C 
  49      853FAD31 
  49      F3C2DD
  50 011c 99B33177 		.ascii	"\231\2631w\336\306=\366v\346\354\314\025\333\270\332"
  50      DEC63DF6 
  50      76E6ECCC 
  50      15DBB8DA 
  51 012c 3F9C83B9 		.ascii	"?\234\203\271\322/\367\216U3\223li\226\226\340\013\362"
  51      D22FF78E 
  51      5533936C 
  51      699696E0 
  51      0BF2
  52 013e 8DF93C43 		.ascii	"\215\371<CS\023\376\311`h.4\263\2742\037\012\373\003"
  52      5313FEC9 
  52      60682E34 
  52      B3BC321F 
  52      0AFB03
  53 0151 320F4746 		.ascii	"2\017GF\307\307|\341\210/8\273\350\213,\005d\034\011"
  53      C7C77CE1 
  53      882F38BB 
  53      E88B2C05 
  53      641C09
  54 0164 D00FCEC7 		.ascii	"\320\017\316\307\244\364"
  54      A4F4
  55              		.text
  56              		.section	.gnu.lto_.symbol_nodes.9526e3dd,"",%progbits
  57 0000 789C55C9 		.ascii	"x\234U\311\273\021\2030\024D\321\253\025\302m\270\024"
  57      BB118330 
  57      1444D1AB 
  57      15C26DB8 
  57      14
  58 0011 53D95340 		.ascii	"S\331S@\001.\300\177S\001!1\261k\200\031\327\341\341"
  58      012EC07F 
  58      53012131 
  58      B16B8019 
  58      D7E1E1
  59 0024 5911DAE4 		.ascii	"Y\021\332\344\314\334M\210\021\237.28\177\300\231r\007"
  59      CCDC4D88 
ARM GAS  C:\Users\CYIRKO~1\AppData\Local\Temp\cclJAiNq.s 			page 4


  59      119F2E32 
  59      387FC099 
  59      7207
  60 0036 E92E8EFE 		.ascii	"\351.\216\376\204\267,\224\007r>yx\311T\205\247,V\341"
  60      84B72C94 
  60      07723E79 
  60      78C95485 
  60      A72C56E1 
  61 004a 216BAA70 		.ascii	"!k\252p\223\245*\\e\355>D\016\014\313/DZ\346b\342[l"
  61      93A52A5C 
  61      65ED3E44 
  61      0E0CCB2F 
  61      445AE662 
  62 0061 E8D7BF91 		.ascii	"\350\327\277\221\241(f\227\015W\235,/"
  62      A1286697 
  62      0D579D2C 
  62      2F
  63              		.text
  64              		.section	.gnu.lto_.refs.9526e3dd,"",%progbits
  65 0000 789C6365 		.ascii	"x\234ce`b`c```d`bdb\000\000\000\275\000\024"
  65      60626063 
  65      60606064 
  65      60626462 
  65      000000BD 
  66              		.text
  67              		.section	.gnu.lto_.decls.9526e3dd,"",%progbits
  68 0000 789CAD56 		.ascii	"x\234\255VkPTG\026\276}{f\230\271\014\321\202\324\306"
  68      6B505447 
  68      16BE7D7B 
  68      6698B90C 
  68      D182D4C6 
  69 0014 1FD62E65 		.ascii	"\037\326.e\221\222\252M `\"V~d\343\242\250\011Q\252"
  69      9192AA4D 
  69      20602256 
  69      7E64E3A2 
  69      A80951AA 
  70 0028 B2C98FCD 		.ascii	"\262\311\217\315TM\015\314(S\005\314\354\314\260\233"
  70      544D0DCC 
  70      285305CC 
  70      ECCCB09B 
  71 0038 D4FEB904 		.ascii	"\324\376\271\004\0204\213hL\334\035K\214\006j\0055B"
  71      10348B68 
  71      4CDC1D4B 
  71      8C066A05 
  71      3542
  72 004a F0FD1E35 		.ascii	"\360\375\0365\"N@&\032y$\274\202\212kD\344\241\341!"
  72      224E4026 
  72      1A7924BC 
  72      828A6B44 
  72      E4A1E121 
  73 005e 307BBAFB 		.ascii	"0{\272\373^\357e eQ\273\267\346\334\276\247\317\327"
  73      5EEF6520 
  73      6551BBB7 
  73      E6DCBEA7 
  73      CFD7
  74 0070 DF39DDE7 		.ascii	"\3379\335\347tOk9\236\3535r\\:\346\270\012\216\343\202"
  74      744F6B39 
ARM GAS  C:\Users\CYIRKO~1\AppData\Local\Temp\cclJAiNq.s 			page 5


  74      9EEB3572 
  74      5C3AE6B8 
  74      0A8EE382 
  75 0084 F0F0D07E 		.ascii	"\360\360\320~\005\202@\0069\366\204\201\214\202\214"
  75      05824006 
  75      39F68481 
  75      8C828C
  76 0093 834C804C 		.ascii	"\203L\200Lq\014\240\001\321!\206\325#n\3323\210\330"
  76      710CA001 
  76      D12186D5 
  76      236EDA33 
  76      88D8
  77 00a5 B8F7410C 		.ascii	"\270\367A\014\360=\002\255\200\030\347\000\010F\323"
  77      F03D02AD 
  77      8018E700 
  77      0846D3
  78 00b4 B975121F 		.ascii	"\271u\022\037!\233\222\374\214s\263s\377\023\243\357"
  78      219B92FC 
  78      8C73B373 
  78      FF13A3EF 
  79 00c4 0A6A76E1 		.ascii	"\012jv\341-\030E\012H\003\352`\343\316[\317\201\372"
  79      2D18450A 
  79      4803EA60 
  79      E3CE5BCF 
  79      81FA
  80 00d6 BC80A241 		.ascii	"\274\200\242A-\251\232\372\0353\376\213\007\365\304"
  80      2DA99AFA 
  80      1D33FE8B 
  80      07F5C4
  81 00e5 D907894C 		.ascii	"\331\007\211L]\010\332\251\216A_8\303v#2V,)22\363(\321"
  81      5D08DAA9 
  81      8E415F38 
  81      C3762332 
  81      562C2932 
  82 00fd AF3697F5 		.ascii	"\2576\227\365\013\230G\304M\177\301\235\356pf[\000\352"
  82      0B9847C4 
  82      4D7FC19D 
  82      EE70665B 
  82      00EA
  83 010f F5818632 		.ascii	"\365\201\2062I\235\017j\373\246\215\273u\330@\221\035"
  83      499D0F6A 
  83      FBA68DBB 
  83      75D84091 
  83      1D
  84 0120 F5550748 		.ascii	"\365U\007H@\213\005D\226q\036tU\367\235\034\213`]\004"
  84      408B0544 
  84      96711E74 
  84      55F79D1C 
  84      8B605D04 
  85 0134 D1355699 		.ascii	"\3215V\231\022wPd\217\376\267\312\\\256\227\016U\204"
  85      12775064 
  85      8FFEB7CA 
  85      5CAE970E 
  85      5584
  86 0146 E1170888 		.ascii	"\341\027\010\210\367\372[.jP\254\360o\002\362\265<Z"
  86      F7FA5B2E 
  86      6A50ACF0 
ARM GAS  C:\Users\CYIRKO~1\AppData\Local\Temp\cclJAiNq.s 			page 6


  86      6F02F2B5 
  86      3C5A
  87 0158 BCAD4814 		.ascii	"\274\255H\024yt\014\011\350\010\302\3500\212#k\262X"
  87      79740C09 
  87      E808C2E8 
  87      308A236B 
  87      B258
  88 016a 8077B128 		.ascii	"\200w\261(~,n\315\027\015\2539T\211\026\242}h!\207\216"
  88      7E2C6ECD 
  88      170DAB39 
  88      548916A2 
  88      7D682187 
  89 017f A258E28F 		.ascii	"\242X\342\217\340P-t~\015\235\340\242\252b\333\227:"
  89      E0502D74 
  89      7E0D9DE0 
  89      A2AA62DB 
  89      973A
  90 0191 BC09511F 		.ascii	"\274\011Q\037u\347~l\325 !vV\202\223\263\020H\301\354"
  90      75E77E6C 
  90      D5202176 
  90      568293B3 
  90      1048C1EC 
  91 01a5 5F545748 		.ascii	"_TWH\2029\001\301\034W\202\201\330\330<zN\265\347\361"
  91      823901C1 
  91      1C578281 
  91      D8D83C7A 
  91      4EB5E7F1 
  92 01b9 B89F3A41 		.ascii	"\270\237:A;O?\362k\331R\351A}\270\375r#\217\207\230"
  92      3B4F3FF2 
  92      6BD952E9 
  92      417DB8FD 
  92      72238F87 
  93 01ce ADB735DF 		.ascii	"\255\2675\337\253\303\243L\331:\331&\352\260\310\326"
  93      ABC3A34C 
  93      D93AD926 
  93      EAB0C8D6 
  94 01de BBE4E1E8 		.ascii	"\273\344\341\350^\015.bJ[\376Hs\004.\241\212ac\365\211"
  94      5E0D2E62 
  94      4A5BFE48 
  94      73042EA1 
  94      8A6163F5 
  95 01f3 23461443 		.ascii	"#F\024C\236\250\230\230\330/I\354\276\026\377K\365C"
  95      9EA89898 
  95      D82F49EC 
  95      BE16FF4B 
  95      F543
  96 0205 B745F153 		.ascii	"\267E\361S#\015\312\007A\325\241(e2\207\340\305\241"
  96      230DCA07 
  96      41D5A128 
  96      653287E0 
  96      C5A1
  97 0217 0478716C 		.ascii	"\004xql\300\370\033^\321W\200)\372|(:>\004\374\363\037"
  97      C0F81B5E 
  97      D1578029 
  97      FA7C283A 
  97      3E04FCF3 
  98 022c 14F09950 		.ascii	"\024\360\231P\360iJ]\211T\334*\370\251Pxuh$?\250\320"
ARM GAS  C:\Users\CYIRKO~1\AppData\Local\Temp\cclJAiNq.s 			page 7


  98      F0694A5D 
  98      8954DC2A 
  98      F8A95078 
  98      7568243F 
  99 0242 676727A7 		.ascii	"gg'\247\350md\355\267\212\342\233\032\016\035\000\373"
  99      E86D64ED 
  99      B78AE29B 
  99      1A0E1D00 
  99      FB
 100 0253 7E6A2268 		.ascii	"~j\"hX~t\025\262u\021\305\240+ \227A.\201|\003R\017"
 100      587E7415 
 100      B27511C5 
 100      A02B2097 
 100      412E817C 
 101 026a 7201C5D0 		.ascii	"r\001\305\320\012c\376\374*\177\347f\235\271z.\376\325"
 101      0A63FEFC 
 101      2A7FE766 
 101      9DB97A2E 
 101      FED5
 102 027c 0ABA66F6 		.ascii	"\012\272f\366\27108+\215\376s\221y\242\210\010\214\223"
 102      B930382B 
 102      8DFE7391 
 102      79A28808 
 102      8C93
 103 028e CA42AAED 		.ascii	"\312B\252\355\363S\005\001\035n\2439\344+67\034\323"
 103      F3530501 
 103      1D6EA339 
 103      E42B3637 
 103      1CD3
 104 02a0 A3A8D8D9 		.ascii	"\243\250\330\331\346\204\032`*s\231\026\363\334[\257"
 104      E6841A60 
 104      2A739916 
 104      F3DC5BAF 
 105 02b0 83CD84BE 		.ascii	"\203\315\204\276\205\201~\245$I\034\324\275\274\327"
 105      85817EA5 
 105      24491CD4 
 105      BDBCD7
 106 02bf 23A5BD5E 		.ascii	"#\245\275^\324\370x\037\217\373X}\325\234)x\360\034"
 106      D4F8781F 
 106      8FFB587D 
 106      D59C2978 
 106      F01C
 107 02d1 33FA88F1 		.ascii	"3\372\210\361\223\302\322Max\230\031\207+kw\353\231"
 107      93C2D24D 
 107      61789819 
 107      872B6B77 
 107      EB99
 108 02e3 B19218EF 		.ascii	"\261\222\030\357M\326\335\327\342qf<\330x\245]:}\212"
 108      4DD6DDD7 
 108      E271663C 
 108      D878A55D 
 108      3A7D8A
 109 02f6 89F1C648 		.ascii	"\211\361\306H\240H\300y\230\032\203\367\332\312\015"
 109      A048C079 
 109      981A83F7 
 109      DACA0D
 110 0305 CC3840F4 		.ascii	"\3148@\364\315G\267\227\317\303\305\314x\243wo\201t"
ARM GAS  C:\Users\CYIRKO~1\AppData\Local\Temp\cclJAiNq.s 			page 8


 110      CD47B797 
 110      CFC3C5CC 
 110      78A3776F 
 110      8174
 111 0317 D80488BE 		.ascii	"\330\004\210\276\245\364\360\327\002.e\306\312\336]"
 111      A5F4F0D7 
 111      022E65C6 
 111      CADE5D
 112 0326 5B24E332 		.ascii	"[$\3432P\2176\236\350\324\342\035\314\326>\324\\\024"
 112      508F369E 
 112      E8D4E21D 
 112      CCD63ED4 
 112      5C14
 113 0338 8ECB9852 		.ascii	"\216\313\230R=\361\331>\035\256`J`W\231\274\323\216"
 113      3DF1D93E 
 113      1DAE604A 
 113      605799BC 
 113      D38E
 114 034a 90D3AEA4 		.ascii	"\220\323\256\244:\250g\307\333\236(\342\301\333Q#\340"
 114      3AA867C7 
 114      DB9E28E2 
 114      C1DB5123 
 114      E0
 115 035b 03141B31 		.ascii	"\003\024\0331\331\365\350|8\212\212y\372\304\306\250"
 115      D9F5E87C 
 115      388A8A79 
 115      FAC4C6A8 
 116 036b 93D109C9 		.ascii	"\223\321\011\311\350\240\331\355\2262q\0372\321\003"
 116      E8A0D9ED 
 116      9632711F 
 116      32D103
 117 037a ABDE0BF2 		.ascii	"\253\336\013\362\037\220; \267A\356\201\374\014\322"
 117      1F903B20 
 117      B741EE81 
 117      FC0CD2
 118 0389 077217E4 		.ascii	"\007r\027\344'\220[J\301\221\314\\\213\334.\212\365"
 118      27905B4A 
 118      C191CC5C 
 118      8BDC2E8A 
 118      F5
 119 039a AFD0DC7C 		.ascii	"\257\320\334|\005\271!\224O\263}p\372\366\001\374\305"
 119      05B92194 
 119      4FB37D70 
 119      FAF601FC 
 119      C5
 120 03ab B7F268C9 		.ascii	"\267\362h\311\021x{(|\332\326$\340u\012\270+\024\\\205"
 120      11787B28 
 120      7CDAD624 
 120      E0750AB8 
 120      2B145C85 
 121 03bf 42D1A90A 		.ascii	"B\321\251\012\2729\024}3\024\335\363\266\202n\015E\267"
 121      BA39147D 
 121      3314DDF3 
 121      B6826E0D 
 121      45B7
 122 03d1 CC88BB47 		.ascii	"\314\210\273G\025\367\217\241\360C3\247\271V\201_\013"
 122      15F78FA1 
ARM GAS  C:\Users\CYIRKO~1\AppData\Local\Temp\cclJAiNq.s 			page 9


 122      F04333A7 
 122      B956815F 
 122      0B
 123 03e2 8537CE88 		.ascii	"\2057\316\210\\\025\313\017\241\350\266\031\221\253"
 123      5C15CB0F 
 123      A1E8B619 
 123      91AB
 124 03f0 E6F97D28 		.ascii	"\346\371}(\372\306\314P\336Q\340\327C\341\337)\344\322"
 124      FAC6CC50 
 124      DE51E0D7 
 124      43E1DF29 
 124      E4D2
 125 0402 1EBFCAF6 		.ascii	"\036\277\312\366x\367\364=.%\273Q\225\354@(W\223\312"
 125      78F7F43D 
 125      2E25BB51 
 125      95EC4028 
 125      5793CA
 126 0415 3554E485 		.ascii	"5T\344\205\261\276\302y\270\226V$?\331~\373\265\220"
 126      B1BEC279 
 126      B8965624 
 126      3FD97EFB 
 126      B590
 127 0427 2341AE42 		.ascii	"#A\256B\364\020\212\357\177)D\026xs\023=\"\372\201\350"
 127      F4108AEF 
 127      7F294416 
 127      7873133D 
 127      22FA81E8 
 128 043b 81724474 		.ascii	"\201rDt\313GDY\267\357\2266J\362_\374k\376\2719;'\177"
 128      CB474459 
 128      B7EF9636 
 128      4AF25FFC 
 128      6BFEB939 
 129 0452 6D8F4F7F 		.ascii	"m\217O\177\216\215\233\237\376\315\242\001\3251\312"
 129      8E8D9B9F 
 129      FECDA201 
 129      D531CA
 130 0461 A14164A4 		.ascii	"\241Ad\244\027)h\001|\254\344\233\263|'\224>\334\300"
 130      17296801 
 130      7CACE49B 
 130      B37C2794 
 130      3EDCC0
 131 0474 D07C4A81 		.ascii	"\320|J\201\020{#*T\015\312\017B\264\037zyN\272\202\311"
 131      107B232A 
 131      540DCA0F 
 131      42B41F7A 
 131      794EBA82 
 132 0489 5D481E21 		.ascii	"]H\036!\351\274\244\362\022%\375I\203\221\212\221\231"
 132      E9BCA4F2 
 132      1225FD49 
 132      83918A91 
 132      99
 133 049a 9927F961 		.ascii	"\231'\371a70\366A\207\311\243\021\2578@H=@E\310\302"
 133      3730F641 
 133      87C9A311 
 133      AF384048 
 133      3D4045C8 
 134 04af 96EC4FE3 		.ascii	"\226\354O\343\343\224\311!y\251\006\275\015\275B\027"
ARM GAS  C:\Users\CYIRKO~1\AppData\Local\Temp\cclJAiNq.s 			page 10


 134      E394C921 
 134      79A906BD 
 134      0DBD4217 
 135 04bf 2C3BF4EC 		.ascii	",;\364\354y\023\321\276\201\303b\217\200\317\260S\356"
 135      7913D1BE 
 135      81C3628F 
 135      80CFB053 
 135      EE
 136 04d0 7270C437 		.ascii	"rp\3047\217\235r\274\352&\366<\273\211\215\346\335\274"
 136      8F9D72BC 
 136      EA26F63C 
 136      BB898DE6 
 136      DDBC
 137 04e2 202CD841 		.ascii	" ,\330A\257V\371\342|\036\275\377\033\364\013,\364c"
 137      AF56F9E2 
 137      7C1EBDFF 
 137      1BF40B2C 
 137      F463
 138 04f4 BAD02368 		.ascii	"\272\320#h\001\274\3235R\371\005JN\013\213\366\210{"
 138      01BCD335 
 138      52F9054A 
 138      4E0B8BF6 
 138      887B
 139 0506 BA45DFDD 		.ascii	"\272E\337\335\321\350\273\265\242\010\327\032QC`\350"
 139      D1E8BBB5 
 139      A208D71A 
 139      514360E8 
 140 0516 915221F0 		.ascii	"\221R!\360\011\357a8_\320\020\324\004\007\267\303E\344"
 140      09EF6138 
 140      5FD010D4 
 140      0407B7C3 
 140      45E4
 141 0528 2FA4B6BF 		.ascii	"/\244\266\277K\213\007XT\333j\003=\030\270\272\241\316"
 141      4B8B0758 
 141      54DB6A03 
 141      3D18B8BA 
 141      A1CE
 142 053a 8253CB76 		.ascii	"\202S\313v\326\334\026\213\005\352\020\215)Lc\204\211"
 142      D6DC168B 
 142      05EA108D 
 142      294C6384 
 142      89
 143 054b 7C8C5386 		.ascii	"|\214S\206\206\336\216\277\343\375\032Jp\350\363\246"
 143      86DE8EBF 
 143      E3FD1A4A 
 143      70E8F3A6 
 144 055b 876112C1 		.ascii	"\207a\022\301\255-\370\376\230B\360D!x\"\023LP\202&"
 144      AD2DF8FE 
 144      9842F044 
 144      21782213 
 144      4C508226 
 145 056f 7FF94404 		.ascii	"\177\371D\004\036c\014;\316\\\370\326 1\\\252\304UU"
 145      1E630C3B 
 145      CE5CF8D6 
 145      20315CAA 
 145      C45555
 146 0582 1B7D698C 		.ascii	"\033}i\214`R!\230\224\011\246(\301\350\311\317\256\010"
ARM GAS  C:\Users\CYIRKO~1\AppData\Local\Temp\cclJAiNq.s 			page 11


 146      60522198 
 146      9409A628 
 146      C1E8C9CF 
 146      AE08
 147 0594 F8B896DD 		.ascii	"\370\270\226\335q\003\007Z\215\022\301\223j|^!\010*"
 147      7103075A 
 147      8D12C193 
 147      6A7C5E21 
 147      082A
 148 05a6 04419940 		.ascii	"\004A\231@\344\011\301\376\203\336;\006<\314\010\274"
 148      E409C1FE 
 148      83DE3B06 
 148      3CCC08BC 
 149 05b6 3747FA74 		.ascii	"7G\372t\032\236U2Yf\350\273t\275\265T\363\253\011\311"
 149      1A9E5532 
 149      5966E8BB 
 149      74BDB554 
 149      F3AB09C9 
 150 05ca E749423E 		.ascii	"\347IB>\346\245\214T4M\036\327K\021\334\360\277\364"
 150      E6A58C54 
 150      344D1ED7 
 150      4B11DCF0 
 150      BFF4
 151 05dc 8F721A01 		.ascii	"\217r\032\001\200\020\334'\345\010\340\223EP@#\360\356"
 151      8010DC27 
 151      E508E093 
 151      45504023 
 151      F0EE
 152 05ee 2EADC138 		.ascii	".\255\3018OG#\370t\347\3045^\"\030\276\212\247\202\312"
 152      4F4723F8 
 152      74E7C435 
 152      5E2218BE 
 152      8AA782CA 
 153 0602 2A162A0C 		.ascii	"*\026*\014\2052\303F\312P\177\351\320/\3418\300\030"
 153      8532C346 
 153      CA507FE9 
 153      D02FE138 
 153      C018
 154 0614 3AEBEABD 		.ascii	":\353\352\275\232\027\313\305\001r\321\365/\373$\377"
 154      9A17CBC5 
 154      0172D1F5 
 154      2FFB24FF 
 155 0624 9A28EEE5 		.ascii	"\232(\356\345\351\206-b\014\252?\307\"B\204\212\371"
 155      E9862D62 
 155      0CAA3FC7 
 155      2242848A 
 155      F9
 156 0635 17C9AD7E 		.ascii	"\027\311\255~\264\245\323\250\336\343\304\251\262\307"
 156      B4A5D3A8 
 156      DEE3C4A9 
 156      B2C7
 157 0643 37F146D9 		.ascii	"7\361F\331=|\3223\341\213f\215\032O\246\251\3407\363"
 157      3D7CD233 
 157      E18B668D 
 157      1A4FA6A9 
 157      E037F3
 158 0656 EC4C20AD 		.ascii	"\354L \255.\355\255\025\026\217EcY\357\312\322\257Z"
ARM GAS  C:\Users\CYIRKO~1\AppData\Local\Temp\cclJAiNq.s 			page 12


 158      2EEDAD15 
 158      168F4563 
 158      59EFCAD2 
 158      AF5A
 159 0668 FB5E7472 		.ascii	"\373^trB\002'\230\315\271\366\034\317\222D\263g\275"
 159      42022798 
 159      CDB9F61C 
 159      CF9244B3 
 159      67BD
 160 067a ED755346 		.ascii	"\355uSF\246=\335\356\366\344Z\355\016\223\307\341\310"
 160      A63DDDEE 
 160      F6E45AED 
 160      0E93C7E1 
 160      C8
 161 068b 729B36E4 		.ascii	"r\2336\344\344F\323\257h\213+;\332\226\235n\263ZmV\323"
 161      E446D3AF 
 161      688B2B3B 
 161      DA969D6E 
 161      B35A6D56 
 162 06a0 D2B825D1 		.ascii	"\322\270%\321\211\257$$\375%\301\004\375/\3478rl/\333"
 162      89AF2424 
 162      FD25C104 
 162      FD2FE738 
 162      726C2FDB 
 163 06b4 2CE97693 		.ascii	",\351v\223='#+\327j3e[\200+\307f2[m\353-\271Y\036\263"
 163      3D27232B 
 163      D76A3365 
 163      5B802BC7 
 163      66325B6D 
 164 06ce E723A7CD 		.ascii	"\347#\247\315\035\227\311\351e\177\037\374_\375\271"
 164      1D97C9E9 
 164      657F1FFC 
 164      5FFDB9
 165 06dd 3F729BCC 		.ascii	"?r\233\314n\217\025\310\301\011vX]Zg\256\323\352\012"
 165      6E8F15C8 
 165      C1097658 
 165      5D5A67AE 
 165      D3EA0A
 166 06f0 73B89D36 		.ascii	"s\270\2356\233\325\245s\220\000\\\332l\207\325\346\""
 166      9BD5A573 
 166      90005CDA 
 166      6C87D5E6 
 166      22
 167 0701 6B9099B2 		.ascii	"k\220\231\262\362uS2\361\377.\363Ocq\270\023\222\226"
 167      F2755332 
 167      F1FF2EF3 
 167      4F6371B8 
 167      139296
 168 0714 C63BDCF1 		.ascii	"\306;\334\361\231\226\254x\247\303\345q\307\277\373"
 168      9996AC78 
 168      A7C3E571 
 168      C7BFFB
 169 0723 A7779624 		.ascii	"\247w\226$\306\247\246\256\210_\225\266f\335_\023\211"
 169      C6A7A6AE 
 169      885F95B6 
 169      66DD5F13 
 169      89
ARM GAS  C:\Users\CYIRKO~1\AppData\Local\Temp\cclJAiNq.s 			page 13


 170 0734 C9EC04C9 		.ascii	"\311\354\004\311\312\262\202\253H\267'\033\246\263\301"
 170      CAB282AB 
 170      48B7271B 
 170      A6B3C1
 171 0743 697798DD 		.ascii	"iw\230\3356O\256\323\354\321\245\255!+\255K[\315\232"
 171      364FAED3 
 171      ECD1A5AD 
 171      212BAD4B 
 171      5BCD9A
 172 0756 55AC4961 		.ascii	"U\254Ia\315J\326\254`M2k\376\310\232\345\254y\2334\206"
 172      CD4AD6AC 
 172      604D326B 
 172      FEC89AE5 
 172      AC799B34 
 173 076b B4E5A9C9 		.ascii	"\264\345\251\311\216\234\365\366\015a\340qM\216\335"
 173      8E9CF5F6 
 173      0D61E071 
 173      4D8EDD
 174 077a F3FB6746 		.ascii	"\363\373gF\354ve\2206.\203\323\271=dH\3423\207H\013"
 174      EC766590 
 174      362E83D3 
 174      B93D6448 
 174      E2338748 
 175 078f 4867E526 		.ascii	"Hg\345&kgHwX\\V2x\3053\007S(Y\"\363\332\367\222SW\256"
 175      6B674877 
 175      585C5632 
 175      78C53307 
 175      53285922 
 176 07aa 4B78F555 		.ascii	"Kx\365UsJ\322\322\244?\257a&\240\323\271)\327\322\271"
 176      734AD2D2 
 176      A43FAF61 
 176      26A0D3B9 
 176      29D7D2B9 
 177 07be 056273D9 		.ascii	"\005bs\331a\032\231\\\230\363o\331d\370\2229\015\207"
 177      611A995C 
 177      98F36FD9 
 177      64F89239 
 177      0D87
 178 07d0 41303642 		.ascii	"A06B\316\222\331\016\014\306L\225\262|N\271\247\357"
 178      CE92D90E 
 178      0CC64C95 
 178      B27C4EB9 
 178      A7EF
 179 07e2 94A40F3F 		.ascii	"\224\244\017?\214\317T\322N\270\345\332\316\240i\372"
 179      8CCF54D2 
 179      4EB8E5DA 
 179      CEA069FA 
 180 07f2 2F4A78D5 		.ascii	"/Jx\325\005"
 180      05
 181              		.text
 182              		.section	.gnu.lto_.symtab.9526e3dd,"",%progbits
 183 0000 68616C49 		.ascii	"halInit\000"
 183      6E697400 
 184 0008 00       		.ascii	"\000"
 185 0009 00       		.ascii	"\000"
 186 000a 00       		.ascii	"\000"
 187 000b 00000000 		.ascii	"\000\000\000\000\000\000\000\000"
ARM GAS  C:\Users\CYIRKO~1\AppData\Local\Temp\cclJAiNq.s 			page 14


 187      00000000 
 188 0013 F8000000 		.ascii	"\370\000\000\000"
 189 0017 70616C5F 		.ascii	"pal_default_config\000"
 189      64656661 
 189      756C745F 
 189      636F6E66 
 189      696700
 190 002a 00       		.ascii	"\000"
 191 002b 02       		.ascii	"\002"
 192 002c 00       		.ascii	"\000"
 193 002d 00000000 		.ascii	"\000\000\000\000\000\000\000\000"
 193      00000000 
 194 0035 08010000 		.ascii	"\010\001\000\000"
 195 0039 7374496E 		.ascii	"stInit\000"
 195      697400
 196 0040 00       		.ascii	"\000"
 197 0041 02       		.ascii	"\002"
 198 0042 00       		.ascii	"\000"
 199 0043 00000000 		.ascii	"\000\000\000\000\000\000\000\000"
 199      00000000 
 200 004b FA000000 		.ascii	"\372\000\000\000"
 201 004f 626F6172 		.ascii	"boardInit\000"
 201      64496E69 
 201      7400
 202 0059 00       		.ascii	"\000"
 203 005a 02       		.ascii	"\002"
 204 005b 00       		.ascii	"\000"
 205 005c 00000000 		.ascii	"\000\000\000\000\000\000\000\000"
 205      00000000 
 206 0064 FC000000 		.ascii	"\374\000\000\000"
 207 0068 7364496E 		.ascii	"sdInit\000"
 207      697400
 208 006f 00       		.ascii	"\000"
 209 0070 02       		.ascii	"\002"
 210 0071 00       		.ascii	"\000"
 211 0072 00000000 		.ascii	"\000\000\000\000\000\000\000\000"
 211      00000000 
 212 007a FE000000 		.ascii	"\376\000\000\000"
 213 007e 70776D49 		.ascii	"pwmInit\000"
 213      6E697400 
 214 0086 00       		.ascii	"\000"
 215 0087 02       		.ascii	"\002"
 216 0088 00       		.ascii	"\000"
 217 0089 00000000 		.ascii	"\000\000\000\000\000\000\000\000"
 217      00000000 
 218 0091 00010000 		.ascii	"\000\001\000\000"
 219 0095 5F70616C 		.ascii	"_pal_lld_init\000"
 219      5F6C6C64 
 219      5F696E69 
 219      7400
 220 00a3 00       		.ascii	"\000"
 221 00a4 02       		.ascii	"\002"
 222 00a5 00       		.ascii	"\000"
 223 00a6 00000000 		.ascii	"\000\000\000\000\000\000\000\000"
 223      00000000 
 224 00ae 04010000 		.ascii	"\004\001\000\000"
 225 00b2 68616C5F 		.ascii	"hal_lld_init\000"
ARM GAS  C:\Users\CYIRKO~1\AppData\Local\Temp\cclJAiNq.s 			page 15


 225      6C6C645F 
 225      696E6974 
 225      00
 226 00bf 00       		.ascii	"\000"
 227 00c0 02       		.ascii	"\002"
 228 00c1 00       		.ascii	"\000"
 229 00c2 00000000 		.ascii	"\000\000\000\000\000\000\000\000"
 229      00000000 
 230 00ca 06010000 		.ascii	"\006\001\000\000"
 231              		.text
 232              		.section	.gnu.lto_.opts,"",%progbits
 233 0000 272D666D 		.ascii	"'-fmath-errno' '-fsigned-zeros' '-ftrapping-math' '"
 233      6174682D 
 233      6572726E 
 233      6F272027 
 233      2D667369 
 234 0033 2D666E6F 		.ascii	"-fno-trapv' '-fno-openmp' '-fno-openacc' '-mcpu=cor"
 234      2D747261 
 234      70762720 
 234      272D666E 
 234      6F2D6F70 
 235 0066 7465782D 		.ascii	"tex-m7' '-mno-thumb-interwork' '-mthumb' '-ggdb' '-"
 235      6D372720 
 235      272D6D6E 
 235      6F2D7468 
 235      756D622D 
 236 0099 4F322720 		.ascii	"O2' '-fomit-frame-pointer' '-falign-functions=16' '"
 236      272D666F 
 236      6D69742D 
 236      6672616D 
 236      652D706F 
 237 00cc 2D666675 		.ascii	"-ffunction-sections' '-fdata-sections' '-fno-common"
 237      6E637469 
 237      6F6E2D73 
 237      65637469 
 237      6F6E7327 
 238 00ff 2720272D 		.ascii	"' '-flto'\000"
 238      666C746F 
 238      2700
 239              		.text
 240              		.comm	__gnu_lto_v1,1,1
 241              		.comm	__gnu_lto_slim,1,1
 242              		.ident	"GCC: (GNU Tools for ARM Embedded Processors 6-2017-q1-update) 6.3.1 20170215 (release) [AR
ARM GAS  C:\Users\CYIRKO~1\AppData\Local\Temp\cclJAiNq.s 			page 16


DEFINED SYMBOLS
                            *ABS*:00000000 hal.c
                            *COM*:00000001 __gnu_lto_v1
                            *COM*:00000001 __gnu_lto_slim

NO UNDEFINED SYMBOLS
