ARM GAS  C:\Users\CYIRKO~1\AppData\Local\Temp\ccfWLFZr.s 			page 1


   1              		.cpu cortex-m7
   2              		.eabi_attribute 20, 1
   3              		.eabi_attribute 21, 1
   4              		.eabi_attribute 23, 3
   5              		.eabi_attribute 24, 1
   6              		.eabi_attribute 25, 1
   7              		.eabi_attribute 26, 1
   8              		.eabi_attribute 30, 2
   9              		.eabi_attribute 34, 1
  10              		.eabi_attribute 18, 4
  11              		.file	"hal_st.c"
  12              		.text
  13              	.Ltext0:
  14              		.section	.gnu.lto_.profile.9526ec87,"",%progbits
  15 0000 789C6365 		.ascii	"x\234ce`b`a```d\220\342\001\000\000\300\0003"
  15      60626061 
  15      60606064 
  15      90E20100 
  15      00C00033 
  16              		.text
  17              		.section	.gnu.lto_.icf.9526ec87,"",%progbits
  18 0000 789C6365 		.ascii	"x\234ce`bP`@\000V\206\205??\354\345a|\177c\371J\026"
  18      60625060 
  18      40005686 
  18      853F3FEC 
  18      E5617C7F 
  19 0018 A67D171E 		.ascii	"\246}\027\036\254ga~\177\256\367/;\313\211\217\213\026"
  19      AC67617E 
  19      7FAEF72F 
  19      3BCB898F 
  19      8B16
  20 002a F0320000 		.ascii	"\3602\000\000\0217\020\034"
  20      1137101C 
  21              		.text
  22              		.section	.gnu.lto_.jmpfuncs.9526ec87,"",%progbits
  23 0000 789C6365 		.ascii	"x\234ce`b\020c@\000V\020\301\010\004\365L\014\014\314"
  23      60621063 
  23      40005610 
  23      C10804F5 
  23      4C0C0CCC 
  24 0014 209A0528 		.ascii	" \232\005(\000\000\016\012\0011"
  24      00000E0A 
  24      0131
  25              		.text
  26              		.section	.gnu.lto_.inline.9526ec87,"",%progbits
  27 0000 789C6365 		.ascii	"x\234ce`b\310g@\000V\006\006\026\036F\240 \003\003\333"
  27      6062C867 
  27      40005606 
  27      06161E46 
  27      A0200303 
  28 0015 027910C5 		.ascii	"\002y\020\305\300\310\005\"\030\330X\031\031\031\004"
  28      C0C80522 
  28      18D85819 
  28      191904
  29 0024 18191898 		.ascii	"\030\031\030\230\330>\350\301%\231\030X\230\201\312"
  29      D83EE8C1 
  29      25991858 
ARM GAS  C:\Users\CYIRKO~1\AppData\Local\Temp\ccfWLFZr.s 			page 2


  29      9881CA
  30 0033 992EF0C3 		.ascii	"\231.\360\303\205\230ABP\245\310\342,\230J\031\000\312"
  30      85984142 
  30      50A5C8E2 
  30      2C984A19 
  30      00CA
  31 0045 39089E   		.ascii	"9\010\236"
  32              		.text
  33              		.section	.gnu.lto_.pureconst.9526ec87,"",%progbits
  34 0000 789C6365 		.ascii	"x\234ce`b\340f```e\220`\224b\222b\226b\221\002\000\004"
  34      6062E066 
  34      60606065 
  34      90609462 
  34      92629662 
  35 0018 1000A2   		.ascii	"\020\000\242"
  36              		.text
  37              		.section	.gnu.lto_stInit.9526ec87,"",%progbits
  38 0000 789C6365 		.ascii	"x\234ce`bX\314\300\300`\000\304\322@\314\310\314\300"
  38      606258CC 
  38      C0C06000 
  38      C4D240CC 
  38      C8CCC0
  39 0013 C834E11C 		.ascii	"\3104\341\034\003C#\007\023##\210\321\300\301\310P\317"
  39      03432307 
  39      13232388 
  39      D1C0C1C8 
  39      50CF
  40 0025 C458CFD8 		.ascii	"\304X\317\330\317<\235\231\361P\373\263\235L\232\313"
  40      CF3C9D99 
  40      F150FBB3 
  40      9D4C9ACB 
  41 0035 1B80E0C0 		.ascii	"\033\200\340\300\364\037\222\015+\0160\316gf`\230\011"
  41      F41F920D 
  41      2B0E30CE 
  41      67666098 
  41      09
  42 0046 C420C0B8 		.ascii	"\304 \300\270\234Q\223\001\250\354\321\306\177Sy\331"
  42      9C519301 
  42      A8ECD1C6 
  42      7F5379D9 
  43 0056 5820E28C 		.ascii	"X \342\214+\030\331\030\201\364\372K\214\007\032\376"
  43      2B18D918 
  43      81F4FA4B 
  43      8C071AFE 
  44 0066 FD6F6F38 		.ascii	"\375oo8pg\021\343\177V\240T\027\020\203\354\350ff\002"
  44      706711E3 
  44      7F56A054 
  44      171083EC 
  44      E8666602 
  45 007a D1CCAF19 		.ascii	"\321\314\257\031\233\027\374\226\006\251\007\031\262"
  45      9B17FC96 
  45      06A90719 
  45      B2
  46 0087 73E79BDB 		.ascii	"s\347\233\333\354\365\177\0338\34633\316d\006\232\300"
  46      ECF57F1B 
  46      38E63333 
  46      CE64069A 
ARM GAS  C:\Users\CYIRKO~1\AppData\Local\Temp\ccfWLFZr.s 			page 3


  46      C0
  47 0098 B892B19E 		.ascii	"\270\222\261\236a>P\355[\306\246\005\377\271\301\352"
  47      613E50ED 
  47      5BC6A605 
  47      FFB9C1EA 
  48 00a8 40A00B28 		.ascii	"@\240\013(\011\324\316\304\300\240\347j\025\343\234"
  48      09D4CEC4 
  48      C0A0E76A 
  48      15E39C
  49 00b7 91999419 		.ascii	"\221\231\224\031\\R\232\222\231\037\223\014b\347\027"
  49      5C529A92 
  49      991F930C 
  49      62E717
  50 00c6 1B9A9BE9 		.ascii	"\033\232\233\351\347\027\353g$\346\350\027\027%\203"
  50      E717EB67 
  50      24E6E817 
  50      172583
  51 00d5 E8F8E212 		.ascii	"\350\370\342\022\275d\006\000)uH\002"
  51      BD640600 
  51      29754802 
  52              		.text
  53              		.section	.gnu.lto_stStartAlarm.9526ec87,"",%progbits
  54 0000 789C9D52 		.ascii	"x\234\235RMh\023A\024\236o'\335\015\361\247\036<\010"
  54      4D681341 
  54      149E6F27 
  54      DD0DF1A7 
  54      1E3C08
  55 0013 E6204229 		.ascii	"\346 B)\365\220%\012\376]\255\202\320\236\332c\241\264"
  55      F590250A 
  55      FE5DAD82 
  55      D09EDA63 
  55      A1B4
  56 0025 A9904024 		.ascii	"\251\220@$\322D\217v\033\033\203\251\177\227&\315!n"
  56      D2448F76 
  56      1B1B83A9 
  56      7F9726CD 
  56      216E
  57 0037 314ADA68 		.ascii	"1J\332h\232\246\376\265Za\011\212\027M\245=x\320\202"
  57      9AA6FEB5 
  57      5A61098A 
  57      174DA53D 
  57      78D082
  58 004a 082D0A15 		.ascii	"\010-\012\025K\015\026\021\022\337L\242\324\223\342"
  58      4B0D1611 
  58      12DF4CA2 
  58      D493E2
  59 0059 C0EC9BF7 		.ascii	"\300\354\233\367\366{\337\373\336\314k`\012+)\214\205"
  59      F67BDFFB 
  59      DECC6B60 
  59      0A2B298C 
  59      85
  60 006a 1963BB69 		.ascii	"\031c\273i\2033(\327K\214\015\332\025@\034\014;\330"
  60      833328D7 
  60      4B8C0DDA 
  60      15401C0C 
  60      3BD8
  61 007c 8082015C 		.ascii	"\200\202\001\\\343\011\216bteVi\311\030\264\254\304"
ARM GAS  C:\Users\CYIRKO~1\AppData\Local\Temp\ccfWLFZr.s 			page 4


  61      E3098E62 
  61      74655669 
  61      C918B4AC 
  61      C4
  62 008d 8C7AD188 		.ascii	"\214z\321\210\35429cI\332b!\203\026B=\257nX\215W\271"
  62      EC323963 
  62      49DA6221 
  62      8316423D 
  62      AF6E588D 
  63 00a3 C90185DC 		.ascii	"\311\001\205\334\205\265\227\251-\302U\260\203\334\037"
  63      85B597A9 
  63      2DC255B0 
  63      83DC1F
  64 00b2 D9A9778D 		.ascii	"\331\251w\215\334\015F\347\365\033\326\336\346\333\206"
  64      DC0D46E7 
  64      F51BD6DE 
  64      E6DB86
  65 00c1 1136ACD5 		.ascii	"\0216\254\325\013\334\330ir\216,8\361a\002N\214\303"
  65      0BDCD869 
  65      728E2C38 
  65      F161024E 
  65      8CC3
  66 00d3 C928C470 		.ascii	"\311(\304p\007\315\002\376\241P\031\331\246\332\322"
  66      07CD02FE 
  66      A15019D9 
  66      A6DAD2
  67 00e2 BF4AE22E 		.ascii	"\277J\342.T\220\315/\3002*\325\250a\225oa\361\204F\332"
  67      5490CD2F 
  67      C0322AD5 
  67      A861956F 
  67      61F18446 
  68 00f7 298353AE 		.ascii	")\203S\256\215\261\030!E'\303\\\021\226/C\021\\\227"
  68      8DB11821 
  68      4527C35C 
  68      11962F43 
  68      115C97
  69 010a ACD83307 		.ascii	"\254\3303\007?\"e\274y\233J8\232\322R\307Jr\353\250"
  69      3F2265BC 
  69      799B4A38 
  69      9AD252C7 
  69      4A72EBA8 
  70 011e 6185F708 		.ascii	"a\205\367\010)\271?\245\310\026'\321\224\"\246O\010"
  70      29B93FA5 
  70      C81627D1 
  70      9422A64F 
  70      08
  71 012f AF47BFCC 		.ascii	"\257G\277\314/\335\324~\353\032\252]\313k\225\013\220"
  71      2FDDD47E 
  71      EB1AAA5D 
  71      CB6B950B 
  71      90
  72 0140 1497E4D8 		.ascii	"\024\227\344\330\244\233!\017\225(\246\240\2468\257"
  72      A49B210F 
  72      9528A6A0 
  72      A638AF
  73 014f B114E3DF 		.ascii	"\261\024\343\337+\253#\207E\214\200\361Hq^\023W\325"
  73      2BAB2387 
ARM GAS  C:\Users\CYIRKO~1\AppData\Local\Temp\ccfWLFZr.s 			page 5


  73      458C80F1 
  73      48715E13 
  73      57D5
  74 0161 20F34AB9 		.ascii	" \363J\271\2155G\315\025\3346\012\245'\277\275\260\233"
  74      8D3547CD 
  74      15DC360A 
  74      A527BFBD 
  74      B09B
  75 0173 48C1E42A 		.ascii	"H\301\344*\246IXA\010\243\037\331W\345\257\232\2363"
  75      A6495841 
  75      08A31FD9 
  75      57E5AF9A 
  75      9E33
  76 0185 86068DB1 		.ascii	"\206\006\215\261\363&\327p\017&F\251wY\224\000\325x"
  76      F326D770 
  76      0F2646A9 
  76      77599400 
  76      D578
  77 0197 614975E7 		.ascii	"aIu\347%`\232\322\355\270\017\035\373\234u\004\036\300"
  77      25609AD2 
  77      EDB80F1D 
  77      FB9C7504 
  77      1EC0
  78 01a9 4DAA84A4 		.ascii	"M\252\204\244\362\307\271\310\366\272\242\177\255g\307"
  78      F2C7B9C8 
  78      F6BAA27F 
  78      AD67C7
  79 01b8 43590F75 		.ascii	"CY\017u\266G\3207\367CS\204\031\312\224\354O\377\203"
  79      B647D037 
  79      F7435384 
  79      19CA94EC 
  79      4FFF83
  80 01cb 7D56B22B 		.ascii	"}V\262+u\366\307\222}\316\274<\341\250\261+xB\231\313"
  80      75F6C792 
  80      7DCEBC3C 
  80      E1A8B12B 
  80      784299CB 
  81 01df 08BF1F1E 		.ascii	"\010\277\037\036\367\310\261\020O\300>#<\226\271\002"
  81      F7C8B110 
  81      4FC03E23 
  81      3C96B902 
  82 01ef 1190AF17 		.ascii	"\021\220\257\027#}4\0034\361\256\343G\273\216y}\275"
  82      237D3403 
  82      34F1AEE3 
  82      47BB8E79 
  82      7DBD
  83 0201 BE8ED0D9 		.ascii	"\276\216\320\331>_\240\313#\316\201\240\373\320A=\020"
  83      3E5FA0CB 
  83      23CE81A0 
  83      FBD0413D 
  83      10
  84 0212 D4BD3D7E 		.ascii	"\324\275=~=\330\357\021\266;\030ry\230\326\323\033\014"
  84      3DD8EF11 
  84      B63B1872 
  84      7998D6D3 
  84      1B0C
  85 0224 F94E9FB2 		.ascii	"\371N\237\262\211O\353_s\317\004\372CA\275\243\263\375"
ARM GAS  C:\Users\CYIRKO~1\AppData\Local\Temp\ccfWLFZr.s 			page 6


  85      894FEB5F 
  85      73CF04FA 
  85      4341BDA3 
  85      B3FD
  86 0236 C07EBDAD 		.ascii	"\300~\275\255\255U\357<\331~\316]g\353\366\373\373\\"
  86      AD55EF3C 
  86      D97ECE5D 
  86      67EBF6FB 
  86      FB5C
  87 0248 5EF61375 		.ascii	"^\366\023u\355\024\325"
  87      ED14D5
  88              		.text
  89              		.section	.gnu.lto_stStopAlarm.9526ec87,"",%progbits
  90 0000 789C8550 		.ascii	"x\234\205P\277KBQ\024>\337\273\366\224\240\275\310\255"
  90      BF4B4251 
  90      143EDFBB 
  90      F694A0BD 
  90      C8AD
  91 0012 C9E53D2C 		.ascii	"\311\345=,(h\315\202@'\035\005)\035\024\004\303\247"
  91      2868CD82 
  91      40271D05 
  91      291D1404 
  91      C3A7
  92 0024 AD3E4313 		.ascii	"\255>C\023\024\252%\315!\336\340`Y*\215A\201H\320\224"
  92      14AA25CD 
  92      21DEE060 
  92      592A8D41 
  92      8148D094 
  93 0038 417F8134 		.ascii	"A\177\2014\004\016A\244\224\020X\367>#\334:p8\277\276"
  93      040E41A4 
  93      941058F7 
  93      3E23DC3A 
  93      7038BFBE 
  94 004c F37DE7DE 		.ascii	"\363}\347\336)\222H\001Q\222\210\346\271\203\021\244"
  94      29924801 
  94      519288E6 
  94      B98311A4 
  95 005c A30E51DA 		.ascii	"\243\016Q\332&\001\"\321m\240\224\204\024\016Y\211\241"
  95      260122D1 
  95      6DA09484 
  95      140E5989 
  95      A1
  96 006d 9D7BB996 		.ascii	"\235{\271\226\034U\235[\2534\220\367\365\354\254\301"
  96      1C559D5B 
  96      AB3490F7 
  96      F5ECACC1 
  97 007d 88CADC85 		.ascii	"\210\312\334\205\241\012\007q\330\363\325\350xF\266"
  97      A10A0771 
  97      D8F3D5E8 
  97      7846B6
  98 008c 8CFB3883 		.ascii	"\214\3738\203\314%\250\371\204\226>\372\316\351\255"
  98      CC25A8F9 
  98      84963EFA 
  98      CEE9AD
  99 009b BB0ABE36 		.ascii	"\273\012\2766\370(\317]h\024\230$\"\353\241=\030\366"
  99      F828CF5D 
  99      68149824 
ARM GAS  C:\Users\CYIRKO~1\AppData\Local\Temp\ccfWLFZr.s 			page 7


  99      22EBA13D 
  99      18F6
 100 00ad 6E8ACA1F 		.ascii	"n\212\312\037Ef\2544\224\231ISf\230\244\3079d\316_\203"
 100      4566AC34 
 100      94994953 
 100      6698A4C7 
 100      3964CE5F 
 101 00c2 CC9BC56C 		.ascii	"\314\233\305l\373\321z\300\014\006\023\323\251\177\276"
 101      FBD17AC0 
 101      0C0613D3 
 101      A97FBE
 102 00d1 4D8F4BC1 		.ascii	"M\217K\301a\341\255J\343\343\336f\340\024\006\223p\011"
 102      61E1AD4A 
 102      E3E3DE66 
 102      E0140693 
 102      7009
 103 00e3 3B2E6027 		.ascii	";.`'\201\255=\014\372V\265\256g\322z\267\332\237{\347"
 103      81AD3D0C 
 103      FA56B5AE 
 103      67D27AB7 
 103      DA9F7BE7 
 104 00f7 5B0C7518 		.ascii	"[\014u\0308\341\007\232\"h@\235\324\340w\240\311\267"
 104      38E1079A 
 104      2268409D 
 104      D4E077A0 
 104      C9B7
 105 0109 5FB1D72D 		.ascii	"_\261\327-\334.\210\333\314\017\310\363\001\177\211"
 105      DC2E88DB 
 105      CC0FC8F3 
 105      017F89
 106 0118 44A4ACAF 		.ascii	"D\244\254\257\372\327\302\221\355\2107\221\014Eb\376"
 106      FAD7C291 
 106      ED883791 
 106      0C4562FE 
 107 0128 A0C8639A 		.ascii	"\240\310c\232seY\215ijx+\252j\361\240\210\001-\241\004"
 107      7365598D 
 107      696A782B 
 107      AA6AF1A0 
 107      88012DA1 
 108 013d C9F52F7C 		.ascii	"\311\365/|'\026Oh\252\327\347YZT\335n\227\352\333\364"
 108      27164F68 
 108      AAD7E759 
 108      5A54DD6E 
 108      97EADBF4 
 109 0151 EC3A7F09 		.ascii	"\354:\177\011\002\321hH\011\323\017\206\007\216\322"
 109      02D16848 
 109      09D30F86 
 109      078ED2
 110              		.text
 111              		.section	.gnu.lto_stSetAlarm.9526ec87,"",%progbits
 112 0000 789C8552 		.ascii	"x\234\205RMh\023A\024~\337N\262\033\242R\021\017\202"
 112      4D681341 
 112      147EDF4E 
 112      B21BA252 
 112      110F82
 113 0013 3988504A 		.ascii	"9\210PJ=d\211\202\177W+\"\264\247\366X(m*$\020\2114"
 113      3D648982 
ARM GAS  C:\Users\CYIRKO~1\AppData\Local\Temp\ccfWLFZr.s 			page 8


 113      7F572B22 
 113      B4A7F658 
 113      286D2A24 
 114 002a D1633B5D 		.ascii	"\321c;][\203-T/&\355a\335b\224jl\232\244*(^\226\340"
 114      5B832D54 
 114      2F26ED61 
 114      DD62946A 
 114      6C9AA42A 
 115 0042 CF455BE8 		.ascii	"\317E[\350\305\203\021D\254\340A,\365'\210\220\370f"
 115      C5831144 
 115      ACE0412C 
 115      F5278890 
 115      F866
 116 0054 53454F0E 		.ascii	"SEO\016\314\274\237\371\3367\337{\214\2374\332\245\021"
 116      CCBC9FF9 
 116      DE37DF7B 
 116      8C9F34DA 
 116      A511
 117 0066 5944B497 		.ascii	"YD\264\2277\004A\273\272B4\036\320\000\345\310\000h"
 117      370441BB 
 117      BA42341E 
 117      D000E5C8 
 117      0068
 118 0078 4CC318AE 		.ascii	"L\303\030\256\210\234@5\363\341\221\326\271 y\271\271"
 118      889C4035 
 118      F3E191D6 
 118      B92079B9 
 118      B9
 119 0089 B271494E 		.ascii	"\262qIN\356q\004\321\034o\265\260\200NF=m\326\335\266"
 119      EE7104D1 
 119      1C6FB5B0 
 119      804E463D 
 119      6DD6DDB6 
 120 009d 19E10840 		.ascii	"\031\341\010@\343pm\343\205\275M\205\032vr\370\263P"
 120      E3706DE3 
 120      85BD4D85 
 120      1A7672F8 
 120      B350
 121 00af AEB58908 		.ascii	"\256\265\211\010\210\375\315\353\356\376\216[RZ\322"
 121      88FDCDEB 
 121      EEFE8E5B 
 121      525AD2
 122 00be AD5D1472 		.ascii	"\255]\024r\267#\004\012\020\314\207;\010\3416B\304)"
 122      B723040A 
 122      10CC873B 
 122      08E13642 
 122      C429
 123 00d0 C25D7428 		.ascii	"\302]t(\370\273J\343\332\016\335\227\377\375$\026\241"
 123      F8BB4AE3 
 123      DA0EDD97 
 123      FFFD2416 
 123      A1
 124 00e1 836D690D 		.ascii	"\203mi\015\256l43\322}\177\023\217O\371Y;W\010\256\365"
 124      AE6C3433 
 124      D27D7F13 
 124      8F4FF959 
 124      3B5708AE 
ARM GAS  C:\Users\CYIRKO~1\AppData\Local\Temp\ccfWLFZr.s 			page 9


 125 00f6 114D3152 		.ascii	"\021M1Ru2-4e\305:4\305u\331\235z\022\024\307<\031\257"
 125      75322D34 
 125      65C53A34 
 125      C575D99D 
 125      7A1214C7 
 126 010d 5EDBB960 		.ascii	"^\333\271`{\336\323\361\314\336>+]k\237\222R\374W\212"
 126      7BDED3F1 
 126      CCDE3E2B 
 126      5D6B9F92 
 126      52FC578A 
 127 0121 D7E212DA 		.ascii	"\327\342\022\332mf\372\010k3\363y\365\333\015\343\217"
 127      6D66FA08 
 127      6B33F379 
 127      F5DB0DE3 
 127      8F
 128 0132 AE89D658 		.ascii	"\256\211\326X\036\032B\201<qs\002\177\351&\224\2403"
 128      1E1A4281 
 128      3C717302 
 128      7FE92694 
 128      A033
 129 0144 4519BA2D 		.ascii	"E\031\272-D\213\245\232\375\321X\314\035U9\006f'\253"
 129      448BA59A 
 129      FDD158CC 
 129      1D553906 
 129      6627AB
 130 0157 AB861A95 		.ascii	"\253\206\032\225\337\253[)\3267\202\255Pq\3738\225_"
 130      DFAB5B29 
 130      D63782AD 
 130      5071FB38 
 130      955F
 131 0169 FAFE3CE0 		.ascii	"\372\376<\340\300\206#t,\263\260\212\022\306\027\205"
 131      C0862374 
 131      2CB3B08A 
 131      12C61785 
 132 0179 975FBF18 		.ascii	"\227_\277\030fQN\214\313\371QG\030\270\007\007\263\334"
 132      66514E8C 
 132      CBF95147 
 132      18B80707 
 132      B3DC
 133 018b BBF72803 		.ascii	"\273\367(\003\232\331\312\033=R\362\000\313\\\036\300"
 133      9AD9CA1B 
 133      3D52F200 
 133      CB5C1EC0 
 134 019b 7D983810 		.ascii	"}\2308\020\332B\340\001\"\254\212\326a\275\235\256E"
 134      DA42E001 
 134      22AC8AD6 
 134      61BD9DAE 
 134      45
 135 01ac BDD1AA36 		.ascii	"\275\321\2526\350\023\254\371\372\014T\302\233\300\024"
 135      E813ACF9 
 135      FA0C54C2 
 135      9BC014
 136 01bb F7C473E4 		.ascii	"\367\304s\344_\023>y\274\377D,>\024\357M\237\037\216"
 136      5F133E79 
 136      BCFF442C 
 136      3E14EF4D 
 136      9F1F8E
ARM GAS  C:\Users\CYIRKO~1\AppData\Local\Temp\ccfWLFZr.s 			page 10


 137 01ce 27FBA3CA 		.ascii	"'\373\243\312O\246\"G\016\233\311\224\031\033L\230\251"
 137      4FA62247 
 137      0E9BC994 
 137      191B4C98 
 137      A9
 138 01df 91A8B203 		.ascii	"\221\250\262\003\251t8J\306\340P*\035?{\306\247\216"
 138      A974384A 
 138      C6E0502A 
 138      1D3F7BC6 
 138      A78E
 139 01f1 AEFFD69E 		.ascii	"\256\377\326\236K\216\244Sfo_\317\241\203fww\227\331"
 139      4B8EA453 
 139      666F5FCF 
 139      A1836677 
 139      7797D9
 140 0204 77BAE742 		.ascii	"w\272\347Bd\213m \221\030\016\307\350\027K\002\327@"
 140      648B6D20 
 140      91180EC7 
 140      E8174B02 
 140      D740
 141              		.text
 142              		.section	.gnu.lto_stGetAlarm.9526ec87,"",%progbits
 143 0000 789C8590 		.ascii	"x\234\205\220MH\033Q\024\205\357\231\233\314\214\212"
 143      4D481B51 
 143      1485EF99 
 143      9BCC8C8A 
 144 0010 B46B0DB8 		.ascii	"\264k\015\270\326E\206(X\350\266\026\021\324\215.\005"
 144      D6458628 
 144      58E8B616 
 144      11D48D2E 
 144      05
 145 0021 B1719140 		.ascii	"\261q\221@ \305\211\335\372\014Zi\013*\202F\2210B\204"
 145      20C589DD 
 145      FA0C5A69 
 145      0B2A8246 
 145      91304284 
 146 0035 F8D318B3 		.ascii	"\370\323\030\263u!\203 \335\264*\356\013R\334dQ\010"
 146      75218320 
 146      DDB42AEE 
 146      0B52DC64 
 146      5108
 147 0047 2A5A518C 		.ascii	"*ZQ\214\367E)\335\365\301\373\271\227\217s\317yA2\350"
 147      F74529DD 
 147      F5C1FBB9 
 147      978F73CF 
 147      794132E8 
 148 005b 2388C689 		.ascii	"#\210\306\211\250Y6\230`\314\037\021M\332\006\240\037"
 148      A8593698 
 148      60CC1F11 
 148      4DDA06A0 
 148      1F
 149 006c CA064D18 		.ascii	"\312\006M\030\230\300\034g\030\207\325\033\377\305,"
 149      98C01C67 
 149      1887D51B 
 149      FFC52C
 150 007b 7B1A93F2 		.ascii	"{\032\223\362\264\362=\333\240K\340\245\224[\353\305"
 150      B4F23DDB 
ARM GAS  C:\Users\CYIRKO~1\AppData\Local\Temp\ccfWLFZr.s 			page 11


 150      A04BE0A5 
 150      945BEBC5 
 151 008b 0BBB35AF 		.ascii	"\013\2735\257TZ\371\231\212\265\272{\242\202\036\033"
 151      545AF999 
 151      8AB5BA7B 
 151      A2821E1B 
 152 009b B422F806 		.ascii	"\264\"\370\006B\310#\244gl\242\225\204\376UzXl4\003"
 152      42C823A4 
 152      676CA295 
 152      84FE557A 
 152      586C3403 
 153 00af 39260D48 		.ascii	"9&\015H\177\013\246X\241\342)|\365P\235Q\376y\016w\335"
 153      7F0BA658 
 153      A1E2297C 
 153      F5509D51 
 153      FE790E77 
 154 00c4 01833C66 		.ascii	"\001\203<f\226#@\364Y@\355\352\213\250\312\315e\034"
 154      962340F4 
 154      5940EDEA 
 154      8BA8CACD 
 154      651C
 155 00d6 ECDF96EF 		.ascii	"\354\337\226\3573\375\177\365\246\224,?\363\307j\252"
 155      33FD7FF5 
 155      A6942C3F 
 155      F3C76AAA 
 156 00e6 09AE30FE 		.ascii	"\011\2560\376\231E\330\206)\223\276\302\314\262\016"
 156      9945D886 
 156      2993BEC2 
 156      CCB20E
 157 00f5 B0347D70 		.ascii	"\2604}pl\351\000\301\032vT\270\251\324?\225Z& \255\334"
 157      6CE900C1 
 157      1A7654B8 
 157      A9D43F95 
 157      5A2620AD 
 158 010a CEF537DB 		.ascii	"\316\3657\333C\026\036\233\330\221\020\005\035B\207"
 158      43161E9B 
 158      D8911005 
 158      1D4287
 159 0119 FD717569 		.ascii	"\375qui9\00555\251\316\362\227-\013u\036[(\302\303\262"
 159      39053535 
 159      A9CEF297 
 159      2D0B751E 
 159      5B28C2C3 
 160 012e 78ACCD11 		.ascii	"x\254\315\021\250\272T\372iF\212\032Z\3333<\266\261"
 160      A8BA54FA 
 160      69468A1A 
 160      5ADB333C 
 160      B6B1
 161 0140 0B076DA1 		.ascii	"\013\007m\241g\002%D\250\214\364\305\314&?\231b\361"
 161      67022544 
 161      A88CF4C5 
 161      CC263F99 
 161      62F1
 162 0152 45BF913E 		.ascii	"E\277\221>\373t\317\332\277t\344K$7t^\203(\374\366\365"
 162      FB74CFDA 
 162      BF74E44B 
 162      2437745E 
ARM GAS  C:\Users\CYIRKO~1\AppData\Local\Temp\ccfWLFZr.s 			page 12


 162      8328FCF6 
 163 0167 D09B58FC 		.ascii	"\320\233X\374]| 5>\032O\016E\365;\351F^u:I\327\211\215"
 163      5D7C2035 
 163      3E1A4F0E 
 163      45F53BE9 
 163      465E753A 
 164 017f 241C772C 		.ascii	"$\034w,\252\357a7\025\216R\327\177\361\367\311\261\224"
 164      AAEF6137 
 164      158E52D7 
 164      7FF1F7C9 
 164      B194
 165 0191 EB0C0CF6 		.ascii	"\353\014\014\366u\264;\275\275]\316`O\337\207\310\263"
 165      75B43BBD 
 165      BD5DCE60 
 165      4FDF87C8 
 165      B3
 166 01a2 C0702231 		.ascii	"\300p\"1\032\216\321#Eq\252\206"
 166      1A8ED123 
 166      4571AA86 
 167              		.text
 168              		.section	.gnu.lto_.symbol_nodes.9526ec87,"",%progbits
 169 0000 789C55C8 		.ascii	"x\234U\310K\015\200@\014\006\341\351\277\254/\020\305"
 169      4B0D8040 
 169      0C06E1E9 
 169      BFAC2F10 
 169      C5
 170 0011 B92B0101 		.ascii	"\271+\001\001<\023T \002\015(!4\334:\227I\276\212\030"
 170      3C135420 
 170      020D2821 
 170      34DC3A97 
 170      49BE8A18 
 171 0025 8934CB61 		.ascii	"\2114\313a\272!v\265!d\221[\226U\256,\233\274d\331\345"
 171      BA2176B5 
 171      2164915B 
 171      9655AE2C 
 171      9BBC64D9 
 172 003a 5D123BE4 		.ascii	"]\022;\344\365\027h\255\207B\345|^\343\003\325E\035"
 172      F51768AD 
 172      8742E57C 
 172      5EE303D5 
 172      451D
 173 004c 35       		.ascii	"5"
 174              		.text
 175              		.section	.gnu.lto_.refs.9526ec87,"",%progbits
 176 0000 789C6365 		.ascii	"x\234ce`b`d\000\002\000\000I\000\011"
 176      60626064 
 176      00020000 
 176      490009
 177              		.text
 178              		.section	.gnu.lto_.decls.9526ec87,"",%progbits
 179 0000 789CB558 		.ascii	"x\234\265X}LT\331\025\177\367\335\231\021\206\017\335"
 179      7D4C54D9 
 179      157FF7DD 
 179      9911860F 
 179      DD
 180 0011 D15A9BDA 		.ascii	"\321Z\233\332\224\030\024\322t\301A\253\311\376atGk"
 180      941814D2 
ARM GAS  C:\Users\CYIRKO~1\AppData\Local\Temp\ccfWLFZr.s 			page 13


 180      74C141AB 
 180      C9FE6174 
 180      476B
 181 0023 37596D33 		.ascii	"7Ym3\332M\223\322L\020\306\225\204\017\353\214M6\375"
 181      DA4D93D2 
 181      4C10C695 
 181      840FEB8C 
 181      4D36FD
 182 0036 639F0C2B 		.ascii	"c\237\014+\210\256\210\012\012\350\002\"\210\202\002"
 182      88AE880A 
 182      0AE80222 
 182      888202
 183 0045 A2282232 		.ascii	"\242(\"2\202\260\212\340\262\270\212\210\012~\256\237"
 183      82B08AE0 
 183      B2B88A88 
 183      0A7EAE9F 
 184 0055 88F885F8 		.ascii	"\210\370\205\370A\317\375x\363\236\317\301m\233\366"
 184      41CFFD78 
 184      F39ECFC1 
 184      6D9BF6
 185 0064 C533DC73 		.ascii	"\3053\334s\357\357\374\316\271\347\334\373\356}\352"
 185      EFEFFCCE 
 185      B9E7DCFB 
 185      EE7DEA
 186 0073 05512832 		.ascii	"\005Q(2\011\3028,\010\025H\020\206\3411\010\202\260"
 186      09C2382C 
 186      08154810 
 186      86E13108 
 186      82B0
 187 0085 57501EA2 		.ascii	"WP\036\242\357\003\251\003\251\0079\016r\002\244Yx\367"
 187      EF03A903 
 187      A907390E 
 187      7202A459 
 187      78F7
 188 0097 F91B7000 		.ascii	"\371\033p\000\225\360\031\310)\025\217\3109\274\331"
 188      95F019C8 
 188      29158FC8 
 188      39BCD9
 189 00a6 FC136C7C 		.ascii	"\374\023l|\271\015\204\"\214\0039\002\022\002\3623\030"
 189      B90D8422 
 189      8C033902 
 189      1202F233 
 189      18
 190 00b7 1B077213 		.ascii	"\033\007r\023\332\235\002\343\376\000t\021D\217\030"
 190      DA9D02E3 
 190      FE007411 
 190      448F18
 191 00c6 2F89EBE7 		.ascii	"/\211\353\347\320\206\177\302\024\3646\367\227\240\353"
 191      D0867FC2 
 191      14F436F7 
 191      97A0EB
 192 00d5 38B7CC45 		.ascii	"8\267\314Ex\010L\266's\012\325\330\221\307\365\037\304"
 192      78084CB6 
 192      27730AD5 
 192      D891C7F5 
 192      1FC4
 193 00e7 85E4B878 		.ascii	"\205\344\270x~~\303\343\211\320\360\256\341\234Z\276"
ARM GAS  C:\Users\CYIRKO~1\AppData\Local\Temp\ccfWLFZr.s 			page 14


 193      7E7EC3E3 
 193      89D0F0AE 
 193      E19C5ABE 
 194 00f7 293FC149 		.ascii	")?\301I\362=\235s\316\320pn\301\250\372\353\023u\342"
 194      F23D9D73 
 194      CED0706E 
 194      C1A8FAEB 
 194      1375E2
 195 010a 15740901 		.ascii	"\025t\011\001\026\215\241\275\010\261_D\205\252\303"
 195      168DA1BD 
 195      08B15F44 
 195      85AAC3
 196 0119 F28310ED 		.ascii	"\362\203\020\355\207^Q\340\244r\027\222-\270.rU\344"
 196      875E51E0 
 196      A4721792 
 196      2DB82E72 
 196      55E4
 197 012b 94F41F37 		.ascii	"\224\364\0377F*F6\314<\311\017\233\003kP3\331\032\211"
 197      462A4636 
 197      CC3CC90F 
 197      9B036B50 
 197      33D91A89 
 198 013f 8A0384D4 		.ascii	"\212\003\204\324\006*B\0266\037\367\304'(\223C\362\354"
 198      062A4216 
 198      361FF7C4 
 198      27289343 
 198      F2EC
 199 0151 1F65B7DE 		.ascii	"\037e\267\3362\366\240\313\2447\1776\242})\373\373z"
 199      32F6A0CB 
 199      A4377F36 
 199      A27D29FB 
 199      FB7A
 200 0163 F4189609 		.ascii	"\364\030\226\011\264{^\224\374>\254Lb\217\317/\224\264"
 200      B47B5E94 
 200      FC3EAC4C 
 200      628FCF2F 
 200      94B4
 201 0175 350D3F77 		.ascii	"5\015?w\217^\217\221\311\210DP;\372[\267\373\201:\316"
 201      8F5E8F91 
 201      C9884450 
 201      3BFA5BB7 
 201      FB813ACE 
 202 0189 88C6803A 		.ascii	"\210\306\200:\270\352\334q\343\204,j\345\222\306\210"
 202      B8EADC71 
 202      E3842C6A 
 202      E592C688 
 203 0199 E8B3F1A8 		.ascii	"\350\263\361\250\014MD\245h\"8\337\213&\300\357\022"
 203      0C4D44A5 
 203      682238DF 
 203      8B26C0EF 
 203      12
 204 01aa 1D637227 		.ascii	"\035cr'm\332;jR\276\224\337+\271;\223~\235\345\222J"
 204      6DDA3B6A 
 204      52BE94DF 
 204      2BB93B93 
 204      7E9DE592 
 205 01bf C02A88A0 		.ascii	"\300*\210\240\320n\204\321\036\024F\"\206&\374\226\240"
ARM GAS  C:\Users\CYIRKO~1\AppData\Local\Temp\ccfWLFZr.s 			page 15


 205      D06E84D1 
 205      1E144622 
 205      8626FC96 
 205      A0
 206 01d0 1E8476A1 		.ascii	"\036\204v\241+0\237}h\022X\273\312.\246\351\361\034"
 206      2B309F7D 
 206      681258BB 
 206      CA2EA6E9 
 206      F11C
 207 01e2 1A6CD1D0 		.ascii	"\032l\321\320\313~\014AL1\242\341a\014\035\345\367k"
 207      CB7E0C41 
 207      4C31A2E1 
 207      610C1DE5 
 207      F76B
 208 01f4 5E04B00E 		.ascii	"^\004\260\0162^\177\372T\261?^H\332\342\206\202\322"
 208      325E7FFA 
 208      54B13F5E 
 208      48DAE286 
 208      82D2
 209 0206 B5BEC818 		.ascii	"\265\276\310\030\232*II$F}\250\340\211\020\035@\241"
 209      9A2A4949 
 209      24467DA8 
 209      E089101D 
 209      40A1
 210 0218 C4867846 		.ascii	"\304\206xF\225\320Y\001\235\305d.\356\357r\247lI\221"
 210      95D05901 
 210      9DC5642E 
 210      EEEF72A7 
 210      6C4991
 211 022b 24115521 		.ascii	"$\021U!#\332\257D7\305\310&s,\243\373\226\021\273\021"
 211      23DAAF44 
 211      37C5C826 
 211      732CA3FB 
 211      9611BB11 
 212 023f F5F1CA95 		.ascii	"\365\361\312\225\365P\207B\215\334\264&\342\304W\304"
 212      F5508742 
 212      8DDCB426 
 212      E2C457C4 
 213 024f F410981E 		.ascii	"\364\020\230\036TL\201\011\376x\215\243\332K\034\340"
 213      544C8109 
 213      FE788DA3 
 213      DA4B1CE0 
 214 025f 24FD60F7 		.ascii	"$\375`\367\253\321\270\210VH,\331\236\373\300\340q2"
 214      ABD1B888 
 214      56482CD9 
 214      9EFBC0E0 
 214      7132
 215 0271 DC36BD98 		.ascii	"\3346\275\230:9\002N\016+N\016\215\354\244\306\273\223"
 215      3A39024E 
 215      0E2B4E0E 
 215      8DECA4C6 
 215      BB93
 216 0283 BDC7DDAD 		.ascii	"\275\307\335\255\001:\262)\010\025\024\213\364\271\206"
 216      013AB229 
 216      0815148B 
 216      F4B986
 217 0292 5303472C 		.ascii	"S\003G,\353QZ\326Z\304\353\352\352\312\250T\352\032"
ARM GAS  C:\Users\CYIRKO~1\AppData\Local\Temp\ccfWLFZr.s 			page 16


 217      EB515AD6 
 217      5AC4EBEA 
 217      EACAA854 
 217      EA1A
 218 02a4 7275BF24 		.ascii	"ru\277$Ad\222\216\340P\271\022Z\271\266\260u\264\260"
 218      4164928E 
 218      E050B912 
 218      5AB9B6B0 
 218      75B4B0
 219 02b7 A75EEE0F 		.ascii	"\247^\356\017\3047\331*\2743X\322\354\317\251:~\231"
 219      C437D92A 
 219      BC3358D2 
 219      ECCFA93A 
 219      7E99
 220 02c9 2DB96116 		.ascii	"-\271a\0260G\262B\216)D\307\264D\365\224hc\325\363<"
 220      3047B242 
 220      8E2944C7 
 220      B444F594 
 220      6863D5F3 
 221 02de 3D7EC498 		.ascii	"=~\304\230\206~<\335`\340L\015\277\3620\221\220\334"
 221      867E3CDD 
 221      60E04C0D 
 221      BFF23091 
 221      90DC
 222 02f0 0A935BCB 		.ascii	"\012\223[\313t\2342\225=i\337\037\200_1\246\222\322"
 222      749C3295 
 222      3D69DF1F 
 222      805F31A6 
 222      92D2
 223 0302 22C94F9D 		.ascii	"\"\311O\235\013\222&%\031\215o\255\361\356\242\302R"
 223      0B922625 
 223      198D6FAD 
 223      F1EEA2C2 
 223      52
 224 0313 D96D73DE 		.ascii	"\331ms\336\370\014y\215\003\0125(~\033\264~OP\277\217"
 224      F80C798D 
 224      030A3528 
 224      7E1BB47E 
 224      4F50BF8F 
 225 0327 D63DCC1F 		.ascii	"\326=\314\037\215S0\365\233W\265>=\000\250z\241\332"
 225      8D5330F5 
 225      9B57B53E 
 225      3D00A87A 
 225      A1DA
 226 0339 3D777F9B 		.ascii	"=w\177\233WqCJ5\322=\205\232\024\246&\302D\032\315\224"
 226      5771434A 
 226      35D23D85 
 226      9A14A626 
 226      C2441ACD 
 227 034e E1FBE48A 		.ascii	"\341\373\344\212m\230\355V\035!l\313\271\036\310vk\020"
 227      6D98ED56 
 227      1D216CCB 
 227      B91EC876 
 227      6B10
 228 0360 D9E4839D 		.ascii	"\331\344\203\235W\374\375\323\310\342\330\340\222|\377"
 228      57FCFDD3 
 228      C8E2D8E0 
ARM GAS  C:\Users\CYIRKO~1\AppData\Local\Temp\ccfWLFZr.s 			page 17


 228      927CFF
 229 036f 40C94EC2 		.ascii	"@\311N\302T\276\245S9\205\374eZh\002\376\320\325\314"
 229      54BEA553 
 229      3985FC65 
 229      5A6802FE 
 229      D0D5CC
 230 0382 7A5FC676 		.ascii	"z_\306v\201\204\224S\373\244E\317t\0372\334Wz(\200\261"
 230      81849453 
 230      FBA445CF 
 230      741F32DC 
 230      577A2880 
 231 0397 BBC9F0D9 		.ascii	"\273\311\360\331[\005\311\376l\270\235\350\215\347\277"
 231      5B05C9FE 
 231      6CB89DE8 
 231      8DE7BF
 232 03a6 EDD7E10B 		.ascii	"\355\327\341\013l:\227O\356.%\221\205\220=;<<Z\265k"
 232      6C3A974F 
 232      EE2E2591 
 232      85903D3B 
 232      3C3C5AB5 
 233 03bb 43D8AEED 		.ascii	"C\330\256\355H\037\3309\012_\241p1\273\245\263A\265"
 233      481FD839 
 233      0A5FA170 
 233      31BBA5B3 
 233      41B5
 234 03cd A5726765 		.ascii	"\245rge\017\220<\236\205\334\177\257\314>\304\263\330"
 234      0F903C9E 
 234      85DC7FAF 
 234      CC3EC4B3 
 234      D8
 235 03de E97C04CF 		.ascii	"\351|\004\317dP\007,\366\020\276\330\333\241\363;\266"
 235      6450072C 
 235      F610BED8 
 235      DBA1F33B 
 235      B6
 236 03ef D877EFCC 		.ascii	"\330w\357\314\330a\300w\230\217\346c\335\027t\362\253"
 236      D861C077 
 236      988FE663 
 236      DD1774F2 
 236      AB
 237 0400 414B70DE 		.ascii	"AKp\336\013\201\274\277'5\323\255w\016\202\371A\011"
 237      0B81BCBF 
 237      2735D3AD 
 237      770E82F9 
 237      4109
 238 0412 E62CE2EF 		.ascii	"\346,\342\357\206\324\262\365\215\330\230J\226\313\277"
 238      86D4B2F5 
 238      8DD8984A 
 238      96CBBF
 239 0421 C30A16AD 		.ascii	"\303\012\026\255\255/\333\364x\200ejm\323\301f^\303"
 239      AD2FDBF4 
 239      7880656A 
 239      6DD3C166 
 239      5EC3
 240 0433 9344DF7C 		.ascii	"\223D\337|\244\261\326\017?e\203\327\323\2565\032\360"
 240      A4B1D60F 
 240      3F6583D7 
ARM GAS  C:\Users\CYIRKO~1\AppData\Local\Temp\ccfWLFZr.s 			page 18


 240      D3AE351A 
 240      F0
 241 0444 1053E402 		.ascii	"\020S\344\002\230x\001\362\272\237\266 \374\206\015"
 241      987801F2 
 241      BA9FB620 
 241      FC860D
 242 0453 D61E3ADA 		.ascii	"\326\036:\332\314\2135U\365\3426\261\027w\365\255S\315"
 242      CC8B3555 
 242      F5E236B1 
 242      1777F5AD 
 242      53CD
 243 0465 46563B09 		.ascii	"FV;\011\201^\327qi6v\351\250e\303@\305.^G\362rM\315"
 243      815ED771 
 243      693676E9 
 243      A865C340 
 243      C52E5E47 
 244 047d 1E681F4D 		.ascii	"\036h\037M\246#\361UC\002\363,\232\353d\326(|\"\272"
 244      A623F155 
 244      4302F32C 
 244      9AEB64D6 
 244      287C22BA 
 245 0491 C6A6D235 		.ascii	"\306\246\3225\330tQo\332@\321P1\035\315R/\300{(\374"
 245      D874516F 
 245      DA40D150 
 245      311DCD52 
 245      2FC07B28 
 246 04a6 0632C946 		.ascii	"\0062\311F\364t\311\354\013T\203;\337\007\336WX\264"
 246      F474C9EC 
 246      0B54833B 
 246      DF07DE57 
 246      58B4
 247 04b8 C5885358 		.ascii	"\305\210SX\220\271\217/\337\341k3\024\324\342g\265."
 247      90B98F2F 
 247      DFE16B33 
 247      14D4E267 
 247      B52E
 248 04ca 1FBC968D 		.ascii	"\037\274\226\215m:\266\275m\024Ng\212\274\007Ll\017"
 248      6D3AB6BD 
 248      6D144E67 
 248      8ABC074C 
 248      6C0F
 249 04dc 24757E8C 		.ascii	"$u~\2147\261\221\372\214\215\227a\206L\351K\276\331"
 249      37B191FA 
 249      8C8D9761 
 249      864CE94B 
 249      BED9
 250 04ee CBF33301 		.ascii	"\313\3633\001\324\314\323\367B\36066\364\346dc\010\336"
 250      D4CCD3F7 
 250      42F03636 
 250      F4E66463 
 250      08DE
 251 0500 C1DACDD5 		.ascii	"\301\332\315\325%\273\020.a\312@N\363=#.cJ~\307\266"
 251      25BB102E 
 251      61CA404E 
 251      F33D232E 
 251      634A7EC7 
 252 0515 C33EB89C 		.ascii	"\303>\270\234)\305\203Yp\002\035`\312\0175\347R\375"
ARM GAS  C:\Users\CYIRKO~1\AppData\Local\Temp\ccfWLFZr.s 			page 19


 252      29C58359 
 252      70021D60 
 252      CA0F35E7 
 252      52FD
 253 0527 700D5352 		.ascii	"p\015SR++\267\372\341:\246$\325ve\360\303\265\227\350"
 253      2B2BB7FA 
 253      E13AA624 
 253      D57665F0 
 253      C3B597E8 
 254 053b 378A6EE4 		.ascii	"7\212n\344\373\362\252\030@O\353h}\216\360q\006N\253"
 254      FBF2AA18 
 254      404FEB68 
 254      7D8EF071 
 254      064EAB
 255 054e 3E7B4537 		.ascii	">{E7b\035^\310u\230J\313\220Y\227y0P[\206V@\237\246"
 255      621D5EC8 
 255      75984ACB 
 255      90599779 
 255      30505B86 
 256 0566 E8219AD9 		.ascii	"\350!\232\331\027rf\333o\026\026\351\264u\030\011=\376"
 256      177266DB 
 256      6F1616E9 
 256      B4751809 
 256      3DFE
 257 0578 61DAF1A7 		.ascii	"a\332\361\247\001(88xl\260\352\011\245\277;\244d\227"
 257      01283838 
 257      786CB0EA 
 257      09A5BF3B 
 257      A46497
 258 058b E47EBE15 		.ascii	"\344~\276\025\337\336{f\235\224\337\200(\025\244\031"
 258      DFDE7B66 
 258      9D94DF80 
 258      2815A419 
 259 059b 0DA3B1CA 		.ascii	"\015\243\261\312>\270DyO\222_\201\231\\K\200\227t2\246"
 259      3EB84479 
 259      4F925F81 
 259      995C4B80 
 259      977432A6 
 260 05af F0335A78 		.ascii	"\3603Zx\333;\360\026\025\274[\013\357\242p3Ag\3609\315"
 260      DB3BF016 
 260      15BC5B0B 
 260      EFA27033 
 260      4167F039 
 261 05c4 D609E839 		.ascii	"\326\011\3509\214?\243C\004\015{\020\255\023C\321*1"
 261      8C3FA343 
 261      040D7B10 
 261      AD1343D1 
 261      2A31
 262 05d6 184920A9 		.ascii	"\030I \251 _\201$\201l\000I\006Y\013\262\032d\015\310"
 262      205F8124 
 262      816C0049 
 262      06590BB2 
 262      1A640DC8 
 263 05ea D720EB41 		.ascii	"\327 \353AR@2@^\241`\364\006$\015\332.\220\327\320N"
 263      52403240 
 263      5EA160F4 
 263      06240DDA 
ARM GAS  C:\Users\CYIRKO~1\AppData\Local\Temp\ccfWLFZr.s 			page 20


 263      2E90D7D0 
 264 05ff 1783E9DB 		.ascii	"\027\203\351\333\230\305x1N\211\361\2116\306p\355\214"
 264      98C57831 
 264      4E89F189 
 264      36C670ED 
 264      8C
 265 0610 3A54E8A7 		.ascii	":T\350\247^\321f\005<\240\002?\322\202{\220\006}Q\225"
 265      5ED16605 
 265      3CA0023F 
 265      D2827B90 
 265      067D5195 
 266 0624 AC0BDE73 		.ascii	"\254\013\336s\253B7\304+\350\207Z\364\003-\372\256*"
 266      AB4237C4 
 266      2BE8875A 
 266      F4032DFA 
 266      AE2A
 267 0636 92012DFA 		.ascii	"\222\001-\372\364;u\353P\221\337\327\302\357j\311\007"
 267      F43B75EB 
 267      5091DFD7 
 267      C2EF6AC9 
 267      07
 268 0647 54E85B5A 		.ascii	"T\350[Z\364\025-\372\232*\224\307\336CQ'E\305}\317{"
 268      F4152DFA 
 268      9A2A94C7 
 268      DE435127 
 268      45C57DCF 
 269 065c 246F05AE 		.ascii	"$o\005\256\312\341E\357\013\356\255\365\251b\357\363"
 269      CAE145EF 
 269      0BEEADF5 
 269      A962EFF3 
 270 066c 9E440667 		.ascii	"\236D\006gg\312\231\373\246U\222\204\010L\340\347\211"
 270      67CA99FB 
 270      A6559284 
 270      084CE0E7 
 270      89
 271 067d B28E6E3D 		.ascii	"\262\216n=0mrI'\247R\262;Z\262\037\337\251\210\312\365"
 271      306D7249 
 271      27A752B2 
 271      3B5AB21F 
 271      DFA988CA 
 272 0692 6DEF684F 		.ascii	"m\357hO\244\253\000\236\260\212\302_\"\023\032\344p"
 272      A4AB009E 
 272      B08AC25F 
 272      22131AE4 
 272      70
 273 06a3 79EBA316 		.ascii	"y\353\243\026-\371\220*\307\375\336\027\236\232|(\236"
 273      2DF9902A 
 273      C7FDDE17 
 273      9E9A7C28 
 273      9E
 274 06b4 91DF04F2 		.ascii	"\221\337\004\362\253\034.\277\337y\001\031\234\334\020"
 274      AB1C2EBF 
 274      DF790119 
 274      9CDC10
 275 06c3 5ACF9704 		.ascii	"Z\317\227\004\3424==\233\033\2769\232\015\347\377X\226"
 275      E2343D3D 
 275      9B1BBE39 
ARM GAS  C:\Users\CYIRKO~1\AppData\Local\Temp\ccfWLFZr.s 			page 21


 275      9A0DE7FF 
 275      5896
 276 06d5 9E677D06 		.ascii	"\236g}\006\370*A\233\305\261h\243\3509pI\262\274\357"
 276      F82A419B 
 276      C5B168A3 
 276      E8397049 
 276      B2BCEF
 277 06e8 70B40936 		.ascii	"p\264\0116\366\377{\223\223\223\341N\372UQ}\241\"\021"
 277      F6FF7B93 
 277      9393E14E 
 277      FA55517D 
 277      A12211
 278 06fb 2AEFE44C 		.ascii	"*\357\344L\321\237\336\315\340/\200\013\252\236\344"
 278      D19FDECD 
 278      E02F800B 
 278      AA9EE4
 279 070a 04E02C3D 		.ascii	"\004\340,=;\307\317\267t#\270\335\271{\311\355.\270"
 279      3BC7CFB7 
 279      7423B8DD 
 279      B97BC9ED 
 279      2EB8
 280 071c F4C20D49 		.ascii	"\364\302\015I\002\236d\304\256\315Y\312,\241\371\366"
 280      029E64C4 
 280      AECD59CA 
 280      2CA1F9F6 
 281 072c 5D718B48 		.ascii	"]q\213Hnz\265)M\351\006\274\233\261\025\336\255i\344"
 281      6E7AB529 
 281      4DE906BC 
 281      9BB115DE 
 281      AD69E4
 282 073f 677D00A8 		.ascii	"g}\000\250\227vl.\322\261c\3446\031.h{\234e\304\207"
 282      97766C2E 
 282      D2B163E4 
 282      36192E68 
 282      7B9C65C4 
 283 0754 18F6E5ED 		.ascii	"\030\366\345\355\315]\210aIT\215\367\017<\037\371t\337"
 283      CD5D8861 
 283      49548DF7 
 283      0F3C1FF9 
 283      74DF
 284 0766 2EF25365 		.ascii	".\362Se\233H\217\225s\203uC\376\330M\231t\275\205\003"
 284      9B488F95 
 284      73837543 
 284      FED84D99 
 284      74BD8503 
 285 077a F7E08B64 		.ascii	"\367\340\213d\"BF\220b\371\343Q@\005\242\021}#b\371"
 285      22424690 
 285      62F9E351 
 285      4005A211 
 285      7D2362F9 
 286 078e E33B4702 		.ascii	"\343;G\002\372\376/I7\273\254\365\357\220\360\004\001"
 286      FAFE2F49 
 286      37BBACF5 
 286      EF90F004 
 286      01
 287 079f 4DA38715 		.ascii	"M\243\207\025\312\203\372\024P?;\304\211(\037\034\345"
 287      CA83FA14 
ARM GAS  C:\Users\CYIRKO~1\AppData\Local\Temp\ccfWLFZr.s 			page 22


 287      503F3BC4 
 287      89281F1C 
 287      E5
 288 07b0 40AD490F 		.ascii	"@\255I\0178<\334^\223\353\247\234L\210r\347\000.[$\361"
 288      383CDC5E 
 288      93EBA79C 
 288      4C8872E7 
 288      002E5B24 
 289 07c5 158A2639 		.ascii	"\025\212&9J\202\336\320V\220\353"
 289      4A82DED0 
 289      5690EB
 290 07d0 6BE43E52 		.ascii	"k\344>R\337\353\003\320U]\253\267\372\252\271w\276\217"
 290      DFEB03D0 
 290      555DABB7 
 290      FAAAB977 
 290      BE8F
 291 07e2 3BAFB776 		.ascii	";\257\267vc\340\344B\251\335\015\2379\015!\225In\311"
 291      63E0E442 
 291      A9DD0D9F 
 291      390D2195 
 291      496EC9
 292 07f5 351B1589 		.ascii	"5\033\025\211&\224\013\305\202o\031\225\351V\350Y,\012"
 292      26940BC5 
 292      826F1995 
 292      E956E859 
 292      2C0A
 293 0807 A8589C4C 		.ascii	"\250X\234L>\012\206k\362\003p\023K\377\352\264\244J"
 293      3E0A866B 
 293      F2037013 
 293      4BFFEAB4 
 293      A44A
 294 0819 83A7F0D3 		.ascii	"\203\247\360\323\313T\205'\267\361]J\341wi\013_B\013"
 294      CB548527 
 294      B7F15D4A 
 294      E177690B 
 294      5F420B
 295 082c 5F7F6767 		.ascii	"_\177gg\216\016wr\266=\355\345\2438[K\030\373\314)`"
 295      8E0E7772 
 295      B63DEDE5 
 295      A3385B4B 
 295      18FBCC29 
 296 0841 9F39BB15 		.ascii	"\2379\273\025\246\335Z\246=\224\251\245d\363A\003\276"
 296      A6DD5AA6 
 296      3D94A9A5 
 296      64F34103 
 296      BE
 297 0852 CD983ABB 		.ascii	"\315\230:\273\222k\370\262\360S]\375\307\361\253\377"
 297      926BF8B2 
 297      F0535DFD 
 297      C7F1ABFF 
 298 0862 EBFEF6D7 		.ascii	"\353\376\366\327\374Nh\004\365HRE\217~\304US.\257\232"
 298      FC4E6804 
 298      F5485245 
 298      8F7EC455 
 298      532EAF9A 
 299 0876 7D2CD15D 		.ascii	"},\321]\353\237]\322i\213\270\027\262UF\263UA\023]."
 299      EB9F5DD2 
ARM GAS  C:\Users\CYIRKO~1\AppData\Local\Temp\ccfWLFZr.s 			page 23


 299      698BB817 
 299      B25546B3 
 299      5541135D 
 300 088b 27BAB1EB 		.ascii	"'\272\261\353\311\321\000mYFD\247\257\251\357\013\360"
 300      C9D1006D 
 300      594644A7 
 300      AFA9EF0B 
 300      F0
 301 089c 9465062F 		.ascii	"\224e\006/K%/\013|\317\251LKyY\366\323\262To\311\234"
 301      4B252F0B 
 301      7CCFA94C 
 301      4B7959F6 
 301      D3B2546F 
 302 08b2 859FB1D9 		.ascii	"\205\237\261\3317n\255j\020\225\252\224\017(U!\237n"
 302      376EAD6A 
 302      1095AA94 
 302      0F285521 
 302      9F6E
 303 08c4 554A2EAB 		.ascii	"UJ.\253\264\271<@s\271qma\253\001\247\030\330\377OT"
 303      B4B93C40 
 303      73B9716D 
 303      61AB01A7 
 303      18D8FF4F 
 304 08d9 67E4183C 		.ascii	"g\344\030<1\315\322\304t\342\255\230\016\362\230\252"
 304      31CDD2C4 
 304      74E2AD98 
 304      0EF298AA 
 305 08e9 C5C982C1 		.ascii	"\305\311\202\301\341\374$!\326\3513\177\341\237\203"
 305      E1FC2421 
 305      D6E9337F 
 305      E19F83
 306 08f8 2C66B310 		.ascii	",f\263\0206\357\243H\313\262\330%\261\213\234+cb\023"
 306      36EFA348 
 306      CBB2D825 
 306      B18B9C2B 
 306      636213
 307 090b 23A3493B 		.ascii	"#\243I;\321a\2369#<\321\021\276,*.\334\261\"\232\374"
 307      D1619E39 
 307      233CD111 
 307      BE2C2A2E 
 307      DCB1229A 
 308 0920 B5399C61 		.ascii	"\2659\234a\321\202\277\303\271\310\031\265\3029'.jE"
 308      D182BFC3 
 308      B9C819B5 
 308      C239272E 
 308      6A45
 309 0932 BCD1665B 		.ascii	"\274\321f[\031\233\3404\317\2609\227\332?b\246\016F"
 309      199BE034 
 309      CFB03997 
 309      DA3F62A6 
 309      0E46
 310 0944 E34C4C8C 		.ascii	"\343LL\214sD~\236\2602\210\266\202\000\035d\217_b\217"
 310      73447E9E 
 310      B03288B6 
 310      82001D64 
 310      8F5F628F 
 311 0958 89B1C744 		.ascii	"\211\261\307D\316\010\233\026\0241\325<\363\357\346"
ARM GAS  C:\Users\CYIRKO~1\AppData\Local\Temp\ccfWLFZr.s 			page 24


 311      CE089B16 
 311      1431D53C 
 311      F3EFE6
 312 0967 48E8FF30 		.ascii	"H\350\3770!1\301\376\241=jIldlBt\334\312\030{d|\024"
 312      2131C1FE 
 312      A13D6A49 
 312      6C646C42 
 312      74DCCA18 
 313 097f 7025D823 		.ascii	"p%\330#m1\366\245Q+\343\2346\347\027\313\355\216\260"
 313      6D31F6A5 
 313      512BE39C 
 313      36E717CB 
 313      ED8EB0
 314 0992 65828FEC 		.ascii	"e\202\217\354\357\257\377S\177\216/\034\2210\277\030"
 314      EFAFFF53 
 314      7F8E2F1C 
 314      9130BF18 
 315 09a2 200727BE 		.ascii	" \007'\276\240:c\343\3556\347\357\336\233\234\025\316"
 315      A03A63E3 
 315      ED36E7EF 
 315      DE9B9C15 
 315      CE
 316 09b3 704E101E 		.ascii	"pN\020\036\275\214\330\360 \375H\216\022\227\263\024"
 316      BD8CD8F0 
 316      20FD488E 
 316      1297B314 
 317 09c3 41DBEE94 		.ascii	"A\333\356\224\233\363y\023\020\266\270\270\030[,Tb\356"
 317      9BF37913 
 317      10B6B8B8 
 317      185B2C54 
 317      62EE
 318 09d5 4F166079 		.ascii	"O\026`y\342\012\247#|\321\342\005\323\"\302?\375tn\370"
 318      E20AA723 
 318      7CD1E205 
 318      D322C23F 
 318      FD746EF8 
 319 09e9 E24F16FC 		.ascii	"\342O\026\374\303\314KBh\300\245\336bY`\235\306\353"
 319      C3CC4B42 
 319      68C0A5DE 
 319      6259609D 
 319      C6EB
 320 09fb 312DC2E6 		.ascii	"1-\302\346\364\221\033\342\037\255\272\271\013\346X"
 320      F4911BE2 
 320      1FADBAB9 
 320      0BE658
 321 0a0a F15C8B55 		.ascii	"\361\\\213U\367\361\334\305Vl\261X\261\025d\216\325"
 321      F7F1DCC5 
 321      566CB158 
 321      B115648E 
 321      D5
 322 0a1b 8AFFB4C8 		.ascii	"\212\377\264\310\202-\013\027\353,\226yV\312\021A\177"
 322      822D0B17 
 322      EB2C9679 
 322      56CA1141 
 322      7F
 323 0a2c CD78DE7C 		.ascii	"\315x\336|\253\270\010,?\231g\325-Z\000h\2135\002\304"
 323      ABB8082C 
ARM GAS  C:\Users\CYIRKO~1\AppData\Local\Temp\ccfWLFZr.s 			page 25


 323      3F9967D5 
 323      2D5A0068 
 323      8B3502C4 
 324 0a40 0CC8BF58 		.ascii	"\014\310\277X-\377e\310\016g<\011)6\236%\211+6\247\211"
 324      2DFF65C8 
 324      0E673C09 
 324      29369E25 
 324      892B36A7 
 325 0a55 A7C34156 		.ascii	"\247\303AV\226-\212d(\300f[\2722!\332f\013\2339\323"
 325      962D8A64 
 325      28C0665B 
 325      BA3221DA 
 325      660B9B39 
 326 0a6a 3CD547D6 		.ascii	"<\325G\326t\321\313\242V|\340\201'.g\3501r\217\335\233"
 326      74D1CBA2 
 326      567CE081 
 326      272E67E8 
 326      31728FDD 
 327 0a7f F94C79F8 		.ascii	"\371Ly\370so\303\021\346\177\001h\310i\374"
 327      736FC311 
 327      E67F0168 
 327      C869FC
 328              		.text
 329              		.section	.gnu.lto_.symtab.9526ec87,"",%progbits
 330 0000 7374496E 		.ascii	"stInit\000"
 330      697400
 331 0007 00       		.ascii	"\000"
 332 0008 00       		.ascii	"\000"
 333 0009 00       		.ascii	"\000"
 334 000a 00000000 		.ascii	"\000\000\000\000\000\000\000\000"
 334      00000000 
 335 0012 AE000000 		.ascii	"\256\000\000\000"
 336 0016 73745374 		.ascii	"stStartAlarm\000"
 336      61727441 
 336      6C61726D 
 336      00
 337 0023 00       		.ascii	"\000"
 338 0024 00       		.ascii	"\000"
 339 0025 00       		.ascii	"\000"
 340 0026 00000000 		.ascii	"\000\000\000\000\000\000\000\000"
 340      00000000 
 341 002e BD000000 		.ascii	"\275\000\000\000"
 342 0032 73745374 		.ascii	"stStopAlarm\000"
 342      6F70416C 
 342      61726D00 
 343 003e 00       		.ascii	"\000"
 344 003f 00       		.ascii	"\000"
 345 0040 00       		.ascii	"\000"
 346 0041 00000000 		.ascii	"\000\000\000\000\000\000\000\000"
 346      00000000 
 347 0049 BF000000 		.ascii	"\277\000\000\000"
 348 004d 73745365 		.ascii	"stSetAlarm\000"
 348      74416C61 
 348      726D00
 349 0058 00       		.ascii	"\000"
 350 0059 00       		.ascii	"\000"
 351 005a 00       		.ascii	"\000"
ARM GAS  C:\Users\CYIRKO~1\AppData\Local\Temp\ccfWLFZr.s 			page 26


 352 005b 00000000 		.ascii	"\000\000\000\000\000\000\000\000"
 352      00000000 
 353 0063 C1000000 		.ascii	"\301\000\000\000"
 354 0067 73744765 		.ascii	"stGetAlarm\000"
 354      74416C61 
 354      726D00
 355 0072 00       		.ascii	"\000"
 356 0073 00       		.ascii	"\000"
 357 0074 00       		.ascii	"\000"
 358 0075 00000000 		.ascii	"\000\000\000\000\000\000\000\000"
 358      00000000 
 359 007d C4000000 		.ascii	"\304\000\000\000"
 360 0081 73745F6C 		.ascii	"st_lld_init\000"
 360      6C645F69 
 360      6E697400 
 361 008d 00       		.ascii	"\000"
 362 008e 02       		.ascii	"\002"
 363 008f 00       		.ascii	"\000"
 364 0090 00000000 		.ascii	"\000\000\000\000\000\000\000\000"
 364      00000000 
 365 0098 C6000000 		.ascii	"\306\000\000\000"
 366              		.text
 367              		.section	.gnu.lto_.opts,"",%progbits
 368 0000 272D666D 		.ascii	"'-fmath-errno' '-fsigned-zeros' '-ftrapping-math' '"
 368      6174682D 
 368      6572726E 
 368      6F272027 
 368      2D667369 
 369 0033 2D666E6F 		.ascii	"-fno-trapv' '-fno-openmp' '-fno-openacc' '-mcpu=cor"
 369      2D747261 
 369      70762720 
 369      272D666E 
 369      6F2D6F70 
 370 0066 7465782D 		.ascii	"tex-m7' '-mno-thumb-interwork' '-mthumb' '-ggdb' '-"
 370      6D372720 
 370      272D6D6E 
 370      6F2D7468 
 370      756D622D 
 371 0099 4F322720 		.ascii	"O2' '-fomit-frame-pointer' '-falign-functions=16' '"
 371      272D666F 
 371      6D69742D 
 371      6672616D 
 371      652D706F 
 372 00cc 2D666675 		.ascii	"-ffunction-sections' '-fdata-sections' '-fno-common"
 372      6E637469 
 372      6F6E2D73 
 372      65637469 
 372      6F6E7327 
 373 00ff 2720272D 		.ascii	"' '-flto'\000"
 373      666C746F 
 373      2700
 374              		.text
 375              		.comm	__gnu_lto_v1,1,1
 376              		.comm	__gnu_lto_slim,1,1
 377              		.ident	"GCC: (GNU Tools for ARM Embedded Processors 6-2017-q1-update) 6.3.1 20170215 (release) [AR
ARM GAS  C:\Users\CYIRKO~1\AppData\Local\Temp\ccfWLFZr.s 			page 27


DEFINED SYMBOLS
                            *ABS*:00000000 hal_st.c
                            *COM*:00000001 __gnu_lto_v1
                            *COM*:00000001 __gnu_lto_slim

NO UNDEFINED SYMBOLS
