ARM GAS  C:\Users\CYIRKO~1\AppData\Local\Temp\ccTWs3L8.s 			page 1


   1              		.cpu cortex-m7
   2              		.eabi_attribute 20, 1
   3              		.eabi_attribute 21, 1
   4              		.eabi_attribute 23, 3
   5              		.eabi_attribute 24, 1
   6              		.eabi_attribute 25, 1
   7              		.eabi_attribute 26, 1
   8              		.eabi_attribute 30, 2
   9              		.eabi_attribute 34, 1
  10              		.eabi_attribute 18, 4
  11              		.file	"hal_pal.c"
  12              		.text
  13              	.Ltext0:
  14              		.section	.gnu.lto_.profile.9526f626,"",%progbits
  15 0000 789C6365 		.ascii	"x\234ce`b`a```d\320\220\001\000\000\354\000Q"
  15      60626061 
  15      60606064 
  15      D0900100 
  15      00EC0051 
  16              		.text
  17              		.section	.gnu.lto_.icf.9526f626,"",%progbits
  18 0000 789C6365 		.ascii	"x\234ce`b\020a@\000f\206\343\227n\235fc\334\276\377"
  18      60621061 
  18      40006686 
  18      E3976E9D 
  18      6663DCBE 
  19 0015 D00F76A6 		.ascii	"\320\017v\246u;\036\256\342e\000\000hQ\011\233"
  19      753B1EAE 
  19      E2650000 
  19      6851099B 
  20              		.text
  21              		.section	.gnu.lto_.jmpfuncs.9526f626,"",%progbits
  22 0000 789C6365 		.ascii	"x\234ce`bPb@\000f\006FF\306zF&FF\346\372z&0\305\310"
  22      60625062 
  22      40006606 
  22      4646C67A 
  22      46264646 
  23 001b 069162AA 		.ascii	"\006\221b\252d\004Q\0009\324\002\300"
  23      64045100 
  23      39D402C0 
  24              		.text
  25              		.section	.gnu.lto_.inline.9526f626,"",%progbits
  26 0000 789C6365 		.ascii	"x\234ce`b\370\316\200\000\314\014\014\234\034\214\314"
  26      6062F8CE 
  26      8000CC0C 
  26      0C9C1C8C 
  26      CC
  27 0011 0C0A8C20 		.ascii	"\014\012\214 &\210t\000\223\012\034l\037\364\030\330"
  27      26887400 
  27      930A1C6C 
  27      1FF418D8 
  28 0021 16C83331 		.ascii	"\026\310310\276`g\201\220 \202\003\314\344\000\021\002"
  28      30BE6067 
  28      81902082 
  28      03CCE400 
  28      1102
  29 0033 60A600C8 		.ascii	"`\246\000\310\030F\006>^F\026\210)\214@\022b\224\002"
ARM GAS  C:\Users\CYIRKO~1\AppData\Local\Temp\ccTWs3L8.s 			page 2


  29      1846063E 
  29      5E461688 
  29      298C4012 
  29      629402
  30 0046 C4406EA6 		.ascii	"\304@n\246\013\374\030F\001\305P\014aY /\001b)010\357"
  30      0BFC1846 
  30      01C5500C 
  30      6159202F 
  30      01622930 
  31 005d 10576000 		.ascii	"\020W`\000Zo\0012\231\211\201[\030\305}PC9\201r\304"
  31      5A6F0132 
  31      9989815B 
  31      18C57D50 
  31      43398172 
  32 0072 390F6893 		.ascii	"9\017h\223\004\310$\026^\240w'\370\201 \003\000\006"
  32      04C82416 
  32      5EA07727 
  32      F8812003 
  32      0006
  33 0084 0820CB   		.ascii	"\010 \313"
  34              		.text
  35              		.section	.gnu.lto_.pureconst.9526f626,"",%progbits
  36 0000 789C6365 		.ascii	"x\234ce`b`g```f\220b\224b\222\004\000\001\307\000b"
  36      60626067 
  36      60606066 
  36      90629462 
  36      92040001 
  37              		.text
  38              		.section	.gnu.lto_palReadBus.9526f626,"",%progbits
  39 0000 789C9591 		.ascii	"x\234\225\221\277O\024Q\020\307\347\373fowO\320\177"
  39      BF4F1451 
  39      10C7E7FB 
  39      666F774F 
  39      D07F
  40 0012 408A2B4C 		.ascii	"@\212+L\010\215\033M\320\304\226\350?`KB\340,\270\204"
  40      088D1B4D 
  40      D0C496E8 
  40      3F604B42 
  40      E02CB884 
  41 0026 E48C2B35 		.ascii	"\344\214+5\357V@\205(\306\250\207\302\271\205\022D\345"
  41      EF564085 
  41      28C6A887 
  41      C2B98512 
  41      44E5
  42 0038 A73F0AAA 		.ascii	"\247?\012\252\013\230\230\220\250@ce$hs\211\026^cc\320"
  42      0B989890 
  42      A8406365 
  42      24687389 
  42      165E6363 
  43 004d 9977905C 		.ascii	"\231w\220\\aC\261\363f\336\314|f\276\3732d(6D\235Dt"
  43      6143B1F3 
  43      66DECC7C 
  43      66BEFB32 
  43      64283644 
  44 0064 5C3E30C1 		.ascii	"\\>0\301\334\371HT\012\015\240\216\015AC\006C\230\340"
  44      DCF94854 
  44      0A0DA08E 
ARM GAS  C:\Users\CYIRKO~1\AppData\Local\Temp\ccTWs3L8.s 			page 3


  44      0D414306 
  44      4398E0
  45 0077 32636B78 		.ascii	"2ckxi\232os*e\236\204\277><\372vLC '\341\224\335\276"
  45      699A6F73 
  45      2A659E84 
  45      BF3E3CFA 
  45      764C4320 
  46 0090 1974CC5A 		.ascii	"\031t\314Z\233\330j\371\256\377xe\323fS6\364P\312\237"
  46      9BD86AF9 
  46      AEFF7865 
  46      D3665336 
  46      F450CA9F 
  47 00a4 A10DB368 		.ascii	"\241\015\263h\323\031s\350\220\342\221\255\362(\363"
  47      D31973E8 
  47      90E291AD 
  47      F228F3
  48 00b3 6990F85F 		.ascii	"i\220\370_\276\356\314\205\3553\256\361\335=\266'Rf"
  48      BEEECC85 
  48      ED33AEF1 
  48      DD3DB627 
  48      5266
  49 00c5 3C073737 		.ascii	"<\00777\312\025\341\005\332\265~wy\357\376Q\337{\302"
  49      CA15E105 
  49      DAB57E77 
  49      79EFFE51 
  49      DF7BC2
  50 00d8 A46C41BE 		.ascii	"\244lA\276\204\0179\027\267Q\265{\177\257\333\352\217"
  50      840F3917 
  50      B751B57B 
  50      7FAFDBEA 
  50      8F
  51 00e9 A7A85CC8 		.ascii	"\247\250\\\310\212\006\351`\351\365<1\231\214\030\337"
  51      8A06E960 
  51      E9F53C31 
  51      998C18DF 
  52 00f9 572F5013 		.ascii	"W/P\023\222nGc\202P\251\343\022\310\3115$\253\265[\353"
  52      926E4763 
  52      8250A9E3 
  52      12C8C935 
  52      24ABB55B 
  53 010e BE522BAC 		.ascii	"\276R+\254\262\037\214\254}\012T'\273u\177\277\337\270"
  53      B21F8CAC 
  53      7D0A5427 
  53      BB757FBF 
  53      DFB8
  54 0120 D19AA252 		.ascii	"\321\232\242R\262\326\346R\016*l0\257\332$7\363=Y\010"
  54      B2D6E652 
  54      0E2A6C30 
  54      AFDA2437 
  54      F33D5908 
  55 0134 A279DB48 		.ascii	"\242y\333H\205X@\212I\335\221\260\210\210jX[\3156\300"
  55      8558408A 
  55      49DD91B0 
  55      88886A58 
  55      5BCD36C0 
  56 0148 5E3338FC 		.ascii	"^38\374\0378+\323\261\264\017\376\\\257\257\267\012"
  56      1F382BD3 
ARM GAS  C:\Users\CYIRKO~1\AppData\Local\Temp\ccTWs3L8.s 			page 4


  56      B1B40FFE 
  56      5CAFAFB7 
  56      0A
  57 0159 78B8A4A9 		.ascii	"x\270\244\251#Xv`U\215\025\007N\016\300\231C\255\330"
  57      23587660 
  57      558D1507 
  57      4E0EC099 
  57      43ADD8
  58 016c 82578E64 		.ascii	"\202W\216d\224\364\332\221\256\325G\321@\351\232\002"
  58      94F4DA91 
  58      AED547D1 
  58      40E99A02 
  59 017c 6CA60787 		.ascii	"l\246\007\207\242\033\274qt\367Jo\033\364?\007\364\320"
  59      A21BBC71 
  59      74F74A6F 
  59      1BF43F07 
  59      F4D0
  60 018e 0D08E827 		.ascii	"\015\010\350'\222\334\376\215\376\2501Q%\357 \013E\347"
  60      92DCFE8D 
  60      FEA83151 
  60      25EF200B 
  60      45E7
  61 01a0 CF7577F5 		.ascii	"\317uw\365\027\372\012\027\257\016^*\024\273\363\352"
  61      17FA0A17 
  61      AF0E5E2A 
  61      14BBF3EA 
  62 01b0 17E35367 		.ascii	"\027\343Sg\317D\3058\352\357\035\210\342+y={.\367\016"
  62      CF44C538 
  62      EAEF1D88 
  62      E22B793D 
  62      7B2EF70E 
  63 01c4 9CCC13F7 		.ascii	"\234\314\023\367\015\306\377\000\237i\317\302"
  63      0DC6FF00 
  63      9F69CFC2 
  64              		.text
  65              		.section	.gnu.lto_palWriteBus.9526f626,"",%progbits
  66 0000 789C9553 		.ascii	"x\234\225SMh\023A\024\236og\263?\311F=\012\366\320\203"
  66      4D681341 
  66      149E6F67 
  66      B33FC946 
  66      3D0AF6D0 
  67 0015 107A71D1 		.ascii	"\020zq\321C\205^E\217^\274\026\244\211\207\006\012\021"
  67      43855E45 
  67      8F5EBC16 
  67      A4898706 
  67      0A11
  68 0027 D39EBB89 		.ascii	"\323\236\273\211M*-UA\232T\351\262\242\324\032\265\177"
  68      4D2A2D55 
  68      419A54E9 
  68      B2A2D41A 
  68      B57F
  69 0039 FEA70709 		.ascii	"\376\247\007\011\361P\220\252\264\007\275(\212V\241"
  69      F15090AA 
  69      B407BD28 
  69      8A56A1
  70 0048 07A11641 		.ascii	"\007\241\026A\017\222\370\336l\243U\274t`\336\314\373"
  70      0F92F8DE 
ARM GAS  C:\Users\CYIRKO~1\AppData\Local\Temp\ccTWs3L8.s 			page 5


  70      6CA355BC 
  70      7460DECC 
  70      FB
  71 0059 FBE6BDEF 		.ascii	"\373\346\275\357\355F\204&\216K!\272\204\020\373hC\012"
  71      ED468426 
  71      8E4B21BA 
  71      8410FB68 
  71      430A
  72 006b 68175F08 		.ascii	"h\027_\010\221\2634\200/\236\0051\250a\020\027dY\242"
  72      91B33480 
  72      2F9E0531 
  72      A8611017 
  72      6459A2
  73 007e 3EFCB9AA 		.ascii	">\374\271\252uL{\264j\345oF\321+\354\015(\3752m^\230"
  73      754C7BB4 
  73      6AE56F46 
  73      D12BEC0D 
  73      28FD326D 
  74 0094 460745AD 		.ascii	"F\007E\255\014\315O\312\3632\220\200N\352\327\347W>"
  74      0CCD4FCA 
  74      F3329080 
  74      4EEAD7E7 
  74      573E
  75 00a6 EE625543 		.ascii	"\356bUC;\251\205\225rQ\312C\020t\177\373\356}\305JL"
  75      3BA98595 
  75      7251CA43 
  75      10747FFB 
  75      EE7DC54A 
  76 00bb 795EDEAB 		.ascii	"y^\336\253-_\222\336\376@J\334\202$@T\320\206\233h\023"
  76      2D5F92DE 
  76      FE404ADC 
  76      82244054 
  76      D0869B68 
  77 00d0 6412B88D 		.ascii	"d\022\270\215\004\205\373\215kK1\331\251R\253\301d\305"
  77      0485FB8D 
  77      6B4B31D9 
  77      A952ABC1 
  77      64C5
  78 00e2 D84A7D33 		.ascii	"\330J}3\256Ru\334\3717U\027\230A\202\343?,4\306\343"
  78      AE5275DC 
  78      F9375517 
  78      984182E3 
  78      3F2C34C6 
  79 00f7 867EBD55 		.ascii	"\206~\275U.fa\200\316\271U\324\274Fs\230\012\270\201"
  79      2E666180 
  79      CEB955D4 
  79      BC467398 
  79      0AB881
  80 010a E6B1DDD4 		.ascii	"\346\261\335\3247=&)7\242\203\223#t5\014\026&\013\213"
  80      373D2629 
  80      37A28393 
  80      2374350C 
  80      16260B8B 
  81 011e 8469B388 		.ascii	"\204i\263\210\262\032c\341\260\210\263\020b\204\300"
  81      B21A63E1 
  81      B088B310 
  81      6284C0
ARM GAS  C:\Users\CYIRKO~1\AppData\Local\Temp\ccTWs3L8.s 			page 6


  82 012d 99B851A9 		.ascii	"\231\270Q\251\361)\327\221_\\\177\222\342\347|\311\034"
  82      F129D791 
  82      5F5C7F92 
  82      E2E77CC9 
  82      1C
  83 013e 960AF597 		.ascii	"\226\012\365\227&\323!U\037\337\227\236\235s\002\370"
  83      26D32155 
  83      1FDF979E 
  83      9D7302F8 
  84 014e 39E2B43D 		.ascii	"9\342\264=\220\226O4\315Q\355\354\233Z\313\317\232\356"
  84      90964F34 
  84      CD51EDEC 
  84      9B5ACBCF 
  84      9AEE
  85 0160 8C17BA6C 		.ascii	"\214\027\272l\314#\300\204\342\032\013p\005A7\212\010"
  85      CC23C084 
  85      E21A0B70 
  85      0541378A 
  85      08
  86 0171 91233EF5 		.ascii	"\221#>\365\312o\331\241n\354\010Z\307]\005\315\204\340"
  86      CA6FD9A1 
  86      6EEC085A 
  86      C75D05CD 
  86      84E0
  87 0183 9E823EFB 		.ascii	"\236\202>\373\263\005m*tc;\272\265#\364(\356+t\215\321"
  87      B3056D2A 
  87      74633BBA 
  87      B523F428 
  87      EE2B748D 
  88 0198 1F84E8A5 		.ascii	"\037\204\350\245\026\272\035\242\255n,\3731f\305\304"
  88      16BA1DA2 
  88      AD6E2CFB 
  88      3166C5C4 
  89 01a8 1E3C2418 		.ascii	"\036<$\030\212\331h\305DU\021\366_U\305\250\341\260"
  89      8AD968C5 
  89      445511F6 
  89      5F55C5A8 
  89      E1B0
  90 01ba AA3F718E 		.ascii	"\252?q\2162[l\373\321\262\305U\272C\266zIU\277}\004"
  90      325B6CFB 
  90      D1B2C555 
  90      BA43B67A 
  90      4955BF7D 
  91 01cf F6FF4640 		.ascii	"\366\377F@\020\022\217\266:y\275\271\371\324\241N\206"
  91      10128FB6 
  91      3A79BDB9 
  91      F9D4A14E 
  91      86
  92 01e0 72EC72F0 		.ascii	"r\354r\360Xu\3023 \347\350\332\247W\221\337\3168\252"
  92      5875C233 
  92      20E7E8DA 
  92      A75791DF 
  92      CE38AA
  93 01f3 7027680C 		.ascii	"p'h\014\324\345\"\\zZ|A\376jsLU\242~\220\021b\230>\012"
  93      D4E5225C 
  93      7A5A7C41 
  93      FE6A734C 
ARM GAS  C:\Users\CYIRKO~1\AppData\Local\Temp\ccTWs3L8.s 			page 7


  93      55A27E90 
  94 020c 22C23DDA 		.ascii	"\"\302=\332\325}\2447\235L\237\350\0378\225\316t\247"
  94      D57DA437 
  94      9D4C9FE8 
  94      1F3895CE 
  94      74A7
  95 021e F89EC91E 		.ascii	"\370\236\311\036<\334\351f\262noO\237\233=\223\342\363"
  95      3CDCE966 
  95      B26E6F4F 
  95      9F9B3D93 
  95      E2F3
  96 0230 E4E99EBE 		.ascii	"\344\351\236\276\003)!\223\003Y=\231\356\317\376\002"
  96      03292193 
  96      03593D99 
  96      EECFFE02 
  97 0240 F9EC1011 		.ascii	"\371\354\020\021"
  98              		.text
  99              		.section	.gnu.lto_palSetBusMode.9526f626,"",%progbits
 100 0000 789C9592 		.ascii	"x\234\225\222\315kSA\024\305\357\231\373\222\367b[\327"
 100      CD6B5341 
 100      14C5EF99 
 100      FB92F762 
 100      5BD7
 101 0012 825D6421 		.ascii	"\202]d!\204n|\350\242B\267\"\376\001n\\\024\244M\204"
 101      846E7CE8 
 101      A242B722 
 101      FE016E5C 
 101      14A44D84 
 102 0026 065A22C6 		.ascii	"\006Z\"\306\2563\215&\225\012\255Pj\254\030^\241\204"
 102      AE338D26 
 102      950AAD50 
 102      6AAC185E 
 102      A184
 103 0038 5AB5DF2A 		.ascii	"Z\265\337*\304R\010\335\010~\322n\265(*B\321\202\342"
 103      C45208DD 
 103      087ED26E 
 103      B5282A42 
 103      D182E2
 104 004b C28DADDE 		.ascii	"\302\215\255\336;\321\205\356:03wf\356\371\315\235\303"
 104      3BD185EE 
 104      3A303377 
 104      66EEF9CD 
 104      9DC3
 105 005d C4C850C6 		.ascii	"\304\310P\306\020u\021\321a\351`\202\271\376\222h(0"
 105      107511D1 
 105      61E96082 
 105      B9FE9268 
 105      2830
 106 006f 80063600 		.ascii	"\200\0066\000\025\014\012\030\343\012c}\370S\335t\314"
 106      150C0A18 
 106      E30A637D 
 106      F853DD74 
 106      CC
 107 0080 58698DCA 		.ascii	"Xi\215\312\246_\266\245C\021\023MJ\327\206\031tH\326"
 107      A65FB6A5 
 107      4311134D 
 107      4AD78619 
ARM GAS  C:\Users\CYIRKO~1\AppData\Local\Temp\ccTWs3L8.s 			page 8


 107      7448D6
 108 0093 C695C5DB 		.ascii	"\306\225\305\333<\312\021\003\236,\277\275\270\365\341"
 108      3CCA1103 
 108      9E2CBFBD 
 108      B8F5E1
 109 00a2 A02E0D92 		.ascii	"\240.\015\222\262,mT\312\314\307A\022o\275}7\033\244"
 109      B22C6D54 
 109      CACCC741 
 109      126FBD7D 
 109      371BA4
 110 00b5 6AD6166D 		.ascii	"j\326\026m\343\3158\333#\0213\356\202\005\210Y\264\343"
 110      E3CD38DB 
 110      231133EE 
 110      82058859 
 110      B4E3
 111 00c7 0EDA49B6 		.ascii	"\016\332I\266\010\367\220\222\364\357+\265\361\026\356"
 111      08F79092 
 111      F4EF2BB5 
 111      F116EE
 112 00d6 74D267A3 		.ascii	"t\322g\243kg\377(\237O8\245\207\373\377+=\302\034R\232"
 112      6B67FF28 
 112      9F4F38A5 
 112      87FBFF2B 
 112      3DC21C52 
 113 00eb FE7E696F 		.ascii	"\376~io\242-\356M\377\255\026\363\210C\346\205M4\354"
 113      A22DEE4D 
 113      FFAD16F3 
 113      8843E685 
 113      4D34EC
 114 00fe DEAF61DB 		.ascii	"\336\257a\333\370Y\303\326\351\204<[\356b\321\306<\031"
 114      F859C3D6 
 114      E9843C5B 
 114      EE62D1C6 
 114      3C19
 115 0110 E23119FC 		.ascii	"\3421\031\374\270F>\034\213FD\256\316\\c\2433o\243\370"
 115      B8463E1C 
 115      8B4644AE 
 115      CE5C63A3 
 115      336FA3F8 
 116 0124 787B27AD 		.ascii	"x{'\255\300*\253I7J\353\257|}/\273B\177<yz\2655BuHL"
 116      C02AAB49 
 116      374AEBAF 
 116      7C7D2FBB 
 116      427F3C79 
 117 013f 4B461C54 		.ascii	"KF\034T\305\207\005\251N\317j\037\213\363~8g\233G\011"
 117      C58705A9 
 117      4ECF6A1F 
 117      8BF37E38 
 117      679B4709 
 118 0153 2C22C24D 		.ascii	",\"\302Mg&\226\020\222\242\023M\260\267/\322\001,;\222"
 118      67269610 
 118      92A2134D 
 118      B0B72FD2 
 118      012C3B92 
 119 0167 BE102BFF 		.ascii	"\276\020+\377\222b\373\"\265\340\201#\031%=t\244\313"
 119      9262FB22 
 119      B5E08123 
ARM GAS  C:\Users\CYIRKO~1\AppData\Local\Temp\ccTWs3L8.s 			page 9


 119      19253D74 
 119      A4CB
 120 0179 5FCB68A2 		.ascii	"_\313h\242\264.\001\322g\224\223\272\243\362z\375\313"
 120      B42E01D2 
 120      679493BA 
 120      A3F27AFD 
 120      CB
 121 018a 6BBFB06B 		.ascii	"k\277\260k\203\210['\265\000<B\201\304\031\227\356G"
 121      83885B27 
 121      B5003C42 
 121      81C41997 
 121      EE47
 122 019c DC463B28 		.ascii	"\334F;(N\255\2169\206\3736#\222&N\312\025\341\251\256"
 122      4EAD8E39 
 122      86FB3623 
 122      92264ECA 
 122      15E1A9AE 
 123 01b0 EE937DD9 		.ascii	"\356\223}\331\336\354\231K\203\231l\256;\255q.\177\354"
 123      DEEC994B 
 123      83996CAE 
 123      3BAD712E 
 123      7FEC
 124 01c2 446798CB 		.ascii	"Dg\230\313\207}=\375a\376bZ\347s\027z\372\217\246\211"
 124      877D3DFD 
 124      61FE625A 
 124      E773177A 
 124      FA8FA689 
 125 01d6 7B07F3DE 		.ascii	"{\007\363\336@.s\3767\254/\315\203"
 125      402E73FE 
 125      37AC2FCD 
 125      83
 126              		.text
 127              		.section	.gnu.lto_.symbol_nodes.9526f626,"",%progbits
 128 0000 789C6365 		.ascii	"x\234ce`b\010d\000\002\2469L\365\014\014\023\31610\000"
 128      60620864 
 128      0002A639 
 128      4CF50C0C 
 128      13CE3130 
 129 0015 A95D0D8E 		.ascii	"\251]\015\216@\221\271L\365\214\250\"\363\230\352\231"
 129      4091B94C 
 129      F58CA822 
 129      F398EA99 
 130 0025 50441817 		.ascii	"PD\030\0272\3253\203E\030\030\032\032\034\030\030\230"
 130      32D53383 
 130      4518181A 
 130      1A1C1818 
 130      98
 131 0036 99981996 		.ascii	"\231\230\031\226<\374\307\310\000\000A\023\024\024"
 131      3CFCC7C8 
 131      00004113 
 131      1414
 132              		.text
 133              		.section	.gnu.lto_.refs.9526f626,"",%progbits
 134 0000 789C6365 		.ascii	"x\234ce`b`d\000\002\000\000I\000\011"
 134      60626064 
 134      00020000 
 134      490009
ARM GAS  C:\Users\CYIRKO~1\AppData\Local\Temp\ccTWs3L8.s 			page 10


 135              		.text
 136              		.section	.gnu.lto_.decls.9526f626,"",%progbits
 137 0000 789CAD58 		.ascii	"x\234\255X{P\024G\032\237oz\027\226aA\013\274\234U1"
 137      7B501447 
 137      1A9F6F7A 
 137      17966141 
 137      0BBC9C55 
 138 0015 29CE42DD 		.ascii	")\316B\335\273\272\210`\225^\345Qe\022MLE\017k5\311"
 138      BBBA8860 
 138      955EE551 
 138      65124D4C 
 138      450F6B35 
 139 002a 5D1D555B 		.ascii	"]\035U[\010k\244\016Y\217]\256*\177\335\300\222\340"
 139      086BA40E 
 139      598F5DAE 
 139      2A7FDDC0 
 139      92E0
 140 003c 5B508380 		.ascii	"[P\203\200\217C\360\305CE\343\013\001\345\000_ >\210"
 140      8F43F0C5 
 140      4345E30B 
 140      01E5005F 
 140      203E88
 141 004f CA431014 		.ascii	"\312C\020\024\361I\024\221 \222(\367u\367\354\316\270"
 141      F1491491 
 141      209228F7 
 141      75F7ECCE 
 141      B8
 142 0060 D94DAEEA 		.ascii	"\331M\256\3522EOO\367\374\276\357\373}\217\356\351E"
 142      32454F4F 
 142      F7FCBEEF 
 142      FB7D8FEE 
 142      E945
 143 0072 2F884240 		.ascii	"/\210B@\250 \370\023A\220A\020F\360\322\011\202\260"
 143      A820F813 
 143      41904110 
 143      46F0D209 
 143      82B0
 144 0084 47502F3A 		.ascii	"GP/:\016\304w\243\261\215\305\366:\010?\271~+\012\202"
 144      0EC477A3 
 144      B18DC5F6 
 144      3A083FB9 
 144      7E2B0A82 
 145 0098 11FB106C 		.ascii	"\021\373\020lc\260\225c3 n\000\373I\330\242\261\371"
 145      63B09563 
 145      33206E00 
 145      FB49D8A2 
 145      B1F9
 146 00aa E3F829F6 		.ascii	"\343\370)\366\375\330\216c{\241\350\006\234\177@\225"
 146      FDD88E63 
 146      7BA1E806 
 146      9C7F4095 
 147 00ba 602F02EB 		.ascii	"`/\002\353\230=\332\277\341a\353wh'\030\373O5\266\250"
 147      983DDABF 
 147      E161EB77 
 147      682718FB 
 147      4F35B6A8 
 148 00ce 1D6ACF9B 		.ascii	"\035j\317\233\255\027\212\275V\305\246^\261G\355P\003"
ARM GAS  C:\Users\CYIRKO~1\AppData\Local\Temp\ccTWs3L8.s 			page 11


 148      AD178ABD 
 148      56C5A65E 
 148      B147ED50 
 148      03
 149 00df 0FB16BE1 		.ascii	"\017\261k\341\217\314?\332Gy\330\214\364a3\324\207\177"
 149      8FCC3FDA 
 149      4779D88C 
 149      F46133D4 
 149      877F
 150 00f1 E58ADDA9 		.ascii	"\345\212\335\2518~\015\033\361\260\211\352\334q\244"
 150      387E0D1B 
 150      F1B089EA 
 150      DC71A4
 151 0100 536F79D8 		.ascii	"Soy\330\333H\340\360\352\272*\361:\264\003ba4\233\005"
 151      DB48E0F0 
 151      EABA2AF1 
 151      3AB40362 
 151      61349B05 
 152 0114 E077608D 		.ascii	"\340w`\215\015G\\\027\000\233\307YQP\224\272\246\300"
 152      0D475C17 
 152      009BC759 
 152      515094BA 
 152      A6C0
 153 0126 25A18C45 		.ascii	"%\241\214Ee(**\331\237\"\014\032\215\3745\267\344\272"
 153      65282A2A 
 153      D99F220C 
 153      1A8DFC35 
 153      B7E4BA
 154 0139 387DFEC0 		.ascii	"8}\376\300\304\\\322 \252\006\000\264\002\032\205\234"
 154      C45CD220 
 154      AA0600B4 
 154      021A859C 
 155 0149 B6F2DECD 		.ascii	"\266\362\336\315OP\235\003\227\367\217s\317\335\226"
 155      4F509D03 
 155      97F78F73 
 155      CFDD96
 156 0158 3AA183CE 		.ascii	":\241\203\316\346\317\0006w\243\251\362\271\201`\010"
 156      E6CF0036 
 156      77A3A9F2 
 156      B9816008 
 157 0168 F1B9F3D9 		.ascii	"\361\271\363\331\356\017&\227\312\3742\274\246\206\355"
 157      EE0F2697 
 157      CAFC32BC 
 157      A686ED
 158 0177 527AD966 		.ascii	"Rz\331f\262\206@\210\004:\252\2471\257;\030\207c$\010"
 158      B2864088 
 158      043AAAA7 
 158      31AF3B18 
 158      87632408 
 159 018b C3615EC5 		.ascii	"\303a^\305@\275\236\2775\340pdg\331r\003y\205i\3548"
 159      40BD9EBF 
 159      35E07064 
 159      67D97203 
 159      798569EC 
 160 01a0 53544205 		.ascii	"STB\005'I@\311\216\302\251}\275\345\317\202\370\024"
 160      274940C9 
 160      8EC2A97D 
ARM GAS  C:\Users\CYIRKO~1\AppData\Local\Temp\ccTWs3L8.s 			page 12


 160      BDE5CF82 
 160      F814
 161 01b2 4534ADED 		.ascii	"E4\255\355\337\356O^\245\317bn}s\215\016L\322Nj\277"
 161      DFEE4F5E 
 161      A5CF626E 
 161      7D738D0E 
 161      4CD24E6A 
 162 01c7 FAE9C0A4 		.ascii	"\372\351\300\244\254\014Y\026\341\033\220`?\020(\206"
 162      AC0C5916 
 162      E11B9060 
 162      3F102886 
 163 01d7 C9D49B49 		.ascii	"\311\324\233I\022\336\227\311r\232\234\351\224\003f"
 163      12DE97C9 
 163      729A9CE9 
 163      940366
 164 01e6 0B500AE3 		.ascii	"\013P\012\343\240\004\306\011p\000LT-\305A\031N\356"
 164      A004C609 
 164      70004C54 
 164      2DC54119 
 164      4EEE
 165 01f8 C3493451 		.ascii	"\303I4Q\264=\253\300\217\254\006f\343\324\361k-:\220"
 165      B43DABC0 
 165      8FAC0666 
 165      E3D4F16B 
 165      2D3A90
 166 020b 4C5E151C 		.ascii	"L^\025\034\366\242@!S<\376\324\227\224\314!$sP%\203"
 166      F6A24021 
 166      533CFED4 
 166      9794CC21 
 166      24735025 
 167 0220 DC7888D2 		.ascii	"\334x\210\322\353\006\263\202H?7\262\346\344\351gz\267"
 167      EB06B382 
 167      483F37B2 
 167      E6E4E967 
 167      7AB7
 168 0232 232327DE 		.ascii	"##'\336\276pY\226\303\240\034e\217\250\262\207\300\247"
 168      BE705996 
 168      C3A01C65 
 168      8FA8B287 
 168      C0A7
 169 0244 2747BD7B 		.ascii	"'G\275{r\345q\177v09\305\263\265\351I\307\275\000\036"
 169      72E5717F 
 169      763039C5 
 169      B3B5E949 
 169      C7BD001E 
 170 0258 76932629 		.ascii	"v\223&)!<)C\333n\255\023I#\207.+]SK$\264\344\374\237"
 170      213C2943 
 170      DB6EAD13 
 170      4923872E 
 170      2B5D534B 
 171 0271 5C4689B2 		.ascii	"\\F\211\262\221\015]A\244\211\213?L\357\351\012\344"
 171      910D5D41 
 171      A4898B3F 
 171      4CEFE90A 
 171      E4
 172 0282 AAC7E270 		.ascii	"\252\307\342p\317P\347a=i\346\357Vo\250\251\321\221"
 172      CF50E761 
ARM GAS  C:\Users\CYIRKO~1\AppData\Local\Temp\ccTWs3L8.s 			page 13


 172      3D69E6EF 
 172      566FA8A9 
 172      D191
 173 0294 763E28CC 		.ascii	"v>(\314\315\312\320\223\033|P\264.\263L\"\335|\320\324"
 173      CDCAD093 
 173      1B7C50B4 
 173      2EB34C22 
 173      DD7CD0D4 
 174 02a8 776E4B20 		.ascii	"wnK /\231\3218<9\362\264z\024\327(\3420\247\270y8\200"
 174      2F99D138 
 174      3C39F2B4 
 174      7A14D728 
 174      E230A7B8 
 175 02bf F470E88E 		.ascii	"\364p\350\216\341\037\372h\315L\2445C4\0253\221W\314"
 175      E11FFA68 
 175      CD4CA435 
 175      43341533 
 175      9157CC
 176 02d2 8986B33B 		.ascii	"\211\206\263;\215\344\001\003\213\231\333JV\006\270"
 176      8DE40103 
 176      8B99DB4A 
 176      5606B8
 177 02e1 D289EEE9 		.ascii	"\322\211\356\351M\002\234D7NQ\337\316\241o\023\025\337"
 177      4D029C44 
 177      374E51DF 
 177      CEA16F13 
 177      15DF
 178 02f3 CEE2E419 		.ascii	"\316\342\344\0315\235\007_/\227\345\321\320\200\031"
 178      359D075F 
 178      2F97E5D1 
 178      D08019
 179 0302 A9573332 		.ascii	"\251W32QI\346\361\254k\267%2\310M\374\350\314~\244\251"
 179      5149E6F1 
 179      AC6BB725 
 179      32C84DFC 
 179      E8CC7EA4 
 180 0317 CAE2A83A 		.ascii	"\312\342\250:V\010\027P\264Q\025mP\223\351I\343\274"
 180      56081750 
 180      B451156D 
 180      5093E949 
 180      E3BC
 181 0329 171A6824 		.ascii	"\027\032h$m\250\240\322@F\230\021\335\223\301Um\022"
 181      6DA8A0D2 
 181      40469811 
 181      DD93C155 
 181      6D12
 182 033b 8486879B 		.ascii	"\204\206\207\233\262\250\231LY\236!\252Y\022\340\022"
 182      B2A8994C 
 182      599E21AA 
 182      5912E012 
 183 034b 84520570 		.ascii	"\204R\005p\031u}\013\341\320\004\341lq\026P\203Xa\341"
 183      19757D0B 
 183      E1D004E1 
 183      6C711650 
 183      835861E1 
 184 035f 55FD5DB2 		.ascii	"U\375]\262\274\302\310h\235FZT\300\315 \202\2528I\025"
 184      BCC2C868 
ARM GAS  C:\Users\CYIRKO~1\AppData\Local\Temp\ccTWs3L8.s 			page 14


 184      9D465A54 
 184      C0CD2082 
 184      AA384915 
 185 0373 290235EF 		.ascii	")\0025\357\344\310\325i\204\241/zEGR0w\371E\245\204"
 185      E4C8D569 
 185      84A12F7A 
 185      45475230 
 185      77F945A5 
 186 0388 DB01C508 		.ascii	"\333\001\305\010\212\267|[\320]\276\376p\035@\370\030"
 186      8AB77C5B 
 186      D05DBEFE 
 186      701D40F8 
 186      18
 187 0399 53780103 		.ascii	"Sx\001\003^\255\012Nej\251\272:T{\025\306\250\225\246"
 187      5EAD0A4E 
 187      656AA9BA 
 187      3A547B15 
 187      C6A895A6 
 188 03ad AA5DC75C 		.ascii	"\252]\307\\t\3123tZ\027)\230\272\330\214.\266\240\213"
 188      74CA3374 
 188      5A172998 
 188      BAD88C2E 
 188      B6A08B
 189 03c0 57141739 		.ascii	"W\024\0279\211\207\225cSe\031(J\313\202\2733X\031\262"
 189      89879563 
 189      53651928 
 189      4ACB82BB 
 189      335819B2 
 190 03d4 DE299F99 		.ascii	"\336)\237\231\302Vg\255o\303\030\365\376\312\206s\342"
 190      C25667AD 
 190      6FC318F5 
 190      FECA8673 
 190      E2
 191 03e5 186490EA 		.ascii	"\030d\220\352\223\201\360\222yM\361\206\360\342M\257"
 191      9381F092 
 191      794DF186 
 191      F0E24DAF 
 192 03f5 BD72C848 		.ascii	"\275r\310H\234\204UcO\303\2764\003\311\340\203\255\215"
 192      9C845563 
 192      4FC3BE34 
 192      03C9E083 
 192      AD8D
 193 0407 7B1BF464 		.ascii	"{\033\364d%\037T\224\354m\022I\026\037\224\226\367\255"
 193      251F5494 
 193      EC6D1249 
 193      161F9496 
 193      F7AD
 194 0419 0492CB07 		.ascii	"\004\222\313\007\2173\3669H>\177N\337\222yA\344\272"
 194      8F33F639 
 194      483E7F4E 
 194      DF927941 
 194      E4BA
 195 042b FF88C3EC 		.ascii	"\377\210\303\354\345\233\273t|\235t\321\225q\340\352"
 195      E59BBB74 
 195      7C9D74D1 
 195      9571E0EA 
 196 043b EE0A03D9 		.ascii	"\356\012\003\331\311\260A\231E\231G$\010\307+4\234_"
ARM GAS  C:\Users\CYIRKO~1\AppData\Local\Temp\ccTWs3L8.s 			page 15


 196      C9B04199 
 196      45994724 
 196      08C72B34 
 196      9C5F
 197 044d A60239DD 		.ascii	"\246\0029\335\211\351|;W\256N\307\272E\367;\321\375"
 197      89E97C3B 
 197      57AE4EC7 
 197      BA45F73B 
 197      D1FD
 198 045f BB18FF97 		.ascii	"\273\030\377\227\335/U\222O\321\303\357\250\350nOt\005"
 198      DD2F5592 
 198      4FD1C3EF 
 198      A8E86E4F 
 198      7405
 199 0471 B8A3C5D1 		.ascii	"\270\243\305\321\3675\350\023\236\350JOt\277\006]\345"
 199      F735E813 
 199      9EE84A4F 
 199      74BF065D 
 199      E5
 200 0482 1DCDA9B8 		.ascii	"\035\315\251\270\313\0343p\023\0017\330\273\273J\231"
 200      CB1C3370 
 200      130137D8 
 200      BBBB4A99 
 201 0492 F7610DF4 		.ascii	"\367a\015\364b\022na\273\207\355;l\017\260=\302\366"
 201      62126E61 
 201      BB87ED3B 
 201      6C0FB03D 
 201      C2F6
 202 04a4 10DB7D6C 		.ascii	"\020\333}l\267\261\335\301\326\343^\012\224@\275&\024"
 202      B7B1DDC1 
 202      D6E35E0A 
 202      9440BD26 
 202      14
 203 04b5 D73D09EC 		.ascii	"\327=\011\354\361\244{SC\367?\236\350j\360\214\\\233"
 203      F1A47B53 
 203      43F73F9E 
 203      E86AF08C 
 203      5C9B
 204 04c7 4679BB27 		.ascii	"Fy\273'\274\315S\371\360[*\272\313kV4\340&\215\352\016"
 204      BCCD53F9 
 204      F05B2ABA 
 204      CB6B5634 
 204      E0268DEA 
 205 04dc EFBCDD4C 		.ascii	"\357\274\335Lp\221]\257\2228\276\025k\266\306;s\215"
 205      70915DAF 
 205      9238BE15 
 205      6BB6C63B 
 205      738D
 206 04ee F6DBAE05 		.ascii	"\366\333\256\005B\325_\363\316\234\253WV[E\010[mw=\327"
 206      42D55FF3 
 206      CE9CAB57 
 206      565B4508 
 206      5B6D773D 
 207 0503 3C54370E 		.ascii	"<T7\016\035\324\223bV\220\342\275MwK\374!\324\344-\231"
 207      1DD49362 
 207      5690E2BD 
 207      4D774BFC 
ARM GAS  C:\Users\CYIRKO~1\AppData\Local\Temp\ccTWs3L8.s 			page 16


 207      21D4E42D 
 208 0518 F00473F8 		.ascii	"\360\004s\370\377\344\22339u\334\217n>\375\250\350\261"
 208      FFE49333 
 208      3975DC8F 
 208      6E3EFDA8 
 208      E8B1
 209 052a BADB525E 		.ascii	"\272\333R^\214\316\212\372\266\265\301\306\025\356o"
 209      8CCE8AFA 
 209      B6B5C1C6 
 209      15EE6F
 210 0539 2803AA2B 		.ascii	"(\003\252+z\000\214\212\010b\217,\317\271\023D\216p"
 210      7A008C8A 
 210      08628F2C 
 210      CFB91344 
 210      8E70
 211 054b EA57CE3F 		.ascii	"\352W\316?.\017\006\223\221[9\3376\332I\375}\212\370"
 211      2E0F0693 
 211      915B39DF 
 211      36DA49FD 
 211      7D8AF8
 212 055e EF553328 		.ascii	"\357U3(\216\235\017\3550\210N\275d\340\207\273\033Z"
 212      8E9D0FED 
 212      30884EBD 
 212      64E087BB 
 212      1B5A
 213 0570 81AF6523 		.ascii	"\201\257e#\335\340+Z\263F)k\231\276\036X\337\326\031"
 213      DDE02B5A 
 213      B346296B 
 213      99BE1E58 
 213      DFD619
 214 0583 4C6AC84B 		.ascii	"Lj\310K'\243\350\237\236\214\242\371w\256\367\342\205"
 214      27A3E89F 
 214      9E8CA2F9 
 214      77AEF7E2 
 214      85
 215 0594 6F819CE5 		.ascii	"o\201\234\345t\353\266v\037\360\363ul\031A\"\321\312"
 215      74EBB676 
 215      1FF0F375 
 215      6C194122 
 215      D1CA
 216 05a6 07E6479C 		.ascii	"\007\346G\234\374A\375\316\015G\015\2623\324\013\314"
 216      FC41FDCE 
 216      0D470DB2 
 216      33D40BCC 
 217 05b6 FB73D5B1 		.ascii	"\373s\325\261h\376\241\323_\256\252\317\321\323\035"
 217      68FEA1D3 
 217      5FAEAACF 
 217      D1D31D
 218 05c5 25D4C477 		.ascii	"%\324\304w\322G\253\311\321\035\347W\311\3715\300d\206"
 218      D247ABC9 
 218      D11DE757 
 218      C9F935C0 
 218      6486
 219 05d7 51C629FA 		.ascii	"Q\306)\372ZBT\242\377\367\274\020i\350\216y\242#<\300"
 219      5A4254A2 
 219      FFF7BC10 
 219      69E88E79 
ARM GAS  C:\Users\CYIRKO~1\AppData\Local\Temp\ccTWs3L8.s 			page 17


 219      A2233CC0 
 220 05eb 37FFC0C1 		.ascii	"7\377\300\301\364$\264\327+\370\247\273\3033|?\304\254"
 220      F424B4D7 
 220      2BF8A7BB 
 220      C3337C3F 
 220      C4AC
 221 05fd 5234ADA6 		.ascii	"R4\255\246t\321\004\251b8\244a\223Em\265\\-\342u\213"
 221      74D104A9 
 221      6238A461 
 221      93456DB5 
 221      5C2DE275 
 222 0612 488FBA7D 		.ascii	"H\217\272}V\364d\200\220\033:~>{8\224g\000S\250\222"
 222      56F46480 
 222      901B3A7E 
 222      3E7B3894 
 222      670053A8 
 223 0627 FC125662 		.ascii	"\374\022Vb\031\250\375K\321\035\"\252\302;\021\370\012"
 223      19A8FD4B 
 223      D11D22AA 
 223      C23B11F8 
 223      0A
 224 0638 EDFF1C17 		.ascii	"\355\377\034\0274w5s\315\356@m]f\210\332\272\\&\032"
 224      34773573 
 224      CDEE406D 
 224      5D6688DA 
 224      BA5C261A 
 225 064c 15E0B196 		.ascii	"\025\340\261\226\007\267D\235\310\347`\241\216\316\255"
 225      07B7449D 
 225      C8E760A1 
 225      8ECEAD
 226 065b 5C5BB53D 		.ascii	"\\[\265=`l6;\206;\345\321\"\013\227\353\363,\300\012"
 226      606C363B 
 226      863BE5D1 
 226      220B97EB 
 226      F32CC00A 
 227 066f 712CDE97 		.ascii	"q,\336\227\213:\256aY\373\321\3230>_\316\357\302\203"
 227      8B3AAE61 
 227      59FBD1D3 
 227      303E5FCE 
 227      EFC283
 228 0682 C066B2BC 		.ascii	"\300f\262\274\3664\246\017fP\030\024\251)\307G\274\357"
 228      F634A60F 
 228      66501814 
 228      A929C747 
 228      BCEF
 229 0694 C6EF03EC 		.ascii	"\306\357\003\354\302\235Q\200\225\342x\224\336\225\343"
 229      C29D5180 
 229      95E27894 
 229      DE95E3
 230 06a3 6C08241B 		.ascii	"l\010$\033\365\254\344\362:\332oI\214\014\265\310\311"
 230      F5ACE4F2 
 230      3ADA6F49 
 230      8C0CB5C8 
 230      C9
 231 06b4 5CEA3877 		.ascii	"\\\3528wV\347&\270Zd\223\337V\354\2526h\031~\372\212"
 231      56E726B8 
 231      5A6493DF 
ARM GAS  C:\Users\CYIRKO~1\AppData\Local\Temp\ccTWs3L8.s 			page 18


 231      56ECAA36 
 231      68197EFA 
 232 06c9 86E05A46 		.ascii	"\206\340ZFp\215\213\340\225\264\206r\242\020\274\272"
 232      708D8BE0 
 232      95B48672 
 232      A210BCBA 
 233 06d9 C9881580 		.ascii	"\311\210\025\200g$\254I\204\301*5\340\370\3702\301L"
 233      6724AC49 
 233      84C12A35 
 233      E0F8F832 
 233      C14C
 234 06eb 46F0F9F5 		.ascii	"F\360\371\365\356~\221\024r\202\305\215E?\352\310~6"
 234      EE7E9114 
 234      7282C58D 
 234      453FEAC8 
 234      7E36
 235 06fd 1057D76C 		.ascii	"\020W\327l\3565\372Z\023\033D_G\371\221\023SZ\330q|"
 235      EE35FA5A 
 235      131B445F 
 235      47F99113 
 235      535AD871 
 236 0712 BD28C13A 		.ascii	"\275(\301:\321\3438NS\262v\307\020a\036S\004\217B\247"
 236      D1E3384E 
 236      53B276C7 
 236      10611E53 
 236      048F42A7 
 237 0726 DCDF4BDC 		.ascii	"\334\337K\334Q\370\232G\241\347\321\360F\177\237Q\330"
 237      51F89A47 
 237      A1E7D1F0 
 237      467F9F51 
 237      D8
 238 0737 C8A290ED 		.ascii	"\310\242\220\355\212\302\321M\355[\375\3254\335\253"
 238      8AC2D14D 
 238      ED5BFDD5 
 238      34DDAB
 239 0746 ED916549 		.ascii	"\355\221eIGQ\220\245\222\310\362\014B\016\013\302w;"
 239      475190A5 
 239      92C8F20C 
 239      420E0BC2 
 239      773B
 240 0758 9CEB4791 		.ascii	"\234\353G\221c<\010\336\370}\237\321s\036\334\231\313"
 240      633C08DE 
 240      F87D9FD1 
 240      731EDC99 
 240      CB
 241 0769 E3FCB6B5 		.ascii	"\343\374\266\265to\011f\223tqn\342\223\347\263w\324"
 241      746F0966 
 241      9374716E 
 241      E293E7B3 
 241      77D4
 242 077b 139FA4B7 		.ascii	"\023\237\244\2670\322\233]\244\037_\352\335\343\207"
 242      30D29B5D 
 242      A41F5FEA 
 242      DDE387
 243 078a A4BB78DC 		.ascii	"\244\273x\334V9O\255\222\267\001\203A\256\312:\227\262"
 243      56394FAD 
 243      92B70183 
ARM GAS  C:\Users\CYIRKO~1\AppData\Local\Temp\ccTWs3L8.s 			page 19


 243      41AECA3A 
 243      97B2
 244 079c A60F5B19 		.ascii	"\246\017[\031\333\342\366]\357\222\213\234lskz\271\262"
 244      DBE2F65D 
 244      EF928B9C 
 244      6C736B7A 
 244      B9B2
 245 07ae 2706D23D 		.ascii	"'\006\322=\370\306\327'\002\370\236\330\302(6>\311\226"
 245      F8C6D727 
 245      02F89ED8 
 245      C228363E 
 245      C996
 246 07c0 C8758E7D 		.ascii	"\310u\216}\336w\361\271\221c%\352gZY\247"
 246      DE77F1B9 
 246      916325EA 
 246      675A59A7 
 247 07d0 9EFE6A91 		.ascii	"\236\376j\221\2255\204\363\352\022\332.b\272p\317\200"
 247      953584F3 
 247      EA12DA2E 
 247      62BA70CF 
 247      80
 248 07e1 4291FF36 		.ascii	"B\221\3776\032\252\0326\222;L\223\256\253\260\377\201"
 248      1AAA1A36 
 248      923B4C93 
 248      AEABB0FF 
 248      81
 249 07f2 1F98C601 		.ascii	"\037\230\306\001H\330v\272~\322bd1b;\024\266x\345\311"
 249      48D876BA 
 249      7ED26264 
 249      31623B14 
 249      B678E5C9 
 250 0806 A8BEEF5F 		.ascii	"\250\276\357_t\232\237\335\373\012d2V\200\251\343`\012"
 250      749A9FDD 
 250      FB0A6432 
 250      5680A9E3 
 250      600A
 251 0818 16D14E2C 		.ascii	"\026\321N,\242\335\314N\2218\016v\241\241<\334(\350"
 251      A2DDCC4E 
 251      91380E76 
 251      A1A13CDC 
 251      28E8
 252 082a 0C1A6C5D 		.ascii	"\014\032l]3\330\256\013\311T6\2100`\272\267!._\244\374"
 252      33D8AE0B 
 252      C9543688 
 252      3060BAB7 
 252      212E5FA4 
 253 083f 8AC51017 		.ascii	"\212\305\020\027K\212\316l\334\266)@Rl,\373Y\033\210"
 253      4B8ACE6C 
 253      DCB62940 
 253      526C2CFB 
 253      591B88
 254 0852 AE6D1DA8 		.ascii	"\256m\035\250\014\322\352.\3719\335+J\213\213\002'\024"
 254      0CD2EA2E 
 254      F939DD2B 
 254      4A8B8B02 
 254      2714
 255 0864 CA17AB59 		.ascii	"\312\027\253Yi\255\354N\227S\277\302]\260T\014\201\002"
ARM GAS  C:\Users\CYIRKO~1\AppData\Local\Temp\ccTWs3L8.s 			page 20


 255      69ADEC4E 
 255      9753BFC2 
 255      5DB0540C 
 255      8102
 256 0876 CC12AE74 		.ascii	"\314\022\256t\215\360\277qf\001\376\270\330#N\240\337"
 256      8DF0BF71 
 256      6601FEB8 
 256      D8234EA0 
 256      DF
 257 0887 A1E3BB44 		.ascii	"\241\343\273D\322\313\343\237\331\320\371\027\237\361"
 257      D2CBE39F 
 257      D9D0F917 
 257      9FF1
 258 0895 DEE78A77 		.ascii	"\336\347\212w>\247\230\372\244\360A\220\247\373\352"
 258      3EA798FA 
 258      A4F04190 
 258      A7FBEA
 259 08a4 5E5DC628 		.ascii	"^]\306(\356sQl\316\277Sg\364t\310'z\344R\333\341Q\212"
 259      EE73516C 
 259      CEBF5367 
 259      F474C827 
 259      7AE452DB 
 260 08bb 43375F4D 		.ascii	"C7_M\315\257N\015\203\375\2123\270+h\004\367*\316\034"
 260      CDAF4E0D 
 260      83FD8A33 
 260      B82B6804 
 260      F72ACE1C 
 261 08cf 60CE9C39 		.ascii	"`\316\2349]s\205hw]Z\247\252\013\337\360]\227\366\010"
 261      5D738568 
 261      775D5AA7 
 261      AA0BDFF0 
 261      5D97F608 
 262 08e3 AEDFBDE1 		.ascii	"\256\337\275\341\220\037\031VJ\257=\365\205r\014\017"
 262      901F1956 
 262      4AAF3DF5 
 262      85720C0F 
 263 08f3 A604EEB5 		.ascii	"\246\004\356\265\026*e\332\307~\330\336/\257U\376\305"
 263      162A65DA 
 263      C77ED8DE 
 263      2FAF55FE 
 263      C5
 264 0904 1184C317 		.ascii	"\021\204\303\027u}\315A>#u\324\025\251#<Rk\233;\322"
 264      757DCD41 
 264      3E2375D4 
 264      15A9233C 
 264      526B9B3B 
 265 0919 023C2375 		.ascii	"\002<#u\030\363q\210\345\243\234\371~\324\345{\335\345"
 265      18F37188 
 265      E5A39CF9 
 265      7ED4E57B 
 265      DDE5
 266 092b F46BC433 		.ascii	"\364k\3043R\276\321\217\236\356\027\225H\265\275\316"
 266      52BED18F 
 266      9EEE1795 
 266      48B5BDCE 
 267 093b 23754C89 		.ascii	"#uL\211\024n\035\032\301\203J\244*\304\011\202\2644"
 267      146E1D1A 
ARM GAS  C:\Users\CYIRKO~1\AppData\Local\Temp\ccTWs3L8.s 			page 21


 267      C1834AA4 
 267      2AC40982 
 267      B434
 268 094d 36D16C8D 		.ascii	"6\321l\215\215\177/\305n\370\360\317\237\204\275\037"
 268      8D7F2FC5 
 268      6EF8F0CF 
 268      9F84BD1F 
 269 095d 1929E896 		.ascii	"\031)\350\226\304\332\377.Y,)\011I\216\251Q\026\307"
 269      C4DAFF2E 
 269      592C2909 
 269      498EA951 
 269      16C7
 270 096f 22EB9B31 		.ascii	"\"\353\2331q\213\023\026&\330\035)\361\011\266\030\207"
 270      718B1316 
 270      26D81D29 
 270      F109B618 
 270      87
 271 0980 CD96688F 		.ascii	"\315\226h\217\371<)%\214=\205\305&/\011\263.Yh\215\217"
 271      F93C2925 
 271      8C3D85C5 
 271      262F09B3 
 271      2E59688D 
 272 0995 B7C6C74C 		.ascii	"\267\306\307L\233<5,jJ\344\364\177D\306\340\374\033"
 272      9B3C352C 
 272      6A4AE4F4 
 272      7F44C6E0 
 272      FC1B
 273 09a7 49B624EB 		.ascii	"I\266$\353\033\326\330\205\0111\011Iq\211)\361\326\230"
 273      1BD6D885 
 273      09310949 
 273      718929F1 
 273      D698
 274 09b9 25B1A82B 		.ascii	"%\261\250+\311\032c\211\267.\212MItX\034_,\265\332'"
 274      C91A6389 
 274      B72E8A4D 
 274      4974581C 
 274      5F2CB5DA 
 275 09ce 2F160C2E 		.ascii	"/\026\014.{\177\373U\355\331\277\260\307X\354\216xT"
 275      7B7FFB55 
 275      EDD9BFB0 
 275      C758EC8E 
 275      7854
 276 09e0 8E468C09 		.ascii	"\216F\214\011\266\245\266d\007\365\320\342\370`\326"
 276      B6A5B664 
 276      07F5D0E2 
 276      F860D6
 277 09ef 9B31EF53 		.ascii	"\2331\357SC\363\271!f\324f\217\234>-\302f\217X\034\233"
 277      43F3B921 
 277      66D4668F 
 277      9C3E2DC2 
 277      668F581C 
 278 0a04 1841B1F6 		.ascii	"\030A\261\366\210\371\013\346N\215\212\2303gf\304\207"
 278      88F90BE6 
 278      4E8D8A98 
 278      336766C4 
 278      87
 279 0a15 F33E8AFE 		.ascii	"\363>\212\376g\024}e\301\300Y\022\023\343Q\247\037E"
ARM GAS  C:\Users\CYIRKO~1\AppData\Local\Temp\ccTWs3L8.s 			page 22


 279      67147D65 
 279      C1C05912 
 279      13E351A7 
 279      1F45
 280 0a27 25C4EBDE 		.ascii	"%\304\353\336\375\300<\233\336\346\350\346\274\377\261"
 280      FDC03C9B 
 280      DEE6E8E6 
 280      BCFFB1
 281 0a36 59F7DE7C 		.ascii	"Y\367\336|\263\031>\203\331\372\270Dkl\262\022\317\310"
 281      B3193E83 
 281      D9FAB844 
 281      6B6CB212 
 281      CFC8
 282 0a48 691687C1 		.ascii	"i\026\207\301\365@\354V\007\211\236i&\037\3154\353\347"
 282      F540EC56 
 282      07899E69 
 282      261FCD34 
 282      EBE7
 283 0a5a 7D326FA6 		.ascii	"}2o\246\331?z\376\274Y\263f\232\375\242\027\374u\336"
 283      D93F7AFE 
 283      BC59B366 
 283      9AFDA217 
 283      FC75DE
 284 0a6d 2CB37E6E 		.ascii	",\263~n\364\314Yf\362\236\331l\264;\226`l>_\232`\263"
 284      F4CC5966 
 284      F29ED96C 
 284      B43B9660 
 284      6C3E5F9A 
 285 0a83 3824EE44 		.ascii	"8$\356DB\274\305\341g[\264\010\265\030\251J\313\242"
 285      42BCC5E1 
 285      675BB408 
 285      B518A94A 
 285      CBA2
 286 0a95 58BBE34F 		.ascii	"X\273\343O\026\307\247\277n\374\\\241\233\372\213\321"
 286      16C7A7BF 
 286      6EFC5CA1 
 286      9BFA8BD1 
 287 0aa5 52445CE1 		.ascii	"RD\\\341A\031\375G\321XY\021\277(iO\216sK\305\011\201"
 287      4119FD47 
 287      D1585911 
 287      BF28694F 
 287      8E734BC5 
 288 0abb D87D969C 		.ascii	"\330}\226\234\340\260\242l\020>\317\267:\360i\256-\336"
 288      E0B0A26C 
 288      103ECFB7 
 288      3AF069AE 
 288      2DDE
 289 0acd 6A48B02D 		.ascii	"jH\260-\301\316\342\370\215+\376\026\364\376\363d[\312"
 289      C1CEE2F8 
 289      8D2BFE16 
 289      F4FEF364 
 289      5BCA
 290 0adf 523A1F64 		.ascii	"R:\037d\261,JI\212\263X&O\237>e\272\3015\322\305-\216"
 290      B12C4A49 
 290      8AB35826 
 290      4F9F3E65 
 290      BAC135D2 
ARM GAS  C:\Users\CYIRKO~1\AppData\Local\Temp\ccTWs3L8.s 			page 23


 291 0af6 4DD6BE8B 		.ascii	"M\326\276\213\214zi4\375\277\263\304_X"
 291      8C7A6934 
 291      FDBFB3C4 
 291      5F58
 292              		.text
 293              		.section	.gnu.lto_.symtab.9526f626,"",%progbits
 294 0000 70616C52 		.ascii	"palReadBus\000"
 294      65616442 
 294      757300
 295 000b 00       		.ascii	"\000"
 296 000c 00       		.ascii	"\000"
 297 000d 00       		.ascii	"\000"
 298 000e 00000000 		.ascii	"\000\000\000\000\000\000\000\000"
 298      00000000 
 299 0016 0B010000 		.ascii	"\013\001\000\000"
 300 001a 70616C57 		.ascii	"palWriteBus\000"
 300      72697465 
 300      42757300 
 301 0026 00       		.ascii	"\000"
 302 0027 00       		.ascii	"\000"
 303 0028 00       		.ascii	"\000"
 304 0029 00000000 		.ascii	"\000\000\000\000\000\000\000\000"
 304      00000000 
 305 0031 10010000 		.ascii	"\020\001\000\000"
 306 0035 70616C53 		.ascii	"palSetBusMode\000"
 306      65744275 
 306      734D6F64 
 306      6500
 307 0043 00       		.ascii	"\000"
 308 0044 00       		.ascii	"\000"
 309 0045 00       		.ascii	"\000"
 310 0046 00000000 		.ascii	"\000\000\000\000\000\000\000\000"
 310      00000000 
 311 004e 18010000 		.ascii	"\030\001\000\000"
 312 0052 5F70616C 		.ascii	"_pal_lld_setgroupmode\000"
 312      5F6C6C64 
 312      5F736574 
 312      67726F75 
 312      706D6F64 
 313 0068 00       		.ascii	"\000"
 314 0069 02       		.ascii	"\002"
 315 006a 00       		.ascii	"\000"
 316 006b 00000000 		.ascii	"\000\000\000\000\000\000\000\000"
 316      00000000 
 317 0073 1E010000 		.ascii	"\036\001\000\000"
 318              		.text
 319              		.section	.gnu.lto_.opts,"",%progbits
 320 0000 272D666D 		.ascii	"'-fmath-errno' '-fsigned-zeros' '-ftrapping-math' '"
 320      6174682D 
 320      6572726E 
 320      6F272027 
 320      2D667369 
 321 0033 2D666E6F 		.ascii	"-fno-trapv' '-fno-openmp' '-fno-openacc' '-mcpu=cor"
 321      2D747261 
 321      70762720 
 321      272D666E 
 321      6F2D6F70 
ARM GAS  C:\Users\CYIRKO~1\AppData\Local\Temp\ccTWs3L8.s 			page 24


 322 0066 7465782D 		.ascii	"tex-m7' '-mno-thumb-interwork' '-mthumb' '-ggdb' '-"
 322      6D372720 
 322      272D6D6E 
 322      6F2D7468 
 322      756D622D 
 323 0099 4F322720 		.ascii	"O2' '-fomit-frame-pointer' '-falign-functions=16' '"
 323      272D666F 
 323      6D69742D 
 323      6672616D 
 323      652D706F 
 324 00cc 2D666675 		.ascii	"-ffunction-sections' '-fdata-sections' '-fno-common"
 324      6E637469 
 324      6F6E2D73 
 324      65637469 
 324      6F6E7327 
 325 00ff 2720272D 		.ascii	"' '-flto'\000"
 325      666C746F 
 325      2700
 326              		.text
 327              		.comm	__gnu_lto_v1,1,1
 328              		.comm	__gnu_lto_slim,1,1
 329              		.ident	"GCC: (GNU Tools for ARM Embedded Processors 6-2017-q1-update) 6.3.1 20170215 (release) [AR
ARM GAS  C:\Users\CYIRKO~1\AppData\Local\Temp\ccTWs3L8.s 			page 25


DEFINED SYMBOLS
                            *ABS*:00000000 hal_pal.c
                            *COM*:00000001 __gnu_lto_v1
                            *COM*:00000001 __gnu_lto_slim

NO UNDEFINED SYMBOLS
