ARM GAS  C:\Users\CYIRKO~1\AppData\Local\Temp\ccQGFPmu.s 			page 1


   1              		.cpu cortex-m7
   2              		.eabi_attribute 20, 1
   3              		.eabi_attribute 21, 1
   4              		.eabi_attribute 23, 3
   5              		.eabi_attribute 24, 1
   6              		.eabi_attribute 25, 1
   7              		.eabi_attribute 26, 1
   8              		.eabi_attribute 30, 2
   9              		.eabi_attribute 34, 1
  10              		.eabi_attribute 18, 4
  11              		.file	"nvic.c"
  12              		.text
  13              	.Ltext0:
  14              		.section	.gnu.lto_.profile.9526fd48,"",%progbits
  15 0000 789C6365 		.ascii	"x\234ce`b`a```d\220\022\003\000\000\312\000="
  15      60626061 
  15      60606064 
  15      90120300 
  15      00CA003D 
  16              		.text
  17              		.section	.gnu.lto_.icf.9526fd48,"",%progbits
  18 0000 789C6365 		.ascii	"x\234ce`b\220b@\000\026\206\027\337\372'q3~\336ur'\033"
  18      60629062 
  18      40001686 
  18      17DFFA27 
  18      71337EDE 
  19 0018 D385E635 		.ascii	"\323\205\3465\217\270\231;\356\375hab\000\000\253P\014"
  19      8FB8993B 
  19      EEFD6861 
  19      620000AB 
  19      500C
  20 002a 3B       		.ascii	";"
  21              		.text
  22              		.section	.gnu.lto_.jmpfuncs.9526fd48,"",%progbits
  23 0000 789C6365 		.ascii	"x\234ce`b\220b@\000\026\006&FF\346\372zF \250g\202\260"
  23      60629062 
  23      40001606 
  23      264646E6 
  23      FA7A4620 
  24 0018 99416C06 		.ascii	"\231Al\006\000)\250\003:"
  24      0029A803 
  24      3A
  25              		.text
  26              		.section	.gnu.lto_.inline.9526fd48,"",%progbits
  27 0000 789C4D8C 		.ascii	"x\234M\214\321\021\2000\014B!M\323\350\217#\324\011"
  27      D1118030 
  27      0C42214D 
  27      D3E88F23 
  27      D409
  28 0012 5CD2453A 		.ascii	"\\\322E:\222\2438\202\261\236U>\270\343\036\220!\330"
  28      92A33882 
  28      B19E553E 
  28      B8E31E90 
  28      21D8
  29 0024 F1498179 		.ascii	"\361I\201y\242pe\204\333\324\316\015\326\252@\216E\021"
  29      A2706584 
  29      DBD4CE0D 
ARM GAS  C:\Users\CYIRKO~1\AppData\Local\Temp\ccQGFPmu.s 			page 2


  29      D6AA408E 
  29      4511
  30 0036 C9833808 		.ascii	"\311\2038\010/d\257$m\365\251\004\325~\"\310J\366\227"
  30      2F64AF24 
  30      6DF5A904 
  30      D57E22C8 
  30      4AF697
  31 0049 14BBDF41 		.ascii	"\024\273\337A(\241\330;\035pLq\001\226\277\015\245"
  31      28A1D83B 
  31      1D704C71 
  31      0196BF0D 
  31      A5
  32              		.text
  33              		.section	.gnu.lto_.pureconst.9526fd48,"",%progbits
  34 0000 789C6365 		.ascii	"x\234ce`b\340d```a\220b\224b\222b\226\002\000\002\321"
  34      6062E064 
  34      60606061 
  34      90629462 
  34      92629602 
  35 0017 0083     		.ascii	"\000\203"
  36              		.text
  37              		.section	.gnu.lto_nvicEnableVector.9526fd48,"",%progbits
  38 0000 789C9D53 		.ascii	"x\234\235SML\023A\024\236o_\267\333B\251g#\021\016&"
  38      4D4C1341 
  38      149E6F5F 
  38      B7DB42A9 
  38      6723110E 
  39 0015 0D1737BD 		.ascii	"\015\0277\275hbL\014\022\274q\321+\027\255\007\232H"
  39      68624C0C 
  39      12BC71D1 
  39      2B17AD07 
  39      9A48
  40 0027 9700126F 		.ascii	"\227\000\022oL\013\226X\215\022\005*\306fk\202\362'"
  40      4C0B9658 
  40      8D12052A 
  40      C6666B82 
  40      F227
  41 0039 94222AA0 		.ascii	"\224\"*\240&MCbz@\243\361f\342A\214\246\007\0146\036"
  41      264D4362 
  41      7A40A3F1 
  41      66E2418C 
  41      A6070C36 
  42 004e 3C00FA66 		.ascii	"<\000\372f\267\211&\352A'\231\231\367\346}\337{\357"
  42      B78926EA 
  42      41279999 
  42      F7E67DDF 
  42      7BEF
  43 0060 9BD9D585 		.ascii	"\233\331\325\205&\216\223\020\255B\210}<A\002\332\360"
  43      268E9310 
  43      AD42887D 
  43      3C4102DA 
  43      F0
  44 0071 0B21E23E 		.ascii	"\013!\342>\015P\206\364A\364k\350\3075J\023\212C\037"
  44      0D5086F4 
  44      41F46BE8 
  44      C7354A13 
  44      8A431F
ARM GAS  C:\Users\CYIRKO~1\AppData\Local\Temp\ccQGFPmu.s 			page 3


  45 0084 57B4A649 		.ascii	"W\264\246I\311\243\220\256\354\225S\005\330L\037\347"
  45      C9A390AE 
  45      EC955305 
  45      D84C1FE7 
  46 0094 A90626D1 		.ascii	"\251\006&\321\304\250W\203\013\267\351*\331\004x\330"
  46      C4A85783 
  46      0BB7E92A 
  46      D90478D8 
  47 00a4 FDB27E6B 		.ascii	"\375\262~k#\250\\\015\215\354\356\310\221\261 \035\203"
  47      23A85C0D 
  47      8DECEEC8 
  47      91B1201D 
  47      83
  48 00b5 607BBC38 		.ascii	"`{\2748\372\266.tW\312\204,\254\215\220<`\023a\006\304"
  48      FAB62E74 
  48      57CA842C 
  48      AC8D903C 
  48      60136106 
  49 00ca 09318D7A 		.ascii	"\0111\215zL\241^\360\221\300,B\014\237M|\332$jv\250"
  49      4CA15EF0 
  49      91C02C42 
  49      0C9F4D7C 
  49      DA246A76 
  50 00df 974A3B1B 		.ascii	"\227J;\033F\225\372a\264J\275\377\007\352\034B\012\377"
  50      4695FA61 
  50      B44ABDFF 
  50      07EA1C42 
  50      0AFF
  51 00f1 3EBF3B5A 		.ascii	">\277;Z\347\365\270\275b\036^\360\236{\215\202\334\375"
  51      E7F5B8BD 
  51      621E5EF0 
  51      9E7B8D82 
  51      DCFD
  52 0103 3E240B6F 		.ascii	">$\013o\356!}\"\000(\270\306D\017\251E\207\252l\260"
  52      EE217D22 
  52      0028B8C6 
  52      440FA945 
  52      87AA6CB0 
  53 0117 A9FBD4E2 		.ascii	"\251\373\324\342\347\305+D\212s\250\313\271L\232\332"
  53      E7C52B44 
  53      8A73A8CB 
  53      B94C9ADA 
  54 0127 A98C4465 		.ascii	"\251\214Deh'W\243\322fH\313\020D\031\003[I\270\007\304"
  54      682757A3 
  54      D26648CB 
  54      10441903 
  54      5B49B807 
  55 013c 67BF5E8B 		.ascii	"g\277^\213\027\036\344\270\2752\212c\245\006\205\341"
  55      171EE4B8 
  55      BD328A63 
  55      A50685E1 
  56 014c E8D8C5E2 		.ascii	"\350\330\305\342KCE\015G\336\322\235\317\337\002\256"
  56      4B43450D 
  56      47DED29D 
  56      CFDF02AE 
  57 015c 2B8B0332 		.ascii	"+\213\0032\310G\3277+\313A\033\2318\337~v\277M>\344"
  57      C847D737 
ARM GAS  C:\Users\CYIRKO~1\AppData\Local\Temp\ccQGFPmu.s 			page 4


  57      2BCB411B 
  57      9938DF7E 
  57      76BF4D3E 
  58 0171 59E70227 		.ascii	"Y\347\002'R\204\365w\213\303{\31499\030\227\2156\371"
  58      5284F577 
  58      8BC37BCC 
  58      39391897 
  58      8D36F9
  59 0184 B1081B37 		.ascii	"\261\010\0337\235wQ\331f\276NQ8\247\202\331\230M5x\000"
  59      9D7751D9 
  59      66BE4E51 
  59      38A782D9 
  59      984D3578 
  60 0199 3343BAF3 		.ascii	"3C\272\363fK\010s\213\252\341J2\223\317V{68\314\304"
  60      664B0873 
  60      8BAAE14A 
  60      3293CF56 
  60      7B3638CC 
  61 01ae D2C4EA76 		.ascii	"\322\304\352v\300\355Y\307C\247\347\201\355\344\264"
  61      C0ED59C7 
  61      43A7E781 
  61      EDE4B4
  62 01bd DF05F95C 		.ascii	"\337\005\371\\\320\215\211\371\225:\005\322\321\200"
  62      D08D89F9 
  62      953A05D2 
  62      D180
  63 01cb 472E682B 		.ascii	"G.h+Y2\\\220_\325_{\236\364\271i\200\307\250g\252\253"
  63      59325C90 
  63      5FD55F7B 
  63      9EF4B969 
  63      80C7A867 
  64 01e1 DEACAAFF 		.ascii	"\336\254\252\377\027m\265Xv\264\341wm}6\005\260\242"
  64      176DB558 
  64      76B4E177 
  64      6D7D3605 
  64      B0A2
  65 01f3 B4198EB6 		.ascii	"\264\031\216\266U\245\315\357\224*\2476j\377\253\330"
  65      55A5CDEF 
  65      942AA736 
  65      6AFFABD8 
  66 0203 13A798F6 		.ascii	"\023\247\230\366\227bO\177\026{\346\026\333D\"\233\273"
  66      97624F7F 
  66      167BE616 
  66      DB44229B 
  66      BB
  67 0214 E25CA3F3 		.ascii	"\342\\\243\363S\244\270Q\376H8\301\321\326#\355-\035"
  67      53A4B851 
  67      FE4838C1 
  67      D1D623ED 
  67      2D1D
  68 0226 D133D153 		.ascii	"\3213\321S\275\347\317F\255\366\210\262\255\236\360"
  68      BDE7CF46 
  68      ADF688B2 
  68      AD9EF0
  69 0235 E143A6D5 		.ascii	"\341C\246\325cv\234>gvY\335\275=f\304\352\354\264bf"
  69      63769C3E 
  69      677659DD 
ARM GAS  C:\Users\CYIRKO~1\AppData\Local\Temp\ccQGFPmu.s 			page 5


  69      BD3D66C4 
  69      EAECB462 
  70 024a F3C9B696 		.ascii	"\363\311\266\226\266\013f\254/\0329\030\021\210y\272"
  70      B60B66AC 
  70      2F1A3918 
  70      118879BA 
  71 025a BAA3D60F 		.ascii	"\272\243\326\017\012\032\035\333"
  71      0A1A1DDB 
  72              		.text
  73              		.section	.gnu.lto_nvicDisableVector.9526fd48,"",%progbits
  74 0000 789C9592 		.ascii	"x\234\225\222Mh\023Q\020\307\337\177g\223lm\023\257"
  74      4D681351 
  74      10C7DF7F 
  74      67936C6D 
  74      13AF
  75 0012 82417B10 		.ascii	"\202A{\020J/.\271(\210\240R\364\326\213^{\321(4`\263"
  75      4A2F2EB9 
  75      2888A052 
  75      F4D68B5E 
  75      7BD12834 
  76 0028 626AF1D6 		.ascii	"bj\361\326\227~\244PQ\213\266\251\025\303F\2104mm\323"
  76      977EA450 
  76      518BB6A9 
  76      15C34688 
  76      346D6DD3 
  77 003c 8FA8ADA7 		.ascii	"\217\250\255\247\260\010\0220\212\202'\301\203\025\321"
  77      B0081230 
  77      8A8227C1 
  77      8315D1
  78 004b 43454B0F 		.ascii	"CEK\017\036juf\327\203\340\311\007\357c\336\376f\376"
  78      1E6A7566 
  78      D783E0C9 
  78      07EF63DE 
  78      FE66FE
  79 005e 33F336A4 		.ascii	"3\3636\244\014u\301P\352\270Rj/O\220\2021\366R\251\254"
  79      0C75C150 
  79      EAB8526A 
  79      2F4F9082 
  79      31F652A9 
  80 0073 650072D0 		.ascii	"e\000r\320\026T\277\201~\334\244I\2027\362i\315h\237"
  80      1654BF81 
  80      7EDCA449 
  80      8237F269 
  80      CD689F
  81 0086 D63C6A93 		.ascii	"\326<j\223\325pN\017\357qI\251)\23620\215v\246^\017"
  81      D5704E0F 
  81      EF7149A9 
  81      299E3230 
  81      8D76A65E 
  82 009b 2DDEA31B 		.ascii	"-\336\243\033\344\022`\262\371\275qw=&\246\201V6\177"
  82      E41260B2 
  82      F9BD7177 
  82      3D26A681 
  82      56367F
  83 00ae EAF17C8C 		.ascii	"\352\361|\214\216A\361y\312\233x\027m{\240\365\200\256"
  83      8E41F179 
  83      CA9B7817 
ARM GAS  C:\Users\CYIRKO~1\AppData\Local\Temp\ccQGFPmu.s 			page 6


  83      6D7BA0F5 
  83      80AE
  84 00c0 BD18277D 		.ascii	"\275\030'}\300%\302,\210\003b\006q\224\021W|\2450\207"
  84      C025C22C 
  84      88036206 
  84      71941157 
  84      7CA53087 
  85 00d4 36E13F2C 		.ascii	"6\341?,\355LD\303f \210\207\010\203\367\312\033\324"
  85      ED4C44C3 
  85      66208887 
  85      0883F7CA 
  85      1BD4
  86 00e6 F4CEAF11 		.ascii	"\364\316\257\021]\373X\302\333S\026 \270\301\216&\311"
  86      5DFB58C2 
  86      DB531620 
  86      B8C18E26 
  86      C9
  87 00f7 62F21252 		.ascii	"b\362\022Rj\224}\244\242kd\310N_0\270\231k\254\024!"
  87      6A947DA4 
  87      A26B64C8 
  87      4E5F30B8 
  87      996BAC14 
  88 010c 710A6414 		.ascii	"q\012d\024\010\254P/=\335n\221dC\010a\236\345\031\333"
  88      08AC502F 
  88      3DDD6E91 
  88      64430861 
  88      9EE519DB 
  89 0120 CECD3405 		.ascii	"\316\3154\005\020\005\320\355\322\302ZT \023\373\261"
  89      1005D0ED 
  89      D2C25A54 
  89      2013FBB1 
  90 0130 1040DF72 		.ascii	"\020@\337r\365H\000I\315\325g\317sV\020\006\250 \316"
  90      F5480049 
  90      CDD567CF 
  90      73561006 
  90      A820CE
  91 0143 AE0C79F9 		.ascii	"\256\014y\371\272-\014\003\371a\357UD\200\260\337\210"
  91      BA2D0C03 
  91      F961EF55 
  91      4480B0DF 
  91      88
  92 0154 EAFDAF3F 		.ascii	"\352\375\257?Z\002S{\203:\306W\26766Wc.\012Ynvq\237"
  92      5A02537B 
  92      833AC657 
  92      B7363657 
  92      632E0A59 
  93 016c 4B112C71 		.ascii	"K\021,qG\026YM\034\032\357\227\307v\333\363z(\253[]"
  93      4716594D 
  93      1C1AEF97 
  93      C776DBF3 
  93      7A28AB5B 
  94 0181 B2B00C17 		.ascii	"\262\260\014\027w\374g\220h\263[eJT\344c\261\317\245"
  94      77FC6790 
  94      68B35B65 
  94      4A54E463 
  94      B1CFA5
  95 0194 26ACC0E6 		.ascii	"&\254\300\346\012\375'\252\"\301)J2[\237\313\353\221"
ARM GAS  C:\Users\CYIRKO~1\AppData\Local\Temp\ccQGFPmu.s 			page 7


  95      0AFD27AA 
  95      22C1294A 
  95      325B9FCB 
  95      EB91
  96 01a6 3FE9FC8F 		.ascii	"?\351\374\217\330.<\362\305\360\257X\332\245f<\0261"
  96      D82E3CF2 
  96      C5F0AF58 
  96      DAA5663C 
  96      1631
  97 01b8 F8624F90 		.ascii	"\370bO\220\370\273\326f(\254r\314\015\014\024\347\256"
  97      F8BBD666 
  97      28AC72CC 
  97      0D0C14E7 
  97      AE
  98 01c9 FB8DF7FF 		.ascii	"\373\215\367\377\233Q\306\371I8\301\243'\217tut\247"
  98      9B51C6F9 
  98      4938C1A3 
  98      278F7475 
  98      74A7
  99 01db CEA5CEF4 		.ascii	"\316\245\316\364^9\237r\272\222rv2\211\303\207l'cw\237"
  99      5E399F72 
  99      BA927276 
  99      3289C387 
  99      6C276377 
 100 01f0 BD685F72 		.ascii	"\275h_r.\367f\354\244\323\323\343\244\355\023\247;;"
 100      2EF766EC 
 100      A4D3D3E3 
 100      A4ED13A7 
 100      3B3B
 101 0202 3AAFDAE9 		.ascii	":\257\332\351\276T\362`R!\375\033\335\"\330\350"
 101      BE54F260 
 101      5221FD1B 
 101      DD22D8E8 
 102              		.text
 103              		.section	.gnu.lto_nvicSetSystemHandlerPriority.9526fd48,"",%progbits
 104 0000 789C6D51 		.ascii	"x\234mQMh\023Q\020\236\357\315f\263\012\366\\\264\207"
 104      4D681351 
 104      109EEFCD 
 104      66B30AF6 
 104      5CB487
 105 0013 1E84D04B 		.ascii	"\036\204\320K\227\\\024D\020\011\342Az\321k/5\025\022"
 105      975C1444 
 105      1009E241 
 105      7AD16B2F 
 105      351512
 106 0026 68B325A9 		.ascii	"h\263%\251\342\255o\223\266\301\012U\3244U\014\033("
 106      E2AD6F93 
 106      B6C10A55 
 106      D434550C 
 106      1B28
 107 0038 526D8D69 		.ascii	"Rm\215i\325K\260H\310\311\034T\364\330\223ZQ\002\006"
 107      D54BB048 
 107      C8C91C54 
 107      F4D8935A 
 107      510206
 108 004b FCE9D5EA 		.ascii	"\374\351\325\352\2745\202\007\037\274}\363\367\315~"
 108      BC358207 
ARM GAS  C:\Users\CYIRKO~1\AppData\Local\Temp\ccQGFPmu.s 			page 8


 108      1FBC7DF3 
 108      F7CD7E
 109 005a DF4C8414 		.ascii	"\337L\204\024uAt\206\210\016\311\005\023\324\365WD\276"
 109      75417486 
 109      880EC905 
 109      13D4F557 
 109      44BE
 110 006c A3006368 		.ascii	"\243\000ch\0074\2430\203k\\f\264\212\237\032jhU\313"
 110      0734A330 
 110      836B5C66 
 110      B48A9F1A 
 110      6A6855CB 
 111 0080 699677ED 		.ascii	"i\226w\355y=\327\0370\321m\271\346`\025CR\365fv\343"
 111      793DD71F 
 111      30D16DB9 
 111      E6601543 
 111      52F56676 
 112 0095 2E2F72C0 		.ascii	"./r\300\200%\356\267\227wv\372\214\2530(n\341\346\363"
 112      8025EEB7 
 112      977776FA 
 112      8CAB3028 
 112      6EE1E6F3 
 113 00a9 2D874F80 		.ascii	"-\207O\200\304\356\352\266o\307\356i\235\327\315\217"
 113      C4EEEAB6 
 113      6FC7EE69 
 113      9DD7CD8F 
 114 00b9 25D68703 		.ascii	"%\326\207\003f\254\201\245!\036`\000\3671@\022\"\254"
 114      66AC81A5 
 114      211E6000 
 114      F7314012 
 114      22AC
 115 00cb 2326E5EB 		.ascii	"#&\345\353\371\317]\346\323!\364J\373\347N\264\007\335"
 115      F9CF5DE6 
 115      D321F44A 
 115      FBE74EB4 
 115      07DD
 116 00dd 2DF7A00F 		.ascii	"-\367\240\017\377\003\255!f\352?l\356\225\016\330\326"
 116      FF03AD21 
 116      66EA3F6C 
 116      EE950ED8 
 116      D6
 117 00ee CA5FBA78 		.ascii	"\312_\272x\004[\224S\375-\232z\357WQ\010\364o\377p\242"
 117      045B9453 
 117      FD2D9A7A 
 117      EF575108 
 117      F46FFF70 
 118 0103 804128C1 		.ascii	"\200A(\301Zl>\021\230\237\023-\010\310\014\344*+\363"
 118      5A6C3E11 
 118      989F132D 
 118      08C80CE4 
 118      2A2BF3
 119 0116 7207F9EF 		.ascii	"r\007\371\357\305Z\343\035L\243\012\253\012\203:(|\235"
 119      C55AE31D 
 119      4CA30AAB 
 119      0A833A28 
 119      7C9D
 120 0128 EF055862 		.ascii	"\357\005Xb\377\316\"\002\013u\341\324Ak\251=lj$\273"
ARM GAS  C:\Users\CYIRKO~1\AppData\Local\Temp\ccQGFPmu.s 			page 9


 120      FFCE2202 
 120      0B75E1D4 
 120      416BA93D 
 120      6C6A24BB 
 121 013c 34D77A1D 		.ascii	"4\327z\0355Y;\324\3447\266nE\376\270z\273\240\373\014"
 121      35593BD4 
 121      E437B66E 
 121      45FEB87A 
 121      BBA0FB0C 
 122 0150 7E39FFDE 		.ascii	"~9\377\336\011P\361e\344\325\203\001G\261)\3426\244"
 122      0950F165 
 122      E4D58301 
 122      47B129E2 
 122      36A4
 123 0162 91017C29 		.ascii	"\221\001|)\275X\333\357\326\364\254\257\007\003v\360"
 123      BD58DBEF 
 123      D6F4ACAF 
 123      070376F0 
 124 0172 180196C3 		.ascii	"\030\001\226\303eHr\345F%\021\257\233\\5\033\360><\201"
 124      654872E5 
 124      462511AF 
 124      9B5C351B 
 124      F03E3C81 
 125 0186 5BE148B8 		.ascii	"[\341H\270\247\247\210\013CY}\276\372l1$\034\356oA4"
 125      A7A7880B 
 125      43597DBE 
 125      FA6C3124 
 125      1CEE6F41 
 126 019b 88364574 		.ascii	"\2106Et\374\324\261\321D*}>}n\372\342x\332\033M\032"
 126      FCD4B1D1 
 126      442A7D3E 
 126      7D6EFAE2 
 126      78DA1B4D 
 127 01b0 DBCBC58F 		.ascii	"\333\313\305\217\036q\275\234\233\032\233p\247\274\354"
 127      1E71BD9C 
 127      9B1A9B70 
 127      A7BCEC
 128 01bf 74CE4D7A 		.ascii	"t\316Mz\223\223^\306=yv$1r\331\315\\J'\207\223\024M"
 128      93935EC6 
 128      3D797624 
 128      3172D9CD 
 128      5C4A2787 
 129 01d6 8D65C627 		.ascii	"\215e\306'.d\255\251l\332\373\015\201\005\264\250"
 129      2E64ADA9 
 129      6CDAFB0D 
 129      8105B4A8 
 130              		.text
 131              		.section	.gnu.lto_nvicClearPending.9526fd48,"",%progbits
 132 0000 789C2D51 		.ascii	"x\234-QMh\023Q\020\236og7I\241\211W\301\240=\010\245"
 132      4D681351 
 132      109E6F67 
 132      3749A189 
 132      57C1A03D 
 133 0016 085D7251 		.ascii	"\010]rQ\020A\245\210\247^\364\332\213\306C\0036+\246"
 133      1041A588 
 133      A75EF4DA 
 133      8BC64303 
ARM GAS  C:\Users\CYIRKO~1\AppData\Local\Temp\ccQGFPmu.s 			page 10


 133      362BA6
 134 0029 166F7D49 		.ascii	"\026o}I\333\004+\330\242mj\305\260\021#\375\3216m\365"
 134      DB042BD8 
 134      A26D6AC5 
 134      B01123FD 
 134      D1366DF5 
 135 003d 60EB252C 		.ascii	"`\353%,^z\250R\257\212\007\005\301C\213\015\036<\264"
 135      5E7AA852 
 135      AF8A0705 
 135      C1438B0D 
 135      1E3CB4
 136 0050 D599AC0F 		.ascii	"\325\231\254\017\336{3\337\373\346\233y3\016Y\264\013"
 136      DE7B33DF 
 136      FBE69B79 
 136      330E59B4 
 136      0B
 137 0061 A20B4474 		.ascii	"\242\013DtL6\230`M~ \312\307,@\015\023\003\015[\030"
 137      4C369860 
 137      4D7E20CA 
 137      C72C400D 
 137      13030D5B 
 138 0076 C604CF30 		.ascii	"\306\004\3170\202\322\217u\253k\316\310j\314lD\213f"
 138      82D28F75 
 138      AB6BCEC8 
 138      6ACC6C44 
 138      8B66
 139 0088 ECA8CF44 		.ascii	"\354\250\317D\263\262ua\016]\302\332\036]y\312\017\330"
 139      B3B27561 
 139      0E5DC2DA 
 139      1E5D79CA 
 139      0FD8
 140 009a 67C01677 		.ascii	"g\300\026wo\353\311\367\204\272\026:\304=0S\345\004"
 140      6FEBC9F7 
 140      84BA163A 
 140      C43D3053 
 140      E504
 141 00ac 9F07893D 		.ascii	"\237\007\211=\033L\177\216w\2760\246`\032\357\247\330"
 141      1B4C7F8E 
 141      77BE30A6 
 141      601AEFA7 
 141      D8
 142 00bd 9CF499B1 		.ascii	"\234\364\231\261\010\026A, \211y$I \302Kt*\377\333\352"
 142      0816412C 
 142      20897924 
 142      4920C24B 
 142      742AFFDB 
 143 00d2 E1743C62 		.ascii	"\341t<b\207\011\361\012\021\251\235\352\237\3200\207"
 143      8709F10A 
 143      11A99DEA 
 143      9FD03087 
 144 00e2 7F4BA6F1 		.ascii	"\177K\246\361\245\206\355\3131@\351\226\004\332\254"
 144      A586EDCB 
 144      3140E996 
 144      04DAAC
 145 00f1 872D87E3 		.ascii	"\207-\207\343\250E4.\201\372\255\373l\351\315?1\322"
 145      A845342E 
 145      81FAADFB 
ARM GAS  C:\Users\CYIRKO~1\AppData\Local\Temp\ccQGFPmu.s 			page 11


 145      6CE9CD3F 
 145      31D2
 146 0103 2C1EBCAB 		.ascii	",\036\274\253B\305*lU\030\222f\263\266\261\337\256\025"
 146      42C52A6C 
 146      55189266 
 146      B3B6B1DF 
 146      AE15
 147 0115 3B70B024 		.ascii	";p\260$5\010m\277x\257-$qHzT[^\217+\311\306\011,\207"
 147      35086DBF 
 147      78AF2D24 
 147      71487A54 
 147      5B5E8F2B 
 148 012e A45FC585 		.ascii	"\244_\305\205hH\262q*)T\001\013\315\322\177uG`\001\202"
 148      6848B271 
 148      2A295401 
 148      0BCDD27F 
 148      75476001 
 149 0143 F266B702 		.ascii	"\362f\267\002\242Q\036\013>FU#\322j\307\233g\273\177"
 149      A2511E0B 
 149      3E465523 
 149      D26AC79B 
 149      67BB7F
 150 0156 DA43D704 		.ascii	"\332C\327\004#&!\320\303\235\346\333\204\217J^Z^=\356"
 150      232621D0 
 150      C39DE6DB 
 150      848F4A5E 
 150      5A5E3DEE 
 151 016a 73142BD2 		.ascii	"s\024+\322\227\272\244\323\200\255\257k\223G\334%3\232"
 151      97BAA4D3 
 151      80ADAF6B 
 151      9347DC25 
 151      339A
 152 017c 371D3EC7 		.ascii	"7\035>\307\260\012\037\217[\303P\265\305\337\363\234"
 152      B00A1F8F 
 152      5BC350B5 
 152      C5DFF39C 
 153 018c AAEB6375 		.ascii	"\252\353cu\310\3476\254\301\225/\266\006\365\032)\251"
 153      C8E736AC 
 153      C1952FB6 
 153      06F51A29 
 153      A9
 154 019d 877650A8 		.ascii	"\207vP\250>\237h\225\327\032\3408C\333\"\234s\227\316"
 154      3E9F6895 
 154      D71AE038 
 154      43DB229C 
 154      7397CE
 155 01b0 F6F5F467 		.ascii	"\366\365\364g\256g\256\016\336\271\221\361\372\322j"
 155      AE67AE0E 
 155      DEB991F1 
 155      FAD26A
 156 01bf 7BB9D499 		.ascii	"{\271\324\231\323\256\227s\373\257\335toy\267\007sn"
 156      D3AE9773 
 156      FBAFDD74 
 156      6F79B707 
 156      736E
 157 01d1 DA1B18F0 		.ascii	"\332\033\030\360\262\356\305+\275=\275w\335\354P&\335"
 157      B2EEC52B 
ARM GAS  C:\Users\CYIRKO~1\AppData\Local\Temp\ccQGFPmu.s 			page 12


 157      BD3DBD77 
 157      DDEC5026 
 157      DD
 158 01e2 9D2664FF 		.ascii	"\235&d\377\001P\300\260\222"
 158      0150C0B0 
 158      92
 159              		.text
 160              		.section	.gnu.lto_.symbol_nodes.9526fd48,"",%progbits
 161 0000 789C6365 		.ascii	"x\234ce`b\360b\000\002\2469L\365\014\014\023\31610\000"
 161      6062F062 
 161      0002A639 
 161      4CF50C0C 
 161      13CE3130 
 162 0015 A95D0D8E 		.ascii	"\251]\015\216@\221\271L\365\214\250\"\363\230\352\231"
 162      4091B94C 
 162      F58CA822 
 162      F398EA99 
 163 0025 5045E633 		.ascii	"PE\3463\3253\243\2100\000\000\276\274\022:"
 163      D533A388 
 163      300000BE 
 163      BC123A
 164              		.text
 165              		.section	.gnu.lto_.refs.9526fd48,"",%progbits
 166 0000 789C6365 		.ascii	"x\234ce`b`d\000\002\000\000I\000\011"
 166      60626064 
 166      00020000 
 166      490009
 167              		.text
 168              		.section	.gnu.lto_.decls.9526fd48,"",%progbits
 169 0000 789CDD59 		.ascii	"x\234\335YiPTY\226\316\2337\023\222\024\320A\242\246"
 169      69505459 
 169      96CE9B37 
 169      139214D0 
 169      41A2A6
 170 0013 A6879E71 		.ascii	"\246\207\236q\034;\212\350\231\026\261\272\313\212\216"
 170      1C3B8AE8 
 170      9916B1BA 
 170      CB8A8E
 171 0022 8E18A944 		.ascii	"\216\030\251DG\"\312n\002\324\236\210&\202p\311j\351"
 171      4722CA6E 
 171      02D49E88 
 171      268270C9 
 171      6AE9
 172 0034 50E8119C 		.ascii	"P\350\021\234\351\352\236\251z\010(\213\"(\210\311\242"
 172      E9EA9EA9 
 172      7A08288B 
 172      222888C9 
 172      A2
 173 0045 28B2C822 		.ascii	"(\262\310\" \010(\240)\312\252\240\"\250\354\253\210"
 173      200828A0 
 173      29CAAAA0 
 173      22A8ECAB 
 173      88
 174 0056 88CAE20A 		.ascii	"\210\312\342\012\010s\356\362\310\307#\323\250\037\375"
 174      0873EEF2 
 174      C8C723D3 
 174      A81FFD
ARM GAS  C:\Users\CYIRKO~1\AppData\Local\Temp\ccQGFPmu.s 			page 13


 175 0065 6B3238EF 		.ascii	"k28\357\275s\357\367\316\375\3569\347n\017\265B\251"
 175      BD73EFF7 
 175      CEFDEE39 
 175      E76E0FB5 
 175      42A9
 176 0077 C8FA6785 		.ascii	"\310\372g\205\"\020+\024'\221B1\007?\265B\241\310S\230"
 176      22102B14 
 176      27914231 
 176      073FB542 
 176      A1C85398 
 177 008b 7E2A902B 		.ascii	"~*\220+ WA\214 U\212\305\277\375\360\256\035\334\267"
 177      2057418C 
 177      20558AC5 
 177      BFFDF0AE 
 177      1DDCB7
 178 009e 81388038 		.ascii	"\2018\2008\202\024\2018\201|\006\362\033R\006\230\345"
 178      82148138 
 178      817C06F2 
 178      1B520698 
 178      E5
 179 00af 201DF0DC 		.ascii	" \035\360\334\016\362\014d\004\004\232V(\241\334\006"
 179      0EF20C64 
 179      04049A56 
 179      28A1DC06 
 180 00bf C41A04F1 		.ascii	"\304\032\004\361\366\344\277\377\205\012[3m\310\355"
 180      F6E4BFFF 
 180      850A5B33 
 180      6DC8ED
 181 00ce 8B76C576 		.ascii	"\213v\305v\224 \032\304\332@\274\037\362_0Th-\360'\266"
 181      94201AC4 
 181      DA40BC1F 
 181      F25F3054 
 181      682DF027 
 182 00e3 CBA0BE04 		.ascii	"\313\240\276\004\344\277\021\263I\354$q{F\256\327\242"
 182      E4BF11B3 
 182      49EC2471 
 182      7B46AED7 
 182      A2
 183 00f4 8536C32C 		.ascii	"\2056\303,\330$|=\315\360%\257\333p\233\346|\234\200"
 183      D8247C3D 
 183      CDF025AF 
 183      DB709BE6 
 183      7C9C80
 184 0107 51C9919B 		.ascii	"Q\311\221\233\225\312n\324\211\240Oh\031-E\210]\021"
 184      95CA6ED4 
 184      89A04F68 
 184      192D4588 
 184      5D11
 185 0119 15AACE89 		.ascii	"\025\252\316\211?\204h9\224*\025\334\260X\204\3047\270"
 185      3F846839 
 185      942A15DC 
 185      B05884C4 
 185      37B8
 186 012b AEE4AA92 		.ascii	"\256\344\252\222\233\244\177\374e$\261\310\252YK\342"
 186      9BA47FFC 
 186      6524B1C8 
 186      AA594BE2 
ARM GAS  C:\Users\CYIRKO~1\AppData\Local\Temp\ccQGFPmu.s 			page 14


 187 013b 8F71670F 		.ascii	"\217qg\017\3645\361m\24445\200\220\364\005\211AF\233"
 187      F435F16D 
 187      A4343580 
 187      90F40589 
 187      41469B
 188 014e D7CFF353 		.ascii	"\327\317\363S\230:\207\304\336\217\033n\017i{P\027)"
 188      983A87C4 
 188      DE8F1B6E 
 188      0F697B50 
 188      1729
 189 0160 4D5D8F68 		.ascii	"M]\217hYRK\177\232\022Ch\341\271\347}\326\306\325\271"
 189      59524B7F 
 189      9A124368 
 189      E1B9E77D 
 189      D6C6D5B9 
 190 0174 02FB69FE 		.ascii	"\002\373i\376\305\344\266\256\272\36398\032\243\317"
 190      C5E4B6AE 
 190      BAF33938 
 190      1AA3CF
 191 0183 B488B4B9 		.ascii	"\264\210\264\271\024\212\362G/\277\267cE\004\321|t\342"
 191      148AF247 
 191      2FBFB763 
 191      4504D17C 
 191      74E2
 192 0195 9C3576A2 		.ascii	"\2345v\242\317\367B\013\222\011\332A\213T\244\325\306"
 192      CFF7420B 
 192      9209DA41 
 192      8B54A4D5 
 192      C6
 193 01a6 C4017B50 		.ascii	"\304\001{P\035\265hE\002V\032\032\036V\251\220\2636"
 193      1DB56845 
 193      02561A1A 
 193      1E56A990 
 193      B336
 194 01b8 8334629C 		.ascii	"\2034b\234{\365Y\354!AP\242B\244Ey\010\243l\264\232"
 194      7BF559EC 
 194      214150A2 
 194      42A44579 
 194      08A36CB4 
 195 01cd 50FE8C04 		.ascii	"P\376\214\004>\\\020\016\0101!\202\315&\005\312GN\350"
 195      3E5C100E 
 195      08312182 
 195      CD2605CA 
 195      474EE8
 196 01e0 027252A0 		.ascii	"\002rR\240\002\344L\032%8\224\013\2059P\010\255\234"
 196      02E44C1A 
 196      2538940B 
 196      85395008 
 196      AD9C
 197 01f2 3F177BD6 		.ascii	"?\027{\326\012G#\302@Ys\265\343\221\012i\235\315\032"
 197      0A4723C2 
 197      405973B5 
 197      E3910A69 
 197      9DCD1A
 198 0205 28366380 		.ascii	"(6c\200\223\311^Y\023F\310\024\001\231\213&2\300\215"
 198      93C95E59 
 198      1346C814 
ARM GAS  C:\Users\CYIRKO~1\AppData\Local\Temp\ccQGFPmu.s 			page 15


 198      01998B26 
 198      32C08D
 199 0218 F9A1EA7D 		.ascii	"\371\241\352}\3172\025I\035\002\330\241\"E\221\351\365"
 199      CF321549 
 199      1D02D8A1 
 199      224591E9 
 199      F5
 200 0229 5378BEEC 		.ascii	"Sx\276\354\022\242\205\325so\215K\231\007\224\3049c"
 200      12A285D5 
 200      736F8D4B 
 200      990794C4 
 200      3963
 201 023b B7539630 		.ascii	"\267S\2260\017,\003\365\326\275\211\207\266\237\236"
 201      0F2C03F5 
 201      D6BD8987 
 201      B69F9E
 202 024a A05E0E11 		.ascii	"\240^\016\021\226)\321\266OP\031\020)\005\"\012t\031"
 202      9629D1B6 
 202      4F501910 
 202      2905220A 
 202      7419
 203 025c 7D0AD712 		.ascii	"}\012\327\022\244bM\316<\012\036\265Z\231*\244\366\012"
 203      A4624DCE 
 203      3C0A1EB5 
 203      5A992AA4 
 203      F60A
 204 026e C69EABAB 		.ascii	"\306\236\253\253\236\\\024\004\240(\250\010\016\235"
 204      9E5C1404 
 204      A028A808 
 204      0E9D
 205 027c 37718447 		.ascii	"7q\204G\270f\241\036\2042Q7d\300\025\264\022^o\355\256"
 205      B866A11E 
 205      84325137 
 205      64C015B4 
 205      125E6FED 
 206 0291 1CC3B880 		.ascii	"\034\303\270\200\305\327\014\375\233\0059\037\354-r"
 206      C5D70CFD 
 206      9B05391F 
 206      EC2D72
 207 02a0 A9A45C2A 		.ascii	"\251\244\\*D.'.\346\317*9\227\346\2773\010\306\003\002"
 207      442E272E 
 207      E6CF2A39 
 207      97E6BF33 
 207      08C60302 
 208 02b4 F116A050 		.ascii	"\361\026\240P\271\211I\271\234\311U\312\244\360\335"
 208      B98949B9 
 208      9CC955CA 
 208      A4F0DD
 209 02c3 B3108CAB 		.ascii	"\263\020\214\253\030\223\214gS\227mEK\177?o\211\364"
 209      18938C67 
 209      53976D45 
 209      4B7F3F6F 
 209      89F4
 210 02d5 E99AC9D2 		.ascii	"\351\232\311\3225\271%#\265T\231\231\340\201{\230\241"
 210      35B92523 
 210      B5549999 
 210      E0817B98 
ARM GAS  C:\Users\CYIRKO~1\AppData\Local\Temp\ccQGFPmu.s 			page 16


 210      A1
 211 02e6 F2B2F6B7 		.ascii	"\362\262\366\267\032nh\344\307\013(]7\031\272.7TE\015"
 211      1A6E68E4 
 211      C70B285D 
 211      3719BA2E 
 211      3754450D 
 212 02fa E5B69E2E 		.ascii	"\345\266\236.\267ea\022\234H\246^?T\314\3651k\320\343"
 212      B7656112 
 212      9C48A65E 
 212      3F54CCF5 
 212      316BD0E3 
 213 030e F2064A11 		.ascii	"\362\006J\021\323c\034A\037n\315L\264cq\024\316 (H\231"
 213      D3631C41 
 213      1F6ECD4C 
 213      B4637114 
 213      CE202848 
 214 0323 990955E1 		.ascii	"\231\011U\3411F\245\357\301\354-\236\366!j2\014J\236"
 214      3146A5EF 
 214      C1EC2D9E 
 214      F6216A32 
 214      0C4A9E
 215 0336 1E5BA20D 		.ascii	"\036[\242\015'\236\245)H*\304$T\240z\222S\310\305\011"
 215      279EA529 
 215      482AC424 
 215      54A07A92 
 215      53C8C509 
 216 034a D5B1FC9D 		.ascii	"\325\261\374\235\354\270\236\252u\210\241hAX\241\242"
 216      ECB89EAA 
 216      7588A168 
 216      4158A1A2 
 217 035a 31AA0178 		.ascii	"1\252\001x5\2057 \007\361%\202\036L\037L\265\341\314"
 217      35853720 
 217      07F12582 
 217      1E4C1F4C 
 217      B5E1CC
 218 036d AD403F18 		.ascii	"\255@?\030\333\237f\317\231\023bwc\017\037Wq\246d\264"
 218      DB9F66CF 
 218      99136277 
 218      630F1F57 
 218      71A664B4 
 219 0381 463F8CFD 		.ascii	"F?\214\3757<\305x>*<^\240f\330\227\004;>\233\036oe\221"
 219      373CC578 
 219      3E2A3C5E 
 219      A066D897 
 219      043B3E9B 
 220 0399 E75D91E7 		.ascii	"\347]\221\347\035\3063?l\360\274\006\336v\202\251\000"
 220      1DC6333F 
 220      6CF0BC06 
 220      DE7682A9 
 220      00
 221 03aa 49E60127 		.ascii	"I\346\001'6\017\024\033'\363T\370\003mIYR<\230\250\225"
 221      360F141B 
 221      27F354F8 
 221      036D4959 
 221      523C98A8 
 222 03bf 0CF54FCA 		.ascii	"\014\365O\312\004a\031j\205\216\3357\305\306i~\244\217"
 222      0461196A 
ARM GAS  C:\Users\CYIRKO~1\AppData\Local\Temp\ccQGFPmu.s 			page 17


 222      858EDD37 
 222      C5C6697E 
 222      A48F
 223 03d1 9D15F0A7 		.ascii	"\235\025\360\247\012\364\271\023Z\003\303\264\005\206"
 223      0AF4B913 
 223      5A03C3B4 
 223      0586
 224 03df A9131FA6 		.ascii	"\251\023\037\246\315@\347\036\037\347\247\263n\332\341"
 224      CD40E71E 
 224      1FE7A7B3 
 224      6EDAE1
 225 03ee 43983660 		.ascii	"C\2306`\210\277^loj {e\021\035\276\217\240\205\007\246"
 225      88BF5E6C 
 225      6F6A207B 
 225      65111DBE 
 225      8FA08507 
 226 0403 165A9185 		.ascii	"\026Z\221\205&\036\232ob\362qE\251\225)\024\210\332"
 226      261E9A6F 
 226      62F27145 
 226      A9952914 
 226      88DA
 227 0415 6B84FADB 		.ascii	"k\204\372\333\324#m4\024w\305P\244\346\032F\255\211"
 227      D4236D34 
 227      1477C550 
 227      A4E61A46 
 227      AD89
 228 0427 FB427E98 		.ascii	"\373B~\230\365\036!l\304Zj\275\375c\326Kz\342\"xJ\246"
 228      F51E216C 
 228      C45A6ABD 
 228      FD63D64B 
 228      7AE22278 
 229 043d 92C9F44A 		.ascii	"\222\311\364J\327\270q\011\323{\211\373\337\217\236"
 229      D7B87109 
 229      D37B89FB 
 229      DF8F9E
 230 044c 6CD5F040 		.ascii	"l\325\360@\333\203~c2y\334\026\037\305l\274wT\206\363"
 230      DB837E63 
 230      3279DC16 
 230      1FC56CBC 
 230      775486F3 
 231 0460 48AF03F5 		.ascii	"H\257\003\365\300Ha\222\215\305@\367\211\201\356e<\303"
 231      C0486192 
 231      8DC540F7 
 231      8981EE65 
 231      3CC3
 232 0472 86523A95 		.ascii	"\206R:\225\362\204\354\006x\027\205\367S\236}\"\317"
 232      F284EC06 
 232      781785F7 
 232      539E7D22 
 232      CF
 233 0483 84E7EF7F 		.ascii	"\204\347\357\177\304\363Q:\347;\3209\037]\030\276\226"
 233      C4F3513A 
 233      E73BD039 
 233      1F5D18BE 
 233      96
 234 0494 ACE52CC9 		.ascii	"\254\345,\311\204x\343~R\216560\226\257\"\303\336\362"
 234      8478E37E 
ARM GAS  C:\Users\CYIRKO~1\AppData\Local\Temp\ccQGFPmu.s 			page 18


 234      528E3536 
 234      3096AF22 
 234      C3DEF2
 235 04a7 714306DD 		.ascii	"qC\006\335\3033\217\337i-\262\034\026Y>a,#\223\317\246"
 235      C3338FDF 
 235      692DB21C 
 235      16593E61 
 235      2C2393CF 
 236 04bc 58C9593E 		.ascii	"X\311Y>\006\370 \205?\245,\207E\226\341\271\32170\213"
 236      06F82085 
 236      3FA52C87 
 236      4596E1B9 
 236      D137308B 
 237 04d0 D50F5915 		.ascii	"\325\017Y\025\340\215\372\324\022\303\202a9\3621\373"
 237      E08DFAD4 
 237      12C38261 
 237      39F231FB 
 238 04e0 6F4BA63B 		.ascii	"oK\246;x\267S1\361xy[,_\007z\245\303\326\221\017\333"
 238      78B75331 
 238      F178795B 
 238      2C5F077A 
 238      A5C3D691 
 239 04f6 E0E18243 		.ascii	"\340\341\202C\030\237b~\230L\010\213\3200\360\337\202"
 239      189F627E 
 239      984C088B 
 239      D030F0DF 
 239      82
 240 0507 5A9794FC 		.ascii	"Z\227\224\374\017\026\3350.\272a\214\321\274\332\324"
 240      0F16DD30 
 240      2EBA618C 
 240      D1BCDAD4 
 241 0517 51662377 		.ascii	"Qf#w\303\013\200?\247\360\011Js\\\244Y\\9\236.\316\036"
 241      C30B803F 
 241      A7F0094A 
 241      735CA459 
 241      5C399E2E 
 242 052d 84E6E39C 		.ascii	"\204\346\343\234\3764-\316b4\262\215Qu<\034\251$VsI"
 242      FE342DCE 
 242      6234B28D 
 242      51753C1C 
 242      A9245673 
 243 0542 6329B638 		.ascii	"c)\2668\217U\212\201t\340\201\274\363\264\244P\211K"
 243      8F558A81 
 243      74E081BC 
 243      F3B4A450 
 243      894B
 244 0554 59E5879E 		.ascii	"Y\345\207\236\230\030k\376&\311\315\236\266\326B[\\"
 244      98186BFE 
 244      26C9CD9E 
 244      B6D6425B 
 244      5C
 245 0565 C12A4B86 		.ascii	"\301*K\206\352k\3047IeD~\177\224\032W\263\312\276\256"
 245      EA6BC437 
 245      4965447E 
 245      7F941A57 
 245      B3CABEAE 
 246 0579 2791F6B8 		.ascii	"'\221\366\270\201)\2655\007\376\200[\330\363\255\201"
ARM GAS  C:\Users\CYIRKO~1\AppData\Local\Temp\ccQGFPmu.s 			page 19


 246      8129B535 
 246      07FE805B 
 246      D8F3AD81 
 247 0589 D07F652F 		.ascii	"\320\177e/\205\222\011\272\372\\\341i\314\374\227J\323"
 247      859209BA 
 247      FA5CE169 
 247      CCFC974A 
 247      D3
 248 059a BFE87A64 		.ascii	"\277\350zd\310R\334F\301Ko\364e&i\320*\376[N.\316\253"
 248      C852DC46 
 248      C14B6FF4 
 248      652669D0 
 248      2AFE5B4E 
 249 05b1 CE0AA1C1 		.ascii	"\316\012\241\301\202\361\355\364\227\323-\241\202p\320"
 249      82F1EDF4 
 249      97D32DA1 
 249      8270D0
 250 05c0 16752007 		.ascii	"\026u \007\324\004\223C\244r\371\374\260C\267\250\233"
 250      D4049343 
 250      A472F9FC 
 250      B043B7A8 
 250      9B
 251 05d1 5CC96E95 		.ascii	"\\\311n\225\275P\365\027\270\204b\364\014\320\3578Z"
 251      BD50F517 
 251      B88462F4 
 251      0CD0EF38 
 251      5A
 252 05e2 0C3B7ABB 		.ascii	"\014;z\273\000\035\002\350\3771P4I\216`%C\317g\326\015"
 252      001D02E8 
 252      FF315034 
 252      498E6025 
 252      43CF67D6 
 253 05f7 299ACC53 		.ascii	")\232\314S#\177f\266!*\350\003\267-\306\212\347\225"
 253      237F66B6 
 253      212AE803 
 253      B72DC68A 
 253      E795
 254 0609 04DDF017 		.ascii	"\004\335\360\027\023\372\215\034\375Z\316\273\377\317"
 254      13FA8D1C 
 254      FD5ACEBB 
 254      FFCF
 255 0617 26DEB372 		.ascii	"&\336\263r\336.2\360\204\004<#\007O\313M7K\\\362J\216"
 255      DE2E32F0 
 255      84043C23 
 255      074FCB4D 
 255      374B5CF2 
 256 062d 9E34A163 		.ascii	"\2364\241cy\026\256W) I\234`\231 U\004\015\203\013\035"
 256      7916AE57 
 256      2920499C 
 256      60992055 
 256      040D830B 
 257 0642 553AA343 		.ascii	"U:\243C\312U(\014$\034$\032$\004\344 H\004H\024\310"
 257      CA55280C 
 257      241C241A 
 257      2404E420 
 257      48044814 
 258 0657 11901890 		.ascii	"\021\220\030\220\003 \207AB\225\253\350N\2249\244]\342"
ARM GAS  C:\Users\CYIRKO~1\AppData\Local\Temp\ccQGFPmu.s 			page 20


 258      03208741 
 258      4295ABE8 
 258      4E9439A4 
 258      5DE2
 259 0669 90977287 		.ascii	"\220\227r\207\214\312\3357\305\321\260\200\242Z\216"
 259      8CCADD37 
 259      C5D1B080 
 259      A25A8E
 260 0678 16975574 		.ascii	"\026\227Uts\221\373$}\034\222\367q`\221mI \247\344L"
 260      7391FB24 
 260      7D1C92F7 
 260      7160916D 
 260      4920A7E4 
 261 068d DE9BD06C 		.ascii	"\336\233\320lyz0\345\020,\010\210\240\024|i2u\352\305"
 261      797A30E5 
 261      102C0888 
 261      A0147C69 
 261      3275EAC5 
 262 06a1 B4E33141 		.ascii	"\264\3431A\250[C\346U\330\2460[\342l\013\347\225y[\220"
 262      A85B43E6 
 262      55D8A630 
 262      5BE26C0B 
 262      E795795B 
 263 06b6 F4B30F7A 		.ascii	"\364\263\017zn\"\234\252\242K`p\305\351\246%\310y9k"
 263      6E229CAA 
 263      A24B6070 
 263      C5E9A625 
 263      C879396B 
 264 06ca A3694603 		.ascii	"\243iF\003;wt\034^\216U\316/\200\244E\363qA\307 \034"
 264      3B77741C 
 264      5E8E55CE 
 264      2F80A445 
 264      F37141C7 
 265 06e0 7F8DD090 		.ascii	"\177\215\320\220\261\032]8ao\0339\277\345\246,LSV\234"
 265      B11A5D38 
 265      616F1B39 
 265      BFE5A62C 
 265      4C53569C 
 266 06f4 D2969E48 		.ascii	"\322\226\236H\340\016\340\232\350\2568\2764e\221\315"
 266      E00EE09A 
 266      E8AE38BE 
 266      346591CD 
 267 0704 52D3C08D 		.ascii	"R\323\300\215H\276\256\245\022\275+\342\205\033\316"
 267      48BEAEA5 
 267      12BD2BE2 
 267      851BCE
 268 0713 A65D4491 		.ascii	"\246]D\221%\367\273U\026\247\302\223J>\025\272\320\231"
 268      25F7BB55 
 268      16A7C293 
 268      4A3E15BA 
 268      D099
 269 0725 70F04E41 		.ascii	"p\360NA\321R>\023\206\2103\241\011mP:\210\357\020t\177"
 269      D1523E13 
 269      868833A1 
 269      096D503A 
 269      88EF1074 
 270 073a 72FF033B 		.ascii	"r\377\003;\\\314\332\011\315\353\352\346k\355I\302!"
ARM GAS  C:\Users\CYIRKO~1\AppData\Local\Temp\ccQGFPmu.s 			page 21


 270      5CCCDA09 
 270      CDEBEAE6 
 270      6BED49C2 
 270      21
 271 074b 2CB3B706 		.ascii	",\263\267\006\341rV\371\366`w'\306F\246\234\037/\012"
 271      E17256F9 
 271      F6607727 
 271      C646A69C 
 271      1F2F0A
 272 075e E16C6308 		.ascii	"\341lc\010r,6>r)\256e\225\311)\323?\302M\3549\273+\347"
 272      722C363E 
 272      7229AE65 
 272      95C929D3 
 272      3FC24DEC 
 273 0776 129F69DF 		.ascii	"\022\237i\337\221u\361E\350\343^\376\342\247\240\026"
 273      9175F145 
 273      E8E35EFE 
 273      E2A7A016 
 274 0786 54843EE7 		.ascii	"T\204>\347G##\231\316f\262\206>\301\255\354\325\372"
 274      47232399 
 274      CE66B286 
 274      3EC1ADEC 
 274      D5FA
 275 0798 73576638 		.ascii	"sWf8\033\322\304\363c\341#v\026\235\220!:!]\311\226"
 275      1BD2C4F3 
 275      63E12376 
 275      169D9021 
 275      3A215DC9 
 276 07ad AD638F33 		.ascii	"\255c\2173\355\345\353A\032\004\375\254\222\3003\251"
 276      EDE5EB41 
 276      1A04FDAC 
 276      92C033A9 
 277 07bd 1732442F 		.ascii	"\0272D/\014\244UOX\361\335#ay\360\336\361\177\304"
 277      0CA4554F 
 277      58F1DD23 
 277      6179F0DE 
 277      F17FC4
 278 07d0 3D8CC6A9 		.ascii	"=\214\306\251\226\224p5\036b\312\214!\306\3107\304\303"
 278      96947035 
 278      1E62CA8C 
 278      21C6C837 
 278      C4C3
 279 07e2 04985865 		.ascii	"\004\230Xe\330\215_\262\272\241\311\301\001\204_3\345"
 279      D88D5FB2 
 279      BAA1C9C1 
 279      01845F33 
 279      E5
 280 07f3 C148770F 		.ascii	"\301Hw\017_Dz\011p\370~\372\0235\376\300\221\361\345"
 280      5F447A09 
 280      70F87EFA 
 280      1335FEC0 
 280      91F1E5
 281 0806 951A1CA6 		.ascii	"\225\032\034\246\246Jk\334\355\004\025C>\"\310\331\234"
 281      A64A6BDC 
 281      ED041543 
 281      3E22C8D9 
 281      9C
ARM GAS  C:\Users\CYIRKO~1\AppData\Local\Temp\ccQGFPmu.s 			page 22


 282 0817 F4591B1C 		.ascii	"\364Y\033\034\305*G\014\367S\355\361q\246\244\275),"
 282      C52A470C 
 282      F753EDF1 
 282      71A6A4BD 
 282      292C
 283 0829 E68BEB5D 		.ascii	"\346\213\353]\202\234\253z\373\310\016'\261\312'-9!"
 283      829CAB7A 
 283      FBC80E27 
 283      B1CA272D 
 283      3921
 284 083b 56389D29 		.ascii	"V8\235)\2272\212\2629\262\216 \237\033\306Z\226\342"
 284      97328AB2 
 284      39B28E20 
 284      9F1BC65A 
 284      96E2
 285 084d 3C56993A 		.ascii	"<V\231:\033{v\211\270\007\010\377!{\200\232\276\264"
 285      1B7B7689 
 285      B80708FF 
 285      217B809A 
 285      BEB4
 286 085f 441E4423 		.ascii	"D\036D#1\367\246\302\010m\0251s\206\203U\207\254\360"
 286      31F7A6C2 
 286      086D1531 
 286      73868355 
 286      87ACF0
 287 0872 65A61C0D 		.ascii	"e\246\034\015\351\376\216\001\177\005\332\341\223\231"
 287      E9FE8E01 
 287      7F05DAE1 
 287      9399
 288 0880 31562CBA 		.ascii	"1V,\272\275d\231\375\320\031<\253d\325d\2536}\240;\332"
 288      BD6499FD 
 288      D0193CAB 
 288      64D564AB 
 288      367DA03B 
 289 0895 72448D62 		.ascii	"rD\215bD\257\261\210\336I\217\011Q\311#z\025\"ZI#z\235"
 289      44AFB188 
 289      DE498F09 
 289      51C9237A 
 289      15225A49 
 290 08ac 46D42846 		.ascii	"F\324(F4\267\261\266\223\373?\234$V^\305\363\010\336"
 290      34B7B1B6 
 290      93FB3F9C 
 290      24565EC5 
 290      F308DE
 291 08bf 855764DD 		.ascii	"\205Wd\335\216\254\035\314_\312\027R\262\331\3109\330"
 291      8EAC1DCC 
 291      5FCA1752 
 291      B2D9C839 
 291      D8
 292 08d0 96C2F71E 		.ascii	"\226\302\367\036\235\344\375\247e\327\036h,r\253\021"
 292      9DE4FDA7 
 292      65D71E68 
 292      2C72AB11 
 293 08e0 B955336E 		.ascii	"\271U3n\211-7\303\254\345\334n\002\267\033\224[-\345"
 293      892D37C3 
 293      ACE5DC6E 
 293      02B71B94 
ARM GAS  C:\Users\CYIRKO~1\AppData\Local\Temp\ccQGFPmu.s 			page 23


 293      5B2DE5
 294 08f3 5623721B 		.ascii	"V#r\033y\375xN\203\2571\217%\027\037\377\003\256f\317"
 294      79FD784E 
 294      83AF318F 
 294      25171FFF 
 294      03AE66CF 
 295 0907 B9E3B1E9 		.ascii	"\271\343\261\351\010\337fJx\337\241\373|\277\360\216"
 295      08DF664A 
 295      78DFA1FB 
 295      7CBFF08E 
 296 0917 6E9BA362 		.ascii	"n\233\243b\033\355\361}VYs\")\336\006?d\312\334\323"
 296      1BEDF17D 
 296      56597322 
 296      29DE063F 
 296      64CADCD3 
 297 092b B634DEB7 		.ascii	"\2664\336\2671\372\225c&\245\224\353\216\222]\211#\337"
 297      31FA9563 
 297      26A594EB 
 297      8E925D89 
 297      23DF
 298 093d 95F44526 		.ascii	"\225\364E&% \334\305\336\235\211\2524X>\3734\213\375"
 298      2520DCC5 
 298      DE9D89AA 
 298      34583EFB 
 298      348BFD
 299 0950 BCC012E1 		.ascii	"\274\300\022\341}hi/\222\367\363.\364\363\016\355\347"
 299      7D68692F 
 299      92F7F32E 
 299      F4F30EED 
 299      E7
 300 0961 7DDACF66 		.ascii	"}\332\317f\261\237\021\255\235\027\027\240/+?\202\276"
 300      B19F11AD 
 300      9D1717A0 
 300      2F2B3F82 
 300      BE
 301 0972 3F742694 		.ascii	"?t&\224\017\367\273\364\203\012\377f\340\300\276\031"
 301      0FF7BBF4 
 301      830AFF66 
 301      E0C0BE19 
 302 0982 88DB2747 		.ascii	"\210\333'G\276}\232<\032\323\215\360c\326\213\252\211"
 302      BE7D9A3C 
 302      1AD38DF0 
 302      63D68BAA 
 302      89
 303 0993 824CFE2E 		.ascii	"\202L\376.\311\263p\303\304\335\245\026;\325.v\252\215"
 303      C9B370C3 
 303      C4DDA516 
 303      3BD52E76 
 303      AA8D
 304 09a5 05AFED5D 		.ascii	"\005\257\355]u\273Z\336\251\207@\363\001\245\331Ai\266"
 304      75BB5ADE 
 304      A98740F3 
 304      01A5D941 
 304      69B6
 305 09b7 8B34BB8B 		.ascii	"\2134\273\213\014C\326\362NYDGU_\252\341iXG\364\351"
 305      0C43D6F2 
 305      4E594447 
ARM GAS  C:\Users\CYIRKO~1\AppData\Local\Temp\ccQGFPmu.s 			page 24


 305      555FAAE1 
 305      695847F4 
 306 09cc E28BD96A 		.ascii	"\342\213\331j<\312\307sRV\241\006O2\245\364EN\251\035"
 306      3CCAC773 
 306      5256A106 
 306      4F32A5F4 
 306      454EA91D 
 307 09e0 1F6334A5 		.ascii	"\037c4\245\312_5\360\365A#\251v\344\325UG\323\326\343"
 307      CA5F35F0 
 307      F54123A9 
 307      76E4D555 
 307      47D3D6E3 
 308 09f4 29F50F58 		.ascii	")\365\017X\036\006\305\356\256\241\275\215\257\214\277"
 308      1E06C5EE 
 308      AEA1BD8D 
 308      AF8CBF
 309 0a03 B46862EC 		.ascii	"\264hb\354\007\376}\224\377c\312\177P\344\177\341\365"
 309      07FE7D94 
 309      FF63CA7F 
 309      50E47FE1 
 309      F5
 310 0a14 E415ADBC 		.ascii	"\344\025\255\274\267\026\321YC\311\321<\014_\202z\362"
 310      B716D159 
 310      43C9D13C 
 310      0C5F827A 
 310      F2
 311 0a25 FD99113B 		.ascii	"\375\231\021;\034lEI>\1771\223o\217\0172\245\274\264"
 311      1C6C4549 
 311      3E7F3193 
 311      6F8F0F32 
 311      A5BCB4
 312 0a38 A286776E 		.ascii	"\242\206wn\015\031|\271\327\233\226\340(V7\023s\272"
 312      0D197CB9 
 312      D79B96E0 
 312      28563713 
 312      73BA
 313 0a4a C806C732 		.ascii	"\310\006\3072%i\262\353)Oeg\322\353\264S\307l\360\011"
 313      2569B2EB 
 313      294F6567 
 313      D2EBB453 
 313      C76CF009 
 314 0a5e 56371713 		.ascii	"V7\027\023n\260\306IL\211k\212K[\202S\2312=\034\327"
 314      6EB0C649 
 314      4C896B8A 
 314      4B5B8253 
 314      99323D1C 
 315 0a73 C667695B 		.ascii	"\306gi[\311!\304\221\037B\214\231q\377\2043\030\364"
 315      C921C491 
 315      1F428C99 
 315      71FF8433 
 315      18F4
 316 0a85 615BE865 		.ascii	"a[\350e\016]\002j\314\255\236\377\260\350\311\327\242"
 316      0E5D026A 
 316      CCAD9EFF 
 316      B0E8C9D7 
 316      A2
 317 0a96 275FB1C4 		.ascii	"'_\261\304i\250\273}D%?&O\200s\306\251s\336P\347\274"
ARM GAS  C:\Users\CYIRKO~1\AppData\Local\Temp\ccQGFPmu.s 			page 25


 317      69A8BB7D 
 317      44253F26 
 317      4F8073C6 
 317      A973DE50 
 318 0aac 169D9366 		.ascii	"\026\235\223f\010\231R\313\217\275\026\321\225\315\235"
 318      089952CB 
 318      8FBD16D1 
 318      95CD9D
 319 0abb EB710EE3 		.ascii	"\353q\016\343\370\272\251\263\017\341|\246\204\336\252"
 319      F8BAA9B3 
 319      0FE17CA6 
 319      84DEAA
 320 0aca CFB4C645 		.ascii	"\317\264\306EL\031=\337X\007s/S\006\207\246\3120\276"
 320      4C193DDF 
 320      5807732F 
 320      530687A6 
 320      CA30BE
 321 0add CA948CD1 		.ascii	"\312\224\214\321\263Gl\360\015\246\324\346\325'\360"
 321      B3476CF0 
 321      0DA6D4E6 
 321      D527F0
 322 0aec 53582E59 		.ascii	"SX.YJg:\257\275\264\345\016\371)Y\356n_k\264\305\365"
 322      4A673AAF 
 322      BDB4E50E 
 322      F92959EE 
 322      6E5F6BB4 
 323 0b02 14FCF38C 		.ascii	"\024\374\363\214\204\3342\353\371C\304\307~\313\331"
 323      84DC32EB 
 323      F943C4C7 
 323      7ECBD9
 324 0b11 CD59D4D9 		.ascii	"\315Y\324\331Q`6\012g_\024\204\010+z\0308\017\233\260"
 324      5160360A 
 324      675F1484 
 324      082B7A18 
 324      380F9BB0 
 325 0b25 742C390C 		.ascii	"t,9\014d\321\336\346#\266\211\214\203\027&\3021;<\220"
 325      64D1DEE6 
 325      23B6898C 
 325      831726C2 
 325      313B3C90 
 326 0b39 DCEA96E3 		.ascii	"\334\352\226\343\273\026\340\351\2463\222\343a+\203"
 326      BB16E0E9 
 326      A63392E3 
 326      612B83
 327 0b48 2EC9F1C5 		.ascii	".\311\361\305\213\354\267GJ\354\227\313\361W\026\340"
 327      8BECB747 
 327      4AEC97CB 
 327      F15716E0 
 328 0b58 4907A6BE 		.ascii	"I\007\246\2763\235ef\344p\0279z$\002\233\340\365r8;"
 328      339D6566 
 328      E4701739 
 328      7A24029B 
 328      E0F57238 
 329 0b6d 432CC07F 		.ascii	"C,\300\177o\202\217\311\341\203\213\340\355Q\022\363"
 329      6F828FC9 
 329      E1838BE0 
 329      ED5112F3 
ARM GAS  C:\Users\CYIRKO~1\AppData\Local\Temp\ccQGFPmu.s 			page 26


 330 0b7d F972FC85 		.ascii	"\371r\374\205E\344\253\302%\370Q9~D);\267\215H\315\347"
 330      45E4ABC2 
 330      25F85139 
 330      7E44293B 
 330      B78D48CD 
 331 0b92 CAE1398B 		.ascii	"\312\3419\213\3147H\361\027\345\370\302\305t\244\370"
 331      CC3748F1 
 331      17E5F8C2 
 331      C574A4F8 
 332 0ba2 22F37829 		.ascii	"\"\363x)\235\303\022x\242\034~B\016\237\222\302\005"
 332      9DC31278 
 332      A21C7E42 
 332      0E9F92C2 
 332      05
 333 0bb3 2C83C7CB 		.ascii	",\203\307\313\341\023\022\327\277\224\033\177.GWI\320"
 333      E11312D7 
 333      BF941B7F 
 333      2E475749 
 333      D0
 334 0bc4 D372749F 		.ascii	"\323rt\237\024M\223\370;S\216}0\2334\322\023m$f\347"
 334      144D93F8 
 334      3B538E7D 
 334      309B34D2 
 334      136D2466 
 335 0bd9 26D8B4D0 		.ascii	"&\330\264\320\263\016A\213[\031~\312\222z\261Y\032\324"
 335      B30E418B 
 335      5B197ECA 
 335      927AB159 
 335      1AD4
 336 0beb A772EB4F 		.ascii	"\247r\353O\344\\F\244\003\252\307\374\200\222\236\306"
 336      E45C46A4 
 336      03AAC7FC 
 336      80929EC6 
 337 0bfb A5E3A916 		.ascii	"\245\343\251\026\311\340\245\213\306_C\204\004\377A"
 337      C9E0A58B 
 337      C65F4384 
 337      04FF41
 338 0c0a 8E6F5A94 		.ascii	"\216oZ\224\003\375\322(%\313\351$-\3027K\034\377^\016"
 338      03FDD228 
 338      25CBE924 
 338      2DC2374B 
 338      1CFF5E0E 
 339 0c1e 7FB028A8 		.ascii	"\177\260(\250\322\361W'\207W\311;[u\230\273\036N\000"
 339      D2F15727 
 339      8757C93B 
 339      5B7598BB 
 339      1E4E00
 340 0c31 E81C878B 		.ascii	"\350\034\207\213\347\002tf\201ur\034\376\036.\301p\370"
 340      E7027466 
 340      8175721C 
 340      FE1E2EC1 
 340      70F8
 341 0c43 01F42447 		.ascii	"\001\364$G\213s6?JH\270\364K\263=\317\374h\222\246\257"
 341      8B73363F 
 341      4A48B8F4 
 341      4BB33DCF 
 341      FC6892A6 
ARM GAS  C:\Users\CYIRKO~1\AppData\Local\Temp\ccQGFPmu.s 			page 27


 342 0c58 A4A32FCC 		.ascii	"\244\243/\314\347\343\002\277H\375xZ\216?\265x\254J"
 342      E7E302BF 
 342      48FD785A 
 342      8E3FB578 
 342      AC4A
 343 0c6a CC4F994F 		.ascii	"\314O\231O\340\005pi\222=3?sH\247\325~\351\264Z&\307"
 343      E0057069 
 343      923D333F 
 343      7348A7D5 
 343      7EE9B45A 
 344 0c80 97CA93B2 		.ascii	"\227\312\223\2629B\002o\224\303o-\202K\255W\230\237"
 344      3942026F 
 344      94C36F2D 
 344      824BAD57 
 344      989F
 345 0c92 B425AE6C 		.ascii	"\264%\256l\227\364\365\235\371\234a\334\245\337\000"
 345      97F4F59D 
 345      F99C61DC 
 345      A5DF00
 346 0ca1 E62090B3 		.ascii	"\346 \220\263\264\216\300\311\007\200\\\354\214b\361"
 346      B48EC0C9 
 346      07805CEC 
 346      8C62F1
 347 0cb0 2A140612 		.ascii	"*\024\006\022\003r\032\344$\3109\220$\220C GAR@\"@R"
 347      03721AE4 
 347      24C83990 
 347      24904320 
 347      47415240 
 348 0cc7 418E83E4 		.ascii	"A\216\203\344\203\024\202\304\201\034\000\311\000)\002"
 348      831482C4 
 348      811C00C9 
 348      002902
 349 0cd6 39017216 		.ascii	"9\001r\026\344\002\310y\220\203 \006\220\002\220l\220"
 349      E402C879 
 349      90832006 
 349      9002906C 
 349      90
 350 0ce7 63206920 		.ascii	"c i \241 g@\342A\262@B@\016\203D\201\024\203\204\203"
 350      A1206740 
 350      E241B240 
 350      42400E83 
 350      44811483 
 351 0cfd 24834482 		.ascii	"$\203D\202\\\004\011\006I\004\311\0019\005\222\007\222"
 351      5C040906 
 351      4904C901 
 351      39059207 
 351      92
 352 0d0e 00720424 		.ascii	"\000r\004$\023$\032\213\337\213\342 \177\247\302y\316"
 352      13241A8B 
 352      DF8BE220 
 352      7FA7C279 
 352      CE
 353 0d1f 7742163F 		.ascii	"wB\026?\342\336\021\267\254\250U>D&\016K\306w\202\371"
 353      E2DE11B7 
 353      ACA8553E 
 353      44260E4B 
 353      C67782F9 
ARM GAS  C:\Users\CYIRKO~1\AppData\Local\Temp\ccQGFPmu.s 			page 28


 354 0d33 49589A38 		.ascii	"IX\2328\023\221\222\304)1\277\036K\"\333/M\204\006\363"
 354      139192C4 
 354      2931BF1E 
 354      4B22DB2F 
 354      4D8406F3 
 355 0d47 0BA6741A 		.ascii	"\013\246t\032\226Z\017\226\303\007\344\360\006\351 "
 355      965A0F96 
 355      C307E4F0 
 355      06E920
 356 0d56 49353F48 		.ascii	"I5?H$\237\244\206f\331')@-\374$Elu\037\226\356dR\314"
 356      249FA486 
 356      66D92729 
 356      402DFC24 
 356      456C751F 
 357 0d6f CF5C929E 		.ascii	"\317\\\222\236\265K{v\333|\212/X\333\245#n\330\374\264"
 357      B54B7B76 
 357      DB7C8A2F 
 357      58DBA523 
 357      6ED8FCB4 
 358 0d83 BE60E313 		.ascii	"\276`\343\023\301\343\010\347I\372\341\217\340\305S"
 358      C1E308E7 
 358      49FAE18F 
 358      E0C553
 359 0d92 269FEAE6 		.ascii	"&\237\352\346G(\231\274\304\270\017\001~\200\333\027"
 359      472899BC 
 359      C4B80F01 
 359      7E80DB17 
 360 0da2 37EFA877 		.ascii	"7\357\250w\321L*\235\275\262\315\357\333\\M\326\253"
 360      D14C2A9D 
 360      BDB2CDEF 
 360      DB5C4DD6 
 360      AB
 361 0db3 44362D60 		.ascii	"D6-`\375\036\207\213\247;\376\331]b\275Yj\275\300\374"
 361      FD1E878B 
 361      A73BFED9 
 361      5D62BD59 
 361      6ABDC0FC 
 362 0dc7 4646FCBE 		.ascii	"FF\374\276\327\324\023\337\244\302w\350~Ty\257\357\315"
 362      D7D413DF 
 362      A4C277E8 
 362      7E5479AF 
 362      EFCD
 363 0dd9 09355AEE 		.ascii	"\0115Z\356ln\344\242R\030\260\377_\007/\313\320\232"
 363      6C6EE4A2 
 363      5218B0FF 
 363      5F072FCB 
 363      D09A
 364 0deb 23388464 		.ascii	"#8\204dh\011\364\362\022\236\377\242I\022\226\372\252"
 364      6809F4F2 
 364      129EFFA2 
 364      491296FA 
 364      AA
 365 0dfc A5A5ED88 		.ascii	"\245\245\355\210Z\372\321\261D\342W\005*\303\354\243"
 365      5AFAD1B1 
 365      44E25705 
 365      2AC3ECA3 
 366 0e0c 23DC01DC 		.ascii	"#\334\001\334\221\037\232\253\302\217\330\251\340\354"
ARM GAS  C:\Users\CYIRKO~1\AppData\Local\Temp\ccQGFPmu.s 			page 29


 366      911F9AAB 
 366      C28FD8A9 
 366      E0EC
 367 0e1a 70633D3F 		.ascii	"pc=?\204\375\230|\207:>\032\215\330\241`\230\034\260"
 367      84FD987C 
 367      873A3E1A 
 367      8DD8A160 
 367      981CB0
 368 0e2d CF344E9E 		.ascii	"\3174N\236\320\342!\206-\253|\276\226A\311\177!\356"
 368      D0E22186 
 368      2DAB7CBE 
 368      9641C97F 
 368      21EE
 369 0e3f 9D4AEC47 		.ascii	"\235J\354G\026\217IW1?&UbzLj}W9e\213_RC\252\336\264"
 369      168F4957 
 369      313F2655 
 369      627A4C6A 
 369      7D573965 
 370 0e5a 896756C8 		.ascii	"\211gV\310\331\011!-\010\355\"\3744\220\276X\213\256"
 370      D909212D 
 370      08ED22FC 
 370      3490BE58 
 370      8BAE
 371 0e6c 61CC07A0 		.ascii	"a\314\007\240\"Q\000\363c\337\223bs\377\2704B\254\253"
 371      225100F3 
 371      63DF9362 
 371      73FFB834 
 371      42ACAB
 372 0e7f 683B37B0 		.ascii	"h;7\260\023\272\016\015%\012\032ZB\2769\276\315H\327"
 372      13BA0E0D 
 372      250A1A5A 
 372      42BE39BE 
 372      CD48D7
 373 0e92 484F5AC4 		.ascii	"HOZ\304v9\340\256`\302\357&v\020Y\022tL\343\031\366"
 373      7639E0AE 
 373      60C2EF26 
 373      76105912 
 373      744CE319 
 374 0ea7 4F41D246 		.ascii	"OA\322F\370G\333\000\364\211\236\304.\255\324v\365\307"
 374      F847DB00 
 374      F4899EC4 
 374      2EADD476 
 374      F5C7
 375 0eb9 6C0F3CBB 		.ascii	"l\017<\273\324d\363\2234\341\256Q0v\\]\223t\300(\204"
 375      D464F393 
 375      34E1AE51 
 375      30765C5D 
 375      9374C028 
 376 0ece AC4735D8 		.ascii	"\254G5\330\001U@(\215h\245\344\325\313P\262E\251@\265"
 376      01554028 
 376      8D68A5E4 
 376      D5CB50B2 
 376      45A940B5 
 377 0ee2 F8278A65 		.ascii	"\370'\212e\376\377\345\267s\203\377\366\035{\364\333"
 377      FEFFE5B7 
 377      7383FFF6 
 377      1D7BF4DB 
ARM GAS  C:\Users\CYIRKO~1\AppData\Local\Temp\ccQGFPmu.s 			page 30


 378 0ef2 F43B8302 		.ascii	"\364;\203\002\366i\376\375\327[W\350\\]\025Z_\337\375"
 378      F669FEFD 
 378      D75B57E8 
 378      5C5D155A 
 378      5FDFFD
 379 0f05 7EFE419F 		.ascii	"~\376A\237\257\365\015\372F\377K\237\235\273\375v\370"
 379      AFF50DFA 
 379      46FF4B9F 
 379      9DBBFD76 
 379      F8
 380 0f16 0506EDDF 		.ascii	"\005\006\355\337\345\027\340\023\024\020\260'\320\347"
 380      E517E013 
 380      1410B027 
 380      D0E7
 381 0f24 F7FEFB57 		.ascii	"\367\376\373W\320\247\025\333\367\355]\241\337\273C"
 381      D0A715DB 
 381      F7ED5DA1 
 381      DFBB43
 382 0f33 BF6B977E 		.ascii	"\277k\227~\227\317\027\253?_\261v\215\353\272\377t\365"
 382      97CF17AB 
 382      3F5FB176 
 382      8DEBBAFF 
 382      74F5
 383 0f45 81F29FF9 		.ascii	"\201\362\237\371\007\370\353\177\246\337\276\303\317"
 383      07F8EB7F 
 383      A6DFBEC3 
 383      CF
 384 0f52 C7CF7FE7 		.ascii	"\307\317\177\347\236\375\273\364>{\267\203-\177\275"
 384      9EFDBBF4 
 384      3E7BB783 
 384      2D7FBD
 385 0f61 8FEF2EFD 		.ascii	"\217\357.\3757\333\367\357\011\362\015\372\366\217\372"
 385      37DBF7EF 
 385      09F20DFA 
 385      F68FFA
 386 0f70 C0D5BB15 		.ascii	"\300\325\273\025\032\261\275\337\375U\333\013\3746\320"
 386      1AB1BDDF 
 386      FD55DB0B 
 386      FC36D0
 387 0f7f C7373068 		.ascii	"\30770h\027\030\207F~\265\341\227>:b\333\233\331\246"
 387      17188746 
 387      7EB5E197 
 387      3E3A62DB 
 387      9BD9A6
 388 0f92 ED0404BA 		.ascii	"\355\004\004\272\256\373\302% \320e\367\366="
 388      AEFBC225 
 388      20D065F7 
 388      F63D
 389 0fa0 2E7F0CD8 		.ascii	".\177\014\330\027\024\350\2623`\357\336\000\177\027"
 389      1714E8B2 
 389      3360EFDE 
 389      007F17
 390 0faf 37AFCDBA 		.ascii	"7\257\315\272\315\177r!^Z\275S\3617\344\356\356\027"
 390      CD7F7221 
 390      5E5ABD53 
 390      F137E4EE 
 390      EE17
ARM GAS  C:\Users\CYIRKO~1\AppData\Local\Temp\ccQGFPmu.s 			page 31


 391 0fc1 68729713 		.ascii	"hr\227\023)\361\326\007y\177\033\030\244\337\273i\273"
 391      29F1D607 
 391      797F1B18 
 391      A4DFBB69 
 391      BB
 392 0fd2 FFAE3DFA 		.ascii	"\377\256=\372}\236\373\374\002\366\371\005}K\235\253"
 392      7D9EFBFC 
 392      02F6F905 
 392      7D4B9DAB 
 393 0fe2 DBA3DFBE 		.ascii	"\333\243\337\276\317S\357\017\355\377\336\306k\203\367"
 393      CF53EF0F 
 393      EDFFDEC6 
 393      6B83F7
 394 0ff1 06AF6D1B 		.ascii	"\006\257m\033\334\177\241\364\360\264a\016\376\3227"
 394      DC7FA1F4 
 394      F0B4610E 
 394      FED237
 395 1000 C89ADFE7 		.ascii	"\310\232\337\347\253\177\256\362p\373\312k^\375\\\345"
 395      AB7FAEF2 
 395      70FBCA6B 
 395      5EFD5CE5 
 396 1010 A1F334A9 		.ascii	"\241\3634\251kU\036\336\236^\032/\246\271B\345\006S"
 396      6B551EDE 
 396      9E5E1A2F 
 396      A6B942E5 
 396      0653
 397 1022 E51AA8DC 		.ascii	"\345\032\250\334\340\245\362\336\342\341\345\366\321"
 397      E0A5F2DE 
 397      E2E1E5F6 
 397      D1
 398 102f AEF20EEA 		.ascii	"\256\362\016\352\377\024\344\242\333\354\355\341\355"
 398      FF14E4A2 
 398      DBECEDE1 
 398      ED
 399 103c C2FD0515 		.ascii	"\302\375\005\025\373\364\276;\367\256\003g\331\374z"
 399      FBF4BE3B 
 399      F7AE0367 
 399      D9FC7A
 400 104b 9B87CE77 		.ascii	"\233\207\316w\013\304g\336\376\227Vn\233\276\362\326"
 400      0BC467DE 
 400      FE97566E 
 400      9BBEF2D6 
 401 105b 79A9746E 		.ascii	"y\251tn:/\362\354\0117\367-\272\315p\363\240\267y\350"
 401      3A2FF2EC 
 401      0937F72D 
 401      BACD70F3 
 401      A0B779E8 
 402 106f 3A2B779D 		.ascii	":+w\235\316\303\373\267\032r\333\274\315M\247\206\007"
 402      CEC3FBB7 
 402      1A72DBBC 
 402      CD4DA786 
 402      07
 403 1080 EFDF5AC3 		.ascii	"\357\337Z\303\225h\374\276\025J=h)\305X{\320\373\326"
 403      9568FCBE 
 403      154A3D68 
 403      29C5587B 
 403      D0FBD6
ARM GAS  C:\Users\CYIRKO~1\AppData\Local\Temp\ccQGFPmu.s 			page 32


 404 1093 792B5F90 		.ascii	"y+_\220\022\267\257\277\336\252\336\274m\243\327Zzu"
 404      12B7AFBF 
 404      DEAADEBC 
 404      6DA3D75A 
 404      7A75
 405 10a5 A5D7356A 		.ascii	"\245\3275j\235'!\241\363\366\336\3605\334t\336\036\356"
 405      9D2721A1 
 405      F3F6DEF0 
 405      35DC74DE 
 405      1EEE
 406 10b7 5E58B7C5 		.ascii	"^X\267\305K\255\373\032\236\254=\334}=\274\335\200\226"
 406      4BADFB1A 
 406      9EAC3DDC 
 406      7D3DBCDD 
 406      8096
 407 10c9 BBEFE68D 		.ascii	"\273\357\346\215\364\346\306n\356\354\346\271\321K\345"
 407      F4E6C66E 
 407      EEECE6B9 
 407      D14BE5
 408 10d8 B6D1DB4B 		.ascii	"\266\321\333K\365\325F7/\365\346\315pU\271\023}\023"
 408      F5D54637 
 408      2FF5E6CD 
 408      7055B913 
 408      7D13
 409 10ea B9E8E0A2 		.ascii	"\271\350\340\242\366\336\244\203G\357M\236`W\347\205"
 409      F6DEA483 
 409      47EF4D9E 
 409      6057E785 
 410 10fa A1DF6A37 		.ascii	"\241\337j7\017/\350\375\266-\277\361\002\307\003D\347"
 410      0F2FE8FD 
 410      B62DBFF1 
 410      02C70344 
 410      E7
 411 110b B9D5C35D 		.ascii	"\271\325\303]\355\366\025\3005\336\272\257\250\267\354"
 411      EDF615C0 
 411      35DEBAAF 
 411      A8B7EC
 412 111a 7C7DBFD9 		.ascii	"|}\277\331\357\277\323\327w\365\272u\256\277\320\210"
 412      EFBFD3D7 
 412      77F5BA75 
 412      AEBFD088 
 413 112a 9A6AE7EE 		.ascii	"\232j\347\356\355\373\376\017\2629\363\256"
 413      EDFBFE0F 
 413      B239F3AE 
 414              		.text
 415              		.section	.gnu.lto_.symtab.9526fd48,"",%progbits
 416 0000 6E766963 		.ascii	"nvicEnableVector\000"
 416      456E6162 
 416      6C655665 
 416      63746F72 
 416      00
 417 0011 00       		.ascii	"\000"
 418 0012 00       		.ascii	"\000"
 419 0013 00       		.ascii	"\000"
 420 0014 00000000 		.ascii	"\000\000\000\000\000\000\000\000"
 420      00000000 
 421 001c BA000000 		.ascii	"\272\000\000\000"
ARM GAS  C:\Users\CYIRKO~1\AppData\Local\Temp\ccQGFPmu.s 			page 33


 422 0020 6E766963 		.ascii	"nvicDisableVector\000"
 422      44697361 
 422      626C6556 
 422      6563746F 
 422      7200
 423 0032 00       		.ascii	"\000"
 424 0033 00       		.ascii	"\000"
 425 0034 00       		.ascii	"\000"
 426 0035 00000000 		.ascii	"\000\000\000\000\000\000\000\000"
 426      00000000 
 427 003d BE000000 		.ascii	"\276\000\000\000"
 428 0041 6E766963 		.ascii	"nvicSetSystemHandlerPriority\000"
 428      53657453 
 428      79737465 
 428      6D48616E 
 428      646C6572 
 429 005e 00       		.ascii	"\000"
 430 005f 00       		.ascii	"\000"
 431 0060 00       		.ascii	"\000"
 432 0061 00000000 		.ascii	"\000\000\000\000\000\000\000\000"
 432      00000000 
 433 0069 C0000000 		.ascii	"\300\000\000\000"
 434 006d 6E766963 		.ascii	"nvicClearPending\000"
 434      436C6561 
 434      7250656E 
 434      64696E67 
 434      00
 435 007e 00       		.ascii	"\000"
 436 007f 00       		.ascii	"\000"
 437 0080 00       		.ascii	"\000"
 438 0081 00000000 		.ascii	"\000\000\000\000\000\000\000\000"
 438      00000000 
 439 0089 C2000000 		.ascii	"\302\000\000\000"
 440              		.text
 441              		.section	.gnu.lto_.opts,"",%progbits
 442 0000 272D666D 		.ascii	"'-fmath-errno' '-fsigned-zeros' '-ftrapping-math' '"
 442      6174682D 
 442      6572726E 
 442      6F272027 
 442      2D667369 
 443 0033 2D666E6F 		.ascii	"-fno-trapv' '-fno-openmp' '-fno-openacc' '-mcpu=cor"
 443      2D747261 
 443      70762720 
 443      272D666E 
 443      6F2D6F70 
 444 0066 7465782D 		.ascii	"tex-m7' '-mno-thumb-interwork' '-mthumb' '-ggdb' '-"
 444      6D372720 
 444      272D6D6E 
 444      6F2D7468 
 444      756D622D 
 445 0099 4F322720 		.ascii	"O2' '-fomit-frame-pointer' '-falign-functions=16' '"
 445      272D666F 
 445      6D69742D 
 445      6672616D 
 445      652D706F 
 446 00cc 2D666675 		.ascii	"-ffunction-sections' '-fdata-sections' '-fno-common"
 446      6E637469 
ARM GAS  C:\Users\CYIRKO~1\AppData\Local\Temp\ccQGFPmu.s 			page 34


 446      6F6E2D73 
 446      65637469 
 446      6F6E7327 
 447 00ff 2720272D 		.ascii	"' '-flto'\000"
 447      666C746F 
 447      2700
 448              		.text
 449              		.comm	__gnu_lto_v1,1,1
 450              		.comm	__gnu_lto_slim,1,1
 451              		.ident	"GCC: (GNU Tools for ARM Embedded Processors 6-2017-q1-update) 6.3.1 20170215 (release) [AR
ARM GAS  C:\Users\CYIRKO~1\AppData\Local\Temp\ccQGFPmu.s 			page 35


DEFINED SYMBOLS
                            *ABS*:00000000 nvic.c
                            *COM*:00000001 __gnu_lto_v1
                            *COM*:00000001 __gnu_lto_slim

NO UNDEFINED SYMBOLS
