ARM GAS  C:\Users\CYIRKO~1\AppData\Local\Temp\ccG9J6Xa.s 			page 1


   1              		.cpu cortex-m7
   2              		.eabi_attribute 20, 1
   3              		.eabi_attribute 21, 1
   4              		.eabi_attribute 23, 3
   5              		.eabi_attribute 24, 1
   6              		.eabi_attribute 25, 1
   7              		.eabi_attribute 26, 1
   8              		.eabi_attribute 30, 2
   9              		.eabi_attribute 34, 1
  10              		.eabi_attribute 18, 4
  11              		.file	"hal.c"
  12              		.text
  13              	.Ltext0:
  14              		.section	.gnu.lto_.profile.94b044ad,"",%progbits
  15 0000 789C6365 		.ascii	"x\234ce`b`a```d0e\007\000\000\361\000I"
  15      60626061 
  15      60606064 
  15      30650700 
  15      00F10049 
  16              		.text
  17              		.section	.gnu.lto_.icf.94b044ad,"",%progbits
  18 0000 789C6365 		.ascii	"x\234ce`b\340`@\000F\206u}\233\337\2631\000\000\015"
  18      6062E060 
  18      40004686 
  18      757D9BDF 
  18      B3310000 
  19 0015 E302F5   		.ascii	"\343\002\365"
  20              		.text
  21              		.section	.gnu.lto_.jmpfuncs.94b044ad,"",%progbits
  22 0000 789C6365 		.ascii	"x\234ce`bPg@\000F\010\305\3048\235\231\261\371\327\376"
  22      60625067 
  22      40004608 
  22      C5C4389D 
  22      99B1F9D7 
  23 0015 CF7CF57F 		.ascii	"\317|\365\177\033$\34633,f\006I.g\254g`d\001\262\000"
  23      1B24E633 
  23      332C6606 
  23      492E67AC 
  23      67606401 
  24 002b B8140894 		.ascii	"\270\024\010\224"
  25              		.text
  26              		.section	.gnu.lto_.inline.94b044ad,"",%progbits
  27 0000 789C6365 		.ascii	"x\234ce`b\320c@\000F\006\006NSF\240 \003\003\333\002"
  27      6062D063 
  27      40004606 
  27      064E5346 
  27      A0200303 
  28 0016 7926B010 		.ascii	"y&\260\020\027\012\301\304\015R\005f2\000\0005\014\001"
  28      170AC1C4 
  28      0D520566 
  28      32000035 
  28      0C01
  29 0028 79       		.ascii	"y"
  30              		.text
  31              		.section	.gnu.lto_.pureconst.94b044ad,"",%progbits
  32 0000 789C6365 		.ascii	"x\234ce`b`f```d\220\000\000\000\204\000$"
  32      60626066 
ARM GAS  C:\Users\CYIRKO~1\AppData\Local\Temp\ccG9J6Xa.s 			page 2


  32      60606064 
  32      90000000 
  32      840024
  33              		.text
  34              		.section	.gnu.lto_halInit.94b044ad,"",%progbits
  35 0000 789C7590 		.ascii	"x\234u\220?H\302Q\020\307\357\373{\376\0132\032\032"
  35      3F48C251 
  35      10C7EFFB 
  35      7BFE0B32 
  35      1A1A
  36 0012 0A1B5A25 		.ascii	"\012\033Z%JZ\012Z\243\245\265\325\245lP\012\204\254"
  36      4A5A0A5A 
  36      A3A5B5D5 
  36      A56C500A 
  36      84AC
  37 0024 F9F7CC42 		.ascii	"\371\367\314B0\250\026+\203x?\212\320\2624\333\234\372"
  37      30A8162B 
  37      83783F8A 
  37      D0B234DB 
  37      9CFA
  38 0036 E1D65250 		.ascii	"\341\326RPcS\021\015Y\020\264\025j\3674\242\301\016"
  38      6353110D 
  38      5910B415 
  38      6AF734A2 
  38      C10E
  39 0048 8E77EFEE 		.ascii	"\216w\357\356\303\335\367\316I\006Y \032\"\"\037;\004"
  39      C3DDF7CE 
  39      49065920 
  39      1A22221F 
  39      3B04
  40 005a C1D8BA26 		.ascii	"\301\330\272&\212{\014@\007\322\0032\015\230\330\024"
  40      8A7B0C40 
  40      07D20332 
  40      0D98D814 
  41 006a 3B0295E4 		.ascii	";\002\225\344s\331\360g%\233\275\363\336's6\224 \312"
  41      73D9F067 
  41      259BBDF3 
  41      DE277336 
  41      9420CA
  42 007d B06B4316 		.ascii	"\260kC\026~b\354\261TO{]\216V\0369\270x\004\025oa\313"
  42      7E62ECB1 
  42      544F7B5D 
  42      8E561E39 
  42      B8780415 
  43 0094 7A2329ED 		.ascii	"z#)\355\247\003\334M\271\211R\\\3263\326\205\241_QE"
  43      A703DC4D 
  43      B989525C 
  43      D633D685 
  43      A15F5145 
  44 00a8 C2FAF269 		.ascii	"\302\372\362i^7)\227_\357\335fMz\224@Fp\007\034\303"
  44      5E372997 
  44      5FEFDD66 
  44      4D7A9440 
  44      4670071C 
  45 00bd 24C56C15 		.ascii	"$\305l\025\253\326Qg\033Nd\270J8a\216\013\333k\225\033"
  45      ABD65167 
  45      1B4E64B8 
ARM GAS  C:\Users\CYIRKO~1\AppData\Local\Temp\ccG9J6Xa.s 			page 3


  45      4A38618E 
  45      0BDB6B95 
  46 00d2 F78650C2 		.ascii	"\367\206P\302\001\375M|^~t1\327\313\211C-\214sW{\371"
  46      01FD4D7C 
  46      5E7E7431 
  46      D7CB8943 
  46      2D8C7357 
  47 00e8 7985FD78 		.ascii	"y\205\375x\267\022N\234\362\226y\3647\013\215\227\213"
  47      B7124E9C 
  47      F29679F4 
  47      370B8D97 
  47      8B
  48 00f9 4207C3BB 		.ascii	"B\007\303\273R\016\350\006gPh\016D\001\246\022.\322"
  48      520EE806 
  48      6750680E 
  48      4401A612 
  48      2ED2
  49 010b 5A6BDEF6 		.ascii	"Zk\336\366Z\2719\212\277Z\023\326CO{\316\301\334\371"
  49      5AB9398A 
  49      BF5A13D6 
  49      434F7BCE 
  49      C1DCF9
  50 011e 1FAEF60F 		.ascii	"\037\256\366\017\347d\256\364\303\275a\305\312\246["
  50      E764AEF4 
  50      C3BD61C5 
  50      CAA65B
  51 012d 5AB4A5F8 		.ascii	"Z\264\245\3702|;^{pr<8\021\216\314F\246\227\226\347"
  51      327C3B5E 
  51      7B70723C 
  51      38118ECC 
  51      46A69796 
  52 0142 22D16048 		.ascii	"\"\321`H\307\321\330\310\330h \032\013\204g\026\002"
  52      C7D1D8C8 
  52      D868201A 
  52      0B846716 
  52      02
  53 0153 B1C5907E 		.ascii	"\261\305\220~\207C\364\015tQ\230N"
  53      8743F40D 
  53      7451984E 
  54              		.text
  55              		.section	.gnu.lto_.symbol_nodes.94b044ad,"",%progbits
  56 0000 789C55C9 		.ascii	"x\234U\311\261\015\3020\024E\321\353g\23392\012\231"
  56      B10DC230 
  56      1445D1EB 
  56      679B3932 
  56      0A99
  57 0012 ECBB6000 		.ascii	"\354\273`\000Z\244$@\344)R\247f\006\220\230\003\361"
  57      5AA42440 
  57      E42952A7 
  57      66069098 
  57      03F1
  58 0024 71855F73 		.ascii	"q\205_s\244\3732\342\202O\223\014\316\017p\2662B\276"
  58      A4FB32E2 
  58      824F930C 
  58      CE0F70B6 
  58      3242BE
  59 0037 8AC19FB0 		.ascii	"\212\301\237\260\312B{\240\224\243\207\273L]\270\311"
ARM GAS  C:\Users\CYIRKO~1\AppData\Local\Temp\ccG9J6Xa.s 			page 4


  59      CA427BA0 
  59      94A387BB 
  59      4C5DB8C9 
  60 0047 62171659 		.ascii	"b\027\026Y\352\302,\313\377!r\240>?!\222\331\233\211"
  60      EAC22CCB 
  60      FF2172A0 
  60      3E3F2192 
  60      D99B89
  61 005a 7733727A 		.ascii	"w3rz\375\024\325\345\013\212{%\237"
  61      FD14D5E5 
  61      0B8A7B25 
  61      9F
  62              		.text
  63              		.section	.gnu.lto_.refs.94b044ad,"",%progbits
  64 0000 789C6365 		.ascii	"x\234ce`b`c```d`bdb\000\000\000\275\000\024"
  64      60626063 
  64      60606064 
  64      60626462 
  64      000000BD 
  65              		.text
  66              		.section	.gnu.lto_.decls.94b044ad,"",%progbits
  67 0000 789CAD56 		.ascii	"x\234\255V}PT\327\025\177\347\335\335eY\326\350@\246"
  67      7D5054D7 
  67      157FE7DD 
  67      DD6559D6 
  67      E840A6
  68 0013 F50FA765 		.ascii	"\365\017\247e\03422\323\004\002\246\342\344\2176\026"
  68      1C3232D3 
  68      0402A6E2 
  68      E48F3616 
  69 0023 454D8832 		.ascii	"EM\2102\223\217?\322\235\331Y\330Uv\006\330\355\356"
  69      938F3FD2 
  69      9DD959D8 
  69      557606D8 
  69      EDEE
  70 0035 D226D37F 		.ascii	"\322&\323\177\036\001\004M\021?\222\264\353\210\325"
  70      1E01044D 
  70      113F92B4 
  70      EB88D5
  71 0044 482BA811 		.ascii	"H+\250\021\202\037\361\333U\"\"\001%Z\371H\370**\326"
  71      821FF1DB 
  71      55222201 
  71      255AF948 
  71      F82A2AD6 
  72 0058 8808A8E1 		.ascii	"\210\010\250\341#\302\366\334{\337\362\036\0172\216"
  72      23C2F6DC 
  72      7BDFF21E 
  72      0F328E
  73 0067 D3BED9F3 		.ascii	"\323\276\331\363\356;\367\374\356\357\234{\356\271w"
  73      EE3BF7FC 
  73      EEEF9C7B 
  73      EEB977
  74 0076 AF5E1085 		.ascii	"\257^\020\205\177\230\005!\206\010\302NA\020\202\370"
  74      7F980521 
  74      8608C24E 
  74      411082F8 
  75 0086 88D87E8E 		.ascii	"\210\330~\216\002(C\002\177\014(\243(\343(OP&QD\004"
ARM GAS  C:\Users\CYIRKO~1\AppData\Local\Temp\ccG9J6Xa.s 			page 5


  75      02284302 
  75      7F0C28A3 
  75      28E3284F 
  75      50265144 
  76 009b E880E30C 		.ascii	"\350\200\343\014 L{\206P\017\303\366]\2240\374\036\301"
  76      204C7B86 
  76      500FC3F6 
  76      5D9430FC 
  76      1EC1
  77 00ad D6089C6F 		.ascii	"\326\010\234o\220r\303t^\312C\371&e\376qav\336\277\022"
  77      9072C374 
  77      5ECA43F9 
  77      2665FE71 
  77      6176DEBF 
  78 00c2 F8A6A07A 		.ascii	"\370\246\240z'\331L \322\004:T\207\232v\334|\016\325"
  78      27D94C20 
  78      D2043A54 
  78      879A76DC 
  78      7C0ED5
  79 00d5 E74D108D 		.ascii	"\347M\020\215jI\345\344/\271\361o\"\252\307\317\334"
  79      6A49E5E4 
  79      2FB9F16F 
  79      22AAC7CF 
  79      DC
  80 00e6 4FE4EA02 		.ascii	"O\344\352\002\324Nv\016\005\"8\266\007\350X\251\244"
  80      D44E760E 
  80      052238B6 
  80      07E858A9 
  80      A4
  81 00f7 C8CCCDA3 		.ascii	"\310\314\315\243T\277\334R6`\"\030\007~\017\024\334"
  81      54BFDC52 
  81      36602218 
  81      077E0F14 
  81      DC
  82 0108 EE89E0B6 		.ascii	"\356\211\340\266\371\250^\033l,\223\325y\250vl\334\260"
  82      F9A85E1B 
  82      6C2C93D5 
  82      79A8766C 
  82      DCB0
  83 011a CB40C219 		.ascii	"\313@\302\031\262\263\276\362\000\015h\221\011h\372"
  83      B2B3BEF2 
  83      000D6891 
  83      0968FA
  84 0129 E6625755 		.ascii	"\346bWU\377\211\2619\274\213\"\272\307*R\342\016J\374"
  84      FF89B139 
  84      BC8B22BA 
  84      C72A52E2 
  84      0E4AFC
  85 013c 31FE4299 		.ascii	"1\376B\231\313\265\322\341\3620\362s\012\022\375\015"
  85      CBB5D2E1 
  85      F230F273 
  85      0A12FD0D 
  86 014c AD177410 		.ascii	"\255\027t\020k\372'\005\005Z\037-\332Z$I\"\034\003\023"
  86      6BFA2705 
  86      055A1F2D 
  86      DA5A2449 
  86      221C0313 
ARM GAS  C:\Users\CYIRKO~1\AppData\Local\Temp\ccG9J6Xa.s 			page 6


  87 0160 1C010287 		.ascii	"\034\001\002\207!\216\346d\221\011\337\305\222\364\241"
  87      218EE664 
  87      9109DFC5 
  87      92F4A1
  88 016f B4255F0A 		.ascii	"\264%_\012_%@\005,\200}\260@\200\243\020K\375Q\034\324"
  88      5F254005 
  88      2C807DB0 
  88      4080A310 
  88      4BFD511C 
  89 0184 60E717D8 		.ascii	"`\347\027\330\211.*\313\267~f \033\201\371\250;\373"
  89      892E2ACB 
  89      B77E6620 
  89      1B81F9A8 
  89      3BFB
  90 0196 5D9B0E4C 		.ascii	"]\233\016L\261\263\022\234\230\205@\016f\377\302\272"
  90      B1B3129C 
  90      9885400E 
  90      66FFC2BA 
  91 01a6 421ACC71 		.ascii	"B\032\314q\014\346K%\030\214\215\317\243\367dG\236H"
  91      0CE64B25 
  91      188C8DCF 
  91      A3F76447 
  91      9E48
  92 01b8 069813D8 		.ascii	"\006\230\023\330q\352Q\203\236\247\312\210\352\203\355"
  92      71EA5183 
  92      9EA7CA88 
  92      EA83ED
  93 01c7 179B4432 		.ascii	"\027\233D2\314m}m\371~\003\031\345\312\226\211v\311"
  93      CC6D7D6D 
  93      F97E0319 
  93      E5CA9689 
  93      76C9
  94 01d9 40249EEF 		.ascii	"@$\236\357\222\007\243{t\244\210+\355\371#-sH\011S\302"
  94      9207A37B 
  94      74A4882B 
  94      EDF9232D 
  94      73480953 
  95 01ee 37541D3F 		.ascii	"7T\035?b\206\030\372D\305\304\304~Fc\017\2646\274X?"
  95      628618FA 
  95      44C5C4C4 
  95      7E46630F 
  95      B436BC58 
  96 0203 7C4B92B6 		.ascii	"|K\222\266\231YP\001\014\252\016\242\224\311\034\302"
  96      99595001 
  96      0CAA0EA2 
  96      94C91CC2 
  97 0213 970009F8 		.ascii	"\227\000\011\370\022\370\200\361\337\370\245@\001a\350"
  97      12F880F1 
  97      DFF8A540 
  97      0161E8
  98 0222 735A74BC 		.ascii	"sZt\274\006\374\375o\025\360i-\370\024\243\256\000\025"
  98      06FCFD6F 
  98      15F0692D 
  98      F814A3AE 
  98      0015
  99 0234 B70A7E52 		.ascii	"\267\012~R\013\257\322F\362\255\012}fvr\206\336Js\277"
  99      0BAFD246 
ARM GAS  C:\Users\CYIRKO~1\AppData\Local\Temp\ccG9J6Xa.s 			page 7


  99      F2AD0A7D 
  99      66767286 
  99      DE4A73BF 
 100 0248 45925ED3 		.ascii	"E\222^\323\011p\000\355\373\231\211\2421\375p\031W\353"
 100      097000ED 
 100      FB9989A2 
 100      31FD7019 
 100      57EB
 101 025a 02C4C025 		.ascii	"\002\304\300%\224\213(\265(_\241\324\243\234\207\030"
 101      948B28B5 
 101      285FA1D4 
 101      A39C8718 
 102 026a 5661DC5F 		.ascii	"Va\334_\203\312\337\331Yg\256\236K\303*\005]=\373\\"
 102      83CADFD9 
 102      5967AE9E 
 102      4BC32A05 
 102      5D3DFB5C 
 103 027e 389C97C6 		.ascii	"8\234\227\306\300\331\310<I\002\012\023\344\262\220"
 103      C0D9C83C 
 103      49020A13 
 103      E4B290
 104 028d 6BFBDC64 		.ascii	"k\373\334dA\263\201\264\2635\024\31375\0363BT\354ls"
 104      41B381B4 
 104      B33514CB 
 104      37351E33 
 104      4254EC6C 
 105 02a2 82469CCA 		.ascii	"\202F\234\312\263L\213{\356\2537\340f\202\257q`\203"
 105      B34C8B7B 
 105      EEAB37E0 
 105      6682AF71 
 105      6083
 106 02b4 5292340E 		.ascii	"R\2224\016\346>\264\327#\345\275^\324\364x\237H\372"
 106      E63EB4D7 
 106      23E5BD5E 
 106      D4F4789F 
 106      48FA
 107 02c6 797D559F 		.ascii	"y}U\237.\270\377\0347\006\250\361\243\302\322\215a\344"
 107      2EB8FF1C 
 107      3706A8F1 
 107      A3C2D28D 
 107      61E4
 108 02d8 21373EAC 		.ascii	"!7>\254\250\331e\344\306\012j\274;QwOO\306\271\361`"
 108      A8D965E4 
 108      C60A6ABC 
 108      3B51774F 
 108      4FC6B9F1 
 109 02ed D3A50EF9 		.ascii	"\323\245\016\371\364)\246\306\353#\315E&\222G\2301x"
 109      F429A6C6 
 109      EB23CD45 
 109      26924798 
 109      3178
 110 02ff B77D6F38 		.ascii	"\267}o87\016R}\323\321\355{\347\222bn\274\336\267\247"
 110      370E527D 
 110      D3D1ED7B 
 110      E792626E 
 110      BCDEB7A7 
 111 0313 403E6C9A 		.ascii	"@>l\232\251\276\271\364\360\027&R\312\215\025};7\313"
ARM GAS  C:\Users\CYIRKO~1\AppData\Local\Temp\ccG9J6Xa.s 			page 8


 111      A9BEB9F4 
 111      F0172652 
 111      CA8D157D 
 111      3B37CB
 112 0326 C6A5A81E 		.ascii	"\306\245\250\036m:\336\245'\237r[\307pKQ\004)\343J\325"
 112      6D3ADEA5 
 112      279F725B 
 112      C7704B51 
 112      0429E34A 
 113 033b 938FF719 		.ascii	"\223\217\367\031H9W\232w\226\205v\332\021z\332\225T"
 113      4839579A 
 113      77968576 
 113      DA117ADA 
 113      9554
 114 034d 058DFC78 		.ascii	"\005\215\374x\333\035E=\370;\253M\344\000\303\316\231"
 114      DB1D453D 
 114      F83BAB4D 
 114      E400C3CE 
 114      99
 115 035e E87E742E 		.ascii	"\350~t.\002\242b\246\236\330\030\365bt\341bt\262\325"
 115      02A262A6 
 115      9ED818F5 
 115      6274E162 
 115      74B2D5
 116 0371 ED9157E2 		.ascii	"\355\221W\342\036\256D/f\275\017\345?(\267Qn\241\334"
 116      1EAE442F 
 116      66BD0FE5 
 116      3F28B751 
 116      6EA1DC
 117 0384 45F91EA5 		.ascii	"E\371\036\245\037\345\016\312\277Qn*\005GW\346J\344"
 117      1FE50ECA 
 117      BF516E2A 
 117      054757E6 
 117      4AE4
 118 0396 7649AA7F 		.ascii	"vI\252\177\231\255\315\347\2706\224rj\265\017N\337>"
 118      99ADCDE7 
 118      B8369472 
 118      6AB50F4E 
 118      DF3E
 119 03a8 88BFF07A 		.ascii	"\210\277\360z\036+9\012\357\320\302\247mM\012^\253\200"
 119      1E2B390A 
 119      EFD0C2A7 
 119      6D4D0A5E 
 119      AB80
 120 03ba BBB5E04A 		.ascii	"\273\265\340J\320\242S\025t\213\026}C\213\356}CA\267"
 120      D0A25315 
 120      748B167D 
 120      438BEE7D 
 120      4341B7
 121 03cd 69D1AD33 		.ascii	"i\321\2553\342\356U\305\375\235\026~h\3464\327(\360"
 121      E2EE55C5 
 121      FD9D167E 
 121      68E634D7 
 121      28F0
 122 03df 2B5A78D3 		.ascii	"+Zx\323\214\310U\261|\253E\267\317\210\\5\317\177i\321"
 122      8CC855B1 
 122      7CAB45B7 
ARM GAS  C:\Users\CYIRKO~1\AppData\Local\Temp\ccG9J6Xa.s 			page 9


 122      CF885C35 
 122      CF7F69D1 
 123 03f3 D76786F2 		.ascii	"\327g\206\362\246\002\277\246\205\177\243\220\313{\374"
 123      A602BFA6 
 123      857FA390 
 123      CB7BFC
 124 0402 32DFE33D 		.ascii	"2\337\343=\323\367\270\274\330M\252\305n\326r]U\271"
 124      D3F7B8BC 
 124      D84DAAC5 
 124      6ED6725D 
 124      55B9
 125 0414 C68A3C3F 		.ascii	"\306\212<?\326_8\227\324\260\212\024':n\375Zs$\204\252"
 125      D65F3897 
 125      D4B08A14 
 125      273A6EFD 
 125      5A732484 
 126 0429 101E60F1 		.ascii	"\020\036`\361\375/\205\310\003o\271\312\216\210\001"
 126      FD2F85C8 
 126      036FB9CA 
 126      8E8801
 127 0438 24BAAF1C 		.ascii	"$\272\257\034\021=\241#\242\254'pS\037%\373/\376)\377"
 127      113DA123 
 127      A2AC2770 
 127      531F25FB 
 127      2FFE29FF 
 128 044c C2333BA7 		.ascii	"\3023;\247\177m\217O}B\314\233\246\376faPu\214\0120"
 128      7F6D8F4F 
 128      7D42CC9B 
 128      A6FE6661 
 128      50758C0A 
 129 0461 04660AA4 		.ascii	"\004f\012\244-\202\217\225|uF\354\302\322\307\233\027"
 129      2D828F95 
 129      7C7546EC 
 129      C2D2C79B 
 129      17
 130 0472 CC6314FC 		.ascii	"\314c\024\374~\004\330Paj0\364\000\260~\354\025\005"
 130      7E04D850 
 130      616A30F4 
 130      00B07EEC 
 130      1505
 131 0484 F9FA15EA 		.ascii	"\371\372\025\352\202\320\010Y\027eU\224)\331O\036\014"
 131      82D00859 
 131      17655594 
 131      29D94F1E 
 131      0C
 132 0495 2A466EE6 		.ascii	"*Fn\346\236B\017\277\201\201|Sc\354|4\210\212\003\000"
 132      9E420FBF 
 132      81817C53 
 132      63EC7C34 
 132      888A0300 
 133 04a9 F5001521 		.ascii	"\365\000\025!\017[\266O\305'(\223\203P\252\206\374\215"
 133      0F5BB64F 
 133      C5272893 
 133      8350AA86 
 133      FC8D
 134 04bb 7DA66E4C 		.ascii	"}\246nL;\366\354~\015X\337\340a\251\327DN\363S\356b"
 134      3BF6EC7E 
ARM GAS  C:\Users\CYIRKO~1\AppData\Local\Temp\ccG9J6Xa.s 			page 10


 134      0D58DFE0 
 134      61A9D744 
 134      4EF353EE 
 135 04d0 70243097 		.ascii	"p$0\227\237r\242\352&\366<\277\211\215\346\3358o\232"
 135      9F72A2EA 
 135      26F63CBF 
 135      898DE6DD 
 135      386F9A
 136 04e3 FF29BB5A 		.ascii	"\377)\273Z\345K\363Dx\367g\360\003&\3721K\364\010\314"
 136      E54BF344 
 136      78F767F0 
 136      0326FA31 
 136      4BF408CC 
 137 04f7 C777BA4E 		.ascii	"\307w\272N.\277\346\222S\246\205\273\245\335=R\340\316"
 137      2EBFE692 
 137      53A685BB 
 137      A5DD3D52 
 137      E0CE
 138 0509 68F49D1A 		.ascii	"h\364\235\032I\302k\215\244\2430x\244T\010~\342\373"
 138      49C26B8D 
 138      A4A33078 
 138      A454087E 
 138      E2FB
 139 051b 219E2F30 		.ascii	"!\236/0\2145!\340\355p!\375\013\251\031\350\326\223"
 139      8C3521E0 
 139      ED7021FD 
 139      0BA919E8 
 139      D693
 140 052d 411ED5D6 		.ascii	"A\036\325\326\232\346^\202\\=Xg\301\311\245;\252oI\305"
 140      9AE65E82 
 140      5C3D5867 
 140      C1C9A53B 
 140      AA6F49C5 
 141 0541 26E610C6 		.ascii	"&\346\020\306\024\2461\312D?\306\031Cc_\347\237\311"
 141      14A631CA 
 141      443FC619 
 141      43635FE7 
 141      9FC9
 142 0553 7E1D2338 		.ascii	"~\035#8\364\311\325\007a2\301\315\315\344\336\230B\360"
 142      F4C9D507 
 142      6132C1CD 
 142      CDE4DE98 
 142      42F0
 143 0565 A342F063 		.ascii	"\243B\360c\210\340\011#\030=\361\361%\023\031\343\014"
 143      88E00923 
 143      183DF1F1 
 143      251319E3 
 143      0C
 144 0576 03CD07DA 		.ascii	"\003\315\007\332\3142\303\327\025\344\\\345\206@\032"
 144      CC32C3D7 
 144      15E45CE5 
 144      86401A
 145 0585 27985008 		.ascii	"'\230P\010&B\004\223\214`\377A\377\355prT\317\010\374"
 145      26420493 
 145      8C60FF41 
 145      FFED7072 
 145      54CF08FC 
ARM GAS  C:\Users\CYIRKO~1\AppData\Local\Temp\ccG9J6Xa.s 			page 11


 146 0599 3746FA0D 		.ascii	"7F\372\015:\221\027\"\315\022\366\325^k+\325\375d>\363"
 146      3A911722 
 146      CD12F6D5 
 146      5E6B2BD5 
 146      FD643EF3 
 147 05ad 449A4F49 		.ascii	"D\232OI\224\023Z~u\342K\243\034\301\365\206\027\377"
 147      94135A7E 
 147      75E24BA3 
 147      1CC1F586 
 147      17FF
 148 05bf B2974580 		.ascii	"\262\227E\200 \010*\021\004C\021|(\322\010\374\273J"
 148      20082A11 
 148      0443117C 
 148      28D208FC 
 148      BB4A
 149 05d1 AB09A9E5 		.ascii	"\253\011\251\345\021l\333\361\344\212(\023\324\236$"
 149      116CDBF1 
 149      E48A2813 
 149      D49E24
 150 05e0 93412509 		.ascii	"\223A%\011\371\342\024\003~r\206\002\306P_{\350\207"
 150      F9E21403 
 150      7E728602 
 150      C6505F7B 
 150      E887
 151 05f2 08B2CDC0 		.ascii	"\010\262\315\300\030\272\352\352\375\272\027\366J\203"
 151      18BAEAEA 
 151      FDBA17F6 
 151      4A83
 152 0600 F49EDAB0 		.ascii	"\364\236\332\260\364\243\374+\222\264Gd\373\255\220"
 152      F4A3FC2B 
 152      92B44764 
 152      FBAD90
 153 060f 33A8FEDB 		.ascii	"3\250\376\333\012)\021l\020_\240\227\362\321\326.\263"
 153      0A29116C 
 153      105FA097 
 153      F2D1D62E 
 153      B3
 154 0620 7A8B52A7 		.ascii	"z\213R\247\312\026-\022\315!\367\370\311\266\364\337"
 154      CA162D12 
 154      CD21F7F8 
 154      C9B6F4DF 
 155 0630 5B746A3C 		.ascii	"[tj<\235\246\202/\026\371\226\246\255!\355\365\3456"
 155      9DA6822F 
 155      16F996A6 
 155      AD21EDF5 
 155      E536
 156 0642 9F4D675B 		.ascii	"\237Mg[\347\3112\256\\\363NtrB\202`\262Zs\2359\276\305"
 156      E7C932AE 
 156      5CF34E74 
 156      72428260 
 156      B25A739D 
 157 0659 8956DF3A 		.ascii	"\211V\337:\307\253\226\214Lg\272\323\353\313\265;]\026"
 157      C7AB968C 
 157      4C67BAD3 
 157      EBCBB53B 
 157      5D16
 158 066b 9FCB95E5 		.ascii	"\237\313\225\345\265\254\317\311\215f_\3216Ov\264#;"
ARM GAS  C:\Users\CYIRKO~1\AppData\Local\Temp\ccG9J6Xa.s 			page 12


 158      B5ACCFC9 
 158      8D665FD1 
 158      364F76B4 
 158      233B
 159 067d DD61B73B 		.ascii	"\335a\267;\354\226%q\213\243\023_NH\372C\202\005\373"
 159      EC962571 
 159      8BA3135F 
 159      4E48FA43 
 159      8205FB
 160 0690 5FCA71E5 		.ascii	"_\312q\3458^r\330\322\235\026gNFV\256\335a\311\266!"
 160      385E72D8 
 160      D29D1667 
 160      4E4656AE 
 160      DD61C9B6 
 161 06a5 578EC362 		.ascii	"W\216\303b\265;\326\331r\263|V\337\007n\2077.S0\206"
 161      B53BD6D9 
 161      72B37C56 
 161      DF076E87 
 161      372E5330 
 162 06ba FCFDFEFF 		.ascii	"\374\375\376\377\352\317\373\201\327b\365\372\354H\216"
 162      EACFFB81 
 162      D762F5FA 
 162      EC488E
 163 06c9 4E88CBEE 		.ascii	"N\210\313\356\321\273s\335vO\230\313\353v8\354\036\203"
 163      D1BB73DD 
 163      764F98CB 
 163      EB7638EC 
 163      1E83
 164 06db 8B06E0D1 		.ascii	"\213\006\340\321g\273\354\016\017\315Af\312\212W-\311"
 164      67BBEC0E 
 164      0FCD4166 
 164      CA8A572D 
 164      C9
 165 06ec D4FF5BDC 		.ascii	"\324\377[\334?\213\305\345MHZ\022\357\362\306g\332\262"
 165      3F8BC5E5 
 165      4D485A12 
 165      EFF2C667 
 165      DAB2
 166 06fe E2DD2E8F 		.ascii	"\342\335.\217\317\033\377\326\333o.N\214OM]\036\277"
 166      CF1BFFD6 
 166      DB6F2E4E 
 166      8C4F4D5D 
 166      1EBF
 167 0710 326DF5DA 		.ascii	"2m\365\332?&R\223\325\215\222\225eGW\221^_6Ng\275\333"
 167      3F265293 
 167      D58D9295 
 167      65475791 
 167      5E5F364E 
 168 0727 E9B27A1D 		.ascii	"\351\262z\035\276\\\267\325gH[M3mH[\305\233\225\274"
 168      BE5CB7D5 
 168      67485B4D 
 168      336D485B 
 168      C59B95BC 
 169 073b 49E1CD0A 		.ascii	"I\341\315\012\336,\347M2o~\307\233e\274y\2036\341i\313"
 169      DE2CE74D 
 169      326F7EC7 
 169      9B65BC79 
ARM GAS  C:\Users\CYIRKO~1\AppData\Local\Temp\ccG9J6Xa.s 			page 13


 169      8336E169 
 170 0750 52935D39 		.ascii	"R\223]9\353\234\353\303\320\343\352\034\247\357WO\215"
 170      EB9CEBC3 
 170      D0E3EA1C 
 170      A7EF574F 
 170      8D
 171 0761 D8EBC9A0 		.ascii	"\330\353\311\240m\\\206`\360\372\350\220\304\247\016"
 171      6D5C8660 
 171      F0FAE890 
 171      C4A70E
 172 0770 9113C866 		.ascii	"\221\023\310f\345\245\271\013Ow\331<v:x\371S\0073(M"
 172      E5A5B90B 
 172      4F77D93C 
 172      763A78F9 
 172      53073328 
 173 0785 9175CD3B 		.ascii	"\221u\315;\311\251+\326&\274\362\2125%iI\322{\253\271"
 173      C9A92BD6 
 173      26BCF28A 
 173      35256949 
 173      D27BABB9 
 174 0799 09E9C2DC 		.ascii	"\011\351\302\334\177\312\246d\213\237)\022\034\204c"
 174      7FCAA664 
 174      8B9F2912 
 174      1C8463
 175 07a8 E784F26C 		.ascii	"\347\204\362lu\"\2039S\245,{\246\325c\357\224\244\367"
 175      75228339 
 175      53A52C7B 
 175      A6D563EF 
 175      94A4F7
 176 07bb DF8FCF54 		.ascii	"\337\217\317T\026\216r\207\2523\203%\372\277L\036\251"
 176      168E7287 
 176      AA338325 
 176      FABF4C1E 
 176      A9
 177 07cc 83       		.ascii	"\203"
 178              		.text
 179              		.section	.gnu.lto_.symtab.94b044ad,"",%progbits
 180 0000 68616C49 		.ascii	"halInit\000"
 180      6E697400 
 181 0008 00       		.ascii	"\000"
 182 0009 00       		.ascii	"\000"
 183 000a 00       		.ascii	"\000"
 184 000b 00000000 		.ascii	"\000\000\000\000\000\000\000\000"
 184      00000000 
 185 0013 F8000000 		.ascii	"\370\000\000\000"
 186 0017 70616C5F 		.ascii	"pal_default_config\000"
 186      64656661 
 186      756C745F 
 186      636F6E66 
 186      696700
 187 002a 00       		.ascii	"\000"
 188 002b 02       		.ascii	"\002"
 189 002c 00       		.ascii	"\000"
 190 002d 00000000 		.ascii	"\000\000\000\000\000\000\000\000"
 190      00000000 
 191 0035 06010000 		.ascii	"\006\001\000\000"
 192 0039 7374496E 		.ascii	"stInit\000"
ARM GAS  C:\Users\CYIRKO~1\AppData\Local\Temp\ccG9J6Xa.s 			page 14


 192      697400
 193 0040 00       		.ascii	"\000"
 194 0041 02       		.ascii	"\002"
 195 0042 00       		.ascii	"\000"
 196 0043 00000000 		.ascii	"\000\000\000\000\000\000\000\000"
 196      00000000 
 197 004b FA000000 		.ascii	"\372\000\000\000"
 198 004f 626F6172 		.ascii	"boardInit\000"
 198      64496E69 
 198      7400
 199 0059 00       		.ascii	"\000"
 200 005a 02       		.ascii	"\002"
 201 005b 00       		.ascii	"\000"
 202 005c 00000000 		.ascii	"\000\000\000\000\000\000\000\000"
 202      00000000 
 203 0064 FC000000 		.ascii	"\374\000\000\000"
 204 0068 70776D49 		.ascii	"pwmInit\000"
 204      6E697400 
 205 0070 00       		.ascii	"\000"
 206 0071 02       		.ascii	"\002"
 207 0072 00       		.ascii	"\000"
 208 0073 00000000 		.ascii	"\000\000\000\000\000\000\000\000"
 208      00000000 
 209 007b FE000000 		.ascii	"\376\000\000\000"
 210 007f 5F70616C 		.ascii	"_pal_lld_init\000"
 210      5F6C6C64 
 210      5F696E69 
 210      7400
 211 008d 00       		.ascii	"\000"
 212 008e 02       		.ascii	"\002"
 213 008f 00       		.ascii	"\000"
 214 0090 00000000 		.ascii	"\000\000\000\000\000\000\000\000"
 214      00000000 
 215 0098 02010000 		.ascii	"\002\001\000\000"
 216 009c 68616C5F 		.ascii	"hal_lld_init\000"
 216      6C6C645F 
 216      696E6974 
 216      00
 217 00a9 00       		.ascii	"\000"
 218 00aa 02       		.ascii	"\002"
 219 00ab 00       		.ascii	"\000"
 220 00ac 00000000 		.ascii	"\000\000\000\000\000\000\000\000"
 220      00000000 
 221 00b4 04010000 		.ascii	"\004\001\000\000"
 222              		.text
 223              		.section	.gnu.lto_.opts,"",%progbits
 224 0000 272D666D 		.ascii	"'-fmath-errno' '-fsigned-zeros' '-ftrapping-math' '"
 224      6174682D 
 224      6572726E 
 224      6F272027 
 224      2D667369 
 225 0033 2D666E6F 		.ascii	"-fno-trapv' '-fno-openmp' '-fno-openacc' '-mcpu=cor"
 225      2D747261 
 225      70762720 
 225      272D666E 
 225      6F2D6F70 
 226 0066 7465782D 		.ascii	"tex-m7' '-mno-thumb-interwork' '-mthumb' '-ggdb' '-"
ARM GAS  C:\Users\CYIRKO~1\AppData\Local\Temp\ccG9J6Xa.s 			page 15


 226      6D372720 
 226      272D6D6E 
 226      6F2D7468 
 226      756D622D 
 227 0099 4F322720 		.ascii	"O2' '-fomit-frame-pointer' '-falign-functions=16' '"
 227      272D666F 
 227      6D69742D 
 227      6672616D 
 227      652D706F 
 228 00cc 2D666675 		.ascii	"-ffunction-sections' '-fdata-sections' '-fno-common"
 228      6E637469 
 228      6F6E2D73 
 228      65637469 
 228      6F6E7327 
 229 00ff 2720272D 		.ascii	"' '-flto'\000"
 229      666C746F 
 229      2700
 230              		.text
 231              		.comm	__gnu_lto_v1,1,1
 232              		.comm	__gnu_lto_slim,1,1
 233              		.ident	"GCC: (GNU Tools for ARM Embedded Processors 6-2017-q1-update) 6.3.1 20170215 (release) [AR
ARM GAS  C:\Users\CYIRKO~1\AppData\Local\Temp\ccG9J6Xa.s 			page 16


DEFINED SYMBOLS
                            *ABS*:00000000 hal.c
                            *COM*:00000001 __gnu_lto_v1
                            *COM*:00000001 __gnu_lto_slim

NO UNDEFINED SYMBOLS
