ARM GAS  C:\Users\CYIRKO~1\AppData\Local\Temp\ccFOG5Sd.s 			page 1


   1              		.cpu cortex-m7
   2              		.eabi_attribute 20, 1
   3              		.eabi_attribute 21, 1
   4              		.eabi_attribute 23, 3
   5              		.eabi_attribute 24, 1
   6              		.eabi_attribute 25, 1
   7              		.eabi_attribute 26, 1
   8              		.eabi_attribute 30, 2
   9              		.eabi_attribute 34, 1
  10              		.eabi_attribute 18, 4
  11              		.file	"hal_lld.c"
  12              		.text
  13              	.Ltext0:
  14              		.section	.gnu.lto_.profile.94b05f5e,"",%progbits
  15 0000 789C6365 		.ascii	"x\234ce`b`a```d\250\310\001\000\001\334\000\361"
  15      60626061 
  15      60606064 
  15      A8C80100 
  15      01DC00F1 
  16              		.text
  17              		.section	.gnu.lto_.icf.94b05f5e,"",%progbits
  18 0000 789C6365 		.ascii	"x\234ce`b\220b@\000\026\206\177\007\177_\342`\\9\377"
  18      60629062 
  18      40001686 
  18      7F077F5F 
  18      E2605C39 
  19 0015 F10126A6 		.ascii	"\361\001&\246\035\255\307\27601\237\336|\1777+\003\000"
  19      1DADC7BE 
  19      30319FDE 
  19      7C7F372B 
  19      0300
  20 0027 B3110CC3 		.ascii	"\263\021\014\303"
  21              		.text
  22              		.section	.gnu.lto_.jmpfuncs.94b05f5e,"",%progbits
  23 0000 789C6365 		.ascii	"x\234ce`b\340a@\000f f\004b& \006\000\0020\000\032"
  23      6062E061 
  23      40006620 
  23      66046226 
  23      20060002 
  24              		.text
  25              		.section	.gnu.lto_.inline.94b05f5e,"",%progbits
  26 0000 789C6365 		.ascii	"x\234ce`bpc@\000f\006\0061[F\006&\265\216\031\354\014"
  26      60627063 
  26      40006606 
  26      06315B46 
  26      0626B58E 
  27 0017 6C0BE499 		.ascii	"l\013\344\231@\202\214\014\202\222@1\251\011\247\031"
  27      40828C0C 
  27      82924031 
  27      A909A719 
  28 0027 11625C40 		.ascii	"\021b\\@\202\211\3414C\0373Pj\002\343\201%\006p9\006"
  28      8289E134 
  28      431F3350 
  28      6A02E381 
  28      25067039 
  29 003c 004A4E09 		.ascii	"\000JN\011~"
  29      7E
ARM GAS  C:\Users\CYIRKO~1\AppData\Local\Temp\ccFOG5Sd.s 			page 2


  30              		.text
  31              		.section	.gnu.lto_.pureconst.94b05f5e,"",%progbits
  32 0000 789C6365 		.ascii	"x\234ce`b`g```f\220b\224b\222\002\000\001\310\000c"
  32      60626067 
  32      60606066 
  32      90629462 
  32      92020001 
  33              		.text
  34              		.section	.gnu.lto_hal_lld_backup_domain_init.94b05f5e,"",%progbits
  35 0000 789C9D94 		.ascii	"x\234\235\224MHTQ\024\307\317\271\367}8\243\343H\020"
  35      4D485451 
  35      14C7CFB9 
  35      F77D38A3 
  35      E34810
  36 0013 14B868EB 		.ascii	"\024\270h\353\246G_*-\002\221j\325\312\226\202\244."
  36      A6475F2A 
  36      2D02916A 
  36      D5CA9682 
  36      A42E
  37 0025 14848934 		.ascii	"\024\204\2114p\347\235\032?pB\333\344Xdo\"\304\264t"
  37      70E79D1A 
  37      3F7042DB 
  37      E458646F 
  37      22C4B474 
  38 0039 B2EC63B4 		.ascii	"\262\354c\264r\232\321,\020\215\240\205%$!\242T 5`\242"
  38      729AD12C 
  38      108DA085 
  38      252421A2 
  38      54203560 
  39 004e 39DDFBEE 		.ascii	"9\335\373\356\033_\270\251\361\301\234\367\336}\207"
  39      1B5FB8A9 
  39      F1C19CF7 
  39      DE7D87
  40 005d F3FBFFCF 		.ascii	"\363\373\377\317=wT P\240\002\224\002@\005\377a\026"
  40      3D775420 
  40      50A00294 
  40      024005FF 
  40      6116
  41 006f 20B93A03 		.ascii	" \271:\003\340\317\"\204\206\213\201\271\225\325\275"
  41      E0CF2284 
  41      868B81B9 
  41      95D5BD
  42 007e C072282A 		.ascii	"\300r(*rYAU>\250D\2772\005<A\013\350<A\227\353%\032"
  42      72594155 
  42      3EA844BF 
  42      32053C41 
  42      0BE83C41 
  43 0096 A2B8B32C 		.ascii	"\242\270\263,\204&B\025U\327\260\211p\202uu\322\020"
  43      84264215 
  43      55D7B089 
  43      70827575 
  43      D210
  44 00a8 C578EB52 		.ascii	"\305x\353R\224\024\3641~\305B\363\307\374\254y\237I"
  44      9414F431 
  44      7EC542F3 
  44      C7FCAC79 
  44      9F49
ARM GAS  C:\Users\CYIRKO~1\AppData\Local\Temp\ccFOG5Sd.s 			page 3


  45 00ba 01AE5399 		.ascii	"\001\256S\231\203}X\000<\355\313\360\3265\217\246\310"
  45      837D5800 
  45      3CEDCBF0 
  45      D6358FA6 
  45      C8
  46 00cb 75BC8B1A 		.ascii	"u\274\213\032\362{\344=\306\330V\252\225\305\222\275"
  46      F27BE43D 
  46      C6D856AA 
  46      95C592BD 
  47 00db 183ABD87 		.ascii	"\030:\275\207\202\311\225\211\240\211\240\213\340\026"
  47      82C99589 
  47      A089A08B 
  47      E016
  48 00e9 215B048F 		.ascii	"![\004\217\010\271\"xE\310\023\001\240\235\027\344\222"
  48      08B92278 
  48      45C81301 
  48      A09D17E4 
  48      92
  49 00fa 8394F01B 		.ascii	"\203\224\360\033]\301\370\350\312z\261\000\364P!\257"
  49      5DC1F8E8 
  49      CA7AB100 
  49      F45021AF 
  50 010a AB393EAB 		.ascii	"\2539>\253wP\223\022\0242n\377\016\014\271\344+[\360"
  50      77509312 
  50      14326EFF 
  50      0E0CB9E4 
  50      2B5BF0
  51 011d 33852FDD 		.ascii	"3\205/\335\232\236\237p\233\330\343\347\016\016\230"
  51      9A9E9F70 
  51      9BD8E3E7 
  51      0E0E98
  52 012c 94E200E6 		.ascii	"\224\342\000\346c?\346\203\310\237\231mO\352\306 \013"
  52      633FE683 
  52      C89F996D 
  52      4FEAC620 
  52      0B
  53 013d A04915BC 		.ascii	"\240I\025\274\207&v[\306\360>\032\260\202\227\177\265"
  53      8726765B 
  53      C6F03E1A 
  53      B082977F 
  53      B5
  54 014e A0642912 		.ascii	"\240d)\0227\264<~\323-\352#2\202\203\274\012W\324\345"
  54      37B43C7E 
  54      D32DEA23 
  54      328283BC 
  54      0A57D4E5 
  55 0162 123999A1 		.ascii	"\0229\231\241\206\034T\004\015^\037,k\233\205\022\247"
  55      861C5404 
  55      0D5E1F2C 
  55      6B9B8512 
  55      A7
  56 0173 FD6D4DB5 		.ascii	"\375mM\265\254\005z&\227\\\362\225\255\266Y\326\276"
  56      AC057A26 
  56      975CF295 
  56      ADB659D6 
  56      BE
  57 0184 7EDE88AA 		.ascii	"~\336\210\252\016O\303a\316{`\363~t\275[\310\021<\277"
ARM GAS  C:\Users\CYIRKO~1\AppData\Local\Temp\ccFOG5Sd.s 			page 4


  57      0E4FC361 
  57      CE7B60F3 
  57      7E74BD5B 
  57      C8113CBF 
  58 0198 F8A6E043 		.ascii	"\370\246\340C\213(\266\005\037Is\233-\375\252\304\351"
  58      8B28B605 
  58      1F49739B 
  58      2DFDAAC4 
  58      E9
  59 01a9 92B8D8BB 		.ascii	"\222\270\330\273\030v\331\3564\034\341\205\0261\360"
  59      1876D9EE 
  59      341CE185 
  59      1631F0
  60 01b8 2971D44E 		.ascii	")q\324N\262\374\212+H)\264\251b3\222\313['l\363\177"
  60      B2FC8A2B 
  60      4829B4A9 
  60      623392CB 
  60      5B276CF3 
  61 01cd 8B0957C2 		.ascii	"\213\011W\302\277\344<v\344<A\203'\014\254\231?\025"
  61      BFE43C76 
  61      E43C4183 
  61      270CAC99 
  61      3F15
  62 01df 01579031 		.ascii	"\001W\2201\005\237\312\336&\227S\273\004<s\000Q\013"
  62      059FCADE 
  62      269753BB 
  62      043C7300 
  62      510B
  63 01f1 B0DD4F05 		.ascii	"\260\335O\005\001G-+A\336\367\364Tu\337\321\245O\367"
  63      01472D2B 
  63      41DEF7F4 
  63      5475DFD1 
  63      A54FF7
  64 0204 7F77D6DA 		.ascii	"\177w\326\332\3111\207\363|\307\320d\313b\311\320\364"
  64      C93187F3 
  64      7CC7D064 
  64      CB62C9D0 
  64      F4
  65 0215 9C57B675 		.ascii	"\234W\266u?\276\33013\031\220^:\244q13\331\226\003\025"
  65      3FBED831 
  65      3319905E 
  65      3AA47131 
  65      33D99603 
  66 022a F8099616 		.ascii	"\370\011\226\026n$l\013\236L\207#\346\224~\225\036\216"
  66      6E246C0B 
  66      9E4C8723 
  66      E6947E95 
  66      1E8E
  67 023c 397B3872 		.ascii	"9{8re\275\311\324Z\314vA0.g\343cb\332\266\232\3133\""
  67      65BDC9D4 
  67      5ACC7641 
  67      302E67E3 
  67      6362DAB6 
  68 0254 DFA2EB1E 		.ascii	"\337\242\353\036\231\001\230\260g\245\235\352\300\377"
  68      990198B0 
  68      67A59DEA 
  68      C0FF
ARM GAS  C:\Users\CYIRKO~1\AppData\Local\Temp\ccFOG5Sd.s 			page 5


  69 0262 793048B5 		.ascii	"y0H\265\355V\277M\267\332\233\331\241\231\260T\022\241"
  69      ED56BF4D 
  69      B7DA9BD9 
  69      A199B054 
  69      12A1
  70 0274 7232ADD2 		.ascii	"r2\255\322\346\347\311b#\235c\037l\011\251\215T\312"
  70      E6E7C962 
  70      239D631F 
  70      6C09A98D 
  70      54CA
  71 0286 8BAF777F 		.ascii	"\213\257w\177D\247\034\332\033\321\356<\370\216\227"
  71      44A71CDA 
  71      1BD1EE3C 
  71      F88E97
  72 0295 C2910E8B 		.ascii	"\302\221\016\213h{C\356\211g\224\234<^^ZS[Y[\326p\261"
  72      687B43EE 
  72      8967949C 
  72      3C5E5E5A 
  72      535B595B 
  73 02ac BAD6575E 		.ascii	"\272\326W^%\236}\365\207\212\012\015_\275Qs\256\316"
  73      259E7DF5 
  73      878A0A0D 
  73      5FBD5173 
  73      AECE
  74 02be 38EFBBD0 		.ascii	"8\357\273\320Po\224\235=s\344\260\214\247\212\032\033"
  74      506F949D 
  74      3D73E4B0 
  74      8CA78A1A 
  74      1B
  75 02cf C5978ABA 		.ascii	"\305\227\212\272\272\352\203U\360\007\347G\276{"
  75      BAEA8355 
  75      F007E747 
  75      BE7B
  76              		.text
  77              		.section	.gnu.lto_hal_lld_init.94b05f5e,"",%progbits
  78 0000 789CA594 		.ascii	"x\234\245\224Mh\023A\024\307\337\177f7\331@\264\036"
  78      4D681341 
  78      14C7DF7F 
  78      6637D940 
  78      B41E
  79 0012 057BF0DA 		.ascii	"\005{\360\332\213\213\012\026\274I\321\203\340\251\036"
  79      8B8B0A16 
  79      BC49D183 
  79      E0A91E
  80 0021 0BA2E9A1 		.ascii	"\013\242\351\241\201@\304T\350-\033\373%\025?.M\355"
  80      8140C454 
  80      E82D1BFB 
  80      25153F2E 
  80      4DED
  81 0033 216CC143 		.ascii	"!l\301C\215m\255\365{S?\322h\305\203\250\2107)\025\017"
  81      8D6DADF5 
  81      7B533FD2 
  81      68C583A8 
  81      88372915 
  82 0048 8552BFF1 		.ascii	"\205R\277\361P\221\266\276\267\033\272\275n:0ofwf~\357"
  82      5091B6BE 
  82      B71BBABD 
ARM GAS  C:\Users\CYIRKO~1\AppData\Local\Temp\ccFOG5Sd.s 			page 6


  82      6E3A306F 
  82      6677667E 
  83 005d BDFFDB1D 		.ascii	"\275\377\333\035\223\024M\032DmD\264\207;4A]{KT\260"
  83      93144D1A 
  83      446D44B4 
  83      873B3441 
  83      5D7B4B54 
  84 0072 142013C7 		.ascii	"\024 \023\307\002\345\025\362\270\252G4j\203K\236j\031"
  84      02E515F2 
  84      B8AA4734 
  84      6A834B9E 
  84      6A19
  85 0084 77B85547 		.ascii	"w\270UG>\306\007\234\376\335\256&\032\345.\015\343h"
  85      3EC6079C 
  85      FEDDAE26 
  85      1AE52E0D 
  85      E368
  86 0096 21DEF665 		.ascii	"!\336\366ef}xG\314\010\336\343&b\340q\372\003\252\316"
  86      667D7847 
  86      CC08DEE3 
  86      2662E071 
  86      FA03AACE 
  87 00aa FAC6A053 		.ascii	"\372\306\240S}s\003\013\307w)r5L1\226\230\204\230\244"
  87      7D73030B 
  87      C7772972 
  87      354C3196 
  87      988498A4 
  88 00be 18A2213E 		.ascii	"\030\242!>'\316/i%\243^F\255\262\374=%\244\222V\354"
  88      27CE2F69 
  88      25A35E46 
  88      ADB2FC3D 
  88      25A49256 
  89 00d3 A0D85F7B 		.ascii	"\240\330_{\027\277\242]\255 \376\372J\363K\211\340\321"
  89      17BFA25D 
  89      AD20FEFA 
  89      4AF34B89 
  89      E0D1
  90 00e5 F979D131 		.ascii	"\371y\3211\370\325\312\342?\317tQ*p\250{]\255q\013\315"
  90      F8D5CAE2 
  90      3FCF7451 
  90      2A70A87B 
  90      5DAD710B 
  91 00fa 28A39964 		.ascii	"(\243\231d\377\357\342\373\317I{\312\351\203\253\015"
  91      FFEFE2FB 
  91      CF497BCA 
  91      E983AB0D 
  92 010a 4CC0C575 		.ascii	"L\300\305u?\003L\302&v\366\307\022W\321(S!\3456l^^x"
  92      3F034CC2 
  92      2676F6C7 
  92      1257D128 
  92      5321E536 
  93 0122 5D9ED012 		.ascii	"]\236\320\022\024\260\301\255\011\323|.:\274 k\006\356"
  93      14B0C1AD 
  93      09D37C2E 
  93      3ABC206B 
  93      06EE
  94 0134 84F8191F 		.ascii	"\204\370\031\037\277)\201\001\302\335\000])\377\320"
ARM GAS  C:\Users\CYIRKO~1\AppData\Local\Temp\ccFOG5Sd.s 			page 7


  94      BF298101 
  94      C2DD005D 
  94      29FFD0
  95 0143 814866B4 		.ascii	"\201Hf\264\340\357\371t\251\022\3567.\301\203\220\362"
  95      E0EFF974 
  95      A912EE37 
  95      2EC18390 
  95      F2
  96 0154 10F6F6F2 		.ascii	"\020\366\366\362}\024\262\0363k3\301\325z\202V\264\320"
  96      7D14B21E 
  96      336B33C1 
  96      D57A8256 
  96      B4D0
  97 0166 3C1FA704 		.ascii	"<\037\247\004W\361\023\354]\035@@J\004\260\313k\213"
  97      57F113EC 
  97      5D1D4040 
  97      4A04B0CB 
  97      6B8B
  98 0178 735BCAB5 		.ascii	"s[\312\265\023\263\201\313b\"\272\020OBoOa\263\213\306"
  98      13B381CB 
  98      6222BA10 
  98      4F426F4F 
  98      61B38BC6 
  99 018c 757816A2 		.ascii	"ux\026\242\236o\325\341o]\207d\264\310\252>\316\377"
  99      9E6FD5E1 
  99      6F5D8764 
  99      B4C8AA3E 
  99      CEFF
 100 019e 2DE71A2F 		.ascii	"-\347\032/t-\244\274\330n\241_\206\254\371z\202+\350"
 100      742DA4BC 
 100      D86EA15F 
 100      86ACF97A 
 100      822BE8
 101 01b1 1DFBD524 		.ascii	"\035\373\325$09\340y_?\305\363k\216\345jsT\276\010\274"
 101      3039E079 
 101      5F3FC5F3 
 101      6B8EE56A 
 101      7354BE08 
 102 01c6 429EEF89 		.ascii	"B\236\357\211\030}\303\205\261\331a\277\214\376\365"
 102      187DC385 
 102      B1D961BF 
 102      8CFEF5
 103 01d5 33C4AB7C 		.ascii	"3\304\253|]\260XG\216\036\356h\353J\237I\267w\237\357"
 103      5DB05847 
 103      8E1EEE68 
 103      EB4A9F49 
 103      B7779FEF 
 104 01e9 4C673B52 		.ascii	"Lg;R2\317\346\366\267\036\262\2639\273\353t\306>\233"
 104      32CFE6F6 
 104      B71EB2B3 
 104      39BBEB74 
 104      C63E9B
 105 01fc 3DD79DB3 		.ascii	"=\327\235\263\333O\2368x \260\307Z{zd\345T&\323\271"
 105      DB4F9E38 
 105      7820B0C7 
 105      5A7B7A64 
 105      E55426D3 
ARM GAS  C:\Users\CYIRKO~1\AppData\Local\Temp\ccFOG5Sd.s 			page 8


 106 0211 2F45FF01 		.ascii	"/E\377\001i|\227\366"
 106      697C97F6 
 107              		.text
 108              		.section	.gnu.lto_stm32_clock_init.94b05f5e,"",%progbits
 109 0000 789CA558 		.ascii	"x\234\245X[P\024G\024\235;\263\317aaY\236\013(R*\245"
 109      5B501447 
 109      149D3BB3 
 109      CF616159 
 109      9E0B2852 
 110 0016 F89155D1 		.ascii	"\370\221U\321`\371\267\225\307W\362e>S\225\212X\211"
 110      60F9B795 
 110      C757F265 
 110      3E53958A 
 110      5889
 111 0028 54AC22A5 		.ascii	"T\254\"\245&\345\237\003.\017\201\2501F\215\025\\S\306"
 111      26E59F03 
 111      2E0F81A8 
 111      31468D15 
 111      5C53C6
 112 003b 28098246 		.ascii	"(\011\202FcD\215\022\224\360\020E\015I\020\215\030\224"
 112      63448D12 
 112      94F01045 
 112      0D49108D 
 112      1894
 113 004d C7C6B721 		.ascii	"\307\306\267!>@!}\273{\266\3271)\235\315~\334\336\355"
 113      3E40217D 
 113      BB7BB6D7 
 113      31299DCD 
 113      7EDCDEED 
 114 0061 3B73EEB9 		.ascii	";s\356\271\347\336\356\236Y\253$K\007<\222\364\232$"
 114      E7DEEE9E 
 114      59AB244B 
 114      073C92F4 
 114      9A24
 115 0073 494B4192 		.ascii	"IKA\222 C\002y\335iI*r\310\240\260/\212\234^\325\"I"
 115      20430279 
 115      DD69492A 
 115      72C8A0B0 
 115      2F8A9C5E 
 116 008a 9A6A09D8 		.ascii	"\232j\011\330%\315\225\316\346\375\026\2602\277UNc~"
 116      25CD95CE 
 116      E6FD16B0 
 116      32BF554E 
 116      637E
 117 009c 1BF5A7B1 		.ascii	"\033\365\247\261y\277\015\354\314o\227\275\314\357\240"
 117      79BF0DEC 
 117      CC6F97BD 
 117      CCEFA0
 118 00ab 7E2F9BF7 		.ascii	"~/\233\367;\300\311\374N9\225\371U\352Oe\363~\025b\230"
 118      3BC0C9FC 
 118      4E3995F9 
 118      55EA4F65 
 118      F37E1562 
 119 00c0 3F464E61 		.ascii	"?FNa~\027\365\247\260y\277\013b\231?VNf\3768\352Of\363"
 119      7E17F5A7 
 119      B079BF0B 
 119      62993F56 
ARM GAS  C:\Users\CYIRKO~1\AppData\Local\Temp\ccFOG5Sd.s 			page 9


 119      4E66FE38 
 120 00d8 FE3848C0 		.ascii	"\3768H\300\021\022\344$\346vSw\022\233\366\273!\236"
 120      1112E424 
 120      E6765377 
 120      129BF6BB 
 120      219E
 121 00ea DD1E2F27 		.ascii	"\335\036/'2\277\207\372\023\331\274\337\003\200\243"
 121      32BF87FA 
 121      13D9BCDF 
 121      0380A3
 122 00f9 E60069A5 		.ascii	"\346\000i\245\254\244[\254i6\273\327\341LUcR\\\261\311"
 122      ACA45BAC 
 122      6936BBD7 
 122      E14C5563 
 122      525CB1C9 
 123 010d 710949EE 		.ascii	"q\011I\356\370D\017\254t*\022\373X\371h\347\243\223"
 123      F8440FAC 
 123      742A12FB 
 123      58F968E7 
 123      A393
 124 011f 8F317C8C 		.ascii	"\2171|\214\345c\002\037\343\371\270V\331\244@S\331@"
 124      E563021F 
 124      E3F9B856 
 124      D9A44053 
 124      D940
 125 0131 839CB353 		.ascii	"\203\234\263S#\237\306Mcj\251V\342\015\022\340\3178"
 125      239FC64D 
 125      636AA956 
 125      E20D12E0 
 125      CF38
 126 0143 38EC841C 		.ascii	"8\354\204\034\211\\\326\267w\354\323X\233\205\315\303"
 126      895CD6B7 
 126      77ECD358 
 126      9B85CDC3 
 127 0153 2EB0918A 		.ascii	".\260\221\212I\365\347\240Q\033\033/\323\032\257o\207"
 127      49F5E7A0 
 127      511B1B2F 
 127      D31AAF6F 
 127      87
 128 0164 7D0BE65B 		.ascii	"}\013\346[\244\240\002V4v4\0164N4*\032\027\23284n4\361"
 128      A4A00256 
 128      3476340E 
 128      344E342A 
 128      1A179A38 
 129 017c 683C6892 		.ascii	"h<h\222\320$\243IE\343E\223\216&\003\315D4\231h&\241"
 129      D024A349 
 129      45E34593 
 129      8E2603CD 
 129      44349968 
 130 0192 C9423319 		.ascii	"\311B3\031\315\0244S\321d\243\231\206f:\232\03443\320"
 130      CD143453 
 130      D164A399 
 130      86663A9A 
 130      1C3433D0 
 131 01a6 F8D0CC44 		.ascii	"\370\320\314D3\033M.\2329h\346\242\311C3\017\215$U\220"
 131      331B4D2E 
 131      9A3968E6 
ARM GAS  C:\Users\CYIRKO~1\AppData\Local\Temp\ccFOG5Sd.s 			page 10


 131      A2C94333 
 131      0F8D2455 
 132 01bb BC48112A 		.ascii	"\274H\021*\025\231\014J\010\232\206\207:JTL\224$\277"
 132      15990C4A 
 132      089A8687 
 132      3A4A544C 
 132      9424BF
 133 01ce B1A4A9D3 		.ascii	"\261\244\251\323\276F\011*2\240\026\201\352\346\001"
 133      BE46092A 
 133      32A01681 
 133      EAE601
 134 01dd 27FBA9DD 		.ascii	"'\373\251\335.\327,d\352Z\357h\2035\010\325ED\306m\351"
 134      2ED72C64 
 134      EA5AEF68 
 134      833508D5 
 134      4544C66D 
 135 01f2 414581AF 		.ascii	"AE\201\257a\002\324\300\004\011o\270\273\361\314e\227"
 135      6102D4C0 
 135      04096FB8 
 135      BBF1CC65 
 135      97
 136 0203 6FB71628 		.ascii	"o\267\026(\322\262\202\212\005\276\201 l\246\002C-\370"
 136      D2B2828A 
 136      05BE8120 
 136      6CA60243 
 136      2DF8
 137 0215 C8053DFB 		.ascii	"\310\005=\373\202\251\010h\001\255\\\323\000v\223\033"
 137      82A90868 
 137      01AD5CD3 
 137      0076931B 
 138 0225 29879E12 		.ascii	")\207\236\022\273\221\203\225r\370\342q\240\316\311"
 138      BB918395 
 138      72F8E271 
 138      A0CEC9
 139 0234 7E6A978B 		.ascii	"~j\227\213(\207\255\035\027O\250\021\034lPO8\324q\016"
 139      2887AD1D 
 139      174FA811 
 139      1C6C504F 
 139      38D4710E 
 140 0248 A73B2B86 		.ascii	"\247;+\206\355\021\034\366P\016XE\330K94\327\215\364"
 140      ED111CF6 
 140      500E5845 
 140      D84B3934 
 140      D78DF4
 141 025b 3939094D 		.ascii	"99\011M\201o\031\205C\241K\3756\244P\255\030\363\314"
 141      816F1985 
 141      43A14BFD 
 141      36A450AD 
 141      18F3CC
 142 026e FACF3401 		.ascii	"\372\3174\001A\366\321\0002\006\330O\012\021\202U\017"
 142      41F6D100 
 142      3206D84F 
 142      0A118255 
 142      0F
 143 027f 4A812159 		.ascii	"J\201!Y\031\330\376\023-\245\016\214\010\344\363\035"
 143      19D8FE13 
 143      2DA50E8C 
ARM GAS  C:\Users\CYIRKO~1\AppData\Local\Temp\ccFOG5Sd.s 			page 11


 143      08E4F31D 
 144 028f 8BB7D1C9 		.ascii	"\213\267\321\311\3635\021\351\200\210\364=\370\010<"
 144      F33511E9 
 144      8088F43D 
 144      F8083C
 145 029e F956A928 		.ascii	"\371V\251(\022YD\012M\241\267\337\316\002\333\237\033"
 145      1259440A 
 145      4DA1B7DF 
 145      CE02DB9F 
 145      1B
 146 02af 98AB7450 		.ascii	"\230\253tP@7\260$\036\225\266Y\031\230\203\3415\217"
 146      4037B024 
 146      1E95B659 
 146      199883E1 
 146      358F
 147 02c1 DF6F74B3 		.ascii	"\337ot\263,d8Dp\256B\240\347x\007O\325A\256\250\277"
 147      2C643844 
 147      70AE42A0 
 147      E778074F 
 147      D541AEA8 
 148 02d6 DEF03096 		.ascii	"\336\3600\226]!\301a\214$a\303\245Kd\361C\245b\341\035"
 148      5D21C161 
 148      8C2461C3 
 148      A54B64F1 
 148      43A562E1 
 149 02eb 77287463 		.ascii	"w(tc\007\347\3514'\300\021\312\222\256\314\037t\226"
 149      07E7E934 
 149      27C011CA 
 149      92AECC1F 
 149      7496
 150 02fd 3CBECAC0 		.ascii	"<\276\312\300\216\336+\371\2201x4>>\356\206\243\321"
 150      8EDE2BF9 
 150      90317834 
 150      3E3EEE86 
 150      A3D1
 151 030f AB7D4C04 		.ascii	"\253}L\004kD\265U\332&57\271*.sh?\012\264&J=*N\307\005"
 151      6B44B555 
 151      DA263537 
 151      B92A2E73 
 151      683F0AB4 
 152 032a CA09E4E4 		.ascii	"\312\011\344\344\242\035`\025\035p\253\231+\033g\266"
 152      A21D6015 
 152      1D70AB99 
 152      2B1B67B6 
 153 033a 039A05F4 		.ascii	"\003\232\005\364O\272\266\347y\256n\2067:\264\341<0"
 153      4FBAB6E7 
 153      79AE6E86 
 153      373AB4E1 
 153      3C30
 154 034c 755DD0C2 		.ascii	"u]\320\302:\340B\270\003\334\021%O\343%\267\205K>\252"
 154      3AE042B8 
 154      03DC1125 
 154      4FE325B7 
 154      854B3EAA 
 155 0360 AFAE7873 		.ascii	"\257\256xs\031\267\212\306l3\224\334\303\300\352\333"
 155      19B78AC6 
 155      6C3394DC 
ARM GAS  C:\Users\CYIRKO~1\AppData\Local\Temp\ccFOG5Sd.s 			page 12


 155      C3C0EADB 
 156 0370 4A5A38AB 		.ascii	"JZ8\253\207\000\355\321\027\374\244\010\325\201\342"
 156      8700EDD1 
 156      17FCA408 
 156      D581E2
 157 037f 7AD8D6F4 		.ascii	"z\330\326\364h\207\375_\260\236\275\371\235\022\202"
 157      6887FD5F 
 157      B09EBDF9 
 157      9D1282
 158 038e 9EA61B4F 		.ascii	"\236\246\033Oxg\263\220\345\321\251o;\025\203\\\230"
 158      7867B390 
 158      E5D1A96F 
 158      3B15835C 
 158      98
 159 039f 24736CCF 		.ascii	"$sl\317\010\266g\015\333N2\003\273\333\333[\034\307"
 159      08B6670D 
 159      DB4E3203 
 159      BBDBDB5B 
 159      1CC7
 160 03b1 84D1B424 		.ascii	"\204\321\264$8\027\2752?\213X]\250L2m;\273h\273\265"
 160      3817BD32 
 160      3F8B585D 
 160      A84C326D 
 160      3BBB68BB 
 161 03c6 2DBCED52 		.ascii	"-\274\355R\315\266\335/\002\372W\275\276\015\274\355"
 161      CDB6DD2F 
 161      02FA57BD 
 161      BE0DBCED 
 162 03d6 BC0CEFF8 		.ascii	"\274\014\357\370\326\255\001Y\317\303\001\277\031\267"
 162      D6AD0159 
 162      CFC301BF 
 162      19B7
 163 03e4 1E6F44E3 		.ascii	"\036oD\343yy\3439\302\247[m\231\032U\371\272)1\013\022"
 163      7979E339 
 163      C2A75B6D 
 163      991A55F9 
 163      BA29310B 
 164 03f9 3B4FCB77 		.ascii	";O\313w\2562T\244\260\362\225w\027\265K\320\243\227"
 164      AE3254A4 
 164      B0F29577 
 164      17B54BD0 
 164      A397
 165 040b B04E2F61 		.ascii	"\260N/a\2729Y/\210\334/\032J\230\301\300\316\366\217"
 165      BA39592F 
 165      88DC2F1A 
 165      4A98C1C0 
 165      CEF68F
 166 041e 743AF5D4 		.ascii	"t:\365\324I\356\277G_\303K\"X/\3260\203\326\320)j\330"
 166      49EEBF47 
 166      5FC34B22 
 166      582FD630 
 166      83D6D029 
 167 0434 A0D770A2 		.ascii	"\240\327p\242\341\214\315z\326\021{\231B\343i\004\177"
 167      E18CCD7A 
 167      D6117B99 
 167      42E36904 
 167      7F
ARM GAS  C:\Users\CYIRKO~1\AppData\Local\Temp\ccFOG5Sd.s 			page 13


 168 0445 18B78E4C 		.ascii	"\030\267\216L\206w\241\375`\227]O\004\240\317X\303\314"
 168      8677A1FD 
 168      60975D4F 
 168      04A0CF58 
 168      C3CC
 169 0457 881AA6F2 		.ascii	"\210\032\246\362\032\252\341\315\343X\031\2476\351\271"
 169      1AAAE1CD 
 169      E35819A7 
 169      36E9B9
 170 0466 A9D19CAF 		.ascii	"\251\321\234\257\210\263\377\252A\340,\0066x\263\266"
 170      88B3FFAA 
 170      41E02C06 
 170      3678B3B6 
 171 0476 2ACCCB02 		.ascii	"*\314\313\002\375\006}M\304\032\020\261\006Q\337,\252"
 171      FD067D4D 
 171      C41A10B1 
 171      0651DF2C 
 171      AA
 172 0487 6F8CD0B7 		.ascii	"o\214\320\267u\220'1\331\254\276CB\337\220\256o\210"
 172      75902731 
 172      D9ACBE43 
 172      42DF90AE 
 172      6F88
 173 0499 EB3B85E0 		.ascii	"\353;\205\340Q\332O\3109%B\316\024.\247+,g\273.\347"
 173      51DA4FC8 
 173      392542CE 
 173      142EA72B 
 173      2C67BB2E 
 174 04ae 547329FE 		.ascii	"Ts)\376)R\274f\2203\233\200\321\225\031\245z\327\005"
 174      2952BC66 
 174      90339B80 
 174      D19519A5 
 174      7AD705
 175 04c1 F40D542F 		.ascii	"\364\015T/\233\252\027+\324;\251\2537\315\254z7\205"
 175      9BAA172B 
 175      D43BA9AB 
 175      37CDAC7A 
 175      3785
 176 04d3 7AB78CEA 		.ascii	"z\267\214\352M'xOo(\323#\324K\246\352U(q\250^\245\222"
 176      4D27784F 
 176      6F28D323 
 176      D44BA6EA 
 176      552871A8 
 177 04ea 808C8032 		.ascii	"\200\214\2002\352\326\031\345\230\335\363n\213\245x"
 177      EAD619E5 
 177      98DDF36E 
 177      8BA578
 178 04f9 C7F8B035 		.ascii	"\307\370\2605\203\341\235\034\257\272e\015/\374x\270"
 178      83E19D1C 
 178      AFBA650D 
 178      2FFC78B8 
 179 0509 6BE43823 		.ascii	"k\3448#\202c\022\257\260;\274\351U\324Dwf\375%\316\254"
 179      826312AF 
 179      B03BBCE9 
 179      55D44477 
 179      66FD25CE 
 180 051e 61BAE975 		.ascii	"a\272\351u\034\253\217\341\317\312\273\006\002\012\374"
ARM GAS  C:\Users\CYIRKO~1\AppData\Local\Temp\ccFOG5Sd.s 			page 14


 180      1CAB8FE1 
 180      CFCABB06 
 180      020AFC
 181 052d 4D6EEC87 		.ascii	"Mn\354\207\342m\203_f\342\366\024\330\3639\335\022\355"
 181      E26D835F 
 181      66E2F614 
 181      D8F339DD 
 181      12ED
 182 053f 80CFB977 		.ascii	"\200\317\271wNm\271B\017\034\007d\341\301\334W\331\254"
 182      4E6DB942 
 182      0F1C0764 
 182      E1C1DC57 
 182      D9AC
 183 0551 2A2FD3C7 		.ascii	"*/\323\307\370\235\325]![\366vM+\326\032[\241U\263\004"
 183      F89DD55D 
 183      215BF676 
 183      4D2BD61A 
 183      5BA155B3 
 184 0566 15273C00 		.ascii	"\025'<\000\205\274f\301}B\350\036OF\274\201\221\303"
 184      85BC66C1 
 184      7D42E81E 
 184      4F46BC81 
 184      91C3
 185 0578 3C9BBE80 		.ascii	"<\233\276\200\021.#\3445\214\374\304\020\353\207\272"
 185      112E23E4 
 185      358CFCC4 
 185      10EB87BA 
 186 0588 68442714 		.ascii	"hD'\024[`\2247\\hWH\305\213\214\371.\224\236\225\360"
 186      5B609437 
 186      5C685748 
 186      C58B8CF9 
 186      2E949E95 
 187 059d 239AB00D 		.ascii	"#\232\260\015\023~\014>\035\220\234\0325\321\235\032"
 187      137E0C3E 
 187      1D909C1A 
 187      35D19D1A 
 188 05ad 63140F5F 		.ascii	"c\024\017_Pa\234\340u\352xG\332\236z\277Q\2510C{ZFb"
 188      50619CE0 
 188      75EA7847 
 188      DA9E7ABF 
 188      51A93043 
 189 05c5 D94FED01 		.ascii	"\331O\355\001{\307j\331\254\355U#S\210\201\"y\002h2"
 189      7BC76AD9 
 189      ACED5523 
 189      53888122 
 189      79026832 
 190 05d9 0B19B8D7 		.ascii	"\013\031\270\327\262\301\026\021\262X\306\220\016\014"
 190      B2C11611 
 190      B258C690 
 190      0E0C
 191 05e7 B94AC69A 		.ascii	"\271J\306\232\035\274:P\313\213\266\332\006\001\231"
 191      1DBC3A50 
 191      CB8BB6DA 
 191      060199
 192 05f6 9F52AD35 		.ascii	"\237R\2555\274_}\346\016\216\0229\334\023\245\362\223"
 192      BC5F7DE6 
 192      0E8E1239 
ARM GAS  C:\Users\CYIRKO~1\AppData\Local\Temp\ccFOG5Sd.s 			page 15


 192      DC13A5F2 
 192      93
 193 0607 AB7E2601 		.ascii	"\253~&\001\243\257\002Q\236Ie\002\272\\&\253~&]\365"
 193      A3AF0251 
 193      9E496502 
 193      BA5C26AB 
 193      7E265DF5 
 194 061b F162D5B7 		.ascii	"\361b\325\267\265q\316\263\315\256\261\325\002\272B"
 194      B571CEB3 
 194      CDAEB1D5 
 194      02BA42
 195 062a 369C49B9 		.ascii	"6\234I\271\004\357\351\347\327\\\202\262\345\360p;_"
 195      04EFE9E7 
 195      D75C82B2 
 195      E5F0703B 
 195      5F
 196 063b 760EA894 		.ascii	"v\016\250\224\365\005\226\310\027\230'\274\205v\027"
 196      F50596C8 
 196      179827BC 
 196      857617
 197 064a B09BE698 		.ascii	"\260\233\346\230K\270\212\262\302\377-\340#\203\226"
 197      4BB88AB2 
 197      C2FF2DE0 
 197      238396
 198 0659 7309183D 		.ascii	"s\011\030=\027\243\324r\215\200^\213Z\316\245Uw2\360"
 198      17A3D472 
 198      8D805E8B 
 198      5ACEA555 
 198      7732F0
 199 066c 3C7358EB 		.ascii	"<sX\353(\226\212X\037\033h\316#`\377\207\346z\001\375"
 199      28968A58 
 199      1F1B68CE 
 199      2360FF87 
 199      E67A01FD 
 200 0680 09D29C27 		.ascii	"\011\322\234'\335\300\355\344+`K\235\312\015Df\262;"
 200      DDC0EDE4 
 200      2B604B9D 
 200      CA0D4466 
 200      B23B
 201 0692 FA5F99FF 		.ascii	"\372_\231\377\346K\213\013\026\026,X\376\301\242\202"
 201      E64B8B0B 
 201      16162C58 
 201      FEC1A282 
 202 06a2 C237F3F1 		.ascii	"\3027\363\361{\341\262Yy/\372\012\227\371\026\277\275"
 202      7BE1B259 
 202      792FFA0A 
 202      97F916BF 
 202      BD
 203 06b3 C4F77EE1 		.ascii	"\304\367~\341\322\345\313|\013\336x=w6\263\257\346\255"
 203      D2E5CB7C 
 203      0BDE783D 
 203      7736B3AF 
 203      E6AD
 204 06c5 58819EB7 		.ascii	"X\201\236\267\226,Y\364B\276\344X\224\377^\376;\357"
 204      962C59F4 
 204      42BEE458 
 204      94FF5EFE 
ARM GAS  C:\Users\CYIRKO~1\AppData\Local\Temp\ccFOG5Sd.s 			page 16


 204      3BEF
 205 06d7 2E9DF50F 		.ascii	".\235\365\017\202\365\336\020"
 205      82F5DE10 
 206              		.text
 207              		.section	.gnu.lto_.symbol_nodes.94b05f5e,"",%progbits
 208 0000 789C6365 		.ascii	"x\234ce`b\360f\000\002\246\271L\365\014\014\023\316"
 208      6062F066 
 208      0002A6B9 
 208      4CF50C0C 
 208      13CE
 209 0012 313000A9 		.ascii	"10\000\251\235\015\007\033\330\200b\363\230\352\031"
 209      9D0D071B 
 209      D88062F3 
 209      98EA19
 210 0021 6162BB1A 		.ascii	"ab\273\032\034\201\"\363\231\352\231PDX\347014*\001"
 210      1C8122F3 
 210      99EA9950 
 210      4458E730 
 210      31342A01 
 211 0035 0D606664 		.ascii	"\015`fd`8\324\376F\236\001\000\342\341\022d"
 211      6038D4FE 
 211      469E0100 
 211      E2E11264 
 212              		.text
 213              		.section	.gnu.lto_.refs.94b05f5e,"",%progbits
 214 0000 789C6365 		.ascii	"x\234ce`b`d\000\002\000\000I\000\011"
 214      60626064 
 214      00020000 
 214      490009
 215              		.text
 216              		.section	.gnu.lto_.decls.94b05f5e,"",%progbits
 217 0000 789CCD58 		.ascii	"x\234\315XyPT\311\031\177\375z8f\030\201\200\225\262"
 217      795054C9 
 217      197FFD7A 
 217      38661881 
 217      8095B2
 218 0013 36568A72 		.ascii	"6V\212r\261\244\222,8\270\321\324V%Y\035Q\254uw\255"
 218      B1A4922C 
 218      38B8D1D4 
 218      5625591D 
 218      51AC7577 
 219 0028 19632A15 		.ascii	"\031c*\025R\024\302\030\251\3450\002U\372\337\023Q\021"
 219      5214C218 
 219      A9E53002 
 219      55FADF13 
 219      5111
 220 003a 0FBC5805 		.ascii	"\017\274X\005E\001q\005AEw\271\344\032\021\021P\024"
 220      45017105 
 220      414577B9 
 220      E41A1111 
 220      5014
 221 004c C10B0404 		.ascii	"\301\013\004\004\021\026\017\014\210\007\262\356\222"
 221      11160F0C 
 221      8807B2EE 
 221      92
 222 0059 AFBBDF63 		.ascii	"\257\273\337c\2327\263\233\244*\177\344\225\2777\375"
 222      9A37B39B 
ARM GAS  C:\Users\CYIRKO~1\AppData\Local\Temp\ccFOG5Sd.s 			page 17


 222      A42A7FE4 
 222      95BF37FD 
 223 0069 75FFFAEB 		.ascii	"u\377\372\353\357\352~\215N\202(DN\027\2049X\020V\""
 223      EFEA7E8D 
 223      4E822844 
 223      4E178439 
 223      58105622 
 224 007d 41988047 		.ascii	"A\230\200G#\010\302i\301\366\300\220p\006P\0048\017"
 224      2308C269 
 224      C1F6C090 
 224      70065004 
 224      380F
 225 008f 009A5023 		.ascii	"\000\232P#L}\376\006\235.\360\273\0120\007p\023p\003"
 225      4C7DFE06 
 225      9D2EF0BB 
 225      0A300770 
 225      137003
 226 00a2 500BF087 		.ascii	"P\013\360\207\261\337 \246\247\0010\035\332\315\262"
 226      B1DF20A6 
 226      A701301D 
 226      DACDB2
 227 00b1 9E3382FD 		.ascii	"\2363\202\375\023\246\322\245\314'\272\002\020\263\215"
 227      13A6D2A5 
 227      CC27BA02 
 227      10B38D
 228 00c0 D8E803ED 		.ascii	"\330\350\003\355\331\200_\001\334\000\242l\243#\235"
 228      D9805F01 
 228      DC00A26C 
 228      A3239D
 229 00cf 1618D7FF 		.ascii	"\026\030\327\377\210N\305V/b\033\240\002\260\030\306"
 229      884EC556 
 229      2F621BA0 
 229      02B018C6 
 230 00df 1611BDD0 		.ascii	"\026\021\275\320~\0171\273\347\300\257'\340g\262\375"
 230      7E0F31BB 
 230      E7C0AF27 
 230      E067B2FD 
 231 00ef BF845F2D 		.ascii	"\277\204_-\340\217\000\035`\032b>\235w\260\376A\214"
 231      E08F001D 
 231      601A623E 
 231      9D77B0FE 
 231      418C
 232 0101 4A76D555 		.ascii	"Jv\325U\211\335\250\023\201\235\310\223\366\"\304\336"
 232      89DDA813 
 232      819DC893 
 232      F622C4DE 
 233 0111 88828A13 		.ascii	"\210\202\212\023\312\203\020\355\207^Q\220\025+]H\231"
 233      CA8310ED 
 233      875E5190 
 233      152B5D48 
 233      99
 234 0122 21CBA22C 		.ascii	"!\313\242,\212\262J\372O\236\2148\215l\230\255\244<"
 234      8AB24AFA 
 234      4F9E8C38 
 234      8D6C98AD 
 234      A43C
 235 0134 2C0FAC41 		.ascii	",\017\254A\247)\263\221h[\000!~\002\247\220\231-\217"
ARM GAS  C:\Users\CYIRKO~1\AppData\Local\Temp\ccFOG5Sd.s 			page 18


 235      A729B391 
 235      685B0021 
 235      7E02A790 
 235      992D8F
 236 0147 4FDA27D8 		.ascii	"O\332'\330\234C\212\367#\351\327\006t\017P\027\351\315"
 236      9C438AF7 
 236      23E9D706 
 236      740F5017 
 236      E9CD
 237 0159 FA18D1BE 		.ascii	"\372\030\321\276\314{9\325\"\026\021i?x\233\267\304"
 237      CC7B39D5 
 237      22161169 
 237      3F789BB7 
 237      C4
 238 016a BF50628F 		.ascii	"\277Pb\217\353\357ma\273<\361\306\352\261\033#/\035"
 238      EBEF6D61 
 238      BB3CF1C6 
 238      EAB11B23 
 238      2F1D
 239 017c 12416C1D 		.ascii	"\022Al\035\276\226\351\006\342t\035\362\004ql\323\355"
 239      BE96E906 
 239      E2741DF2 
 239      04716CD3 
 239      ED
 240 018d 8BBA195F 		.ascii	"\213\272\031_\322Y\233%O\021\255\3729*D3Q\001\232\011"
 240      D2599B25 
 240      4F11ADFA 
 240      392A4433 
 240      51019A09 
 241 01a1 8B9F4633 		.ascii	"\213\237F3\340\275Z\3034\035\356(\253\362\230\225%Y"
 241      E0BD5AC3 
 241      341DEE28 
 241      ABF29895 
 241      2559
 242 01b3 7B24EB9B 		.ascii	"{$\353\233\272_d\236\227\244-0MCh(\037at\012\371\023"
 242      BA5F649E 
 242      97A42D30 
 242      4D436828 
 242      1F61740A 
 243 01c9 93A109EF 		.ascii	"\223\241\011\357<\364\000\241\223\250\033\034:\203f"
 243      3CF400A1 
 243      93A81B1C 
 243      3A8366
 244 01d8 C1F4F4A3 		.ascii	"\301\364\364\243\251E\030\257\245\326nj?\221\241\001"
 244      A94518AF 
 244      A5D66E6A 
 244      3F91A101 
 245 01e8 5559A0EA 		.ascii	"UY\240\352\316Q}\272dM\004M\"\325t\326\246\351\254Z"
 245      CE517DBA 
 245      644D044D 
 245      22D574D6 
 245      A6E9AC5A 
 246 01fc 5311D524 		.ascii	"S\021\325$\015Vtz\340\004\252i\333\351\236<\275\254"
 246      0D56747A 
 246      E004AA69 
 246      DBE99E3C 
 246      BDAC
ARM GAS  C:\Users\CYIRKO~1\AppData\Local\Temp\ccFOG5Sd.s 			page 19


 247 020e 69FCD753 		.ascii	"i\374\327S\024\235\263):\247Vt\236*\352j\310/\300\020"
 247      149DB329 
 247      3AA75674 
 247      9E2AEA6A 
 247      C82FC010 
 248 0222 8C393A44 		.ascii	"\2149:D\362\341\001]g\237\225\277\235\306\272\210\372"
 248      F2E1015D 
 248      679F95BF 
 248      9DC6BA88 
 248      FA
 249 0233 D6D417B9 		.ascii	"\326\324\027\271.x+\242\302\315\244\242#\230\205RCR"
 249      2E782BA2 
 249      C2CDA4A2 
 249      23988552 
 249      4352
 250 0245 D29CD1E7 		.ascii	"\322\234\321\347\316B\351s\020\213\351Mwk5\310O\367"
 250      CE42E973 
 250      108BE94D 
 250      776B35C8 
 250      4FF7
 251 0257 1589A5F5 		.ascii	"\025\211\245\365\306\251?\244\277\220$\037T\216t\250"
 251      C6A93FA4 
 251      BF90241F 
 251      548E74A8 
 252 0267 D866C91C 		.ascii	"\330f\311\034\035\274\223%)Q\332\263Y\322\006\013\250"
 252      1DBC9325 
 252      2951DAB3 
 252      59D2060B 
 252      A8
 253 0278 14A25D02 		.ascii	"\024\242]\002\321Fe\310\217\254Jx\350\033\350\374\032"
 253      D14665C8 
 253      8FAC4A78 
 253      E81BE8FC 
 253      1A
 254 0289 3A6195FC 		.ascii	":a\225\374\334\2759\316x\214Z \326W\337\277\247A:?\207"
 254      DCBD39CE 
 254      788C5A20 
 254      D657DFBF 
 254      A7413A3F 
 255 029e 0A2A1D28 		.ascii	"\012*\035(\220\215i\230U\277\205\204\245\002\214\271"
 255      908D6998 
 255      55BF8584 
 255      A5028CB9 
 256 02ae 6033066C 		.ascii	"`3\006lc\251\315\264\216\217\351\301\0252.]\233\030"
 256      63A9CDB4 
 256      8E8FE9C1 
 256      15322E5D 
 256      9B18
 257 02c0 207D45B9 		.ascii	" }E\271\375\357\343.V]/'\262\323\334f\037\227\262j!"
 257      FDEFE32E 
 257      565D2F27 
 257      B2D3DC66 
 257      1F97B26A 
 258 02d5 F58FBC33 		.ascii	"\365\217\2743 \365ZJ\256f\312&\215\020hO\0251\247\006"
 258      20F55A4A 
 258      AE66CA26 
 258      8D10684F 
ARM GAS  C:\Users\CYIRKO~1\AppData\Local\Temp\ccFOG5Sd.s 			page 20


 258      1531A706 
 259 02e9 CD869919 		.ascii	"\315\206\231\031\025/\233\234X\314\\A\274U~;\331\015"
 259      152F9B9C 
 259      58CC5C41 
 259      BC557E3B 
 259      D90D
 260 02fb 0F31ADC9 		.ascii	"\0171\255\311\205\273/a]2\251\274\377\304\027\2301\324"
 260      85BB2F61 
 260      5D32A9BC 
 260      FFC41798 
 260      31D4
 261 030d 377CD803 		.ascii	"7|\330\003\217\310\323\317\235;\344\206_3A\251k/V\327"
 261      8FC8D3CF 
 261      9D3BE486 
 261      5F3341A9 
 261      6B2F56D7 
 262 0321 25038DF5 		.ascii	"%\003\215\365:\226\033\011\221\3245g\355\320\340q\312"
 262      3A961B09 
 262      91D43567 
 262      EDD0E071 
 262      CA
 263 0332 751EEECA 		.ascii	"u\036\356\312\336\257C\276\276\276~\336\2769R\322f\311"
 263      DEAF43BE 
 263      BEBE7EDE 
 263      BE3952D2 
 263      66C9
 264 0344 3AF1E0C3 		.ascii	":\361\340\303\352\343M;\301?\204j\301\255:p\342\032"
 264      EAE34D3B 
 264      C13F846A 
 264      C1AD3A70 
 264      E21A
 265 0356 F2B6D913 		.ascii	"\362\266\331\023@\\3\300K`\023\306\2531\324Z\022\246"
 265      405C33C0 
 265      4B6013C6 
 265      AB31D45A 
 265      12A6
 266 0368 EC8B6AB6 		.ascii	"\354\213j\266\025\251\350\2655\034\375\212cz)y\313\011"
 266      15A9E8B5 
 266      351CFD8A 
 266      637A2979 
 266      CB09
 267 037a EB26EA25 		.ascii	"\353&\352%OB\023\344d\221g/\031\334#I\037k\004T\017"
 267      4F4213E4 
 267      6491672F 
 267      19DC2349 
 267      1F6B0454 
 268 038f B32FD389 		.ascii	"\263/\323\211D\027\311\301U\210Y\003\362E\315\200F@"
 268      4417C9C1 
 268      55885903 
 268      F245CD80 
 268      4640
 269 03a1 13F2A5B3 		.ascii	"\023\362\245\263\230\011\257\253q>\244m\2733\265\341"
 269      9809AFAB 
 269      713EA46D 
 269      BB33B5E1 
 270 03b1 92430799 		.ascii	"\222C\007\231\011$k\347\353j\\p#fEWr5UD\336~\216VG-"
 270      09246BE7 
ARM GAS  C:\Users\CYIRKO~1\AppData\Local\Temp\ccFOG5Sd.s 			page 21


 270      EB6A5C70 
 270      23664557 
 270      72355544 
 271 03cb B0E8BF33 		.ascii	"\260\350\2773\200\371t\275\006o\226$\204n\000\373\272"
 271      80F974BD 
 271      066F9624 
 271      846E00FB 
 271      BA
 272 03dc AD06898B 		.ascii	"\255\006\211\213t\315\201\264\262R7}\312deS\242\255"
 272      74CD81B4 
 272      B252377D 
 272      CA646553 
 272      A2AD
 273 03ee AE6E223D 		.ascii	"\256n\"==\025\341\027\310\243uy\243\362\251\266\207"
 273      3D15E117 
 273      C8A37579 
 273      A3F2A9B6 
 273      87
 274 03ff E4B7B0F9 		.ascii	"\344\267\260\371J\247\2745\223\211\334p\352\300m-\276"
 274      4AA7BC35 
 274      9389DC70 
 274      EAC06D2D 
 274      BE
 275 0410 4D1D4059 		.ascii	"M\035@Y\207\032\022E\334\315\004\2452\274\344\312\310"
 275      871A1245 
 275      DCCD04A5 
 275      32BCE4CA 
 275      C8
 276 0421 2DEB7987 		.ascii	"-\353y\207\360c6h\255\3379\204\360K&$\367nk\223\231"
 276      F0633668 
 276      ADDF3984 
 276      F04B2624 
 276      F76E6B93 
 277 0436 63442E7D 		.ascii	"cD.}^P:\215\325\224\225\310\023\265o\356M\303\343\214"
 277      5E503A8D 
 277      D59495C8 
 277      13B56FEE 
 277      4DC3E38C 
 278 044a 9C52D2D6 		.ascii	"\234R\322\326\255!\265,\311\326\303,\233\361\235d\243"
 278      AD21B52C 
 278      C9D6C32C 
 278      9BF19D64 
 278      A3
 279 045b 418CD15C 		.ascii	"A\214\321\\Z\306iUi\305\356^{\344x\372h\350V\352\000"
 279      5AC66955 
 279      69C5EE5E 
 279      7BE478FA 
 279      68E856EA 
 280 0470 36AB842E 		.ascii	"6\253\204.\344\245\314\241\353<n?\256ev\014\023\371"
 280      E4A5CCA1 
 280      EB3C6E3F 
 280      AE65760C 
 280      13F9
 281 0482 60F9C361 		.ascii	"`\371\303aw\234\244\241\353\356\275\364j\324\015'3\241"
 281      779CA4A1 
 281      EBEEBDF4 
 281      6AD40D27 
ARM GAS  C:\Users\CYIRKO~1\AppData\Local\Temp\ccFOG5Sd.s 			page 22


 281      33A1
 282 0494 33E7C009 		.ascii	"3\347\300\011\015c\016\322m\375\356]\222\006\357b\203"
 282      0D630ED2 
 282      6DFDEE5D 
 282      9206EF62 
 282      83
 283 04a5 8915ED7B 		.ascii	"\211\025\355{\345\220\365\320\035\223\270?\327\031\037"
 283      E590F5D0 
 283      1D93B83F 
 283      D7191F
 284 04b4 6483DF3D 		.ascii	"d\203\337=?9\354\214\263\231P\332\233V#/x\217\310\227"
 284      3F39EC8C 
 284      B39950DA 
 284      9B56232F 
 284      788FC897 
 285 04c8 468F8CE8 		.ascii	"F\217\214\350q\001\033\334\222{k\247\013.fB\333@v\222"
 285      71011BDC 
 285      927B6BA7 
 285      0B2E6642 
 285      DB407692 
 286 04dc 9E315B88 		.ascii	"\2361[\210<z\177W\275\036\327\260\301\272\206\2766W"
 286      3C7A7F57 
 286      BD1ED7B0 
 286      C1BA86BE 
 286      3657
 287 04ee DCC8841D 		.ascii	"\334\310\204\035\227\213\353\345\0045\320/\300`\321"
 287      978BEBE5 
 287      0435D02F 
 287      C060D1
 288 04fd 368CDBE4 		.ascii	"6\214\333\344\005\345\310z\311\221\035i\271\224\242"
 288      05E5C87A 
 288      C9911D69 
 288      B994A2
 289 050c C55D6CB0 		.ascii	"\305]l\260y\373\2764\021\3673!o\340\310ny\301\337\221"
 289      79FBBE34 
 289      11F73321 
 289      6FE0C86E 
 289      79C1DF91 
 290 0520 D01C1ECE 		.ascii	"\320\034\036\316\324\343!6Vy|K\276+~\303\204\212\322"
 290      D4E32136 
 290      56797C4B 
 290      BE2B7EC3 
 290      848AD2
 291 0533 CA7AF9DC 		.ascii	"\312z\371\334\231\013b\322\365]\235z<\301\306\316\014"
 291      990B62D2 
 291      F55D9D7A 
 291      3CC1C6CE 
 291      0C
 292 0544 6EB3BAE0 		.ascii	"n\263\272\340mNT8<\332\365Xv\326\217(i~[\350\216S\331"
 292      6D4E5438 
 292      3CDAF558 
 292      76D68F28 
 292      697E5BE8 
 293 055b 9872C27B 		.ascii	"\230r\302{\321\023\036U\336/\016\300\351l({\260|\277"
 293      D1131E55 
 293      DE2F0EC0 
 293      E96C287B 
ARM GAS  C:\Users\CYIRKO~1\AppData\Local\Temp\ccFOG5Sd.s 			page 23


 293      B07CBF
 294 056e 07CE61C2 		.ascii	"\007\316a\302\363\244\376\036\371\360\231\001bo\327"
 294      F3A4FE1E 
 294      F9F09901 
 294      626FD7
 295 057d B729EEB8 		.ascii	"\267)\356\270\200\215m\255I\253\322\342b&\324\365t#"
 295      808D6DAD 
 295      49ABD2E2 
 295      6226D4F5 
 295      7423
 296 058f 5CCDDA4F 		.ascii	"\\\315\332OS\254\355\"\276\302\204\374\362]\275N\270"
 296      53ACED22 
 296      BEC284FC 
 296      F25DBD4E 
 296      B8
 297 05a0 85097DA5 		.ascii	"\205\011}\245I\2575\370\026\023\012\336\035m\321\342"
 297      49AF35F8 
 297      16130ADE 
 297      1D6DD1E2 
 298 05b0 7626B45C 		.ascii	"v&\264\\\350\351w\307\275LxR\263\365\221\234\320\003"
 298      E8E977C7 
 298      BD4C7852 
 298      B3F5919C 
 298      D003
 299 05c2 740FDCEE 		.ascii	"t\017\334\356\351A\254>\263\264d|\307\321\\\015~D\311"
 299      E941AC3E 
 299      B3B4647C 
 299      C7D15C0D 
 299      7E44C9
 300 05d5 EF8FF66F 		.ascii	"\357\217\366o\276\353L\316<\345\361V\032~\276S\036\371"
 300      BEEB4CCE 
 300      3CE5F156 
 300      1A7EBE53 
 300      1EF9
 301 05e7 B4B8CA9F 		.ascii	"\264\270\312\237\026\367`\273\356\027\271\323\342\216"
 301      16F760BB 
 301      EE17B9D3 
 301      E28E
 302 05f5 FA806BBD 		.ascii	"\372\200k\275\306\035p\333D\025\275\325\216\336\304"
 302      C61D70DB 
 302      4415BDD5 
 302      8EDEC4
 303 0604 D1FFA9D6 		.ascii	"\321\377\251\326\376\234;\017\031\277\243\221\343\217"
 303      FE9C3B0F 
 303      19BFA391 
 303      E38F
 304 0612 ABF96FED 		.ascii	"\253\371o\355\370\265<\377\0075\377\235\332\234\246"
 304      F8B53CFF 
 304      0735FF9D 
 304      DA9CA6
 305 0621 AB1CFD91 		.ascii	"\253\034\375\221\232\336g\247~\234\347\337u\034\034"
 305      9ADE67A7 
 305      7E9CE7DF 
 305      751C1C
 306 0630 854F8EBE 		.ascii	"\205O\216\276'W\361&\312\207\235\215\356\313|e\277\243"
 306      2757F126 
 306      CA879D8D 
ARM GAS  C:\Users\CYIRKO~1\AppData\Local\Temp\ccFOG5Sd.s 			page 24


 306      EECB7C65 
 306      BFA3
 307 0642 76B5390F 		.ascii	"v\2659\017\0338\365\211\352`\332}\\:x\372f5=@m\374C"
 307      1B38F589 
 307      EA60DA7D 
 307      5C3A78FA 
 307      66353D40 
 308 0659 3EF64FD5 		.ascii	">\366O\325\306?\266i\347\317\373\255\342L\264E$C\204"
 308      C63FB669 
 308      E7CFFBAD 
 308      E24CB445 
 308      244384
 309 066c 4D0EFB23 		.ascii	"M\016\373#\242\037:)\372\242\275\200=\200\303\200,\300"
 309      A21F3A29 
 309      FAA2BD80 
 309      3D80C380 
 309      2CC0
 310 067e 09C04E40 		.ascii	"\011\300N@\036\340\024`\007\340\020\3408\340  \033\220"
 310      1EE01460 
 310      07E010E0 
 310      38E02020 
 310      1B90
 311 0690 09C800A4 		.ascii	"\011\310\000\244\000r\000\373\000\307\000_\002\276\002"
 311      007200FB 
 311      00C7005F 
 311      02BE02
 312 069f E4027601 		.ascii	"\344\002v\001\362\001\007\000\351\200T@2`7 \015p\024"
 312      F2010700 
 312      E9805440 
 312      32603720 
 312      0D7014
 313 06b2 B05DE4BF 		.ascii	"\260]\344\277p\035|Vz\324\216u\333}\223\371\222\275"
 313      701D7C56 
 313      7AD48E75 
 313      DB7D93F9 
 313      92BD
 314 06c4 ADA6B7A9 		.ascii	"\255\246\267\251\351/\370\260\015\252\351\003vt\276"
 314      E92FF8B0 
 314      0DAAE903 
 314      7674BE
 315 06d3 025FA9E9 		.ascii	"\002_\251\351/\355J\344a#W\"c\352\022ycW\"\274\257\017"
 315      2FED4AE4 
 315      61235722 
 315      63EA1279 
 315      635722BC 
 316 06e9 1CFBCA27 		.ascii	"\034\373\312'\275\211\267~\330\361\206\343\324?\341"
 316      BD89B77E 
 316      D8F186E3 
 316      D43FE1
 317 06f8 4B6A93E3 		.ascii	"Kj\223\343\012\344\357+\365\015\354\276\0024\376\276"
 317      0AE4EF2B 
 317      F50DECBE 
 317      0234FEBE 
 318 0708 92433EE6 		.ascii	"\222C>\346\326\372&\345,!\237\271\027\352\305G\354\215"
 318      D6FA26E5 
 318      2C219FB9 
 318      17EAC547 
ARM GAS  C:\Users\CYIRKO~1\AppData\Local\Temp\ccFOG5Sd.s 			page 25


 318      EC8D
 319 071a E53373CB 		.ascii	"\3453s\313qfx\376\023\336\271'\216+\232\347\277\340"
 319      716678FE 
 319      13DEB927 
 319      8E2B9AE7 
 319      BFE0
 320 072c BD93D4DE 		.ascii	"\275\223\324\336]V\007c\234O\345\250c\363\015\266Lv"
 320      5D560763 
 320      9C4FE5A8 
 320      63F30DB6 
 320      4C76
 321 073e 3471991C 		.ascii	"4q\231\034Rg\362\231]\250y\355\257\035\027\012_\265"
 321      5267F299 
 321      5DA879ED 
 321      AF1D170A 
 321      5FB5
 322 0750 7CE2FB1D 		.ascii	"|\342\373\035\037U\274\355\274\253\023j\372\345\251"
 322      1F55BCED 
 322      BCAB136A 
 322      FAE5A9
 323 075f 6508B91A 		.ascii	"e\010\271\032WBIR\365\255\343*\347C\331\312\353Orx\366"
 323      57424952 
 323      F5ADE32A 
 323      E743D9CA 
 323      EB4F7278 
 324 0774 186CDA9B 		.ascii	"\030l\332\233\0329\355\337;>\226\371M\321\312\237\233"
 324      1A39EDDF 
 324      3B3E96F9 
 324      4DD1CA9F 
 324      9B
 325 0785 0FD5A1EC 		.ascii	"\017\325\241\354\265\373\252\360\241\374\316\361W\302"
 325      B5FBAAF0 
 325      A1FCCEF1 
 325      57C2
 326 0793 20DF705F 		.ascii	" \337p_\025\026v\301\037\"\364\343(\036\314N.\326\252"
 326      151676C1 
 326      1F22F4E3 
 326      281ECC4E 
 326      2ED6AA
 327 07a6 6EB8CA89 		.ascii	"n\270\312\211\207N\303A\367\377x\350\261\2357p\215\335"
 327      874EC341 
 327      F7FF78E8 
 327      B19D3770 
 327      8DDD
 328 07b8 AA0BC1C2 		.ascii	"\252\013\301\302\002q\362VM6\"\365\263\357\304\263b"
 328      0271F256 
 328      4D3622F5 
 328      B3EFC4B3 
 328      62
 329 07c9 77FE565D 		.ascii	"w\376V](\362\267"
 329      28F2B7
 330 07d0 EA3322BB 		.ascii	"\3523\"\273U\303/\371O\204\261\273\335z\236L\376\214"
 330      55C32FF9 
 330      4F84B1BB 
 330      DD7A9E4C 
 330      FE8C
 331 07e2 B691CF8A 		.ascii	"\266\221\317\212\372\311\277\314)\377\316P\346>'\374"
ARM GAS  C:\Users\CYIRKO~1\AppData\Local\Temp\ccFOG5Sd.s 			page 26


 331      FAC9BFCC 
 331      29FFCE50 
 331      E63E27FC 
 332 07f2 965D475E 		.ascii	"\226]G^d\324?\325\341\011\371Vu\346T\022\306\211\316"
 332      64D43FD5 
 332      E109F956 
 332      75E65412 
 332      C689CE
 333 0805 EC5A5AB9 		.ascii	"\354ZZ\271\251\316\035\2470\241\367X\342#'\234\312\204"
 333      A9CE1DA7 
 333      30A1F758 
 333      E223279C 
 333      CA84
 334 0817 B2AAA140 		.ascii	"\262\252\241@v\203\231\011\322\205\256\021\253\374\177"
 334      76839909 
 334      D285AE11 
 334      ABFC7F
 335 0826 133DE442 		.ascii	"\023=\344Bs\354\351`\217\033\336O\251\332\357\313\352"
 335      73ECE960 
 335      8F1BDE4F 
 335      A9DAEFCB 
 335      EA
 336 0837 B2E102E3 		.ascii	"\262\341\002\343-_YX\306\1778\304_S\276\006\377\313"
 336      2D5F5958 
 336      C67F38C4 
 336      5F53BE06 
 336      FFCB
 337 0849 7FE4DBC7 		.ascii	"\177\344\333\307\247\266\004R[L?f\345r^\253!\2575\020"
 337      A7B60452 
 337      5B4C3F66 
 337      E5725EAB 
 337      21AF3510 
 338 085d DB324005 		.ascii	"\3332@\005\300\012\250\004T\001.L\371\310<L\347j\254"
 338      C00AA804 
 338      54012E4C 
 338      F9C83C4C 
 338      E76AAC
 339 0870 54BDA0DD 		.ascii	"T\275\240\335\315\242\226\247\237W\323\355>\345\255"
 339      CDA296A7 
 339      9F57D3ED 
 339      3EE5AD
 340 087f E9AAED54 		.ascii	"\351\252\355T\376\223'S\007O/rL\347\217\351\201C\354"
 340      FE932753 
 340      074F2F72 
 340      4CE78FE9 
 340      8143EC
 341 0892 982E571F 		.ascii	"\230.W\037\323\364\3127%\226\3378\214%\177g\342\327"
 341      D3F4CA37 
 341      2596DF38 
 341      8C257F67 
 341      E2D7
 342 08a4 3EE7D8B3 		.ascii	">\347\330\263\311\277'\267\266K\367\334p\006\315\244"
 342      C9BF27B7 
 342      B64BF7DC 
 342      7006CDA4 
 343 08b4 D8303858 		.ascii	"\33008X\340\246\332mJJ\320%\310\304\177\223\025\346"
 343      E0A6DA6D 
ARM GAS  C:\Users\CYIRKO~1\AppData\Local\Temp\ccFOG5Sd.s 			page 27


 343      4A4AD025 
 343      C8C47F93 
 343      15E6
 344 08c6 D8F374B6 		.ascii	"\330\363t\266\013ja\346E\333.(WvA\313\375\374\202)\273"
 344      0B6A61E6 
 344      45DB2E28 
 344      577641CB 
 344      FDFC8229 
 345 08db A076CA2E 		.ascii	"\240v\312.\250\223w\001\371}omXThTTD\350\352\260\360"
 345      A8937701 
 345      F97D6F6D 
 345      58546854 
 345      5444E8EA 
 346 08f1 2F12D685 		.ascii	"/\022\326\205F\304F\207E\306\204F\306D\306\273.\375"
 346      46C44687 
 346      45C68446 
 346      C644C6BB 
 346      2EFD
 347 0903 EC4F3E46 		.ascii	"\354O>F\203AX\030\364Q\210qm\344\352Hs|BDdlH8i\307\306"
 347      83415818 
 347      F4518871 
 347      6DE4EA48 
 347      737C4244 
 348 091e 1916CC0F 		.ascii	"\031\026\314\017\210\215\013\000\005\001\353b\327\307"
 348      888D0B00 
 348      0501EB62 
 348      D7C7
 349 092c C7059857 		.ascii	"\307\005\230W~:/\220\275\227,\330\260!@V\355\037.\350"
 349      7E3A2F90 
 349      BD972CD8 
 349      B0214056 
 349      ED1F2EE8 
 350 0940 9555885E 		.ascii	"\225U\210^\317\270\370\350y\201\241\341Q\261\341_\320"
 350      CFB8F8E8 
 350      7981A1E1 
 350      51B1E15F 
 350      D0
 351 0951 0E5D6868 		.ascii	"\016]hhBdL<\364\305\257\261|\304\324\307\261\245\342"
 351      42644C3C 
 351      F4C5AFB1 
 351      7CC4D4C7 
 351      B1A5E2
 352 0964 6363A3E2 		.ascii	"cc\243\342B\376\036\223\340C[>a\353\243},\321\253-\021"
 352      42FE1E93 
 352      E0435B3E 
 352      61EBA37D 
 352      2CD1AB2D 
 353 0979 11968890 		.ascii	"\021\226\210\220\371\376\363|\002\347\032\026\374\303"
 353      F9FEF37C 
 353      02E71A16 
 353      FCC3
 354 0987 1002FD1F 		.ascii	"\020\002\375\037\304\304\306X>\260\204\255\216\014\211"
 354      C4C4C658 
 354      3EB084AD 
 354      8E0C89
 355 0996 8C098F4A 		.ascii	"\214\011\217J\210\260\204D\207\201\256\030KHh\204eM"
 355      88B08444 
ARM GAS  C:\Users\CYIRKO~1\AppData\Local\Temp\ccFOG5Sd.s 			page 28


 355      8781AE18 
 355      4B486884 
 355      654D
 356 09a8 5842547C 		.ascii	"XBT|h\374\306u\2268\377\265\202\253\262\336_\377\247"
 356      68FCC675 
 356      9638FFB5 
 356      82ABB2DE 
 356      5FFFA7
 357 09bb EBC56D8C 		.ascii	"\353\305m\214\013\011\215\213\217\000\345\260\210\207"
 357      0B098D8B 
 357      8F00E5B0 
 357      8887
 358 09c9 79635CBC 		.ascii	"yc\\\274%\332\030\273\336b$\276b\243)Pc4\233\014\320"
 358      25DA18BB 
 358      DE6224BE 
 358      62A32950 
 358      63349B0C 
 359 09de 309046E0 		.ascii	"0\220F\340\262\237\014lxlttlL\200eC|\200\361S\36323"
 359      B29F0C6C 
 359      786C7474 
 359      6C4C8065 
 359      437C80F1 
 360 09f6 44960B2E 		.ascii	"D\226\013.\015\342\232\005\363\241\015k\271\255\370"
 360      0DE29A05 
 360      F3A10D6B 
 360      B9ADF8
 361 0a05 B3297425 		.ascii	"\263)t%x\267\330\262\306u\261\361\023\343\222\245&\203"
 361      78B7D8B2 
 361      C675B1F1 
 361      13E392A5 
 361      2683
 362 0a17 6EC5F2E5 		.ascii	"n\305\362\345\346\205\313H\2334\227\005\232I\323\311"
 362      E685CB48 
 362      9B349705 
 362      9A49D3C9 
 363 0a27 6C362E35 		.ascii	"l6.5iMA\346 \323\252\240\305\3631X\242Y\264\330h\353"
 363      694D41E6 
 363      20D3AAA0 
 363      C5F33158 
 363      A259B4D8 
 364 0a3d FAAD76E1 		.ascii	"\372\255v\341\212E\201\313W\004}f\"-\003k)\243\037j"
 364      8A4581CB 
 364      57047D66 
 364      222D036B 
 364      29A31F6A 
 365 0a51 17062F9A 		.ascii	"\027\006/\232'\217\006O\362\202\325\274y.D\013\364\220"
 365      278F064F 
 365      F282D5BC 
 365      792E440B 
 365      F490
 366 0a63 5F033F12 		.ascii	"_\003?\022\350B4\320\221`\231\021<\225ap%sM\346\225"
 366      E84234D0 
 366      91609911 
 366      3C956170 
 366      25734DE6 
 367 0a78 26D23090 		.ascii	"&\3220\220\306\344\330\\W2\233\215\005+\244`F\302\306"
 367      C6E4D85C 
ARM GAS  C:\Users\CYIRKO~1\AppData\Local\Temp\ccFOG5Sd.s 			page 29


 367      57329B8D 
 367      052BA460 
 367      46C2C6
 368 0a8b 65260D71 		.ascii	"e&\015q\322\005\374%\277\242\321\244\204#\320\315d4"
 368      D205FC25 
 368      BFA2D1A4 
 368      8423D0CD 
 368      6434
 369 0a9d 2A3172FA 		.ascii	"*1r\372|\305J\243I4\233\\\240\361I\320_L\032\362\302"
 369      7CC54AA3 
 369      49349B5C 
 369      A0F149D0 
 369      5F4C1AF2 
 370 0ab2 0B8D2667 		.ascii	"\013\215&g:b\230\266d\371Bs\260B\377\027\004\237\254"
 370      3A6298B6 
 370      64F94273 
 370      B042FF17 
 370      049FAC
 371 0ac5 63       		.ascii	"c"
 372              		.text
 373              		.section	.gnu.lto_.symtab.94b05f5e,"",%progbits
 374 0000 68616C5F 		.ascii	"hal_lld_init\000"
 374      6C6C645F 
 374      696E6974 
 374      00
 375 000d 00       		.ascii	"\000"
 376 000e 00       		.ascii	"\000"
 377 000f 00       		.ascii	"\000"
 378 0010 00000000 		.ascii	"\000\000\000\000\000\000\000\000"
 378      00000000 
 379 0018 B0000000 		.ascii	"\260\000\000\000"
 380 001c 73746D33 		.ascii	"stm32_clock_init\000"
 380      325F636C 
 380      6F636B5F 
 380      696E6974 
 380      00
 381 002d 00       		.ascii	"\000"
 382 002e 00       		.ascii	"\000"
 383 002f 00       		.ascii	"\000"
 384 0030 00000000 		.ascii	"\000\000\000\000\000\000\000\000"
 384      00000000 
 385 0038 B2000000 		.ascii	"\262\000\000\000"
 386 003c 53797374 		.ascii	"SystemCoreClock\000"
 386      656D436F 
 386      7265436C 
 386      6F636B00 
 387 004c 00       		.ascii	"\000"
 388 004d 00       		.ascii	"\000"
 389 004e 00       		.ascii	"\000"
 390 004f 00000000 		.ascii	"\000\000\000\000\000\000\000\000"
 390      00000000 
 391 0057 BF000000 		.ascii	"\277\000\000\000"
 392              		.text
 393              		.section	.gnu.lto_.opts,"",%progbits
 394 0000 272D666D 		.ascii	"'-fmath-errno' '-fsigned-zeros' '-ftrapping-math' '"
 394      6174682D 
 394      6572726E 
ARM GAS  C:\Users\CYIRKO~1\AppData\Local\Temp\ccFOG5Sd.s 			page 30


 394      6F272027 
 394      2D667369 
 395 0033 2D666E6F 		.ascii	"-fno-trapv' '-fno-openmp' '-fno-openacc' '-mcpu=cor"
 395      2D747261 
 395      70762720 
 395      272D666E 
 395      6F2D6F70 
 396 0066 7465782D 		.ascii	"tex-m7' '-mno-thumb-interwork' '-mthumb' '-ggdb' '-"
 396      6D372720 
 396      272D6D6E 
 396      6F2D7468 
 396      756D622D 
 397 0099 4F322720 		.ascii	"O2' '-fomit-frame-pointer' '-falign-functions=16' '"
 397      272D666F 
 397      6D69742D 
 397      6672616D 
 397      652D706F 
 398 00cc 2D666675 		.ascii	"-ffunction-sections' '-fdata-sections' '-fno-common"
 398      6E637469 
 398      6F6E2D73 
 398      65637469 
 398      6F6E7327 
 399 00ff 2720272D 		.ascii	"' '-flto'\000"
 399      666C746F 
 399      2700
 400              		.text
 401              		.comm	__gnu_lto_v1,1,1
 402              		.comm	__gnu_lto_slim,1,1
 403              		.ident	"GCC: (GNU Tools for ARM Embedded Processors 6-2017-q1-update) 6.3.1 20170215 (release) [AR
ARM GAS  C:\Users\CYIRKO~1\AppData\Local\Temp\ccFOG5Sd.s 			page 31


DEFINED SYMBOLS
                            *ABS*:00000000 hal_lld.c
                            *COM*:00000001 __gnu_lto_v1
                            *COM*:00000001 __gnu_lto_slim

NO UNDEFINED SYMBOLS
