ARM GAS  C:\Users\CYIRKO~1\AppData\Local\Temp\ccoAGiFU.s 			page 1


   1              		.cpu cortex-m7
   2              		.eabi_attribute 20, 1
   3              		.eabi_attribute 21, 1
   4              		.eabi_attribute 23, 3
   5              		.eabi_attribute 24, 1
   6              		.eabi_attribute 25, 1
   7              		.eabi_attribute 26, 1
   8              		.eabi_attribute 30, 2
   9              		.eabi_attribute 34, 1
  10              		.eabi_attribute 18, 4
  11              		.file	"hal_pal.c"
  12              		.text
  13              	.Ltext0:
  14              		.section	.gnu.lto_.profile.94b0499f,"",%progbits
  15 0000 789C6365 		.ascii	"x\234ce`b`a```d\320\220\001\000\000\354\000Q"
  15      60626061 
  15      60606064 
  15      D0900100 
  15      00EC0051 
  16              		.text
  17              		.section	.gnu.lto_.icf.94b0499f,"",%progbits
  18 0000 789C6365 		.ascii	"x\234ce`b\020a@\000f\206\343\227n\235fc\334\276\377"
  18      60621061 
  18      40006686 
  18      E3976E9D 
  18      6663DCBE 
  19 0015 D00F76A6 		.ascii	"\320\017v\246u;\036\256\342e\000\000hQ\011\233"
  19      753B1EAE 
  19      E2650000 
  19      6851099B 
  20              		.text
  21              		.section	.gnu.lto_.jmpfuncs.94b0499f,"",%progbits
  22 0000 789C6365 		.ascii	"x\234ce`bPb@\000f\006FF\306zF&FF\346\372z&0\305\310"
  22      60625062 
  22      40006606 
  22      4646C67A 
  22      46264646 
  23 001b 069162AA 		.ascii	"\006\221b\252d\004Q\0009\324\002\300"
  23      64045100 
  23      39D402C0 
  24              		.text
  25              		.section	.gnu.lto_.inline.94b0499f,"",%progbits
  26 0000 789C6365 		.ascii	"x\234ce`b\370\316\200\000\314\014\014\234\034\214\314"
  26      6062F8CE 
  26      8000CC0C 
  26      0C9C1C8C 
  26      CC
  27 0011 0C0A8C20 		.ascii	"\014\012\214 &\210t\000\223\012\034l\037\364\030\330"
  27      26887400 
  27      930A1C6C 
  27      1FF418D8 
  28 0021 16C83331 		.ascii	"\026\310310\276`g\201\220 \202\003\314\344\000\021\002"
  28      30BE6067 
  28      81902082 
  28      03CCE400 
  28      1102
  29 0033 60A600C8 		.ascii	"`\246\000\310\030F\006>^F\026\210)\214@\022b\224\002"
ARM GAS  C:\Users\CYIRKO~1\AppData\Local\Temp\ccoAGiFU.s 			page 2


  29      1846063E 
  29      5E461688 
  29      298C4012 
  29      629402
  30 0046 C4406EA6 		.ascii	"\304@n\246\013\374\030F\001\305P\014aY /\001b)010\357"
  30      0BFC1846 
  30      01C5500C 
  30      6159202F 
  30      01622930 
  31 005d 10576000 		.ascii	"\020W`\000Zo\0012\231\211\201[\030\305}PC9\201r\304"
  31      5A6F0132 
  31      9989815B 
  31      18C57D50 
  31      43398172 
  32 0072 390F6893 		.ascii	"9\017h\223\004\310$\026^\240w'\370\201 \003\000\006"
  32      04C82416 
  32      5EA07727 
  32      F8812003 
  32      0006
  33 0084 0820CB   		.ascii	"\010 \313"
  34              		.text
  35              		.section	.gnu.lto_.pureconst.94b0499f,"",%progbits
  36 0000 789C6365 		.ascii	"x\234ce`b`g```f\220b\224b\222\004\000\001\307\000b"
  36      60626067 
  36      60606066 
  36      90629462 
  36      92040001 
  37              		.text
  38              		.section	.gnu.lto_palReadBus.94b0499f,"",%progbits
  39 0000 789C9591 		.ascii	"x\234\225\221\277O\024Q\020\307\347\373fowO\320\177"
  39      BF4F1451 
  39      10C7E7FB 
  39      666F774F 
  39      D07F
  40 0012 408A2B4C 		.ascii	"@\212+L\010\215\033M\320\304\226\350?`KB\340,\270\204"
  40      088D1B4D 
  40      D0C496E8 
  40      3F604B42 
  40      E02CB884 
  41 0026 E48C2B35 		.ascii	"\344\214+5\357V@\205(\306\250\207\302\271\205\022D\345"
  41      EF564085 
  41      28C6A887 
  41      C2B98512 
  41      44E5
  42 0038 A73F0AAA 		.ascii	"\247?\012\252\013\230\230\220\250@ce$hs\211\026^cc\320"
  42      0B989890 
  42      A8406365 
  42      24687389 
  42      165E6363 
  43 004d 9977905C 		.ascii	"\231w\220\\aC\261\363f\336\314|f\276\3732d(6D\235Dt"
  43      6143B1F3 
  43      66DECC7C 
  43      66BEFB32 
  43      64283644 
  44 0064 5C3E30C1 		.ascii	"\\>0\301\334\371HT\012\015\240\216\015AC\006C\230\340"
  44      DCF94854 
  44      0A0DA08E 
ARM GAS  C:\Users\CYIRKO~1\AppData\Local\Temp\ccoAGiFU.s 			page 3


  44      0D414306 
  44      4398E0
  45 0077 32636B78 		.ascii	"2ckxi\232os*e\236\204\277><\372vLC '\341\224\335\276"
  45      699A6F73 
  45      2A659E84 
  45      BF3E3CFA 
  45      764C4320 
  46 0090 1974CC5A 		.ascii	"\031t\314Z\233\330j\371\256\377xe\323fS6\364P\312\237"
  46      9BD86AF9 
  46      AEFF7865 
  46      D3665336 
  46      F450CA9F 
  47 00a4 A10DB368 		.ascii	"\241\015\263h\323\031s\350\220\342\221\255\362(\363"
  47      D31973E8 
  47      90E291AD 
  47      F228F3
  48 00b3 6990F85F 		.ascii	"i\220\370_\276\356\314\205\3553\256\361\335=\266'Rf"
  48      BEEECC85 
  48      ED33AEF1 
  48      DD3DB627 
  48      5266
  49 00c5 3C073737 		.ascii	"<\00777\312\025\341\005\332\265~wy\357\376Q\337{\302"
  49      CA15E105 
  49      DAB57E77 
  49      79EFFE51 
  49      DF7BC2
  50 00d8 A46C41BE 		.ascii	"\244lA\276\204\0179\027\267Q\265{\177\257\333\352\217"
  50      840F3917 
  50      B751B57B 
  50      7FAFDBEA 
  50      8F
  51 00e9 A7A85CC8 		.ascii	"\247\250\\\310\212\006\351`\351\365<1\231\214\030\337"
  51      8A06E960 
  51      E9F53C31 
  51      998C18DF 
  52 00f9 572F5013 		.ascii	"W/P\023\222nGc\202P\251\343\022\310\3115$\253\265[\353"
  52      926E4763 
  52      8250A9E3 
  52      12C8C935 
  52      24ABB55B 
  53 010e BE522BAC 		.ascii	"\276R+\254\262\037\214\254}\012T'\273u\177\277\337\270"
  53      B21F8CAC 
  53      7D0A5427 
  53      BB757FBF 
  53      DFB8
  54 0120 D19AA252 		.ascii	"\321\232\242R\262\326\346R\016*l0\257\332$7\363=Y\010"
  54      B2D6E652 
  54      0E2A6C30 
  54      AFDA2437 
  54      F33D5908 
  55 0134 A279DB48 		.ascii	"\242y\333H\205X@\212I\335\221\260\210\210jX[\3156\300"
  55      8558408A 
  55      49DD91B0 
  55      88886A58 
  55      5BCD36C0 
  56 0148 5E3338FC 		.ascii	"^38\374\0378+\323\261\264\017\376\\\257\257\267\012"
  56      1F382BD3 
ARM GAS  C:\Users\CYIRKO~1\AppData\Local\Temp\ccoAGiFU.s 			page 4


  56      B1B40FFE 
  56      5CAFAFB7 
  56      0A
  57 0159 78B8A4A9 		.ascii	"x\270\244\251#Xv`U\215\025\007N\016\300\231C\255\330"
  57      23587660 
  57      558D1507 
  57      4E0EC099 
  57      43ADD8
  58 016c 82578E64 		.ascii	"\202W\216d\224\364\332\221\256\325G\321@\351\232\002"
  58      94F4DA91 
  58      AED547D1 
  58      40E99A02 
  59 017c 6CA60787 		.ascii	"l\246\007\207\242\033\274qt\367Jo\033\364?\007\364\320"
  59      A21BBC71 
  59      74F74A6F 
  59      1BF43F07 
  59      F4D0
  60 018e 0D08E827 		.ascii	"\015\010\350'\222\334\376\215\376\2501Q%\357 \013E\347"
  60      92DCFE8D 
  60      FEA83151 
  60      25EF200B 
  60      45E7
  61 01a0 CF7577F5 		.ascii	"\317uw\365\027\372\012\027\257\016^*\024\273\363\352"
  61      17FA0A17 
  61      AF0E5E2A 
  61      14BBF3EA 
  62 01b0 17E35367 		.ascii	"\027\343Sg\317D\3058\352\357\035\210\342+y={.\367\016"
  62      CF44C538 
  62      EAEF1D88 
  62      E22B793D 
  62      7B2EF70E 
  63 01c4 9CCC13F7 		.ascii	"\234\314\023\367\015\306\377\000\237i\317\302"
  63      0DC6FF00 
  63      9F69CFC2 
  64              		.text
  65              		.section	.gnu.lto_palWriteBus.94b0499f,"",%progbits
  66 0000 789C9553 		.ascii	"x\234\225SMh\023A\024\236og\263?\311F=\012\366\320\203"
  66      4D681341 
  66      149E6F67 
  66      B33FC946 
  66      3D0AF6D0 
  67 0015 107A71D1 		.ascii	"\020zq\321C\205^E\217^\274\026\244\211\207\006\012\021"
  67      43855E45 
  67      8F5EBC16 
  67      A4898706 
  67      0A11
  68 0027 D39EBB89 		.ascii	"\323\236\273\211M*-UA\232T\351\262\242\324\032\265\177"
  68      4D2A2D55 
  68      419A54E9 
  68      B2A2D41A 
  68      B57F
  69 0039 FEA70709 		.ascii	"\376\247\007\011\361P\220\252\264\007\275(\212V\241"
  69      F15090AA 
  69      B407BD28 
  69      8A56A1
  70 0048 07A11641 		.ascii	"\007\241\026A\017\222\370\336l\243U\274t`\336\314\373"
  70      0F92F8DE 
ARM GAS  C:\Users\CYIRKO~1\AppData\Local\Temp\ccoAGiFU.s 			page 5


  70      6CA355BC 
  70      7460DECC 
  70      FB
  71 0059 FBE6BDEF 		.ascii	"\373\346\275\357\355F\204&\216K!\272\204\020\373hC\012"
  71      ED468426 
  71      8E4B21BA 
  71      8410FB68 
  71      430A
  72 006b 68175F08 		.ascii	"h\027_\010\221\2634\200/\236\0051\250a\020\027dY\242"
  72      91B33480 
  72      2F9E0531 
  72      A8611017 
  72      6459A2
  73 007e 3EFCB9AA 		.ascii	">\374\271\252uL{\264j\345oF\321+\354\015(\3752m^\230"
  73      754C7BB4 
  73      6AE56F46 
  73      D12BEC0D 
  73      28FD326D 
  74 0094 460745AD 		.ascii	"F\007E\255\014\315O\312\3632\220\200N\352\327\347W>"
  74      0CCD4FCA 
  74      F3329080 
  74      4EEAD7E7 
  74      573E
  75 00a6 EE625543 		.ascii	"\356bUC;\251\205\225rQ\312C\020t\177\373\356}\305JL"
  75      3BA98595 
  75      7251CA43 
  75      10747FFB 
  75      EE7DC54A 
  76 00bb 795EDEAB 		.ascii	"y^\336\253-_\222\336\376@J\334\202$@T\320\206\233h\023"
  76      2D5F92DE 
  76      FE404ADC 
  76      82244054 
  76      D0869B68 
  77 00d0 6412B88D 		.ascii	"d\022\270\215\004\205\373\215kK1\331\251R\253\301d\305"
  77      0485FB8D 
  77      6B4B31D9 
  77      A952ABC1 
  77      64C5
  78 00e2 D84A7D33 		.ascii	"\330J}3\256Ru\334\3717U\027\230A\202\343?,4\306\343"
  78      AE5275DC 
  78      F9375517 
  78      984182E3 
  78      3F2C34C6 
  79 00f7 867EBD55 		.ascii	"\206~\275U.fa\200\316\271U\324\274Fs\230\012\270\201"
  79      2E666180 
  79      CEB955D4 
  79      BC467398 
  79      0AB881
  80 010a E6B1DDD4 		.ascii	"\346\261\335\3247=&)7\242\203\223#t5\014\026&\013\213"
  80      373D2629 
  80      37A28393 
  80      2374350C 
  80      16260B8B 
  81 011e 8469B388 		.ascii	"\204i\263\210\262\032c\341\260\210\263\020b\204\300"
  81      B21A63E1 
  81      B088B310 
  81      6284C0
ARM GAS  C:\Users\CYIRKO~1\AppData\Local\Temp\ccoAGiFU.s 			page 6


  82 012d 99B851A9 		.ascii	"\231\270Q\251\361)\327\221_\\\177\222\342\347|\311\034"
  82      F129D791 
  82      5F5C7F92 
  82      E2E77CC9 
  82      1C
  83 013e 960AF597 		.ascii	"\226\012\365\227&\323!U\037\337\227\236\235s\002\370"
  83      26D32155 
  83      1FDF979E 
  83      9D7302F8 
  84 014e 39E2B43D 		.ascii	"9\342\264=\220\226O4\315Q\355\354\233Z\313\317\232\356"
  84      90964F34 
  84      CD51EDEC 
  84      9B5ACBCF 
  84      9AEE
  85 0160 8C17BA6C 		.ascii	"\214\027\272l\314#\300\204\342\032\013p\005A7\212\010"
  85      CC23C084 
  85      E21A0B70 
  85      0541378A 
  85      08
  86 0171 91233EF5 		.ascii	"\221#>\365\312o\331\241n\354\010Z\307]\005\315\204\340"
  86      CA6FD9A1 
  86      6EEC085A 
  86      C75D05CD 
  86      84E0
  87 0183 9E823EFB 		.ascii	"\236\202>\373\263\005m*tc;\272\265#\364(\356+t\215\321"
  87      B3056D2A 
  87      74633BBA 
  87      B523F428 
  87      EE2B748D 
  88 0198 1F84E8A5 		.ascii	"\037\204\350\245\026\272\035\242\255n,\3731f\305\304"
  88      16BA1DA2 
  88      AD6E2CFB 
  88      3166C5C4 
  89 01a8 1E3C2418 		.ascii	"\036<$\030\212\331h\305DU\021\366_U\305\250\341\260"
  89      8AD968C5 
  89      445511F6 
  89      5F55C5A8 
  89      E1B0
  90 01ba AA3F718E 		.ascii	"\252?q\2162[l\373\321\262\305U\272C\266zIU\277}\004"
  90      325B6CFB 
  90      D1B2C555 
  90      BA43B67A 
  90      4955BF7D 
  91 01cf F6FF4640 		.ascii	"\366\377F@\020\022\217\266:y\275\271\371\324\241N\206"
  91      10128FB6 
  91      3A79BDB9 
  91      F9D4A14E 
  91      86
  92 01e0 72EC72F0 		.ascii	"r\354r\360Xu\3023 \347\350\332\247W\221\337\3168\252"
  92      5875C233 
  92      20E7E8DA 
  92      A75791DF 
  92      CE38AA
  93 01f3 7027680C 		.ascii	"p'h\014\324\345\"\\zZ|A\376jsLU\242~\220\021b\230>\012"
  93      D4E5225C 
  93      7A5A7C41 
  93      FE6A734C 
ARM GAS  C:\Users\CYIRKO~1\AppData\Local\Temp\ccoAGiFU.s 			page 7


  93      55A27E90 
  94 020c 22C23DDA 		.ascii	"\"\302=\332\325}\2447\235L\237\350\0378\225\316t\247"
  94      D57DA437 
  94      9D4C9FE8 
  94      1F3895CE 
  94      74A7
  95 021e F89EC91E 		.ascii	"\370\236\311\036<\334\351f\262noO\237\233=\223\342\363"
  95      3CDCE966 
  95      B26E6F4F 
  95      9F9B3D93 
  95      E2F3
  96 0230 E4E99EBE 		.ascii	"\344\351\236\276\003)!\223\003Y=\231\356\317\376\002"
  96      03292193 
  96      03593D99 
  96      EECFFE02 
  97 0240 F9EC1011 		.ascii	"\371\354\020\021"
  98              		.text
  99              		.section	.gnu.lto_palSetBusMode.94b0499f,"",%progbits
 100 0000 789C9592 		.ascii	"x\234\225\222\315kSA\024\305\357\231\373\222\367b[\327"
 100      CD6B5341 
 100      14C5EF99 
 100      FB92F762 
 100      5BD7
 101 0012 825D6421 		.ascii	"\202]d!\204n|\350\242B\267\"\376\001n\\\024\244M\204"
 101      846E7CE8 
 101      A242B722 
 101      FE016E5C 
 101      14A44D84 
 102 0026 065A22C6 		.ascii	"\006Z\"\306\2563\215&\225\012\255Pj\254\030^\241\204"
 102      AE338D26 
 102      950AAD50 
 102      6AAC185E 
 102      A184
 103 0038 5AB5DF2A 		.ascii	"Z\265\337*\304R\010\335\010~\322n\265(*B\321\202\342"
 103      C45208DD 
 103      087ED26E 
 103      B5282A42 
 103      D182E2
 104 004b C28DADDE 		.ascii	"\302\215\255\336;\321\205\356:03wf\356\371\315\235\303"
 104      3BD185EE 
 104      3A303377 
 104      66EEF9CD 
 104      9DC3
 105 005d C4C850C6 		.ascii	"\304\310P\306\020u\021\321a\351`\202\271\376\222h(0"
 105      107511D1 
 105      61E96082 
 105      B9FE9268 
 105      2830
 106 006f 80063600 		.ascii	"\200\0066\000\025\014\012\030\343\012c}\370S\335t\314"
 106      150C0A18 
 106      E30A637D 
 106      F853DD74 
 106      CC
 107 0080 58698DCA 		.ascii	"Xi\215\312\246_\266\245C\021\023MJ\327\206\031tH\326"
 107      A65FB6A5 
 107      4311134D 
 107      4AD78619 
ARM GAS  C:\Users\CYIRKO~1\AppData\Local\Temp\ccoAGiFU.s 			page 8


 107      7448D6
 108 0093 C695C5DB 		.ascii	"\306\225\305\333<\312\021\003\236,\277\275\270\365\341"
 108      3CCA1103 
 108      9E2CBFBD 
 108      B8F5E1
 109 00a2 A02E0D92 		.ascii	"\240.\015\222\262,mT\312\314\307A\022o\275}7\033\244"
 109      B22C6D54 
 109      CACCC741 
 109      126FBD7D 
 109      371BA4
 110 00b5 6AD6166D 		.ascii	"j\326\026m\343\3158\333#\0213\356\202\005\210Y\264\343"
 110      E3CD38DB 
 110      231133EE 
 110      82058859 
 110      B4E3
 111 00c7 0EDA49B6 		.ascii	"\016\332I\266\010\367\220\222\364\357+\265\361\026\356"
 111      08F79092 
 111      F4EF2BB5 
 111      F116EE
 112 00d6 74D267A3 		.ascii	"t\322g\243kg\377(\237O8\245\207\373\377+=\302\034R\232"
 112      6B67FF28 
 112      9F4F38A5 
 112      87FBFF2B 
 112      3DC21C52 
 113 00eb FE7E696F 		.ascii	"\376~io\242-\356M\377\255\026\363\210C\346\205M4\354"
 113      A22DEE4D 
 113      FFAD16F3 
 113      8843E685 
 113      4D34EC
 114 00fe DEAF61DB 		.ascii	"\336\257a\333\370Y\303\326\351\204<[\356b\321\306<\031"
 114      F859C3D6 
 114      E9843C5B 
 114      EE62D1C6 
 114      3C19
 115 0110 E23119FC 		.ascii	"\3421\031\374\270F>\034\213FD\256\316\\c\2433o\243\370"
 115      B8463E1C 
 115      8B4644AE 
 115      CE5C63A3 
 115      336FA3F8 
 116 0124 787B27AD 		.ascii	"x{'\255\300*\253I7J\353\257|}/\273B\177<yz\2655BuHL"
 116      C02AAB49 
 116      374AEBAF 
 116      7C7D2FBB 
 116      427F3C79 
 117 013f 4B461C54 		.ascii	"KF\034T\305\207\005\251N\317j\037\213\363~8g\233G\011"
 117      C58705A9 
 117      4ECF6A1F 
 117      8BF37E38 
 117      679B4709 
 118 0153 2C22C24D 		.ascii	",\"\302Mg&\226\020\222\242\023M\260\267/\322\001,;\222"
 118      67269610 
 118      92A2134D 
 118      B0B72FD2 
 118      012C3B92 
 119 0167 BE102BFF 		.ascii	"\276\020+\377\222b\373\"\265\340\201#\031%=t\244\313"
 119      9262FB22 
 119      B5E08123 
ARM GAS  C:\Users\CYIRKO~1\AppData\Local\Temp\ccoAGiFU.s 			page 9


 119      19253D74 
 119      A4CB
 120 0179 5FCB68A2 		.ascii	"_\313h\242\264.\001\322g\224\223\272\243\362z\375\313"
 120      B42E01D2 
 120      679493BA 
 120      A3F27AFD 
 120      CB
 121 018a 6BBFB06B 		.ascii	"k\277\260k\203\210['\265\000<B\201\304\031\227\356G"
 121      83885B27 
 121      B5003C42 
 121      81C41997 
 121      EE47
 122 019c DC463B28 		.ascii	"\334F;(N\255\2169\206\3736#\222&N\312\025\341\251\256"
 122      4EAD8E39 
 122      86FB3623 
 122      92264ECA 
 122      15E1A9AE 
 123 01b0 EE937DD9 		.ascii	"\356\223}\331\336\354\231K\203\231l\256;\255q.\177\354"
 123      DEEC994B 
 123      83996CAE 
 123      3BAD712E 
 123      7FEC
 124 01c2 446798CB 		.ascii	"Dg\230\313\207}=\375a\376bZ\347s\027z\372\217\246\211"
 124      877D3DFD 
 124      61FE625A 
 124      E773177A 
 124      FA8FA689 
 125 01d6 7B07F3DE 		.ascii	"{\007\363\336@.s\3767\254/\315\203"
 125      402E73FE 
 125      37AC2FCD 
 125      83
 126              		.text
 127              		.section	.gnu.lto_.symbol_nodes.94b0499f,"",%progbits
 128 0000 789C6365 		.ascii	"x\234ce`b\010d\000\002\2469L\365\014\014\023\31610\000"
 128      60620864 
 128      0002A639 
 128      4CF50C0C 
 128      13CE3130 
 129 0015 A95D0D8E 		.ascii	"\251]\015\216@\221\271L\365\214\250\"\363\230\352\231"
 129      4091B94C 
 129      F58CA822 
 129      F398EA99 
 130 0025 50441817 		.ascii	"PD\030\0272\3253\203E\030\030\032\032\034\030\030\230"
 130      32D53383 
 130      4518181A 
 130      1A1C1818 
 130      98
 131 0036 99981996 		.ascii	"\231\230\031\226<\374\307\310\000\000A\023\024\024"
 131      3CFCC7C8 
 131      00004113 
 131      1414
 132              		.text
 133              		.section	.gnu.lto_.refs.94b0499f,"",%progbits
 134 0000 789C6365 		.ascii	"x\234ce`b`d\000\002\000\000I\000\011"
 134      60626064 
 134      00020000 
 134      490009
ARM GAS  C:\Users\CYIRKO~1\AppData\Local\Temp\ccoAGiFU.s 			page 10


 135              		.text
 136              		.section	.gnu.lto_.decls.94b0499f,"",%progbits
 137 0000 789CAD58 		.ascii	"x\234\255X{P\024G\032\237oz\027\226aA\013\274\234U1"
 137      7B501447 
 137      1A9F6F7A 
 137      17966141 
 137      0BBC9C55 
 138 0015 292E4574 		.ascii	").Et\357\352\"\002Wz\225G\225\227h\036\025sXkb\356\352"
 138      EFEA2202 
 138      577A9547 
 138      9597681E 
 138      1573586B 
 139 002c A8DA4258 		.ascii	"\250\332BX#u\310z\354rU\371\353\006\226\004\337\202"
 139      2375C87A 
 139      EC7255F9 
 139      EB069604 
 139      DF82
 140 003e 1A147C1C 		.ascii	"\032\024|\034\202/\300\007\032_\010(\007\210\012\342"
 140      822FC007 
 140      1A5F0828 
 140      07880AE2 
 141 004e 83A83C04 		.ascii	"\203\250<\004A\021\037\201(\002A\304(\367u\367\354\316"
 141      41111F81 
 141      280241C4 
 141      28F775F7 
 141      ECCE
 142 0060 B8D94DAE 		.ascii	"\270\331M\256\3522EOO\367\374\276\357\373}\217\356\351"
 142      EA32454F 
 142      4FF7FCBE 
 142      EFFB7D8F 
 142      EEE9
 143 0072 452F8842 		.ascii	"E/\210B`\250 \370\023A\220A\020\306\360\322\011\202"
 143      60A820F8 
 143      13419041 
 143      10C6F0D2 
 143      0982
 144 0084 B057502F 		.ascii	"\260WP/:\016\304w\343\261M\304\3662\010?\272~-\012\202"
 144      3A0EC477 
 144      E3B14DC4 
 144      F632083F 
 144      BA7E2D0A 
 145 0099 11FB106C 		.ascii	"\021\373\020l\023\260\225a3 n\010\373)\330b\260\371"
 145      13B09561 
 145      33206E08 
 145      FB29D862 
 145      B0F9
 146 00ab E3F811F6 		.ascii	"\343\370\021\366\003\330N`{\246\350\006\234\357\245"
 146      03D84E60 
 146      7BA6E806 
 146      9CEFA5
 147 00ba 4AB01781 		.ascii	"J\260\027\201u\314\036\355_\363\260\365\033\264\023"
 147      75CC1EED 
 147      5FF3B0F5 
 147      1BB413
 148 00c9 8CFD7C8D 		.ascii	"\214\375|\215-j\207\332\363f\353\231b\257U\261\251W"
 148      2D6A87DA 
 148      F366EB99 
ARM GAS  C:\Users\CYIRKO~1\AppData\Local\Temp\ccoAGiFU.s 			page 11


 148      62AF55B1 
 148      A957
 149 00db EC513BD4 		.ascii	"\354Q;\324\300}\354Z\370#\363\217\366Q\0366#}\330\014"
 149      C07DEC5A 
 149      F823F38F 
 149      F6511E36 
 149      237DD80C 
 150 00ef F5E15F99 		.ascii	"\365\341_\231b7\032\307/a#\0366Q\235;\216t\352\015\017"
 150      62371AC7 
 150      2F61231E 
 150      36519D3B 
 150      8E74EA0D 
 151 0104 7B1B081C 		.ascii	"{\033\010\034YU[)^\207v@,\214g\263\000\374\016\254\261"
 151      59555B29 
 151      5E877640 
 151      2C8C67B3 
 151      00FC0EAC 
 152 0119 E198EB02 		.ascii	"\341\230\353\002`\3638+\012\212R\327\024\270$\224\261"
 152      60F3382B 
 152      0A8A52D7 
 152      14B82494 
 152      B1
 153 012a A80C4545 		.ascii	"\250\014EE%\373S\204A\243\221\277\346\226\\\027\247"
 153      25FB5384 
 153      41A391BF 
 153      E6965C17 
 153      A7
 154 013b CF1F9898 		.ascii	"\317\037\230\230K\032D\325\000\200V@\243\220\323V\336"
 154      4B1A44D5 
 154      00805640 
 154      A390D356 
 154      DE
 155 014c BBF909AA 		.ascii	"\273\371\011\252s\340\362\376a\356\271\333R't\320\331"
 155      73E0F2FE 
 155      61EEB9DB 
 155      522774D0 
 155      D9
 156 015d FC99C0E6 		.ascii	"\374\231\300\346n4U<5\020\014!>w>\336\375\356\324=2"
 156      6E34553C 
 156      35100C21 
 156      3E773EDE 
 156      FDEED43D 
 157 0172 BF0C2FA9 		.ascii	"\277\014/\251a\273\224Q\272\231\254&\020\"\201\216\352"
 157      61BB9451 
 157      BA99AC26 
 157      1022818E 
 157      EA
 158 0183 69CCEB0E 		.ascii	"i\314\353\016\306\341\004\011\302p\230W>T\257\347o\015"
 158      C6E10409 
 158      C2709857 
 158      3E54AFE7 
 158      6F0D
 159 0195 381CDB59 		.ascii	"8\034\333Y\272\314@^`\032;\316\024\225P\301)\022P\262"
 159      BACC405E 
 159      601A3BCE 
 159      149550C1 
 159      291250B2 
ARM GAS  C:\Users\CYIRKO~1\AppData\Local\Temp\ccoAGiFU.s 			page 12


 160 01a9 E3706A7F 		.ascii	"\343pj\177_\331\343 >E\021Mk\006\266\373\223\027\351"
 160      5FD9E320 
 160      3E45114D 
 160      6B06B6FB 
 160      9317E9
 161 01bc B3985BDF 		.ascii	"\263\230[\337\\\255\003\223\264\223\332\257z44%;S\226"
 161      5CAD0393 
 161      B493DAAF 
 161      7A343425 
 161      3B5396
 162 01cf 45F81A24 		.ascii	"E\370\032$8\000\004\212a*\365f\212\204\367\245\262\234"
 162      3800048A 
 162      612AF566 
 162      8A84F7A5 
 162      B29C
 163 01e1 2E6739E5 		.ascii	".g9\345\200\367\005\330\003\223\240\004&\011p\020LT"
 163      80F705D8 
 163      0393A004 
 163      26097010 
 163      4C54
 164 01f3 2DC54129 		.ascii	"-\305A)N\356\307I4Q\264=\273\300\217\254\002f\243\356"
 164      4EEEC749 
 164      3451B43D 
 164      BBC08FAC 
 164      0266A3EE 
 165 0207 C4B5161D 		.ascii	"\304\265\026\035H&\257\012\216xQ\240\220)~\245\356\013"
 165      4826AF0A 
 165      8E7851A0 
 165      90297EA5 
 165      EE0B
 166 0219 4AE63092 		.ascii	"J\3460\2229\244\222An<D\031\265\303\331Ad\200\033Y}"
 166      39A49241 
 166      6E3C4419 
 166      B5C3D941 
 166      64801B59 
 167 022e EAF463BD 		.ascii	"\352\364c\275\333\221\261\223o^\270,\313aP\206\262G"
 167      DB91B193 
 167      6F5EB82C 
 167      CB615086 
 167      B247
 168 0240 55D9C3E0 		.ascii	"U\331\303\340\323\223c\336=\271\362p '\230\324\361l"
 168      D39363DE 
 168      3DB9F270 
 168      202798D4 
 168      F16C
 169 0252 6D1AECB8 		.ascii	"m\032\354\270\027\300\303n\322$%\204'ed\333\255\265"
 169      17C0C36E 
 169      D2242584 
 169      276564DB 
 169      ADB5
 170 0264 2269E4D0 		.ascii	"\"i\344\320\245{V\327\020\011-9\377'\227Q\242tl}W\020"
 170      A57B56D7 
 170      10092D39 
 170      FF279751 
 170      A2746C7D 
 171 027a 69E2E2F7 		.ascii	"i\342\342\3673z\272\002\271\352\2118\334;\322yDO\232"
 171      337ABA02 
ARM GAS  C:\Users\CYIRKO~1\AppData\Local\Temp\ccoAGiFU.s 			page 13


 171      B9EA8938 
 171      DC3BD279 
 171      444F9A
 172 028d F9BB55EB 		.ascii	"\371\273U\353\253\253u\244\235\017\012s\2633\365\344"
 172      ABAB75A4 
 172      9D0F0A73 
 172      B333F5E4 
 173 029d 061F14AD 		.ascii	"\006\037\024\255\315*\225H7\0374\365\237\333\022\310"
 173      CD2A9548 
 173      371F34F5 
 173      9FDB12C8 
 174 02ad 4B663C0E 		.ascii	"Kf<\016O\215=\252\032\3075\2128\334X\334<\032@z8t\307"
 174      4F8D3DAA 
 174      1AC7358A 
 174      38DC58DC 
 174      3C1A407A 
 175 02c4 E8937E5A 		.ascii	"\350\223~Z3\223i\315\020M\305L\346\025s\262\341\354"
 175      339369CD 
 175      104DC54C 
 175      E61573B2 
 175      E1EC
 176 02d6 4E23E965 		.ascii	"N#\351e`1k[\311\212\000W:\321=\275I\200S\350F\035\365"
 176      60316B5B 
 176      C98A0057 
 176      3AD13DBD 
 176      498053E8 
 177 02ed ED1CFA36 		.ascii	"\355\034\3726Y\361\355,N\236Q\323y\350\3452Y\036\017"
 177      59F1ED2C 
 177      4E9E51D3 
 177      79E8E532 
 177      591E0F
 178 0300 0D98917A 		.ascii	"\015\230\221z5#\223\225d\236\310\276v[\"\303\334\304"
 178      35239395 
 178      649EC8BE 
 178      765B22C3 
 178      DCC4
 179 0312 0FCE9C07 		.ascii	"\017\316\234\007\232\252,\216\252e\205p\001E\033U\321"
 179      9AAA2C8E 
 179      AA658570 
 179      01451B55 
 179      D1
 180 0323 0635999E 		.ascii	"\0065\231\2364\316{\241\201F\322G\012*\014d\214\031"
 180      34CE7BA1 
 180      8146D247 
 180      0A2A0C64 
 180      8C19
 181 0335 D10D0EAF 		.ascii	"\321\015\016\257l\223 4<\334\224M\315d\311\362LQ\315"
 181      6C932034 
 181      3CDC944D 
 181      CD64C9F2 
 181      4C51CD
 182 0348 92009720 		.ascii	"\222\000\227 \224*\200\313\250\353\033\010\207&\010"
 182      942A80CB 
 182      A8EB1B08 
 182      872608
 183 0357 678BB380 		.ascii	"g\213\263\200\032\304\012\013\257\034\350\222\345\345"
 183      1AC40A0B 
ARM GAS  C:\Users\CYIRKO~1\AppData\Local\Temp\ccoAGiFU.s 			page 14


 183      AF1CE892 
 183      E5E5
 184 0365 4646EB34 		.ascii	"FF\3534\322\242\002n\006\021T\305)\252H\021\250~k\243"
 184      D2A2026E 
 184      061154C5 
 184      29AA4811 
 184      A87E6BA3 
 185 0379 5C954E18 		.ascii	"\\\225N\030\372\242Wt$\005s\227\237UH\270\035P\214\240"
 185      FAA25774 
 185      24057397 
 185      9F5548B8 
 185      1D508CA0 
 186 038d 78CBB705 		.ascii	"x\313\267\005\335\345\353\367\327\002\204O0\205\027"
 186      DDE5EBF7 
 186      D702844F 
 186      308517
 187 039c 30E0D5CA 		.ascii	"0\340\325\312\3404\246\226\252\253E\265Wa\202Zi\252"
 187      E034A696 
 187      AAAB45B5 
 187      5761825A 
 187      69AA
 188 03ae DAB5CC45 		.ascii	"\332\265\314E\247<S\247u\221\202\251\213\315\350b\013"
 188      A73C53A7 
 188      759182A9 
 188      8BCDE862 
 188      0B
 189 03bf BA784571 		.ascii	"\272xEq\221\223\270_11M\226\201\242\264,\270;\303\025"
 189      9193B85F 
 189      31314D96 
 189      81A2B42C 
 189      B83BC315 
 190 03d3 21EB9CF2 		.ascii	"!\353\234\362\231ilu\326\3706\214Q\037\250h8'N@\006"
 190      99696C75 
 190      D6F8368C 
 190      511FA868 
 190      38274E40 
 191 03e8 693E1908 		.ascii	"i>\031\010\317\231\327\024o\010/\336\214\232+\207\215"
 191      CF99D714 
 191      6F082FDE 
 191      8C9A2B87 
 191      8D
 192 03f9 C4495835 		.ascii	"\304IX5\3664\354O7\220L>\330\332\270\257AOV\360Ay\311"
 192      F634EC4F 
 192      37904C3E 
 192      D8DAB8AF 
 192      414F56F0 
 193 0410 BE269164 		.ascii	"\276&\221d\363\301\236\262\376\025@r\371\340a\346~\007"
 193      F3C19EB2 
 193      FE154072 
 193      F9E061E6 
 193      7E07
 194 0422 C9E7CF19 		.ascii	"\311\347\317\031[\262.\210\\\367\357q\230\263ls\227"
 194      5BB22E88 
 194      5CF7EF71 
 194      98B36C73 
 194      97
 195 0433 8EAF932E 		.ascii	"\216\257\223.\2722\016^\335]n ;\0316(\253(\353\250\004"
ARM GAS  C:\Users\CYIRKO~1\AppData\Local\Temp\ccoAGiFU.s 			page 15


 195      BA320E5E 
 195      DD5D6E20 
 195      3B193628 
 195      AB28EBA8 
 196 0448 E1788586 		.ascii	"\341x\205\206\363\313T g81\235o\346\312U\031X\267\350"
 196      F3CB5420 
 196      6738319D 
 196      6FE6CA55 
 196      1958B7E8 
 197 045c 7E27BA7F 		.ascii	"~'\272\177\027\343\377\274\373{\224\344S\364\350[*\272"
 197      17E3FFBC 
 197      FB7B94E4 
 197      53F4E85B 
 197      2ABA
 198 046e DB135D0E 		.ascii	"\333\023]\016\356hq\364\267\032\364IOt\205'z@\203\256"
 198      EE6871F4 
 198      B71AF449 
 198      4F748527 
 198      7A4083AE 
 199 0482 F48EE654 		.ascii	"\364\216\346T\334e\216\031\270\211\200\033\354\335]"
 199      DC658E19 
 199      B889801B 
 199      ECDD5D
 200 0491 A5CCFBB1 		.ascii	"\245\314\373\261\006\3720\011\267\260\335\303\366\035"
 200      06FA3009 
 200      B7B0DDC3 
 200      F61D
 201 049f B65E6C0F 		.ascii	"\266^l\017\260\335\307\366-\266\333\330\356`\353q/\005"
 201      B0DDC7F6 
 201      2DB6DBD8 
 201      EE60EB71 
 201      2F05
 202 04b1 4AA05E13 		.ascii	"J\240^\023\212\353\236\004\366z\322\275\251\241\373"
 202      8AEB9E04 
 202      F67AD2BD 
 202      A9A1FB
 203 04c0 1F4F7415 		.ascii	"\037Ot\025xF\256M\243\274\335\023\336\346\251|\364\015"
 203      7846AE4D 
 203      A3BCDD13 
 203      DEE6A97C 
 203      F40D
 204 04d2 15DDE535 		.ascii	"\025\335\3455+\032p\223Fu\207w\336n&\270\310\256WJ\034"
 204      2B1A7093 
 204      46758777 
 204      DE6E26B8 
 204      C8AE574A 
 205 04e7 DF8A355B 		.ascii	"\337\2125[\355\235\271F\373m\327\002\241\352\257yg\316"
 205      ED9DB946 
 205      FB6DD702 
 205      A1EAAF79 
 205      67CE
 206 04f9 D52BABAD 		.ascii	"\325+\253\255<\204\255\266\273\236k\036\252\032G\016"
 206      3C84ADB6 
 206      BB9E6B1E 
 206      AA1A470E 
 207 0509 E949312B 		.ascii	"\351I1+H\361\336\246\273%\376\020j\362\226L\030\304"
 207      48F1DEA6 
ARM GAS  C:\Users\CYIRKO~1\AppData\Local\Temp\ccoAGiFU.s 			page 16


 207      BB25FE10 
 207      6AF2964C 
 207      18C4
 208 051b 1CFE3FF9 		.ascii	"\034\376?\371\344L\352N\370\321\315g\000\025=Tw[\312"
 208      E44CEA4E 
 208      F8D1CD67 
 208      00153D54 
 208      775BCA
 209 052e 8BD1595E 		.ascii	"\213\321Y^\337\266&\330\270\334\375\015e@uE\017\201"
 209      DFB626D8 
 209      B8DCFD0D 
 209      65407545 
 209      0F81
 210 0540 511141EC 		.ascii	"Q\021A\354\321e\033\357\004\221\243\234\372\225\363"
 210      D1651BEF 
 210      0491A39C 
 210      FA95F3
 211 054f 0FCB82C1 		.ascii	"\017\313\202\301d\344V\316\267\215wR\177\037!\376{\325"
 211      64E456CE 
 211      B78D7752 
 211      7F1F21FE 
 211      7BD5
 212 0561 0C8A63E7 		.ascii	"\014\212c\347C;\014\243S\317\031xrw}+\360\265l\244\033"
 212      433B0CA3 
 212      53CF1978 
 212      72777D2B 
 212      F0B56CA4 
 213 0576 7C796BF6 		.ascii	"|yk\3668e-\323\327C\353\332:\203I5y\356d\024\363\343"
 213      38652DD3 
 213      D743EBDA 
 213      3A834935 
 213      79EE6414 
 214 058c 93510CFF 		.ascii	"\223Q\014\377\316\365]\274\360\015\220\263\234n\355"
 214      CEF55DBC 
 214      F00D90B3 
 214      9C6EED
 215 059b D6EE837E 		.ascii	"\326\356\203~\276\216-cH$F\371\300\374\200\223O\324"
 215      BE8E2D63 
 215      482446F9 
 215      C0FC8093 
 215      4FD4
 216 05ad EFDC68D4 		.ascii	"\357\334h\3240;C=\303\274?U\035\213\341\037:\375\345"
 216      303B433D 
 216      C3BC3F55 
 216      1D8BE11F 
 216      3AFDE5
 217 05c0 CAFA8D7A 		.ascii	"\312\372\215z\272\243\204\232\370N\372`\0259\266\343"
 217      BAA3849A 
 217      F84EFA60 
 217      1539B6E3 
 218 05d0 FC4A39BF 		.ascii	"\374J9\277\032\230\314(\3128E_K\210J\014\374\226\027"
 218      1A98CC28 
 218      CA38455F 
 218      4B884A0C 
 218      FC9617
 219 05e3 220DDD71 		.ascii	"\"\015\335qOt\204\007\370\346\3578\230\236\204\366y"
 219      4F748407 
ARM GAS  C:\Users\CYIRKO~1\AppData\Local\Temp\ccoAGiFU.s 			page 17


 219      F8E6EF38 
 219      989E84F6 
 219      79
 220 05f4 05FF7877 		.ascii	"\005\377xwx\214\357G\230U\212\246\325\224!\232 M\014"
 220      788CEF47 
 220      98558AA6 
 220      D594219A 
 220      204D0C
 221 0607 87746CB2 		.ascii	"\207tl\262\250\255\226\253E\274n\021\351Q\267\217\213"
 221      A8AD96AB 
 221      45BC6E11 
 221      E951B78F 
 221      8B
 222 0618 068708B9 		.ascii	"\006\207\010\271\241\343\347\263\373#y\0060\205*\311"
 222      A1E3E7B3 
 222      FB237906 
 222      30852AC9 
 223 0628 2F612596 		.ascii	"/a%\226\211\332\277\020\335!\242*\274\023\201/\321\376"
 223      89DABF10 
 223      DD21A22A 
 223      BC13812F 
 223      D1FE
 224 063a 4F714173 		.ascii	"OqAsW\263V\357\016\324\326e\246\250\255\313\245\242"
 224      57B356EF 
 224      0ED4D665 
 224      A6A8ADCB 
 224      A5A2
 225 064c 51011E6F 		.ascii	"Q\001\036o\351\275%\352D>\007\013ttn\305\232\312\355"
 225      E9BD25EA 
 225      443E070B 
 225      74746EC5 
 225      9ACAED
 226 065f 011373D8 		.ascii	"\001\023s\3301\334)\217\027Y\270\\\237g\001\226\213"
 226      31DC298F 
 226      1759B85C 
 226      9F670196 
 226      8B
 227 0670 13F1BE4C 		.ascii	"\023\361\276L\324q\015K\333\217\235\206W\362\345\374"
 227      D4710D4B 
 227      DB8F9D86 
 227      57F2E5FC 
 228 0680 2E3C086C 		.ascii	".<\010l&\313jNc\372`&\205A\221\232r|\304\373n\374>\300"
 228      26CB6A4E 
 228      63FA6026 
 228      8541919A 
 228      727CC4FB 
 229 0698 2EDC1905 		.ascii	".\334\031\005X!\276\202\322\2736:\033\002\311\006=+"
 229      5821BE82 
 229      D2BB363A 
 229      1B02C906 
 229      3D2B
 230 06aa B9BC8EF6 		.ascii	"\271\274\216\366[\022#C-r2\227:\316\235\325\271\011"
 230      5B122343 
 230      2D723297 
 230      3ACE9DD5 
 230      B909
 231 06bc AE12D9E4 		.ascii	"\256\022\331\3447\345\273\252\014Z\206\363_\320\020"
ARM GAS  C:\Users\CYIRKO~1\AppData\Local\Temp\ccoAGiFU.s 			page 18


 231      37E5BBAA 
 231      0C5A86F3 
 231      5FD010
 232 06cb 5CC308AE 		.ascii	"\\\303\010\256v\021\274\222\336PF\024\202W7\031\261"
 232      7611BC92 
 232      DE504614 
 232      82573719 
 232      B1
 233 06dc 02F08C84 		.ascii	"\002\360\214\2045\2110X\251\006\034\037\237'\230\305"
 233      35893058 
 233      A9061C1F 
 233      9F2798C5 
 234 06ec 083EBDDE 		.ascii	"\010>\275\336= \222BN\260\270\261\350\007\0359\300\006"
 234      3D209242 
 234      4EB0B8B1 
 234      E8071D39 
 234      C006
 235 06fe E2AAEACD 		.ascii	"\342\252\352\315}F_kb\275\350\353(?vrZ\013;\216\257"
 235      7D465F6B 
 235      62BDE8EB 
 235      283F7672 
 235      5A0B3B8E 
 236 0713 1325582B 		.ascii	"\023%X+z\034\307iJ\326\354\030!\314c\212\340Q\350\224"
 236      7A1CC769 
 236      4AD6EC18 
 236      21CC638A 
 236      E051E894 
 237 0727 07FA883B 		.ascii	"\007\372\210;\012_\361(\364<\030\335\340\3573\012\033"
 237      0A5FF128 
 237      F43C18DD 
 237      E0EF330A 
 237      1B
 238 0738 5814725C 		.ascii	"X\024r\\Q8\266\251}\253\277\232\246{5=\262,\351(\012"
 238      5138B6A9 
 238      7DABBF9A 
 238      A67B353D 
 238      B22CE928 
 239 074d B25512D9 		.ascii	"\262U\022\331\236A\330\310\202\360\335\016\347\272q"
 239      9E41D8C8 
 239      82F0DD0E 
 239      E7BA71
 240 075c E4380F82 		.ascii	"\3448\017\2027~\337g\366\234\007w\346\3628\277m-\335"
 240      377EDF67 
 240      F69C0777 
 240      E6F238BF 
 240      6D2DDD
 241 076f 5B82D924 		.ascii	"[\202\331$]\234\233\370\344\371\234\035\365\304'\351"
 241      5D9C9BF8 
 241      E4F99C1D 
 241      F5C427E9 
 242 077f 2D8CF466 		.ascii	"-\214\364f\027\351\207\227\372\366\372!\351.\036\267"
 242      17E98797 
 242      FAF6FA21 
 242      E92E1EB7 
 243 078f 95CEBA95 		.ascii	"\225\316\272\225\3626`0\310UY\347R\326\364a+c[\275}"
 243      F2366030 
 243      C85559E7 
ARM GAS  C:\Users\CYIRKO~1\AppData\Local\Temp\ccoAGiFU.s 			page 19


 243      52D6F461 
 243      2B635BBD 
 244 07a4 E87210B9 		.ascii	"\350r\020\271\310\3316\267f\224)\233b \335\204o|u2\200"
 244      C8D936B7 
 244      6694299B 
 244      6220DD84 
 244      6F7C7532 
 245 07b9 6F8A2D8C 		.ascii	"o\212-\214c\343`\216D\256s\354\323\376\213O\215\034"
 245      63E3608E 
 245      44AE73EC 
 245      D3FE8B4F 
 245      8D1C
 246 07cb 2B5147D3 		.ascii	"+QG\323K"
 246      4B
 247 07d0 3BF5F467 		.ascii	";\365\364g\213\254,\"\234W\327\320v\021\363\205\233"
 247      8BAC2C22 
 247      9C57D7D0 
 247      7611F385 
 247      9B
 248 07e1 06148AFC 		.ascii	"\006\024\212\374\307\321H\345\250\221\334a\232t]\205"
 248      C7D148E5 
 248      A891DC61 
 248      9A745D85 
 249 07f1 03BD7E60 		.ascii	"\003\275~`\232\004 a\333\351\372M\213\241\305\220\355"
 249      9A042061 
 249      DBE9FA4D 
 249      8BA1C590 
 249      ED
 250 0802 50E8E295 		.ascii	"P\350\342\225'\243\372\376\177\321i~x\357/\220\311D"
 250      27A3FAFE 
 250      7FD1697E 
 250      78EF2F90 
 250      C944
 251 0814 01A227C1 		.ascii	"\001\242'\3014\254\242\235XE\273\231\235\"q\022\354"
 251      34ACA29D 
 251      5845BB99 
 251      9D227112 
 251      EC
 252 0825 424379B8 		.ascii	"BCy\270S\320\0314\330\272z\270]\027\222\245\354\020"
 252      53D01934 
 252      D8BA7AB8 
 252      5D1792A5 
 252      EC10
 253 0837 61C0746F 		.ascii	"a\300toC\\\276H\371\025\213!.\226\024\235\325\270mS"
 253      435CBE48 
 253      F9158B21 
 253      2E96149D 
 253      D5B86D53 
 254 084b 80A4D858 		.ascii	"\200\244\330X\372\2236\020]\323:T\021\244\325]\362S"
 254      FA933610 
 254      5DD33A54 
 254      11A4D55D 
 254      F253
 255 085d BACF74F6 		.ascii	"\272\317t\366\026\004\276Z(_\254b\265\265\242;CN\373"
 255      1604BE5A 
 255      285FAC62 
 255      B5B5A23B 
ARM GAS  C:\Users\CYIRKO~1\AppData\Local\Temp\ccoAGiFU.s 			page 20


 255      434EFB
 256 0870 12B7C13D 		.ascii	"\022\267\301=b\010\024`\232p\251k\204\377\2153\037\343"
 256      62081460 
 256      9A70A96B 
 256      84FF8D33 
 256      1FE3
 257 0882 AF8BBDE2 		.ascii	"\257\213\275\342\253\224W\335\326\333F\322\307\023\220"
 257      AB9457DD 
 257      D6DB46D2 
 257      C71390
 258 0891 D5D0F917 		.ascii	"\325\320\371\027\237\001\337\357\012x>\347\2306X\330"
 258      9F01DFEF 
 258      0A783EE7 
 258      983658D8 
 259 08a1 1BE4E9BF 		.ascii	"\033\344\351\277\272[\2272\216\373]\034\233\363\357"
 259      BA5B9732 
 259      8EFB5D1C 
 259      9BF3EF
 260 08b0 D41A3D3D 		.ascii	"\324\032==\362\211\276\265\375\351\327\376\212G7_L\313"
 260      F289BEB5 
 260      FDE9D7FE 
 260      8A47375F 
 260      4CCB
 261 08c2 AF4A0B83 		.ascii	"\257J\013\203\003\2127\270/h\004\367)\336\034d\336\234"
 261      038A37B8 
 261      2F6804F7 
 261      29DE1C64 
 261      DE9C
 262 08d4 395D7D85 		.ascii	"9]}\205h\367]Z\251\252\013_\363}\227\366\010.\271W\327"
 262      68F75D5A 
 262      A9AA0B5F 
 262      F37D97F6 
 262      082EB957 
 263 08e9 348E8C2A 		.ascii	"4\216\214*\265\327\236\366L9\210\007\323\377b\334k-"
 263      B5D79EF6 
 263      4C398807 
 263      D3FF62DC 
 263      6B2D
 264 08fb 54EAB49F 		.ascii	"T\352\264\237\375\264\375\266\254F\371'G\020\016\237"
 264      FDB4FDB6 
 264      AC46F927 
 264      47100E9F 
 265 090b D5F63707 		.ascii	"\325\3667\007\371\214\3241W\244\216\362H\255i\356H\017"
 265      F98CD431 
 265      57A48EF2 
 265      48AD69EE 
 265      480F
 266 091d F08CD411 		.ascii	"\360\214\324\021L\310a\226\2202\346\3731\227\357\265"
 266      4CC86196 
 266      9032E6FB 
 266      3197EFB5 
 267 092d 9733AE11 		.ascii	"\2273\256\021\317H\371D\017>\311~bT\"\325\3662\217\324"
 267      CF48F944 
 267      0F3EC97E 
 267      625422D5 
 267      F6328FD4 
 268 0941 712552B8 		.ascii	"q%R\270yh\004\017)\221*\027_\025\244%qIfk\\\302\333"
ARM GAS  C:\Users\CYIRKO~1\AppData\Local\Temp\ccoAGiFU.s 			page 21


 268      7968040F 
 268      29912A17 
 268      5F15A425 
 268      7149666B 
 269 0958 A976C37B 		.ascii	"\251v\303{\177\376$\354\235\310HA\2678\316\376w\311"
 269      7FFE24EC 
 269      9DC84841 
 269      B738CEFE 
 269      77C9
 270 096a 62494D4C 		.ascii	"bIMLvDGY\034\013\255\257\307\306/J\\\220hw\244&$\332"
 270      76444759 
 270      1C0BADAF 
 270      C7C62F4A 
 270      5C906877 
 271 0982 621D365B 		.ascii	"b\0356[\222=\366\263\344\3240\366\024\026\227\2628\314"
 271      923DF6B3 
 271      E4D430F6 
 271      141697B2 
 271      38CC
 272 0994 BA788135 		.ascii	"\272x\2015!\301\232\020;}jtX\324\264\310\031\377\210"
 272      21C19A10 
 272      3B7D6A74 
 272      58D4B4C8 
 272      19FF88
 273 09a7 8CC5F9D7 		.ascii	"\214\305\371\327\222m\311\326\327\254q\013\022c\023"
 273      926DC9D6 
 273      D7AC710B 
 273      126313
 274 09b6 93E39352 		.ascii	"\223\343\223R\023\254\261\213\343PW\2625\326\222`]\030"
 274      13ACB18B 
 274      E35057B2 
 274      35D69260 
 274      5D18
 275 09c8 979AE4B0 		.ascii	"\227\232\344\2608>_b\265O]$\030\\\366\376\366\213\332"
 275      383E5F62 
 275      B54F5D24 
 275      185CF6FE 
 275      F68BDA
 276 09db B37F6E8F 		.ascii	"\263\177n\217\265\330\035\011\250\034\215\030\023mK"
 276      B5D81D09 
 276      A81C8D18 
 276      136D4B
 277 09ea 6C290EEA 		.ascii	"l)\016\352\241\305\361\356\354\327c\337\241\206\346"
 277      A1C5F1EE 
 277      ECD763DF 
 277      A186E6
 278 09f9 7143CCA8 		.ascii	"qC\314\250\315\0369cz\204\315\036\261(.)\202b\355\021"
 278      CD1E3963 
 278      7A84CD1E 
 278      B1282E29 
 278      8262ED11 
 279 0a0d F33EFE28 		.ascii	"\363>\376(:*b\316\234Y\021\357\315\375 \346\237Q\364"
 279      3A2A62CE 
 279      9C5911EF 
 279      CDFD20E6 
 279      9F51F4
 280 0a20 95050367 		.ascii	"\225\005\003gIJJ@\235~\024\225\230\240\373\323\273\346"
ARM GAS  C:\Users\CYIRKO~1\AppData\Local\Temp\ccoAGiFU.s 			page 22


 280      494A4A40 
 280      9D7E1495 
 280      98A0FBD3 
 280      BBE6
 281 0a32 F7E96D8E 		.ascii	"\367\351m\216n\316;\037\232uo\3173\233\341Sx_\037\237"
 281      6ECE3B1F 
 281      9A756FCF 
 281      339BE153 
 281      785F1F9F 
 282 0a46 648D4B51 		.ascii	"d\215KQ\342\0319\335\3420\270\036\210\335\352 1\263"
 282      E21939DD 
 282      E230B81E 
 282      88DDEA20 
 282      31B3
 283 0a58 CCE48359 		.ascii	"\314\344\203Yf\375\334O\346\3162\373\307\314\233;{\366"
 283      66FDDC4F 
 283      E6CE32FB 
 283      C7CC9B3B 
 283      7BF6
 284 0a6a 2CB35FCC 		.ascii	",\263_\314\307\177\235;\333\254\377(f\326l3y\333l6\332"
 284      C77F9D3B 
 284      DBACFF28 
 284      66D66C33 
 284      79DB6C36 
 285 0a7f 1D8B3136 		.ascii	"\035\21316\237-I\264Y\034\022w\"1\301\342\360\263-\\"
 285      9F2D49B4 
 285      591C1277 
 285      2231C1E2 
 285      F0B32D5C 
 286 0a93 885A8C54 		.ascii	"\210Z\214T\245ea\234\335\361G\213c\376/\033?W\350\242"
 286      A565619C 
 286      DDF1478B 
 286      63FE2F1B 
 286      3F57E8A2 
 287 0aa7 7F365A8A 		.ascii	"\1776Z\212\210+<(\243\377 \006++\342g%\355)\361n\251"
 287      882B3C28 
 287      A3FF2006 
 287      2B2BE267 
 287      25ED29F1 
 288 0abd 782110BB 		.ascii	"x!\020\273OS\022\035V\224\015\302\347yV\007>}dK\260"
 288      4F53121D 
 288      56940DC2 
 288      E7795607 
 288      3E7D644B 
 289 0ad2 1A126D8B 		.ascii	"\032\022m\213\261\2638~\345\212\277\005\275\377,\305"
 289      B1B3387E 
 289      E58ABF05 
 289      BDFF2CC5 
 290 0ae2 96BA84CE 		.ascii	"\226\272\204\316\007Y,\013S\223\343-\226\2513\246GG"
 290      07592C0B 
 290      5393E32D 
 290      96A933A6 
 290      4747
 291 0af4 195C235D 		.ascii	"\031\\#]\374\242\270\224\347\336\315\320\216\376\020"
 291      FCA2B894 
 291      E7DECDD0 
 291      8EFE10
ARM GAS  C:\Users\CYIRKO~1\AppData\Local\Temp\ccoAGiFU.s 			page 23


 292 0b03 F55F8C83 		.ascii	"\365_\214\203a\347"
 292      61E7
 293              		.text
 294              		.section	.gnu.lto_.symtab.94b0499f,"",%progbits
 295 0000 70616C52 		.ascii	"palReadBus\000"
 295      65616442 
 295      757300
 296 000b 00       		.ascii	"\000"
 297 000c 00       		.ascii	"\000"
 298 000d 00       		.ascii	"\000"
 299 000e 00000000 		.ascii	"\000\000\000\000\000\000\000\000"
 299      00000000 
 300 0016 0B010000 		.ascii	"\013\001\000\000"
 301 001a 70616C57 		.ascii	"palWriteBus\000"
 301      72697465 
 301      42757300 
 302 0026 00       		.ascii	"\000"
 303 0027 00       		.ascii	"\000"
 304 0028 00       		.ascii	"\000"
 305 0029 00000000 		.ascii	"\000\000\000\000\000\000\000\000"
 305      00000000 
 306 0031 10010000 		.ascii	"\020\001\000\000"
 307 0035 70616C53 		.ascii	"palSetBusMode\000"
 307      65744275 
 307      734D6F64 
 307      6500
 308 0043 00       		.ascii	"\000"
 309 0044 00       		.ascii	"\000"
 310 0045 00       		.ascii	"\000"
 311 0046 00000000 		.ascii	"\000\000\000\000\000\000\000\000"
 311      00000000 
 312 004e 18010000 		.ascii	"\030\001\000\000"
 313 0052 5F70616C 		.ascii	"_pal_lld_setgroupmode\000"
 313      5F6C6C64 
 313      5F736574 
 313      67726F75 
 313      706D6F64 
 314 0068 00       		.ascii	"\000"
 315 0069 02       		.ascii	"\002"
 316 006a 00       		.ascii	"\000"
 317 006b 00000000 		.ascii	"\000\000\000\000\000\000\000\000"
 317      00000000 
 318 0073 1E010000 		.ascii	"\036\001\000\000"
 319              		.text
 320              		.section	.gnu.lto_.opts,"",%progbits
 321 0000 272D666D 		.ascii	"'-fmath-errno' '-fsigned-zeros' '-ftrapping-math' '"
 321      6174682D 
 321      6572726E 
 321      6F272027 
 321      2D667369 
 322 0033 2D666E6F 		.ascii	"-fno-trapv' '-fno-openmp' '-fno-openacc' '-mcpu=cor"
 322      2D747261 
 322      70762720 
 322      272D666E 
 322      6F2D6F70 
 323 0066 7465782D 		.ascii	"tex-m7' '-mno-thumb-interwork' '-mthumb' '-ggdb' '-"
 323      6D372720 
ARM GAS  C:\Users\CYIRKO~1\AppData\Local\Temp\ccoAGiFU.s 			page 24


 323      272D6D6E 
 323      6F2D7468 
 323      756D622D 
 324 0099 4F322720 		.ascii	"O2' '-fomit-frame-pointer' '-falign-functions=16' '"
 324      272D666F 
 324      6D69742D 
 324      6672616D 
 324      652D706F 
 325 00cc 2D666675 		.ascii	"-ffunction-sections' '-fdata-sections' '-fno-common"
 325      6E637469 
 325      6F6E2D73 
 325      65637469 
 325      6F6E7327 
 326 00ff 2720272D 		.ascii	"' '-flto'\000"
 326      666C746F 
 326      2700
 327              		.text
 328              		.comm	__gnu_lto_v1,1,1
 329              		.comm	__gnu_lto_slim,1,1
 330              		.ident	"GCC: (GNU Tools for ARM Embedded Processors 6-2017-q1-update) 6.3.1 20170215 (release) [AR
ARM GAS  C:\Users\CYIRKO~1\AppData\Local\Temp\ccoAGiFU.s 			page 25


DEFINED SYMBOLS
                            *ABS*:00000000 hal_pal.c
                            *COM*:00000001 __gnu_lto_v1
                            *COM*:00000001 __gnu_lto_slim

NO UNDEFINED SYMBOLS
