ARM GAS  C:\Users\CYIRKO~1\AppData\Local\Temp\ccM4tQgf.s 			page 1


   1              		.cpu cortex-m7
   2              		.eabi_attribute 20, 1
   3              		.eabi_attribute 21, 1
   4              		.eabi_attribute 23, 3
   5              		.eabi_attribute 24, 1
   6              		.eabi_attribute 25, 1
   7              		.eabi_attribute 26, 1
   8              		.eabi_attribute 30, 2
   9              		.eabi_attribute 34, 1
  10              		.eabi_attribute 18, 4
  11              		.file	"hal_st.c"
  12              		.text
  13              	.Ltext0:
  14              		.section	.gnu.lto_.profile.94b045a4,"",%progbits
  15 0000 789C6365 		.ascii	"x\234ce`b`a```d\220\342\001\000\000\300\0003"
  15      60626061 
  15      60606064 
  15      90E20100 
  15      00C00033 
  16              		.text
  17              		.section	.gnu.lto_.icf.94b045a4,"",%progbits
  18 0000 789C6365 		.ascii	"x\234ce`bP`@\000V\206\205??\354\345a|\177c\371J\026"
  18      60625060 
  18      40005686 
  18      853F3FEC 
  18      E5617C7F 
  19 0018 A67D171E 		.ascii	"\246}\027\036\254ga~\177\256\367/;\313\211\217\213\026"
  19      AC67617E 
  19      7FAEF72F 
  19      3BCB898F 
  19      8B16
  20 002a F0320000 		.ascii	"\3602\000\000\0217\020\034"
  20      1137101C 
  21              		.text
  22              		.section	.gnu.lto_.jmpfuncs.94b045a4,"",%progbits
  23 0000 789C6365 		.ascii	"x\234ce`b\020c@\000V\020\301\010\004\365L\014\014\314"
  23      60621063 
  23      40005610 
  23      C10804F5 
  23      4C0C0CCC 
  24 0014 209A0528 		.ascii	" \232\005(\000\000\016\012\0011"
  24      00000E0A 
  24      0131
  25              		.text
  26              		.section	.gnu.lto_.inline.94b045a4,"",%progbits
  27 0000 789C6365 		.ascii	"x\234ce`b\310g@\000V\006\006\026\036F\240 \003\003\333"
  27      6062C867 
  27      40005606 
  27      06161E46 
  27      A0200303 
  28 0015 027910C5 		.ascii	"\002y\020\305\300\310\005\"\030\330X\031\031\031\004"
  28      C0C80522 
  28      18D85819 
  28      191904
  29 0024 18191898 		.ascii	"\030\031\030\230\330>\350\301%\231\030X\230\201\312"
  29      D83EE8C1 
  29      25991858 
ARM GAS  C:\Users\CYIRKO~1\AppData\Local\Temp\ccM4tQgf.s 			page 2


  29      9881CA
  30 0033 992EF0C3 		.ascii	"\231.\360\303\205\230ABP\245\310\342,\230J\031\000\312"
  30      85984142 
  30      50A5C8E2 
  30      2C984A19 
  30      00CA
  31 0045 39089E   		.ascii	"9\010\236"
  32              		.text
  33              		.section	.gnu.lto_.pureconst.94b045a4,"",%progbits
  34 0000 789C6365 		.ascii	"x\234ce`b\340f```e\220`\224b\222b\226b\221\002\000\004"
  34      6062E066 
  34      60606065 
  34      90609462 
  34      92629662 
  35 0018 1000A2   		.ascii	"\020\000\242"
  36              		.text
  37              		.section	.gnu.lto_stInit.94b045a4,"",%progbits
  38 0000 789C6365 		.ascii	"x\234ce`bX\314\300\300`\000\304\322@\314\310\314\300"
  38      606258CC 
  38      C0C06000 
  38      C4D240CC 
  38      C8CCC0
  39 0013 C834E11C 		.ascii	"\3104\341\034\003C#\007\023##\210\321\300\301\310P\317"
  39      03432307 
  39      13232388 
  39      D1C0C1C8 
  39      50CF
  40 0025 C458CFD8 		.ascii	"\304X\317\330\317<\235\231\361P\373\263\235L\232\313"
  40      CF3C9D99 
  40      F150FBB3 
  40      9D4C9ACB 
  41 0035 1B80E0C0 		.ascii	"\033\200\340\300\364\037\222\015+\0160\316gf`\230\011"
  41      F41F920D 
  41      2B0E30CE 
  41      67666098 
  41      09
  42 0046 C420C0B8 		.ascii	"\304 \300\270\234Q\223\001\250\354\321\306\177Sy\331"
  42      9C519301 
  42      A8ECD1C6 
  42      7F5379D9 
  43 0056 5820E28C 		.ascii	"X \342\214+\030\331\030\201\364\372K\214\007\032\376"
  43      2B18D918 
  43      81F4FA4B 
  43      8C071AFE 
  44 0066 FD6F6F38 		.ascii	"\375oo8pg\021\343\177V\240T\027\020\203\354\350ff\002"
  44      706711E3 
  44      7F56A054 
  44      171083EC 
  44      E8666602 
  45 007a D1CCAF19 		.ascii	"\321\314\257\031\233\027\374\226\006\251\007\031\262"
  45      9B17FC96 
  45      06A90719 
  45      B2
  46 0087 73E79BDB 		.ascii	"s\347\233\333\354\365\177\0338\34633\316d\006\232\300"
  46      ECF57F1B 
  46      38E63333 
  46      CE64069A 
ARM GAS  C:\Users\CYIRKO~1\AppData\Local\Temp\ccM4tQgf.s 			page 3


  46      C0
  47 0098 B892B19E 		.ascii	"\270\222\261\236a>P\355[\306\246\005\377\271\301\352"
  47      613E50ED 
  47      5BC6A605 
  47      FFB9C1EA 
  48 00a8 40A00B28 		.ascii	"@\240\013(\011\324\316\304\300\240\347j\025\343\234"
  48      09D4CEC4 
  48      C0A0E76A 
  48      15E39C
  49 00b7 91999419 		.ascii	"\221\231\224\031\\R\232\222\231\037\223\014b\347\027"
  49      5C529A92 
  49      991F930C 
  49      62E717
  50 00c6 1B9A9BE9 		.ascii	"\033\232\233\351\347\027\353g$\346\350\027\027%\203"
  50      E717EB67 
  50      24E6E817 
  50      172583
  51 00d5 E8F8E212 		.ascii	"\350\370\342\022\275d\006\000)uH\002"
  51      BD640600 
  51      29754802 
  52              		.text
  53              		.section	.gnu.lto_stStartAlarm.94b045a4,"",%progbits
  54 0000 789C9D52 		.ascii	"x\234\235RMh\023A\024\236o'\335\015\361\247\036<\010"
  54      4D681341 
  54      149E6F27 
  54      DD0DF1A7 
  54      1E3C08
  55 0013 E6204229 		.ascii	"\346 B)\365\220%\012\376]\255\202\320\236\332c\241\264"
  55      F590250A 
  55      FE5DAD82 
  55      D09EDA63 
  55      A1B4
  56 0025 A9904024 		.ascii	"\251\220@$\322D\217v\033\033\203\251\177\227&\315!n"
  56      D2448F76 
  56      1B1B83A9 
  56      7F9726CD 
  56      216E
  57 0037 314ADA68 		.ascii	"1J\332h\232\246\376\265Za\011\212\027M\245=x\320\202"
  57      9AA6FEB5 
  57      5A61098A 
  57      174DA53D 
  57      78D082
  58 004a 082D0A15 		.ascii	"\010-\012\025K\015\026\021\022\337L\242\324\223\342"
  58      4B0D1611 
  58      12DF4CA2 
  58      D493E2
  59 0059 C0EC9BF7 		.ascii	"\300\354\233\367\366{\337\373\336\314k`\012+)\214\205"
  59      F67BDFFB 
  59      DECC6B60 
  59      0A2B298C 
  59      85
  60 006a 1963BB69 		.ascii	"\031c\273i\2033(\327K\214\015\332\025@\034\014;\330"
  60      833328D7 
  60      4B8C0DDA 
  60      15401C0C 
  60      3BD8
  61 007c 8082015C 		.ascii	"\200\202\001\\\343\011\216bteVi\311\030\264\254\304"
ARM GAS  C:\Users\CYIRKO~1\AppData\Local\Temp\ccM4tQgf.s 			page 4


  61      E3098E62 
  61      74655669 
  61      C918B4AC 
  61      C4
  62 008d 8C7AD188 		.ascii	"\214z\321\210\35429cI\332b!\203\026B=\257nX\215W\271"
  62      EC323963 
  62      49DA6221 
  62      8316423D 
  62      AF6E588D 
  63 00a3 C90185DC 		.ascii	"\311\001\205\334\205\265\227\251-\302U\260\203\334\037"
  63      85B597A9 
  63      2DC255B0 
  63      83DC1F
  64 00b2 D9A9778D 		.ascii	"\331\251w\215\334\015F\347\365\033\326\336\346\333\206"
  64      DC0D46E7 
  64      F51BD6DE 
  64      E6DB86
  65 00c1 1136ACD5 		.ascii	"\0216\254\325\013\334\330ir\216,8\361a\002N\214\303"
  65      0BDCD869 
  65      728E2C38 
  65      F161024E 
  65      8CC3
  66 00d3 C928C470 		.ascii	"\311(\304p\007\315\002\376\241P\031\331\246\332\322"
  66      07CD02FE 
  66      A15019D9 
  66      A6DAD2
  67 00e2 BF4AE22E 		.ascii	"\277J\342.T\220\315/\3002*\325\250a\225oa\361\204F\332"
  67      5490CD2F 
  67      C0322AD5 
  67      A861956F 
  67      61F18446 
  68 00f7 298353AE 		.ascii	")\203S\256\215\261\030!E'\303\\\021\226/C\021\\\227"
  68      8DB11821 
  68      4527C35C 
  68      11962F43 
  68      115C97
  69 010a ACD83307 		.ascii	"\254\3303\007?\"e\274y\233J8\232\322R\307Jr\353\250"
  69      3F2265BC 
  69      799B4A38 
  69      9AD252C7 
  69      4A72EBA8 
  70 011e 6185F708 		.ascii	"a\205\367\010)\271?\245\310\026'\321\224\"\246O\010"
  70      29B93FA5 
  70      C81627D1 
  70      9422A64F 
  70      08
  71 012f AF47BFCC 		.ascii	"\257G\277\314/\335\324~\353\032\252]\313k\225\013\220"
  71      2FDDD47E 
  71      EB1AAA5D 
  71      CB6B950B 
  71      90
  72 0140 1497E4D8 		.ascii	"\024\227\344\330\244\233!\017\225(\246\240\2468\257"
  72      A49B210F 
  72      9528A6A0 
  72      A638AF
  73 014f B114E3DF 		.ascii	"\261\024\343\337+\253#\207E\214\200\361Hq^\023W\325"
  73      2BAB2387 
ARM GAS  C:\Users\CYIRKO~1\AppData\Local\Temp\ccM4tQgf.s 			page 5


  73      458C80F1 
  73      48715E13 
  73      57D5
  74 0161 20F34AB9 		.ascii	" \363J\271\2155G\315\025\3346\012\245'\277\275\260\233"
  74      8D3547CD 
  74      15DC360A 
  74      A527BFBD 
  74      B09B
  75 0173 48C1E42A 		.ascii	"H\301\344*\246IXA\010\243\037\331W\345\257\232\2363"
  75      A6495841 
  75      08A31FD9 
  75      57E5AF9A 
  75      9E33
  76 0185 86068DB1 		.ascii	"\206\006\215\261\363&\327p\017&F\251wY\224\000\325x"
  76      F326D770 
  76      0F2646A9 
  76      77599400 
  76      D578
  77 0197 614975E7 		.ascii	"aIu\347%`\232\322\355\270\017\035\373\234u\004\036\300"
  77      25609AD2 
  77      EDB80F1D 
  77      FB9C7504 
  77      1EC0
  78 01a9 4DAA84A4 		.ascii	"M\252\204\244\362\307\271\310\366\272\242\177\255g\307"
  78      F2C7B9C8 
  78      F6BAA27F 
  78      AD67C7
  79 01b8 43590F75 		.ascii	"CY\017u\266G\3207\367CS\204\031\312\224\354O\377\203"
  79      B647D037 
  79      F7435384 
  79      19CA94EC 
  79      4FFF83
  80 01cb 7D56B22B 		.ascii	"}V\262+u\366\307\222}\316\274<\341\250\261+xB\231\313"
  80      75F6C792 
  80      7DCEBC3C 
  80      E1A8B12B 
  80      784299CB 
  81 01df 08BF1F1E 		.ascii	"\010\277\037\036\367\310\261\020O\300>#<\226\271\002"
  81      F7C8B110 
  81      4FC03E23 
  81      3C96B902 
  82 01ef 1190AF17 		.ascii	"\021\220\257\027#}4\0034\361\256\343G\273\216y}\275"
  82      237D3403 
  82      34F1AEE3 
  82      47BB8E79 
  82      7DBD
  83 0201 BE8ED0D9 		.ascii	"\276\216\320\331>_\240\313#\316\201\240\373\320A=\020"
  83      3E5FA0CB 
  83      23CE81A0 
  83      FBD0413D 
  83      10
  84 0212 D4BD3D7E 		.ascii	"\324\275=~=\330\357\021\266;\030ry\230\326\323\033\014"
  84      3DD8EF11 
  84      B63B1872 
  84      7998D6D3 
  84      1B0C
  85 0224 F94E9FB2 		.ascii	"\371N\237\262\211O\353_s\317\004\372CA\275\243\263\375"
ARM GAS  C:\Users\CYIRKO~1\AppData\Local\Temp\ccM4tQgf.s 			page 6


  85      894FEB5F 
  85      73CF04FA 
  85      4341BDA3 
  85      B3FD
  86 0236 C07EBDAD 		.ascii	"\300~\275\255\255U\357<\331~\316]g\353\366\373\373\\"
  86      AD55EF3C 
  86      D97ECE5D 
  86      67EBF6FB 
  86      FB5C
  87 0248 5EF61375 		.ascii	"^\366\023u\355\024\325"
  87      ED14D5
  88              		.text
  89              		.section	.gnu.lto_stStopAlarm.94b045a4,"",%progbits
  90 0000 789C8550 		.ascii	"x\234\205P\277KBQ\024>\337\273\366\224\240\275\310\255"
  90      BF4B4251 
  90      143EDFBB 
  90      F694A0BD 
  90      C8AD
  91 0012 C9E53D2C 		.ascii	"\311\345=,(h\315\202@'\035\005)\035\024\004\303\247"
  91      2868CD82 
  91      40271D05 
  91      291D1404 
  91      C3A7
  92 0024 AD3E4313 		.ascii	"\255>C\023\024\252%\315!\336\340`Y*\215A\201H\320\224"
  92      14AA25CD 
  92      21DEE060 
  92      592A8D41 
  92      8148D094 
  93 0038 417F8134 		.ascii	"A\177\2014\004\016A\244\224\020X\367>#\334:p8\277\276"
  93      040E41A4 
  93      941058F7 
  93      3E23DC3A 
  93      7038BFBE 
  94 004c F37DE7DE 		.ascii	"\363}\347\336)\222H\001Q\222\210\346\271\203\021\244"
  94      29924801 
  94      519288E6 
  94      B98311A4 
  95 005c A30E51DA 		.ascii	"\243\016Q\332&\001\"\321m\240\224\204\024\016Y\211\241"
  95      260122D1 
  95      6DA09484 
  95      140E5989 
  95      A1
  96 006d 9D7BB996 		.ascii	"\235{\271\226\034U\235[\2534\220\367\365\354\254\301"
  96      1C559D5B 
  96      AB3490F7 
  96      F5ECACC1 
  97 007d 88CADC85 		.ascii	"\210\312\334\205\241\012\007q\330\363\325\350xF\266"
  97      A10A0771 
  97      D8F3D5E8 
  97      7846B6
  98 008c 8CFB3883 		.ascii	"\214\3738\203\314%\250\371\204\226>\372\316\351\255"
  98      CC25A8F9 
  98      84963EFA 
  98      CEE9AD
  99 009b BB0ABE36 		.ascii	"\273\012\2766\370(\317]h\024\230$\"\353\241=\030\366"
  99      F828CF5D 
  99      68149824 
ARM GAS  C:\Users\CYIRKO~1\AppData\Local\Temp\ccM4tQgf.s 			page 7


  99      22EBA13D 
  99      18F6
 100 00ad 6E8ACA1F 		.ascii	"n\212\312\037Ef\2544\224\231ISf\230\244\3079d\316_\203"
 100      4566AC34 
 100      94994953 
 100      6698A4C7 
 100      3964CE5F 
 101 00c2 CC9BC56C 		.ascii	"\314\233\305l\373\321z\300\014\006\023\323\251\177\276"
 101      FBD17AC0 
 101      0C0613D3 
 101      A97FBE
 102 00d1 4D8F4BC1 		.ascii	"M\217K\301a\341\255J\343\343\336f\340\024\006\223p\011"
 102      61E1AD4A 
 102      E3E3DE66 
 102      E0140693 
 102      7009
 103 00e3 3B2E6027 		.ascii	";.`'\201\255=\014\372V\265\256g\322z\267\332\237{\347"
 103      81AD3D0C 
 103      FA56B5AE 
 103      67D27AB7 
 103      DA9F7BE7 
 104 00f7 5B0C7518 		.ascii	"[\014u\0308\341\007\232\"h@\235\324\340w\240\311\267"
 104      38E1079A 
 104      2268409D 
 104      D4E077A0 
 104      C9B7
 105 0109 5FB1D72D 		.ascii	"_\261\327-\334.\210\333\314\017\310\363\001\177\211"
 105      DC2E88DB 
 105      CC0FC8F3 
 105      017F89
 106 0118 44A4ACAF 		.ascii	"D\244\254\257\372\327\302\221\355\2107\221\014Eb\376"
 106      FAD7C291 
 106      ED883791 
 106      0C4562FE 
 107 0128 A0C8639A 		.ascii	"\240\310c\232seY\215ijx+\252j\361\240\210\001-\241\004"
 107      7365598D 
 107      696A782B 
 107      AA6AF1A0 
 107      88012DA1 
 108 013d C9F52F7C 		.ascii	"\311\365/|'\026Oh\252\327\347YZT\335n\227\352\333\364"
 108      27164F68 
 108      AAD7E759 
 108      5A54DD6E 
 108      97EADBF4 
 109 0151 EC3A7F09 		.ascii	"\354:\177\011\002\321hH\011\323\017\206\007\216\322"
 109      02D16848 
 109      09D30F86 
 109      078ED2
 110              		.text
 111              		.section	.gnu.lto_stSetAlarm.94b045a4,"",%progbits
 112 0000 789C8552 		.ascii	"x\234\205RMh\023A\024~\337N\262\033\242R\021\017\202"
 112      4D681341 
 112      147EDF4E 
 112      B21BA252 
 112      110F82
 113 0013 3988504A 		.ascii	"9\210PJ=d\211\202\177W+\"\264\247\366X(m*$\020\2114"
 113      3D648982 
ARM GAS  C:\Users\CYIRKO~1\AppData\Local\Temp\ccM4tQgf.s 			page 8


 113      7F572B22 
 113      B4A7F658 
 113      286D2A24 
 114 002a D1633B5D 		.ascii	"\321c;][\203-T/&\355a\335b\224jl\232\244*(^\226\340"
 114      5B832D54 
 114      2F26ED61 
 114      DD62946A 
 114      6C9AA42A 
 115 0042 CF455BE8 		.ascii	"\317E[\350\305\203\021D\254\340A,\365'\210\220\370f"
 115      C5831144 
 115      ACE0412C 
 115      F5278890 
 115      F866
 116 0054 53454F0E 		.ascii	"SEO\016\314\274\237\371\3367\337{\214\2374\332\245\021"
 116      CCBC9FF9 
 116      DE37DF7B 
 116      8C9F34DA 
 116      A511
 117 0066 5944B497 		.ascii	"YD\264\2277\004A\273\272B4\036\320\000\345\310\000h"
 117      370441BB 
 117      BA42341E 
 117      D000E5C8 
 117      0068
 118 0078 4CC318AE 		.ascii	"L\303\030\256\210\234@5\363\341\221\326\271 y\271\271"
 118      889C4035 
 118      F3E191D6 
 118      B92079B9 
 118      B9
 119 0089 B271494E 		.ascii	"\262qIN\356q\004\321\034o\265\260\200NF=m\326\335\266"
 119      EE7104D1 
 119      1C6FB5B0 
 119      804E463D 
 119      6DD6DDB6 
 120 009d 19E10840 		.ascii	"\031\341\010@\343pm\343\205\275M\205\032vr\370\263P"
 120      E3706DE3 
 120      85BD4D85 
 120      1A7672F8 
 120      B350
 121 00af AEB58908 		.ascii	"\256\265\211\010\210\375\315\353\356\376\216[RZ\322"
 121      88FDCDEB 
 121      EEFE8E5B 
 121      525AD2
 122 00be AD5D1472 		.ascii	"\255]\024r\267#\004\012\020\314\207;\010\3416B\304)"
 122      B723040A 
 122      10CC873B 
 122      08E13642 
 122      C429
 123 00d0 C25D7428 		.ascii	"\302]t(\370\273J\343\332\016\335\227\377\375$\026\241"
 123      F8BB4AE3 
 123      DA0EDD97 
 123      FFFD2416 
 123      A1
 124 00e1 836D690D 		.ascii	"\203mi\015\256l43\322}\177\023\217O\371Y;W\010\256\365"
 124      AE6C3433 
 124      D27D7F13 
 124      8F4FF959 
 124      3B5708AE 
ARM GAS  C:\Users\CYIRKO~1\AppData\Local\Temp\ccM4tQgf.s 			page 9


 125 00f6 114D3152 		.ascii	"\021M1Ru2-4e\305:4\305u\331\235z\022\024\307<\031\257"
 125      75322D34 
 125      65C53A34 
 125      C575D99D 
 125      7A1214C7 
 126 010d 5EDBB960 		.ascii	"^\333\271`{\336\323\361\314\336>+]k\237\222R\374W\212"
 126      7BDED3F1 
 126      CCDE3E2B 
 126      5D6B9F92 
 126      52FC578A 
 127 0121 D7E212DA 		.ascii	"\327\342\022\332mf\372\010k3\363y\365\333\015\343\217"
 127      6D66FA08 
 127      6B33F379 
 127      F5DB0DE3 
 127      8F
 128 0132 AE89D658 		.ascii	"\256\211\326X\036\032B\201<qs\002\177\351&\224\2403"
 128      1E1A4281 
 128      3C717302 
 128      7FE92694 
 128      A033
 129 0144 4519BA2D 		.ascii	"E\031\272-D\213\245\232\375\321X\314\035U9\006f'\253"
 129      448BA59A 
 129      FDD158CC 
 129      1D553906 
 129      6627AB
 130 0157 AB861A95 		.ascii	"\253\206\032\225\337\253[)\3267\202\255Pq\3738\225_"
 130      DFAB5B29 
 130      D63782AD 
 130      5071FB38 
 130      955F
 131 0169 FAFE3CE0 		.ascii	"\372\376<\340\300\206#t,\263\260\212\022\306\027\205"
 131      C0862374 
 131      2CB3B08A 
 131      12C61785 
 132 0179 975FBF18 		.ascii	"\227_\277\030fQN\214\313\371QG\030\270\007\007\263\334"
 132      66514E8C 
 132      CBF95147 
 132      18B80707 
 132      B3DC
 133 018b BBF72803 		.ascii	"\273\367(\003\232\331\312\033=R\362\000\313\\\036\300"
 133      9AD9CA1B 
 133      3D52F200 
 133      CB5C1EC0 
 134 019b 7D983810 		.ascii	"}\2308\020\332B\340\001\"\254\212\326a\275\235\256E"
 134      DA42E001 
 134      22AC8AD6 
 134      61BD9DAE 
 134      45
 135 01ac BDD1AA36 		.ascii	"\275\321\2526\350\023\254\371\372\014T\302\233\300\024"
 135      E813ACF9 
 135      FA0C54C2 
 135      9BC014
 136 01bb F7C473E4 		.ascii	"\367\304s\344_\023>y\274\377D,>\024\357M\237\037\216"
 136      5F133E79 
 136      BCFF442C 
 136      3E14EF4D 
 136      9F1F8E
ARM GAS  C:\Users\CYIRKO~1\AppData\Local\Temp\ccM4tQgf.s 			page 10


 137 01ce 27FBA3CA 		.ascii	"'\373\243\312O\246\"G\016\233\311\224\031\033L\230\251"
 137      4FA62247 
 137      0E9BC994 
 137      191B4C98 
 137      A9
 138 01df 91A8B203 		.ascii	"\221\250\262\003\251t8J\306\340P*\035?{\306\247\216"
 138      A974384A 
 138      C6E0502A 
 138      1D3F7BC6 
 138      A78E
 139 01f1 AEFFD69E 		.ascii	"\256\377\326\236K\216\244Sfo_\317\241\203fww\227\331"
 139      4B8EA453 
 139      666F5FCF 
 139      A1836677 
 139      7797D9
 140 0204 77BAE742 		.ascii	"w\272\347Bd\213m \221\030\016\307\350\027K\002\327@"
 140      648B6D20 
 140      91180EC7 
 140      E8174B02 
 140      D740
 141              		.text
 142              		.section	.gnu.lto_stGetAlarm.94b045a4,"",%progbits
 143 0000 789C8590 		.ascii	"x\234\205\220MH\033Q\024\205\357\231\233\314\214\212"
 143      4D481B51 
 143      1485EF99 
 143      9BCC8C8A 
 144 0010 B46B0DB8 		.ascii	"\264k\015\270\326E\206(X\350\266\026\021\324\215.\005"
 144      D6458628 
 144      58E8B616 
 144      11D48D2E 
 144      05
 145 0021 B1719140 		.ascii	"\261q\221@ \305\211\335\372\014Zi\013*\202F\2210B\204"
 145      20C589DD 
 145      FA0C5A69 
 145      0B2A8246 
 145      91304284 
 146 0035 F8D318B3 		.ascii	"\370\323\030\263u!\203 \335\264*\356\013R\334dQ\010"
 146      75218320 
 146      DDB42AEE 
 146      0B52DC64 
 146      5108
 147 0047 2A5A518C 		.ascii	"*ZQ\214\367E)\335\365\301\373\271\227\217s\317yA2\350"
 147      F74529DD 
 147      F5C1FBB9 
 147      978F73CF 
 147      794132E8 
 148 005b 2388C689 		.ascii	"#\210\306\211\250Y6\230`\314\037\021M\332\006\240\037"
 148      A8593698 
 148      60CC1F11 
 148      4DDA06A0 
 148      1F
 149 006c CA064D18 		.ascii	"\312\006M\030\230\300\034g\030\207\325\033\377\305,"
 149      98C01C67 
 149      1887D51B 
 149      FFC52C
 150 007b 7B1A93F2 		.ascii	"{\032\223\362\264\362=\333\240K\340\245\224[\353\305"
 150      B4F23DDB 
ARM GAS  C:\Users\CYIRKO~1\AppData\Local\Temp\ccM4tQgf.s 			page 11


 150      A04BE0A5 
 150      945BEBC5 
 151 008b 0BBB35AF 		.ascii	"\013\2735\257TZ\371\231\212\265\272{\242\202\036\033"
 151      545AF999 
 151      8AB5BA7B 
 151      A2821E1B 
 152 009b B422F806 		.ascii	"\264\"\370\006B\310#\244gl\242\225\204\376UzXl4\003"
 152      42C823A4 
 152      676CA295 
 152      84FE557A 
 152      586C3403 
 153 00af 39260D48 		.ascii	"9&\015H\177\013\246X\241\342)|\365P\235Q\376y\016w\335"
 153      7F0BA658 
 153      A1E2297C 
 153      F5509D51 
 153      FE790E77 
 154 00c4 01833C66 		.ascii	"\001\203<f\226#@\364Y@\355\352\213\250\312\315e\034"
 154      962340F4 
 154      5940EDEA 
 154      8BA8CACD 
 154      651C
 155 00d6 ECDF96EF 		.ascii	"\354\337\226\3573\375\177\365\246\224,?\363\307j\252"
 155      33FD7FF5 
 155      A6942C3F 
 155      F3C76AAA 
 156 00e6 09AE30FE 		.ascii	"\011\2560\376\231E\330\206)\223\276\302\314\262\016"
 156      9945D886 
 156      2993BEC2 
 156      CCB20E
 157 00f5 B0347D70 		.ascii	"\2604}pl\351\000\301\032vT\270\251\324?\225Z& \255\334"
 157      6CE900C1 
 157      1A7654B8 
 157      A9D43F95 
 157      5A2620AD 
 158 010a CEF537DB 		.ascii	"\316\3657\333C\026\036\233\330\221\020\005\035B\207"
 158      43161E9B 
 158      D8911005 
 158      1D4287
 159 0119 FD717569 		.ascii	"\375qui9\00555\251\316\362\227-\013u\036[(\302\303\262"
 159      39053535 
 159      A9CEF297 
 159      2D0B751E 
 159      5B28C2C3 
 160 012e 78ACCD11 		.ascii	"x\254\315\021\250\272T\372iF\212\032Z\3333<\266\261"
 160      A8BA54FA 
 160      69468A1A 
 160      5ADB333C 
 160      B6B1
 161 0140 0B076DA1 		.ascii	"\013\007m\241g\002%D\250\214\364\305\314&?\231b\361"
 161      67022544 
 161      A88CF4C5 
 161      CC263F99 
 161      62F1
 162 0152 45BF913E 		.ascii	"E\277\221>\373t\317\332\277t\344K$7t^\203(\374\366\365"
 162      FB74CFDA 
 162      BF74E44B 
 162      2437745E 
ARM GAS  C:\Users\CYIRKO~1\AppData\Local\Temp\ccM4tQgf.s 			page 12


 162      8328FCF6 
 163 0167 D09B58FC 		.ascii	"\320\233X\374]| 5>\032O\016E\365;\351F^u:I\327\211\215"
 163      5D7C2035 
 163      3E1A4F0E 
 163      45F53BE9 
 163      465E753A 
 164 017f 241C772C 		.ascii	"$\034w,\252\357a7\025\216R\327\177\361\367\311\261\224"
 164      AAEF6137 
 164      158E52D7 
 164      7FF1F7C9 
 164      B194
 165 0191 EB0C0CF6 		.ascii	"\353\014\014\366u\264;\275\275]\316`O\337\207\310\263"
 165      75B43BBD 
 165      BD5DCE60 
 165      4FDF87C8 
 165      B3
 166 01a2 C0702231 		.ascii	"\300p\"1\032\216\321#Eq\252\206"
 166      1A8ED123 
 166      4571AA86 
 167              		.text
 168              		.section	.gnu.lto_.symbol_nodes.94b045a4,"",%progbits
 169 0000 789C55C8 		.ascii	"x\234U\310K\015\200@\014\006\341\351\277\254/\020\305"
 169      4B0D8040 
 169      0C06E1E9 
 169      BFAC2F10 
 169      C5
 170 0011 B92B0101 		.ascii	"\271+\001\001<\023T \002\015(!4\334:\227I\276\212\030"
 170      3C135420 
 170      020D2821 
 170      34DC3A97 
 170      49BE8A18 
 171 0025 8934CB61 		.ascii	"\2114\313a\272!v\265!d\221[\226U\256,\233\274d\331\345"
 171      BA2176B5 
 171      2164915B 
 171      9655AE2C 
 171      9BBC64D9 
 172 003a 5D123BE4 		.ascii	"]\022;\344\365\027h\255\207B\345|^\343\003\325E\035"
 172      F51768AD 
 172      8742E57C 
 172      5EE303D5 
 172      451D
 173 004c 35       		.ascii	"5"
 174              		.text
 175              		.section	.gnu.lto_.refs.94b045a4,"",%progbits
 176 0000 789C6365 		.ascii	"x\234ce`b`d\000\002\000\000I\000\011"
 176      60626064 
 176      00020000 
 176      490009
 177              		.text
 178              		.section	.gnu.lto_.decls.94b045a4,"",%progbits
 179 0000 789CB557 		.ascii	"x\234\265W}LT\331\025\177\367\335\031\204\341\313\035"
 179      7D4C54D9 
 179      157FF7DD 
 179      1984E1CB 
 179      1D
 180 0011 ADB5A94D 		.ascii	"\255\265\251M\211A!M\027\004]L\366\017\243;Z\273\311"
 180      8941214D 
ARM GAS  C:\Users\CYIRKO~1\AppData\Local\Temp\ccM4tQgf.s 			page 13


 180      17045D4C 
 180      F60FA33B 
 180      5ABBC9
 181 0024 EA36A3DD 		.ascii	"\3526\243\3354)\315\004a\\I\370\260\316\330d\323?\366"
 181      3429CD04 
 181      615C49F8 
 181      B0CED864 
 181      D33FF6
 182 0037 C9B0CAA2 		.ascii	"\311\260\312\242+\242\202\002\272\362!\010\002\002\242"
 182      2BA28202 
 182      BAF22108 
 182      0202A2
 183 0046 202A3A82 		.ascii	" *:\202\262\210\340\262\270\212\210\012*\272\342'\342"
 183      B288E0B2 
 183      B88A880A 
 183      2ABAE227 
 183      E2
 184 0057 07881FF4 		.ascii	"\007\210\037\364\334\2177\357\371\034\334\266i_8\303"
 184      DC8F37EF 
 184      F91CDCB6 
 184      695F38C3 
 185 0067 3DF7FECE 		.ascii	"=\367\376\316\357\234{\316\275\357\336\247\027D\241"
 185      EF9C7BCE 
 185      BDEFDEA7 
 185      1744A1
 186 0076 D0280813 		.ascii	"\320(\010\023\261 T\"A\030\205\307C\020\204rAy\210\276"
 186      B1205422 
 186      411885C7 
 186      43108472 
 186      417988BE 
 187 008a 0FA41EE4 		.ascii	"\017\244\036\3448\310\011\220\223 M\302\333\317\337"
 187      38C80990 
 187      93204DC2 
 187      DBCFDF
 188 0099 8003A884 		.ascii	"\200\003\250\204\317@N\253xD\316\341\316\346\237`\343"
 188      CF404EAB 
 188      7844CEE1 
 188      CEE69F60 
 188      E3
 189 00aa C56D2014 		.ascii	"\305m \024a\"\310a\220 \220_\300\330D\220\233\320\356"
 189      6122C861 
 189      9020905F 
 189      C0D84490 
 189      9BD0EE
 190 00bd 1418F77B 		.ascii	"\024\030\367{\240\213 z\304xI\\\277\2046\374\011\323"
 190      A08B207A 
 190      C478495C 
 190      BF8436FC 
 190      09D3
 191 00cf D19BDC5F 		.ascii	"\321\233\334_\202\256\343\3342\027\341!0\331\236\314"
 191      82AEE3DC 
 191      3217E121 
 191      30D99ECC 
 192 00df 29586347 		.ascii	")XcG\036\307\177\020\027\222\343\342\371\371\035\217"
 192      1EC77F10 
 192      1792E3E2 
 192      F9F91D8F 
ARM GAS  C:\Users\CYIRKO~1\AppData\Local\Temp\ccM4tQgf.s 			page 14


 193 00ef 275CC3FB 		.ascii	"'\\\303\3735\347\324\362M\377\031N\222\357Y\2343B\303"
 193      35E7D4F2 
 193      4DFF194E 
 193      92EF599C 
 193      3342C3
 194 0102 B90DA39A 		.ascii	"\271\015\243\232oN\326\213W\321e\004X4\236\366\"\304"
 194      6F4ED68B 
 194      57D16504 
 194      58349EF6 
 194      22C4
 195 0114 7E1115AA 		.ascii	"~\021\025\252\216\312\017B\264\037zE\201\223\312]H\266"
 195      8ECA0F42 
 195      B41F7A45 
 195      8193CA5D 
 195      48B6
 196 0126 E0BAC855 		.ascii	"\340\272\310U\221S\322?n\214T\214l\230y\222\0376\007"
 196      9153D23F 
 196      6E8C548C 
 196      6C987992 
 196      1F3607
 197 0139 D6A066B2 		.ascii	"\326\240f\2625\022\025\007\010\251\015T\204,l>\356\212"
 197      35121507 
 197      08A90D54 
 197      842C6C3E 
 197      EE8A
 198 014b 4F502687 		.ascii	"OP&\207\344\331?\312j\275e\350AWHo\356\\D\373\326\355"
 198      E4D93FCA 
 198      6ABD65E8 
 198      4157486F 
 198      EE5C44FB 
 199 0161 7FD0A3C7 		.ascii	"\177\320\243\307\260L\240\335\363\274\370\017!e\022"
 199      B04CA0DD 
 199      F3BCF80F 
 199      216512
 200 0170 7B3C7FA5 		.ascii	"{<\177\245\244\355\324\350\220\323\177#FF\003\022A\355"
 200      A4EDD4E8 
 200      90D37F23 
 200      46460312 
 200      41ED
 201 0182 1868DDE9 		.ascii	"\030h\335\351\015\352D\003\032\017\352\360\232\363'"
 201      0DEA4403 
 201      1A0FEAF0 
 201      9AF327
 202 0191 0C9333A9 		.ascii	"\014\2233\251\225C\032/\242\317&\24124\005\225\242)"
 202      95431A2F 
 202      A2CF26A1 
 202      32340595 
 202      A229
 203 01a3 E0BC1C4D 		.ascii	"\340\274\034M\206\337e:\306\344L\332R>nj\256\224\333"
 203      86DF653A 
 203      C6E44CDA 
 203      523E6E6A 
 203      AE94DB
 204 01b6 2B393B93 		.ascii	"+9;\223~\233\351\220\212\301*\200\240P\011\302h/\012"
 204      7E9BE990 
 204      8AC12A80 
 204      A05009C2 
ARM GAS  C:\Users\CYIRKO~1\AppData\Local\Temp\ccM4tQgf.s 			page 15


 204      682F0A
 205 01c9 21114313 		.ascii	"!\021C\023~\213Q\017B{\320U\230\317>4\025\254\035e\227"
 205      7E8B510F 
 205      427BD055 
 205      98CF3E34 
 205      15AC1D65 
 206 01de 52F5781E 		.ascii	"R\365x\036\015\266p\344\305\000\206 \246\033\320\350"
 206      0DB670E4 
 206      C5008620 
 206      A61BD0E8 
 207 01ee 28868E8A 		.ascii	"(\206\216\212{u\317}Y\007\031?~\346t\221\017^L\332\342"
 207      7B75CF7D 
 207      5907193F 
 207      7EE67491 
 207      0F5E4CDA 
 208 0203 A6BCD2F5 		.ascii	"\246\274\322\365^\310\020\234\"II$F}\260\340\212\020"
 208      5EC8109C 
 208      22494924 
 208      467DB0E0 
 208      8A10
 209 0215 1D40C1C4 		.ascii	"\035@\301\304\206xFU\320Y\011\235Ed.\316\357s\246o["
 209      86784655 
 209      D059099D 
 209      45642ECE 
 209      EF73A66F 
 210 022a 274922AA 		.ascii	"'I\"\252F\006\264_\211n\272\201M\346Xz\367-\003v\"\352"
 210      4606B45F 
 210      896EBA81 
 210      4DE6587A 
 210      F72D0376 
 211 0240 E3A523F3 		.ascii	"\343\245#\363\241\016\005\033\270i]\370\311\257\210"
 211      A10E051B 
 211      B8695DF8 
 211      C9AF88
 212 024f 692D981E 		.ascii	"i-\230\036TL\201\011\376\271\215\243\306M\034\340$\355"
 212      544C8109 
 212      FEB98DA3 
 212      C64D1CE0 
 212      24ED
 213 0261 60F74B7F 		.ascii	"`\367K\177\\H+$\026\357\314\271\357\341r2\3326\253\210"
 213      5C482B24 
 213      16EFCCB9 
 213      EFE17232 
 213      DA36AB88 
 214 0275 3A390C4E 		.ascii	":9\014N\016)Nj\307vR\347\336I\371\011g\253\257\216l"
 214      0E294E6A 
 214      C77652E7 
 214      DE49F909 
 214      67ABAF8E 
 215 028a 0A4205C5 		.ascii	"\012B\005\305\"}\216\321\024\2771\313z\224\226\365\010"
 215      227D8ED1 
 215      14BF31CB 
 215      7A9496F5 
 215      08
 216 029b E2757574 		.ascii	"\342uut\245W)u\015\272\266_\222 2IGp\250B\011\255B["
 216      A5572975 
 216      0DBAB65F 
ARM GAS  C:\Users\CYIRKO~1\AppData\Local\Temp\ccM4tQgf.s 			page 16


 216      92203249 
 216      4770A842 
 217 02b3 D87A5AD8 		.ascii	"\330zZ\330\323/\366\373\341\233l\025\366\017\0277\371"
 217      D32FF6FB 
 217      E19B6C15 
 217      F60F1737 
 217      F9
 218 02c4 70AA8E5F 		.ascii	"p\252\216_gIN\230\005\314\221\254\220c\012\3211-\321"
 218      67494E98 
 218      05CC91AC 
 218      90630AD1 
 218      312DD1
 219 02d7 714AB4B9 		.ascii	"qJ\264\271zh\227\036?bL#?\235i\360\340L\015\277q1\221"
 219      7A68971E 
 219      3F624C23 
 219      3F9D69F0 
 219      E04C0DBF 
 220 02ee 909C0A93 		.ascii	"\220\234\012\223S\313t\2022\225=i\337\357\213_2\246"
 220      53CB7482 
 220      32953D69 
 220      DFEF8B5F 
 220      32A6
 221 0300 E2D242C9 		.ascii	"\342\322B\311[\235\013\222&%\031\215o\254\361\356\302"
 221      5B9D0B92 
 221      2625198D 
 221      6FACF1EE 
 221      C2
 222 0311 8252D96D 		.ascii	"\202R\331m\323\256I\351\362\032\007\024jP\3746h\375"
 222      D3AE49E9 
 222      F21A0714 
 222      6A50FC36 
 222      68FD
 223 0323 9EA47E1F 		.ascii	"\236\244~\037mx\230\353\217\327a\352wW\365\3064_\240"
 223      6D7898EB 
 223      8FD761EA 
 223      7757F5C6 
 223      345FA0
 224 0336 EA856AF7 		.ascii	"\352\205j\367\334\371\375\256\312>)\305@\367\024:\245"
 224      DCF9FDAE 
 224      CA3E29C5 
 224      40F7143A 
 224      A5
 225 0347 309D224C 		.ascii	"0\235\"L\244\321D\031~H\256\334\201\331n\325\021\302"
 225      A4D14419 
 225      7E48AEDC 
 225      81D96ED5 
 225      11C2
 226 0359 B6EC1B7E 		.ascii	"\266\354\033~l\267\006\220M>\334y\325\307'\225,\216"
 226      6CB70690 
 226      4D3EDC79 
 226      D5C72795 
 226      2C8E
 227 036b 4D0EC9EB 		.ascii	"M\016\311\353\217\224\254\031\246\362\035\235\312i\344"
 227      8F94AC19 
 227      A6F21D9D 
 227      CA69E4
 228 037a 23D34213 		.ascii	"#\323B\023\360\265\3272\216{1\266\213$\244\354#OZ\364"
ARM GAS  C:\Users\CYIRKO~1\AppData\Local\Temp\ccM4tQgf.s 			page 17


 228      F0B5D732 
 228      8E7B31B6 
 228      8B24A4EC 
 228      234F5AF4 
 229 038e 4CF724C3 		.ascii	"L\367$\303\017Jk}\031\273\223\014\237\273\225\227\354"
 229      0F4A6B7D 
 229      19BB930C 
 229      9FBB9597 
 229      EC
 230 039f C386DB89 		.ascii	"\303\206\333\211\336x\341\273\001\035\276\310\246s\245"
 230      DE78E1BB 
 230      011DBEC8 
 230      A673A5
 231 03ae B9A49444 		.ascii	"\271\244\224D\026D\366\354\350\250\277j\327\006\261"
 231      1644F6EC 
 231      E8A8BF6A 
 231      D706B1
 232 03bd 5DDB9136 		.ascii	"]\333\2216\270{\034\276J\341bVKg\203jK\345\314\311\032"
 232      B87B1CBE 
 232      4AE16256 
 232      4B67836A 
 232      4BE5CCC9 
 233 03d2 24793C07 		.ascii	"$y<\007\271\377A\231}\220k\261\323\371\010\256\311\240"
 233      B9FF4199 
 233      7D906BB1 
 233      D3F908AE 
 233      C9A0
 234 03e4 0E58EC41 		.ascii	"\016X\354A|\261\267C\347\367l\261\227\354N\317\367\300"
 234      7CB1B743 
 234      E7F76CB1 
 234      97EC4ECF 
 234      F7C0
 235 03f6 FDCC47D3 		.ascii	"\375\314G\323\261\356\213:\371\325\240%\270\340\206"
 235      B1EE8B3A 
 235      F9D5A025 
 235      B8E086
 236 0405 40DEDF53 		.ascii	"@\336\337S\233\350\326;\017\301\374\250\004s\016\361"
 236      9BE8D63B 
 236      0FC1FCA8 
 236      04730EF1 
 237 0415 77434AD9 		.ascii	"wCJ\331\306FlH!\313\345\337a\005\213\326\326\027mz<"
 237      C6466C48 
 237      21CBE5DF 
 237      61058BD6 
 237      D6176D7A 
 238 042a C832B5FE 		.ascii	"\3102\265\376\324\301&^\303f\242o=\334x\304\033?e\203"
 238      D4C1265E 
 238      C366A26F 
 238      3DDC78C4 
 238      1B3F6583 
 239 043e 3752AF37 		.ascii	"7R\2577z\340\021\246\310\0050\362\002\354\352~\332\202"
 239      7AE011A6 
 239      C80530F2 
 239      02ECEA7E 
 239      DA82
 240 0450 F06B3678 		.ascii	"\360k6x\244\366h\023/\326\014\325\213\333\310^\3345"
 240      A4F66813 
ARM GAS  C:\Users\CYIRKO~1\AppData\Local\Temp\ccM4tQgf.s 			page 18


 240      2FD60CD5 
 240      8BDBC85E 
 240      DC35
 241 0462 B74E3719 		.ascii	"\267N7\031X\355$\004z}\307\345\271\330\241\243\226\015"
 241      58ED2404 
 241      7A7DC7E5 
 241      B9D8A1A3 
 241      960D
 242 0474 83957B78 		.ascii	"\203\225{x\035\311\3135%k\260\335\237LG\342\253\206"
 242      1DC9CB35 
 242      256BB0DD 
 242      9F4C47E2 
 242      AB86
 243 0486 04E65A34 		.ascii	"\004\346Z47\310\254Q\350\024t\235M\245k\370\324%\275"
 243      37C8AC51 
 243      E814749D 
 243      4DA56BF8 
 243      D425BD
 244 0499 71134543 		.ascii	"q\023EC\305t4K\275\000\357\241\360>d\224\215\350\351"
 244      C574344B 
 244      BD00EFA1 
 244      F03E6494 
 244      8DE8E9
 245 04ac 92F1C04F 		.ascii	"\222\361\300O\015\356|\027x_A\3416\003^\307\202\314"
 245      0DEE7C17 
 245      785F41E1 
 245      36035EC7 
 245      82CC
 246 04be 797CA59F 		.ascii	"y|\245\237\257\315`P\213\236\035qx\342\365ll\313\261"
 246      AFCD6050 
 246      8B9E1D71 
 246      78E2F56C 
 246      6CCBB1
 247 04d1 9D6DE370 		.ascii	"\235m\343p\032S\344=`d{ \251\363#\274\205\215\034O\337"
 247      1A53E43D 
 247      60647B20 
 247      A9F323BC 
 247      858D1C4F 
 248 04e6 7C0566C8 		.ascii	"|\005f\310\224\007\3117{y~&\203\232q\346n\020\336\301"
 248      9407C937 
 248      7B797E26 
 248      839A71E6 
 248      6E10DEC1 
 249 04fa 865E3737 		.ascii	"\206^77\006\341|\326n\252)\336\203p1S\006\263\233\356"
 249      06E17CD6 
 249      6EAA29DE 
 249      83703153 
 249      06B39BEE 
 250 050e 1A701953 		.ascii	"\032p\031Sr;v\034\362\304\025L)\032\316\204\023\350"
 250      723B761C 
 250      F2C4154C 
 250      291ACE84 
 250      13E8
 251 0520 00537EAC 		.ascii	"\000S~\254;\237\342\215\353\230\222RU\265\335\033\327"
 251      3B9FE28D 
 251      EB989252 
 251      55B5DD1B 
ARM GAS  C:\Users\CYIRKO~1\AppData\Local\Temp\ccM4tQgf.s 			page 19


 251      D7
 252 0531 3325E948 		.ascii	"3%\351HW:?\\{\211\336W\330\227\353\305\253\342\001z"
 252      573A3F5C 
 252      7B89DE57 
 252      D897EBC5 
 252      ABE2017A 
 253 0545 6A47EB10 		.ascii	"jG\353\020\302'\0308\265\346\334U\335\230ux.\327a\006"
 253      C2271838 
 253      B5E6DC55 
 253      DD987578 
 253      2ED76106 
 254 0559 2D43467D 		.ascii	"-CF}\306A?m\031Z\001}\206\242Ghf\237\313\231m\277YP"
 254      C6413F6D 
 254      195A017D 
 254      86A24768 
 254      669FCB99 
 255 0571 A8D3D661 		.ascii	"\250\323\326a,\364\244\207\251'\236\372\242\300\300"
 255      2CF4A487 
 255      A9279EFA 
 255      A2C0C0
 256 0580 C00981AA 		.ascii	"\300\011\201\252'\230\376\346K\311\016\3119\264\035"
 256      2798FEE6 
 256      4BC90EC9 
 256      39B41D
 257 058f DF2E3FBB 		.ascii	"\337.?\273A\312m@\224\012\322\214F\321\004e\037\\\246"
 257      41CA6D40 
 257      940AD28C 
 257      46D10465 
 257      1F5CA6
 258 05a2 BCCDE457 		.ascii	"\274\315\344W`&\327\023\340%\235\214)\374\254\026\336"
 258      6026D713 
 258      E0259D8C 
 258      29FCAC16 
 258      DE
 259 05b3 F616BC45 		.ascii	"\366\026\274E\005\357\326\302\273(<\214\240\323\371"
 259      05EFD6C2 
 259      BB283C8C 
 259      A0D3F9
 260 05c2 9CE6EA04 		.ascii	"\234\346\352\0044\004\343\317\350\020A\303\036D\033"
 260      3404E3CF 
 260      E81041C3 
 260      1E441B
 261 05d1 C460B446 		.ascii	"\304`\264F\014D\022H\012\310W I \233@\222A\326\203\254"
 261      0C441248 
 261      0AC85720 
 261      49209B40 
 261      9241D683 
 262 05e6 05F91AE4 		.ascii	"\005\371\032\344\033\220\215 \353@\322A^\242@\364\032"
 262      1B908D20 
 262      EB40D241 
 262      5EA240F4 
 262      1A
 263 05f7 2415DA0E 		.ascii	"$\025\332\016\220W\320N\023\003\351\333\230\305x)N\211"
 263      9057D04E 
 263      1303E9DB 
 263      98C57829 
 263      4E89
ARM GAS  C:\Users\CYIRKO~1\AppData\Local\Temp\ccM4tQgf.s 			page 20


 264 0609 F18936C6 		.ascii	"\361\2116\306P\355\214:T\350\247n\321a\012xP\005~\244"
 264      50ED8C3A 
 264      54E8A76E 
 264      D1610A78 
 264      50057EA4 
 265 061d 05F7200D 		.ascii	"\005\367 \015\372\222*Y\027\335\347V\205n\210W\320\017"
 265      FA922A59 
 265      17DDE756 
 265      856E8857 
 265      D00F
 266 062f B5E8FB5A 		.ascii	"\265\350\373Z\364\035U$\203Z\364\231\267\352\326\241"
 266      F41D5524 
 266      835AF499 
 266      B7EAD6A1 
 267 063f 22BFA785 		.ascii	"\"\277\247\205\337\321\222\017\252\320\267\264\350\253"
 267      DFD1920F 
 267      AAD0B7B4 
 267      E8AB
 268 064d 5AF47555 		.ascii	"Z\364uU(\217\335\207\242N\212\212\373\256\373H\336\010"
 268      288FDD87 
 268      A24E8A8A 
 268      FBAEFB48 
 268      DE08
 269 065f 5C95C34B 		.ascii	"\\\225\303K\356\027\334\033\353S\305\376\300}\022\031"
 269      EE17DC1B 
 269      EB53C5FE 
 269      C07D1219 
 270 066f 9C9D2967 		.ascii	"\234\235)g\357\031\327H\022\"0\201\237'\312:\272u\337"
 270      EF19D748 
 270      12223081 
 270      9F27CA3A 
 270      BA75DF
 271 0682 B8C52135 		.ascii	"\270\305!5\317\240d\375Z\262\237\336\252\210\312\365"
 271      CFA064FD 
 271      5AB29FDE 
 271      AA88CAF5 
 272 0692 6DF76857 		.ascii	"m\367hW\244k\000\236\260\206\302_ #\032\346py\353\243"
 272      A46B009E 
 272      B086C25F 
 272      20231AE6 
 272      7079EBA3 
 273 06a6 162DF988 		.ascii	"\026-\371\210*\307\003\356\027\236\232|$\236\221\337"
 273      2AC703EE 
 273      179E9A7C 
 273      249E91DF 
 274 06b6 04F26B1C 		.ascii	"\004\362k\034.\277\337y\001\031\234\334\020Z/\024\373"
 274      2EBFDF79 
 274      01199CDC 
 274      105A2F14 
 274      FB
 275 06c7 E1543D3D 		.ascii	"\341T==\233\033\276=\232\005\347\377\004\226\236g\017"
 275      9B1BBE3D 
 275      9A05E7FF 
 275      04969E67 
 275      0F
 276 06d8 3CE0AB04 		.ascii	"<\340\253\004m\025'\240\315\242\353\300%\311r\277\303"
 276      6D1527A0 
ARM GAS  C:\Users\CYIRKO~1\AppData\Local\Temp\ccM4tQgf.s 			page 21


 276      CDA2EBC0 
 276      25C972BF 
 276      C3
 277 06e9 D116D8D8 		.ascii	"\321\026\330\330\377\357MNN\206\376\264k\242\372BE\""
 277      FFEF4D4E 
 277      4E86FEB4 
 277      6BA2FA42 
 277      4522
 278 06fb 54DEC919 		.ascii	"T\336\311\031\242\017\275\233\301\177\000\347U?\311"
 278      A20FBD9B 
 278      C17F00E7 
 278      553FC9
 279 070a F6C5997A 		.ascii	"\366\305\231zv\216_h\351Fp\273s\366\222\333]`\351\305"
 279      768E5F68 
 279      E94670BB 
 279      73F692DB 
 279      5D60E9C5 
 280 071e 3E49029E 		.ascii	">I\002\236d\304\256\315\231\312,\241\371\346]q\233H"
 280      64C4AECD 
 280      99CA2CA1 
 280      F9E65D71 
 280      9B48
 281 0730 6E7A997D 		.ascii	"nz\231}\371}\276\270\204\261\025\334\251k\344g\275/"
 281      F97DBEB8 
 281      84B115DC 
 281      A96BE467 
 281      BD2F
 282 0742 A897F3B7 		.ascii	"\250\227\363\267\026\352\3301r\233\014\347\265=\316"
 282      16EAD831 
 282      729B0CE7 
 282      B53DCE
 283 0751 34E05A86 		.ascii	"4\340Z\206}q{k\027bX\022U\343\275\003Cc\237\356;E~\252"
 283      7D717B6B 
 283      17625812 
 283      55E3BD03 
 283      43639FEE 
 284 0769 EC10E9B1 		.ascii	"\354\020\351\261r~\270~\304\007;)\223\256\267`\360."
 284      727EB87E 
 284      C4073B29 
 284      93AEB760 
 284      F02E
 285 077b 7C914C41 		.ascii	"|\221LA\310\000R$\177<\012(O4\240oE,\177|gK@?\360%\351"
 285      C8005224 
 285      7F3C0A28 
 285      4F34A06F 
 285      452C7F7C 
 286 0796 6697B581 		.ascii	"f\227\265\201|\011O\026\320LzX\241]P\237<\352'_\234"
 286      7C094F16 
 286      D04C7A58 
 286      A15D509F 
 286      3CEA275F 
 287 07ab 8272C151 		.ascii	"\202r\301Q6\324\232\364\200\303C\355u9\336\312\311\204"
 287      36D49AF4 
 287      80C343ED 
 287      7539DECA 
 287      C984
 288 07bd 287736E0 		.ascii	"(w6\340\262D\022_\201h\224\243$\350Mmy9^"
ARM GAS  C:\Users\CYIRKO~1\AppData\Local\Temp\ccM4tQgf.s 			page 22


 288      B244125F 
 288      816894A3 
 288      24E84D6D 
 288      79395E
 289 07d0 06EE23E5 		.ascii	"\006\356#\345\235>\000]\335\265v\273\227\232{\367\273"
 289      9D3E005D 
 289      DDB576BB 
 289      979A7BF7 
 289      BB
 290 07e1 B8874A36 		.ascii	"\270\207J6\226{O+\220\332\235\360\231\323\020T\225\344"
 290      967B4F2B 
 290      90DA9DF0 
 290      99D31054 
 290      95E4
 291 07f3 941C7351 		.ascii	"\224\034sQ\241hD9P,\370\226Q\231n\207\236\245\242\200"
 291      A1684439 
 291      502CF896 
 291      51996E87 
 291      9EA5A280 
 292 0807 8AC469E4 		.ascii	"\212\304i\344\243`\264.\327\027\237b\351_\233\232T\345"
 292      A360B42E 
 292      D7179F62 
 292      E95F9B9A 
 292      54E5
 293 0819 E12AFCAC 		.ascii	"\341*\374\2542U\341\311m|\217R\370=\332\302\027\323"
 293      3255E1C9 
 293      6D7C8F52 
 293      F83DDAC2 
 293      17D3
 294 082b C21FEFDF 		.ascii	"\302\037\357\337\235\255\303\235\234mo{\3058\316\326"
 294      9DADC39D 
 294      9C6D6F7B 
 294      C538CED6 
 295 083b 12C23E73 		.ascii	"\022\302>s\362\330gN\211\302T\242e\332K\231J\373\233"
 295      F2D8674E 
 295      89C254A2 
 295      65DA4B99 
 295      4AFB9B
 296 084e 3AFCF16D 		.ascii	":\374\361m\306\324\331\225\\\307\227\205\267\352\352"
 296      C6D4D995 
 296      5CC79785 
 296      B7EAEA
 297 085d 3F915FFD 		.ascii	"?\221_\375_\015\264\277\342wB\003\250\207\223*{\364"
 297      5F0DB4BF 
 297      E2774203 
 297      A887932A 
 297      7BF4
 298 086f 63AE9A0A 		.ascii	"c\256\232\012y\325\354c\211\356\332\370\354\262N[\304"
 298      79D5EC63 
 298      89EEDAF8 
 298      ECB24E5B 
 298      C4
 299 0880 72C85619 		.ascii	"r\310V\031\315V%Mt\205\234\350\306\256'G}\265e\031\023"
 299      CD56254D 
 299      74859CE8 
 299      C6AE2747 
 299      7DB56519 
ARM GAS  C:\Users\CYIRKO~1\AppData\Local\Temp\ccM4tQgf.s 			page 23


 300 0895 3D7C31A5 		.ascii	"=|1\245\326\337U\226\010^\226*^\026\370\236S\231\226"
 300      D6DF5596 
 300      085E962A 
 300      5E16F89E 
 300      539996
 301 08a8 F2B2ECA7 		.ascii	"\362\262\354\247e\251\331\2261\007?c\263o\334^\335 "
 301      65A9D996 
 301      31073F63 
 301      B36FDC5E 
 301      DD20
 302 08ba 2A55A918 		.ascii	"*U\251\030T\252B>\335\252\225\\Vksy\200\346\262\371"
 302      54AA423E 
 302      DDAA955C 
 302      566B7379 
 302      80E6B2F9 
 303 08ce E69DDB7E 		.ascii	"\346\235\333~x\235\007eK\333\326\227\243w\3054G\023"
 303      789D0765 
 303      4BDBD697 
 303      A377C534 
 303      4713
 304 08e0 D3C93762 		.ascii	"\323\3117b:\310c\252\021\247\011\0366\373\307\011\261"
 304      3AC863AA 
 304      11A7091E 
 304      36FBC709 
 304      B1
 305 08f1 76CF858B 		.ascii	"v\317\205\213\377\034`\012\013\023B\026|\030iZ\021\273"
 305      FF1C600A 
 305      0B134216 
 305      7C18695A 
 305      11BB
 306 0903 2C76897D 		.ascii	",v\211}uLlbd4i'\332\302fG\204&\332BWD\305\205\332VE"
 306      754C6C62 
 306      64346927 
 306      DAC26647 
 306      8426DA42 
 307 091e 93FF169B 		.ascii	"\223\377\026\233=$Z\360\261\331\227\330\243V\331\347"
 307      3D245AF0 
 307      B1D997D8 
 307      A356D9E7 
 308 092e C545AD8A 		.ascii	"\305E\255\2127X,\253c\023\354a\021\026\373r\353\207"
 308      37582CAB 
 308      6313EC61 
 308      1116FB72 
 308      EB87
 309 0940 CCD4C668 		.ascii	"\314\324\306h\354\211\211q\266\310\317\023V\007\320"
 309      EC898971 
 309      B6C8CF13 
 309      5607D0
 310 094f 5600A003 		.ascii	"V\000\240\003\254\361\313\25411\326\230\310\210\220"
 310      ACF1CBAC 
 310      3131D698 
 310      C88890
 311 095e 9901E133 		.ascii	"\231\001\3413\302f\377=,\022\372\337OHL\260\276o\215"
 311      C266FF3D 
 311      2C12FADF 
 311      4F484CB0 
 311      BE6F8D
ARM GAS  C:\Users\CYIRKO~1\AppData\Local\Temp\ccM4tQgf.s 			page 24


 312 0971 5A161B19 		.ascii	"Z\026\033\031\233\020\035\267:\306\032\031\037\005\\"
 312      9B101DB7 
 312      3AC61A19 
 312      1F055C
 313 0980 09D6484B 		.ascii	"\011\326HK\214uy\324\3528\273\305\376\305J\253-d\205"
 313      8C7579D4 
 313      EA38BBC5 
 313      FEC54AAB 
 313      2D6485
 314 0993 E029FBFB 		.ascii	"\340)\373\373\353\377\324\237\355\013[$\314/\006\310"
 314      EBFFD49F 
 314      ED0B5B24 
 314      CC2F06C8 
 315 09a3 C18917A8 		.ascii	"\301\211\027\250\366\330x\253\305\376\301;\223\263\312"
 315      F6D878AB 
 315      C5FEC13B 
 315      93B3CA
 316 09b2 1ECA0942 		.ascii	"\036\312\011B\243W\020\033\036\2447\311Q\342J\226\""
 316      A357101B 
 316      1EA437C9 
 316      51E24A96 
 316      22
 317 09c3 685BED72 		.ascii	"h[\355rs!o\002\302\022\027\027c\211\205J\314\377\331"
 317      73216F02 
 317      C2121717 
 317      6389854A 
 317      CCFFD9
 318 09d6 02AC4C5C 		.ascii	"\002\254L\\e\267\205.Y\272hfx\350'\237\314\017]\372"
 318      65B7852E 
 318      59BA6866 
 318      78E8279F 
 318      CC0F5DFA 
 319 09ea F1A27F84 		.ascii	"\361\242\177\204\361\222\020\032p\2517\231\026\231g"
 319      F192101A 
 319      70A93799 
 319      169967
 320 09f9 F27ACC0C 		.ascii	"\362z\314\014\267\330=\345\206\370\251Y7\177\321<3\236"
 320      B7D83DE5 
 320      86F8A959 
 320      377FD13C 
 320      339E
 321 0a0b 6F32EB3E 		.ascii	"o2\353>\232\277\324\214M&36\203\3143\233\361\237\226"
 321      9ABFD48C 
 321      4D263336 
 321      83CC339B 
 321      F19F96
 322 0a1e 98B069F1 		.ascii	"\230\260i\361R\235\311\264\300L9\302\351o\030^\260\320"
 322      529DC9B4 
 322      C04C39C2 
 322      E96F185E 
 322      B0D0
 323 0a30 2C2E01CB 		.ascii	",.\001\313\217\027\230uK\026\001\332d\016\007\011\003"
 323      8F179875 
 323      4B1601DA 
 323      640E0709 
 323      03
 324 0a41 E45FCCA6 		.ascii	"\344_\314\246\3772d\233=\236\204\024\033\317\222\304"
ARM GAS  C:\Users\CYIRKO~1\AppData\Local\Temp\ccM4tQgf.s 			page 25


 324      FF32649B 
 324      3D9E8414 
 324      1BCF92C4 
 325 0a51 158BDDC8 		.ascii	"\025\213\335\310\323a#+\313\022E2\344k\261,_\235\020"
 325      D361232B 
 325      CB124532 
 325      E46BB12C 
 325      5F9D10
 326 0a64 6DB184CC 		.ascii	"m\261\204\314\216\230\371\201\247\254\351\242WD\255"
 326      8E98F981 
 326      A7ACE9A2 
 326      5744AD
 327 0a73 7ACF054F 		.ascii	"z\317\005O\\\311\320\343\345\036\253\033\363Y\341\362"
 327      5CC9D0E3 
 327      E51EAB1B 
 327      F359E1F2 
 328 0a83 F0E76E87 		.ascii	"\360\347n\207#\376\005\274\000la"
 328      23FE05BC 
 328      006C61
 329              		.text
 330              		.section	.gnu.lto_.symtab.94b045a4,"",%progbits
 331 0000 7374496E 		.ascii	"stInit\000"
 331      697400
 332 0007 00       		.ascii	"\000"
 333 0008 00       		.ascii	"\000"
 334 0009 00       		.ascii	"\000"
 335 000a 00000000 		.ascii	"\000\000\000\000\000\000\000\000"
 335      00000000 
 336 0012 AE000000 		.ascii	"\256\000\000\000"
 337 0016 73745374 		.ascii	"stStartAlarm\000"
 337      61727441 
 337      6C61726D 
 337      00
 338 0023 00       		.ascii	"\000"
 339 0024 00       		.ascii	"\000"
 340 0025 00       		.ascii	"\000"
 341 0026 00000000 		.ascii	"\000\000\000\000\000\000\000\000"
 341      00000000 
 342 002e BD000000 		.ascii	"\275\000\000\000"
 343 0032 73745374 		.ascii	"stStopAlarm\000"
 343      6F70416C 
 343      61726D00 
 344 003e 00       		.ascii	"\000"
 345 003f 00       		.ascii	"\000"
 346 0040 00       		.ascii	"\000"
 347 0041 00000000 		.ascii	"\000\000\000\000\000\000\000\000"
 347      00000000 
 348 0049 BF000000 		.ascii	"\277\000\000\000"
 349 004d 73745365 		.ascii	"stSetAlarm\000"
 349      74416C61 
 349      726D00
 350 0058 00       		.ascii	"\000"
 351 0059 00       		.ascii	"\000"
 352 005a 00       		.ascii	"\000"
 353 005b 00000000 		.ascii	"\000\000\000\000\000\000\000\000"
 353      00000000 
 354 0063 C1000000 		.ascii	"\301\000\000\000"
ARM GAS  C:\Users\CYIRKO~1\AppData\Local\Temp\ccM4tQgf.s 			page 26


 355 0067 73744765 		.ascii	"stGetAlarm\000"
 355      74416C61 
 355      726D00
 356 0072 00       		.ascii	"\000"
 357 0073 00       		.ascii	"\000"
 358 0074 00       		.ascii	"\000"
 359 0075 00000000 		.ascii	"\000\000\000\000\000\000\000\000"
 359      00000000 
 360 007d C4000000 		.ascii	"\304\000\000\000"
 361 0081 73745F6C 		.ascii	"st_lld_init\000"
 361      6C645F69 
 361      6E697400 
 362 008d 00       		.ascii	"\000"
 363 008e 02       		.ascii	"\002"
 364 008f 00       		.ascii	"\000"
 365 0090 00000000 		.ascii	"\000\000\000\000\000\000\000\000"
 365      00000000 
 366 0098 C6000000 		.ascii	"\306\000\000\000"
 367              		.text
 368              		.section	.gnu.lto_.opts,"",%progbits
 369 0000 272D666D 		.ascii	"'-fmath-errno' '-fsigned-zeros' '-ftrapping-math' '"
 369      6174682D 
 369      6572726E 
 369      6F272027 
 369      2D667369 
 370 0033 2D666E6F 		.ascii	"-fno-trapv' '-fno-openmp' '-fno-openacc' '-mcpu=cor"
 370      2D747261 
 370      70762720 
 370      272D666E 
 370      6F2D6F70 
 371 0066 7465782D 		.ascii	"tex-m7' '-mno-thumb-interwork' '-mthumb' '-ggdb' '-"
 371      6D372720 
 371      272D6D6E 
 371      6F2D7468 
 371      756D622D 
 372 0099 4F322720 		.ascii	"O2' '-fomit-frame-pointer' '-falign-functions=16' '"
 372      272D666F 
 372      6D69742D 
 372      6672616D 
 372      652D706F 
 373 00cc 2D666675 		.ascii	"-ffunction-sections' '-fdata-sections' '-fno-common"
 373      6E637469 
 373      6F6E2D73 
 373      65637469 
 373      6F6E7327 
 374 00ff 2720272D 		.ascii	"' '-flto'\000"
 374      666C746F 
 374      2700
 375              		.text
 376              		.comm	__gnu_lto_v1,1,1
 377              		.comm	__gnu_lto_slim,1,1
 378              		.ident	"GCC: (GNU Tools for ARM Embedded Processors 6-2017-q1-update) 6.3.1 20170215 (release) [AR
ARM GAS  C:\Users\CYIRKO~1\AppData\Local\Temp\ccM4tQgf.s 			page 27


DEFINED SYMBOLS
                            *ABS*:00000000 hal_st.c
                            *COM*:00000001 __gnu_lto_v1
                            *COM*:00000001 __gnu_lto_slim

NO UNDEFINED SYMBOLS
