ARM GAS  C:\Users\CYIRKO~1\AppData\Local\Temp\ccMPZbuC.s 			page 1


   1              		.cpu cortex-m7
   2              		.eabi_attribute 20, 1
   3              		.eabi_attribute 21, 1
   4              		.eabi_attribute 23, 3
   5              		.eabi_attribute 24, 1
   6              		.eabi_attribute 25, 1
   7              		.eabi_attribute 26, 1
   8              		.eabi_attribute 30, 2
   9              		.eabi_attribute 34, 1
  10              		.eabi_attribute 18, 4
  11              		.file	"main.c"
  12              		.text
  13              	.Ltext0:
  14              		.section	.gnu.lto_.profile.956e5bdf,"",%progbits
  15 0000 789C6365 		.ascii	"x\234ce`b`e```d\230\302\250\001\000\002|\000\313"
  15      60626065 
  15      60606064 
  15      98C2A801 
  15      00027C00 
  16              		.text
  17              		.section	.gnu.lto_.icf.956e5bdf,"",%progbits
  18 0000 789C6365 		.ascii	"x\234ce`b\220b@\000\026\206\315\235\207\2329\230\316"
  18      60629062 
  18      40001686 
  18      CD9D879A 
  18      3998CE
  19 0013 3FFA3B9F 		.ascii	"?\372;\237\221\345\366\334\233\335ll\323&\\\177\314"
  19      91E5F6DC 
  19      9BDD6C6C 
  19      D3265C7F 
  19      CC
  20 0024 CF0000A0 		.ascii	"\317\000\000\240\374\013\332"
  20      FC0BDA
  21              		.text
  22              		.section	.gnu.lto_.jmpfuncs.956e5bdf,"",%progbits
  23 0000 789C7DD1 		.ascii	"x\234}\321\313N\0021\024\006\340\363\267\235a$&\370"
  23      CB4E0231 
  23      1406E0F3 
  23      B79D6124 
  23      26F8
  24 0012 00BE2B8D 		.ascii	"\000\276+\215\013`a\334\232\230\230Y`\202 \267\341&"
  24      0B6061DC 
  24      9A989859 
  24      608220B7 
  24      E126
  25 0024 18566834 		.ascii	"\030Vh4\\\302\212\035{W>\001\227\304\236i\021\022fl"
  25      5CC28A1D 
  25      7B573E01 
  25      97C49E69 
  25      1112666C 
  26 0038 D2CDF9FB 		.ascii	"\322\315\371\373\265\347\244\036\011\272\022\364\267"
  26      B5E7A41E 
  26      09BA12F4 
  26      B7
  27 0045 60B6C0BD 		.ascii	"`\266\300\275\304\364\351mwy'CI\360P\3015\221\317\345"
  27      C4F4E96D 
  27      77792743 
ARM GAS  C:\Users\CYIRKO~1\AppData\Local\Temp\ccMPZbuC.s 			page 2


  27      49F050C1 
  27      3591CFE5 
  28 0059 D1E8679D 		.ascii	"\321\350g\235\311\357u\020J\224%\203g\344\011\2128\354"
  28      C9EF7510 
  28      4A942583 
  28      67E4098A 
  28      38EC
  29 006b 17175196 		.ascii	"\027\027Q\226\215\000PeC\211\314<\202\232c\377\2353"
  29      8D005065 
  29      4389CC3C 
  29      829A63FF 
  29      9D33
  30 007d 7DE1E578 		.ascii	"}\341\345x\3758\274\255\272\353\005\352\216\251\344"
  30      FD38BCAD 
  30      BAEB05EA 
  30      8EA9E4
  31 008c AE1A4776 		.ascii	"\256\032Gv\022\312\2624)\2326L\240\334Y+\215*\023\266"
  31      12CAB234 
  31      299A364C 
  31      A0DC592B 
  31      8D2A13B6 
  32 00a0 5329371B 		.ascii	"S)7\033\245Q\317\204\035\033\306s>L\266\357\027<\212"
  32      A551CF84 
  32      1D1BC673 
  32      3E4CB6EF 
  32      173C8A
  33 00b3 822E95B4 		.ascii	"\202.\225\264B\327\214\203 \226\353\331p\225\341\314"
  33      42D78C83 
  33      2096EBD9 
  33      7095E1CC 
  34 00c3 83D6408F 		.ascii	"\203\326@\217\007\345\372r\265\231\347\270\356\343\006"
  34      07E5FA72 
  34      B599E7B8 
  34      EEE306
  35 00d2 E8DB2F39 		.ascii	"\350\333/9\205\203\357\351g\326A`pp\315\250\376\350"
  35      8583EFE9 
  35      67D64160 
  35      7070CDA8 
  35      FEE8
  36 00e4 3B27F07A 		.ascii	";'\360z\356z\037_\205\300:`\0303{\314\254_\305\214\206"
  36      EE7A1F5F 
  36      85C03A60 
  36      18337BCC 
  36      AC5FC58C 
  37 00f9 74       		.ascii	"t"
  38              		.text
  39              		.section	.gnu.lto_.inline.956e5bdf,"",%progbits
  40 0000 789C6365 		.ascii	"x\234ce`b\310c@\000F\006\006\255\311Z\214\014Ll\007"
  40      6062C863 
  40      40004606 
  40      06ADC95A 
  40      8C0C4C6C 
  41 0015 CEAB30B0 		.ascii	"\316\2530\260\000e\201\200\211\233\011(\301\302\313"
  41      00658180 
  41      899B0928 
  41      C1C2CB
  42 0024 C4C0CCC0 		.ascii	"\304\300\314\3000\301\017\223\301\314\303\000R\211J"
ARM GAS  C:\Users\CYIRKO~1\AppData\Local\Temp\ccMPZbuC.s 			page 3


  42      30C10F93 
  42      C1CCC300 
  42      52894A
  43 0033 B1F03280 		.ascii	"\261\3602\200d1hF.\030\301\000\000\035\002\006\221"
  43      64316846 
  43      2E18C100 
  43      001D0206 
  43      91
  44              		.text
  45              		.section	.gnu.lto_.pureconst.956e5bdf,"",%progbits
  46 0000 789C6365 		.ascii	"x\234ce`b`f```d0\001\000\000\240\000@"
  46      60626066 
  46      60606064 
  46      30010000 
  46      A00040
  47              		.text
  48              		.section	.gnu.lto_main.956e5bdf,"",%progbits
  49 0000 789C8D95 		.ascii	"x\234\215\225\331O\023Q\024\306\3577gfZkY\025}\251I"
  49      D94F1351 
  49      14C6EF37 
  49      67665A6B 
  49      59157DA9 
  50 0015 5F7C201A 		.ascii	"_| \032\377\007\377\024\227D1\321\007\343{GD$\200k\024"
  50      FF07FF14 
  50      974431D1 
  50      07E37B47 
  50      4424806B 
  51 002a 52B49926 		.ascii	"R\264\231&\030\001A\240 j]\260\002.(\224Ep\303\015\005"
  51      180141A0 
  51      206A5DB0 
  51      022E2894 
  51      4570C30D 
  52 003f 135C1E8C 		.ascii	"\023\\\036\214\032\343\206\236;S\006j\307\2117i\347"
  52      1AE3869E 
  52      3B53066A 
  52      C7893769 
  52      E7
  53 0050 CE9D737F 		.ascii	"\316\235s\177\347\373\346\236{G\023\212\010\373\204"
  53      E7FBE69E 
  53      7B47138A 
  53      08FB84
  54 005f 2814426C 		.ascii	"(\024Bl\345\037|\002\312\221\264\020{\375\012\310\356"
  54      E51F7C02 
  54      CA91B410 
  54      7BFD0AC8 
  54      EE
  55 0070 1034BBA3 		.ascii	"\0204\273\243\332\235\033~MQ\333\206\2050\002\372\014"
  55      DA9D1B7E 
  55      4D51DB86 
  55      853002FA 
  55      0C
  56 0081 FF07753B 		.ascii	"\377\007u;r#DD!U\323\021!\022v\323\004R*\216\246\027"
  56      72234444 
  56      2155D311 
  56      211276D3 
  56      04522A8E 
  57 0097 2EB21DA6 		.ascii	".\262\035\246z\302XE\347):D&\011\250|\373q\270\341u"
ARM GAS  C:\Users\CYIRKO~1\AppData\Local\Temp\ccMPZbuC.s 			page 4


  57      7AC25845 
  57      E7293A44 
  57      2609A87C 
  57      FB71B8E1 
  58 00ac BEBC05C2 		.ascii	"\276\274\005\302|;y\274\2755X\332dpK\325\217\226D\233"
  58      7C3B79BC 
  58      BD3558DA 
  58      64704BD5 
  58      8F96449B 
  59 00c0 53AA498A 		.ascii	"S\252I\212\210rt3BhBHjmA\251\340\340\203\367+\347T\012"
  59      88727433 
  59      42684248 
  59      6A6D41A9 
  59      E0E083F7 
  60 00d8 40F6FB4F 		.ascii	"@\366\373O\367\365jk\033\015\243\334H=8\243E\215TE\330"
  60      F7F56A6B 
  60      1B0DA3DC 
  60      483D38A3 
  60      458D5445 
  61 00ed 24C25950 		.ascii	"$\302YP\366d!\243_%\346O\344\351*Z\261V\262\031\331"
  61      F66421A3 
  61      5F25E64F 
  61      E4E92A5A 
  61      B156B219 
  62 0102 061D7C91 		.ascii	"\006\035|\221#\035\343H\031\363\277\017\030\251\364"
  62      231DE348 
  62      19F3BF0F 
  62      18A9F4
  63 0111 AAEA1DC5 		.ascii	"\252\352\035\305\020r\260\310\372\027\242\3322X\303"
  63      1072B0C8 
  63      FA17A2DA 
  63      3258C3
  64 0120 9A04BDC3 		.ascii	"\232\004\275\303\276x\367:9U2\223\311\367S\276\310/"
  64      BE78F73A 
  64      39553293 
  64      C9F753BE 
  64      C82F
  65 0132 C36F921A 		.ascii	"\303o\222\032%\011;\207\2100I\0232\256\207\334\343\230"
  65      25093B87 
  65      88304913 
  65      32AE87DC 
  65      E398
  66 0144 837627AE 		.ascii	"\203v'\2562~\315-N\217\312\367\212\016\216\343\007\015"
  66      327ECD2D 
  66      4E8FCAF7 
  66      8A0E8EE3 
  66      070D
  67 0156 7D3FFA97 		.ascii	"}?\372\227\311W\346\203QUe\250\350D\210\207\317\017"
  67      C957E683 
  67      515565A8 
  67      E8448887 
  67      CF0F
  68 0168 DCAEF4CB 		.ascii	"\334\256\364\313a?\200\2045\324\236h\213\351rh\031\312"
  68      613F8084 
  68      35D49E68 
  68      8BE97268 
  68      19CA
ARM GAS  C:\Users\CYIRKO~1\AppData\Local\Temp\ccMPZbuC.s 			page 5


  69 017a 15742164 		.ascii	"\025t!dR\300\3122\355\221\245\233\263d\220\027\336\014"
  69      52C0CA32 
  69      ED91A59B 
  69      B3649017 
  69      DE0C
  70 018c DE0AD848 		.ascii	"\336\012\330H\0038\317\357p\011c\326\203\321\263\310"
  70      0338CFEF 
  70      700963D6 
  70      83D1B3C8 
  71 019c 98BA7B69 		.ascii	"\230\272{i\302\227a0\344\2025\230\236\370~\257 #\014"
  71      C2976130 
  71      E4823598 
  71      9EF87EAF 
  71      20230C
  72 01af B8B800DD 		.ascii	"\270\270\000\335\037\377\340\006]\036%\225\241\227l"
  72      1FFFE006 
  72      5D1E2595 
  72      A1976C
  73 01be FB75FBFB 		.ascii	"\373u\373\373F,`\020\177\305\005\033\311^\336\267C\223"
  73      462C6010 
  73      7FC5051B 
  73      C95EDEB7 
  73      4393
  74 01d0 03011331 		.ascii	"\003\001\0231\230\224\207\313\210 )\227\236\037\304"
  74      989487CB 
  74      88202997 
  74      9E1FC4
  75 01df BF7F9B0C 		.ascii	"\277\177\233\014rp\225a\204%\340\012LX\011q\025\221"
  75      72709561 
  75      8425E00A 
  75      4C580971 
  75      1591
  76 01f1 A5ECFCBF 		.ascii	"\245\354\374\277\331\371\215rI\263\331\005\350e\366"
  76      D9F98D72 
  76      49B3D905 
  76      E865F6
  77 0200 B55C76BC 		.ascii	"\265\\v\274\027\022q\335\241\247\0201\251\320r\370\311"
  77      171271DD 
  77      A1A71031 
  77      A9D072F8 
  77      C9
  78 0211 AD60320E 		.ascii	"\255`2\016o\330\016\263-)\271\226\372<,\365;I\007,K"
  78      6FD80EB3 
  78      2D29B996 
  78      FA3C2CF5 
  78      3B49072C 
  79 0226 D91E28D7 		.ascii	"\331\036(\327\303MO\017\267\034\334\355E\017_=<\334"
  79      C34D4F0F 
  79      B71CDCED 
  79      450F5F3D 
  79      3CDC
  80 0238 71F3A0E6 		.ascii	"q\363\240\346z\030\364\360p\327Iz\317\305\203\226\353"
  80      7A18F4F0 
  80      70D7497A 
  80      CFC58396 
  80      EB
  81 0249 61C8D3C3 		.ascii	"a\310\323\303\260\203K\333\036\344\006&1#h\026\345\361"
ARM GAS  C:\Users\CYIRKO~1\AppData\Local\Temp\ccMPZbuC.s 			page 6


  81      B0834BDB 
  81      1EE40626 
  81      31236816 
  81      E5F1
  82 025b A6DAF5D6 		.ascii	"\246\332\365\326\356\347\355\315\263;\336'\277\345\311"
  82      EEE7EDCD 
  82      B33BDE27 
  82      BFE5C9
  83 026a 0AE0E5C6 		.ascii	"\012\340\345\306\210ub\324\260|>\365H\026}G\355\032"
  83      887562D4 
  83      B07C3EF5 
  83      48167D47 
  83      ED1A
  84 027c 17EB4551 		.ascii	"\027\353EQ)\012\243n\326]*r\314\303\372\270\243\365"
  84      290AA36E 
  84      D65D2A72 
  84      CCC3FAB8 
  84      A3F5
  85 028e BE65FDAA 		.ascii	"\276e\375\252Y\333bm\301b(\230@(F\214Xam\300D\360\337"
  85      59DB626D 
  85      C1622898 
  85      4028468C 
  85      58616DC0 
  86 02a5 5226FFB3 		.ascii	"R&\377\263\222\036xHy\350HydI\35190\224\310H\001\036"
  86      921E7848 
  86      79E84879 
  86      6449E939 
  86      3094C848 
  87 02bb 6749E9F1 		.ascii	"gI\351\361\220\362\344?\013b\312C\312SG\3123\216Z\232"
  87      90F2E43F 
  87      0B62CA43 
  87      CA5347CA 
  87      338E5A9A 
  88 02cf BB229E74 		.ascii	"\273\"\236t\313\2752J:\347~n\347\036<}\371gP*/\201\206"
  88      CBBD324A 
  88      3AE77E6E 
  88      E71E3C7D 
  88      F967502A 
  89 02e6 17F2B459 		.ascii	"\027\362\264Y%\346\260\257\2562\226\370\254\310\331"
  89      25E6B0AF 
  89      AE3296F8 
  89      ACC8D9
  90 02f5 312A62E2 		.ascii	"1*b\342\322C\224\277Gx\311j\270B\302\013\345\301QV9"
  90      D24394BF 
  90      4778C96A 
  90      B842C20B 
  90      E5C15156 
  91 030a 6882BF7A 		.ascii	"h\202\277z\\;\212\260G!fP1\322?\004\033%9\243\355-'"
  91      5C3B8AB0 
  91      47216650 
  91      31D23F04 
  91      1B2539A3 
  92 0321 F36D0EC7 		.ascii	"\363m\016\307b\332\376\364|a(\327\024\035[\316(\265"
  92      62DAFEF4 
  92      7C6128D7 
  92      141D5BCE 
  92      28B5
ARM GAS  C:\Users\CYIRKO~1\AppData\Local\Temp\ccMPZbuC.s 			page 7


  93 0333 6B357F4D 		.ascii	"k5\177Mt.CT\313\263\205\233o\347\246\262]\033\266\010"
  93      742E4354 
  93      CBB3859B 
  93      6FE7A6B2 
  93      5D1BB608 
  94 0347 7DF3EEB2 		.ascii	"}\363\356\262m\333\367\374\001]\356`\365"
  94      6DDBF7FC 
  94      015DEE60 
  94      F5
  95              		.text
  96              		.section	.gnu.lto_PWM3cfg.956e5bdf,"",%progbits
  97 0000 789C6365 		.ascii	"x\234ce`bHfd`\000\"0\230\316\314\270\376\315\316\237"
  97      60624866 
  97      64600022 
  97      3098CECC 
  97      B8FECDCE 
  98 0015 BC7DCCF3 		.ascii	"\274}\314\363\231\201\202@\356\264\326C\347\331A\\F"
  98      99818240 
  98      EEB4D643 
  98      E7D9415C 
  98      46
  99 0026 30F7D19D 		.ascii	"0\367\321\235\003\263\230-\2665t,hP\230\317\3144\003"
  99      03B3982D 
  99      B635742C 
  99      685098CF 
  99      CC3403
 100 0039 A86A39A3 		.ascii	"\250j9\243\314\014\240\354\012F\031\220\202C\2376,\347"
 100      CC0CA0EC 
 100      0A461990 
 100      82439F36 
 100      2CE7
 101 004b 01A96766 		.ascii	"\001\251gfd\006r\267\0349\336\306\0011\215\021\310\235"
 101      640672B7 
 101      1C39DEC6 
 101      01318D11 
 101      C89D
 102 005d D9FFF93D 		.ascii	"\331\377\371=/\252\366\325(\332\217\376\377~\200\037"
 102      2FAAF6D5 
 102      28DA8FFE 
 102      FF7E801F 
 103 006d A29D8918 		.ascii	"\242\235\211\030\353\010*\230p\250\243\223\037\242\300"
 103      EB082A98 
 103      70A8A393 
 103      1FA2C0
 104 007c 613E330B 		.ascii	"a>3\013\243\241\014\343zF\013F#\031\306u@j-\243\014"
 104      A3A10CE3 
 104      7A460B46 
 104      2319C675 
 104      406A2DA3 
 105 0091 E31A20BD 		.ascii	"\343\032 \275\012H\257d\264\000i\270\260n\345l>\210"
 105      0A48AF64 
 105      B40069B8 
 105      B06EE56C 
 105      3E88
 106 00a3 8B279C03 		.ascii	"\213'\234\003\011\334Y1\347\020+D`\301!9\240@\327\375"
 106      09DC5931 
 106      E7102B44 
ARM GAS  C:\Users\CYIRKO~1\AppData\Local\Temp\ccMPZbuC.s 			page 8


 106      60C12139 
 106      A040D7FD 
 107 00b7 8E06A891 		.ascii	"\216\006\250\221\011\363\231Yg031n\002\331\311\314\270"
 107      09F39959 
 107      67303331 
 107      6E02D9C9 
 107      CCB8
 108 00c9 1144B180 		.ascii	"\021D\261\200\254\236\301\314\312\270\201\321b\0063"
 108      AC9EC1CC 
 108      CAB881D1 
 108      620633
 109 00d8 1BC43DEC 		.ascii	"\033\304=\354 \212\201q3\320\016\000\252\363l\011"
 109      208A8171 
 109      33D00E00 
 109      AAF36C09 
 110              		.text
 111              		.section	.gnu.lto_PWM4cfg.956e5bdf,"",%progbits
 112 0000 789C6365 		.ascii	"x\234ce`bHfd`\000\"0\230\316\314\270\376\315\316\237"
 112      60624866 
 112      64600022 
 112      3098CECC 
 112      B8FECDCE 
 113 0015 BC7DCCF3 		.ascii	"\274}\314\363\231\201\202@\356\264\326C\347\331A\\F"
 113      99818240 
 113      EEB4D643 
 113      E7D9415C 
 113      46
 114 0026 30F7D19D 		.ascii	"0\367\321\235\003\263\230-\2665t,hP\230\317\3144\003"
 114      03B3982D 
 114      B635742C 
 114      685098CF 
 114      CC3403
 115 0039 A86A39A3 		.ascii	"\250j9\243\314\014\240\354\012F\031\220\202C\2376,\347"
 115      CC0CA0EC 
 115      0A461990 
 115      82439F36 
 115      2CE7
 116 004b 01A96766 		.ascii	"\001\251gfd&F\375\321\377\337\017\360C\3243\001\271"
 116      642646FD 
 116      D1FFDF0F 
 116      F043D433 
 116      01B9
 117 005d 5B8E1C6F 		.ascii	"[\216\034o\343\200\330\316\010\344\316\354\377\374\236"
 117      E380D8CE 
 117      08E4CEEC 
 117      FFFC9E
 118 006c 1755FB5A 		.ascii	"\027U\373Z\024\355\004\315?\367c\371Y.\210\002\207\371"
 118      14ED04CD 
 118      3FF763F9 
 118      592E8802 
 118      87F9
 119 007e CC2C8C86 		.ascii	"\314,\214\2062\214\353\031-\030\215d\030\327\001\251"
 119      328CEB19 
 119      2D188D64 
 119      18D701A9 
 120 008e 358C328C 		.ascii	"5\2142\214\253\201\364* \275\222\321\002\244\341\302"
 120      AB81F42A 
ARM GAS  C:\Users\CYIRKO~1\AppData\Local\Temp\ccMPZbuC.s 			page 9


 120      20BD92D1 
 120      02A4E1C2 
 121 009e BA95B3F9 		.ascii	"\272\225\263\371 .\230p\016$pg\305\234C\254\020\201"
 121      202E9870 
 121      0E247067 
 121      C59C43AC 
 121      1081
 122 00b0 0587E480 		.ascii	"\005\207\344\200\002?\376\254\271\306\00712a>3\353\014"
 122      023FFEAC 
 122      B9C60731 
 122      32613E33 
 122      EB0C
 123 00c2 6626C64D 		.ascii	"f&\306M ;\231\0317\202(\026\220\3253\230Y\03170Z\314"
 123      203B9919 
 123      37822816 
 123      90D53398 
 123      59193730 
 124 00d8 606683B8 		.ascii	"`f\203\270\207\035D10n\006\332\001\000n\261m\337"
 124      871D4431 
 124      306E06DA 
 124      01006EB1 
 124      6DDF
 125              		.text
 126              		.section	.gnu.lto_PWM1cfg.956e5bdf,"",%progbits
 127 0000 789C6365 		.ascii	"x\234ce`bHfd`\000\"0\230\316\314\270\376\315\316\237"
 127      60624866 
 127      64600022 
 127      3098CECC 
 127      B8FECDCE 
 128 0015 BC7DCCF3 		.ascii	"\274}\314\363\231\201\202@\356\264\326C\347\331A\\F"
 128      99818240 
 128      EEB4D643 
 128      E7D9415C 
 128      46
 129 0026 30F7D19D 		.ascii	"0\367\321\235\003\263\230-\2665t,hP\230\317\3144\003"
 129      03B3982D 
 129      B635742C 
 129      685098CF 
 129      CC3403
 130 0039 A86A39A3 		.ascii	"\250j9\243\314\014\240\354\012F\031\220\202C\2376,\347"
 130      CC0CA0EC 
 130      0A461990 
 130      82439F36 
 130      2CE7
 131 004b 01A96766 		.ascii	"\001\251gfd&F\375\321\377\337\017\360C\3243\001\271"
 131      642646FD 
 131      D1FFDF0F 
 131      F043D433 
 131      01B9
 132 005d 973E9C99 		.ascii	"\227>\234\231\313\015\261]\000\310]\335\375e\032/\252"
 132      CB0DB15D 
 132      00C85DDD 
 132      FD651A2F 
 132      AA
 133 006e F6B528DA 		.ascii	"\366\265(\332\011\232\177\365\304\217\365l\020\005\016"
 133      099A7FF5 
 133      C48FF56C 
ARM GAS  C:\Users\CYIRKO~1\AppData\Local\Temp\ccMPZbuC.s 			page 10


 133      10050E
 134 007d F3995918 		.ascii	"\363\231Y\030\015e\030\3273Z0\032\3110\256\003Rk\030"
 134      0D6518D7 
 134      335A301A 
 134      C930AE03 
 134      526B18
 135 0090 65185703 		.ascii	"e\030W\003\351U@z%\243\005H\303\205u+g\363A\\0\341\034"
 135      E955407A 
 135      25A30548 
 135      C385752B 
 135      67F3415C 
 136 00a7 48E0CE8A 		.ascii	"H\340\316\2129\207X!\002\013\016\311\001\0056\036X\370"
 136      39875821 
 136      020B0EC9 
 136      0105361E 
 136      58F8
 137 00b9 176A67C2 		.ascii	"\027jg\302|f\326\031\314L\214\233@v\002e@\024\013\310"
 137      7C66D619 
 137      CC4C8C9B 
 137      40760265 
 137      40140BC8 
 138 00cd EA19CCAC 		.ascii	"\352\031\314\254\214\033\030-f0\263A\334\303\016\242"
 138      8C1B182D 
 138      6630B341 
 138      DCC30EA2 
 139 00dd 18183703 		.ascii	"\030\0307\003\355\000\000\203\021m\241"
 139      ED000083 
 139      116DA1
 140              		.text
 141              		.section	.gnu.lto_.symbol_nodes.956e5bdf,"",%progbits
 142 0000 789C55CC 		.ascii	"x\234U\314\311\015\3020\024\204\341\3618f?\321\000\210"
 142      C90DC230 
 142      1484E1F1 
 142      38663FD1 
 142      0088
 143 0012 4A68890A 		.ascii	"Jh\211\012^\220\242p\245\000\266\004\263\324\220s\316"
 143      5E90A270 
 143      A500B604 
 143      B3D49073 
 143      CE
 144 0023 D400928F 		.ascii	"\324\000\222\217\324\200p\234 \341\323?\372\236\364"
 144      D480709C 
 144      20E1D33F 
 144      FA9EF4
 145 0032 0C88A902 		.ascii	"\014\210\251\002\300#\005\330>\000\237*-\274\031K\316"
 145      C02305D8 
 145      3E009F2A 
 145      2DBC194B 
 145      CE
 146 0043 FDC9EC68 		.ascii	"\375\311\354h\326\213f\\\250\002\354\231\264p%\002\034"
 146      D68B665C 
 146      A802EC99 
 146      B4702502 
 146      1C
 147 0054 A803A83B 		.ascii	"\250\003\250;E\205/@\232.=\334(\214\340L\321\021\224"
 147      45852F40 
 147      9A2E3DDC 
ARM GAS  C:\Users\CYIRKO~1\AppData\Local\Temp\ccMPZbuC.s 			page 11


 147      288CE04C 
 147      D11194
 148 0067 94248282 		.ascii	"\224$\202\202b\"8Qz\377\2401\201}~\224\306\030u\350"
 148      62223851 
 148      7AFFA031 
 148      817D7E94 
 148      C61875E8 
 149 007b 08AE6BF6 		.ascii	"\010\256k\366jkC\207\250\273\272\256Y\376\236i\014P"
 149      6A6B4387 
 149      A8BBBAAE 
 149      59FE9E69 
 149      0C50
 150 008d E7AE5A35 		.ascii	"\347\256Z5\303\375F\266\011\243\017\333\014|\001\322"
 150      C3FD46B6 
 150      09A30FDB 
 150      0C7C01D2 
 151 009d 7B43EF   		.ascii	"{C\357"
 152              		.text
 153              		.section	.gnu.lto_.refs.956e5bdf,"",%progbits
 154 0000 789C05C1 		.ascii	"x\234\005\301\211\001\000 \010\304\260\243\310\247\316"
 154      89010020 
 154      08C4B0A3 
 154      C8A7CE
 155 000f E0FE639A 		.ascii	"\340\376c\232\204\320\2234\302\022\022/V\021M6\266\361"
 155      84D09334 
 155      C212122F 
 155      56114D36 
 155      B6F1
 156 0021 435C7D0C 		.ascii	"C\\}\014u\000\252"
 156      7500AA
 157              		.text
 158              		.section	.gnu.lto_.decls.956e5bdf,"",%progbits
 159 0000 789CB559 		.ascii	"x\234\265YkTTW\226\256sO\025\024\305C\007\235\214\253"
 159      6B545457 
 159      96AE734F 
 159      1514C543 
 159      079D8CAB 
 160 0014 176B9693 		.ascii	"\027k\226\223E\224\325\223V\321t\222\351I\257I\002&"
 160      4594D593 
 160      56D17492 
 160      E949AF49 
 160      0226
 161 0026 71DA075D 		.ascii	"q\332\007]\230\351\351\325\316\260\020Je\302\303\206"
 161      98E9E9D5 
 161      CEB0104A 
 161      65C2C386 
 162 0036 32DD59F3 		.ascii	"2\335Y\363\243/\202\012\250\274\024\004\005\005\021"
 162      A32F820A 
 162      A8BC1404 
 162      050511
 163 0045 E5212222 		.ascii	"\345!\"\"\017\005\024\212\247\210/TTT@T|\202<\024\021"
 163      0F05148A 
 163      A7882F54 
 163      54544054 
 163      7C823C14 
 164 005a 89CC3E8F 		.ascii	"\211\314>\217\252{\253\250\262\223\231I-\366\275w\337"
 164      AA7BABA8 
ARM GAS  C:\Users\CYIRKO~1\AppData\Local\Temp\ccMPZbuC.s 			page 12


 164      B2939949 
 164      2DF6BD77 
 164      DF
 165 006b FB9DBDBF 		.ascii	"\373\235\275\277\263\317>\347\334}Q)\004E\265\273B1"
 165      B3CF3EE7 
 165      DC7D5129 
 165      0445B5BB 
 165      4231
 166 007d 5BA550BC 		.ascii	"[\245P\274/(\024\223\360\203KE\021\210=\310\034\220"
 166      2F281493 
 166      F0834B45 
 166      11883DC8 
 166      1C90
 167 008f 7F410AC5 		.ascii	"\177A\012\305i8\177\015\347\030\220\271p\035\007g\005"
 167      69387F0D 
 167      E71890B9 
 167      701D0767 
 167      05
 168 00a0 C724C2F5 		.ascii	"\307$\302\365.\220L\220\375 G@J@JA\354\340y\031\234"
 168      2E904C90 
 168      FD204740 
 168      4A404A41 
 168      ECE07919 
 169 00b5 2B404E80 		.ascii	"+@N\200T\201\324\020{\274\275\361\367\017X\241\370;"
 169      5481D410 
 169      7BBCBDF1 
 169      F70F58A1 
 169      F83B
 170 00c7 38BB82CC 		.ascii	"8\273\202\314\004\361\001Y\001R\013\270\243 u\026\276"
 170      04F10159 
 170      01520BB8 
 170      A3207516 
 170      BE
 171 00d8 8B400C88 		.ascii	"\213@\014\210q\373\0241n\313A\262A\3529\337\01487 \326"
 171      71FB1431 
 171      6ECB41B2 
 171      41EA39DF 
 171      0C383720 
 172 00ed 87540BBE 		.ascii	"\207T\013\276\245\234\343\021\3169\223\367\201\360="
 172      A59CE311 
 172      CE3993F7 
 172      81F03D
 173 00fc C1F95570 		.ascii	"\301\371Up\256e\234\267\374\367\027\314\260\204\317"
 173      AE659CB7 
 173      FCF717CC 
 173      B084CF
 174 010b 27F0EC43 		.ascii	"'\360\354C\304x\377\222\363P\303\365?\301\371#\220\245"
 174      C478FF92 
 174      F350C3F5 
 174      3FC1F923 
 174      90A5
 175 011d 20BF01F9 		.ascii	" \277\001\371W\220\017@\026\201,\264\260g\374\375\367"
 175      57900F40 
 175      16812CB4 
 175      B067FCFD 
 175      F7
 176 012e 4F64F74F 		.ascii	"Od\367O?\221\335]\030]\212>\232\201\3431r\325 %\250"
ARM GAS  C:\Users\CYIRKO~1\AppData\Local\Temp\ccMPZbuC.s 			page 13


 176      3F91DD5D 
 176      185D8A3E 
 176      9A81E331 
 176      72D52025 
 177 0143 43E776DF 		.ascii	"C\347v\337u\001u\246\006\315\006u \372~\217#{:\013\324"
 177      750175A6 
 177      06CD0675 
 177      20FA7E8F 
 177      237B3A0B 
 178 0158 F6C1B64C 		.ascii	"\366\301\266L\256N\007\2655\375\325M\027, b\347vK~!"
 178      AE4E07B5 
 178      35FDD54D 
 178      172C2062 
 178      E7764B7E 
 179 016d B1335783 		.ascii	"\2613W\203H\026N\203[\305OO\274rf\267\010\242\373U\336"
 179      48164E83 
 179      5BC54F4F 
 179      BC7266B7 
 179      08A2FB55 
 180 0182 17F30E8B 		.ascii	"\027\363\016\213\354\247\236%QhO\030>`\217\377\206\200"
 180      ECA79E25 
 180      51684F18 
 180      3E608FFF 
 180      8680
 181 0194 84F4D66B 		.ascii	"\204\364\326k\006%\362\320\034$\240\332\007#s\223\266"
 181      0625F2D0 
 181      1C24A0DA 
 181      07237393 
 181      B6
 182 01a5 88A2804A 		.ascii	"\210\242\200J\220\006\025#\214\216\240y\320\006,\302"
 182      90061523 
 182      8C8EA079 
 182      D0062CC2 
 183 01b5 31461437 		.ascii	"1F\0247\212\211Q\242\303W\012\224\207\334\320!\344\246"
 183      8A8951A2 
 183      C3570A94 
 183      87DCD021 
 183      E4A6
 184 01c7 40479107 		.ascii	"@G\221\007\361Gp\250\010n\036\206\233\340\"\377@\322"
 184      F14770A8 
 184      086E1E86 
 184      9BE022FF 
 184      40D2
 185 01d9 7E3B1C85 		.ascii	"~;\034\205\250\217\246S7\257+\221\306\303\252\201\343"
 185      A88FA653 
 185      37AF2B91 
 185      C6C3AA81 
 185      E3
 186 01ea 560C7032 		.ascii	"V\014p2\371\3576m\"dJ\201\3141\211\014pc\375(\036\316"
 186      F9EF366D 
 186      22644A81 
 186      CC31890C 
 186      7063FD28 
 187 0200 CFB1C70F 		.ascii	"\317\261\307\017\251\023T\274\351^\276\032:\357\006"
 187      A91354BC 
 187      E95EBE1A 
 187      3AEF06
ARM GAS  C:\Users\CYIRKO~1\AppData\Local\Temp\ccMPZbuC.s 			page 14


 188 020f F140B260 		.ascii	"\361@\262`\270\261`\034\257\035)R\342!F\250\374\370"
 188      B8B1601C 
 188      AF1D2952 
 188      E22146A8 
 188      FCF8
 189 0221 BDDD1A59 		.ascii	"\275\335\032Y\247\337\251\024\305\351\350$\270\251\224"
 189      A7DFA914 
 189      C5E9E824 
 189      B8A994
 190 0230 DCB899FA 		.ascii	"\334\270\231\372<\270_\304\263\024h\221\033Z\000\204"
 190      3CB85FC4 
 190      B3146891 
 190      1B5A0084 
 191 0240 4F006137 		.ascii	"O\000a7N\270\002\010\227\363\036\357\313kp\306\257\231"
 191      4EB80208 
 191      97F31EEF 
 191      CB6B70C6 
 191      AF99
 192 0252 83F494BA 		.ascii	"\203\364\224\272\343.\222\203\374wKiGj\300C\225\344"
 192      E32E9283 
 192      FC774B69 
 192      476AC043 
 192      95E4
 193 0264 E124B2E1 		.ascii	"\341$\262\341\242\332\272\213\373%\367\"]p\024\035\177"
 193      A2DABA8B 
 193      FB25F722 
 193      5D70141D 
 193      7F
 194 0275 61B8B5F7 		.ascii	"a\270\265\367\3264cP\315\233\327Zi\316\2304\267.\270"
 194      D6346350 
 194      CD9BD75A 
 194      69CE9834 
 194      B72EB8
 195 0288 D52E8AB3 		.ascii	"\325.\212\263\321i`rJbRc\014\351\356\252\347\255*\226"
 195      D1696072 
 195      4A625263 
 195      0CE9EEAA 
 195      E7AD2A96 
 196 029c 706A50AF 		.ascii	"pjP\257\267F&+q\007\313\270\322\206\2743.\270\213\271"
 196      B746262B 
 196      7107CBB8 
 196      D286BC33 
 196      2EB88BB9 
 197 02b0 7F7070B0 		.ascii	"\177pp\260\\\2605\246\2156\307\364\374\355\231\033E"
 197      5CB035A6 
 197      8D36C7F4 
 197      FCED991B 
 197      45
 198 02c1 11A106F0 		.ascii	"\021\241\006\360_/\371/5\372/M\275\272\313\036?f\016"
 198      5F2FF92F 
 198      35FA2F4D 
 198      BDBACB1E 
 198      3F660E
 199 02d4 27BA6E37 		.ascii	"'\272n7\013x\2109\274_\337X\246\262\345\360\214M\207"
 199      0B788839 
 199      BC5FDF58 
 199      A6B2E5F0 
ARM GAS  C:\Users\CYIRKO~1\AppData\Local\Temp\ccMPZbuC.s 			page 15


 199      8C4D87
 200 02e7 C3FF01B9 		.ascii	"\303\377\001\271\217Z\300]\263\025w\217\336\024?P\342"
 200      8F5AC05D 
 200      B315778F 
 200      DE143F50 
 200      E2
 201 02f8 71E6AE62 		.ascii	"q\346\256b\240\260\302\231\365\275\226\3509O3vjp$\246"
 201      A0B0C299 
 201      F5BD96E8 
 201      394F3376 
 201      6A7024A6 
 202 030c 0FF3FA32 		.ascii	"\017\363\3722\342\235\330\303\217A\335T\2210\211\361"
 202      E29DD8C3 
 202      8F41DD54 
 202      913089F1 
 203 031c 66F6ACAA 		.ascii	"f\366\254\252\242\272\211\007m\001I\265\232\241\\\007"
 203      A2BA8907 
 203      6D0149B5 
 203      9AA15C07 
 204 032c 36A5450C 		.ascii	"6\245E\014\372\231\003''xS\025\250\375\3111\217\235"
 204      FA990327 
 204      27785315 
 204      A8FDC931 
 204      8F9D
 205 033e 3531841D 		.ascii	"51\204\035\355\006\271o\354\210\002\265\023jh\276\033"
 205      ED06B96F 
 205      EC8802B5 
 205      136A68BE 
 205      1B
 206 034f BAC4C67C 		.ascii	"\272\304\306|\2444w\207#\216c\216b\357?\333\247\306"
 206      A4347787 
 206      238E638E 
 206      62EF3FDB 
 206      A7C6
 207 0361 0954118E 		.ascii	"\011T\021\216^\272\277\315\321V@:l\006d\374\017$ W!"
 207      5EBABFCD 
 207      D156403A 
 207      6C0664FC 
 207      0F242057 
 208 0376 2057AC04 		.ascii	" W\254\004\304\030\203\231<\006O\012:\257\270\340t\346"
 208      C4188399 
 208      3C064F0A 
 208      3AAFB8E0 
 208      74E6
 209 0388 BE71F265 		.ascii	"\276q\362e\3554\326\021A\2668\315d\213\323\216\246K"
 209      ED34D611 
 209      41B638CD 
 209      648BD38E 
 209      A64B
 210 039a BD0E783F 		.ascii	"\275\016x?\203v\344\026lq\300G\23129\221\226\351\210"
 210      8376E416 
 210      6C71C047 
 210      99323991 
 210      96E988
 211 03ad EB98B2B5 		.ascii	"\353\230\262\265\261\254\211\257\177-Do\272\223\263"
 211      B1AC89AF 
 211      7F2D446F 
ARM GAS  C:\Users\CYIRKO~1\AppData\Local\Temp\ccMPZbuC.s 			page 16


 211      BA93B3
 212 03bc 9B47AB96 		.ascii	"\233G\253\226,\210\2057\013\367:\340\263\014\274i{\177"
 212      2C888537 
 212      0BF73AE0 
 212      B30CBC69 
 212      7B7F
 213 03ce 31C61799 		.ascii	"1\306\027\231r;\363\331\210\022w\232s\361a\\\276\277"
 213      723BF3D9 
 213      8812779A 
 213      73F1615C 
 213      BEBF
 214 03e0 91DAEE8C 		.ascii	"\221\332\356\214{\330\263\232\353\027\357\012JA\201"
 214      7BD8B39A 
 214      EB17EF0A 
 214      4A4181
 215 03ef EE410FEF 		.ascii	"\356A\017\357\222\260\302\315C\207;\363\355\360c\206"
 215      92B0C2CD 
 215      43873BF3 
 215      EDF06386 
 216 03ff E87BBD29 		.ascii	"\350{\275)\321\231 \372\000\361\217n\350>R\222\333["
 216      D19920FA 
 216      00F18F6E 
 216      E83E5292 
 216      DB5B
 217 0411 72F737AA 		.ascii	"r\3677\252\361\010\303\024\355~\020\245&\230\207\200"
 217      F108C314 
 217      ED7E10A5 
 217      26988780 
 218 0421 F9B91B7A 		.ascii	"\371\271\033z@1B\336\2237\373\354\221\332c3\235w\033"
 218      403142DE 
 218      9337FBEC 
 218      91DA6333 
 218      9D771B
 219 0434 23A579A7 		.ascii	"#\245y\247@\217\221\232D\024=\201\350?BJ\213\311\367"
 219      408F919A 
 219      44143D81 
 219      E83F424A 
 219      8BC9F7
 220 0447 72D223BD 		.ascii	"r\322#\275\232L>\200)x\344\371\212\234\276\263\247\305"
 220      9A4C3E80 
 220      2978E4F9 
 220      8A9CBEB3 
 220      A7C5
 221 0459 051F53D2 		.ascii	"\005\037S\322\201\3356X\322b\335\003\032\000\303ow2"
 221      81DD3658 
 221      D262DD03 
 221      1A00C36F 
 221      7732
 222 046b 9A6E47C6 		.ascii	"\232nG\306\267\037@O\245\361%\036\251\243\033\327\323"
 222      B71F404F 
 222      A5F1251E 
 222      A9A31BD7 
 222      D3
 223 047c 2B045C43 		.ascii	"+\004\\C\035\241\312\232\376\205l$\334@;y{\250\226\017"
 223      1DA1CA9A 
 223      FE856C24 
 223      DC403B79 
ARM GAS  C:\Users\CYIRKO~1\AppData\Local\Temp\ccMPZbuC.s 			page 17


 223      7BA8960F 
 224 0490 670F5940 		.ascii	"g\017Y@7_;U\212q3\203V\334I9\355\300\260\327\211~\271"
 224      375F3B55 
 224      8A713383 
 224      56DC4939 
 224      EDC0B0D7 
 225 04a7 2F3B9AE7 		.ascii	"/;\232\347\364E\242\327w4\017*\361Y\006\2169\034_\217"
 225      F445A2D7 
 225      77340F2A 
 225      F159068E 
 225      391C5F8F 
 226 04bb 498647FD 		.ascii	"I\206G\375\240\325\036Z\264\265\275>\247\302\227X\363"
 226      A0D51E5A 
 226      B4B5BD3E 
 226      A7C29758 
 226      F3
 227 04cc 9D27EBAB 		.ascii	"\235'\353\253\034\361\025\246\334\215\353\255\267\303"
 227      1CF115A6 
 227      DC8DEBAD 
 227      B7C3
 228 04da 3798B2EF 		.ascii	"7\230\262\357\346\213V\204o3\245\274\357L\223\206O3"
 228      E68B5684 
 228      6F33A5BC 
 228      EF4C9386 
 228      4F33
 229 04ec C2B7A6FD 		.ascii	"\302\267\246\375\326\247\270\227=3\014\037=\304\351"
 229      D6A7B897 
 229      3D330C1F 
 229      3DC4E9
 230 04fb 91191893 		.ascii	"\221\031\030\223>|q\232\315)\367\3068\345\276gdn\214"
 230      3E7C719A 
 230      CD29F7C6 
 230      38E5BE67 
 230      646E8C
 231 050e 3576AA5C 		.ascii	"5v\252\\\023)\032\206KI\367\237\327\000/\240\360I\344"
 231      13291A86 
 231      4B49F79F 
 231      D7002FA0 
 231      F049E4
 232 0521 6A6C4413 		.ascii	"jlD\0231e\300E\016\036}\033\370HN\356.\015\356c$\367"
 232      3165C045 
 232      0E1E7D1B 
 232      F8484EEE 
 232      2E0DEE63 
 233 0537 8CDC7EC4 		.ascii	"\214\334~\304c\352\001\352\301\321\252(5~\314\236\355"
 233      63EA01EA 
 233      C1D1AA28 
 233      357ECC9E 
 233      ED
 234 0548 389579CE 		.ascii	"8\225y\316\036\0170\305\370\216\340\312\336\0216^\373"
 234      1E0F30C5 
 234      F88EE0CA 
 234      DE11365E 
 234      FB
 235 0559 1C0FB327 		.ascii	"\034\017\263'\247\223\222o#<\312\224\224\263O\346\342"
 235      A793926F 
 235      233CCA94 
ARM GAS  C:\Users\CYIRKO~1\AppData\Local\Temp\ccMPZbuC.s 			page 18


 235      94B34FE6 
 235      E2
 236 056a D7ECFA4D 		.ascii	"\327\354\372MK\375\\\034\251\242\327M\345y\207\020\336"
 236      4BFD5C1C 
 236      A9A2D74D 
 236      E5798710 
 236      DE
 237 057b C294E1DD 		.ascii	"\302\224\341\335MO4x+S\262\3323*\3258\236)\007\307R"
 237      4D4F3478 
 237      2B53B2DA 
 237      332AD538 
 237      9E2907C7 
 238 0590 0F3AE11D 		.ascii	"\017:\341\035L\271r\342j\214#NcJLII\232#\316`\312\306"
 238      4CB972E2 
 238      6A8C234E 
 238      634A4C49 
 238      499A23CE 
 239 05a7 AA1B497C 		.ascii	"\252\033I|\021\350!\372\275\334{Y\306\325\316\016\364"
 239      11E821FA 
 239      BDDC7B59 
 239      C6D5CE0E 
 239      F4
 240 05b8 B8F6B697 		.ascii	"\270\366\266\227\010g1p\\\371\345.\245\315\300\357\020"
 240      08673170 
 240      5CF9E52E 
 240      A5CDC0EF 
 240      10
 241 05c9 78E017D0 		.ascii	"x\340\027\320\270\247\324\244\224\271X\306\375\032\240"
 241      B8A7D4A4 
 241      94B958C6 
 241      FD1AA0
 242 05d8 EB287AA7 		.ascii	"\353(z\247\340jlC\320\027\357\347\344*-\003o\013\375"
 242      E06A6C43 
 242      D017EFE7 
 242      E42A2D03 
 242      6F0BFD
 243 05eb CEB3B8BA 		.ascii	"\316\263\270\272\027\316\310\335\335}\206\273\354\347"
 243      17CEC8DD 
 243      DD7D86BB 
 243      ECE7
 244 05f9 418FFBC5 		.ascii	"A\217\373\305\350(\261\366\331a\374\260\350\37461\313"
 244      E828B1F6 
 244      D961FCB0 
 244      E8FC3631 
 244      CB
 245 060a 80A8A971 		.ascii	"\200\250\251q\230=\351\302\014)u\317R\273y\344\250`"
 245      983DE9C2 
 245      0C2975CF 
 245      52BB79E4 
 245      A860
 246 061c 4D7A43D3 		.ascii	"MzC\323\305\332hL\341/,\341\317\247\300[e\360W\226\360"
 246      C5DA684C 
 246      E12F2CE1 
 246      CFA7C05B 
 246      65F05796 
 247 0631 2E0AF724 		.ascii	".\012\367$\350$\336\247O\225\012\224$\270\241D\201<"
 247      E824DEA7 
ARM GAS  C:\Users\CYIRKO~1\AppData\Local\Temp\ccMPZbuC.s 			page 19


 247      4F950A94 
 247      24B8A144 
 247      813C
 248 0643 226832ED 		.ascii	"\"h2\355\017\012\036h\217\340\216v\203\354\007\331\007"
 248      0F0A1E68 
 248      8FE08E76 
 248      83EC07D9 
 248      07
 249 0654 92015200 		.ascii	"\222\001R\000\262\027$\027$\013$\007\344\020H\036H6"
 249      B2172417 
 249      240B2407 
 249      E410481E 
 249      4836
 250 0666 4821482A 		.ascii	"H!H*H\032\310\001\220L\220] \371\202;]\205\030\307\316"
 250      481AC801 
 250      904C905D 
 250      20F9823B 
 250      5D8518C7 
 251 067b 608963BC 		.ascii	"`\211c\274`\301q\276e\217\332e\350\004\253hO\011<,\003"
 251      60C171BE 
 251      658FDA65 
 251      E804AB68 
 251      4F093C2C 
 252 0690 6FB50417 		.ascii	"o\265\004\027 \013t\247,X/\255\307V\2066\204H\350XK"
 252      200B74A7 
 252      2C582FAD 
 252      C7568636 
 252      8448E858 
 253 06a5 DBF996E8 		.ascii	"\333\371\226\350\3072&\333,\321uS\306\255]f|\213%|\223"
 253      C73226DB 
 253      2CD17553 
 253      C6AD5D66 
 253      7C8B257C 
 254 06ba 60D94D19 		.ascii	"`\331M\031:\322\022}\301\222J\257\214\312v\353T\344"
 254      3AD2127D 
 254      C1924AAF 
 254      8CCA76EB 
 254      54E4
 255 06cc 4191D9DE 		.ascii	"A\221\331\336l\235\211\031qY\014\307\254'\234Y~\312"
 255      6C9D8919 
 255      71590CC7 
 255      AC279C59 
 255      7ECA
 256 06de ACC7580F 		.ascii	"\254\307X\017\"\203\363W\271\247\256\221\344U\016`\362"
 256      2283F357 
 256      B9A7AE91 
 256      E4550E60 
 256      F2
 257 06ef DD8CD9EA 		.ascii	"\335\214\331\352\353w\335\021%\266,\240\306\242-\215"
 257      EB77DD11 
 257      25B62CA0 
 257      C6A22D8D 
 258 06ff 6DB40CDA 		.ascii	"m\264\014\332c\231\353(\353h\023\323H\200\207FRx\212"
 258      6399EB28 
 258      EB6813D3 
 258      48808746 
 258      52788A
ARM GAS  C:\Users\CYIRKO~1\AppData\Local\Temp\ccMPZbuC.s 			page 20


 259 0712 E08A9239 		.ascii	"\340\212\2229\3348\365\321\210e\324\306e1\216\263\236"
 259      DC38F5D1 
 259      8865D4C6 
 259      65318EB3 
 259      9E
 260 0723 7872E3E3 		.ascii	"xr\343\343!\314\270\010\306'x\324\214\013:\037@\006"
 260      21CCB808 
 260      C62778D4 
 260      8C0B3A1F 
 260      4006
 261 0735 27AF246D 		.ascii	"'\257$m\035y.\370\021]\354\004\303\336\352t(\245f\360"
 261      1D792EF8 
 261      115DEC04 
 261      C3DEEA74 
 261      28A566F0 
 262 0749 8D78806E 		.ascii	"\215x\200n\304G\240\365a\301\264\021\223`Y\237\341\250"
 262      C447A0F5 
 262      61C1B411 
 262      9360599F 
 262      E1A8
 263 075b 0826F64F 		.ascii	"\010&\366O=\311\311\316\360(\341\216\340\024gzi\244"
 263      3DC9C9CE 
 263      F028E18E 
 263      E014677A 
 263      69A4
 264 076d 0CA535B9 		.ascii	"\014\2455\271Xpb\300\367\222Z7\337A\210.\230\2563\340"
 264      587062C0 
 264      F7925A37 
 264      DF41882E 
 264      98AE33E0 
 265 0781 E4E1E434 		.ascii	"\344\341\3444K\3514\203\257\240N\344\3441\303\303\335"
 265      4BE93483 
 265      AFA04EE4 
 265      E431C3C3 
 265      DD
 266 0792 037EFB89 		.ascii	"\003~\373\2115(.>~:~O\024\223\235\350\312\335\006\261"
 266      35282E3E 
 266      7E3A7E4F 
 266      14939DE8 
 266      CADD06B1 
 267 07a6 2B99BA80 		.ascii	"+\231\272\200NY\342\272\3419K\306\022\336\373\013\320"
 267      4E59E2BA 
 267      E1394BC6 
 267      12DEFB0B 
 267      D0
 268 07b7 FB36607D 		.ascii	"\3736`}\026\244\025\3448H)\310Q\220c\246\345\212\270"
 268      16A415E4 
 268      384829C8 
 268      519063A6 
 268      E58AB8
 269 07ca 34E60DF1 		.ascii	"4\346\015\361\327c"
 269      D763
 270 07d0 DD9F7168 		.ascii	"\335\237qh\011\334\020,\301\317[\302\317\231\303a\010"
 270      09DC102C 
 270      C1CF5BC2 
 270      CF99C361 
 270      08
ARM GAS  C:\Users\CYIRKO~1\AppData\Local\Temp\ccMPZbuC.s 			page 21


 271 07e1 DBBF6199 		.ascii	"\333\277a\231P\006\231P\306\341\027\001~\301r\235\220"
 271      50069950 
 271      C6E11701 
 271      7EC1729D 
 271      90
 272 07f2 ED42E532 		.ascii	"\355B\3452\214\202\2644\276\323\233\365\331\224\254"
 272      8C82B434 
 272      BED39BF5 
 272      D994AC
 273 0801 57A0AB95 		.ascii	"W\240\253\225\274\333'\341\372\004t\261\302\274\213"
 273      BCDB27E1 
 273      FA0474B1 
 273      C2BC8B
 274 0810 7E8C7395 		.ascii	"~\214s\225\340\204\256\003\211J\033+\2625\363\212\277"
 274      E084AE03 
 274      894A1B2B 
 274      B235F38A 
 274      BF
 275 0821 627BFC3F 		.ascii	"b{\374?\231mR\015\\\266j\333S\232\357]]l\276W\232\317"
 275      996D520D 
 275      5CB66ADB 
 275      539AEF5D 
 275      5D6CBE57 
 276 0837 775926D5 		.ascii	"wY&\325\010\263\244\346\227\301c5pfH\033(\205\014\222"
 276      08B3A4E6 
 276      97C16335 
 276      7066481B 
 276      28850C92 
 277 084b 4ABF5344 		.ascii	"J\277SD\211\323\005\364o\357\240N@\334\240\010\300\303"
 277      89D305F4 
 277      6FEFA04E 
 277      40DCA008 
 277      C0C3
 278 085d F194A004 		.ascii	"\361\224\240\004\214\000W\247\241\305j\245\334b\255"
 278      8C0057A7 
 278      A1C56AA5 
 278      DC62AD
 279 086c 59069F66 		.ascii	"Y\006\237f\031,\217\307\020<\034$\244\332\201\224\201"
 279      192C8FC7 
 279      103C1C24 
 279      A4DA8194 
 279      81
 280 087d 87E4125C 		.ascii	"\207\344\022\\_\204\2204\2034\2014\2024\200\324\203"
 280      5F849034 
 280      83348134 
 280      823480D4 
 280      83
 281 088e D49985A9 		.ascii	"\324\231\205\251k\334\215-f09\3200\304\311`c{\261\352"
 281      6BDC8D2D 
 281      663039D0 
 281      30C4C960 
 281      637BB1EA 
 282 08a2 F3196FF0 		.ascii	"\363\031o\360\343|\276y\3653\346\223\344j\241\245\317"
 282      E37CBE79 
 282      F533E693 
 282      E46AA1A5 
 282      CF
ARM GAS  C:\Users\CYIRKO~1\AppData\Local\Temp\ccMPZbuC.s 			page 22


 283 08b3 8229A93D 		.ascii	"\202)\251=\376\347]b-\324\252\244\260/\343p^4\230\355"
 283      FEE75D62 
 283      2DD4AAA4 
 283      B02FE370 
 283      5E3498ED 
 284 08c7 AD04DBF9 		.ascii	"\255\004\333\371g6\354\244\0107X\232\256\233j:\214\301"
 284      6736ECA4 
 284      0837589A 
 284      AE9B6A3A 
 284      8CC1
 285 08d9 4911DD64 		.ascii	"I\021\335d\035.3\336\365\214\007\253\005\202\325j\011"
 285      1D2E33DE 
 285      F58C07AB 
 285      0582D56A 
 285      09
 286 08ea 9725AC6C 		.ascii	"\227%\254l\000\317\230\015`\213\331\000\306\310\327"
 286      00CF980D 
 286      608BD900 
 286      C6C8D7
 287 08f9 08740E02 		.ascii	"\010t\016\002\310\227\011\305\017\\#F\037\363H\032g"
 287      C89709C5 
 287      0F5C2346 
 287      1FF3481A 
 287      67
 288 090a 50C95BF9 		.ascii	"P\311[\371\033\376\313\274\267%6\3503t{\220\264\242"
 288      1BFECBBC 
 288      B72536E8 
 288      33747B90 
 288      B4A2
 289 091c DCB68A96 		.ascii	"\334\266\212\226\315\240\321~\272%\234\007\314\035\331"
 289      CDA0D17E 
 289      BA259C07 
 289      CC1DD9
 290 092b E7AC295B 		.ascii	"\347\254)[\202\265\336\376\240E\221\271\351{\310&j\211"
 290      82B5DEFE 
 290      A04591B9 
 290      E97BC826 
 290      6A89
 291 093d E5C64CF3 		.ascii	"\345\306L\363j\340g#\033\305\264\005\264B\3545O\224"
 291      6AE06723 
 291      1BC5B405 
 291      B442EC35 
 291      4F94
 292 094f 29337E60 		.ascii	")3~`:5d07d\254f\337\337\375\234T\263d\366=\223\272c"
 292      3A356430 
 292      3764AC66 
 292      DFDFFD9C 
 292      54B364F6 
 293 0967 A0DD6198 		.ascii	"\240\335a\230\216=\323\351\327\036\022\371\233\022\244"
 293      8E3DD3E9 
 293      D71E12F9 
 293      9B12A4
 294 0976 9A0EB0F1 		.ascii	"\232\016\260\361\213\324'\335\233\311\2671\262p\336"
 294      8BD427DD 
 294      9BC9B731 
 294      B270DE
 295 0985 923095D4 		.ascii	"\2220\225\324\014\231\314\260gmO\337V\345$\337\263\316"
ARM GAS  C:\Users\CYIRKO~1\AppData\Local\Temp\ccMPZbuC.s 			page 23


 295      0C99CCB0 
 295      676D4FDF 
 295      56E524DF 
 295      B3CE
 296 0997 9B25CC55 		.ascii	"\233%\314U\2260\344\014\340\261\354{\360N\360\202\025"
 296      9630E40C 
 296      E0B1EC7B 
 296      F04EF082 
 296      15
 297 09a8 20472777 		.ascii	" G'w\3668\343q\246\024\215u\227\253\360$S\266\3574\030"
 297      F638E371 
 297      A6148D75 
 297      97ABF024 
 297      53B6EF34 
 298 09bd 9438DA8E 		.ascii	"\2248\332\216*9\351I[T8\226)\371\311\211G\241DbJZ\301"
 298      2A39E949 
 298      5B543896 
 298      29F9C989 
 298      47A14462 
 299 09d4 B57107BC 		.ascii	"\265q\007\274\235)\271\343\257\007\311\267\2139\344"
 299      9D29B9E3 
 299      AF07C9B7 
 299      8B39E4
 300 09e3 9B2B967D 		.ascii	"\233+\226}d\234\303>2\236>{\206\224P\024,$f\027nu0~"
 300      649CC33E 
 300      329E3E7B 
 300      86945014 
 300      2C246617 
 301 09fb 9F81754D 		.ascii	"\237\201uM\345\2410\255j\350\016\214\346\034^\007w\301"
 301      E5A130AD 
 301      6AE80E8C 
 301      E61C5E07 
 301      77C1
 302 0a0d 1BC06DC1 		.ascii	"\033\300m\301\364\325\263\364\357O\220\257\221=\202"
 302      F4D5B3F4 
 302      EF4F90AF 
 302      913D82
 303 0a1c 06754B2F 		.ascii	"\006uK/\016sx\331s*\351f\237\006\357e.&\242R\237\311"
 303      0E7378D9 
 303      732AE966 
 303      9F06EF65 
 303      2E26A252 
 304 0a32 3EDEE62F 		.ascii	">\336\346/l\240\237\031\357A\323^\251i\217`\372\314"
 304      6CA09F19 
 304      EF41D35E 
 304      A9698F60 
 304      FACC
 305 0a44 6849E3AE 		.ascii	"hI\343\256\025\032\244\306\033\333_\255\306\207\250"
 305      151AA4C6 
 305      1BDB5FAD 
 305      C687A8
 306 0a53 13E5C8E8 		.ascii	"\023\345\310\350\266N\015\202\355\336\303\224\243\202"
 306      B64E0D82 
 306      EDDEC394 
 306      A382
 307 0a61 4216FD3E 		.ascii	"B\026\375>\236\240\217\300\326CH\306\007f\263\257\373"
 307      9EA08FC0 
ARM GAS  C:\Users\CYIRKO~1\AppData\Local\Temp\ccMPZbuC.s 			page 24


 307      D64348C6 
 307      0766B3AF 
 307      FB
 308 0a72 1CBE7128 		.ascii	"\034\276q(\036\312\252:Dy\335\002^\244\205\211\002M"
 308      1ECAAA3A 
 308      4479DD02 
 308      5EA48589 
 308      024D
 309 0a84 BA4EF926 		.ascii	"\272N\371&\375\3534\261v#\246\350\373V\321\262\024}"
 309      FDEB34B1 
 309      7623A6E8 
 309      FB56D1B2 
 309      147D
 310 0a96 53AD2153 		.ascii	"S\255!S\252\317<C\201\365\225\256\201dx{\231\351\341"
 310      AACF3C43 
 310      81F595AE 
 310      8164787B 
 310      99E9E1
 311 0aa9 CEF6F28E 		.ascii	"\316\366\362\216\032\227Hj\226\230\273\011f\237\010"
 311      1A97486A 
 311      9698BB09 
 311      669F08
 312 0ab8 33ADCDD4 		.ascii	"3\255\315\324d^\253\222y(\365\221\200I\037\237B\037"
 312      645EAB92 
 312      7928F591 
 312      80491F9F 
 312      421F
 313 0aca FBA18F8F 		.ascii	"\373\241\217\217\315&\334@\365,:O\0005u\302\215V\273"
 313      CD26DC40 
 313      F52C3A4F 
 313      003575C2 
 313      8D56BB
 314 0add 4A0B79A7 		.ascii	"J\013y\247m\307\2446\257>\333&\314\004\006\2216\031"
 314      6DC7A436 
 314      AF3EDB26 
 314      CC040691 
 314      3619
 315 0aef 28CCDC43 		.ascii	"(\314\334C\233\350\372\253eNx\230\345\347\375\263\305"
 315      9BE8FAAB 
 315      654E7898 
 315      E5E7FDB3 
 315      C5
 316 0b00 1BD57894 		.ascii	"\033\325x\224){\317\0359\253\302\343L\251*<\322.`\321"
 316      297BCF1D 
 316      39ABC2E3 
 316      4CA92A3C 
 316      D22E60D1 
 317 0b14 9E2A874F 		.ascii	"\236*\207O\014nE8\206)C[\212\3658\201]Gg&^\020Xm\377"
 317      0C6E4538 
 317      8629435B 
 317      8AF53881 
 317      5D476726 
 318 0b2d 3EA8A9B1 		.ascii	">\250\251\261\031=J\376E\210|d;\326\221W\245\306)\024"
 318      193D4AFE 
 318      45887C64 
 318      3BD69157 
 318      A5C62914 
ARM GAS  C:\Users\CYIRKO~1\AppData\Local\Temp\ccMPZbuC.s 			page 25


 319 0b41 EB9C989F 		.ascii	"\353\234\230\237X\241!\025\265\251\244\366\340\265\330"
 319      58A12115 
 319      B5A9A4F6 
 319      E0B5D8
 320 0b50 27D2EBF6 		.ascii	"'\322\353\366\010\364w\342\255%\344\370\257eu\236%z"
 320      08F477E2 
 320      AD25E4F8 
 320      AF65759E 
 320      257A
 321 0b62 6A9D2043 		.ascii	"j\235 C_\263DO-\305d\350\016\353\350\251\357N\2430\015"
 321      5FB3444F 
 321      2DC564E8 
 321      0EEBE8A9 
 321      EF4EA330 
 322 0b77 5ED06713 		.ascii	"^\320g\023<\261\243\261\007\022\261;\032\203\310\177"
 322      3CB1A3B1 
 322      0712B13B 
 322      1A83C87F 
 323 0b87 0F1209D7 		.ascii	"\017\022\011\327\223p\216\202\363F\2207p=\016\362\032"
 323      93708E82 
 323      F3469037 
 323      703D0EF2 
 323      1A
 324 0b98 E4955935 		.ascii	"\344\225Y5\335*\013\305\260%\201)\325]\257\214\356u"
 324      DD2A0BC5 
 324      B0258129 
 324      D55DAF8C 
 324      EE75
 325 0baa 4BB4BCFE 		.ascii	"K\264\274\376\342\305\240\314\370\240%|J==\376\317\022"
 325      E2C5A0CC 
 325      F8A0257C 
 325      4A3D3DFE 
 325      CF12
 326 0bbc FAB9D551 		.ascii	"\372\271\325Q\221\201\333e\246\207\254\363\226WL]5\032"
 326      9181DB65 
 326      A687ACF3 
 326      96574C5D 
 326      351A
 327 0bce 861F8024 		.ascii	"\206\037\200$\275a\235\271\314z_\265\2546|f\235\271"
 327      BD619DB9 
 327      CC7A5FB5 
 327      AC367C66 
 327      9DB9
 328 0be0 BCD01CA8 		.ascii	"\274\320\034\250b\373\331\204\345$G\265\347\306\216"
 328      62FBD984 
 328      E52447B5 
 328      E7C68E
 329 0bef AB703A4D 		.ascii	"\253p:MH\341\321\236\207\205\366h\206\207\265\301D["
 329      48E1D19E 
 329      8785F668 
 329      8687B5C1 
 329      445B
 330 0c01 600CFF2F 		.ascii	"`\014\377/\343\311\2304\235\242\033\370f<\003m\302\246"
 330      E3C99834 
 330      9DA21BF8 
 330      663C036D 
 330      C2A6
ARM GAS  C:\Users\CYIRKO~1\AppData\Local\Temp\ccMPZbuC.s 			page 26


 331 0c13 F575826E 		.ascii	"\365u\202nU\344kWkg\202\213|\233\"@i\012\307`\343\253"
 331      55E46B57 
 331      6B67828B 
 331      7C9B2240 
 331      690AC760 
 332 0c29 2EB9047C 		.ascii	".\271\004|\301\271\374\011%>\310\350o7d<u\262\3659\177"
 332      C1B9FC09 
 332      253EC8E8 
 332      6F37643C 
 332      75B2F539 
 333 0c3e 2BB6F539 		.ascii	"+\266\3659\277\357:\373\207J\034\326\240Xl\361A\237"
 333      BFEF3AFB 
 333      874A1CD6 
 333      A0586CF1 
 333      419F
 334 0c50 DC255F4A 		.ascii	"\334%_J\2677\324\010]\260\273\222\327\347\351\264?\010"
 334      B737D408 
 334      5DB0BB92 
 334      D7E7E9B4 
 334      3F08
 335 0c62 B123A242 		.ascii	"\261#\242B\325I\343\017!z\037\356\012\364\310\200\364"
 335      D549E30F 
 335      217A1FEE 
 335      0AF4C880 
 335      F4
 336 0c73 1632B6E0 		.ascii	"\0262\266\340\272\300U\201\233\244\177\2741\222Yd\217"
 336      BAC05581 
 336      9BA47FBC 
 336      31925964 
 336      8F
 337 0c84 9927E34F 		.ascii	"\231'\343O\301\340\214\211\202Zg\255\221 9@H\336@f\220"
 337      C1E08C89 
 337      825A67AD 
 337      91203940 
 337      48DE4066 
 338 0c99 D1E6CF4D 		.ascii	"\321\346\317M\374\024R\347\2201I\206\322\333\3724\335"
 338      FC1452E7 
 338      90314986 
 338      D2DBFA34 
 338      DD
 339 0caa F0760677 		.ascii	"\360v\006w\262\310?\277\311\367\366\266\263;0.f\253"
 339      B2C83FBF 
 339      C9F7F6B6 
 339      B33B302E 
 339      66AB
 340 0cbc DE58E4D5 		.ascii	"\336X\344\325:\315,Y\371\341\243\221\225\037\011\230"
 340      3ACD2C59 
 340      F9E1A391 
 340      951F0998 
 341 0ccc 941FAB95 		.ascii	"\224\037\253\225\314X\317\320\231\024\365\273Yb\326"
 341      CC58CFD0 
 341      9914F5BB 
 341      5962D6
 342 0cdb 1DD86F07 		.ascii	"\035\330o\007\360\303\202\315\342Eh\366)\305\241xi\000"
 342      F0C382CD 
 342      E24568F6 
 342      29C5A178 
ARM GAS  C:\Users\CYIRKO~1\AppData\Local\Temp\ccMPZbuC.s 			page 27


 342      6900
 343 0ced E0128EDB 		.ascii	"\340\022\216\333q7B\333p\027pK\304\357\222\377\257%"
 343      713742DB 
 343      7017704B 
 343      C4EF92FF 
 343      AF25
 344 0cff C6B6B8E0 		.ascii	"\306\266\270\340j\3468\241\354\346\3044\334\314\306"
 344      6AE638A1 
 344      ECE6C434 
 344      DCCCC6
 345 0d0e 3F2F734F 		.ascii	"?/sO\277\235i/\2770\216\373\257\220\267\253\2350\256"
 345      BF9D692F 
 345      BF308EFB 
 345      AF90B7AB 
 345      9D30AE
 346 0d21 C992D97B 		.ascii	"\311\222\331{\266\367\362\035\330\352^^TW\333F\376\325"
 346      B6F7F21D 
 346      D8EA5E5E 
 346      5457DB46 
 346      FED5
 347 0d33 A1A0A656 		.ascii	"\241\240\246V\323\377s\024EM\306\270\314\262Up\245\322"
 347      D3FF7314 
 347      454DC6B8 
 347      CCB25570 
 347      A5D2
 348 0d45 1EA760DE 		.ascii	"\036\247`\336\345c\011e\017\235\240\313=@k2F\225\036"
 348      E5630965 
 348      0F9DA0CB 
 348      3D406B32 
 348      46951E
 349 0d58 DBB44DCC 		.ascii	"\333\264M\314F\024\206\222$fI\244\303\344b\027\355h"
 349      46148692 
 349      246649A4 
 349      C3E46217 
 349      ED68
 350 0d6a C6966755 		.ascii	"\306\226gU\002\256V\323\216\266\225\344\227\270P\016"
 350      02AE56D3 
 350      8EB695E4 
 350      97B8500E 
 351 0d7a E4AD9A71 		.ascii	"\344\255\232q\270\261\255\273\305\236\336#%K:f\304\012"
 351      B8B1ADBB 
 351      C59EDE23 
 351      254B3A66 
 351      C40A
 352 0d8c BAB3B0D2 		.ascii	"\272\263\260\322X\345\355f7\033\206\263\263\235m\262"
 352      58E5ED66 
 352      371B86B3 
 352      B39D6DB2 
 353 0d9c CDA06CF7 		.ascii	"\315\240l\367\030\331\326\034\037ORs\266#\223\013\332"
 353      18D9D61C 
 353      1F4F5273 
 353      B623930B 
 353      DA
 354 0dad 8E89D12A 		.ascii	"\216\211\321*\202Ai\022\3254#\325LJ\265;\251(\326\016"
 354      82416912 
 354      D53423D5 
 354      4C4AB53B 
ARM GAS  C:\Users\CYIRKO~1\AppData\Local\Temp\ccMPZbuC.s 			page 28


 354      A928D60E 
 355 0dc1 9F6354AB 		.ascii	"\237cT\253\266\306^e\341jau&\334\213\337w\247\331\305"
 355      B6C65E65 
 355      E16A6175 
 355      26DC8BDF 
 355      77A7D9C5 
 356 0dd5 C46A1F63 		.ascii	"\304j\037c5\326;\341c\223T6%\225e$\3658\365\302o9\247"
 356      35D63BE1 
 356      63935436 
 356      25956524 
 356      F538F5C2 
 357 0dec D6A5E9A2 		.ascii	"\326\245\351\242A \000\264Wb\264\327\310h?e\324\237"
 357      412000B4 
 357      5762B4D7 
 357      C8683F65 
 357      D49F
 358 0dfe 1BB5631A 		.ascii	"\033\265c\032\356`\214N&\344\216\261\230\304\231\006"
 358      EE608C4E 
 358      26E48EB1 
 358      98C49906 
 359 0e0e 30BA6134 		.ascii	"0\272a4\311\031?\245\000!\276\261\371\225\312\2249\360"
 359      C9193FA5 
 359      0021BEB1 
 359      F995CA94 
 359      39F0
 360 0e20 C2357906 		.ascii	"\3025y\006\326 %:\004\360\\\313%\301\352\362r\320\312"
 360      D620253A 
 360      04F05CCB 
 360      25C1EAF2 
 360      72D0CA
 361 0e33 F2025E5E 		.ascii	"\362\002^^l\271\177\036Q\317\304\324\001\326\357\212"
 361      6CB97F1E 
 361      51CFC4D4 
 361      01D6EF8A 
 362 0e43 D8B407CE 		.ascii	"\330\264\007\316\370\025s}\365\374\320\011\027\344\341"
 362      F815737D 
 362      F5FCD009 
 362      17E4E1
 363 0e52 C4BF0876 		.ascii	"\304\277\010vN\217\"kQ!,t\371\222cX\354\024f\345\236"
 363      4E8F226B 
 363      51212C74 
 363      F9926358 
 363      EC1466E5 
 364 0e67 7C594405 		.ascii	"|YD\005\340[Z\031\301A\366\365\273\231,\332\304N\036"
 364      E05B5A19 
 364      C141F6F5 
 364      BB992CDA 
 364      C44E1E
 365 0e7a F37A3E35 		.ascii	"\363z>5\267\025\333\014w\021\015\367ac\270\207.=-\262"
 365      B715DB0C 
 365      77110DF7 
 365      6163B887 
 365      2E3D2DB2 
 366 0e8e E3F1EEDB 		.ascii	"\343\361\356\333\206\323h\016\000\006\345H\244r\214"
 366      86D3680E 
 366      0006E548 
 366      A4728C
ARM GAS  C:\Users\CYIRKO~1\AppData\Local\Temp\ccMPZbuC.s 			page 29


 367 0e9d 113F4223 		.ascii	"\021?B#>X*\366jp\264\203\365\005\301\314\331Q\263\005"
 367      3E582AF6 
 367      6A70B483 
 367      F505C1CC 
 367      D951B305 
 368 0eb1 A168D070 		.ascii	"\241h\320p\331\236\373\272\233\257\272qhs\255\017\305"
 368      D99EFBBA 
 368      9BAFBA71 
 368      6873AD0F 
 368      C5
 369 0ec2 A062C959 		.ascii	"\240b\311Y\261\321Y\011uV\363\274\261\321\011W3gQ}\335"
 369      B1D15909 
 369      7556F3BC 
 369      B1D10957 
 369      3367517D 
 370 0ed7 370563C2 		.ascii	"7\005c\302V\252\036\345\233\014\034\223\014\0343\032"
 370      56AA1EE5 
 370      9B0C1C93 
 370      0C1C331A 
 371 0ee7 28A506A2 		.ascii	"(\245\006\242.\304\357\261\303/\231\201\216\316\336"
 371      2EC4EFB1 
 371      C32F9981 
 371      8ECEDE
 372 0ef6 C38EEFE5 		.ascii	"\303\216\357\345P\003\315\255\036o\256D\2131\256\264"
 372      5003CDAD 
 372      1E6FAE44 
 372      8B31AEB4 
 373 0f06 2A3BCE0C 		.ascii	"*;\316\014\230>E(\310\035\362U\012\277G\376\231\034"
 373      983E4528 
 373      C81DF255 
 373      0ABF47FE 
 373      991C
 374 0f18 F7E0940A 		.ascii	"\367\340\224\012\177\317\214\264G\025\355\261\347F\206"
 374      7FCF8CB4 
 374      4715EDB1 
 374      E74686
 375 0f27 FF12291A 		.ascii	"\377\022)\032\224\324B\371\024\013\345\324B\005\265"
 375      94D442F9 
 375      140BE5D4 
 375      4205B5
 376 0f36 90712B43 		.ascii	"\220q+C\234\206\243X\355\223\274u\317\003\304-\264K"
 376      9C86A358 
 376      ED93BC75 
 376      CF03C42D 
 376      B44B
 377 0f48 162AA758 		.ascii	"\026*\247X\250\244\026NP\013\235\365\335\225\010\307"
 377      A8A4164E 
 377      500B9DF5 
 377      DD9508C7 
 378 0f58 320B9776 		.ascii	"2\013\227v_\036\267#\026j\351\332\332Z\036-\212\256"
 378      5F1EB723 
 378      166AE9DA 
 378      DA5A1E2D 
 378      8AAE
 379 0f6a B4D43BC9 		.ascii	"\264\324;\311\215H\237\012\311\235\225\260=UQ3ym)m\216"
 379      8D489F0A 
 379      C99D95B0 
ARM GAS  C:\Users\CYIRKO~1\AppData\Local\Temp\ccMPZbuC.s 			page 30


 379      3D555133 
 379      796D296D 
 380 0f7f 38899969 		.ascii	"8\211\231i\277s\267_\305\315\364\272\212\356\324B\365"
 380      BF73B75F 
 380      C5CDF4BA 
 380      8AEED442 
 380      F5
 381 0f90 140BD5DC 		.ascii	"\024\013\325\334B\015\265\220|~$\027\341tf\341"
 381      420DB590 
 381      7C7E2417 
 381      E17466E1 
 382 0fa0 F0CE2851 		.ascii	"\360\316(Q\311-\034CY\002\265pj\212\205S\334\302ij\241"
 382      C92D1C43 
 382      5902B570 
 382      6A8A8553 
 382      DCC2696A 
 383 0fb5 7BEC5A97 		.ascii	"{\354Z\227Y\215J\206P\332\374k\245\315\277\226n\376"
 383      598D4A86 
 383      50DAFC6B 
 383      A5CDBF96 
 383      6EFE
 384 0fc7 2DCD86AB 		.ascii	"-\315\206\253X\216/2\303\327aV\323\326Qp\346\311\362"
 384      588E2F32 
 384      C3D76156 
 384      D3D65170 
 384      E6C9F2
 385 0fda 6A8D1C9C 		.ascii	"j\215\034\234m\0066p\260\201\202\333\033[\012\315\300"
 385      6D063670 
 385      B08182DB 
 385      1B5B0ACD 
 385      C0
 386 0feb 1966E07A 		.ascii	"\031f\340z\016\256\247\340\350\202\254\006{98\325\014"
 386      0EAEA7E0 
 386      E882AC06 
 386      7B3938D5 
 386      0C
 387 0ffc DCC0C1E4 		.ascii	"\334\300\301\344"
 388 1000 AC0A080E 		.ascii	"\254\012\010\016\013\370F\375\345\362\257g{yz*4~~\033"
 388      0BF846FD 
 388      E5F2AF67 
 388      7B797A2A 
 388      347E7E1B 
 389 1014 8242F58B 		.ascii	"\202B\365\213\026\372\351\327\350~\265*`]\320\352\240"
 389      16FAE9D7 
 389      E87EB52A 
 389      605DD0EA 
 389      A0
 390 1025 08FD86C0 		.ascii	"\010\375\206\300\240\260U\372\260\260\340\210UkC7\314"
 390      A0B055FA 
 390      B0B0E088 
 390      556B4337 
 390      CC
 391 1036 A657B3FD 		.ascii	"\246W\263\375\303Cf\353BV\353\002\003u\201\253>\234"
 391      C34366EB 
 391      4256EB02 
 391      037581AB 
 391      3E9C
ARM GAS  C:\Users\CYIRKO~1\AppData\Local\Temp\ccMPZbuC.s 			page 31


 392 1048 B768F6C2 		.ascii	"\267h\366\302\005\236\037\375\321s\025\334\377EhX\250"
 392      059E1FFD 
 392      D17315DC 
 392      FF456858 
 392      A8
 393 1059 EE173AFF 		.ascii	"\356\027:\377\325A\253\202B\003\2027\004\352V\205\370"
 393      D541AB82 
 393      42038237 
 393      04EA5685 
 393      F8
 394 106a 83AD50DD 		.ascii	"\203\255P\335*\277@\335\032\377\015\301z?\375w\353u"
 394      2ABF40DD 
 394      1AFF0DC1 
 394      7A3FFD77 
 394      EB75
 395 107c 11F3D629 		.ascii	"\021\363\326)\324F\177\177\370\177\365\027\361]\304"
 395      D4467F7F 
 395      F87FF517 
 395      F15DC4
 396 108b 2ABF087D 		.ascii	"*\277\010} \030'N\002\326\371\207\206\352\202#\034X"
 396      2018274E 
 396      02D6F987 
 396      86EA8223 
 396      1C58
 397 109d FF3EF6D3 		.ascii	"\377>\366\323\333\363\263\323\372?\205\360\247~\372"
 397      DBF3B3D3 
 397      FA3F85F0 
 397      A77EFA
 398 10ac C58B7FB5 		.ascii	"\305\213\177\265\312\213p\360e\034(\237\260\010\317"
 398      CA8B70F0 
 398      651C289F 
 398      B008CF
 399 10bb 8F3E9C1F 		.ascii	"\217>\234\037\0261\177\235\177\360\374\365a\341\372"
 399      16317F9D 
 399      7FF0FCF5 
 399      61E1FA
 400 10ca 88F9BE2B 		.ascii	"\210\371\276+\227-Z8\177\351R\357\371+\227,\373\326"
 400      972D5A38 
 400      7FE952EF 
 400      F92B972C 
 400      FBD6
 401 10dc 933CF103 		.ascii	"\223<\361\003;~\301\301\201\340\315^\027\352\277:X\027"
 401      3B7EC1C1 
 401      81E0CD5E 
 401      17EABF3A 
 401      5817
 402 10ee E8484D87 		.ascii	"\350HM\207\206D|\343\247\267[\257\013\017\012\013T\223"
 402      86447CE3 
 402      A7B75BAF 
 402      0B0F0A0B 
 402      5493
 403 1100 5BA1D07B 		.ascii	"[\241\320{\273\200\260\3205Ak\225\253\003\365\3418 "
 403      BB80B0D0 
 403      35416B95 
 403      AB03F5E1 
 403      3820
 404 1112 7CA13224 		.ascii	"|\2412$,P\347\000O\311\331O\257\016\360\017\016^\355"
ARM GAS  C:\Users\CYIRKO~1\AppData\Local\Temp\ccMPZbuC.s 			page 32


 404      2C50E700 
 404      4FC9D94F 
 404      AF0EF00F 
 404      0E5EED
 405 1125 1FF08D33 		.ascii	"\037\360\2153i\300\257\375\364\323}~\267\314\213\221"
 405      69C0AFFD 
 405      F4D37D7E 
 405      B7CC8B91 
 406 1135 F5A2ED1D 		.ascii	"\365\242\355\035\326\204\353\376\270A\027\032\360\235"
 406      D684EBFE 
 406      B841171A 
 406      F09D
 407 1143 32304817 		.ascii	"20H\027\356@\236\323\007\252\010\275\277^Gt?\355\342"
 407      EE409ED3 
 407      07AA08BD 
 407      BF5E4774 
 407      3FEDE2
 408 1156 CFBC7FAF 		.ascii	"\317\274\177\257&W\276+W\370h\310\305\327\313\227,_"
 408      2657BE2B 
 408      57F868C8 
 408      C5D7CB97 
 408      2C5F
 409 1168 B272D15F 		.ascii	"\262r\321_\355-\217\246\261\177\3207\015\234\250i?="
 409      ED2D8FA6 
 409      B17FD037 
 409      0D9CA869 
 409      3F3D
 410 117a 31EE1D1E 		.ascii	"1\356\035\036\364\255.\034\353\203BT^^\313\264\213\204"
 410      F4AD2E1C 
 410      EB834254 
 410      5E5ECBB4 
 410      8B84
 411 118c 155AA5F7 		.ascii	"\025Z\245\367\262\317\264\330\333K\253\374\334{\245"
 411      B2CFB4D8 
 411      DB4BABFC 
 411      DC7BA5
 412 119b 167B7969 		.ascii	"\026{yi\261\026\3443\255\026\373\370za\257\345+\225"
 412      B116E433 
 412      AD16FBF8 
 412      7A61AFE5 
 412      2B95
 413 11ad 5E5E8BB5 		.ascii	"^^\213\265\024\277\220\036=\361\342/\265\202/\264\\"
 413      14BF901E 
 413      3DF1E22F 
 413      B5822FB4 
 413      5C
 414 11be B258ABF4 		.ascii	"\262X\253\364]\006h/\355B\020O@\376\273\326\353\177"
 414      5D06682F 
 414      ED42104F 
 414      40FEBBD6 
 414      EB7F
 415 11d0 392811FA 		.ascii	"9(\021\372\020\222WA\204\266\243I\361\323+?\373B\373"
 415      10925741 
 415      84B6A349 
 415      F1D32B3F 
 415      FB42FB
 416 11e3 15392C55 		.ascii	"\0259,U.\365\372\015\320\364\325j\321\357\320W0\025"
ARM GAS  C:\Users\CYIRKO~1\AppData\Local\Temp\ccMPZbuC.s 			page 33


 416      2EF5FA0D 
 416      D0F4D56A 
 416      D1EFD057 
 416      3015
 417 11f5 74FEE17C 		.ascii	"t\376\341|\006x~\010\203`\274\300\021:\375\027?\232"
 417      06787E08 
 417      8360BCC0 
 417      113AFD17 
 417      3F9A
 418 1207 C5973E4B 		.ascii	"\305\227>KV|\273\220\305\016\204\345\006^\341\255\305"
 418      567CBB90 
 418      C50E84E5 
 418      065EE1AD 
 418      C5
 419 1218 4BBCB52A 		.ascii	"K\274\265*\237\257}\274\265\366+|}\026/\366\326\332"
 419      9FAF7DBC 
 419      B5F62B7C 
 419      7D162FF6 
 419      D6DA
 420 122a AD58F97B 		.ascii	"\255X\371{\037\210\311\262\025\336\213\265\370s\255"
 420      1F88C9B2 
 420      15DE8BB5 
 420      F873AD
 421 1239 D689F15D 		.ascii	"\326\211\361]\273>(\014x\004\205\261\254P\206\370\007"
 421      BB3E280C 
 421      780485B1 
 421      AC5086F8 
 421      07
 422 124a 85DA93C3 		.ascii	"\205\332\223\303\274\000\205&`\335\312u\201\276\301"
 422      BC008526 
 422      60DDCA75 
 422      81BEC1
 423 1259 3ADD7A07 		.ascii	":\335z\007\310v\350\032 ~\371V\226\341z\323\210\006"
 423      C876E81A 
 423      207EF956 
 423      96E17AD3 
 423      8806
 424 126b AC236DF8 		.ascii	"\254#m\370\034\374\340\207\267\322\257\013\327\371\007"
 424      1CFCE087 
 424      B7D2AF0B 
 424      D7F907
 425 127a 9246D321 		.ascii	"\222F\323!\023\026\323D\347\031Ir\333W\357\037\256\377"
 425      1316D344 
 425      E7194972 
 425      DB57EF1F 
 425      AEFF
 426 128c 5B637FFD 		.ascii	"[c\177\375 nk\303\3036\254'\364\235\202\302H\204B\374"
 426      206E6BC3 
 426      C336AC27 
 426      F49D82C2 
 426      488442FC 
 427 12a0 C974D030 		.ascii	"\311t\3200%(\020&\"\004hIh\220~\376\217\311F\360\357"
 427      25281026 
 427      22046849 
 427      68907EFE 
 427      8FC946F0 
 428 12b5 10B0CEF7 		.ascii	"\020\260\316\367\273\010\322r\301\217\35244U\221\314"
ARM GAS  C:\Users\CYIRKO~1\AppData\Local\Temp\ccMPZbuC.s 			page 34


 428      BB08D272 
 428      C18FEA34 
 428      345591CC 
 429 12c5 F5A4C70F 		.ascii	"\365\244\307\017\350q\221=\034=\003\326\254%\347\017"
 429      E871913D 
 429      1C3D03D6 
 429      AC25E70F 
 430 12d5 F879119C 		.ascii	"\370y\021\234\377\007&\233\371\003"
 430      FF07269B 
 430      F903
 431              		.text
 432              		.section	.gnu.lto_.symtab.956e5bdf,"",%progbits
 433 0000 6D61696E 		.ascii	"main\000"
 433      00
 434 0005 00       		.ascii	"\000"
 435 0006 00       		.ascii	"\000"
 436 0007 00       		.ascii	"\000"
 437 0008 00000000 		.ascii	"\000\000\000\000\000\000\000\000"
 437      00000000 
 438 0010 90010000 		.ascii	"\220\001\000\000"
 439 0014 50574D33 		.ascii	"PWM3cfg\000"
 439      63666700 
 440 001c 00       		.ascii	"\000"
 441 001d 00       		.ascii	"\000"
 442 001e 00       		.ascii	"\000"
 443 001f 00000000 		.ascii	"\000\000\000\000\000\000\000\000"
 443      00000000 
 444 0027 BF010000 		.ascii	"\277\001\000\000"
 445 002b 50574D34 		.ascii	"PWM4cfg\000"
 445      63666700 
 446 0033 00       		.ascii	"\000"
 447 0034 00       		.ascii	"\000"
 448 0035 00       		.ascii	"\000"
 449 0036 00000000 		.ascii	"\000\000\000\000\000\000\000\000"
 449      00000000 
 450 003e BD010000 		.ascii	"\275\001\000\000"
 451 0042 50574D31 		.ascii	"PWM1cfg\000"
 451      63666700 
 452 004a 00       		.ascii	"\000"
 453 004b 00       		.ascii	"\000"
 454 004c 00       		.ascii	"\000"
 455 004d 00000000 		.ascii	"\000\000\000\000\000\000\000\000"
 455      00000000 
 456 0055 BB010000 		.ascii	"\273\001\000\000"
 457 0059 50574D44 		.ascii	"PWMD3\000"
 457      3300
 458 005f 00       		.ascii	"\000"
 459 0060 02       		.ascii	"\002"
 460 0061 00       		.ascii	"\000"
 461 0062 00000000 		.ascii	"\000\000\000\000\000\000\000\000"
 461      00000000 
 462 006a B9010000 		.ascii	"\271\001\000\000"
 463 006e 50574D44 		.ascii	"PWMD4\000"
 463      3400
 464 0074 00       		.ascii	"\000"
 465 0075 02       		.ascii	"\002"
 466 0076 00       		.ascii	"\000"
ARM GAS  C:\Users\CYIRKO~1\AppData\Local\Temp\ccMPZbuC.s 			page 35


 467 0077 00000000 		.ascii	"\000\000\000\000\000\000\000\000"
 467      00000000 
 468 007f B7010000 		.ascii	"\267\001\000\000"
 469 0083 50574D44 		.ascii	"PWMD1\000"
 469      3100
 470 0089 00       		.ascii	"\000"
 471 008a 02       		.ascii	"\002"
 472 008b 00       		.ascii	"\000"
 473 008c 00000000 		.ascii	"\000\000\000\000\000\000\000\000"
 473      00000000 
 474 0094 B5010000 		.ascii	"\265\001\000\000"
 475 0098 63685468 		.ascii	"chThdSleep\000"
 475      64536C65 
 475      657000
 476 00a3 00       		.ascii	"\000"
 477 00a4 02       		.ascii	"\002"
 478 00a5 00       		.ascii	"\000"
 479 00a6 00000000 		.ascii	"\000\000\000\000\000\000\000\000"
 479      00000000 
 480 00ae 97010000 		.ascii	"\227\001\000\000"
 481 00b2 70776D45 		.ascii	"pwmEnableChannel\000"
 481      6E61626C 
 481      65436861 
 481      6E6E656C 
 481      00
 482 00c3 00       		.ascii	"\000"
 483 00c4 02       		.ascii	"\002"
 484 00c5 00       		.ascii	"\000"
 485 00c6 00000000 		.ascii	"\000\000\000\000\000\000\000\000"
 485      00000000 
 486 00ce 9D010000 		.ascii	"\235\001\000\000"
 487 00d2 70776D53 		.ascii	"pwmStart\000"
 487      74617274 
 487      00
 488 00db 00       		.ascii	"\000"
 489 00dc 02       		.ascii	"\002"
 490 00dd 00       		.ascii	"\000"
 491 00de 00000000 		.ascii	"\000\000\000\000\000\000\000\000"
 491      00000000 
 492 00e6 A2010000 		.ascii	"\242\001\000\000"
 493 00ea 5F70616C 		.ascii	"_pal_lld_setgroupmode\000"
 493      5F6C6C64 
 493      5F736574 
 493      67726F75 
 493      706D6F64 
 494 0100 00       		.ascii	"\000"
 495 0101 02       		.ascii	"\002"
 496 0102 00       		.ascii	"\000"
 497 0103 00000000 		.ascii	"\000\000\000\000\000\000\000\000"
 497      00000000 
 498 010b AE010000 		.ascii	"\256\001\000\000"
 499 010f 68616C49 		.ascii	"halInit\000"
 499      6E697400 
 500 0117 00       		.ascii	"\000"
 501 0118 02       		.ascii	"\002"
 502 0119 00       		.ascii	"\000"
 503 011a 00000000 		.ascii	"\000\000\000\000\000\000\000\000"
ARM GAS  C:\Users\CYIRKO~1\AppData\Local\Temp\ccMPZbuC.s 			page 36


 503      00000000 
 504 0122 B1010000 		.ascii	"\261\001\000\000"
 505 0126 63685379 		.ascii	"chSysInit\000"
 505      73496E69 
 505      7400
 506 0130 00       		.ascii	"\000"
 507 0131 02       		.ascii	"\002"
 508 0132 00       		.ascii	"\000"
 509 0133 00000000 		.ascii	"\000\000\000\000\000\000\000\000"
 509      00000000 
 510 013b B3010000 		.ascii	"\263\001\000\000"
 511              		.text
 512              		.section	.gnu.lto_.opts,"",%progbits
 513 0000 272D666D 		.ascii	"'-fmath-errno' '-fsigned-zeros' '-ftrapping-math' '"
 513      6174682D 
 513      6572726E 
 513      6F272027 
 513      2D667369 
 514 0033 2D666E6F 		.ascii	"-fno-trapv' '-fno-openmp' '-fno-openacc' '-mcpu=cor"
 514      2D747261 
 514      70762720 
 514      272D666E 
 514      6F2D6F70 
 515 0066 7465782D 		.ascii	"tex-m7' '-mno-thumb-interwork' '-mthumb' '-ggdb' '-"
 515      6D372720 
 515      272D6D6E 
 515      6F2D7468 
 515      756D622D 
 516 0099 4F322720 		.ascii	"O2' '-fomit-frame-pointer' '-falign-functions=16' '"
 516      272D666F 
 516      6D69742D 
 516      6672616D 
 516      652D706F 
 517 00cc 2D666675 		.ascii	"-ffunction-sections' '-fdata-sections' '-fno-common"
 517      6E637469 
 517      6F6E2D73 
 517      65637469 
 517      6F6E7327 
 518 00ff 2720272D 		.ascii	"' '-flto'\000"
 518      666C746F 
 518      2700
 519              		.text
 520              		.comm	__gnu_lto_v1,1,1
 521              		.comm	__gnu_lto_slim,1,1
 522              		.ident	"GCC: (GNU Tools for ARM Embedded Processors 6-2017-q1-update) 6.3.1 20170215 (release) [AR
ARM GAS  C:\Users\CYIRKO~1\AppData\Local\Temp\ccMPZbuC.s 			page 37


DEFINED SYMBOLS
                            *ABS*:00000000 main.c
                            *COM*:00000001 __gnu_lto_v1
                            *COM*:00000001 __gnu_lto_slim

NO UNDEFINED SYMBOLS
