ARM GAS  C:\Users\CYIRKO~1\AppData\Local\Temp\cc9LQvnb.s 			page 1


   1              		.cpu cortex-m7
   2              		.eabi_attribute 20, 1
   3              		.eabi_attribute 21, 1
   4              		.eabi_attribute 23, 3
   5              		.eabi_attribute 24, 1
   6              		.eabi_attribute 25, 1
   7              		.eabi_attribute 26, 1
   8              		.eabi_attribute 30, 2
   9              		.eabi_attribute 34, 1
  10              		.eabi_attribute 18, 4
  11              		.file	"nvic.c"
  12              		.text
  13              	.Ltext0:
  14              		.section	.gnu.lto_.profile.94b048d9,"",%progbits
  15 0000 789C6365 		.ascii	"x\234ce`b`a```d\220\022\003\000\000\312\000="
  15      60626061 
  15      60606064 
  15      90120300 
  15      00CA003D 
  16              		.text
  17              		.section	.gnu.lto_.icf.94b048d9,"",%progbits
  18 0000 789C6365 		.ascii	"x\234ce`b\220b@\000\026\206\027\337\372'q3~\336ur'\033"
  18      60629062 
  18      40001686 
  18      17DFFA27 
  18      71337EDE 
  19 0018 D385E635 		.ascii	"\323\205\3465\217\270\231;\356\375hab\000\000\253P\014"
  19      8FB8993B 
  19      EEFD6861 
  19      620000AB 
  19      500C
  20 002a 3B       		.ascii	";"
  21              		.text
  22              		.section	.gnu.lto_.jmpfuncs.94b048d9,"",%progbits
  23 0000 789C6365 		.ascii	"x\234ce`b\220b@\000\026\006&FF\346\372zF \250g\202\260"
  23      60629062 
  23      40001606 
  23      264646E6 
  23      FA7A4620 
  24 0018 99416C06 		.ascii	"\231Al\006\000)\250\003:"
  24      0029A803 
  24      3A
  25              		.text
  26              		.section	.gnu.lto_.inline.94b048d9,"",%progbits
  27 0000 789C4D8C 		.ascii	"x\234M\214\321\021\2000\014B!M\323\350\217#\324\011"
  27      D1118030 
  27      0C42214D 
  27      D3E88F23 
  27      D409
  28 0012 5CD2453A 		.ascii	"\\\322E:\222\2438\202\261\236U>\270\343\036\220!\330"
  28      92A33882 
  28      B19E553E 
  28      B8E31E90 
  28      21D8
  29 0024 F1498179 		.ascii	"\361I\201y\242pe\204\333\324\316\015\326\252@\216E\021"
  29      A2706584 
  29      DBD4CE0D 
ARM GAS  C:\Users\CYIRKO~1\AppData\Local\Temp\cc9LQvnb.s 			page 2


  29      D6AA408E 
  29      4511
  30 0036 C9833808 		.ascii	"\311\2038\010/d\257$m\365\251\004\325~\"\310J\366\227"
  30      2F64AF24 
  30      6DF5A904 
  30      D57E22C8 
  30      4AF697
  31 0049 14BBDF41 		.ascii	"\024\273\337A(\241\330;\035pLq\001\226\277\015\245"
  31      28A1D83B 
  31      1D704C71 
  31      0196BF0D 
  31      A5
  32              		.text
  33              		.section	.gnu.lto_.pureconst.94b048d9,"",%progbits
  34 0000 789C6365 		.ascii	"x\234ce`b\340d```a\220b\224b\222b\226\002\000\002\321"
  34      6062E064 
  34      60606061 
  34      90629462 
  34      92629602 
  35 0017 0083     		.ascii	"\000\203"
  36              		.text
  37              		.section	.gnu.lto_nvicEnableVector.94b048d9,"",%progbits
  38 0000 789C9D53 		.ascii	"x\234\235SML\023A\024\236o_\267\333B\251g#\021\016&"
  38      4D4C1341 
  38      149E6F5F 
  38      B7DB42A9 
  38      6723110E 
  39 0015 0D1737BD 		.ascii	"\015\0277\275hbL\014\022\274q\321+\027\255\007\232H"
  39      68624C0C 
  39      12BC71D1 
  39      2B17AD07 
  39      9A48
  40 0027 9700126F 		.ascii	"\227\000\022oL\013\226X\215\022\005*\306fk\202\362'"
  40      4C0B9658 
  40      8D12052A 
  40      C6666B82 
  40      F227
  41 0039 94222AA0 		.ascii	"\224\"*\240&MCbz@\243\361f\342A\214\246\007\0146\036"
  41      264D4362 
  41      7A40A3F1 
  41      66E2418C 
  41      A6070C36 
  42 004e 3C00FA66 		.ascii	"<\000\372f\267\211&\352A'\231\231\367\346}\337{\357"
  42      B78926EA 
  42      41279999 
  42      F7E67DDF 
  42      7BEF
  43 0060 9BD9D585 		.ascii	"\233\331\325\205&\216\223\020\255B\210}<A\002\332\360"
  43      268E9310 
  43      AD42887D 
  43      3C4102DA 
  43      F0
  44 0071 0B21E23E 		.ascii	"\013!\342>\015P\206\364A\364k\350\3075J\023\212C\037"
  44      0D5086F4 
  44      41F46BE8 
  44      C7354A13 
  44      8A431F
ARM GAS  C:\Users\CYIRKO~1\AppData\Local\Temp\cc9LQvnb.s 			page 3


  45 0084 57B4A649 		.ascii	"W\264\246I\311\243\220\256\354\225S\005\330L\037\347"
  45      C9A390AE 
  45      EC955305 
  45      D84C1FE7 
  46 0094 A90626D1 		.ascii	"\251\006&\321\304\250W\203\013\267\351*\331\004x\330"
  46      C4A85783 
  46      0BB7E92A 
  46      D90478D8 
  47 00a4 FDB27E6B 		.ascii	"\375\262~k#\250\\\015\215\354\356\310\221\261 \035\203"
  47      23A85C0D 
  47      8DECEEC8 
  47      91B1201D 
  47      83
  48 00b5 607BBC38 		.ascii	"`{\2748\372\266.tW\312\204,\254\215\220<`\023a\006\304"
  48      FAB62E74 
  48      57CA842C 
  48      AC8D903C 
  48      60136106 
  49 00ca 09318D7A 		.ascii	"\0111\215zL\241^\360\221\300,B\014\237M|\332$jv\250"
  49      4CA15EF0 
  49      91C02C42 
  49      0C9F4D7C 
  49      DA246A76 
  50 00df 974A3B1B 		.ascii	"\227J;\033F\225\372a\264J\275\377\007\352\034B\012\377"
  50      4695FA61 
  50      B44ABDFF 
  50      07EA1C42 
  50      0AFF
  51 00f1 3EBF3B5A 		.ascii	">\277;Z\347\365\270\275b\036^\360\236{\215\202\334\375"
  51      E7F5B8BD 
  51      621E5EF0 
  51      9E7B8D82 
  51      DCFD
  52 0103 3E240B6F 		.ascii	">$\013o\356!}\"\000(\270\306D\017\251E\207\252l\260"
  52      EE217D22 
  52      0028B8C6 
  52      440FA945 
  52      87AA6CB0 
  53 0117 A9FBD4E2 		.ascii	"\251\373\324\342\347\305+D\212s\250\313\271L\232\332"
  53      E7C52B44 
  53      8A73A8CB 
  53      B94C9ADA 
  54 0127 A98C4465 		.ascii	"\251\214Deh'W\243\322fH\313\020D\031\003[I\270\007\304"
  54      682757A3 
  54      D26648CB 
  54      10441903 
  54      5B49B807 
  55 013c 67BF5E8B 		.ascii	"g\277^\213\027\036\344\270\2752\212c\245\006\205\341"
  55      171EE4B8 
  55      BD328A63 
  55      A50685E1 
  56 014c E8D8C5E2 		.ascii	"\350\330\305\342KCE\015G\336\322\235\317\337\002\256"
  56      4B43450D 
  56      47DED29D 
  56      CFDF02AE 
  57 015c 2B8B0332 		.ascii	"+\213\0032\310G\3277+\313A\033\2318\337~v\277M>\344"
  57      C847D737 
ARM GAS  C:\Users\CYIRKO~1\AppData\Local\Temp\cc9LQvnb.s 			page 4


  57      2BCB411B 
  57      9938DF7E 
  57      76BF4D3E 
  58 0171 59E70227 		.ascii	"Y\347\002'R\204\365w\213\303{\31499\030\227\2156\371"
  58      5284F577 
  58      8BC37BCC 
  58      39391897 
  58      8D36F9
  59 0184 B1081B37 		.ascii	"\261\010\0337\235wQ\331f\276NQ8\247\202\331\230M5x\000"
  59      9D7751D9 
  59      66BE4E51 
  59      38A782D9 
  59      984D3578 
  60 0199 3343BAF3 		.ascii	"3C\272\363fK\010s\213\252\341J2\223\317V{68\314\304"
  60      664B0873 
  60      8BAAE14A 
  60      3293CF56 
  60      7B3638CC 
  61 01ae D2C4EA76 		.ascii	"\322\304\352v\300\355Y\307C\247\347\201\355\344\264"
  61      C0ED59C7 
  61      43A7E781 
  61      EDE4B4
  62 01bd DF05F95C 		.ascii	"\337\005\371\\\320\215\211\371\225:\005\322\321\200"
  62      D08D89F9 
  62      953A05D2 
  62      D180
  63 01cb 472E682B 		.ascii	"G.h+Y2\\\220_\325_{\236\364\271i\200\307\250g\252\253"
  63      59325C90 
  63      5FD55F7B 
  63      9EF4B969 
  63      80C7A867 
  64 01e1 DEACAAFF 		.ascii	"\336\254\252\377\027m\265Xv\264\341wm}6\005\260\242"
  64      176DB558 
  64      76B4E177 
  64      6D7D3605 
  64      B0A2
  65 01f3 B4198EB6 		.ascii	"\264\031\216\266U\245\315\357\224*\2476j\377\253\330"
  65      55A5CDEF 
  65      942AA736 
  65      6AFFABD8 
  66 0203 13A798F6 		.ascii	"\023\247\230\366\227bO\177\026{\346\026\333D\"\233\273"
  66      97624F7F 
  66      167BE616 
  66      DB44229B 
  66      BB
  67 0214 E25CA3F3 		.ascii	"\342\\\243\363S\244\270Q\376H8\301\321\326#\355-\035"
  67      53A4B851 
  67      FE4838C1 
  67      D1D623ED 
  67      2D1D
  68 0226 D133D153 		.ascii	"\3213\321S\275\347\317F\255\366\210\262\255\236\360"
  68      BDE7CF46 
  68      ADF688B2 
  68      AD9EF0
  69 0235 E143A6D5 		.ascii	"\341C\246\325cv\234>gvY\335\275=f\304\352\354\264bf"
  69      63769C3E 
  69      677659DD 
ARM GAS  C:\Users\CYIRKO~1\AppData\Local\Temp\cc9LQvnb.s 			page 5


  69      BD3D66C4 
  69      EAECB462 
  70 024a F3C9B696 		.ascii	"\363\311\266\226\266\013f\254/\0329\030\021\210y\272"
  70      B60B66AC 
  70      2F1A3918 
  70      118879BA 
  71 025a BAA3D60F 		.ascii	"\272\243\326\017\012\032\035\333"
  71      0A1A1DDB 
  72              		.text
  73              		.section	.gnu.lto_nvicDisableVector.94b048d9,"",%progbits
  74 0000 789C9592 		.ascii	"x\234\225\222Mh\023Q\020\307\337\177g\223lm\023\257"
  74      4D681351 
  74      10C7DF7F 
  74      67936C6D 
  74      13AF
  75 0012 82417B10 		.ascii	"\202A{\020J/.\271(\210\240R\364\326\213^{\321(4`\263"
  75      4A2F2EB9 
  75      2888A052 
  75      F4D68B5E 
  75      7BD12834 
  76 0028 626AF1D6 		.ascii	"bj\361\326\227~\244PQ\213\266\251\025\303F\2104mm\323"
  76      977EA450 
  76      518BB6A9 
  76      15C34688 
  76      346D6DD3 
  77 003c 8FA8ADA7 		.ascii	"\217\250\255\247\260\010\0220\212\202'\301\203\025\321"
  77      B0081230 
  77      8A8227C1 
  77      8315D1
  78 004b 43454B0F 		.ascii	"CEK\017\036juf\327\203\340\311\007\357c\336\376f\376"
  78      1E6A7566 
  78      D783E0C9 
  78      07EF63DE 
  78      FE66FE
  79 005e 33F336A4 		.ascii	"3\3636\244\014u\301P\352\270Rj/O\220\2021\366R\251\254"
  79      0C75C150 
  79      EAB8526A 
  79      2F4F9082 
  79      31F652A9 
  80 0073 650072D0 		.ascii	"e\000r\320\026T\277\201~\334\244I\2027\362i\315h\237"
  80      1654BF81 
  80      7EDCA449 
  80      8237F269 
  80      CD689F
  81 0086 D63C6A93 		.ascii	"\326<j\223\325pN\017\357qI\251)\23620\215v\246^\017"
  81      D5704E0F 
  81      EF7149A9 
  81      299E3230 
  81      8D76A65E 
  82 009b 2DDEA31B 		.ascii	"-\336\243\033\344\022`\262\371\275qw=&\246\201V6\177"
  82      E41260B2 
  82      F9BD7177 
  82      3D26A681 
  82      56367F
  83 00ae EAF17C8C 		.ascii	"\352\361|\214\216A\361y\312\233x\027m{\240\365\200\256"
  83      8E41F179 
  83      CA9B7817 
ARM GAS  C:\Users\CYIRKO~1\AppData\Local\Temp\cc9LQvnb.s 			page 6


  83      6D7BA0F5 
  83      80AE
  84 00c0 BD18277D 		.ascii	"\275\030'}\300%\302,\210\003b\006q\224\021W|\2450\207"
  84      C025C22C 
  84      88036206 
  84      71941157 
  84      7CA53087 
  85 00d4 36E13F2C 		.ascii	"6\341?,\355LD\303f \210\207\010\203\367\312\033\324"
  85      ED4C44C3 
  85      66208887 
  85      0883F7CA 
  85      1BD4
  86 00e6 F4CEAF11 		.ascii	"\364\316\257\021]\373X\302\333S\026 \270\301\216&\311"
  86      5DFB58C2 
  86      DB531620 
  86      B8C18E26 
  86      C9
  87 00f7 62F21252 		.ascii	"b\362\022Rj\224}\244\242kd\310N_0\270\231k\254\024!"
  87      6A947DA4 
  87      A26B64C8 
  87      4E5F30B8 
  87      996BAC14 
  88 010c 710A6414 		.ascii	"q\012d\024\010\254P/=\335n\221dC\010a\236\345\031\333"
  88      08AC502F 
  88      3DDD6E91 
  88      64430861 
  88      9EE519DB 
  89 0120 CECD3405 		.ascii	"\316\3154\005\020\005\320\355\322\302ZT \023\373\261"
  89      1005D0ED 
  89      D2C25A54 
  89      2013FBB1 
  90 0130 1040DF72 		.ascii	"\020@\337r\365H\000I\315\325g\317sV\020\006\250 \316"
  90      F5480049 
  90      CDD567CF 
  90      73561006 
  90      A820CE
  91 0143 AE0C79F9 		.ascii	"\256\014y\371\272-\014\003\371a\357UD\200\260\337\210"
  91      BA2D0C03 
  91      F961EF55 
  91      4480B0DF 
  91      88
  92 0154 EAFDAF3F 		.ascii	"\352\375\257?Z\002S{\203:\306W\26766Wc.\012Ynvq\237"
  92      5A02537B 
  92      833AC657 
  92      B7363657 
  92      632E0A59 
  93 016c 4B112C71 		.ascii	"K\021,qG\026YM\034\032\357\227\307v\333\363z(\253[]"
  93      4716594D 
  93      1C1AEF97 
  93      C776DBF3 
  93      7A28AB5B 
  94 0181 B2B00C17 		.ascii	"\262\260\014\027w\374g\220h\263[eJT\344c\261\317\245"
  94      77FC6790 
  94      68B35B65 
  94      4A54E463 
  94      B1CFA5
  95 0194 26ACC0E6 		.ascii	"&\254\300\346\012\375'\252\"\301)J2[\237\313\353\221"
ARM GAS  C:\Users\CYIRKO~1\AppData\Local\Temp\cc9LQvnb.s 			page 7


  95      0AFD27AA 
  95      22C1294A 
  95      325B9FCB 
  95      EB91
  96 01a6 3FE9FC8F 		.ascii	"?\351\374\217\330.<\362\305\360\257X\332\245f<\0261"
  96      D82E3CF2 
  96      C5F0AF58 
  96      DAA5663C 
  96      1631
  97 01b8 F8624F90 		.ascii	"\370bO\220\370\273\326f(\254r\314\015\014\024\347\256"
  97      F8BBD666 
  97      28AC72CC 
  97      0D0C14E7 
  97      AE
  98 01c9 FB8DF7FF 		.ascii	"\373\215\367\377\233Q\306\371I8\301\243'\217tut\247"
  98      9B51C6F9 
  98      4938C1A3 
  98      278F7475 
  98      74A7
  99 01db CEA5CEF4 		.ascii	"\316\245\316\364^9\237r\272\222rv2\211\303\207l'cw\237"
  99      5E399F72 
  99      BA927276 
  99      3289C387 
  99      6C276377 
 100 01f0 BD685F72 		.ascii	"\275h_r.\367f\354\244\323\323\343\244\355\023\247;;"
 100      2EF766EC 
 100      A4D3D3E3 
 100      A4ED13A7 
 100      3B3B
 101 0202 3AAFDAE9 		.ascii	":\257\332\351\276T\362`R!\375\033\335\"\330\350"
 101      BE54F260 
 101      5221FD1B 
 101      DD22D8E8 
 102              		.text
 103              		.section	.gnu.lto_nvicSetSystemHandlerPriority.94b048d9,"",%progbits
 104 0000 789C6D51 		.ascii	"x\234mQMh\023Q\020\236\357\315f\263\012\366\\\264\207"
 104      4D681351 
 104      109EEFCD 
 104      66B30AF6 
 104      5CB487
 105 0013 1E84D04B 		.ascii	"\036\204\320K\227\\\024D\020\011\342Az\321k/5\025\022"
 105      975C1444 
 105      1009E241 
 105      7AD16B2F 
 105      351512
 106 0026 68B325A9 		.ascii	"h\263%\251\342\255o\223\266\301\012U\3244U\014\033("
 106      E2AD6F93 
 106      B6C10A55 
 106      D434550C 
 106      1B28
 107 0038 526D8D69 		.ascii	"Rm\215i\325K\260H\310\311\034T\364\330\223ZQ\002\006"
 107      D54BB048 
 107      C8C91C54 
 107      F4D8935A 
 107      510206
 108 004b FCE9D5EA 		.ascii	"\374\351\325\352\2745\202\007\037\274}\363\367\315~"
 108      BC358207 
ARM GAS  C:\Users\CYIRKO~1\AppData\Local\Temp\cc9LQvnb.s 			page 8


 108      1FBC7DF3 
 108      F7CD7E
 109 005a DF4C8414 		.ascii	"\337L\204\024uAt\206\210\016\311\005\023\324\365WD\276"
 109      75417486 
 109      880EC905 
 109      13D4F557 
 109      44BE
 110 006c A3006368 		.ascii	"\243\000ch\0074\2430\203k\\f\264\212\237\032jhU\313"
 110      0734A330 
 110      836B5C66 
 110      B48A9F1A 
 110      6A6855CB 
 111 0080 699677ED 		.ascii	"i\226w\355y=\327\0370\321m\271\346`\025CR\365fv\343"
 111      793DD71F 
 111      30D16DB9 
 111      E6601543 
 111      52F56676 
 112 0095 2E2F72C0 		.ascii	"./r\300\200%\356\267\227wv\372\214\2530(n\341\346\363"
 112      8025EEB7 
 112      977776FA 
 112      8CAB3028 
 112      6EE1E6F3 
 113 00a9 2D874F80 		.ascii	"-\207O\200\304\356\352\266o\307\356i\235\327\315\217"
 113      C4EEEAB6 
 113      6FC7EE69 
 113      9DD7CD8F 
 114 00b9 25D68703 		.ascii	"%\326\207\003f\254\201\245!\036`\000\3671@\022\"\254"
 114      66AC81A5 
 114      211E6000 
 114      F7314012 
 114      22AC
 115 00cb 2326E5EB 		.ascii	"#&\345\353\371\317]\346\323!\364J\373\347N\264\007\335"
 115      F9CF5DE6 
 115      D321F44A 
 115      FBE74EB4 
 115      07DD
 116 00dd 2DF7A00F 		.ascii	"-\367\240\017\377\003\255!f\352?l\356\225\016\330\326"
 116      FF03AD21 
 116      66EA3F6C 
 116      EE950ED8 
 116      D6
 117 00ee CA5FBA78 		.ascii	"\312_\272x\004[\224S\375-\232z\357WQ\010\364o\377p\242"
 117      045B9453 
 117      FD2D9A7A 
 117      EF575108 
 117      F46FFF70 
 118 0103 804128C1 		.ascii	"\200A(\301Zl>\021\230\237\023-\010\310\014\344*+\363"
 118      5A6C3E11 
 118      989F132D 
 118      08C80CE4 
 118      2A2BF3
 119 0116 7207F9EF 		.ascii	"r\007\371\357\305Z\343\035L\243\012\253\012\203:(|\235"
 119      C55AE31D 
 119      4CA30AAB 
 119      0A833A28 
 119      7C9D
 120 0128 EF055862 		.ascii	"\357\005Xb\377\316\"\002\013u\341\324Ak\251=lj$\273"
ARM GAS  C:\Users\CYIRKO~1\AppData\Local\Temp\cc9LQvnb.s 			page 9


 120      FFCE2202 
 120      0B75E1D4 
 120      416BA93D 
 120      6C6A24BB 
 121 013c 34D77A1D 		.ascii	"4\327z\0355Y;\324\3447\266nE\376\270z\273\240\373\014"
 121      35593BD4 
 121      E437B66E 
 121      45FEB87A 
 121      BBA0FB0C 
 122 0150 7E39FFDE 		.ascii	"~9\377\336\011P\361e\344\325\203\001G\261)\3426\244"
 122      0950F165 
 122      E4D58301 
 122      47B129E2 
 122      36A4
 123 0162 91017C29 		.ascii	"\221\001|)\275X\333\357\326\364\254\257\007\003v\360"
 123      BD58DBEF 
 123      D6F4ACAF 
 123      070376F0 
 124 0172 180196C3 		.ascii	"\030\001\226\303eHr\345F%\021\257\233\\5\033\360><\201"
 124      654872E5 
 124      462511AF 
 124      9B5C351B 
 124      F03E3C81 
 125 0186 5BE148B8 		.ascii	"[\341H\270\247\247\210\013CY}\276\372l1$\034\356oA4"
 125      A7A7880B 
 125      43597DBE 
 125      FA6C3124 
 125      1CEE6F41 
 126 019b 88364574 		.ascii	"\2106Et\374\324\261\321D*}>}n\372\342x\332\033M\032"
 126      FCD4B1D1 
 126      442A7D3E 
 126      7D6EFAE2 
 126      78DA1B4D 
 127 01b0 DBCBC58F 		.ascii	"\333\313\305\217\036q\275\234\233\032\233p\247\274\354"
 127      1E71BD9C 
 127      9B1A9B70 
 127      A7BCEC
 128 01bf 74CE4D7A 		.ascii	"t\316Mz\223\223^\306=yv$1r\331\315\\J'\207\223\024M"
 128      93935EC6 
 128      3D797624 
 128      3172D9CD 
 128      5C4A2787 
 129 01d6 8D65C627 		.ascii	"\215e\306'.d\255\251l\332\373\015\201\005\264\250"
 129      2E64ADA9 
 129      6CDAFB0D 
 129      8105B4A8 
 130              		.text
 131              		.section	.gnu.lto_nvicClearPending.94b048d9,"",%progbits
 132 0000 789C2D51 		.ascii	"x\234-QMh\023Q\020\236og7I\241\211W\301\240=\010\245"
 132      4D681351 
 132      109E6F67 
 132      3749A189 
 132      57C1A03D 
 133 0016 085D7251 		.ascii	"\010]rQ\020A\245\210\247^\364\332\213\306C\0036+\246"
 133      1041A588 
 133      A75EF4DA 
 133      8BC64303 
ARM GAS  C:\Users\CYIRKO~1\AppData\Local\Temp\cc9LQvnb.s 			page 10


 133      362BA6
 134 0029 166F7D49 		.ascii	"\026o}I\333\004+\330\242mj\305\260\021#\375\3216m\365"
 134      DB042BD8 
 134      A26D6AC5 
 134      B01123FD 
 134      D1366DF5 
 135 003d 60EB252C 		.ascii	"`\353%,^z\250R\257\212\007\005\301C\213\015\036<\264"
 135      5E7AA852 
 135      AF8A0705 
 135      C1438B0D 
 135      1E3CB4
 136 0050 D599AC0F 		.ascii	"\325\231\254\017\336{3\337\373\346\233y3\016Y\264\013"
 136      DE7B33DF 
 136      FBE69B79 
 136      330E59B4 
 136      0B
 137 0061 A20B4474 		.ascii	"\242\013DtL6\230`M~ \312\307,@\015\023\003\015[\030"
 137      4C369860 
 137      4D7E20CA 
 137      C72C400D 
 137      13030D5B 
 138 0076 C604CF30 		.ascii	"\306\004\3170\202\322\217u\253k\316\310j\314lD\213f"
 138      82D28F75 
 138      AB6BCEC8 
 138      6ACC6C44 
 138      8B66
 139 0088 ECA8CF44 		.ascii	"\354\250\317D\263\262ua\016]\302\332\036]y\312\017\330"
 139      B3B27561 
 139      0E5DC2DA 
 139      1E5D79CA 
 139      0FD8
 140 009a 67C01677 		.ascii	"g\300\026wo\353\311\367\204\272\026:\304=0S\345\004"
 140      6FEBC9F7 
 140      84BA163A 
 140      C43D3053 
 140      E504
 141 00ac 9F07893D 		.ascii	"\237\007\211=\033L\177\216w\2760\246`\032\357\247\330"
 141      1B4C7F8E 
 141      77BE30A6 
 141      601AEFA7 
 141      D8
 142 00bd 9CF499B1 		.ascii	"\234\364\231\261\010\026A, \211y$I \302Kt*\377\333\352"
 142      0816412C 
 142      20897924 
 142      4920C24B 
 142      742AFFDB 
 143 00d2 E1743C62 		.ascii	"\341t<b\207\011\361\012\021\251\235\352\237\3200\207"
 143      8709F10A 
 143      11A99DEA 
 143      9FD03087 
 144 00e2 7F4BA6F1 		.ascii	"\177K\246\361\245\206\355\3131@\351\226\004\332\254"
 144      A586EDCB 
 144      3140E996 
 144      04DAAC
 145 00f1 872D87E3 		.ascii	"\207-\207\343\250E4.\201\372\255\373l\351\315?1\322"
 145      A845342E 
 145      81FAADFB 
ARM GAS  C:\Users\CYIRKO~1\AppData\Local\Temp\cc9LQvnb.s 			page 11


 145      6CE9CD3F 
 145      31D2
 146 0103 2C1EBCAB 		.ascii	",\036\274\253B\305*lU\030\222f\263\266\261\337\256\025"
 146      42C52A6C 
 146      55189266 
 146      B3B6B1DF 
 146      AE15
 147 0115 3B70B024 		.ascii	";p\260$5\010m\277x\257-$qHzT[^\217+\311\306\011,\207"
 147      35086DBF 
 147      78AF2D24 
 147      71487A54 
 147      5B5E8F2B 
 148 012e A45FC585 		.ascii	"\244_\305\205hH\262q*)T\001\013\315\322\177uG`\001\202"
 148      6848B271 
 148      2A295401 
 148      0BCDD27F 
 148      75476001 
 149 0143 F266B702 		.ascii	"\362f\267\002\242Q\036\013>FU#\322j\307\233g\273\177"
 149      A2511E0B 
 149      3E465523 
 149      D26AC79B 
 149      67BB7F
 150 0156 DA43D704 		.ascii	"\332C\327\004#&!\320\303\235\346\333\204\217J^Z^=\356"
 150      232621D0 
 150      C39DE6DB 
 150      848F4A5E 
 150      5A5E3DEE 
 151 016a 73142BD2 		.ascii	"s\024+\322\227\272\244\323\200\255\257k\223G\334%3\232"
 151      97BAA4D3 
 151      80ADAF6B 
 151      9347DC25 
 151      339A
 152 017c 371D3EC7 		.ascii	"7\035>\307\260\012\037\217[\303P\265\305\337\363\234"
 152      B00A1F8F 
 152      5BC350B5 
 152      C5DFF39C 
 153 018c AAEB6375 		.ascii	"\252\353cu\310\3476\254\301\225/\266\006\365\032)\251"
 153      C8E736AC 
 153      C1952FB6 
 153      06F51A29 
 153      A9
 154 019d 877650A8 		.ascii	"\207vP\250>\237h\225\327\032\3408C\333\"\234s\227\316"
 154      3E9F6895 
 154      D71AE038 
 154      43DB229C 
 154      7397CE
 155 01b0 F6F5F467 		.ascii	"\366\365\364g\256g\256\016\336\271\221\361\372\322j"
 155      AE67AE0E 
 155      DEB991F1 
 155      FAD26A
 156 01bf 7BB9D499 		.ascii	"{\271\324\231\323\256\227s\373\257\335toy\267\007sn"
 156      D3AE9773 
 156      FBAFDD74 
 156      6F79B707 
 156      736E
 157 01d1 DA1B18F0 		.ascii	"\332\033\030\360\262\356\305+\275=\275w\335\354P&\335"
 157      B2EEC52B 
ARM GAS  C:\Users\CYIRKO~1\AppData\Local\Temp\cc9LQvnb.s 			page 12


 157      BD3DBD77 
 157      DDEC5026 
 157      DD
 158 01e2 9D2664FF 		.ascii	"\235&d\377\001P\300\260\222"
 158      0150C0B0 
 158      92
 159              		.text
 160              		.section	.gnu.lto_.symbol_nodes.94b048d9,"",%progbits
 161 0000 789C6365 		.ascii	"x\234ce`b\360b\000\002\2469L\365\014\014\023\31610\000"
 161      6062F062 
 161      0002A639 
 161      4CF50C0C 
 161      13CE3130 
 162 0015 A95D0D8E 		.ascii	"\251]\015\216@\221\271L\365\214\250\"\363\230\352\231"
 162      4091B94C 
 162      F58CA822 
 162      F398EA99 
 163 0025 5045E633 		.ascii	"PE\3463\3253\243\2100\000\000\276\274\022:"
 163      D533A388 
 163      300000BE 
 163      BC123A
 164              		.text
 165              		.section	.gnu.lto_.refs.94b048d9,"",%progbits
 166 0000 789C6365 		.ascii	"x\234ce`b`d\000\002\000\000I\000\011"
 166      60626064 
 166      00020000 
 166      490009
 167              		.text
 168              		.section	.gnu.lto_.decls.94b048d9,"",%progbits
 169 0000 789CDD59 		.ascii	"x\234\335YiPTY\226\316\2337\023\222\024\320A\242\246"
 169      69505459 
 169      96CE9B37 
 169      139214D0 
 169      41A2A6
 170 0013 A6879E71 		.ascii	"\246\207\236q\034;\212\230\231\026\265j\312\212\216"
 170      1C3B8A98 
 170      9916B56A 
 170      CA8A8E
 171 0022 8E18A944 		.ascii	"\216\030\251DG\"\312n\"S\355\211\030\"\010\227\254\226"
 171      4722CA6E 
 171      2253ED89 
 171      18220897 
 171      AC96
 172 0034 0E851EC1 		.ascii	"\016\205\036\301\231\256\356\231\252\207\200\262(\202"
 172      99AEEE99 
 172      AA8780B2 
 172      2882
 173 0042 82982C8A 		.ascii	"\202\230,\212 \213,\002\202\200\002\232\242\254\012"
 173      208B2C02 
 173      8280029A 
 173      A2AC0A
 174 0051 2A820AB2 		.ascii	"*\202\012\262\213\210\210\312\342\012\010s\356\362\310"
 174      8B8888CA 
 174      E20A0873 
 174      EEF2C8
 175 0060 C72331EA 		.ascii	"\307#1\352G\377\352\014\316{\357\334\373\275s\277{\316"
 175      47FFEA0C 
ARM GAS  C:\Users\CYIRKO~1\AppData\Local\Temp\cc9LQvnb.s 			page 13


 175      CE7BEFDC 
 175      FBBD73BF 
 175      7BCE
 176 0072 B9DB43AD 		.ascii	"\271\333C\255P*\262\376Q\241\010\300\012\305\011\244"
 176      502AB2FE 
 176      51A108C0 
 176      0AC509A4 
 177 0082 50CCC04F 		.ascii	"P\314\300O\255P(\362\024\226\237\012\344\022\310e\020"
 177      AD5028F2 
 177      14969F0A 
 177      E412C865 
 177      10
 178 0093 33489562 		.ascii	"3H\225b\376o\037\274\353\000\367\255 N \316 E . \237"
 178      FE6F1FBC 
 178      EB00F7AD 
 178      204E20CE 
 178      2045202E 
 179 00a9 81FC9A94 		.ascii	"\201\374\232\224\001f)\310Cxn\007y\0062\004\002M+\224"
 179      016629C8 
 179      43786E07 
 179      79063204 
 179      024D2B94 
 180 00bd 506E0762 		.ascii	"Pn\007b\013\202x{\362\337\377A\205\275\2256\344\366"
 180      0B82787B 
 180      F2DFFF41 
 180      85BD9536 
 180      E4F6
 181 00cf 45BB623B 		.ascii	"E\273b;J\020\015bm \336\017\371/\010*\264\013\360'\266"
 181      4A100D62 
 181      6D20DE0F 
 181      F92F082A 
 181      B40BF027 
 182 00e4 CBA0BE04 		.ascii	"\313\240\276\004\344\177\020\263I\354$r{f\256\327\242"
 182      E47F10B3 
 182      49EC2472 
 182      7B66AED7 
 182      A2
 183 00f5 B9364317 		.ascii	"\2716C\027\260I\370zY\341K^\267\3436\255\3718\036\243"
 183      B049F87A 
 183      59E14B5E 
 183      B7E336AD 
 183      F9381EA3 
 184 0109 92C3D72B 		.ascii	"\222\303\327+\225]\250\003A\237\320\022Z\212\020\273"
 184      955DA803 
 184      419FD012 
 184      5A8A10BB 
 185 0119 222A549D 		.ascii	"\"*T\235\021\177\010\321r(U*\270a\261\010\211op]\311"
 185      117F08D1 
 185      7228552A 
 185      B861B108 
 185      896F705D 
 186 012e 55253749 		.ascii	"U%7I\377\370\313Hb\221U\263\226\304\037\343\316\036"
 186      FFF8CB48 
 186      629155B3 
 186      96C41FE3 
 186      CE1E
 187 0140 E86BE2DB 		.ascii	"\350k\342\333Hii\000!\351\013\022\203\2146\257\237\345"
ARM GAS  C:\Users\CYIRKO~1\AppData\Local\Temp\cc9LQvnb.s 			page 14


 187      48696900 
 187      21E90B12 
 187      838C36AF 
 187      9FE5
 188 0152 A7B0740E 		.ascii	"\247\260t\016\211\275\0375\335\034\320v\243NR\232\262"
 188      89BD1F35 
 188      DD1CD076 
 188      A34E529A 
 188      B2
 189 0163 0ED1B2C4 		.ascii	"\016\321\262\304\226\2764%\206\320\302s\367\373\254"
 189      96BE3425 
 189      86D0C273 
 189      F7FBAC
 190 0172 0D2B7305 		.ascii	"\015+s\005\366\323\374\263\305m\235ugsp\024F\237i\021"
 190      F6D3FCB3 
 190      C56D9D75 
 190      67737014 
 190      469F6911 
 191 0186 69733114 		.ascii	"is1\024\345\017_|\357\300\212\010\242\371\310\330\031"
 191      E50F5F7C 
 191      EFC08A08 
 191      A2F9C8D8 
 191      19
 192 0197 5BEC429F 		.ascii	"[\354B\237\357\204\024$\021\264\223\026\251H\253\215"
 192      EF841424 
 192      11B49316 
 192      A948AB8D 
 193 01a7 098F1C41 		.ascii	"\011\217\034Au\326\242e\361Xij\270_\245B\256\332\014"
 193      75D6A265 
 193      F158696A 
 193      B85FA542 
 193      AEDA0C
 194 01ba D28879E6 		.ascii	"\322\210y\346\325g1\007\005A\211\012\221\026\345!\214"
 194      D5673107 
 194      0541890A 
 194      9116E521 
 194      8C
 195 01cb B2D14A42 		.ascii	"\262\321JB\3713\022\3700A\330/D\007\013v\033\025(\037"
 195      F93312F8 
 195      3041D82F 
 195      44070B76 
 195      1B15281F 
 196 01df B9A073C8 		.ascii	"\271\240s\310E\201\012\220+i\224\340P.\024\346@!\264"
 196      45810A90 
 196      2B6994E0 
 196      502E14E6 
 196      4021B4
 197 01f2 72F64C4C 		.ascii	"r\366LL\252\015\216B\204\201\262\346\362\303\007*\244"
 197      AA0D8E42 
 197      8481B2E6 
 197      F2C3072A 
 197      A4
 198 0203 75B56AA0 		.ascii	"u\265j\240\330\212\001N&{yM(!S\004d\316[\310\0007\346"
 198      D88A014E 
 198      267B794D 
 198      28215304 
 198      64CE5BC8 
ARM GAS  C:\Users\CYIRKO~1\AppData\Local\Temp\cc9LQvnb.s 			page 15


 199 021a 87AAF7DD 		.ascii	"\207\252\367\335KT$u\010`\273\212\024E\244\327O\340"
 199      4B542475 
 199      0860BB8A 
 199      1445A4D7 
 199      4FE0
 200 022c D9B20B88 		.ascii	"\331\262\013\210\026V\317\2745/f\036P\022\347\214\334"
 200      1656CFBC 
 200      352F661E 
 200      5012E78C 
 200      DC
 201 023d 4C5EC43C 		.ascii	"L^\304<\260\004\324\033w\306\356\333\177z\234z9XX\242"
 201      B004D41B 
 201      77C6EEDB 
 201      7F7A9C7A 
 201      395858A2 
 202 0251 445B3F41 		.ascii	"D[?Ae@\244\024\210(\320E\364)\\K\220\21259\365 h\330"
 202      6540A414 
 202      8828D045 
 202      F4295C4B 
 202      908A3539 
 203 0269 66798A90 		.ascii	"fy\212\220\322#\230\273/\257xr^\020\200\242\240\"8t"
 203      D22398BB 
 203      2FAF7872 
 203      5E1080A2 
 203      A0223874 
 204 027d D6C2111E 		.ascii	"\326\302\021\036\341\232\205\272\021\312D]\220\001\227"
 204      E19A85BA 
 204      11CA445D 
 204      900197
 205 028c D07278BD 		.ascii	"\320rx\275\265\253r\004\343\002\026_+\364\257\027\344"
 205      B5AB7204 
 205      E302165F 
 205      2BF4AF17 
 205      E4
 206 029d 7C705C90 		.ascii	"|p\\\220K%\345R!r9~>\177Z\311\2714\377\215I0\357\027"
 206      4B25E552 
 206      2172397E 
 206      3E7F5AC9 
 206      B934FF8D 
 207 02b5 88B70085 		.ascii	"\210\267\000\205\312-L\312\345L.S&\205\357\236\005c"
 207      CA2D4CCA 
 207      E54C2E53 
 207      2685EF9E 
 207      0563
 208 02c7 5CC59864 		.ascii	"\\\305\230d<\233\270h/Z\372\333YK\244OW,\226\256\310"
 208      3C9BB868 
 208      2F5AFADB 
 208      594BA44F 
 208      572C96AE 
 209 02dc 2D99A9A5 		.ascii	"-\231\251\245\312\314xO\334\315\014\225\227\265\277"
 209      CACC784F 
 209      DCCD0C95 
 209      97B5BF
 210 02eb D5704343 		.ascii	"\325pCC?\235C\351\252\305\320U\271\241*j(\267\365T\271"
 210      3F9D43E9 
 210      AAC5D055 
 210      B9A12A6A 
ARM GAS  C:\Users\CYIRKO~1\AppData\Local\Temp\cc9LQvnb.s 			page 16


 210      28B7F554 
 211 0300 3D0B93E0 		.ascii	"=\013\223\340B2\365\352\301b\256\217\330\202\036\233"
 211      4232F5EA 
 211      C162AE8F 
 211      D8821E9B 
 212 0310 F7A81431 		.ascii	"\367\250\0241=\332\031\364\301\326\314\004\007\026G"
 212      3DDA19F4 
 212      C1D6CC04 
 212      071647
 213 031f E1348282 		.ascii	"\3414\202\202\344\251\251\020\025\036aTz\357M\337\340"
 213      E4A9A910 
 213      151E6154 
 213      7AEF4DDF 
 213      E0
 214 0330 691FAC26 		.ascii	"i\037\254&\303\240\344\351\321E\3320\342Y\232\202\244"
 214      C3A0E4E9 
 214      D145DA30 
 214      E2599A82 
 214      A4
 215 0341 424C4205 		.ascii	"BLB\005\252'9\205\334\\P\035\313\337\361\207WS\264N"
 215      AA273985 
 215      DC5C501D 
 215      CBDFF187 
 215      5753B44E 
 216 0355 D1142D08 		.ascii	"\321\024-\010\313T4F5\000\257\246\360\006\344$\276D"
 216      CB543446 
 216      3500AFA6 
 216      F006E424 
 216      BE44
 217 0367 D0FDE9FD 		.ascii	"\320\375\351\375)v\234\271\015\350\007b\372\322\034"
 217      29769CB9 
 217      0DE80762 
 217      FAD21C
 218 0376 397342EC 		.ascii	"9sB\354v\314\241c*\316\224\214\326\250\3731\377\206"
 218      76CCA163 
 218      2ACE948C 
 218      D6A8FB31 
 218      FF86
 219 0388 2718CF07 		.ascii	"'\030\317\007\205\307\012\324\014\373\222`G\247\323"
 219      85C70AD4 
 219      0CFB9260 
 219      47A7D3
 220 0397 E36C16E4 		.ascii	"\343l\026\344y[\344y\213\361\314\017\355?\253\201\267"
 220      795BE479 
 220      8BF1CC0F 
 220      ED3FAB81 
 220      B7
 221 03a8 5D602A40 		.ascii	"]`*@\222y\300\205\315\003\305\346\361<\025\376@[R\226"
 221      9279C085 
 221      CD03C5E6 
 221      F13C15FE 
 221      405B5296 
 222 03bc 14F72768 		.ascii	"\024\367'h%C\375\2232AX\202Z\241cw-\261q\231\035\351"
 222      2543FD93 
 222      32415882 
 222      5AA16377 
 222      2DB17199 
ARM GAS  C:\Users\CYIRKO~1\AppData\Local\Temp\cc9LQvnb.s 			page 17


 223 03d2 23A902FE 		.ascii	"#\251\002\376T\201>wA\253`\230\266\3000u\341\303\264"
 223      54813E77 
 223      41AB6098 
 223      B6C03075 
 223      E1C3B4
 224 03e5 19E8DCE1 		.ascii	"\031\350\334\341\343\374T\326u\007|\020\323\006LqW\213"
 224      E3FC54D6 
 224      75077C10 
 224      D3064C71 
 224      578B
 225 03f7 1D2D0D64 		.ascii	"\035-\015d//\242\303\367\001\264p\317\322B+Z\240\211"
 225      2F2FA2C3 
 225      F701B470 
 225      CFD2422B 
 225      5AA089
 226 040a FBD69B18 		.ascii	"\373\326\233\030\177\\Qjc\011\005\242\366\032\241\376"
 226      7F5C516A 
 226      630905A2 
 226      F61AA1FE 
 227 041a 26F5481B 		.ascii	"&\365H\033\015\305m1\024)\271\246a[\342\276\340\037"
 227      0DC56D31 
 227      1429B9A6 
 227      615BE2BE 
 227      E01F
 228 042c 67BD5B08 		.ascii	"g\275[\010\035\262\225Zo\377\230\365\222\356\330p\236"
 228      1DB2955A 
 228      6FFF98F5 
 228      92EED870 
 228      9E
 229 043d 92296432 		.ascii	"\222)d2\275\3249j^\304\364\036\342\376\367\303'Z5<\320"
 229      BDD4396A 
 229      5EC4F41E 
 229      E2FEF7C3 
 229      275A353C 
 230 0452 8EA05F1B 		.ascii	"\216\240_\033O\032\265\307G0\033\357\017+\303x\244\327"
 230      4F1AB5C7 
 230      47301BEF 
 230      0F2BC378 
 230      A4D7
 231 0464 82BA7FA8 		.ascii	"\202\272\177\2500\321n\301@\367\212\201\356a<C\007\222"
 231      30D16EC1 
 231      40F78A81 
 231      EE613C43 
 231      0792
 232 0476 3B94F284 		.ascii	";\224\362\204\354\002x'\205\367Q\236\275\"\317\370\347"
 232      EC027827 
 232      85F7519E 
 232      BD22CFF8 
 232      E7
 233 0487 EF7FC2F3 		.ascii	"\357\177\302\363Q:\347;\3219\037\235\033\274\222\244"
 233      513AE73B 
 233      D1391F9D 
 233      1BBC92A4 
 234 0497 E52CC984 		.ascii	"\345,\311\204x\355nb\216-61\226\257\"B\337\362qC\006"
 234      78ED6E62 
 234      8E2D3631 
 234      96AF2242 
ARM GAS  C:\Users\CYIRKO~1\AppData\Local\Temp\cc9LQvnb.s 			page 18


 234      DFF27143 
 235 04ac DDFDD38F 		.ascii	"\335\375\323\217\337i\027d9(\262|\302XF$\245&\333\310"
 235      DF691764 
 235      3928B27C 
 235      C2584624 
 235      A526DBC8 
 236 04c0 593E0678 		.ascii	"Y>\006x?\205?\245,\007E\226a\271Q\3270\213\325\217Y"
 236      3F853FA5 
 236      2C074596 
 236      61B951D7 
 236      308BD58F 
 237 04d5 15E08DFA 		.ascii	"\025\340\215\372\224\022\323\234a9\3641\373oK&\037\362"
 237      9412D39C 
 237      6139F431 
 237      FB6F4B26 
 237      1FF2
 238 04e7 6EA760E2 		.ascii	"n\247`\342\361\362\266\030\276\016\364H\207\2553\037"
 238      F1F2B618 
 238      BE0EF448 
 238      87AD331F 
 239 04f7 B6418305 		.ascii	"\266A\203\005\0071>\311\3740\036\037\032\256a\340\277"
 239      07313EC9 
 239      FC301E1F 
 239      1AAE61E0 
 239      BF
 240 0508 06B52E31 		.ascii	"\006\265.1\351\357\026t\303\250\350\206\021F\363r\323"
 240      E9EF1674 
 240      C3A8E886 
 240      1146F372 
 240      D3
 241 0519 C3323BB9 		.ascii	"\3032;\271\033^\000\3749\205\217Q\232\243\"\315\342"
 241      1B5E00FC 
 241      39858F51 
 241      9AA322CD 
 241      E2
 242 052a CAD17471 		.ascii	"\312\321tq\366 4\037\347\364\245iq\026\243\221m\216"
 242      F620341F 
 242      E7F4A569 
 242      7116A391 
 242      6D8E
 243 053c ACE3E148 		.ascii	"\254\343\341H!\261\232I\034I\266\307y\254R\014\244\023"
 243      21B19A49 
 243      1C49B6C7 
 243      79AC520C 
 243      A413
 244 054e 0FE4ADA7 		.ascii	"\017\344\255\247%\205J\\\312*?tGG\333\3627Inv\267\265"
 244      25854A5C 
 244      CA2A3F74 
 244      4747DBF2 
 244      37496E76 
 245 0564 16DAE30A 		.ascii	"\026\332\343\012VY2P_#\276I*\303\363\373\"\325\270\232"
 245      56593250 
 245      5F23BE49 
 245      2AC3F3FB 
 245      22D5B89A 
 246 0578 55F6763E 		.ascii	"U\366v>\211p\304\015L\251\255\331\377;\334\302\236o"
 246      8970C40D 
ARM GAS  C:\Users\CYIRKO~1\AppData\Local\Temp\cc9LQvnb.s 			page 19


 246      4CA9ADD9 
 246      FF3BDCC2 
 246      9E6F
 247 058a 3C0AF917 		.ascii	"<\012\371\027\366R\010\231\240\253\317\024\236\302\314"
 247      F6520899 
 247      A0ABCF14 
 247      9EC2CC
 248 0599 7F2934FD 		.ascii	"\177)4\375\213\256F\004/\306m\024\274\370Zof\242\006"
 248      8BAE4604 
 248      2FC66D14 
 248      BCF85A6F 
 248      66A206
 249 05ac ADE0BFA5 		.ascii	"\255\340\277\245\344\342\272\"U\010\011\022\314o'\277"
 249      E4E2BA22 
 249      55080912 
 249      CC6F27BF 
 250 05bc 9A6C0911 		.ascii	"\232l\011\021\204\003\366\350!rBM09D(\227\316\016;t"
 250      8403F6E8 
 250      2172424D 
 250      30394428 
 250      97CE0E3B 
 251 05d1 83BA6935 		.ascii	"\203\272i5\331\255\262\027\252\376\004\227\020\214\236"
 251      D9ADB217 
 251      AAFE0497 
 251      108C9E
 252 05e0 01FA1D47 		.ascii	"\001\372\035G\213aGo\347\240\203\001\375\277&\212&\311"
 252      8B61476F 
 252      E7A08301 
 252      FDBF268A 
 252      26C9
 253 05f2 11A464E8 		.ascii	"\021\244d\350\331\314\272&E\223yj\350\217\3146D\005"
 253      D9CCBA26 
 253      4593796A 
 253      E88FCC36 
 253      4405
 254 0604 7DE0B6C5 		.ascii	"}\340\266\305X\361\274\222\240\033\376dA\277\221\243"
 254      58F1BC92 
 254      A01BFE64 
 254      41BF91A3 
 255 0614 5FCB79F7 		.ascii	"_\313y\367\375\321\302{Z\316\333M\006\036\223\200\247"
 255      FDD1C27B 
 255      5ACEDB4D 
 255      061E9380 
 255      A7
 256 0625 E4E049B9 		.ascii	"\344\340I\271\351f\211K^\311\321\343\026t\014\317\302"
 256      E966894B 
 256      5EC9D1E3 
 256      16740CCF 
 256      C2
 257 0636 752A0524 		.ascii	"u*\005$\211\013,\023\244\212\240ap\241#JWtP\271\002"
 257      890B2C13 
 257      A48AA061 
 257      70A1234A 
 257      577450B9 
 258 064b 85828481 		.ascii	"\205\202\204\201D\201\004\203\034\000\011\007\211\004"
 258      44810483 
 258      1C000907 
ARM GAS  C:\Users\CYIRKO~1\AppData\Local\Temp\cc9LQvnb.s 			page 20


 258      8904
 259 0659 390C120D 		.ascii	"9\014\022\015\262\037\344\020H\210r\005\335\2112\207"
 259      B21FE410 
 259      48887205 
 259      DD893287 
 260 0669 B44B1CF2 		.ascii	"\264K\034\362R\356\220a\271\373&8\032\026PT\313\321"
 260      52EE9061 
 260      B9FB2638 
 260      1A165054 
 260      CBD1
 261 067b E2B28AAE 		.ascii	"\342\262\212\256\317s\237\244\217\003\362>>\232g[\022"
 261      CF739FA4 
 261      8F03F23E 
 261      3E9A675B 
 261      12
 262 068c C8093993 		.ascii	"\310\0119\223\367\0264[\236\356M8\005\011\002\"(\005"
 262      F716345B 
 262      9EEE4D38 
 262      05090222 
 262      2805
 263 069e 5F9A2C9D 		.ascii	"_\232,\235z1\351|T\020\352V\221y\025\266)\314\2268\333"
 263      7A31E97C 
 263      5410EA56 
 263      917915B6 
 263      29CC9638 
 264 06b3 C27965D6 		.ascii	"\302ye\326\026$\375\364\275\356\353\010\247\250\350"
 264      1624FDF4 
 264      BDEEEB08 
 264      A7A8E8
 265 06c2 12185471 		.ascii	"\022\030Tq\252i\021r]\312\332h\232\322\300\316\035\035"
 265      AA691172 
 265      5DCADA68 
 265      9AD2C0CE 
 265      1D1D
 266 06d4 83976394 		.ascii	"\203\227c\224\263\013 i\321z\\\320Q\010\307\237#4d\254"
 266      B30B2069 
 266      D17A5CD0 
 266      5108C79F 
 266      233464AC 
 267 06e8 46158E39 		.ascii	"F\025\2169\332G\314n\271)\013\313\224\025\253\264\247"
 267      DA47CC6E 
 267      B9290BCB 
 267      9415ABB4 
 267      A7
 268 06f9 2712B803 		.ascii	"'\022\270\003\270&\2523\226/MYd\263\324\364\350Z\004"
 268      B826AA33 
 268      962F4D59 
 268      64B3D4F4 
 268      E85A04
 269 070c 5FD75288 		.ascii	"_\327R\210\336\031\376\302\035g\323.\242\210\222\273"
 269      DE19FEC2 
 269      1D67D32E 
 269      A28892BB 
 270 071c 5DAA05A7 		.ascii	"]\252\005\247\302\023J>\025\272\321\231\260\377VA\321"
 270      C2134A3E 
 270      15BAD199 
 270      B0FF5641 
ARM GAS  C:\Users\CYIRKO~1\AppData\Local\Temp\cc9LQvnb.s 			page 21


 270      D1
 271 072d 623E1306 		.ascii	"b>\023\006\2133\241\005mR:\211\357\020t_R\337=\007\\"
 271      8B33A105 
 271      6D523A89 
 271      EF10745F 
 271      52DF3D07 
 272 0742 CCDA09C9 		.ascii	"\314\332\011\311\353\354\342k\355\011\302!4\263\247"
 272      EBECE26B 
 272      ED09C221 
 272      34B3A7
 273 0751 06E17256 		.ascii	"\006\341rV\371\366@W\007\306f\246\234\035-\012\346l"
 273      F9F64057 
 273      07C666A6 
 273      9C1D2D0A 
 273      E66C
 274 0763 A3097224 		.ascii	"\243\011r$&.b1\256e\225I\311\223?\301M\3549\2733\347"
 274      262E6231 
 274      AE659549 
 274      C9933FC1 
 274      4DEC39BB 
 275 0779 029F69DF 		.ascii	"\002\237i\337\221u\361E\310\343\036\376\342\247\240"
 275      9175F145 
 275      C8E31EFE 
 275      E2A7A0
 276 0788 1654843C 		.ascii	"\026T\204<\347G#3\231\316\246\262\006>\301\255\354\325"
 276      E7472333 
 276      99CEA6B2 
 276      063EC1AD 
 276      ECD5
 277 079a FA3397A6 		.ascii	"\3723\227\2468\033\322\304\363\243aC\016\013:!CtB\272"
 277      381BD2C4 
 277      F3A36143 
 277      0E0B3A21 
 277      437442BA 
 278 07ae 922D5B47 		.ascii	"\222-[G\037g:\312\327\2034\010z\252\222\3003\251\027"
 278      1F673ACA 
 278      D7833408 
 278      7AAA92C0 
 278      33A917
 279 07c1 32442F3C 		.ascii	"2D/<J\253\036\263\341\273G\302\362\300\235"
 279      4AAB1EB3 
 279      E1BB47C2 
 279      F2C09D
 280 07d0 637F8FBB 		.ascii	"c\177\217\273\031\215\223-\311aj<\300\224)S\264\231"
 280      198D932D 
 280      C9616A3C 
 280      C0942953 
 280      B499
 281 07e2 6F880709 		.ascii	"o\210\007\0110\241\312\264\013\277du\003\343\375\217"
 281      30A1CAB4 
 281      0BBF6475 
 281      03E3FD8F 
 282 07f2 107ECD94 		.ascii	"\020~\315\224{C]\335|\021\351!\300\301\273\351O\324"
 282      7B435DDD 
 282      7C11E921 
 282      C0C1BBE9 
 282      4FD4
ARM GAS  C:\Users\CYIRKO~1\AppData\Local\Temp\cc9LQvnb.s 			page 22


 283 0804 F80347C6 		.ascii	"\370\003G\306\225Wjp\250\232*\255\2617\343U\014\371"
 283      95576A70 
 283      A89A2AAD 
 283      B137E355 
 283      0CF9
 284 0816 8020A773 		.ascii	"\200 \247s\322\247\355p$\253\0342\335Mq\304\307\230"
 284      D2A7ED70 
 284      24AB1C32 
 284      DD4D71C4 
 284      C798
 285 0828 92F6A6B0 		.ascii	"\222\366\246\260\230/\256\267\011r\246\352\355\003\007"
 285      982FAEB7 
 285      0972A6EA 
 285      ED0307
 286 0837 9CC82A9F 		.ascii	"\234\310*\237\264\344\004\333\340t\246\\\310(\312\346"
 286      B4E404DB 
 286      E074A65C 
 286      C828CAE6 
 287 0847 C83A827C 		.ascii	"\310:\202|n\032iY\214\363Xe\312tL\352\"q\017\020\366"
 287      6E1A6959 
 287      8CF35865 
 287      CA744CEA 
 287      22710F10 
 288 085c 63F60035 		.ascii	"c\366\0005\275i\011<\210fb\356M\205\031\332*b\346L\007"
 288      BD69093C 
 288      886662EE 
 288      4D8519DA 
 288      2A62E64C 
 289 0871 AA0EDAE0 		.ascii	"\252\016\332\340\213L9\022\334\365=\003\376\022\264"
 289      8B4C3912 
 289      DCF53D03 
 289      FE12B4
 290 0880 432732A3 		.ascii	"C'2\243mXt{\3102\373\241#hZ\311\252\311Vmr\177W\324"
 290      6D58747B 
 290      C832FBA1 
 290      23685AC9 
 290      AAC9566D 
 291 0898 C211358B 		.ascii	"\302\0215\213\021\275\302\"z+=:X%\217\350e\210h%\215"
 291      11BDC222 
 291      7A2B3D3A 
 291      58258FE8 
 291      65886825 
 292 08ad E8551A51 		.ascii	"\350U\032Q\263\030\321\334\306\332\016\356\3770\222"
 292      B318D1DC 
 292      C6DA0EEE 
 292      FF3092
 293 08bc 587915CF 		.ascii	"Xy\025\317\303y\027^\221u;\242\266?\1771_H\311f#\347"
 293      C379175E 
 293      91753BA2 
 293      B63F7F31 
 293      5F48C966 
 294 08d2 405B32DF 		.ascii	"@[2\337{t\220\367\237\226]\271\247Y\220[\215\310\255"
 294      7B7490F7 
 294      9F965DB9 
 294      A759905B 
 294      8DC8AD
 295 08e5 9A714B68 		.ascii	"\232qKh\271\036j+\347v\035\270]\243\334j)\267\032\221"
ARM GAS  C:\Users\CYIRKO~1\AppData\Local\Temp\cc9LQvnb.s 			page 23


 295      B91E6A2B 
 295      E7761DB8 
 295      5DA3DC6A 
 295      29B71A91 
 296 08f9 DBD0EBC7 		.ascii	"\333\320\353\3073\032|\205y,\251\370\330\357p5{\316"
 296      331A7C85 
 296      792CA9F8 
 296      D8EF7035 
 296      7BCE
 297 090b 1D8D4947 		.ascii	"\035\215IG\370&S\302z\017\336\345\373\205wt\333\034"
 297      F82653C2 
 297      7A0FDEE5 
 297      FB857774 
 297      DB1C
 298 091d 19D3E888 		.ascii	"\031\323\350\210\357\262\312\232\343\211qv\370>Sf\236"
 298      EFB2CA9A 
 298      E3897176 
 298      F83E5366 
 298      9E
 299 092e B6A5F1BE 		.ascii	"\266\245\361\276\215\320\257\034S\311\245\\w\226\354"
 299      8DD0AF1C 
 299      53C9A55C 
 299      7796EC
 300 093d 4A9CF9AE 		.ascii	"J\234\371\256\2447\"1\036\341N\366\356Td\245i\341\263"
 300      A4372231 
 300      1EE14EF6 
 300      EE5464A5 
 300      69E1B3
 301 0950 4FB3D8CF 		.ascii	"O\263\330\317s,\021\336\207\224\366 y?oC?o\321~\336"
 301      732C11DE 
 301      8794F620 
 301      793F6F43 
 301      3F6FD17E 
 302 0965 A5FD6C16 		.ascii	"\245\375l\026\373\031\336\332q~\016\372\242\362#\350"
 302      FB19DEDA 
 302      717E0EFA 
 302      A2F223E8 
 303 0975 BB03A743 		.ascii	"\273\003\247C\370p\277M?\250\360o\006N\354\233\201\270"
 303      F870BF4D 
 303      3FA8F06F 
 303      064EEC9B 
 303      81B8
 304 0987 7D72E6DB 		.ascii	"}r\346\333\247\361#\321]\010?f\275\250\032+\310\344"
 304      A7F123D1 
 304      5D083F66 
 304      BDA81A2B 
 304      C8E4
 305 0999 EF923C0B 		.ascii	"\357\222<\0133\215\335^\274`\247\332\305N\265\261\340"
 305      338DDD5E 
 305      BC60A7DA 
 305      C54EB5B1 
 305      E0
 306 09aa B5BDAB6E 		.ascii	"\265\275\253nW\313;u\037h\336\2434\037R\232\355\"\315"
 306      57CB3B75 
 306      1F68DEA3 
 306      341F529A 
 306      ED22CD
ARM GAS  C:\Users\CYIRKO~1\AppData\Local\Temp\cc9LQvnb.s 			page 24


 307 09bd AE22D380 		.ascii	"\256\"\323\200\255\274S\013\242#\253/\324\3604\254#"
 307      ADBC530B 
 307      A223AB2F 
 307      D4F034AC 
 307      23
 308 09ce FA64F1F9 		.ascii	"\372d\361\371l5\036\346\34391\253P\203\307\231R\372"
 308      6C351EE6 
 308      E33931AB 
 308      5083C799 
 308      52FA
 309 09e0 22A7D481 		.ascii	"\"\247\324\201\2171\232R\345\257\032\370\372\240\221"
 309      8F319A52 
 309      E5AF1AF8 
 309      FAA091
 310 09ef 543BF3EA 		.ascii	"T;\363\352\252#i\353\360\204\372G,\017\375bwW\321\336"
 310      AA2369EB 
 310      F084FA47 
 310      2C0FFD62 
 310      7757D1DE 
 311 0a03 C655C65D 		.ascii	"\306U\306]\23071\366\001\377^\312\3771\345\337/\362"
 311      983731F6 
 311      01FF5ECA 
 311      FF31E5DF 
 311      2FF2
 312 0a15 3FF77AFC 		.ascii	"?\367z\374\222V\336\333\005\321Y\003IQ<\014_\201z\342"
 312      9256DEDB 
 312      05D15903 
 312      49513C0C 
 312      5F817AE2 
 313 0a29 FDE92107 		.ascii	"\375\351!\007\034dCI>\1771\225\357\210\0170\245\274"
 313      1C644349 
 313      3E7F3195 
 313      EF880F30 
 313      A5BC
 314 0a3b B4A28677 		.ascii	"\264\242\206wn\025\031|\271W\233\026\341HV7\025}\252"
 314      6E15197C 
 314      B9579B16 
 314      E1485637 
 314      157DAA
 315 0a4e C80EC730 		.ascii	"\310\016\3070%q\274\363)OeW\322\353\264\223G\355\360"
 315      2571BCF3 
 315      294F6557 
 315      D2EBB493 
 315      47EDF0
 316 0a61 71563713 		.ascii	"qV7\023\035f\262\305\211L\211m\212M[\204S\23029\030"
 316      1D66B2C5 
 316      894C896D 
 316      8A4D5B84 
 316      53983239 
 317 0a76 DBC66769 		.ascii	"\333\306gi{\311!\304\231\037B\314\231\261\377\2003\030"
 317      7BC921C4 
 317      991F42CC 
 317      99B1FF80 
 317      3318
 318 0a88 F47E5BC8 		.ascii	"\364~[\310E\016]\004j\364\215\356\377X\320\223\257E"
 318      450E5D04 
 318      6AF48DEE 
ARM GAS  C:\Users\CYIRKO~1\AppData\Local\Temp\cc9LQvnb.s 			page 25


 318      FF58D093 
 318      AF45
 319 0a9a 4FBE6289 		.ascii	"O\276b\211\323Pw\363\260J~L\036\003\347\214R\347\274"
 319      D35077F3 
 319      B04A7E4C 
 319      1E03E78C 
 319      52E7BC
 320 0aad A1CE792D 		.ascii	"\241\316y-:'\315\024<\241\226\037{\027DW6w\254\3039"
 320      3A27CD14 
 320      3CA1961F 
 320      7B174457 
 320      3677ACC3 
 321 0ac2 8CE3EBA6 		.ascii	"\214\343\353\246\216^\204\363\231\022r\243>\323\026"
 321      8E5E84F3 
 321      991272A3 
 321      3ED316
 322 0ad1 173165F8 		.ascii	"\0271e\370lc\035\314\275L\351\037\230(\303\3702S2\206"
 322      6C631DCC 
 322      BD4CE91F 
 322      9828C3F8 
 322      32533286 
 323 0ae5 530FDBE1 		.ascii	"S\017\333\341kL\251\315\253\217\347\247\260\\\262\224"
 323      6B4CA9CD 
 323      AB8FE7A7 
 323      B05CB294 
 324 0af5 4E755C79 		.ascii	"Nu\\yi\317\035\362Od\271\273y\245\321\036\327S\360\027"
 324      69CF1DF2 
 324      4F64B9BB 
 324      79A5D11E 
 324      D753F017 
 325 0b09 19F1B965 		.ascii	"\031\361\271e\266\263\207\210\217\375\226\262\233\253"
 325      B6B38788 
 325      8FFD96B2 
 325      9BAB
 326 0b17 A8B3A3C0 		.ascii	"\250\263\243\300t$\316>/\010\3416\3640p\0266a\351Xr"
 326      7424CE3E 
 326      2F08E136 
 326      F4307016 
 326      3661E958 
 327 0b2c 18C8A2BD 		.ascii	"\030\310\242\275\315Gl\023\031\013/\214\205avx \271"
 327      CD476C13 
 327      190B2F8C 
 327      85617678 
 327      20B9
 328 0b3e D525C777 		.ascii	"\325%\307w\316\301\323Mg\004\307\303V\006]\220\343\213"
 328      CEC1D34D 
 328      6704C7C3 
 328      56065D90 
 328      E38B
 329 0b50 E7D96F8F 		.ascii	"\347\331o\217\220\330/\227\343/\315\301\223\016L|o9"
 329      90D82F97 
 329      E32FCDC1 
 329      930E4C7C 
 329      6F39
 330 0b62 CB4CC9E1 		.ascii	"\313L\311\341nr\364P8\266\300\353\345pv\206\230\203"
 330      6E72F450 
 330      38B6C0EB 
ARM GAS  C:\Users\CYIRKO~1\AppData\Local\Temp\cc9LQvnb.s 			page 26


 330      E5707686 
 330      9883
 331 0b74 FFC1021F 		.ascii	"\377\301\002\037\221\303\373\347\301\333#%\346\363\345"
 331      91C3FBE7 
 331      C1DB2325 
 331      E6F3E5
 332 0b83 F873F3C8 		.ascii	"\370s\363\310W\205I\360\303r\374\220Rvn\033\222\232"
 332      578549F0 
 332      C372FC90 
 332      52766E1B 
 332      929A
 333 0b95 CF95C373 		.ascii	"\317\225\303s\346\231o\220\342\317\313\361\205\363\351"
 333      E6996F90 
 333      E2CFCBF1 
 333      85F3E9
 334 0ba4 48F145D6 		.ascii	"H\361E\326\361R:\207$\360\0049\374\270\034>!\205\013"
 334      F1523A87 
 334      24F00439 
 334      FCB81C3E 
 334      21850B
 335 0bb7 58068F93 		.ascii	"X\006\217\223\303\307$\256\177)7\376\\\216\256\222\240"
 335      C3C724AE 
 335      7F2937FE 
 335      5C8EAE92 
 335      A0
 336 0bc8 27E5E85E 		.ascii	"'\345\350^)\232&\361\367\226\034\373`5i\244'\332\010"
 336      299A26F1 
 336      F7961CFB 
 336      603569A4 
 336      27DA08
 337 0bdb CCCE4DB0 		.ascii	"\314\316M\260i\241g\035\202\026\2672\374\224%\365b\263"
 337      69A1671D 
 337      8216B732 
 337      FC9425F5 
 337      62B3
 338 0bed 34A84FE5 		.ascii	"4\250O\345\326\237\310\271\014I\007T\267\365\001%=\215"
 338      D69FC8B9 
 338      0C490754 
 338      B7F50125 
 338      3D8D
 339 0bff 4BC7532D 		.ascii	"K\307S-\222\301K\347\215\277\206p\011\376\203\034\337"
 339      92C14BE7 
 339      8DBF8670 
 339      09FE831C 
 339      DF
 340 0c10 342F07FA 		.ascii	"4/\007\372\244QJ\222\323I\234\207o\2268\376\275\034"
 340      A4514A92 
 340      D3499C87 
 340      6F9638FE 
 340      BD1C
 341 0c22 7E6F5E50 		.ascii	"~o^P\245\343\257N\016\257\222w\266\352\020w=\234\000"
 341      A5E3AF4E 
 341      0EAF9277 
 341      B6EA1077 
 341      3D9C00
 342 0c35 D0190E17 		.ascii	"\320\031\016\027\317\005\350\364\034\353\3448\374\003"
 342      CF05E8F4 
ARM GAS  C:\Users\CYIRKO~1\AppData\Local\Temp\cc9LQvnb.s 			page 27


 342      1CEBE438 
 342      FC03
 343 0c43 5C82E0F0 		.ascii	"\\\202\340\360\003\350q\216\026\347l~\224\220p\351\223"
 343      03E8718E 
 343      16E76C7E 
 343      949070E9 
 343      93
 344 0c54 667B9EF5 		.ascii	"f{\236\365\321$M_IG_X\317\3079~\221\372\361\224\034"
 344      D1244D5F 
 344      49475F58 
 344      CFC7397E 
 344      91FAF194 
 345 0c69 7F72FE58 		.ascii	"\177r\376X\225\230\237\260\236\300s\340\322${f}\346"
 345      95989FB0 
 345      9EC073E0 
 345      D2247B66 
 345      7DE6
 346 0c7b 904EAB7D 		.ascii	"\220N\253}\322i\265L\216/\225'es\270\004\336(\207\337"
 346      D269B54C 
 346      8E2F9527 
 346      6573B804 
 346      DE2887DF 
 347 0c8f 9807975A 		.ascii	"\230\007\227Z\257\260>iK\\\331.\351\353;\3539\303\270"
 347      AFB03E69 
 347      4B5CD92E 
 347      E9EB3BEB 
 347      39C3B8
 348 0ca2 4BBF01CC 		.ascii	"K\277\001\314@ \247i\035\201\223\017\000\271\330\025"
 348      4020A769 
 348      1D81930F 
 348      00B9D815 
 349 0cb2 C5E01528 		.ascii	"\305\340\025(\024$\032\344\024\310\011\2203 \211 \007"
 349      14241AE4 
 349      14C80990 
 349      33208920 
 349      07
 350 0cc3 418E8024 		.ascii	"A\216\200$\203\204\203\244\200\034\003\311\007)\004"
 350      838483A4 
 350      801C03C9 
 350      072904
 351 0cd2 8905D90F 		.ascii	"\211\005\331\017\222\001R\004r\034$\025\344\034\310"
 351      92015204 
 351      721C2415 
 351      E41CC8
 352 0ce1 59900320 		.ascii	"Y\220\003 &\220\002\220l\220\243 i ! \247A\342@\262"
 352      26900290 
 352      6C90A320 
 352      69202120 
 352      A741E240 
 353 0cf6 4082410E 		.ascii	"@\202A\016\201D\202\024\203\204\201$\201D\200\234\007"
 353      81448214 
 353      83848124 
 353      8144809C 
 353      07
 354 0d07 09024900 		.ascii	"\011\002I\000\311\0019\011\222\007\022\017r\030$\023"
 354      C9013909 
 354      9207120F 
ARM GAS  C:\Users\CYIRKO~1\AppData\Local\Temp\cc9LQvnb.s 			page 28


 354      72182413 
 355 0d17 240A8BDF 		.ascii	"$\012\213\337\213b!\177'\302x\316w@\026?\340\336\021"
 355      8B62217F 
 355      27C278CE 
 355      7740163F 
 355      E0DE11
 356 0d2a B7ACA855 		.ascii	"\267\254\250U>D\306\016I\306w\274\365IX\2328c\021\222"
 356      3E44C60E 
 356      49C677BC 
 356      F549589A 
 356      38631192 
 357 0d3e C429B1BE 		.ascii	"\304)\261\276\036K\"\333'M\204\006\353\013\246t\032"
 357      1E4B22DB 
 357      274D8406 
 357      EB0BA674 
 357      1A
 358 0d4f 965A0F92 		.ascii	"\226Z\017\222\303\037\311\341\015\322A\222b}\220H>I"
 358      C31FC9E1 
 358      0DD24192 
 358      627D9048 
 358      3E49
 359 0d61 0D4CB34F 		.ascii	"\015L\263OR\200\232\373I\212\330\352:$\335\311$[\237"
 359      52809AFB 
 359      498AD8EA 
 359      3A24DDC9 
 359      245B9F
 360 0d74 B9243D6B 		.ascii	"\271$=k\227\366\354\246\365\024\237\263\266KG\334\240"
 360      97F6ECA6 
 360      F5149FB3 
 360      B64B47DC 
 360      A0
 361 0d85 F5697DCE 		.ascii	"\365i}\316\306'\234\307\021\316\223\364\303\037\301"
 361      C6279CC7 
 361      11CE93F4 
 361      C31FC1
 362 0d94 8BA74C3E 		.ascii	"\213\247L>\325\315\216P2y\211q\037\000\374#n_\334\274"
 362      D5CD8E50 
 362      32798971 
 362      1F00FC23 
 362      6E5FDCBC 
 363 0da8 A39E7933 		.ascii	"\243\236y3\251t\366\312\266\276o[m\261^%\262i\001\353"
 363      A974F6CA 
 363      B6BE6F5B 
 363      6DB15E25 
 363      B26901EB 
 364 0dbc 77385C3C 		.ascii	"w8\\<\335\361\317\356\022\353\315R\353\005\32672\342"
 364      DDF1CFEE 
 364      12EBCD52 
 364      EB05D637 
 364      32E2
 365 0dce F7BDA6EE 		.ascii	"\367\275\246\356\270&\025\276E\367\243\312;\275o\216"
 365      B82615BE 
 365      45F7A3CA 
 365      3BBD6F8E 
 366 0dde ABD15257 		.ascii	"\253\321RWk#\027\225\302\200\375K\035\274,Ck\016\343"
 366      6B231795 
 366      C280FD4B 
ARM GAS  C:\Users\CYIRKO~1\AppData\Local\Temp\cc9LQvnb.s 			page 29


 366      1DBC2C43 
 366      6B0EE3
 367 0df1 6092A125 		.ascii	"`\222\241%\320\313\013x\366\213&IX\352\253\226\226\266"
 367      D0CB0B78 
 367      F68B2649 
 367      58EAAB96 
 367      96B6
 368 0e03 C36AE947 		.ascii	"\303j\351G\307\022\211_\025\250\014\263\217\216p'\007"
 368      C712895F 
 368      15A80CB3 
 368      8F8E7027 
 368      07
 369 0e14 E3BED44B 		.ascii	"\343\276\324K\366\370\001;\025\244\0166\326\363C\330"
 369      F6F8013B 
 369      15A40E36 
 369      D6F343D8 
 370 0e24 4FC977A8 		.ascii	"O\311w\250c\303Q\210\035\012\006\311\001\373t\343\370"
 370      63C35188 
 370      1D0A06C9 
 370      01FB74E3 
 370      F8
 371 0e35 712D1E60 		.ascii	"q-\036`\330\262\312\347k\030\224\374\027\342\316\311"
 371      D8B2CAE7 
 371      6B1894FC 
 371      17E2CEC9 
 372 0e45 843EB4E0 		.ascii	"\204>\264\3401\3512\346\307\244JL\217I\255\357*'\354"
 372      31E932E6 
 372      C7A44A4C 
 372      8F49ADEF 
 372      2A27EC
 373 0e58 F14B6A48 		.ascii	"\361KjH\325\2236\366\314\006\271\272 \244\005\241]\204"
 373      D59336F6 
 373      CC06B9BA 
 373      20A405A1 
 373      5D84
 374 0e6a 9F06D217 		.ascii	"\237\006\322\027k\321\025\214\371\000T$\010`~\344\007"
 374      6BD1158C 
 374      F9005424 
 374      08607EE4 
 374      07
 375 0e7b 526CED1F 		.ascii	"Rl\355\037\227f\210u\025m\347\032vAW\241\241\004ACK"
 375      97668875 
 375      156DE71A 
 375      764157A1 
 375      A1044143 
 376 0e90 C837C7B7 		.ascii	"\3107\307\267\031\351\032\351I\213\330.\007\334%L\370"
 376      19E91AE9 
 376      498BD82E 
 376      07DC254C 
 376      F8
 377 0ea1 5DC74E22 		.ascii	"]\307N\"K\202\216n<\315\376)H\332\010\373h\033\200>"
 377      4B828E6E 
 377      3CCDFE29 
 377      48DA08FB 
 377      681B803E 
 378 0eb5 DE9DD0A9 		.ascii	"\336\235\320\251\225\332\256\376\230\355\007\027^\004"
 378      95DAAEFE 
ARM GAS  C:\Users\CYIRKO~1\AppData\Local\Temp\cc9LQvnb.s 			page 30


 378      98ED0717 
 378      5E04
 379 0ec3 E39FA509 		.ascii	"\343\237\245\011\267\315\202\371\341\345U\211\373\315"
 379      B7CD82F9 
 379      E1E55589 
 379      FBCD
 380 0ed1 42F03A54 		.ascii	"B\360:T\203\235P\005\204\322\214\226K^\275\010%\233"
 380      839D5005 
 380      84D28C96 
 380      4B5EBD08 
 380      259B
 381 0ee3 950A548B 		.ascii	"\225\012T\213\177\246X\342\367\337\276;\326\373m\333"
 381      7FA658E2 
 381      F7DFBE3B 
 381      D6FB6DDB 
 382 0ef3 BEDBB8D5 		.ascii	"\276\333\270\325\270#\320\177\257\346\337\177\265e\231"
 382      B823D07F 
 382      AFE6DF7F 
 382      B56599
 383 0f02 6EF56A85 		.ascii	"n\365j\205\326\307g\237\257_\340\347k|\002\2775\376"
 383      D6C7679F 
 383      AF5FE0E7 
 383      6B7C02BF 
 383      35FE
 384 0f14 C27BC72E 		.ascii	"\302{\307.\337\355\276\001\201\373v\372\372{\007\372"
 384      DFEDBE01 
 384      81FB76FA 
 384      FA7B07FA 
 385 0f24 FBEF0EF0 		.ascii	"\373\357\016\360\376\255\337\276e\364i\331\266\275{"
 385      FEADDFBE 
 385      65F469D9 
 385      B6BD7B
 386 0f33 9619F76C 		.ascii	"\226\031\367l7\356\334i\334\351\375\345\312\317\227"
 386      37EEDC69 
 386      DCE9FDE5 
 386      CACF97
 387 0f42 AD59B57A 		.ascii	"\255Y\265z\355\177\255\366\206\362\237\373\371\373\031"
 387      ED7FADF6 
 387      86F29FFB 
 387      F9FB19
 388 0f51 7F6EDCB6 		.ascii	"\177n\334\266\335\327\333\327o\307\356};\215\336{\266"
 388      DDD7DBD7 
 388      6FC7EE7D 
 388      3B8DDE7B 
 388      B6
 389 0f62 812D3FA3 		.ascii	"\201-?\243\267\317N\343\267\333\366\355\016\364\011"
 389      B7CF4EE3 
 389      B7DBF6ED 
 389      0EF409
 390 0f71 FCEEF7C6 		.ascii	"\374\356\367\306\200\225\273\024\032\261\275\377\374"
 390      8095BB14 
 390      1AB1BDFF 
 390      FC
 391 0f7e B3B617F0 		.ascii	"\263\266\027\360]\200\267O@\340N0\016\215\374r\375/"
 391      5D80B74F 
 391      40E04E30 
 391      0E8DFC72 
ARM GAS  C:\Users\CYIRKO~1\AppData\Local\Temp\cc9LQvnb.s 			page 31


 391      FD2F
 392 0f90 BC75C4B6 		.ascii	"\274u\304\266\201\331\246\355\370\007\254^\373\245\233"
 392      81D9A6ED 
 392      F807AC5E 
 392      FBA59B
 393 0f9f 7F       		.ascii	"\177"
 394 0fa0 80DBAE6D 		.ascii	"\200\333\256m\273\335~\357\27770\300m\207\377\236=\376"
 394      BBDD7EEF 
 394      BF3730C0 
 394      6D87FF9E 
 394      3DFE
 395 0fb2 7E6EEEFA 		.ascii	"~n\356\372M\272M\177p#^Z\271C\361W\344\356\341\033`"
 395      4DBA4D7F 
 395      70235E5A 
 395      B943F157 
 395      E4EEE11B 
 396 0fc7 71970B29 		.ascii	"q\227\013)1\030\003\015\337\005\004\032\367l\334\346"
 396      3118030D 
 396      DF05041A 
 396      F76CDCE6 
 397 0fd7 B773B771 		.ascii	"\267s\267q\257\327^_\377\275\276\201\337Q\347\352v\033"
 397      AFD75E5F 
 397      FFBDBE81 
 397      DF51E7EA 
 397      761B
 398 0fe9 B7EDF532 		.ascii	"\267\355\3652\372A\373\277\265\323\2577\254\327o]\357"
 398      FA41FBBF 
 398      B5D3AF37 
 398      ACD76F5D 
 398      EF
 399 0ffa F1AF4A4F 		.ascii	"\361\257JO/;"
 399      2F3B
 400 1000 E6E0AF7C 		.ascii	"\346\340\257|\002m\371}\266\372\013\225\247\373\327"
 400      026DF97D 
 400      B6FA0B95 
 400      A7FBD7
 401 100f FA59F573 		.ascii	"\372Y\365s\225\247\316\313\242\256Qy\032\274\364\032"
 401      95A7CECB 
 401      A2AE5179 
 401      1ABCF41A 
 402 101f 3DD35643 		.ascii	"=\323VC\345zK\345*\250\\\257W\0316{\352\335?\332U\336"
 402      E57A4BE5 
 402      2AA85CAF 
 402      5719367B 
 402      EADD3FDA 
 403 1035 41E31F02 		.ascii	"A\343\037\002\335t\233\014\236\0067\356/\250\330k\364"
 403      DD749B0C 
 403      9E0637EE 
 403      2FA8D86B 
 403      F4
 404 1046 D9B1672D 		.ascii	"\331\261g-8\313\356W[=u>\233!>\263\366\277\262q\337"
 404      38CBEE57 
 404      5B3D753E 
 404      9B213EB3 
 404      F6BFB271 
 405 105b F8B541A7 		.ascii	"\370\265A\247W\351\334uz\362\354\0057\217\315\272Mp"
 405      57E9DC75 
ARM GAS  C:\Users\CYIRKO~1\AppData\Local\Temp\cc9LQvnb.s 			page 32


 405      7AF2EC05 
 405      378FCDBA 
 405      4D70
 406 106d F3A4B759 		.ascii	"\363\244\267Y\350Z\033\017\235\316\323\360\033\015\271"
 406      E85A1B0F 
 406      9DCED3F0 
 406      1B0DB9
 407 107c 6DDAEAAE 		.ascii	"m\332\352\256S\303\203\3417\266p%\032\277o\201ROZJ1"
 407      53C383E1 
 407      37B67025 
 407      1ABF6F81 
 407      524F5A4A 
 408 1091 B69EF4BE 		.ascii	"\266\236\364\276e\326\312\227\244\304\375\233o\266\250"
 408      65D6CA97 
 408      A4C4FD9B 
 408      6FB6A8
 409 10a0 376DDDA0 		.ascii	"7m\335\240_C\257\253\351u\225Z\347EH\350\014\206\365"
 409      5F43AFAB 
 409      E975955A 
 409      E74548E8 
 409      0C86F5
 410 10b3 DFC04D67 		.ascii	"\337\300Mg\360\364\320c\335f\275Z\367\015<\331zz\370"
 410      F0F4D063 
 410      DD66BD5A 
 410      F70D3CD9 
 410      7A7AF8
 411 10c6 781ADC81 		.ascii	"x\032\334\201\226\207\317\246\015\364\346\316n\036\354"
 411      9687CFA6 
 411      0DF4E6CE 
 411      6E1EEC
 412 10d5 E6B541AF 		.ascii	"\346\265A\257r\337`\320\253\276\336\340\256Wo\332\004"
 412      72DF60D0 
 412      ABBEDEE0 
 412      AE576FDA 
 412      04
 413 10e6 579507D1 		.ascii	"W\225\007\3217\222\213\016.j\303F\035<\0326z\201]\235"
 413      37928B0E 
 413      2E6AC346 
 413      1D3C1A36 
 413      7A815D9D 
 414 10fa 1E43BFD5 		.ascii	"\036C\277\325\356\236z\350\375\326\315\277\326\203\343"
 414      EE9E7AE8 
 414      FDD6CDBF 
 414      D683E3
 415 1109 01A2F3DA 		.ascii	"\001\242\363\332\342\351\241v\377\032\340\032\203\356"
 415      E2E9A176 
 415      FF1AE01A 
 415      83EE
 416 1117 6BEA2D07 		.ascii	"k\352-\007\037\237o\367\371\355\360\361Y\271\366\313"
 416      1F9F6FF7 
 416      F9EDF0F1 
 416      59B9F6CB 
 417 1127 2F566944 		.ascii	"/ViDM\265c\327\266\275\377\017\321\360\363f"
 417      4DB563D7 
 417      B6BDFF0F 
 417      D1F0F366 
 418              		.text
ARM GAS  C:\Users\CYIRKO~1\AppData\Local\Temp\cc9LQvnb.s 			page 33


 419              		.section	.gnu.lto_.symtab.94b048d9,"",%progbits
 420 0000 6E766963 		.ascii	"nvicEnableVector\000"
 420      456E6162 
 420      6C655665 
 420      63746F72 
 420      00
 421 0011 00       		.ascii	"\000"
 422 0012 00       		.ascii	"\000"
 423 0013 00       		.ascii	"\000"
 424 0014 00000000 		.ascii	"\000\000\000\000\000\000\000\000"
 424      00000000 
 425 001c BA000000 		.ascii	"\272\000\000\000"
 426 0020 6E766963 		.ascii	"nvicDisableVector\000"
 426      44697361 
 426      626C6556 
 426      6563746F 
 426      7200
 427 0032 00       		.ascii	"\000"
 428 0033 00       		.ascii	"\000"
 429 0034 00       		.ascii	"\000"
 430 0035 00000000 		.ascii	"\000\000\000\000\000\000\000\000"
 430      00000000 
 431 003d BE000000 		.ascii	"\276\000\000\000"
 432 0041 6E766963 		.ascii	"nvicSetSystemHandlerPriority\000"
 432      53657453 
 432      79737465 
 432      6D48616E 
 432      646C6572 
 433 005e 00       		.ascii	"\000"
 434 005f 00       		.ascii	"\000"
 435 0060 00       		.ascii	"\000"
 436 0061 00000000 		.ascii	"\000\000\000\000\000\000\000\000"
 436      00000000 
 437 0069 C0000000 		.ascii	"\300\000\000\000"
 438 006d 6E766963 		.ascii	"nvicClearPending\000"
 438      436C6561 
 438      7250656E 
 438      64696E67 
 438      00
 439 007e 00       		.ascii	"\000"
 440 007f 00       		.ascii	"\000"
 441 0080 00       		.ascii	"\000"
 442 0081 00000000 		.ascii	"\000\000\000\000\000\000\000\000"
 442      00000000 
 443 0089 C2000000 		.ascii	"\302\000\000\000"
 444              		.text
 445              		.section	.gnu.lto_.opts,"",%progbits
 446 0000 272D666D 		.ascii	"'-fmath-errno' '-fsigned-zeros' '-ftrapping-math' '"
 446      6174682D 
 446      6572726E 
 446      6F272027 
 446      2D667369 
 447 0033 2D666E6F 		.ascii	"-fno-trapv' '-fno-openmp' '-fno-openacc' '-mcpu=cor"
 447      2D747261 
 447      70762720 
 447      272D666E 
 447      6F2D6F70 
ARM GAS  C:\Users\CYIRKO~1\AppData\Local\Temp\cc9LQvnb.s 			page 34


 448 0066 7465782D 		.ascii	"tex-m7' '-mno-thumb-interwork' '-mthumb' '-ggdb' '-"
 448      6D372720 
 448      272D6D6E 
 448      6F2D7468 
 448      756D622D 
 449 0099 4F322720 		.ascii	"O2' '-fomit-frame-pointer' '-falign-functions=16' '"
 449      272D666F 
 449      6D69742D 
 449      6672616D 
 449      652D706F 
 450 00cc 2D666675 		.ascii	"-ffunction-sections' '-fdata-sections' '-fno-common"
 450      6E637469 
 450      6F6E2D73 
 450      65637469 
 450      6F6E7327 
 451 00ff 2720272D 		.ascii	"' '-flto'\000"
 451      666C746F 
 451      2700
 452              		.text
 453              		.comm	__gnu_lto_v1,1,1
 454              		.comm	__gnu_lto_slim,1,1
 455              		.ident	"GCC: (GNU Tools for ARM Embedded Processors 6-2017-q1-update) 6.3.1 20170215 (release) [AR
ARM GAS  C:\Users\CYIRKO~1\AppData\Local\Temp\cc9LQvnb.s 			page 35


DEFINED SYMBOLS
                            *ABS*:00000000 nvic.c
                            *COM*:00000001 __gnu_lto_v1
                            *COM*:00000001 __gnu_lto_slim

NO UNDEFINED SYMBOLS
