ARM GAS  C:\Users\CYIRKO~1\AppData\Local\Temp\ccfXuH1U.s 			page 1


   1              		.cpu cortex-m7
   2              		.eabi_attribute 20, 1
   3              		.eabi_attribute 21, 1
   4              		.eabi_attribute 23, 3
   5              		.eabi_attribute 24, 1
   6              		.eabi_attribute 25, 1
   7              		.eabi_attribute 26, 1
   8              		.eabi_attribute 30, 2
   9              		.eabi_attribute 34, 1
  10              		.eabi_attribute 18, 4
  11              		.file	"hal.c"
  12              		.text
  13              	.Ltext0:
  14              		.section	.gnu.lto_.profile.9f3ca260,"",%progbits
  15 0000 789C6365 		.ascii	"x\234ce`b`a```d\260\347\000\000\001\006\000T"
  15      60626061 
  15      60606064 
  15      B0E70000 
  15      01060054 
  16              		.text
  17              		.section	.gnu.lto_.icf.9f3ca260,"",%progbits
  18 0000 789C6365 		.ascii	"x\234ce`b\340`@\000F\206\267\217\026m\345c\000\000\020"
  18      6062E060 
  18      40004686 
  18      B78F166D 
  18      E5630000 
  19 0015 1F0345   		.ascii	"\037\003E"
  20              		.text
  21              		.section	.gnu.lto_.jmpfuncs.9f3ca260,"",%progbits
  22 0000 789C6365 		.ascii	"x\234ce`b\320`@\000F(\315\3048\235\231\261\371\327\376"
  22      6062D060 
  22      40004628 
  22      CDC4389D 
  22      99B1F9D7 
  23 0015 CF7CF57F 		.ascii	"\317|\365\177\033$\34633,f\006\311.g\254g`d\001\262"
  23      1B24E633 
  23      332C6606 
  23      C92E67AC 
  23      67606401 
  24 002a 00B87808 		.ascii	"\000\270x\010\225"
  24      95
  25              		.text
  26              		.section	.gnu.lto_.inline.9f3ca260,"",%progbits
  27 0000 789C6365 		.ascii	"x\234ce`b0f@\000F\006\006.{F\240 \003\003\333\002y&"
  27      60623066 
  27      40004606 
  27      062E7B46 
  27      A0200303 
  28 0018 B0101726 		.ascii	"\260\020\027&\301\304\015R\012f2\000\000?\336\001\224"
  28      C1C40D52 
  28      0A663200 
  28      003FDE01 
  28      94
  29              		.text
  30              		.section	.gnu.lto_.pureconst.9f3ca260,"",%progbits
  31 0000 789C6365 		.ascii	"x\234ce`b`f```d\220\000\000\000\204\000$"
  31      60626066 
ARM GAS  C:\Users\CYIRKO~1\AppData\Local\Temp\ccfXuH1U.s 			page 2


  31      60606064 
  31      90000000 
  31      840024
  32              		.text
  33              		.section	.gnu.lto_halInit.9f3ca260,"",%progbits
  34 0000 789C7590 		.ascii	"x\234u\220?HBq\020\307\357\373~\376yAFCCaC\253DIKAk"
  34      3F484271 
  34      10C7EFFB 
  34      7EFE7941 
  34      46434361 
  35 001b B4B4B6BA 		.ascii	"\264\264\266\272\224\015J\201\2205\277g\026\202A\265"
  35      940D4A81 
  35      9035BF67 
  35      168241B5 
  36 002b 9819C47B 		.ascii	"\230\031\304{\025\241ei\2729\365p\252\245\240\306\246"
  36      15A16569 
  36      BA39F570 
  36      AAA5A0C6 
  36      A6
  37 003c 2282B220 		.ascii	"\"\202\262 h+\324\356\247\021\016vp\334\375\356>\334"
  37      682BD4EE 
  37      A7110E76 
  37      70DCFDEE 
  37      3EDC
  38 004e 7D7F6727 		.ascii	"}\177g'\205.A4DDnv\010\202\262uM\024Q\025@&\272\012"
  38      852E4134 
  38      44446E76 
  38      0882B275 
  38      4D145115 
  39 0066 D21468D8 		.ascii	"\322\024h\330\024I\201r\354\271\244x\322:\233\225\374"
  39      14498172 
  39      ECB9A478 
  39      D23A9B95 
  39      FC
  40 0077 E8D33316 		.ascii	"\350\3233\026\014A\224b\227\2064<\304\330c\241\226p"
  40      0C419462 
  40      9786343C 
  40      C4D863A1 
  40      9670
  41 0089 396CCD3A 		.ascii	"9l\315:2p\360\012\312\337\302\322k\365\230n=\035\340"
  41      3270F00A 
  41      CADFC2D2 
  41      6BF5986E 
  41      3D1DE0
  42 009c 6E4A258A 		.ascii	"nJ%\212s[\356X\027\212\214\242\202\250\371\355\226\274"
  42      735BEE58 
  42      178A8CA2 
  42      82A8F9ED 
  42      96BC
  43 00ae 1C522ABD 		.ascii	"\034R*\275\335;\265\252\256\032\002)\301\023p\014\215"
  43      DD3BB5AA 
  43      AE1A0229 
  43      C113700C 
  43      8D
  44 00bf 0C662B58 		.ascii	"\014f+X5\217:\333p\"\305]\302\011s\334\330^+\33787\204"
  44      358F3ADB 
  44      7022C55D 
ARM GAS  C:\Users\CYIRKO~1\AppData\Local\Temp\ccfXuH1U.s 			page 3


  44      C20973DC 
  44      D85E2BDF 
  45 00d6 216C90CF 		.ascii	"!l\220\317\350\327\305g\027s\275\\8\224\302\270v\265"
  45      E8D7C567 
  45      1773BD5C 
  45      3894C2B8 
  45      76B5
  46 00e8 9B9D37B0 		.ascii	"\233\2357\260\027\3516\204\035\247\374\313,\372\033"
  46      17E93684 
  46      1DA7FCCB 
  46      2CFA1B
  47 00f7 8DFA6B31 		.ascii	"\215\372k1\327\301\360\216\256\017\310\001g0\320X\210"
  47      D7C1F08E 
  47      AE0FC801 
  47      6730D058 
  47      88
  48 0108 1C344338 		.ascii	"\0344C8Hj}i\247\201\265\362p\344\377\264F\315}W{\316"
  48      486A7D69 
  48      A781B5F2 
  48      70E4FFB4 
  48      46CD7D57 
  49 011e C6DC790B 		.ascii	"\306\334y\013\367\320\323\236\2633Wh\341\252\377p\016"
  49      F7D0D39E 
  49      B3335768 
  49      E1AAFF70 
  49      0E
  50 012f E68ABFDC 		.ascii	"\346\212\277\334;V\314t\242\251YZ\234/\3107\346\363"
  50      3B56CC74 
  50      A2A9595A 
  50      9C2FC837 
  50      E6F3
  51 0141 0C4E8EFB 		.ascii	"\014N\216\373&\002\301\331\340\364\322\362\\0\344\363"
  51      2602C1D9 
  51      E0F4D2F2 
  51      5C30E4F3 
  52 0151 CB3C141E 		.ascii	"\313<\024\036\031\033\365\206\302\336\300\314\2027\274"
  52      191BF586 
  52      C2DEC0CC 
  52      8237BC
  53 0160 E89771D8 		.ascii	"\350\227q\330O?\254\375\244\312"
  53      4F3FACFD 
  53      A4CA
  54              		.text
  55              		.section	.gnu.lto_.symbol_nodes.9f3ca260,"",%progbits
  56 0000 789C55C9 		.ascii	"x\234U\311\273\021\2030\024D\321\253\025\302m\270\024"
  56      BB118330 
  56      1444D1AB 
  56      15C26DB8 
  56      14
  57 0011 53D95340 		.ascii	"S\331S@\001.\300\177S\001!1\261k\200\031\327\341\341"
  57      012EC07F 
  57      53012131 
  57      B16B8019 
  57      D7E1E1
  58 0024 5911DAE4 		.ascii	"Y\021\332\344\314\334M\210\021\237.28\177\300\231r\007"
  58      CCDC4D88 
  58      119F2E32 
ARM GAS  C:\Users\CYIRKO~1\AppData\Local\Temp\ccfXuH1U.s 			page 4


  58      387FC099 
  58      7207
  59 0036 E92E8EFE 		.ascii	"\351.\216\376\204\267,\224\007r>yx\311T\205\247,V\341"
  59      84B72C94 
  59      07723E79 
  59      78C95485 
  59      A72C56E1 
  60 004a 216BAA70 		.ascii	"!k\252p\223\245*\\e\355>D\016\014\313/DZ\346b\342[l"
  60      93A52A5C 
  60      65ED3E44 
  60      0E0CCB2F 
  60      445AE662 
  61 0061 E8D7BF91 		.ascii	"\350\327\277\221\241(f\227\015W\235,/"
  61      A1286697 
  61      0D579D2C 
  61      2F
  62              		.text
  63              		.section	.gnu.lto_.refs.9f3ca260,"",%progbits
  64 0000 789C6365 		.ascii	"x\234ce`b`c```d`bdb\000\000\000\275\000\024"
  64      60626063 
  64      60606064 
  64      60626462 
  64      000000BD 
  65              		.text
  66              		.section	.gnu.lto_.decls.9f3ca260,"",%progbits
  67 0000 789CAD56 		.ascii	"x\234\255VkPTG\026\276}{^\\\306hAj\343\017k\227\262"
  67      6B505447 
  67      16BE7D7B 
  67      5E5CC668 
  67      416AE30F 
  68 0017 4849D526 		.ascii	"HI\325&\0200+V~$qQ\324\204(U\331\370c3U\223\201\031"
  68      10302B56 
  68      7E247151 
  68      D4842855 
  68      D9F86333 
  69 002f 65AA8099 		.ascii	"e\252\200\231\235\031R\246\362\347\022@\320,\2421\311"
  69      9D1952A6 
  69      F2E71240 
  69      D02CA231 
  69      C9
  70 0040 EE586234 		.ascii	"\356Xb4R+>!\370\210\3619jDD@\324\025\304\360\022\021"
  70      522B3E21 
  70      F888F139 
  70      6A444440 
  70      D415C4F0 
  71 0056 63440444 		.ascii	"cD\004DyD\230\234\356\276\227{\271\220\262\250\335["
  71      7944989C 
  71      EEBE977B 
  71      B990B2A8 
  71      DD5B
  72 0068 736EDFD3 		.ascii	"sn\337\323\347\353\357\234\356s\272\247\365\034\317"
  72      E7EBEF9C 
  72      EE73BAA7 
  72      F51CCF
  73 0077 759939EE 		.ascii	"u\2319\356#\314q%\034\307\005\341\341\241=\000\202@"
  73      23CC7125 
  73      1CC705E1 
ARM GAS  C:\Users\CYIRKO~1\AppData\Local\Temp\ccfXuH1U.s 			page 5


  73      E1A13D00 
  73      8240
  74 0089 FA38F618 		.ascii	"\3728\366\030A\206@F@\236\201\214q\014\240\0031 \206"
  74      41864046 
  74      409E818C 
  74      710CA003 
  74      312086
  75 009c 35216EC2 		.ascii	"5!n\302\323\207\330\270U !\360=\010\255\200\030g/\010"
  75      D387D8B8 
  75      552021F0 
  75      3D08AD80 
  75      18672F08 
  76 00b0 4613B90D 		.ascii	"F\023\271\015\022\037!\033\223\374\214pSs\377\013\243"
  76      121F211B 
  76      93FC8C70 
  76      5373FF0B 
  76      A3
  77 00c1 ABB9E5DB 		.ascii	"\253\271\345\333\360F\214\302\004\244\003\265\257v\353"
  77      F0468CC2 
  77      04A403B5 
  77      AF76EB
  78 00d0 9D17407D 		.ascii	"\235\027@}Q@\021\240\026\356\031\373\0233\376\233\007"
  78      514011A0 
  78      16EE19FB 
  78      1333FE9B 
  78      07
  79 00e1 F5D8A987 		.ascii	"\365\330\251\207qL\235\003\332\361\226\276@(\303\266"
  79      714C9D03 
  79      DAF196BE 
  79      4028C3B6 
  80 00f1 2332562C 		.ascii	"#2V,\31473\363\020\321/5\024\367\010\230G\304MO\356"
  80      CC3733F3 
  80      10D12F35 
  80      14F70898 
  80      47C44D4F 
  81 0106 DDF65066 		.ascii	"\335\366Pf\233\015\352\265\336\232bI\235\005j\363\372"
  81      9B0DEAB5 
  81      DE9A6249 
  81      9D056AF3 
  81      FA
  82 0117 75DB0D38 		.ascii	"u\333\0158\204\"[\252\366\354#\001\315\023\020Y\306"
  82      84225BAA 
  82      F6EC2301 
  82      CD131059 
  82      C6
  83 0128 99D055D6 		.ascii	"\231\320U\326\375\303\360\014\326E\020m\303\245\211"
  83      FDC3F00C 
  83      D645106D 
  83      C3A589
  84 0137 D1FB45F6 		.ascii	"\321\373E\366\230\376\250\314\345ZQ\177\211\021\277"
  84      98FEA8CC 
  84      E55A517F 
  84      8911BF
  85 0146 4440BCBF 		.ascii	"D@\274\277\272\361\234\016E\011\377!\240@\343\300\274"
  85      BAF19C0E 
  85      4509FF21 
  85      A040E3C0 
ARM GAS  C:\Users\CYIRKO~1\AppData\Local\Temp\ccfXuH1U.s 			page 6


  85      BC
  86 0157 CDF9A2C8 		.ascii	"\315\371\242\310\243\243H@\207\021F\207P4Y\223y\002"
  86      A3A34840 
  86      87114687 
  86      50345993 
  86      7902
  87 0169 BC0B44F1 		.ascii	"\274\013D\3613qS\216\030\262\214C\245h\016\332\215\346"
  87      3371538E 
  87      18B28C43 
  87      A5680EDA 
  87      8DE6
  88 017b 70E8088A 		.ascii	"p\350\010\212\"\376\010\016U@\347w\320\011.\366\224"
  88      22FE080E 
  88      5540E777 
  88      D0092EF6 
  88      94
  89 018c 6CFED680 		.ascii	"l\376\326\200\327#\352\243\362\364O7uH\210\232\222\340"
  89      D723EAA3 
  89      F2F44F37 
  89      7548889A 
  89      92E0
  90 019e 872908A4 		.ascii	"\207)\010\244`\366\316\255\314#\301\034\203`\276W\202"
  90      60F6CEAD 
  90      CC23C11C 
  90      8360BE57 
  90      82
  91 01af 81D8D83C 		.ascii	"\201\330\330<:\2167g\363\270\207:A[O\014T\353\331R\231"
  91      3A8E3767 
  91      F3B8873A 
  91      415B4F0C 
  91      54EBD952 
  92 01c4 407DB4E5 		.ascii	"@}\264\345B-\217\373\231\255\353f\216\337\200\207\230"
  92      422D8FFB 
  92      99ADEB66 
  92      8EDF8087 
  92      98
  93 01d5 B269B449 		.ascii	"\262i\264I4`\221\255w\341\243\241\235:\234\317\224\246"
  93      346091AD 
  93      77E1A3A1 
  93      9D3A9CCF 
  93      94A6
  94 01e7 9CC18619 		.ascii	"\234\301\206\031\270\220*!\353\312\216\0356\243H\362"
  94      B8902A21 
  94      EBCA8E1D 
  94      36A348F2 
  95 01f7 84474646 		.ascii	"\204GFF}Kb\0174V\277R\325\337)\212_\230iP\001\010\252"
  95      7D4B620F 
  95      3456BF52 
  95      D5DF298A 
  95      5F986950 
  96 020e 12852B93 		.ascii	"\022\205+\2239\010/\016\305\302\213c\003F\336\364\213"
  96      39082F0E 
  96      C5C28B63 
  96      0346DEF4 
  96      8B
  97 021f 815C4CD1 		.ascii	"\201\\L\321g\264\350\030\015\370\227\267\024\360I-\370"
  97      67B4E818 
ARM GAS  C:\Users\CYIRKO~1\AppData\Local\Temp\ccfXuH1U.s 			page 7


  97      0DF897B7 
  97      14F0492D 
  97      F8
  98 0230 04A52E45 		.ascii	"\004\245.E*n\025\374\270\026^\246\215\344\226\012}j"
  98      2A6E15FC 
  98      B8165EA6 
  98      8DE4960A 
  98      7D6A
  99 0242 6A728ADE 		.ascii	"jr\212\336L\326~\223(\276\255\343\320>\260\357\245&"
  99      4CD67E93 
  99      28BEADE3 
  99      D03EB0EF 
  99      A526
 100 0254 8286E547 		.ascii	"\202\206\345G\227 [\347P$\272\010r\001\344<\310\217"
 100      97205BE7 
 100      5024BA08 
 100      7201E43C 
 100      C88F
 101 0266 20552067 		.ascii	" U gQ$\2550\346\257Z\345\357\364\2243W\317\245z\231"
 101      5124AD30 
 101      E6AF5AE5 
 101      EFF49433 
 101      57CFA57A 
 102 027b 822E9F7A 		.ascii	"\202.\237z.\014\316J\243\347tX\266(\"\002\343\244\262"
 102      2E0CCE4A 
 102      A3E77458 
 102      B6282202 
 102      E3A4B2
 103 028e 906AFBCC 		.ascii	"\220j\373\314Xn\275\0017\321\034\362%\033j\216\232P"
 103      586EBD01 
 103      37D11CF2 
 103      251B6A8E 
 103      9A50
 104 02a0 78D45473 		.ascii	"x\324TsB50\225\351L\213y\356\2522\300fB\227a`\265R\222"
 104      42353095 
 104      E94C8B79 
 104      EEAA32C0 
 104      66429761 
 105 02b8 240EEA5E 		.ascii	"$\016\352^\336\353a\322^\317\257}\262\233\307\335\254"
 105      DEEB61D2 
 105      5ECFAF7D 
 105      B29BC7DD 
 105      AC
 106 02c9 BECA4FE6 		.ascii	"\276\312O\346>|\201\031\003\304\370y^\321z#~\314\214"
 106      3E7C8119 
 106      03C4F879 
 106      5ED17A23 
 106      7ECC8C
 107 02dc 8F4B2BB6 		.ascii	"\217K+\266\233\230\261\224\030\357\217V>\320\343\021"
 107      9B98B194 
 107      18EF8F56 
 107      3ED0E311 
 108 02ec 66DC5F7B 		.ascii	"f\334_{\261Y:}\012\210\361\372`}\276\200\26315\006\357"
 108      B1593A7D 
 108      0A88F1FA 
 108      607DBE80 
 108      B3313506 
ARM GAS  C:\Users\CYIRKO~1\AppData\Local\Temp\ccfXuH1U.s 			page 8


 109 0301 37ED0A61 		.ascii	"7\355\012a\306^\242o8\262e\327L\\\300\214\327\273v\346"
 109      C65EA26F 
 109      38B265D7 
 109      4C5CC08C 
 109      D7BB76E6 
 110 0315 4A874D3D 		.ascii	"J\207M=\3217\026\035\372N\300E\314X\332\265m\243d\\"
 110      D137161D 
 110      FA4EC045 
 110      CC58DAB5 
 110      6DA3645C 
 111 0329 08EA91DA 		.ascii	"\010\352\221\332c\255z\3745\2635\3677\344\207\342b\246"
 111      63AD7AFC 
 111      35B335F7 
 111      37E487E2 
 111      62A6
 112 033b 943DFB72 		.ascii	"\224=\373r\267\001\2270\245~[\261\274\323\016\223\323"
 112      B7019730 
 112      A57E5BB1 
 112      BCD30E93 
 112      D3
 113 034c AEB02C68 		.ascii	"\256\260,hb\307\333\216p\342\301\337R.\340}\024;c\264"
 113      62C7DB8E 
 113      70E2C1DF 
 113      522EE07D 
 113      143B63B4 
 114 0360 6DE04C28 		.ascii	"m\340L(\012\217\034\177\242\"\325\311h\205d\264\320"
 114      0A8F1C7F 
 114      A222D5C9 
 114      688564B4 
 114      D0
 115 0371 ECB64B99 		.ascii	"\354\266K\231x\000\231\350\200U\357\002\371\031\344"
 115      780099E8 
 115      8055EF02 
 115      F919E4
 116 0380 2E4827C8 		.ascii	".H'\310}\220_@\272A\356\201\334\006\271\243\024\034"
 116      7D905F40 
 116      BA41EE81 
 116      DC06B9A3 
 116      141C
 117 0392 C94C5DD8 		.ascii	"\311L]\330\026Q\254z\215\346\346\000\344\206P\216g{"
 117      1651AC7A 
 117      8DE6E600 
 117      E486508E 
 117      677B
 118 03a4 FFC4ED03 		.ascii	"\377\304\355\003\370s\357d\323\222#\360f-|\302\326$"
 118      F873EF64 
 118      D39223F0 
 118      662D7CC2 
 118      D624
 119 03b6 E0950AB8 		.ascii	"\340\225\012\270M\013\336\203\264\350$\005\335\240E"
 119      4D0BDE83 
 119      B4E82405 
 119      DDA045
 120 03c5 DFD0A23B 		.ascii	"\337\320\242;\336U\3207\265\350\306Iqw\250\342\376I"
 120      DE55D037 
 120      B5E8C649 
 120      7177A8E2 
ARM GAS  C:\Users\CYIRKO~1\AppData\Local\Temp\ccfXuH1U.s 			page 9


 120      FE49
 121 03d7 0B3F3879 		.ascii	"\013?8y\232+\024x\235\026^;)rU,\267\264\350\246I\221"
 121      9A2B1478 
 121      9D165E3B 
 121      2972552C 
 121      B7B4E8A6 
 122 03ed ABE6F95F 		.ascii	"\253\346\371_-\372\372\344P\336S\340\327\264\360\253"
 122      2DFAFAE4 
 122      50DE53E0 
 122      D7B4F0AB 
 123 03fd 0AB9B4C7 		.ascii	"\012\271\264\307/\261=\336>q\217K\311\256U%\273^\313"
 123      2FB13DDE 
 123      3E718F4B 
 123      C9AE5525 
 123      BB5ECB
 124 0410 7545E51A 		.ascii	"uE\345\032*\362\354pw\336L\\A+\222\037m\356\374\213"
 124      2AF2EC70 
 124      77DE4C5C 
 124      412B921F 
 124      6DEEFC8B 
 125 0424 E64890AB 		.ascii	"\346H\220\253\020=\202\342\373_\012\221\005\336p\205"
 125      103D82E2 
 125      FB5F0A91 
 125      05DE7085 
 126 0434 1E113D40 		.ascii	"\036\021=@\364P9\"\332\345#\242\270=pG\037.\371/\370"
 126      F4503922 
 126      DAE523A2 
 126      B83D7047 
 126      1F2EF92F 
 127 0449 3DFFDCB4 		.ascii	"=\377\334\264\235\223\277\266''\276\302\346\015\343"
 127      9D93BFB6 
 127      2727BEC2 
 127      E60DE3
 128 0458 7FB3A857 		.ascii	"\177\263\250Wu\214r\250\017\231\351E\012Z\000\037-\374"
 128      758C72A8 
 128      0F99E945 
 128      0A5A001F 
 128      2DFC
 129 046a F114DF0A 		.ascii	"\361\024\337\012\245\017704\213R \304\336\210\012U\203"
 129      A50F3730 
 129      348B5220 
 129      C4DE880A 
 129      5583
 130 047c F28310ED 		.ascii	"\362\203\020\355\207^\236\223\256`r\027\222GH:/\251"
 130      875E9E93 
 130      AE607217 
 130      9247483A 
 130      2FA9
 131 048e BC44497F 		.ascii	"\274DI\177\322`\244bdf\346I~\330\015\214}\320a\362h"
 131      D260A462 
 131      6466E649 
 131      7ED80D8C 
 131      7DD061F2 
 132 04a3 C42B0E10 		.ascii	"\304+\016\020R\017P\021\262\260%\373x|\23429$/U\237"
 132      520F5011 
 132      B2B025FB 
 132      787C9C32 
ARM GAS  C:\Users\CYIRKO~1\AppData\Local\Temp\ccfXuH1U.s 			page 10


 132      39242F55 
 133 04b8 BFA64B68 		.ascii	"\277\246Kh\203e\207\236\035o#\332\327{H\354\020\360"
 133      8365879E 
 133      1D6F23DA 
 133      D77B48EC 
 133      10F0
 134 04ca 4976CA5D 		.ascii	"Iv\312]\010\016\006f\262S\216W\335\304^d7\261\241\354"
 134      080E0666 
 134      B2538E57 
 134      DDC45E64 
 134      37B1A1EC 
 135 04de 1B6785D9 		.ascii	"\033g\205\331_\323\253U\2168\213G\253\376\200\236\302"
 135      5FD3AB55 
 135      8E388B47 
 135      ABFE809E 
 135      C2
 136 04ef 423FA10B 		.ascii	"B?\241\013=\210f\303;E'\225_}\341\011a\356\016qG\273"
 136      3D8866C3 
 136      3B452795 
 136      5F7DE109 
 136      61EE0E71 
 137 0505 18B83714 		.ascii	"\030\2707\024q\257B\024\341Z#\352\010\014\015(\025\002"
 137      71AF4214 
 137      E15A23EA 
 137      080C0D28 
 137      1502
 138 0517 9FF07E0C 		.ascii	"\237\360~\014\347\013\352\207\232\340\340v8\227\374"
 138      E70BEA87 
 138      9AE0E076 
 138      3897FC
 139 0526 8554F4B4 		.ascii	"\205T\364\264\351q/\213jsE}\007\006\256v\250\263\340"
 139      E9712F8B 
 139      6A73457D 
 139      0706AE76 
 139      A8B3E0
 140 0539 D8C2ADE5 		.ascii	"\330\302\255\345\235b\201@\035\242a\205i\2300\221\217"
 140      9D628140 
 140      1DA26185 
 140      69983091 
 140      8F
 141 054a 11CA50D3 		.ascii	"\021\312P\323\325\362)\336\253\243\004\007\277\272\362"
 141      D5F229DE 
 141      ABA30407 
 141      BFBAF2
 142 0559 C82811DC 		.ascii	"\310(\021\334\331\210\037\014+\004\277*\004\277\312"
 142      D9881F0C 
 142      2B04BF2A 
 142      04BFCA
 143 0568 04CF2841 		.ascii	"\004\317(A\317\325\316\247F<\314\030\216\017\\\254\220"
 143      CFD5CEA7 
 143      463CCC18 
 143      8E0F5CAC 
 143      90
 144 0579 43B85C8A 		.ascii	"C\270\\\212\207w\255\013$3\202Q\205`T&\030\243\004\267"
 144      8777AD0B 
 144      24338251 
 144      85605426 
ARM GAS  C:\Users\CYIRKO~1\AppData\Local\Temp\ccfXuH1U.s 			page 11


 144      18A304B7 
 145 058d EB73CE1B 		.ascii	"\353s\316\033\361\021=#hzr\312$\021<(\303\255\273\307"
 145      F1113D23 
 145      687A72CA 
 145      24113C28 
 145      C3ADBBC7 
 146 05a1 09820A41 		.ascii	"\011\202\012AP&\020yB\260w\277\377n\010\356c\004\376"
 146      50261079 
 146      42B077BF 
 146      FF6E08EE 
 146      6304FE
 147 05b4 1B83DD06 		.ascii	"\033\203\335\006\035\317*\231,3\364\235\277v\263H\367"
 147      1DCF2A99 
 147      2C33F49D 
 147      BF76B348 
 147      F7
 148 05c5 BB09C9E1 		.ascii	"\273\011\311\341IB>\343\245\214\224\\\031\375^\216\340"
 148      49423EE3 
 148      A58C945C 
 148      19FD5E8E 
 148      E0
 149 05d6 7AF52BFF 		.ascii	"z\365+\377dS\000\020\202\373\244\034\001|\262\010ri"
 149      64530010 
 149      82FBA41C 
 149      017CB208 
 149      7269
 150 05e8 04FEED45 		.ascii	"\004\376\355E\345\030\007Y\004_l}V\307\313\253x\011"
 150      E5180759 
 150      045F6C7D 
 150      56C7CBAB 
 150      7809
 151 05fa 8F059555 		.ascii	"\217\005\225U\314S\030\362d\206u\224\241\352\374\301"
 151      CC5318F2 
 151      64867594 
 151      A1EAFCC1 
 152 060a A7A1B8CE 		.ascii	"\247\241\270\316@\031Z+\253\374\272\227w\211\275\344"
 152      40195A2B 
 152      ABFCBA97 
 152      7789BDE4 
 153 061a A25BBDF0 		.ascii	"\242[\275\360\363\234:Q\334\311\323\015\233\317\030"
 153      F39C3A51 
 153      DCC9D30D 
 153      9BCF18
 154 0629 547F8EF9 		.ascii	"T\177\216\371\204\010\025\360/\223[\375Pc\253Y\275\307"
 154      840815F0 
 154      2F935BFD 
 154      5063AB59 
 154      BDC7
 155 063b 8953658F 		.ascii	"\211Se\217\257\347\315\262{\370\244g\3027\015:5\236"
 155      AFE7CDB2 
 155      7BF8A467 
 155      C2370D3A 
 155      359E
 156 064d 4C53C16F 		.ascii	"LS\301o\340\331\231@ZC\362;\213m>\233\316\266\332\223"
 156      E0D99940 
 156      5A43F23B 
 156      8B6D3E9B 
ARM GAS  C:\Users\CYIRKO~1\AppData\Local\Temp\ccfXuH1U.s 			page 12


 156      CEB6DA93 
 157 0661 6E5ABAE2 		.ascii	"nZ\272\342\203\210\204\330XN\260Z\263\234\231\276\371"
 157      838884D8 
 157      584EB05A 
 157      B39C99BE 
 157      F9
 158 0672 7156DF6A 		.ascii	"qV\337j\307\033\226\3244g\212\323\353\313\262;]\026"
 158      C71B96D4 
 158      34678AD3 
 158      EBCBB23B 
 158      5D16
 159 0684 9FCB95EE 		.ascii	"\237\313\225\356\265\254\311\314\212\240_\0216OF\204"
 159      B5ACC9CC 
 159      8AA05F11 
 159      364F4684 
 160 0694 2323C561 		.ascii	"##\305a\267;\354\226\005\321\363#\342^\213\215\377G"
 160      B73BEC96 
 160      05D1F323 
 160      E25E8B8D 
 160      FF47
 161 06a6 AC05FA5F 		.ascii	"\254\005\372_\315te:^u\330R\234\026gfjz\226\335a\311"
 161      CD74653A 
 161      5E75D852 
 161      9C166766 
 161      6A7A96DD 
 162 06bc B00157A6 		.ascii	"\260\001W\246\303b\265;V\333\262\322}V\337'n\2077:\215"
 162      C362B53B 
 162      56DBB2D2 
 162      7D56DF27 
 162      6E87373A 
 163 06d1 33C9FE3E 		.ascii	"3\311\376>\374\277\372\363~\342\265X\275>;\220\203\023"
 163      FCBFFAF3 
 163      7EE2B558 
 163      BD3E3B90 
 163      8313
 164 06e3 ECB27BF4 		.ascii	"\354\262{\364\356,\267\335cty\335\016\207\335cp\221"
 164      EE2CB7DD 
 164      637479DD 
 164      0E87DD63 
 164      7091
 165 06f5 003CFA0C 		.ascii	"\000<\372\014\227\335\341!k\220\226\270\344\015K\002"
 165      97DDE121 
 165      6B9096B8 
 165      E40D4B02 
 166 0705 F1FF3EF3 		.ascii	"\361\377>\363Ocqyc\343\027\304\270\2741i\266\364\030"
 166      4F637179 
 166      63E317C4 
 166      B8BC3169 
 166      B6F418
 167 0718 B7CBE3F3 		.ascii	"\267\313\343\363\306\274\377\267\367\346\307\305$%-"
 167      C6BCFFB7 
 167      F7E6C7C5 
 167      24252D
 168 0727 8E599ABC 		.ascii	"\216Y\232\274|\345\307q\304du\203\244\247\333\301U\230"
 168      7CE5C771 
 168      C4647583 
 168      A4A7DBC1 
ARM GAS  C:\Users\CYIRKO~1\AppData\Local\Temp\ccfXuH1U.s 			page 13


 168      5598
 169 0739 D79701D3 		.ascii	"\327\227\001\323Y\343v\272\254^\207/\313m\365\031\222"
 169      59E376BA 
 169      AC5E872F 
 169      CB6DF519 
 169      92
 170 074a 97939536 		.ascii	"\227\223\2256$/c\315R\326$\262f\011k\026\263&\2015\177"
 170      242F63CD 
 170      52D624B2 
 170      66096B16 
 170      B3268135 
 171 075f 65CD22D6 		.ascii	"e\315\"\326\274K\232\220\344EI\011\256\314\325\3165"
 171      BC4B9A90 
 171      E4454909 
 171      AECCD5CE 
 171      35
 172 0770 46F0B83C 		.ascii	"F\360\270<\323\351\373\363s#\366zRI\033\235\312\031"
 172      D3E9FBF3 
 172      7323F67A 
 172      52491B9D 
 172      CA19
 173 0782 BC3E3224 		.ascii	"\274>2$\356\271C\244\005\244\263\362\222\265\013Iq\331"
 173      EEB943A4 
 173      05A4B3F2 
 173      92B50B49 
 173      71D9
 174 0794 3C763278 		.ascii	"<v2x\361s\007S(Y\"\353\212\017\022\222\226\254\214}"
 174      F1730753 
 174      285922EB 
 174      8A0F1292 
 174      96AC8C7D 
 175 07a8 FD756B62 		.ascii	"\375ukb\374\202\370\277/g&\2403\256q\323H\346O+\022"
 175      FC82F8BF 
 175      2F6726A0 
 175      33AE71D3 
 175      48E64F2B 
 176 07bd 1844C6DA 		.ascii	"\030D\306\332m\251\323\037\013\203`\354\0149GV'0\230"
 176      6DA9D31F 
 176      0B8360EC 
 176      0C394756 
 176      273098
 177 07d0 D354CAA2 		.ascii	"\323T\312\242ie\236\276\023\343\327\256\215IS\222N\270"
 177      69659EBE 
 177      13E3D7AE 
 177      8D495392 
 177      4EB8
 178 07e2 E5CA4EA5 		.ascii	"\345\312N\245I\372\015\250\002\3254"
 178      49FA0DA8 
 178      02D534
 179              		.text
 180              		.section	.gnu.lto_.symtab.9f3ca260,"",%progbits
 181 0000 68616C49 		.ascii	"halInit\000"
 181      6E697400 
 182 0008 00       		.ascii	"\000"
 183 0009 00       		.ascii	"\000"
 184 000a 00       		.ascii	"\000"
 185 000b 00000000 		.ascii	"\000\000\000\000\000\000\000\000"
ARM GAS  C:\Users\CYIRKO~1\AppData\Local\Temp\ccfXuH1U.s 			page 14


 185      00000000 
 186 0013 F8000000 		.ascii	"\370\000\000\000"
 187 0017 70616C5F 		.ascii	"pal_default_config\000"
 187      64656661 
 187      756C745F 
 187      636F6E66 
 187      696700
 188 002a 00       		.ascii	"\000"
 189 002b 02       		.ascii	"\002"
 190 002c 00       		.ascii	"\000"
 191 002d 00000000 		.ascii	"\000\000\000\000\000\000\000\000"
 191      00000000 
 192 0035 08010000 		.ascii	"\010\001\000\000"
 193 0039 7374496E 		.ascii	"stInit\000"
 193      697400
 194 0040 00       		.ascii	"\000"
 195 0041 02       		.ascii	"\002"
 196 0042 00       		.ascii	"\000"
 197 0043 00000000 		.ascii	"\000\000\000\000\000\000\000\000"
 197      00000000 
 198 004b FA000000 		.ascii	"\372\000\000\000"
 199 004f 626F6172 		.ascii	"boardInit\000"
 199      64496E69 
 199      7400
 200 0059 00       		.ascii	"\000"
 201 005a 02       		.ascii	"\002"
 202 005b 00       		.ascii	"\000"
 203 005c 00000000 		.ascii	"\000\000\000\000\000\000\000\000"
 203      00000000 
 204 0064 FC000000 		.ascii	"\374\000\000\000"
 205 0068 67707449 		.ascii	"gptInit\000"
 205      6E697400 
 206 0070 00       		.ascii	"\000"
 207 0071 02       		.ascii	"\002"
 208 0072 00       		.ascii	"\000"
 209 0073 00000000 		.ascii	"\000\000\000\000\000\000\000\000"
 209      00000000 
 210 007b FE000000 		.ascii	"\376\000\000\000"
 211 007f 64616349 		.ascii	"dacInit\000"
 211      6E697400 
 212 0087 00       		.ascii	"\000"
 213 0088 02       		.ascii	"\002"
 214 0089 00       		.ascii	"\000"
 215 008a 00000000 		.ascii	"\000\000\000\000\000\000\000\000"
 215      00000000 
 216 0092 00010000 		.ascii	"\000\001\000\000"
 217 0096 5F70616C 		.ascii	"_pal_lld_init\000"
 217      5F6C6C64 
 217      5F696E69 
 217      7400
 218 00a4 00       		.ascii	"\000"
 219 00a5 02       		.ascii	"\002"
 220 00a6 00       		.ascii	"\000"
 221 00a7 00000000 		.ascii	"\000\000\000\000\000\000\000\000"
 221      00000000 
 222 00af 04010000 		.ascii	"\004\001\000\000"
 223 00b3 68616C5F 		.ascii	"hal_lld_init\000"
ARM GAS  C:\Users\CYIRKO~1\AppData\Local\Temp\ccfXuH1U.s 			page 15


 223      6C6C645F 
 223      696E6974 
 223      00
 224 00c0 00       		.ascii	"\000"
 225 00c1 02       		.ascii	"\002"
 226 00c2 00       		.ascii	"\000"
 227 00c3 00000000 		.ascii	"\000\000\000\000\000\000\000\000"
 227      00000000 
 228 00cb 06010000 		.ascii	"\006\001\000\000"
 229              		.text
 230              		.section	.gnu.lto_.opts,"",%progbits
 231 0000 272D666D 		.ascii	"'-fmath-errno' '-fsigned-zeros' '-ftrapping-math' '"
 231      6174682D 
 231      6572726E 
 231      6F272027 
 231      2D667369 
 232 0033 2D666E6F 		.ascii	"-fno-trapv' '-fno-openmp' '-fno-openacc' '-mcpu=cor"
 232      2D747261 
 232      70762720 
 232      272D666E 
 232      6F2D6F70 
 233 0066 7465782D 		.ascii	"tex-m7' '-mno-thumb-interwork' '-mthumb' '-ggdb' '-"
 233      6D372720 
 233      272D6D6E 
 233      6F2D7468 
 233      756D622D 
 234 0099 4F322720 		.ascii	"O2' '-fomit-frame-pointer' '-falign-functions=16' '"
 234      272D666F 
 234      6D69742D 
 234      6672616D 
 234      652D706F 
 235 00cc 2D666675 		.ascii	"-ffunction-sections' '-fdata-sections' '-fno-common"
 235      6E637469 
 235      6F6E2D73 
 235      65637469 
 235      6F6E7327 
 236 00ff 2720272D 		.ascii	"' '-flto'\000"
 236      666C746F 
 236      2700
 237              		.text
 238              		.comm	__gnu_lto_v1,1,1
 239              		.comm	__gnu_lto_slim,1,1
 240              		.ident	"GCC: (GNU Tools for ARM Embedded Processors 6-2017-q1-update) 6.3.1 20170215 (release) [AR
ARM GAS  C:\Users\CYIRKO~1\AppData\Local\Temp\ccfXuH1U.s 			page 16


DEFINED SYMBOLS
                            *ABS*:00000000 hal.c
                            *COM*:00000001 __gnu_lto_v1
                            *COM*:00000001 __gnu_lto_slim

NO UNDEFINED SYMBOLS
