ARM GAS  C:\Users\CYIRKO~1\AppData\Local\Temp\cc5nbPVT.s 			page 1


   1              		.cpu cortex-m7
   2              		.eabi_attribute 20, 1
   3              		.eabi_attribute 21, 1
   4              		.eabi_attribute 23, 3
   5              		.eabi_attribute 24, 1
   6              		.eabi_attribute 25, 1
   7              		.eabi_attribute 26, 1
   8              		.eabi_attribute 30, 2
   9              		.eabi_attribute 34, 1
  10              		.eabi_attribute 18, 4
  11              		.file	"hal_st.c"
  12              		.text
  13              	.Ltext0:
  14              		.section	.gnu.lto_.profile.9f3cad1b,"",%progbits
  15 0000 789C6365 		.ascii	"x\234ce`b`a```d\220\342\001\000\000\300\0003"
  15      60626061 
  15      60606064 
  15      90E20100 
  15      00C00033 
  16              		.text
  17              		.section	.gnu.lto_.icf.9f3cad1b,"",%progbits
  18 0000 789C6365 		.ascii	"x\234ce`bP`@\000V\206\205??\354\345a|\177c\371J\026"
  18      60625060 
  18      40005686 
  18      853F3FEC 
  18      E5617C7F 
  19 0018 A67D171E 		.ascii	"\246}\027\036\254ga~\177\256\367/;\313\211\217\213\026"
  19      AC67617E 
  19      7FAEF72F 
  19      3BCB898F 
  19      8B16
  20 002a F0320000 		.ascii	"\3602\000\000\0217\020\034"
  20      1137101C 
  21              		.text
  22              		.section	.gnu.lto_.jmpfuncs.9f3cad1b,"",%progbits
  23 0000 789C6365 		.ascii	"x\234ce`b\020c@\000V\020\301\010\004\365L\014\014\314"
  23      60621063 
  23      40005610 
  23      C10804F5 
  23      4C0C0CCC 
  24 0014 209A0528 		.ascii	" \232\005(\000\000\016\012\0011"
  24      00000E0A 
  24      0131
  25              		.text
  26              		.section	.gnu.lto_.inline.9f3cad1b,"",%progbits
  27 0000 789C6365 		.ascii	"x\234ce`b\310g@\000V\006\006\026\036F\240 \003\003\333"
  27      6062C867 
  27      40005606 
  27      06161E46 
  27      A0200303 
  28 0015 027910C5 		.ascii	"\002y\020\305\300\310\005\"\030\330X\031\031\031\004"
  28      C0C80522 
  28      18D85819 
  28      191904
  29 0024 18191898 		.ascii	"\030\031\030\230\330>\350\301%\231\030X\230\201\312"
  29      D83EE8C1 
  29      25991858 
ARM GAS  C:\Users\CYIRKO~1\AppData\Local\Temp\cc5nbPVT.s 			page 2


  29      9881CA
  30 0033 992EF0C3 		.ascii	"\231.\360\303\205\230ABP\245\310\342,\230J\031\000\312"
  30      85984142 
  30      50A5C8E2 
  30      2C984A19 
  30      00CA
  31 0045 39089E   		.ascii	"9\010\236"
  32              		.text
  33              		.section	.gnu.lto_.pureconst.9f3cad1b,"",%progbits
  34 0000 789C6365 		.ascii	"x\234ce`b\340f```e\220`\224b\222b\226b\221\002\000\004"
  34      6062E066 
  34      60606065 
  34      90609462 
  34      92629662 
  35 0018 1000A2   		.ascii	"\020\000\242"
  36              		.text
  37              		.section	.gnu.lto_stInit.9f3cad1b,"",%progbits
  38 0000 789C6365 		.ascii	"x\234ce`bX\314\300\300`\000\304\322@\314\310\314\300"
  38      606258CC 
  38      C0C06000 
  38      C4D240CC 
  38      C8CCC0
  39 0013 C834E11C 		.ascii	"\3104\341\034\003C#\007\023##\210\321\300\301\310P\317"
  39      03432307 
  39      13232388 
  39      D1C0C1C8 
  39      50CF
  40 0025 C458CFD8 		.ascii	"\304X\317\330\317<\235\231\361P\373\263\235L\232\313"
  40      CF3C9D99 
  40      F150FBB3 
  40      9D4C9ACB 
  41 0035 1B80E0C0 		.ascii	"\033\200\340\300\364\037\222\015+\0160\316gf`\230\011"
  41      F41F920D 
  41      2B0E30CE 
  41      67666098 
  41      09
  42 0046 C420C0B8 		.ascii	"\304 \300\270\234Q\223\001\250\354\321\306\177Sy\331"
  42      9C519301 
  42      A8ECD1C6 
  42      7F5379D9 
  43 0056 5820E28C 		.ascii	"X \342\214+\030\331\030\201\364\372K\214\007\032\376"
  43      2B18D918 
  43      81F4FA4B 
  43      8C071AFE 
  44 0066 FD6F6F38 		.ascii	"\375oo8pg\021\343\177V\240T\027\020\203\354\350ff\002"
  44      706711E3 
  44      7F56A054 
  44      171083EC 
  44      E8666602 
  45 007a D1CCAF19 		.ascii	"\321\314\257\031\233\027\374\226\006\251\007\031\262"
  45      9B17FC96 
  45      06A90719 
  45      B2
  46 0087 73E79BDB 		.ascii	"s\347\233\333\354\365\177\0338\34633\316d\006\232\300"
  46      ECF57F1B 
  46      38E63333 
  46      CE64069A 
ARM GAS  C:\Users\CYIRKO~1\AppData\Local\Temp\cc5nbPVT.s 			page 3


  46      C0
  47 0098 B892B19E 		.ascii	"\270\222\261\236a>P\355[\306\246\005\377\271\301\352"
  47      613E50ED 
  47      5BC6A605 
  47      FFB9C1EA 
  48 00a8 40A00B28 		.ascii	"@\240\013(\011\324\316\304\300\240\347j\025\343\234"
  48      09D4CEC4 
  48      C0A0E76A 
  48      15E39C
  49 00b7 91999419 		.ascii	"\221\231\224\031\\R\232\222\231\037\223\014b\347\027"
  49      5C529A92 
  49      991F930C 
  49      62E717
  50 00c6 1B9A9BE9 		.ascii	"\033\232\233\351\347\027\353g$\346\350\027\027%\203"
  50      E717EB67 
  50      24E6E817 
  50      172583
  51 00d5 E8F8E212 		.ascii	"\350\370\342\022\275d\006\000)uH\002"
  51      BD640600 
  51      29754802 
  52              		.text
  53              		.section	.gnu.lto_stStartAlarm.9f3cad1b,"",%progbits
  54 0000 789C9D52 		.ascii	"x\234\235RMh\023A\024\236o'\335\015\361\247\036<\010"
  54      4D681341 
  54      149E6F27 
  54      DD0DF1A7 
  54      1E3C08
  55 0013 E6204229 		.ascii	"\346 B)\365\220%\012\376]\255\202\320\236\332c\241\264"
  55      F590250A 
  55      FE5DAD82 
  55      D09EDA63 
  55      A1B4
  56 0025 A9904024 		.ascii	"\251\220@$\322D\217v\033\033\203\251\177\227&\315!n"
  56      D2448F76 
  56      1B1B83A9 
  56      7F9726CD 
  56      216E
  57 0037 314ADA68 		.ascii	"1J\332h\232\246\376\265Za\011\212\027M\245=x\320\202"
  57      9AA6FEB5 
  57      5A61098A 
  57      174DA53D 
  57      78D082
  58 004a 082D0A15 		.ascii	"\010-\012\025K\015\026\021\022\337L\242\324\223\342"
  58      4B0D1611 
  58      12DF4CA2 
  58      D493E2
  59 0059 C0EC9BF7 		.ascii	"\300\354\233\367\366{\337\373\336\314k`\012+)\214\205"
  59      F67BDFFB 
  59      DECC6B60 
  59      0A2B298C 
  59      85
  60 006a 1963BB69 		.ascii	"\031c\273i\2033(\327K\214\015\332\025@\034\014;\330"
  60      833328D7 
  60      4B8C0DDA 
  60      15401C0C 
  60      3BD8
  61 007c 8082015C 		.ascii	"\200\202\001\\\343\011\216bteVi\311\030\264\254\304"
ARM GAS  C:\Users\CYIRKO~1\AppData\Local\Temp\cc5nbPVT.s 			page 4


  61      E3098E62 
  61      74655669 
  61      C918B4AC 
  61      C4
  62 008d 8C7AD188 		.ascii	"\214z\321\210\35429cI\332b!\203\026B=\257nX\215W\271"
  62      EC323963 
  62      49DA6221 
  62      8316423D 
  62      AF6E588D 
  63 00a3 C90185DC 		.ascii	"\311\001\205\334\205\265\227\251-\302U\260\203\334\037"
  63      85B597A9 
  63      2DC255B0 
  63      83DC1F
  64 00b2 D9A9778D 		.ascii	"\331\251w\215\334\015F\347\365\033\326\336\346\333\206"
  64      DC0D46E7 
  64      F51BD6DE 
  64      E6DB86
  65 00c1 1136ACD5 		.ascii	"\0216\254\325\013\334\330ir\216,8\361a\002N\214\303"
  65      0BDCD869 
  65      728E2C38 
  65      F161024E 
  65      8CC3
  66 00d3 C928C470 		.ascii	"\311(\304p\007\315\002\376\241P\031\331\246\332\322"
  66      07CD02FE 
  66      A15019D9 
  66      A6DAD2
  67 00e2 BF4AE22E 		.ascii	"\277J\342.T\220\315/\3002*\325\250a\225oa\361\204F\332"
  67      5490CD2F 
  67      C0322AD5 
  67      A861956F 
  67      61F18446 
  68 00f7 298353AE 		.ascii	")\203S\256\215\261\030!E'\303\\\021\226/C\021\\\227"
  68      8DB11821 
  68      4527C35C 
  68      11962F43 
  68      115C97
  69 010a ACD83307 		.ascii	"\254\3303\007?\"e\274y\233J8\232\322R\307Jr\353\250"
  69      3F2265BC 
  69      799B4A38 
  69      9AD252C7 
  69      4A72EBA8 
  70 011e 6185F708 		.ascii	"a\205\367\010)\271?\245\310\026'\321\224\"\246O\010"
  70      29B93FA5 
  70      C81627D1 
  70      9422A64F 
  70      08
  71 012f AF47BFCC 		.ascii	"\257G\277\314/\335\324~\353\032\252]\313k\225\013\220"
  71      2FDDD47E 
  71      EB1AAA5D 
  71      CB6B950B 
  71      90
  72 0140 1497E4D8 		.ascii	"\024\227\344\330\244\233!\017\225(\246\240\2468\257"
  72      A49B210F 
  72      9528A6A0 
  72      A638AF
  73 014f B114E3DF 		.ascii	"\261\024\343\337+\253#\207E\214\200\361Hq^\023W\325"
  73      2BAB2387 
ARM GAS  C:\Users\CYIRKO~1\AppData\Local\Temp\cc5nbPVT.s 			page 5


  73      458C80F1 
  73      48715E13 
  73      57D5
  74 0161 20F34AB9 		.ascii	" \363J\271\2155G\315\025\3346\012\245'\277\275\260\233"
  74      8D3547CD 
  74      15DC360A 
  74      A527BFBD 
  74      B09B
  75 0173 48C1E42A 		.ascii	"H\301\344*\246IXA\010\243\037\331W\345\257\232\2363"
  75      A6495841 
  75      08A31FD9 
  75      57E5AF9A 
  75      9E33
  76 0185 86068DB1 		.ascii	"\206\006\215\261\363&\327p\017&F\251wY\224\000\325x"
  76      F326D770 
  76      0F2646A9 
  76      77599400 
  76      D578
  77 0197 614975E7 		.ascii	"aIu\347%`\232\322\355\270\017\035\373\234u\004\036\300"
  77      25609AD2 
  77      EDB80F1D 
  77      FB9C7504 
  77      1EC0
  78 01a9 4DAA84A4 		.ascii	"M\252\204\244\362\307\271\310\366\272\242\177\255g\307"
  78      F2C7B9C8 
  78      F6BAA27F 
  78      AD67C7
  79 01b8 43590F75 		.ascii	"CY\017u\266G\3207\367CS\204\031\312\224\354O\377\203"
  79      B647D037 
  79      F7435384 
  79      19CA94EC 
  79      4FFF83
  80 01cb 7D56B22B 		.ascii	"}V\262+u\366\307\222}\316\274<\341\250\261+xB\231\313"
  80      75F6C792 
  80      7DCEBC3C 
  80      E1A8B12B 
  80      784299CB 
  81 01df 08BF1F1E 		.ascii	"\010\277\037\036\367\310\261\020O\300>#<\226\271\002"
  81      F7C8B110 
  81      4FC03E23 
  81      3C96B902 
  82 01ef 1190AF17 		.ascii	"\021\220\257\027#}4\0034\361\256\343G\273\216y}\275"
  82      237D3403 
  82      34F1AEE3 
  82      47BB8E79 
  82      7DBD
  83 0201 BE8ED0D9 		.ascii	"\276\216\320\331>_\240\313#\316\201\240\373\320A=\020"
  83      3E5FA0CB 
  83      23CE81A0 
  83      FBD0413D 
  83      10
  84 0212 D4BD3D7E 		.ascii	"\324\275=~=\330\357\021\266;\030ry\230\326\323\033\014"
  84      3DD8EF11 
  84      B63B1872 
  84      7998D6D3 
  84      1B0C
  85 0224 F94E9FB2 		.ascii	"\371N\237\262\211O\353_s\317\004\372CA\275\243\263\375"
ARM GAS  C:\Users\CYIRKO~1\AppData\Local\Temp\cc5nbPVT.s 			page 6


  85      894FEB5F 
  85      73CF04FA 
  85      4341BDA3 
  85      B3FD
  86 0236 C07EBDAD 		.ascii	"\300~\275\255\255U\357<\331~\316]g\353\366\373\373\\"
  86      AD55EF3C 
  86      D97ECE5D 
  86      67EBF6FB 
  86      FB5C
  87 0248 5EF61375 		.ascii	"^\366\023u\355\024\325"
  87      ED14D5
  88              		.text
  89              		.section	.gnu.lto_stStopAlarm.9f3cad1b,"",%progbits
  90 0000 789C8550 		.ascii	"x\234\205P\277KBQ\024>\337\273\366\224\240\275\310\255"
  90      BF4B4251 
  90      143EDFBB 
  90      F694A0BD 
  90      C8AD
  91 0012 C9E53D2C 		.ascii	"\311\345=,(h\315\202@'\035\005)\035\024\004\303\247"
  91      2868CD82 
  91      40271D05 
  91      291D1404 
  91      C3A7
  92 0024 AD3E4313 		.ascii	"\255>C\023\024\252%\315!\336\340`Y*\215A\201H\320\224"
  92      14AA25CD 
  92      21DEE060 
  92      592A8D41 
  92      8148D094 
  93 0038 417F8134 		.ascii	"A\177\2014\004\016A\244\224\020X\367>#\334:p8\277\276"
  93      040E41A4 
  93      941058F7 
  93      3E23DC3A 
  93      7038BFBE 
  94 004c F37DE7DE 		.ascii	"\363}\347\336)\222H\001Q\222\210\346\271\203\021\244"
  94      29924801 
  94      519288E6 
  94      B98311A4 
  95 005c A30E51DA 		.ascii	"\243\016Q\332&\001\"\321m\240\224\204\024\016Y\211\241"
  95      260122D1 
  95      6DA09484 
  95      140E5989 
  95      A1
  96 006d 9D7BB996 		.ascii	"\235{\271\226\034U\235[\2534\220\367\365\354\254\301"
  96      1C559D5B 
  96      AB3490F7 
  96      F5ECACC1 
  97 007d 88CADC85 		.ascii	"\210\312\334\205\241\012\007q\330\363\325\350xF\266"
  97      A10A0771 
  97      D8F3D5E8 
  97      7846B6
  98 008c 8CFB3883 		.ascii	"\214\3738\203\314%\250\371\204\226>\372\316\351\255"
  98      CC25A8F9 
  98      84963EFA 
  98      CEE9AD
  99 009b BB0ABE36 		.ascii	"\273\012\2766\370(\317]h\024\230$\"\353\241=\030\366"
  99      F828CF5D 
  99      68149824 
ARM GAS  C:\Users\CYIRKO~1\AppData\Local\Temp\cc5nbPVT.s 			page 7


  99      22EBA13D 
  99      18F6
 100 00ad 6E8ACA1F 		.ascii	"n\212\312\037Ef\2544\224\231ISf\230\244\3079d\316_\203"
 100      4566AC34 
 100      94994953 
 100      6698A4C7 
 100      3964CE5F 
 101 00c2 CC9BC56C 		.ascii	"\314\233\305l\373\321z\300\014\006\023\323\251\177\276"
 101      FBD17AC0 
 101      0C0613D3 
 101      A97FBE
 102 00d1 4D8F4BC1 		.ascii	"M\217K\301a\341\255J\343\343\336f\340\024\006\223p\011"
 102      61E1AD4A 
 102      E3E3DE66 
 102      E0140693 
 102      7009
 103 00e3 3B2E6027 		.ascii	";.`'\201\255=\014\372V\265\256g\322z\267\332\237{\347"
 103      81AD3D0C 
 103      FA56B5AE 
 103      67D27AB7 
 103      DA9F7BE7 
 104 00f7 5B0C7518 		.ascii	"[\014u\0308\341\007\232\"h@\235\324\340w\240\311\267"
 104      38E1079A 
 104      2268409D 
 104      D4E077A0 
 104      C9B7
 105 0109 5FB1D72D 		.ascii	"_\261\327-\334.\210\333\314\017\310\363\001\177\211"
 105      DC2E88DB 
 105      CC0FC8F3 
 105      017F89
 106 0118 44A4ACAF 		.ascii	"D\244\254\257\372\327\302\221\355\2107\221\014Eb\376"
 106      FAD7C291 
 106      ED883791 
 106      0C4562FE 
 107 0128 A0C8639A 		.ascii	"\240\310c\232seY\215ijx+\252j\361\240\210\001-\241\004"
 107      7365598D 
 107      696A782B 
 107      AA6AF1A0 
 107      88012DA1 
 108 013d C9F52F7C 		.ascii	"\311\365/|'\026Oh\252\327\347YZT\335n\227\352\333\364"
 108      27164F68 
 108      AAD7E759 
 108      5A54DD6E 
 108      97EADBF4 
 109 0151 EC3A7F09 		.ascii	"\354:\177\011\002\321hH\011\323\017\206\007\216\322"
 109      02D16848 
 109      09D30F86 
 109      078ED2
 110              		.text
 111              		.section	.gnu.lto_stSetAlarm.9f3cad1b,"",%progbits
 112 0000 789C8552 		.ascii	"x\234\205RMh\023A\024~\337N\262\033\242R\021\017\202"
 112      4D681341 
 112      147EDF4E 
 112      B21BA252 
 112      110F82
 113 0013 3988504A 		.ascii	"9\210PJ=d\211\202\177W+\"\264\247\366X(m*$\020\2114"
 113      3D648982 
ARM GAS  C:\Users\CYIRKO~1\AppData\Local\Temp\cc5nbPVT.s 			page 8


 113      7F572B22 
 113      B4A7F658 
 113      286D2A24 
 114 002a D1633B5D 		.ascii	"\321c;][\203-T/&\355a\335b\224jl\232\244*(^\226\340"
 114      5B832D54 
 114      2F26ED61 
 114      DD62946A 
 114      6C9AA42A 
 115 0042 CF455BE8 		.ascii	"\317E[\350\305\203\021D\254\340A,\365'\210\220\370f"
 115      C5831144 
 115      ACE0412C 
 115      F5278890 
 115      F866
 116 0054 53454F0E 		.ascii	"SEO\016\314\274\237\371\3367\337{\214\2374\332\245\021"
 116      CCBC9FF9 
 116      DE37DF7B 
 116      8C9F34DA 
 116      A511
 117 0066 5944B497 		.ascii	"YD\264\2277\004A\273\272B4\036\320\000\345\310\000h"
 117      370441BB 
 117      BA42341E 
 117      D000E5C8 
 117      0068
 118 0078 4CC318AE 		.ascii	"L\303\030\256\210\234@5\363\341\221\326\271 y\271\271"
 118      889C4035 
 118      F3E191D6 
 118      B92079B9 
 118      B9
 119 0089 B271494E 		.ascii	"\262qIN\356q\004\321\034o\265\260\200NF=m\326\335\266"
 119      EE7104D1 
 119      1C6FB5B0 
 119      804E463D 
 119      6DD6DDB6 
 120 009d 19E10840 		.ascii	"\031\341\010@\343pm\343\205\275M\205\032vr\370\263P"
 120      E3706DE3 
 120      85BD4D85 
 120      1A7672F8 
 120      B350
 121 00af AEB58908 		.ascii	"\256\265\211\010\210\375\315\353\356\376\216[RZ\322"
 121      88FDCDEB 
 121      EEFE8E5B 
 121      525AD2
 122 00be AD5D1472 		.ascii	"\255]\024r\267#\004\012\020\314\207;\010\3416B\304)"
 122      B723040A 
 122      10CC873B 
 122      08E13642 
 122      C429
 123 00d0 C25D7428 		.ascii	"\302]t(\370\273J\343\332\016\335\227\377\375$\026\241"
 123      F8BB4AE3 
 123      DA0EDD97 
 123      FFFD2416 
 123      A1
 124 00e1 836D690D 		.ascii	"\203mi\015\256l43\322}\177\023\217O\371Y;W\010\256\365"
 124      AE6C3433 
 124      D27D7F13 
 124      8F4FF959 
 124      3B5708AE 
ARM GAS  C:\Users\CYIRKO~1\AppData\Local\Temp\cc5nbPVT.s 			page 9


 125 00f6 114D3152 		.ascii	"\021M1Ru2-4e\305:4\305u\331\235z\022\024\307<\031\257"
 125      75322D34 
 125      65C53A34 
 125      C575D99D 
 125      7A1214C7 
 126 010d 5EDBB960 		.ascii	"^\333\271`{\336\323\361\314\336>+]k\237\222R\374W\212"
 126      7BDED3F1 
 126      CCDE3E2B 
 126      5D6B9F92 
 126      52FC578A 
 127 0121 D7E212DA 		.ascii	"\327\342\022\332mf\372\010k3\363y\365\333\015\343\217"
 127      6D66FA08 
 127      6B33F379 
 127      F5DB0DE3 
 127      8F
 128 0132 AE89D658 		.ascii	"\256\211\326X\036\032B\201<qs\002\177\351&\224\2403"
 128      1E1A4281 
 128      3C717302 
 128      7FE92694 
 128      A033
 129 0144 4519BA2D 		.ascii	"E\031\272-D\213\245\232\375\321X\314\035U9\006f'\253"
 129      448BA59A 
 129      FDD158CC 
 129      1D553906 
 129      6627AB
 130 0157 AB861A95 		.ascii	"\253\206\032\225\337\253[)\3267\202\255Pq\3738\225_"
 130      DFAB5B29 
 130      D63782AD 
 130      5071FB38 
 130      955F
 131 0169 FAFE3CE0 		.ascii	"\372\376<\340\300\206#t,\263\260\212\022\306\027\205"
 131      C0862374 
 131      2CB3B08A 
 131      12C61785 
 132 0179 975FBF18 		.ascii	"\227_\277\030fQN\214\313\371QG\030\270\007\007\263\334"
 132      66514E8C 
 132      CBF95147 
 132      18B80707 
 132      B3DC
 133 018b BBF72803 		.ascii	"\273\367(\003\232\331\312\033=R\362\000\313\\\036\300"
 133      9AD9CA1B 
 133      3D52F200 
 133      CB5C1EC0 
 134 019b 7D983810 		.ascii	"}\2308\020\332B\340\001\"\254\212\326a\275\235\256E"
 134      DA42E001 
 134      22AC8AD6 
 134      61BD9DAE 
 134      45
 135 01ac BDD1AA36 		.ascii	"\275\321\2526\350\023\254\371\372\014T\302\233\300\024"
 135      E813ACF9 
 135      FA0C54C2 
 135      9BC014
 136 01bb F7C473E4 		.ascii	"\367\304s\344_\023>y\274\377D,>\024\357M\237\037\216"
 136      5F133E79 
 136      BCFF442C 
 136      3E14EF4D 
 136      9F1F8E
ARM GAS  C:\Users\CYIRKO~1\AppData\Local\Temp\cc5nbPVT.s 			page 10


 137 01ce 27FBA3CA 		.ascii	"'\373\243\312O\246\"G\016\233\311\224\031\033L\230\251"
 137      4FA62247 
 137      0E9BC994 
 137      191B4C98 
 137      A9
 138 01df 91A8B203 		.ascii	"\221\250\262\003\251t8J\306\340P*\035?{\306\247\216"
 138      A974384A 
 138      C6E0502A 
 138      1D3F7BC6 
 138      A78E
 139 01f1 AEFFD69E 		.ascii	"\256\377\326\236K\216\244Sfo_\317\241\203fww\227\331"
 139      4B8EA453 
 139      666F5FCF 
 139      A1836677 
 139      7797D9
 140 0204 77BAE742 		.ascii	"w\272\347Bd\213m \221\030\016\307\350\027K\002\327@"
 140      648B6D20 
 140      91180EC7 
 140      E8174B02 
 140      D740
 141              		.text
 142              		.section	.gnu.lto_stGetAlarm.9f3cad1b,"",%progbits
 143 0000 789C8590 		.ascii	"x\234\205\220MH\033Q\024\205\357\231\233\314\214\212"
 143      4D481B51 
 143      1485EF99 
 143      9BCC8C8A 
 144 0010 B46B0DB8 		.ascii	"\264k\015\270\326E\206(X\350\266\026\021\324\215.\005"
 144      D6458628 
 144      58E8B616 
 144      11D48D2E 
 144      05
 145 0021 B1719140 		.ascii	"\261q\221@ \305\211\335\372\014Zi\013*\202F\2210B\204"
 145      20C589DD 
 145      FA0C5A69 
 145      0B2A8246 
 145      91304284 
 146 0035 F8D318B3 		.ascii	"\370\323\030\263u!\203 \335\264*\356\013R\334dQ\010"
 146      75218320 
 146      DDB42AEE 
 146      0B52DC64 
 146      5108
 147 0047 2A5A518C 		.ascii	"*ZQ\214\367E)\335\365\301\373\271\227\217s\317yA2\350"
 147      F74529DD 
 147      F5C1FBB9 
 147      978F73CF 
 147      794132E8 
 148 005b 2388C689 		.ascii	"#\210\306\211\250Y6\230`\314\037\021M\332\006\240\037"
 148      A8593698 
 148      60CC1F11 
 148      4DDA06A0 
 148      1F
 149 006c CA064D18 		.ascii	"\312\006M\030\230\300\034g\030\207\325\033\377\305,"
 149      98C01C67 
 149      1887D51B 
 149      FFC52C
 150 007b 7B1A93F2 		.ascii	"{\032\223\362\264\362=\333\240K\340\245\224[\353\305"
 150      B4F23DDB 
ARM GAS  C:\Users\CYIRKO~1\AppData\Local\Temp\cc5nbPVT.s 			page 11


 150      A04BE0A5 
 150      945BEBC5 
 151 008b 0BBB35AF 		.ascii	"\013\2735\257TZ\371\231\212\265\272{\242\202\036\033"
 151      545AF999 
 151      8AB5BA7B 
 151      A2821E1B 
 152 009b B422F806 		.ascii	"\264\"\370\006B\310#\244gl\242\225\204\376UzXl4\003"
 152      42C823A4 
 152      676CA295 
 152      84FE557A 
 152      586C3403 
 153 00af 39260D48 		.ascii	"9&\015H\177\013\246X\241\342)|\365P\235Q\376y\016w\335"
 153      7F0BA658 
 153      A1E2297C 
 153      F5509D51 
 153      FE790E77 
 154 00c4 01833C66 		.ascii	"\001\203<f\226#@\364Y@\355\352\213\250\312\315e\034"
 154      962340F4 
 154      5940EDEA 
 154      8BA8CACD 
 154      651C
 155 00d6 ECDF96EF 		.ascii	"\354\337\226\3573\375\177\365\246\224,?\363\307j\252"
 155      33FD7FF5 
 155      A6942C3F 
 155      F3C76AAA 
 156 00e6 09AE30FE 		.ascii	"\011\2560\376\231E\330\206)\223\276\302\314\262\016"
 156      9945D886 
 156      2993BEC2 
 156      CCB20E
 157 00f5 B0347D70 		.ascii	"\2604}pl\351\000\301\032vT\270\251\324?\225Z& \255\334"
 157      6CE900C1 
 157      1A7654B8 
 157      A9D43F95 
 157      5A2620AD 
 158 010a CEF537DB 		.ascii	"\316\3657\333C\026\036\233\330\221\020\005\035B\207"
 158      43161E9B 
 158      D8911005 
 158      1D4287
 159 0119 FD717569 		.ascii	"\375qui9\00555\251\316\362\227-\013u\036[(\302\303\262"
 159      39053535 
 159      A9CEF297 
 159      2D0B751E 
 159      5B28C2C3 
 160 012e 78ACCD11 		.ascii	"x\254\315\021\250\272T\372iF\212\032Z\3333<\266\261"
 160      A8BA54FA 
 160      69468A1A 
 160      5ADB333C 
 160      B6B1
 161 0140 0B076DA1 		.ascii	"\013\007m\241g\002%D\250\214\364\305\314&?\231b\361"
 161      67022544 
 161      A88CF4C5 
 161      CC263F99 
 161      62F1
 162 0152 45BF913E 		.ascii	"E\277\221>\373t\317\332\277t\344K$7t^\203(\374\366\365"
 162      FB74CFDA 
 162      BF74E44B 
 162      2437745E 
ARM GAS  C:\Users\CYIRKO~1\AppData\Local\Temp\cc5nbPVT.s 			page 12


 162      8328FCF6 
 163 0167 D09B58FC 		.ascii	"\320\233X\374]| 5>\032O\016E\365;\351F^u:I\327\211\215"
 163      5D7C2035 
 163      3E1A4F0E 
 163      45F53BE9 
 163      465E753A 
 164 017f 241C772C 		.ascii	"$\034w,\252\357a7\025\216R\327\177\361\367\311\261\224"
 164      AAEF6137 
 164      158E52D7 
 164      7FF1F7C9 
 164      B194
 165 0191 EB0C0CF6 		.ascii	"\353\014\014\366u\264;\275\275]\316`O\337\207\310\263"
 165      75B43BBD 
 165      BD5DCE60 
 165      4FDF87C8 
 165      B3
 166 01a2 C0702231 		.ascii	"\300p\"1\032\216\321#Eq\252\206"
 166      1A8ED123 
 166      4571AA86 
 167              		.text
 168              		.section	.gnu.lto_.symbol_nodes.9f3cad1b,"",%progbits
 169 0000 789C55C8 		.ascii	"x\234U\310K\015\200@\014\006\341\351\277\254/\020\305"
 169      4B0D8040 
 169      0C06E1E9 
 169      BFAC2F10 
 169      C5
 170 0011 B92B0101 		.ascii	"\271+\001\001<\023T \002\015(!4\334:\227I\276\212\030"
 170      3C135420 
 170      020D2821 
 170      34DC3A97 
 170      49BE8A18 
 171 0025 8934CB61 		.ascii	"\2114\313a\272!v\265!d\221[\226U\256,\233\274d\331\345"
 171      BA2176B5 
 171      2164915B 
 171      9655AE2C 
 171      9BBC64D9 
 172 003a 5D123BE4 		.ascii	"]\022;\344\365\027h\255\207B\345|^\343\003\325E\035"
 172      F51768AD 
 172      8742E57C 
 172      5EE303D5 
 172      451D
 173 004c 35       		.ascii	"5"
 174              		.text
 175              		.section	.gnu.lto_.refs.9f3cad1b,"",%progbits
 176 0000 789C6365 		.ascii	"x\234ce`b`d\000\002\000\000I\000\011"
 176      60626064 
 176      00020000 
 176      490009
 177              		.text
 178              		.section	.gnu.lto_.decls.9f3cad1b,"",%progbits
 179 0000 789CB557 		.ascii	"x\234\265W}LT\331\025\177\367\335\031\204\001\324\035"
 179      7D4C54D9 
 179      157FF7DD 
 179      198401D4 
 179      1D
 180 0011 ADB5A94D 		.ascii	"\255\265\251M\211A!M\027\004]M\366\017\243;Zk\262\272"
 180      8941214D 
ARM GAS  C:\Users\CYIRKO~1\AppData\Local\Temp\cc5nbPVT.s 			page 13


 180      17045D4D 
 180      F60FA33B 
 180      5A6BB2BA 
 181 0025 CD60374D 		.ascii	"\315`7MJ3A\030W\022>\25436\331\364\217}2\254\260\350"
 181      4A334118 
 181      57123EAC 
 181      3336D9F4 
 181      8F7D32AC 
 182 003b 2AA8A080 		.ascii	"*\250\240\200\037|\010\202\240\200(\212\010\214\240"
 182      1F7C0882 
 182      A080288A 
 182      088CA0
 183 004a AC22B82C 		.ascii	"\254\"\270,\256\"\242\202\212.\370\211\370\001\342\007"
 183      AE22A282 
 183      8A2EF889 
 183      F801E207 
 184 005a 3DF7E3F1 		.ascii	"=\367\343\361\036\317\301m\233\366\2053\334s\357\357"
 184      1ECFC16D 
 184      9BF68533 
 184      DC73EFEF 
 185 006a FCCEB9E7 		.ascii	"\374\316\271\347\334\373\356}zA\024\362\214\2020\031"
 185      DCFBEE7D 
 185      7A4114F2 
 185      8C823019 
 186 007a 0B422912 		.ascii	"\013B)\022\204ax\334\004A8((\017\321\017\201T\203\324"
 186      846178DC 
 186      04413828 
 186      280FD10F 
 186      815483D4 
 187 008e 829C0239 		.ascii	"\202\234\0029\015\322 \274\373\374\0158\200J\370\034"
 187      0DD220BC 
 187      FBFC0D38 
 187      804AF81C 
 188 009e E49C8A47 		.ascii	"\344\234\212G\344\034\256l\376\0116\036\334\006B\021"
 188      E41CAE6C 
 188      FE09361E 
 188      DC064211 
 189 00ae 26839C00 		.ascii	"&\203\234\000\361\003\371\005\214M\006\271\003\3556"
 189      F103F905 
 189      8C4D06B9 
 189      03ED36
 190 00bd 81717F00 		.ascii	"\201q\177\000\272\010\242G\214\227\304\365Kh\303\237"
 190      BA08A247 
 190      8C97C4F5 
 190      4B68C39F 
 191 00cd 30138DE6 		.ascii	"0\023\215\346\376\012t\035\347\226\271\010\017\201\311"
 191      FE0A741D 
 191      E796B908 
 191      0F81C9
 192 00dc F6644EFE 		.ascii	"\366dN\376\032;\3628\376\203\270\220\034\027\317\317"
 192      1A3BF238 
 192      FE83B890 
 192      1C17CFCF 
 193 00ec EF783CC1 		.ascii	"\357x<\301\032\336o8\247\226o\346\317p\222|\317\341"
 193      1ADE6F38 
 193      A7966FE6 
 193      CF70927C 
ARM GAS  C:\Users\CYIRKO~1\AppData\Local\Temp\cc5nbPVT.s 			page 14


 193      CFE1
 194 00fe 9C73359C 		.ascii	"\234s5\234;0\252\370\366t\265x\003]C\200E\023i/B\354"
 194      3B30AAF8 
 194      F674B578 
 194      035D4380 
 194      4513692F 
 195 0114 1751A1EA 		.ascii	"\027Q\241\352\260\374 D\373\241W\0248\251\334\205d\013"
 195      B0FC2044 
 195      FBA15714 
 195      38A9DC85 
 195      640B
 196 0126 AE8B5C15 		.ascii	"\256\213\\\0259%\375\343\306H\305\310\206\231'\371a"
 196      3925FDE3 
 196      C648C5C8 
 196      869927F9 
 196      61
 197 0137 73600D6A 		.ascii	"s`\015j&[#Qq\200\220\332@E\310\302\346\343#\361\011"
 197      265B2351 
 197      718090DA 
 197      4045C8C2 
 197      E6E323F1 
 198 014c CAE4903C 		.ascii	"\312\344\220<\373'\351Mw\015\235\350:\351\315Z\200h"
 198      FB27E94D 
 198      770D9DE8 
 198      3AE9CD5A 
 198      8068
 199 015e 5FC2E147 		.ascii	"_\302\341G\235z\014\313\004\332\235/\013\376\020P,\261"
 199      9D7A0CCB 
 199      04DA9D2F 
 199      0BFE1050 
 199      2CB1
 200 0170 C7FD574A 		.ascii	"\307\375WJ\332\316\014\0178'l\306\310h@\"\250\255}M"
 200      DACE0C0F 
 200      38276CC6 
 200      C8684022 
 200      A8AD7D4D 
 201 0184 BB3D419D 		.ascii	"\273=A\235l@\023A\035\\\177\351\224aj\032\265rH\023"
 201      6C401341 
 201      1D5C7FE9 
 201      94616A1A 
 201      B5724813 
 202 0198 45F4F914 		.ascii	"E\364\371\024T\214\246\241\"4\015\234\037DS\341w\245"
 202      548CA6A1 
 202      22340D9C 
 202      1F4453E1 
 202      77A5
 203 01aa 8E3139E3 		.ascii	"\21619\343\266\035\0347=K\312\352\222\234mq\277MsH\005"
 203      B61D1C37 
 203      3D4BCAEA 
 203      929C6D71 
 203      BF4D7348 
 204 01bf 60E54350 		.ascii	"`\345CP\250\020at\000\005\220\210\241\011\277\005\250"
 204      A8106174 
 204      00059088 
 204      A109BF05 
 204      A8
 205 01d0 13A1FDE8 		.ascii	"\023\241\375\350\006\314\347\020\232\016\326\216\342"
ARM GAS  C:\Users\CYIRKO~1\AppData\Local\Temp\cc5nbPVT.s 			page 15


 205      06CCE710 
 205      9A0ED68E 
 205      E2
 206 01dd AB497ABC 		.ascii	"\253Iz\274\220\006\2337\364\252\017C\0203\015hx\030"
 206      90069B37 
 206      F4AA0F43 
 206      10330D68 
 206      7818
 207 01ef 4347C983 		.ascii	"CG\311\203\312\227\336\254\203\214\327\236?\227\357"
 207      CA97DEAC 
 207      838CD79E 
 207      3F97EF
 208 01fe 859793B6 		.ascii	"\205\227\223\266\230\234]\264\321\003\031\374\023%)"
 208      989C5DB4 
 208      D10319FC 
 208      132529
 209 020d 8EC4A8F7 		.ascii	"\216\304\250\367\027F\"DG\220?\261!\236Q\031t\226Bg"
 209      17462244 
 209      47903FB1 
 209      219E5119 
 209      74964267 
 210 0221 3E998BF3 		.ascii	">\231\213\363\373\314\231;\022$ID\345\310\200\016+\321"
 210      FBCC993B 
 210      12244944 
 210      E5C8800E 
 210      2BD1
 211 0233 CD34B0C9 		.ascii	"\3154\260\311\324\244t\3345`'\242>^;\322\036\353\220"
 211      D4A474DC 
 211      356027A2 
 211      3E5E3BD2 
 211      1EEB90
 212 0246 BF819B56 		.ascii	"\277\201\233V\006\237\376\232\230\036\003\323\243\212"
 212      069FFE9A 
 212      981E03D3 
 212      A38A
 213 0254 2930C13F 		.ascii	")0\301?\227qT\270\210\003\234l9\332\361z\002\316\243"
 213      977154B8 
 213      88039C6C 
 213      39DAF17A 
 213      02CEA3
 214 0267 15120B76 		.ascii	"\025\022\013vg>t\033q2\334<'\237:9\001N\216+N\216\215"
 214      673E741B 
 214      7132DC3C 
 214      279F3A39 
 214      014E8E2B 
 215 027e EDA4D2B5 		.ascii	"\355\244\322\265\223\203\247\234M\336:\262)\010\025"
 215      9383A79C 
 215      4DDE3AB2 
 215      290815
 216 028d 148BF439 		.ascii	"\024\213\3649\206\023\307\217Y\326\223\264\254U\210"
 216      8613C78F 
 216      59D693B4 
 216      AC5588
 217 029c D7D5D19E 		.ascii	"\327\325\321\236R\246\324\325\357\346aI\202\310$\035"
 217      52A6D4D5 
 217      EFE66149 
 217      82C8241D 
ARM GAS  C:\Users\CYIRKO~1\AppData\Local\Temp\cc5nbPVT.s 			page 16


 218 02ac C1A11225 		.ascii	"\301\241\022%\264\022ma\253ia\317\275:<\036\337a\253"
 218      B4126D61 
 218      AB6961CF 
 218      BD3A3C1E 
 218      DF61AB
 219 02bf B077B0A0 		.ascii	"\260w\260\240\301\213S\265\376:]r\302,`\216d\205\324"
 219      C18B53B5 
 219      FE3A5D72 
 219      C22C608E 
 219      6485D4
 220 02d2 2844355A 		.ascii	"(D5Z\242ZJ\264\265|`\257\036?aLC?\235\257s\343Lu\277"
 220      A25A4AB4 
 220      B57C60AF 
 220      1E3F614C 
 220      433F9DAF 
 221 02eb 19612221 		.ascii	"\031a\"!9\025&\247\226\351\024e*~\326r\330\033\277f"
 221      391526A7 
 221      96E91465 
 221      2A7ED672 
 221      D81BBF66 
 222 02ff 4C054579 		.ascii	"L\005Ey\222\247:\027$MJ2\352G\255\361\216\274\334\""
 222      92A73A17 
 222      244D4A32 
 222      EA47ADF1 
 222      8EBCDC22 
 223 0313 D96DC3DE 		.ascii	"\331m\303\336))\362\032\007\024\252S\374\326i\375\236"
 223      2929F21A 
 223      0714AA53 
 223      FCD669FD 
 223      9E
 224 0324 A67E9F6C 		.ascii	"\246~\237lz\2345\001'`\352wo\371\346-\336@\325\005\325"
 224      7A9C3501 
 224      2760EA77 
 224      6FF9E62D 
 224      DE40D505 
 225 0339 EEBCF7FB 		.ascii	"\356\274\367\373\275\245\335R\242\201\356)tFa:C\230"
 225      BDA5DD52 
 225      A281EE29 
 225      7446613A 
 225      4398
 226 034b 48A38132 		.ascii	"H\243\2012\374\020_\272\013\263\335\252#\204\315\031"
 226      FC105FBA 
 226      0BB3DDAA 
 226      2384CD19 
 227 035b B7C7B3DD 		.ascii	"\267\307\263\335\352C6\371`\333\015/\257$\2628\222\035"
 227      EA4336F9 
 227      60DB0D2F 
 227      AF24B238 
 227      921D
 228 036d 92C71F29 		.ascii	"\222\307\037)\331Y\230\312wt*\347\220\227L\013M\300"
 228      D95998CA 
 228      77742AE7 
 228      90974C0B 
 228      4DC0
 229 037f 1FBB995A 		.ascii	"\037\273\231Z\353\301\330\256\220\2202\252\2365\352"
 229      EBC1D8AE 
 229      909032AA 
ARM GAS  C:\Users\CYIRKO~1\AppData\Local\Temp\cc5nbPVT.s 			page 17


 229      9E35EA
 230 038e 99EE4E86 		.ascii	"\231\356N\206\037\025\035\363f\354N2|\361nv\274\027"
 230      1F151DF3 
 230      66EC4E32 
 230      7CF16E76 
 230      BC17
 231 03a0 1B6E217A 		.ascii	"\033n!z\375\345\357\372t\370\012\233\316\365\263\205"
 231      FDE5EFFA 
 231      74F80A9B 
 231      CEF5B385 
 232 03b0 4524323F 		.ascii	"E$2?\262g\207\207'\250v\255\037\333\265\255[\372\367"
 232      B2678787 
 232      27A876AD 
 232      1FDBB5AD 
 232      5BFAF7
 233 03c3 8DC33728 		.ascii	"\215\3037(\\Lol\253Sm\251\314\371\351\375$\217\027!"
 233      5C4C6F6C 
 233      AB536DA9 
 233      CCF9E9FD 
 233      248F1721 
 234 03d7 F73F28B3 		.ascii	"\367?(\263\367\033Y\354t>\302\310dP+,v?\276\330[\240"
 234      F71B59EC 
 234      743EC2C8 
 234      64502B2C 
 234      763FBED8 
 235 03ed F37BB6D8 		.ascii	"\363{\266\330\013\367\245\344\270\341^\346\243\241\246"
 235      0BF7A5E4 
 235      B8E15EE6 
 235      A3A1A6
 236 03fc E38A4E7E 		.ascii	"\343\212N~5h\011.\273 \220\367\367\364\006\272\365."
 236      3568092E 
 236      BB2090F7 
 236      F7F406BA 
 236      F52E
 237 040e 41303F2A 		.ascii	"A0?*\301\\D\374\335\220X\274\271\036\033\022\311r\371"
 237      C15C44FC 
 237      DD9058BC 
 237      B91E1B12 
 237      C972F9
 238 0421 7758C1A2 		.ascii	"wX\301\242\251\351U\263\036\367\263Lm<s\264\201\327"
 238      A9E955B3 
 238      1EF7B34C 
 238      6D3C73B4 
 238      81D7
 239 0433 F02CD1B7 		.ascii	"\360,\321\267\237\250\257\362\304\317\331\340\355\244"
 239      9FA8AFF2 
 239      C4CFD9E0 
 239      EDA4
 240 0441 5BF56E78 		.ascii	"[\365nx\210)r\001\214\274\000{;\2367\"\374\226\015V"
 240      88297201 
 240      8CBC007B 
 240      3B9E3722 
 240      FC960D56 
 241 0455 1D3BD9C0 		.ascii	"\035;\331\300\2135K\365\3426\262\027w\305\335s\015\006"
 241      8B354BF5 
 241      E236B217 
 241      77C5DD73 
ARM GAS  C:\Users\CYIRKO~1\AppData\Local\Temp\cc5nbPVT.s 			page 18


 241      0D06
 242 0467 563B0981 		.ascii	"V;\011\201^\335zm\001v\350\250e]\177\351~^G\362rML\357"
 242      5EDD7A6D 
 242      0176E8A8 
 242      655D7FE9 
 242      7E5E47F2 
 243 047f 6F9940A6 		.ascii	"o\231@\246#\361UC\002\033Y4\267\311\254Q\3404t\213M"
 243      23F15543 
 243      021B5934 
 243      B7C9AC51 
 243      E034748B 
 244 0494 A57DF0CC 		.ascii	"\245}\360\314U\2751\231\242\241b:\232\245.\200wRx72"
 244      55BD3199 
 244      A2A1623A 
 244      9AA52E80 
 244      77527837 
 245 04a9 CA46F474 		.ascii	"\312F\364tI}4^\015n{\037\370Pn\336\016\003N`Af>\275"
 245      497D345E 
 245      0D6E7B1F 
 245      F8506EDE 
 245      0E034E60 
 246 04c1 DECBD7A6 		.ascii	"\336\313\327\246?\250\371/\252\034\356x#\033\333V\263"
 246      3FA8F92F 
 246      AA1CEE78 
 246      231BDB56 
 246      B3
 247 04d2 BB791CDE 		.ascii	"\273y\034\336\302\024y\017\030\331\036\210k\373\004"
 247      C214790F 
 247      18D91E88 
 247      6BFB04
 248 04e1 6F6323B5 		.ascii	"oc#\265)[\257\303\014\231\362(\376N\027\317\317TPS\317"
 248      295BAFC3 
 248      0C99F228 
 248      FE4E17CF 
 248      CF545053 
 249 04f6 DFF7C3BB 		.ascii	"\337\367\303\273\330\320\333\263\365~8\207\265\033*"
 249      D8D0DBB3 
 249      F57E3887 
 249      B51B2A
 250 0505 0AF6235C 		.ascii	"\012\366#\\\300\224\376\214\206\373\006\\\314\224\254"
 250      C094FE8C 
 250      86FB065C 
 250      CC94AC
 251 0514 D65DC7DD 		.ascii	"\326]\307\335q\011S\362\007\323\340\004:\302\224\037"
 251      710953F2 
 251      07D3E004 
 251      3AC2941F 
 252 0524 2B2F257A 		.ascii	"+/%z\342J\246$\226\225\355\364\304\325L\211\253jO\341"
 252      E24AA624 
 252      9695EDF4 
 252      C4D54C89 
 252      AB6A4FE1 
 253 0538 876B17D1 		.ascii	"\207k\027\321\273\363\272\263<xU\334@Ojm\032@\370\024"
 253      BBF3BAB3 
 253      3C7855DC 
 253      404F6A6D 
 253      1A40F814 
ARM GAS  C:\Users\CYIRKO~1\AppData\Local\Temp\cc5nbPVT.s 			page 19


 254 054c 0327555C 		.ascii	"\003'U\\\274\241\033\263\016/\345:\314\242eH\255N=:"
 254      BCA11BB3 
 254      0E2FE53A 
 254      CCA26548 
 254      AD4E3D3A 
 255 0560 5E5B8626 		.ascii	"^[\206&@\237\247\350!\232\331\227rf[\356\344\346\351"
 255      409FA7E8 
 255      219AD997 
 255      72665BEE 
 255      E4E6E9
 256 0573 B475180B 		.ascii	"\264u\030\013=\345q\322\251\347\336\310\327\327w\222"
 256      3DE571D2 
 256      A9E7DEC8 
 256      D7D77792 
 257 0583 AFEAF1A7 		.ascii	"\257\352\361\247\2779R\274Cr\016\354\304=\007/l\222"
 257      BF3952BC 
 257      43720EEC 
 257      C43D072F 
 257      6C92
 258 0595 B2EA10A5 		.ascii	"\262\352\020\245\2024\243a4I\331\007\327(\357Y\362+"
 258      8234A361 
 258      3449D907 
 258      D728EF59 
 258      F22B
 259 05a7 30935B31 		.ascii	"0\223[1\360\222\216\307\024~A\013o~\007\336\250\202"
 259      F0928EC7 
 259      147E410B 
 259      6F7E07DE 
 259      A882
 260 05b9 7768E1ED 		.ascii	"wh\341\355\024\036D\320)|N\013t\002\032\200\361\027"
 260      141E44D0 
 260      297C4E0B 
 260      74021A80 
 260      F117
 261 05cb 7488A061 		.ascii	"t\210\240a\017\242M\242?Z/\372\"\011$\021\344k\2208"
 261      0FA24DA2 
 261      3F5A2FFA 
 261      22092411 
 261      E46B9038 
 262 05df 90649078 		.ascii	"\220d\220x\220\215 \033@\276\001\371\026d3H\002H\012"
 262      908D201B 
 262      40BE01F9 
 262      16643348 
 262      02480A
 263 05f2 C86BE48B 		.ascii	"\310k\344\213\336\202$A\333\001\362\006\332[D_\3726"
 263      DE822441 
 263      DB01F206 
 263      DA5B445F 
 263      FA36
 264 0604 66315E8D 		.ascii	"f1^\215Rb|\246\2151P;\243V\025\372\271Kt\220\002\356"
 264      52627CA6 
 264      8D31503B 
 264      A35615FA 
 264      B94B7490 
 265 061a 57819F68 		.ascii	"W\201\237h\301\235H\203\276\252J\326\025\327\271U\241"
 265      C19D4883 
 265      BEAA4AD6 
ARM GAS  C:\Users\CYIRKO~1\AppData\Local\Temp\cc5nbPVT.s 			page 20


 265      15D7B955 
 265      A1
 266 062b EBA215F4 		.ascii	"\353\242\025\364c-\372\241\026}O\025I\277\026}\376\235"
 266      632DFAA1 
 266      167D4F15 
 266      49BF167D 
 266      FE9D
 267 063d BAB5AAC8 		.ascii	"\272\265\252\310\037h\341\367\264\344\375*\364]-\372"
 267      1F68E1F7 
 267      B4E4FD2A 
 267      F45D2DFA 
 268 064d 86167D4B 		.ascii	"\206\026}K\025\312S\327\241\250\223\242\342\276\357"
 268      15CA53D7 
 268      A1A893A2 
 268      E2BEEF
 269 065c 3A925181 		.ascii	":\222Q\201\253rx\325\365\202\033\265>U\354\217\\'\221"
 269      AB7278D5 
 269      F5821BB5 
 269      3E55EC8F 
 269      5C2791
 270 066f C1D99972 		.ascii	"\301\331\231r\341\201q\275$!\002\023\370y\242\254\243"
 270      E18171BD 
 270      24210213 
 270      F879A2AC 
 270      A3
 271 0680 BB0F8DDB 		.ascii	"\273\017\215\333\034\322\331Y\224\254WK\366\323;\025"
 271      1CD2D959 
 271      94AC574B 
 271      F6D33B15 
 272 0690 51B9EE71 		.ascii	"Q\271\356q\215\036\211t=\300c\326S\370+dD\203\034.o"
 272      8D1E8974 
 272      3DC063D6 
 272      53F82B64 
 272      44831C2E 
 273 06a5 7DD4A825 		.ascii	"}\324\250%\037R\345\270\317\365\302S\223\017E3\362;"
 273      1F52E5B8 
 273      CFF5C253 
 273      930F4533 
 273      F23B
 274 06b7 407E93C3 		.ascii	"@~\223\303\345\367;/ \203\223\033B\323\345\202\3618"
 274      E5F73B2F 
 274      2083931B 
 274      42D3E582 
 274      F138
 275 06c9 494FCFE6 		.ascii	"IO\317\346\272='\323\341\374\237\304\322\363\342\221"
 275      BA3D27D3 
 275      E1FC9FC4 
 275      D2F3E291 
 276 06d9 1B7C95A0 		.ascii	"\033|\225\240\355\342$\264U\0349pI\262\\\357p\264\015"
 276      EDE224B4 
 276      551C3970 
 276      49B25CEF 
 276      70B40D
 277 06ec 36F6FF7B 		.ascii	"6\366\377{\223\223\223\241w\313MQ}\241\"\021*\357\344"
 277      939393A1 
 277      77CB4D51 
 277      7DA12211 
ARM GAS  C:\Users\CYIRKO~1\AppData\Local\Temp\cc5nbPVT.s 			page 21


 277      2AEFE4
 278 06ff 54D18BDE 		.ascii	"T\321\213\336\315\340?\200\263\313\237ex\3434=;\307"
 278      CDE03F80 
 278      B3CB9F65 
 278      78E3343D 
 278      3BC7
 279 0711 2F377620 		.ascii	"/7v \270\3359\273\310\355\316\267\350J\267$\001O<b\327"
 279      B8DD39BB 
 279      C8EDCEB7 
 279      E84AB724 
 279      014F3C62 
 280 0726 E6346596 		.ascii	"\3464e\226\320\034}W\334!\222\233\336\360\365\2327^"
 280      D01C7D57 
 280      DC21929B 
 280      DEF0F59A 
 280      375E
 281 0738 B890B1E5 		.ascii	"\270\220\261\345\336\253\254\347g\2757\250\327r\266"
 281      DEABACE7 
 281      67BD37A8 
 281      D772B6
 282 0747 E7E9D831 		.ascii	"\347\351\3301\322C\206\263\233\237\246\031\3601\206"
 282      D24386B3 
 282      9B9FA619 
 282      F03186
 283 0756 7DD5B3BD 		.ascii	"}\325\263\275\0351,\211\252\376\301\221\201\261O\367"
 283      1D312C89 
 283      AAFEC191 
 283      81B14FF7 
 284 0766 DD223F55 		.ascii	"\335\"?Uv\211\364X\2714X=\344\205\235\224I\327\225\333"
 284      7689F458 
 284      B934583D 
 284      E4859D94 
 284      49D795DB 
 285 077a 7F1FBE48 		.ascii	"\177\037\276H\246!d\000\311\227?\036\005\224-\032\320"
 285      A6216400 
 285      C9973F1E 
 285      05942D1A 
 285      D0
 286 078b 1E11CB1F 		.ascii	"\036\021\313\037\337\031\022\320\367}E\272\331e\255"
 286      DF1912D0 
 286      F77D45BA 
 286      D965AD
 287 079a 2F47C253 		.ascii	"/G\302S\0054\233\036Vh/\324'\233\372\311\021\247\241"
 287      05349B1E 
 287      56682FD4 
 287      279BFAC9 
 287      11A7A1
 288 07ad 2C709401 		.ascii	",p\224\001\265&=\340\360xKe\246\247r2!\312\235\001\270"
 288      B5263DE0 
 288      F0784B65 
 288      A6A77232 
 288      21CA9D01 
 289 07c2 7491C497 		.ascii	"t\221\304\227+\032\345(\011:\2719;\323"
 289      2B1AE528 
 289      093AB939 
 289      3BD3
 290 07d0 C3C07D24 		.ascii	"\303\300}$\276\327\007\240\313\3337\354\364Ps\357{\037"
ARM GAS  C:\Users\CYIRKO~1\AppData\Local\Temp\cc5nbPVT.s 			page 22


 290      BED707A0 
 290      CBDB37EC 
 290      F45073EF 
 290      7B1F
 291 07e2 77E2D3EC 		.ascii	"w\342\323\354n<#Wjq\302gN\235_Y\234Sr,@y\242\021eB\261"
 291      6E3C2357 
 291      6A71C267 
 291      4E9D5F59 
 291      9C53722C 
 292 07fd E05B4665 		.ascii	"\340[Fe\272\023zV\210\002\312\027g\220\217\202\341\312"
 292      BA137A56 
 292      8802CA17 
 292      67908F82 
 292      E1CA
 293 080f 2C6F7C86 		.ascii	",o|\206\245\177CR\\\231\333H\341\347\024\253\012On\343"
 293      A57F4352 
 293      5C99DB48 
 293      E1E714AB 
 293      0A4F6EE3 
 294 0823 FB95C2EF 		.ascii	"\373\225\302\357\327\026\276\200\026\276\266w_\206\016"
 294      D716BE80 
 294      16BEB677 
 294      5F860E
 295 0832 B771B603 		.ascii	"\267q\266\003-%\3438[c\000\373\314\311f\2379\205\012"
 295      2D25E338 
 295      5B6300FB 
 295      CCC9669F 
 295      39850A
 296 0845 53A196E9 		.ascii	"S\241\226\351\000e\272\331\223\3256\001\3670\246\266"
 296      0065BAD9 
 296      93D53601 
 296      F730A6B6 
 297 0855 F6F84ABE 		.ascii	"\366\370J\276,<UW\377\311\374\352\377\246\257\345\015"
 297      2C3C5557 
 297      FFC9FCEA 
 297      FFA6AFE5 
 297      0D
 298 0866 BF131A40 		.ascii	"\277\023\032@=\021W\332\251\037s\325\224\310\253\346"
 298      3D1157DA 
 298      A91F73D5 
 298      94C8ABE6 
 299 0876 104B74FB 		.ascii	"\020Kt\373\346\027\327t\332\"\036\204l\025\323l\225"
 299      E617D774 
 299      DA221E84 
 299      6C15D36C 
 299      95
 300 0887 D24497C8 		.ascii	"\322D\227\310\211\256o\177v\322[[\2261\321\335\365'"
 300      89AE6F7F 
 300      76D25B5B 
 300      9631D1DD 
 300      F527
 301 0899 7B95B2CC 		.ascii	"{\225\262\314\345e)\343e\201\3579\225i\021/\313aZ\226"
 301      E56529E3 
 301      6581EF39 
 301      9569112F 
 301      CB615A96 
 302 08ad 8A1DA9F3 		.ascii	"\212\035\251\363\361\0136\373\372\235\345u\242R\225"
ARM GAS  C:\Users\CYIRKO~1\AppData\Local\Temp\cc5nbPVT.s 			page 23


 302      F10B36FB 
 302      FA9DE575 
 302      A25295
 303 08bc 927EA52A 		.ascii	"\222~\245*\344\323\255\\\311e\2716\227Gh.\367\357y\276"
 303      E4D3AD5C 
 303      C965B936 
 303      9747682E 
 303      F7EF79BE 
 304 08d0 D50327B8 		.ascii	"\325\003'\270Q\266\344\302\232\215JL\36351\235\036\025"
 304      51B6E4C2 
 304      9A8D4A4C 
 304      F335319D 
 304      1E15
 305 08e2 D3511E53 		.ascii	"\323Q\036S\2058Cp\263\331\227\306D\332\335\227,\377"
 305      85384370 
 305      B3D997C6 
 305      44DADD97 
 305      2CFF
 306 08f4 B38F2928 		.ascii	"\263\217)(H\010X\374q\250iu\344\312\310\020\373\272"
 306      480858FC 
 306      71A86975 
 306      E4CAC810 
 306      FBBA
 307 0906 88C8D8D0 		.ascii	"\210\310\330\320p\322\216\265\005\315\233\033\030k\013"
 307      70D28EB5 
 307      05CD9B1B 
 307      186B0B
 308 0915 5C1D1615 		.ascii	"\\\035\026\025h[\033N\376[l\366\200p\301\313f\017\261"
 308      685B1B4E 
 308      FE5B6CF6 
 308      8070C1CB 
 308      660FB1
 309 0928 87ADB52F 		.ascii	"\207\255\265/\214\012[\033m\260X\326E\306\330\203\346"
 309      8C0A5B1B 
 309      6DB058D6 
 309      45C6D883 
 309      E6
 310 0939 5AECABAC 		.ascii	"Z\354\253\254\0373S\033\243\261\307\306F\331B\277\210"
 310      1F33531B 
 310      A3B1C7C6 
 310      46D942BF 
 310      88
 311 094a 59E7435B 		.ascii	"Y\347C[>\200\366\261F\257\264FDX#B\347\006\314\366\011"
 311      3E80F6B1 
 311      46AFB446 
 311      44582342 
 311      E706CCF6 
 312 095f 9E1534EF 		.ascii	"\236\0254\357\357A\241\320\377aLl\214\365Ck\330\312"
 312      EF41A1D0 
 312      FF614C6C 
 312      8CF5436B 
 312      D8CA
 313 0971 C8D0C898 		.ascii	"\310\320\310\230\360\250u\021\326\320\3500\340\212\261"
 313      F0A87511 
 313      D6D0E830 
 313      E08AB1
 314 0980 865A22AC 		.ascii	"\206Z\"\254\253\302\326E\331-\366/\327Xm\001\253\005"
ARM GAS  C:\Users\CYIRKO~1\AppData\Local\Temp\cc5nbPVT.s 			page 24


 314      ABC2D645 
 314      D92DF62F 
 314      D7586D01 
 314      AB05
 315 0992 77D9DF5F 		.ascii	"w\331\337_\377\247\376l_\332Ba~\021@\016N<@\265GF[-"
 315      FFA7FE6C 
 315      5FDA4261 
 315      7E11400E 
 315      4E3C40B5 
 316 09aa F68FDE9B 		.ascii	"\366\217\336\233\234\265\366@N\020\030\276\232\330\360"
 316      9CB5F640 
 316      4E1018BE 
 316      9AD8F0
 317 09b9 203D498E 		.ascii	" =I\216b\327\260\024A\333j\227\233Kx\023\020\226\250"
 317      62D7B014 
 317      41DB6A97 
 317      9B4B7813 
 317      1096A8
 318 09cc A8084B24 		.ascii	"\250\010K$Tb\321\317\026`M\354Z\273-0d\305\262\331\301"
 318      5462D1CF 
 318      16604DEC 
 318      5ABB2D30 
 318      64C5B2D9 
 319 09e1 819F7EBA 		.ascii	"\201\237~\272(p\305\322e\377\010\342%!4\340Ro2-3\317"
 319      2870C5D2 
 319      65FF08E2 
 319      252134E0 
 319      526F322D 
 320 09f7 E6F5981D 		.ascii	"\346\365\230\035l\261\273\313\015\3613\263n\321\262"
 320      6CB1BBCB 
 320      0DF133B3 
 320      6ED1B2
 321 0a06 8566BCC8 		.ascii	"\205f\274\310d\326}\262h\205\031\233Lfl\006Yh6\343?"
 321      64D67DB2 
 321      6885199B 
 321      4C666C06 
 321      596836E3 
 322 0a1b 8598B069 		.ascii	"\205\230\260i\371\012\235\311\264\330L9\202\351o\020"
 322      F90A9DC9 
 322      B4D84C39 
 322      82E96F10 
 323 0a2b 5EBCC42C 		.ascii	"^\274\304,\206\200\345\322\305f]\3102@\233\314\301 "
 323      8680E5D2 
 323      C5665DC8 
 323      32409BCC 
 323      C120
 324 0a3d 4180FC8B 		.ascii	"A\200\374\213\331\364_\206l\263G\223\220\"\243Y\222"
 324      D9F45F86 
 324      6CB34793 
 324      9022A359 
 324      92
 325 0a4e B862B11B 		.ascii	"\270b\261\033y:ldeY\302H\206\274-\226U\353b\302-\226"
 325      793A6C64 
 325      6559C248 
 325      86BC2D96 
 325      55EB62C2 
 326 0a64 8079F382 		.ascii	"\200y\363\202\347\270\313\232.|u\330\332\017F\340\261"
ARM GAS  C:\Users\CYIRKO~1\AppData\Local\Temp\cc5nbPVT.s 			page 25


 326      E7B8CB9A 
 326      2E7C75D8 
 326      DA0F46E0 
 326      B1
 327 0a75 6B187AA2 		.ascii	"k\030z\242\334cua>;H\036\376\302\345\360G\377\002\236"
 327      DC637561 
 327      3E3B481E 
 327      FEC2E5F0 
 327      47FF029E 
 328 0a89 A16C79   		.ascii	"\241ly"
 329              		.text
 330              		.section	.gnu.lto_.symtab.9f3cad1b,"",%progbits
 331 0000 7374496E 		.ascii	"stInit\000"
 331      697400
 332 0007 00       		.ascii	"\000"
 333 0008 00       		.ascii	"\000"
 334 0009 00       		.ascii	"\000"
 335 000a 00000000 		.ascii	"\000\000\000\000\000\000\000\000"
 335      00000000 
 336 0012 AE000000 		.ascii	"\256\000\000\000"
 337 0016 73745374 		.ascii	"stStartAlarm\000"
 337      61727441 
 337      6C61726D 
 337      00
 338 0023 00       		.ascii	"\000"
 339 0024 00       		.ascii	"\000"
 340 0025 00       		.ascii	"\000"
 341 0026 00000000 		.ascii	"\000\000\000\000\000\000\000\000"
 341      00000000 
 342 002e BD000000 		.ascii	"\275\000\000\000"
 343 0032 73745374 		.ascii	"stStopAlarm\000"
 343      6F70416C 
 343      61726D00 
 344 003e 00       		.ascii	"\000"
 345 003f 00       		.ascii	"\000"
 346 0040 00       		.ascii	"\000"
 347 0041 00000000 		.ascii	"\000\000\000\000\000\000\000\000"
 347      00000000 
 348 0049 BF000000 		.ascii	"\277\000\000\000"
 349 004d 73745365 		.ascii	"stSetAlarm\000"
 349      74416C61 
 349      726D00
 350 0058 00       		.ascii	"\000"
 351 0059 00       		.ascii	"\000"
 352 005a 00       		.ascii	"\000"
 353 005b 00000000 		.ascii	"\000\000\000\000\000\000\000\000"
 353      00000000 
 354 0063 C1000000 		.ascii	"\301\000\000\000"
 355 0067 73744765 		.ascii	"stGetAlarm\000"
 355      74416C61 
 355      726D00
 356 0072 00       		.ascii	"\000"
 357 0073 00       		.ascii	"\000"
 358 0074 00       		.ascii	"\000"
 359 0075 00000000 		.ascii	"\000\000\000\000\000\000\000\000"
 359      00000000 
 360 007d C4000000 		.ascii	"\304\000\000\000"
ARM GAS  C:\Users\CYIRKO~1\AppData\Local\Temp\cc5nbPVT.s 			page 26


 361 0081 73745F6C 		.ascii	"st_lld_init\000"
 361      6C645F69 
 361      6E697400 
 362 008d 00       		.ascii	"\000"
 363 008e 02       		.ascii	"\002"
 364 008f 00       		.ascii	"\000"
 365 0090 00000000 		.ascii	"\000\000\000\000\000\000\000\000"
 365      00000000 
 366 0098 C6000000 		.ascii	"\306\000\000\000"
 367              		.text
 368              		.section	.gnu.lto_.opts,"",%progbits
 369 0000 272D666D 		.ascii	"'-fmath-errno' '-fsigned-zeros' '-ftrapping-math' '"
 369      6174682D 
 369      6572726E 
 369      6F272027 
 369      2D667369 
 370 0033 2D666E6F 		.ascii	"-fno-trapv' '-fno-openmp' '-fno-openacc' '-mcpu=cor"
 370      2D747261 
 370      70762720 
 370      272D666E 
 370      6F2D6F70 
 371 0066 7465782D 		.ascii	"tex-m7' '-mno-thumb-interwork' '-mthumb' '-ggdb' '-"
 371      6D372720 
 371      272D6D6E 
 371      6F2D7468 
 371      756D622D 
 372 0099 4F322720 		.ascii	"O2' '-fomit-frame-pointer' '-falign-functions=16' '"
 372      272D666F 
 372      6D69742D 
 372      6672616D 
 372      652D706F 
 373 00cc 2D666675 		.ascii	"-ffunction-sections' '-fdata-sections' '-fno-common"
 373      6E637469 
 373      6F6E2D73 
 373      65637469 
 373      6F6E7327 
 374 00ff 2720272D 		.ascii	"' '-flto'\000"
 374      666C746F 
 374      2700
 375              		.text
 376              		.comm	__gnu_lto_v1,1,1
 377              		.comm	__gnu_lto_slim,1,1
 378              		.ident	"GCC: (GNU Tools for ARM Embedded Processors 6-2017-q1-update) 6.3.1 20170215 (release) [AR
ARM GAS  C:\Users\CYIRKO~1\AppData\Local\Temp\cc5nbPVT.s 			page 27


DEFINED SYMBOLS
                            *ABS*:00000000 hal_st.c
                            *COM*:00000001 __gnu_lto_v1
                            *COM*:00000001 __gnu_lto_slim

NO UNDEFINED SYMBOLS
