ARM GAS  C:\Users\CYIRKO~1\AppData\Local\Temp\ccaKf3T2.s 			page 1


   1              		.cpu cortex-m7
   2              		.eabi_attribute 20, 1
   3              		.eabi_attribute 21, 1
   4              		.eabi_attribute 23, 3
   5              		.eabi_attribute 24, 1
   6              		.eabi_attribute 25, 1
   7              		.eabi_attribute 26, 1
   8              		.eabi_attribute 30, 2
   9              		.eabi_attribute 34, 1
  10              		.eabi_attribute 18, 4
  11              		.file	"hal_pal.c"
  12              		.text
  13              	.Ltext0:
  14              		.section	.gnu.lto_.profile.9f3cb314,"",%progbits
  15 0000 789C6365 		.ascii	"x\234ce`b`a```d\320\220\001\000\000\354\000Q"
  15      60626061 
  15      60606064 
  15      D0900100 
  15      00EC0051 
  16              		.text
  17              		.section	.gnu.lto_.icf.9f3cb314,"",%progbits
  18 0000 789C6365 		.ascii	"x\234ce`b\020a@\000f\206\343\227n\235fc\334\276\377"
  18      60621061 
  18      40006686 
  18      E3976E9D 
  18      6663DCBE 
  19 0015 D00F76A6 		.ascii	"\320\017v\246u;\036\256\342e\000\000hQ\011\233"
  19      753B1EAE 
  19      E2650000 
  19      6851099B 
  20              		.text
  21              		.section	.gnu.lto_.jmpfuncs.9f3cb314,"",%progbits
  22 0000 789C6365 		.ascii	"x\234ce`bPb@\000f\006FF\306zF&FF\346\372z&0\305\310"
  22      60625062 
  22      40006606 
  22      4646C67A 
  22      46264646 
  23 001b 069162AA 		.ascii	"\006\221b\252d\004Q\0009\324\002\300"
  23      64045100 
  23      39D402C0 
  24              		.text
  25              		.section	.gnu.lto_.inline.9f3cb314,"",%progbits
  26 0000 789C6365 		.ascii	"x\234ce`b\370\316\200\000\314\014\014\234\034\214\314"
  26      6062F8CE 
  26      8000CC0C 
  26      0C9C1C8C 
  26      CC
  27 0011 0C0A8C20 		.ascii	"\014\012\214 &\210t\000\223\012\034l\037\364\030\330"
  27      26887400 
  27      930A1C6C 
  27      1FF418D8 
  28 0021 16C83331 		.ascii	"\026\310310\276`g\201\220 \202\003\314\344\000\021\002"
  28      30BE6067 
  28      81902082 
  28      03CCE400 
  28      1102
  29 0033 60A600C8 		.ascii	"`\246\000\310\030F\006>^F\026\210)\214@\022b\224\002"
ARM GAS  C:\Users\CYIRKO~1\AppData\Local\Temp\ccaKf3T2.s 			page 2


  29      1846063E 
  29      5E461688 
  29      298C4012 
  29      629402
  30 0046 C4406EA6 		.ascii	"\304@n\246\013\374\030F\001\305P\014aY /\001b)010\357"
  30      0BFC1846 
  30      01C5500C 
  30      6159202F 
  30      01622930 
  31 005d 10576000 		.ascii	"\020W`\000Zo\0012\231\211\201[\030\305}PC9\201r\304"
  31      5A6F0132 
  31      9989815B 
  31      18C57D50 
  31      43398172 
  32 0072 390F6893 		.ascii	"9\017h\223\004\310$\026^\240w'\370\201 \003\000\006"
  32      04C82416 
  32      5EA07727 
  32      F8812003 
  32      0006
  33 0084 0820CB   		.ascii	"\010 \313"
  34              		.text
  35              		.section	.gnu.lto_.pureconst.9f3cb314,"",%progbits
  36 0000 789C6365 		.ascii	"x\234ce`b`g```f\220b\224b\222\004\000\001\307\000b"
  36      60626067 
  36      60606066 
  36      90629462 
  36      92040001 
  37              		.text
  38              		.section	.gnu.lto_palReadBus.9f3cb314,"",%progbits
  39 0000 789C9591 		.ascii	"x\234\225\221\277O\024Q\020\307\347\373fowO\320\177"
  39      BF4F1451 
  39      10C7E7FB 
  39      666F774F 
  39      D07F
  40 0012 408A2B4C 		.ascii	"@\212+L\010\215\033M\320\304\226\350?`KB\340,\270\204"
  40      088D1B4D 
  40      D0C496E8 
  40      3F604B42 
  40      E02CB884 
  41 0026 E48C2B35 		.ascii	"\344\214+5\357V@\205(\306\250\207\302\271\205\022D\345"
  41      EF564085 
  41      28C6A887 
  41      C2B98512 
  41      44E5
  42 0038 A73F0AAA 		.ascii	"\247?\012\252\013\230\230\220\250@ce$hs\211\026^cc\320"
  42      0B989890 
  42      A8406365 
  42      24687389 
  42      165E6363 
  43 004d 9977905C 		.ascii	"\231w\220\\aC\261\363f\336\314|f\276\3732d(6D\235Dt"
  43      6143B1F3 
  43      66DECC7C 
  43      66BEFB32 
  43      64283644 
  44 0064 5C3E30C1 		.ascii	"\\>0\301\334\371HT\012\015\240\216\015AC\006C\230\340"
  44      DCF94854 
  44      0A0DA08E 
ARM GAS  C:\Users\CYIRKO~1\AppData\Local\Temp\ccaKf3T2.s 			page 3


  44      0D414306 
  44      4398E0
  45 0077 32636B78 		.ascii	"2ckxi\232os*e\236\204\277><\372vLC '\341\224\335\276"
  45      699A6F73 
  45      2A659E84 
  45      BF3E3CFA 
  45      764C4320 
  46 0090 1974CC5A 		.ascii	"\031t\314Z\233\330j\371\256\377xe\323fS6\364P\312\237"
  46      9BD86AF9 
  46      AEFF7865 
  46      D3665336 
  46      F450CA9F 
  47 00a4 A10DB368 		.ascii	"\241\015\263h\323\031s\350\220\342\221\255\362(\363"
  47      D31973E8 
  47      90E291AD 
  47      F228F3
  48 00b3 6990F85F 		.ascii	"i\220\370_\276\356\314\205\3553\256\361\335=\266'Rf"
  48      BEEECC85 
  48      ED33AEF1 
  48      DD3DB627 
  48      5266
  49 00c5 3C073737 		.ascii	"<\00777\312\025\341\005\332\265~wy\357\376Q\337{\302"
  49      CA15E105 
  49      DAB57E77 
  49      79EFFE51 
  49      DF7BC2
  50 00d8 A46C41BE 		.ascii	"\244lA\276\204\0179\027\267Q\265{\177\257\333\352\217"
  50      840F3917 
  50      B751B57B 
  50      7FAFDBEA 
  50      8F
  51 00e9 A7A85CC8 		.ascii	"\247\250\\\310\212\006\351`\351\365<1\231\214\030\337"
  51      8A06E960 
  51      E9F53C31 
  51      998C18DF 
  52 00f9 572F5013 		.ascii	"W/P\023\222nGc\202P\251\343\022\310\3115$\253\265[\353"
  52      926E4763 
  52      8250A9E3 
  52      12C8C935 
  52      24ABB55B 
  53 010e BE522BAC 		.ascii	"\276R+\254\262\037\214\254}\012T'\273u\177\277\337\270"
  53      B21F8CAC 
  53      7D0A5427 
  53      BB757FBF 
  53      DFB8
  54 0120 D19AA252 		.ascii	"\321\232\242R\262\326\346R\016*l0\257\332$7\363=Y\010"
  54      B2D6E652 
  54      0E2A6C30 
  54      AFDA2437 
  54      F33D5908 
  55 0134 A279DB48 		.ascii	"\242y\333H\205X@\212I\335\221\260\210\210jX[\3156\300"
  55      8558408A 
  55      49DD91B0 
  55      88886A58 
  55      5BCD36C0 
  56 0148 5E3338FC 		.ascii	"^38\374\0378+\323\261\264\017\376\\\257\257\267\012"
  56      1F382BD3 
ARM GAS  C:\Users\CYIRKO~1\AppData\Local\Temp\ccaKf3T2.s 			page 4


  56      B1B40FFE 
  56      5CAFAFB7 
  56      0A
  57 0159 78B8A4A9 		.ascii	"x\270\244\251#Xv`U\215\025\007N\016\300\231C\255\330"
  57      23587660 
  57      558D1507 
  57      4E0EC099 
  57      43ADD8
  58 016c 82578E64 		.ascii	"\202W\216d\224\364\332\221\256\325G\321@\351\232\002"
  58      94F4DA91 
  58      AED547D1 
  58      40E99A02 
  59 017c 6CA60787 		.ascii	"l\246\007\207\242\033\274qt\367Jo\033\364?\007\364\320"
  59      A21BBC71 
  59      74F74A6F 
  59      1BF43F07 
  59      F4D0
  60 018e 0D08E827 		.ascii	"\015\010\350'\222\334\376\215\376\2501Q%\357 \013E\347"
  60      92DCFE8D 
  60      FEA83151 
  60      25EF200B 
  60      45E7
  61 01a0 CF7577F5 		.ascii	"\317uw\365\027\372\012\027\257\016^*\024\273\363\352"
  61      17FA0A17 
  61      AF0E5E2A 
  61      14BBF3EA 
  62 01b0 17E35367 		.ascii	"\027\343Sg\317D\3058\352\357\035\210\342+y={.\367\016"
  62      CF44C538 
  62      EAEF1D88 
  62      E22B793D 
  62      7B2EF70E 
  63 01c4 9CCC13F7 		.ascii	"\234\314\023\367\015\306\377\000\237i\317\302"
  63      0DC6FF00 
  63      9F69CFC2 
  64              		.text
  65              		.section	.gnu.lto_palWriteBus.9f3cb314,"",%progbits
  66 0000 789C9553 		.ascii	"x\234\225SMh\023A\024\236og\263?\311F=\012\366\320\203"
  66      4D681341 
  66      149E6F67 
  66      B33FC946 
  66      3D0AF6D0 
  67 0015 107A71D1 		.ascii	"\020zq\321C\205^E\217^\274\026\244\211\207\006\012\021"
  67      43855E45 
  67      8F5EBC16 
  67      A4898706 
  67      0A11
  68 0027 D39EBB89 		.ascii	"\323\236\273\211M*-UA\232T\351\262\242\324\032\265\177"
  68      4D2A2D55 
  68      419A54E9 
  68      B2A2D41A 
  68      B57F
  69 0039 FEA70709 		.ascii	"\376\247\007\011\361P\220\252\264\007\275(\212V\241"
  69      F15090AA 
  69      B407BD28 
  69      8A56A1
  70 0048 07A11641 		.ascii	"\007\241\026A\017\222\370\336l\243U\274t`\336\314\373"
  70      0F92F8DE 
ARM GAS  C:\Users\CYIRKO~1\AppData\Local\Temp\ccaKf3T2.s 			page 5


  70      6CA355BC 
  70      7460DECC 
  70      FB
  71 0059 FBE6BDEF 		.ascii	"\373\346\275\357\355F\204&\216K!\272\204\020\373hC\012"
  71      ED468426 
  71      8E4B21BA 
  71      8410FB68 
  71      430A
  72 006b 68175F08 		.ascii	"h\027_\010\221\2634\200/\236\0051\250a\020\027dY\242"
  72      91B33480 
  72      2F9E0531 
  72      A8611017 
  72      6459A2
  73 007e 3EFCB9AA 		.ascii	">\374\271\252uL{\264j\345oF\321+\354\015(\3752m^\230"
  73      754C7BB4 
  73      6AE56F46 
  73      D12BEC0D 
  73      28FD326D 
  74 0094 460745AD 		.ascii	"F\007E\255\014\315O\312\3632\220\200N\352\327\347W>"
  74      0CCD4FCA 
  74      F3329080 
  74      4EEAD7E7 
  74      573E
  75 00a6 EE625543 		.ascii	"\356bUC;\251\205\225rQ\312C\020t\177\373\356}\305JL"
  75      3BA98595 
  75      7251CA43 
  75      10747FFB 
  75      EE7DC54A 
  76 00bb 795EDEAB 		.ascii	"y^\336\253-_\222\336\376@J\334\202$@T\320\206\233h\023"
  76      2D5F92DE 
  76      FE404ADC 
  76      82244054 
  76      D0869B68 
  77 00d0 6412B88D 		.ascii	"d\022\270\215\004\205\373\215kK1\331\251R\253\301d\305"
  77      0485FB8D 
  77      6B4B31D9 
  77      A952ABC1 
  77      64C5
  78 00e2 D84A7D33 		.ascii	"\330J}3\256Ru\334\3717U\027\230A\202\343?,4\306\343"
  78      AE5275DC 
  78      F9375517 
  78      984182E3 
  78      3F2C34C6 
  79 00f7 867EBD55 		.ascii	"\206~\275U.fa\200\316\271U\324\274Fs\230\012\270\201"
  79      2E666180 
  79      CEB955D4 
  79      BC467398 
  79      0AB881
  80 010a E6B1DDD4 		.ascii	"\346\261\335\3247=&)7\242\203\223#t5\014\026&\013\213"
  80      373D2629 
  80      37A28393 
  80      2374350C 
  80      16260B8B 
  81 011e 8469B388 		.ascii	"\204i\263\210\262\032c\341\260\210\263\020b\204\300"
  81      B21A63E1 
  81      B088B310 
  81      6284C0
ARM GAS  C:\Users\CYIRKO~1\AppData\Local\Temp\ccaKf3T2.s 			page 6


  82 012d 99B851A9 		.ascii	"\231\270Q\251\361)\327\221_\\\177\222\342\347|\311\034"
  82      F129D791 
  82      5F5C7F92 
  82      E2E77CC9 
  82      1C
  83 013e 960AF597 		.ascii	"\226\012\365\227&\323!U\037\337\227\236\235s\002\370"
  83      26D32155 
  83      1FDF979E 
  83      9D7302F8 
  84 014e 39E2B43D 		.ascii	"9\342\264=\220\226O4\315Q\355\354\233Z\313\317\232\356"
  84      90964F34 
  84      CD51EDEC 
  84      9B5ACBCF 
  84      9AEE
  85 0160 8C17BA6C 		.ascii	"\214\027\272l\314#\300\204\342\032\013p\005A7\212\010"
  85      CC23C084 
  85      E21A0B70 
  85      0541378A 
  85      08
  86 0171 91233EF5 		.ascii	"\221#>\365\312o\331\241n\354\010Z\307]\005\315\204\340"
  86      CA6FD9A1 
  86      6EEC085A 
  86      C75D05CD 
  86      84E0
  87 0183 9E823EFB 		.ascii	"\236\202>\373\263\005m*tc;\272\265#\364(\356+t\215\321"
  87      B3056D2A 
  87      74633BBA 
  87      B523F428 
  87      EE2B748D 
  88 0198 1F84E8A5 		.ascii	"\037\204\350\245\026\272\035\242\255n,\3731f\305\304"
  88      16BA1DA2 
  88      AD6E2CFB 
  88      3166C5C4 
  89 01a8 1E3C2418 		.ascii	"\036<$\030\212\331h\305DU\021\366_U\305\250\341\260"
  89      8AD968C5 
  89      445511F6 
  89      5F55C5A8 
  89      E1B0
  90 01ba AA3F718E 		.ascii	"\252?q\2162[l\373\321\262\305U\272C\266zIU\277}\004"
  90      325B6CFB 
  90      D1B2C555 
  90      BA43B67A 
  90      4955BF7D 
  91 01cf F6FF4640 		.ascii	"\366\377F@\020\022\217\266:y\275\271\371\324\241N\206"
  91      10128FB6 
  91      3A79BDB9 
  91      F9D4A14E 
  91      86
  92 01e0 72EC72F0 		.ascii	"r\354r\360Xu\3023 \347\350\332\247W\221\337\3168\252"
  92      5875C233 
  92      20E7E8DA 
  92      A75791DF 
  92      CE38AA
  93 01f3 7027680C 		.ascii	"p'h\014\324\345\"\\zZ|A\376jsLU\242~\220\021b\230>\012"
  93      D4E5225C 
  93      7A5A7C41 
  93      FE6A734C 
ARM GAS  C:\Users\CYIRKO~1\AppData\Local\Temp\ccaKf3T2.s 			page 7


  93      55A27E90 
  94 020c 22C23DDA 		.ascii	"\"\302=\332\325}\2447\235L\237\350\0378\225\316t\247"
  94      D57DA437 
  94      9D4C9FE8 
  94      1F3895CE 
  94      74A7
  95 021e F89EC91E 		.ascii	"\370\236\311\036<\334\351f\262noO\237\233=\223\342\363"
  95      3CDCE966 
  95      B26E6F4F 
  95      9F9B3D93 
  95      E2F3
  96 0230 E4E99EBE 		.ascii	"\344\351\236\276\003)!\223\003Y=\231\356\317\376\002"
  96      03292193 
  96      03593D99 
  96      EECFFE02 
  97 0240 F9EC1011 		.ascii	"\371\354\020\021"
  98              		.text
  99              		.section	.gnu.lto_palSetBusMode.9f3cb314,"",%progbits
 100 0000 789C9592 		.ascii	"x\234\225\222\315kSA\024\305\357\231\373\222\367b[\327"
 100      CD6B5341 
 100      14C5EF99 
 100      FB92F762 
 100      5BD7
 101 0012 825D6421 		.ascii	"\202]d!\204n|\350\242B\267\"\376\001n\\\024\244M\204"
 101      846E7CE8 
 101      A242B722 
 101      FE016E5C 
 101      14A44D84 
 102 0026 065A22C6 		.ascii	"\006Z\"\306\2563\215&\225\012\255Pj\254\030^\241\204"
 102      AE338D26 
 102      950AAD50 
 102      6AAC185E 
 102      A184
 103 0038 5AB5DF2A 		.ascii	"Z\265\337*\304R\010\335\010~\322n\265(*B\321\202\342"
 103      C45208DD 
 103      087ED26E 
 103      B5282A42 
 103      D182E2
 104 004b C28DADDE 		.ascii	"\302\215\255\336;\321\205\356:03wf\356\371\315\235\303"
 104      3BD185EE 
 104      3A303377 
 104      66EEF9CD 
 104      9DC3
 105 005d C4C850C6 		.ascii	"\304\310P\306\020u\021\321a\351`\202\271\376\222h(0"
 105      107511D1 
 105      61E96082 
 105      B9FE9268 
 105      2830
 106 006f 80063600 		.ascii	"\200\0066\000\025\014\012\030\343\012c}\370S\335t\314"
 106      150C0A18 
 106      E30A637D 
 106      F853DD74 
 106      CC
 107 0080 58698DCA 		.ascii	"Xi\215\312\246_\266\245C\021\023MJ\327\206\031tH\326"
 107      A65FB6A5 
 107      4311134D 
 107      4AD78619 
ARM GAS  C:\Users\CYIRKO~1\AppData\Local\Temp\ccaKf3T2.s 			page 8


 107      7448D6
 108 0093 C695C5DB 		.ascii	"\306\225\305\333<\312\021\003\236,\277\275\270\365\341"
 108      3CCA1103 
 108      9E2CBFBD 
 108      B8F5E1
 109 00a2 A02E0D92 		.ascii	"\240.\015\222\262,mT\312\314\307A\022o\275}7\033\244"
 109      B22C6D54 
 109      CACCC741 
 109      126FBD7D 
 109      371BA4
 110 00b5 6AD6166D 		.ascii	"j\326\026m\343\3158\333#\0213\356\202\005\210Y\264\343"
 110      E3CD38DB 
 110      231133EE 
 110      82058859 
 110      B4E3
 111 00c7 0EDA49B6 		.ascii	"\016\332I\266\010\367\220\222\364\357+\265\361\026\356"
 111      08F79092 
 111      F4EF2BB5 
 111      F116EE
 112 00d6 74D267A3 		.ascii	"t\322g\243kg\377(\237O8\245\207\373\377+=\302\034R\232"
 112      6B67FF28 
 112      9F4F38A5 
 112      87FBFF2B 
 112      3DC21C52 
 113 00eb FE7E696F 		.ascii	"\376~io\242-\356M\377\255\026\363\210C\346\205M4\354"
 113      A22DEE4D 
 113      FFAD16F3 
 113      8843E685 
 113      4D34EC
 114 00fe DEAF61DB 		.ascii	"\336\257a\333\370Y\303\326\351\204<[\356b\321\306<\031"
 114      F859C3D6 
 114      E9843C5B 
 114      EE62D1C6 
 114      3C19
 115 0110 E23119FC 		.ascii	"\3421\031\374\270F>\034\213FD\256\316\\c\2433o\243\370"
 115      B8463E1C 
 115      8B4644AE 
 115      CE5C63A3 
 115      336FA3F8 
 116 0124 787B27AD 		.ascii	"x{'\255\300*\253I7J\353\257|}/\273B\177<yz\2655BuHL"
 116      C02AAB49 
 116      374AEBAF 
 116      7C7D2FBB 
 116      427F3C79 
 117 013f 4B461C54 		.ascii	"KF\034T\305\207\005\251N\317j\037\213\363~8g\233G\011"
 117      C58705A9 
 117      4ECF6A1F 
 117      8BF37E38 
 117      679B4709 
 118 0153 2C22C24D 		.ascii	",\"\302Mg&\226\020\222\242\023M\260\267/\322\001,;\222"
 118      67269610 
 118      92A2134D 
 118      B0B72FD2 
 118      012C3B92 
 119 0167 BE102BFF 		.ascii	"\276\020+\377\222b\373\"\265\340\201#\031%=t\244\313"
 119      9262FB22 
 119      B5E08123 
ARM GAS  C:\Users\CYIRKO~1\AppData\Local\Temp\ccaKf3T2.s 			page 9


 119      19253D74 
 119      A4CB
 120 0179 5FCB68A2 		.ascii	"_\313h\242\264.\001\322g\224\223\272\243\362z\375\313"
 120      B42E01D2 
 120      679493BA 
 120      A3F27AFD 
 120      CB
 121 018a 6BBFB06B 		.ascii	"k\277\260k\203\210['\265\000<B\201\304\031\227\356G"
 121      83885B27 
 121      B5003C42 
 121      81C41997 
 121      EE47
 122 019c DC463B28 		.ascii	"\334F;(N\255\2169\206\3736#\222&N\312\025\341\251\256"
 122      4EAD8E39 
 122      86FB3623 
 122      92264ECA 
 122      15E1A9AE 
 123 01b0 EE937DD9 		.ascii	"\356\223}\331\336\354\231K\203\231l\256;\255q.\177\354"
 123      DEEC994B 
 123      83996CAE 
 123      3BAD712E 
 123      7FEC
 124 01c2 446798CB 		.ascii	"Dg\230\313\207}=\375a\376bZ\347s\027z\372\217\246\211"
 124      877D3DFD 
 124      61FE625A 
 124      E773177A 
 124      FA8FA689 
 125 01d6 7B07F3DE 		.ascii	"{\007\363\336@.s\3767\254/\315\203"
 125      402E73FE 
 125      37AC2FCD 
 125      83
 126              		.text
 127              		.section	.gnu.lto_.symbol_nodes.9f3cb314,"",%progbits
 128 0000 789C6365 		.ascii	"x\234ce`b\010d\000\002\2469L\365\014\014\023\31610\000"
 128      60620864 
 128      0002A639 
 128      4CF50C0C 
 128      13CE3130 
 129 0015 A95D0D8E 		.ascii	"\251]\015\216@\221\271L\365\214\250\"\363\230\352\231"
 129      4091B94C 
 129      F58CA822 
 129      F398EA99 
 130 0025 50441817 		.ascii	"PD\030\0272\3253\203E\030\030\032\032\034\030\030\230"
 130      32D53383 
 130      4518181A 
 130      1A1C1818 
 130      98
 131 0036 99981996 		.ascii	"\231\230\031\226<\374\307\310\000\000A\023\024\024"
 131      3CFCC7C8 
 131      00004113 
 131      1414
 132              		.text
 133              		.section	.gnu.lto_.refs.9f3cb314,"",%progbits
 134 0000 789C6365 		.ascii	"x\234ce`b`d\000\002\000\000I\000\011"
 134      60626064 
 134      00020000 
 134      490009
ARM GAS  C:\Users\CYIRKO~1\AppData\Local\Temp\ccaKf3T2.s 			page 10


 135              		.text
 136              		.section	.gnu.lto_.decls.9f3cb314,"",%progbits
 137 0000 789CAD58 		.ascii	"x\234\255XyP\024W\032\357\257\337\014\014\315\200\026"
 137      79501457 
 137      1AEFAFDF 
 137      0C0CCD80 
 137      16
 138 0011 B859AB62 		.ascii	"\270Y\253bRl\212\350\354\326*\002U\272\225\243\312M"
 138      526C8AE8 
 138      ECD62A02 
 138      55BA95A3 
 138      CA4D
 139 0023 3447AD59 		.ascii	"4G\255Y\2541\307n-US\010\243R\213\214\313\014[\225\277"
 139      AC31C76E 
 139      2D555308 
 139      A3528B8C 
 139      CB0C5B95 
 140 0038 B6614850 		.ascii	"\266aHP\361\0005(x,\207\027\340\201\306\013\001e\001"
 140      F1003528 
 140      782C8717 
 140      E081C60B 
 140      016501
 141 004b 2F100FA2 		.ascii	"/\020\017\242r\010\202\"\036\221(\002A$*\373\275\367"
 141      72088222 
 141      1E912802 
 141      41242AFB 
 141      BDF7
 142 005d 7AA6DBC9 		.ascii	"z\246\333\311L\262U\233.\336\274~\257\177\337\367\375"
 142      4CB2559B 
 142      2EDEBC7E 
 142      AF7FDFF7 
 142      FD
 143 006e BEE3BD7E 		.ascii	"\276\343\275~\215^\020\205\300PA\360'\202 \203 \214"
 143      8D5E1085 
 143      C05041F0 
 143      27822083 
 143      208C
 144 0080 E1A51304 		.ascii	"\341\245\023\004a\217\240^t\034\210\317\306c\233\210"
 144      618FA05E 
 144      741C88CF 
 144      C6639B88 
 145 0090 ED55107E 		.ascii	"\355U\020~t\375Z\024\004#\366!\330&`\253\300f@\334\020"
 145      74FD5A14 
 145      0423F621 
 145      D82660AB 
 145      C06640DC 
 146 00a5 F653B0C5 		.ascii	"\366S\260\305`\363\307\361c\354\007\260\035\307\366"
 146      60F3C7F1 
 146      63EC07B0 
 146      1DC7F6
 147 00b4 5CD10D38 		.ascii	"\\\321\0158\177\237*\301^\004\3261{\264\237\352a\353"
 147      7F9F2AC1 
 147      5E04D631 
 147      7BB49FEA 
 147      61EB
 148 00c6 37682718 		.ascii	"7h'\030\373O5\266\250\035j\317\233\255\347\212\2756"
 148      FB4F35B6 
ARM GAS  C:\Users\CYIRKO~1\AppData\Local\Temp\ccaKf3T2.s 			page 11


 148      A81D6ACF 
 148      9BADE78A 
 148      BD36
 149 00d8 C5A65EB1 		.ascii	"\305\246^\261G\355P\003\017\260k\345\267\314?\332Gy"
 149      47ED5003 
 149      0FB06BE5 
 149      B7CC3FDA 
 149      4779
 150 00ea D88CF461 		.ascii	"\330\214\364a3\324\207\177\025\212\335h\034\277\202"
 150      33D4877F 
 150      158ADD68 
 150      1CBF82
 151 00f9 8D78D844 		.ascii	"\215x\330Du\3568\322\2517=\354m pxU}\265x\035:\000\261"
 151      75EE38D2 
 151      A9373DEC 
 151      6D207078 
 151      557DB578 
 152 0111 309ECD02 		.ascii	"0\236\315\002\360_`\215\015\307\\\027\000\233\307YQ"
 152      F05F608D 
 152      0DC75C17 
 152      009BC759 
 152      51
 153 0122 5094BAA6 		.ascii	"P\224\272\246\300%\241\214Ee(**\331\237\"\014\032\215"
 153      C025A18C 
 153      4565282A 
 153      2AD99F22 
 153      0C1A8D
 154 0135 FC31B7E4 		.ascii	"\3741\267\344\2728}~\303\304\\\322 \252\006\000\264"
 154      BA387D7E 
 154      C3C45CD2 
 154      20AA0600 
 154      B4
 155 0146 021A859C 		.ascii	"\002\032\205\234\266\362\334\315OP\235\003\227\367\217"
 155      B6F2DCCD 
 155      4F509D03 
 155      97F78F
 156 0155 F2CEDD96 		.ascii	"\362\316\335\226\272\240\223\316\026\314\0026w\243\271"
 156      BAA093CE 
 156      16CC0236 
 156      77A3B9
 157 0164 EA998160 		.ascii	"\352\231\201`\010\361\276\353\311\256\367\246\355\226"
 157      08F1BEEB 
 157      C9AEF7A6 
 157      ED96
 158 0172 F9657845 		.ascii	"\371exE\015\333\245\214\362\315d5\201\020\011tTOS~O"
 158      0DDBA58C 
 158      F2CD6435 
 158      81100974 
 158      544F537E 
 159 0187 300E2748 		.ascii	"0\016'H\020\206\303\374\312\241\006=\177j\300\341\330"
 159      1086C3FC 
 159      CAA1063D 
 159      7F6AC0E1 
 159      D8
 160 0198 8EF2E506 		.ascii	"\216\362\345\006\362\022\323\330y\246\244\214\012N\221"
 160      F212D3D8 
 160      79A6A48C 
ARM GAS  C:\Users\CYIRKO~1\AppData\Local\Temp\ccaKf3T2.s 			page 12


 160      0A4E91
 161 01a7 80921D87 		.ascii	"\200\222\035\207S\373\372*\236\004\361)\212h^3\260\315"
 161      53FBFA2A 
 161      9E04F129 
 161      8A685E33 
 161      B0CD
 162 01b9 9FBC4CEF 		.ascii	"\237\274L\357\305\274\206\226Z\035\230\244\035\324~"
 162      C5BC8696 
 162      5A1D98A4 
 162      1DD47E
 163 01c8 CDE3A129 		.ascii	"\315\343\241)9\231\262,\302\327 \301~ P\012\323\250"
 163      3999B22C 
 163      C2D720C1 
 163      7E20500A 
 163      D3A8
 164 01da 375324FC 		.ascii	"7S$\374]&\313\351r\266S\016\370@\200\3350\011\312`\222"
 164      5D26CBE9 
 164      72B6530E 
 164      F84080DD 
 164      3009CA60 
 165 01ef 0007C044 		.ascii	"\000\007\300D\325R\034\224\343\344>\234D\023%\333r\212"
 165      D5521C94 
 165      E3E43E9C 
 165      441325DB 
 165      728A
 166 0201 FCC82A60 		.ascii	"\374\310*`6N\035\277\326\252\003\311\344U\301a/\012"
 166      364E1DBF 
 166      D6AA03C9 
 166      E455C161 
 166      2F0A
 167 0213 1432A5AF 		.ascii	"\0242\245\257\235\372\202\2229\204d\016\252d\220\033"
 167      9DFA8292 
 167      3984640E 
 167      AA64901B 
 168 0223 0F5146FD 		.ascii	"\017QF\375pN\020\031\340FV\237<\375D\357vd\354\304["
 168      704E1019 
 168      E046569F 
 168      3CFD44EF 
 168      7664ECC4 
 169 0238 172ECB72 		.ascii	"\027.\313r\030T\240\354\021U\366\020\370\364\344\250"
 169      1854A0EC 
 169      1155F610 
 169      F8F4E4A8 
 170 0248 774FAE3C 		.ascii	"wO\256<\032\310\015&\247x\2666\015v\336\013\340a7i\222"
 170      1AC80D26 
 170      A778B636 
 170      0D76DE0B 
 170      E0613769 
 171 025d 12C29332 		.ascii	"\022\302\2232Rxk\255H\2328t\331\356\325uDBK\316\377"
 171      52786BAD 
 171      489A3874 
 171      D9EED575 
 171      44424BCE 
 172 0272 C9659428 		.ascii	"\311e\224(\037[\337\035D\232\271\370\203\214\336\356"
 172      1F5BDF1D 
 172      449AB9F8 
 172      838CDEEE 
ARM GAS  C:\Users\CYIRKO~1\AppData\Local\Temp\ccaKf3T2.s 			page 13


 173 0282 40AE7A22 		.ascii	"@\256z\"\016\367\214t\035\326\223\026\376l\325\372\332"
 173      0EF78C74 
 173      1DD69316 
 173      FE6CD5FA 
 173      DA
 174 0293 5A1DE9E0 		.ascii	"Z\035\351\340\203\342\274\234L=\271\301\007%k\263\313"
 174      83E2BC9C 
 174      4C3DB9C1 
 174      07256BB3 
 174      CB
 175 02a4 25D2C307 		.ascii	"%\322\303\007\315\375\347\266\004\362\222\031\217\303"
 175      CDFDE7B6 
 175      04F29219 
 175      8FC3
 176 02b2 93638F6B 		.ascii	"\223c\217k\306q\215\"\0167\226\266\214\006\220^\016"
 176      C6718D22 
 176      0E3796B6 
 176      8C06905E 
 176      0E
 177 02c3 DD3EFA43 		.ascii	"\335>\372C?\255\231\311\264f\210\246b&\363\2129\321"
 177      3FAD99C9 
 177      B46688A6 
 177      6226F38A 
 177      39D1
 178 02d5 78768791 		.ascii	"xv\207\221\334g`1\273\260,+\300\225NtOo\022\340$\272"
 178      DC676031 
 178      BBB02C2B 
 178      C0954E74 
 178      4F6F12E0 
 179 02eb 718AFA76 		.ascii	"q\212\372v\016}\233\254\370v\026'\317\250\351<\370j"
 179      0E7D9BAC 
 179      F8761627 
 179      CFA8E93C 
 179      F86A
 180 02fd 852C8F87 		.ascii	"\205,\217\207F\314H\203\232\221\311J2\217\347\\\273"
 180      46CC4883 
 180      9A91C94A 
 180      328FE75C 
 180      BB
 181 030e 2D91616E 		.ascii	"-\221an\342\2513\367\241\246*K\243\352Y!\\@\321&U\264"
 181      E2A933F7 
 181      A1A62A4B 
 181      A3EA5921 
 181      5C40D126 
 182 0324 514DA627 		.ascii	"QM\246'\215\363^h\240\221\364\221\242*\003\031cFt\203"
 182      8DF35E68 
 182      A091F491 
 182      A22A0319 
 182      63467483 
 183 0338 C32BDB25 		.ascii	"\303+\333%\010\015\0177\345P3\331\262<KT\263$\300%\010"
 183      080D0F37 
 183      E55033D9 
 183      B23C4B54 
 183      B324C025 
 184 034d A50AE032 		.ascii	"\245\012\3402\352\372\006\302\241\031\302\331\342,\242"
 184      EAFA06C2 
 184      A119C2D9 
ARM GAS  C:\Users\CYIRKO~1\AppData\Local\Temp\ccaKf3T2.s 			page 14


 184      E22CA2
 185 035c 06B1C2C2 		.ascii	"\006\261\302\302\253\007\272ey\205\221\321:\215\264"
 185      AB07BA65 
 185      798591D1 
 185      3A8DB4
 186 036b A8809B41 		.ascii	"\250\200\233A\004Uq\222*R\004j\337\336(\327\244\023"
 186      04557192 
 186      2A52046A 
 186      DFDE28D7 
 186      A413
 187 037d 86BEE815 		.ascii	"\206\276\350\025\035I\301\334\345\347U\022n\007\024"
 187      1D49C1DC 
 187      E5E75512 
 187      6E0714
 188 038c 2328DEF2 		.ascii	"#(\336\362mAw\371\372\203\265\000\341\023L\341E\014"
 188      6D4177F9 
 188      FA83B500 
 188      E1134CE1 
 188      450C
 189 039e 78B53A38 		.ascii	"x\265:8\215\251\245\352\352Q\355U\230\240V\232\252v"
 189      8DA9A5EA 
 189      EA51ED55 
 189      98A0569A 
 189      AA76
 190 03b0 2D73D129 		.ascii	"-s\321)\317\322i]\244`\352b\013\272\330\212.^Q\\\344"
 190      CFD2695D 
 190      A460EA62 
 190      0BBAD88A 
 190      2E5E515C 
 191 03c5 241E544D 		.ascii	"$\036TML\223e\240(-\013\356\316pU\310:\247|f:[\235u"
 191      4C9365A0 
 191      282D0BEE 
 191      CE7055C8 
 191      3AA77C66 
 192 03dd BE0D63D4 		.ascii	"\276\015c\324\007\252\032\317\211\023\220A\232O\006"
 192      07AA1ACF 
 192      89139041 
 192      9A4F06
 193 03ec C20BE635 		.ascii	"\302\013\3465\305\033\302\2137\243\356\312!#q\022V\215"
 193      C51BC28B 
 193      37A3EECA 
 193      21237112 
 193      568D
 194 03fe BD8DFBD2 		.ascii	"\275\215\373\322\015$\223\017\2666\355m\324\223,>\250"
 194      0D24930F 
 194      B636ED6D 
 194      D4932C3E 
 194      A8
 195 040f 2CDBDB2C 		.ascii	",\333\333,\222\034>\330]\321\237\005$\217\017\036e\356"
 195      921C3ED8 
 195      5DD19F05 
 195      248F0F1E 
 195      65EE
 196 0421 7390027E 		.ascii	"s\220\002~\237\261%\373\202\310u\377\036\207\271\313"
 196      9FB125FB 
 196      82C875FF 
 196      1E87B9CB 
ARM GAS  C:\Users\CYIRKO~1\AppData\Local\Temp\ccaKf3T2.s 			page 15


 197 0431 3777EBF8 		.ascii	"7w\353\370:\351\246+\343\300\325]\225\006\262\203a\203"
 197      3AE9A62B 
 197      E3C0D55D 
 197      9506B283 
 197      6183
 198 0443 B24BB28F 		.ascii	"\262K\262\217H\020\216Wh8\277LEr\206\023\323\371V\236"
 198      48108E57 
 198      6838BF4C 
 198      45728613 
 198      D3F9569E 
 199 0457 5C938175 		.ascii	"\\\223\201u\213\356w\241\373w1\376/\272\277[I>E\217"
 199      8BEE77A1 
 199      FB7731FE 
 199      2FBABF5B 
 199      493E458F 
 200 046b BEADA27B 		.ascii	"\276\255\242{<\321\225\340\216\026G\177\253A\237\360"
 200      3CD195E0 
 200      8E16477F 
 200      AB419FF0 
 201 047b 445779A2 		.ascii	"DWy\242\0074\350j\357hN\305]\346\230\201\233\010\270"
 201      0734E86A 
 201      EF684EC5 
 201      5DE69881 
 201      9B08B8
 202 048e C19EDD55 		.ascii	"\301\236\335U\312\274\037k\240\017\223p\013\333=l\337"
 202      CABC1F6B 
 202      A00F9370 
 202      0BDB3D6C 
 202      DF
 203 049f 61BB8FED 		.ascii	"a\273\217\355!\266\007\330\276\305v\033\333\035l\275"
 203      21B607D8 
 203      BEC5761B 
 203      DB1D6CBD 
 204 04af EEA54009 		.ascii	"\356\245@\0114hBq\335\223\300\036O\27275t\377\343\211"
 204      34684271 
 204      DD93C01E 
 204      4FBA3735 
 204      74FFE389 
 205 04c3 AE01CFC8 		.ascii	"\256\001\317\310\265k\224wx\302\333=\225\217\276\251"
 205      B56B9477 
 205      78C2DB3D 
 205      958FBEA9 
 206 04d3 A2BBBD66 		.ascii	"\242\273\275fE\003n\326\250\356\364\316\333\315\004"
 206      45036ED6 
 206      A8EEF4CE 
 206      DBCD04
 207 04e2 17D9F56A 		.ascii	"\027\331\365j\211\343\333\260fk\2753\327h\277\355Z "
 207      89E3DBB0 
 207      666BBD33 
 207      D768BFED 
 207      5A20
 208 04f4 54FD35EF 		.ascii	"T\3755\357\314\271ze\265U\206\260\325v\327s\315CM\323"
 208      CCB97A65 
 208      B55586B0 
 208      D576D773 
 208      CD434DD3 
 209 0508 C8413D29 		.ascii	"\310A=)e\005)\336\333t\267\314\037BM\336\222\011\203"
ARM GAS  C:\Users\CYIRKO~1\AppData\Local\Temp\ccaKf3T2.s 			page 16


 209      650529DE 
 209      DB74B7CC 
 209      1F424DDE 
 209      920983
 210 051b 98C3FF27 		.ascii	"\230\303\377'\237\234\311\251\343~t\363\031@E\217\324"
 210      9F9CC9A9 
 210      E37E74F3 
 210      1940458F 
 210      D4
 211 052c DD96F262 		.ascii	"\335\226\362btV4\264\257\0116\256p\277C\031P]\321C`"
 211      745634B4 
 211      AF0936AE 
 211      70BF4319 
 211      505DD143 
 212 0541 5444107B 		.ascii	"TD\020{d\371\306;A\344\010\247~\345\374\243\212`0\031"
 212      64F9C63B 
 212      41E408A7 
 212      7EE5FCA3 
 212      8A603019 
 213 0555 B995F3ED 		.ascii	"\271\225\363\355\343\235\324\337\307\210\377^5\203\342"
 213      E39DD4DF 
 213      C788FF5E 
 213      3583E2
 214 0564 D8F9D00E 		.ascii	"\330\371\320\016\303\350\324\013\006~\270\273\276\015"
 214      C3E8D40B 
 214      067EB8BB 
 214      BE0D
 215 0572 F85A36D2 		.ascii	"\370Z6\322\015\276\262-g\234\262\226\351\343\241u\355"
 215      0DBEB22D 
 215      679CB296 
 215      E9E3A175 
 215      ED
 216 0583 5DC1A496 		.ascii	"]\301\244\226\274p2\212\371\361\311(\206\277\347\372"
 216      BC70328A 
 216      F9F1C928 
 216      86BFE7FA 
 217 0593 2E5EF806 		.ascii	".^\370\006\310YN\267~k\317\001?_\307\2261$\022\243\274"
 217      C8594EB7 
 217      7E6BCF01 
 217      3F5FC796 
 217      312412A3 
 218 05a8 609EE2E4 		.ascii	"`\236\342\344\017\352{n4j\230\235\241\236c\336\237\251"
 218      0FEA7B6E 
 218      346A989D 
 218      A19E63DE 
 218      9FA9
 219 05ba 8EC5F017 		.ascii	"\216\305\360\027\235\376ru\303F=\335QBM|'}\270\212\034"
 219      9DFE7275 
 219      C3463DDD 
 219      51424D7C 
 219      277DB88A 
 220 05cf DD7E7EA5 		.ascii	"\335~~\245\\P\013Lf\024e\234\242\257%D%\006~\313\013"
 220      5C500B4C 
 220      6614659C 
 220      A2AF2544 
 220      25067ECB 
 221 05e4 9186EE98 		.ascii	"\221\206\356\230':\302\003|\363w\034LOB{\275\202\177"
ARM GAS  C:\Users\CYIRKO~1\AppData\Local\Temp\ccaKf3T2.s 			page 17


 221      273AC203 
 221      7CF3771C 
 221      4C4F427B 
 221      BD827F
 222 05f7 BC3B3CC1 		.ascii	"\274;<\301\347#\314*E\323j\312\020M\220&\206C:6Y\324"
 222      E723CC2A 
 222      45D36ACA 
 222      104D9026 
 222      86433A36 
 223 060d 56CBD512 		.ascii	"V\313\325\022^\267\210\364\250\333'%\203C\204\334\320"
 223      5EB788F4 
 223      A8DB2725 
 223      834384DC 
 223      D0
 224 061e F1F3D983 		.ascii	"\361\363\331\203\221|\003\230B\225\344\227\261\022\313"
 224      917C0398 
 224      4295E497 
 224      B112CB
 225 062d 44ED5F88 		.ascii	"D\355_\210\356\020Q\025\336\211\300\227h\377\247\270"
 225      EE105115 
 225      DE89C097 
 225      68FFA7B8 
 226 063d A0B9ABD9 		.ascii	"\240\271\253\331\253w\005j\3532S\324\326\3452\321\250"
 226      AB77056A 
 226      EB3253D4 
 226      D6E532D1 
 226      A8
 227 064e 008FB5DE 		.ascii	"\000\217\265\336\277%\352D>\007\013tt.kM\365\266\200"
 227      BF25EA44 
 227      3E070B74 
 227      742E6B4D 
 227      F5B680
 228 0661 89B9EC18 		.ascii	"\211\271\354\030\356\224\307\213,\\\256\327\263\000"
 228      EE94C78B 
 228      2C5CAED7 
 228      B300
 229 066f 2BC489F8 		.ascii	"+\304\211\370\273\\\324q\015\313:\216\236\206\327\012"
 229      BB5CD471 
 229      0DCB3A8E 
 229      9E86D70A 
 230 067f E4826E3C 		.ascii	"\344\202n<\010l&\313\353Nc\372`\026\205A\211\232r\274"
 230      086C26CB 
 230      EB4E63FA 
 230      60168541 
 230      899A72BC 
 231 0693 C5DF5DF8 		.ascii	"\305\337]\370~\200\235\2703\012\220%\276\206\322;7:"
 231      7E809DB8 
 231      330A9025 
 231      BE86D23B 
 231      373A
 232 06a5 1B03C906 		.ascii	"\033\003\311\006=+\271\374\316\216[\022#C-r2\227:\317"
 232      3D2BB9FC 
 232      CE8E5B12 
 232      23432D72 
 232      32973ACF 
 233 06b9 9DD5B909 		.ascii	"\235\325\271\011\256\022\331\3447\225;k\014Z\206\237"
 233      AE12D9E4 
ARM GAS  C:\Users\CYIRKO~1\AppData\Local\Temp\ccaKf3T2.s 			page 18


 233      37953B6B 
 233      0C5A869F 
 234 06c9 BEA421B8 		.ascii	"\276\244!\270\206\021\\\355\"x%\275\261\202(\004\257"
 234      86115CED 
 234      227825BD 
 234      B1822804 
 234      AF
 235 06da 6E326205 		.ascii	"n2b\005\340\031\011k\022a\260R\0158\336\276H0\233\021"
 235      E019096B 
 235      1261B052 
 235      0D38DEBE 
 235      48309B11 
 236 06ee 7C76BD67 		.ascii	"|v\275g@$\305\234`iS\311S\035\331\317\006\342\252\332"
 236      4024C59C 
 236      606953C9 
 236      531DD9CF 
 236      06E2AADA 
 237 0702 CD7D465F 		.ascii	"\315}F_kb\275\350\353(?vbz+;\216\257\023%X+z\034\307"
 237      6B62BDE8 
 237      EB283F76 
 237      627A2B3B 
 237      8EAF1325 
 238 071b 694AD66C 		.ascii	"iJ\326l\037!\314c\212\340Q\350\222\007\372\210;\012"
 238      1F21CC63 
 238      8AE051E8 
 238      9207FA88 
 238      3B0A
 239 072d 5FF128F4 		.ascii	"_\361(\364>\034\335\340\3573\012\033X\024r]Q8\272\251"
 239      3E1CDDE0 
 239      EF330A1B 
 239      5814725D 
 239      5138BAA9 
 240 0741 63ABBF9A 		.ascii	"c\253\277\232\246{u\275\262,\351(\012rT\0229\236A\330"
 240      A67B75BD 
 240      B22CE928 
 240      0A725412 
 240      399E41D8 
 241 0755 C882F0DD 		.ascii	"\310\202\360\335v\347\272q\344\030\017\2027~\337g\366"
 241      76E7BA71 
 241      E4180F82 
 241      377EDF67 
 241      F6
 242 0766 9E0777E6 		.ascii	"\236\007w\346\3629\277\302\326\236-\301l\222.\316M|"
 242      F239BFC2 
 242      D69E2DC1 
 242      6C922ECE 
 242      4D7C
 243 0778 F27CEEF6 		.ascii	"\362|\356\366\006\342\223\364\026Fz\263\213\364\243"
 243      06E293F4 
 243      16467AB3 
 243      8BF4A3
 244 0787 4B7D7BFC 		.ascii	"K}{\374\220t7\217\333J\347\251\225r!0\030\344\251\254"
 244      9074378F 
 244      DB4AE7A9 
 244      95722130 
 244      18E4A9AC 
 245 079b F3286B7A 		.ascii	"\363(kz\263\225\261]\233U|\316\217\\\344l[\3322*\224"
ARM GAS  C:\Users\CYIRKO~1\AppData\Local\Temp\ccaKf3T2.s 			page 19


 245      B395B15D 
 245      9B557CCE 
 245      8F5CE46C 
 245      5BDA322A 
 246 07b0 4D31906E 		.ascii	"M1\220n\3027\276:\021\3007\305V\306\261i0W\"\3279\366"
 246      C237BE3A 
 246      11C037C5 
 246      56C6B169 
 246      305722D7 
 247 07c6 59FFC567 		.ascii	"Y\377\305gF\216\225\250\243\351"
 247      468E95A8 
 247      A3E9
 248 07d0 E55D7AFA 		.ascii	"\345]z\372\331\"+\213\010\347\3255\264M\304|\341\246"
 248      D9222B8B 
 248      08E7D535 
 248      B44DC47C 
 248      E1A6
 249 07e2 01C522FF 		.ascii	"\001\305\"\3778\032\251\0365\222;L\223\256\273x\340"
 249      381AA91E 
 249      35923B4C 
 249      93AEBB78 
 249      E0
 250 07f3 BE1F9826 		.ascii	"\276\037\230&\001H\330v\270\276i1\264\030\262\355\012"
 250      0148D876 
 250      B8BE6931 
 250      B418B2ED 
 250      0A
 251 0804 5DBCF265 		.ascii	"]\274\362eT\337\377/:\315\017\357\375E2\231(@\364$\230"
 251      54DFFF2F 
 251      3ACD0FEF 
 251      FD453299 
 251      2840F424 
 252 0819 8E55B403 		.ascii	"\216U\264\003\253h\027\263S\"N\202\235h(\037w\012:\203"
 252      AB6817B3 
 252      53224E82 
 252      9D68281F 
 252      770A3A83 
 253 082d 06DB560F 		.ascii	"\006\333V\017w\350B\262\225\035\"\014\230\356B\304\025"
 253      77E842B2 
 253      951D220C 
 253      98EE42C4 
 253      15
 254 083e 88945FA9 		.ascii	"\210\224_\251\030\342bI\321\331M\205\233\002$\305\306"
 254      18E26249 
 254      D1D94D85 
 254      9B0224C5 
 254      C6
 255 084f B29FB481 		.ascii	"\262\237\264\201\350\272\266\241\252 \255\356\262\237"
 255      E8BAB6A1 
 255      AA20ADEE 
 255      B29F
 256 085d D27DB867 		.ascii	"\322}\270g\177\205\364z\261|\261\206\325VVO\206\234"
 256      7F85F47A 
 256      B17CB186 
 256      D556564F 
 256      869C
 257 086f F6256E83 		.ascii	"\366%n\203\273\305\020(\3024\341R\327\010\377\033g>"
ARM GAS  C:\Users\CYIRKO~1\AppData\Local\Temp\ccaKf3T2.s 			page 20


 257      BBC51028 
 257      C234E152 
 257      D708FF1B 
 257      673E
 258 0881 C6AF8B3D 		.ascii	"\306\257\213=\342\353\364[g\264p\253?\351\343\011\310"
 258      E2EBF45B 
 258      67B470AB 
 258      3FE9E309 
 258      C8
 259 0892 6EECFA8B 		.ascii	"n\354\372\213\317\200\357s\005\274\200sL\033,\276\037"
 259      CF80EF73 
 259      05BC8073 
 259      4C1B2CBE 
 259      1F
 260 08a3 E4E9BFBA 		.ascii	"\344\351\277\272[\2273\216\373\\\034[\012\356\324\033"
 260      5B97338E 
 260      FB5C1C5B 
 260      0AEED41B 
 261 08b3 3D3DF289 		.ascii	"==\362\211\036\274<\370]\200\342\321\315\227\323\012"
 261      1EBC3CF8 
 261      5D80E2D1 
 261      CD97D30A 
 262 08c3 6AD2C260 		.ascii	"j\322\302`\277\342\015\356\013\032\301\275\2127\007"
 262      BFE20DEE 
 262      0B1AC1BD 
 262      8A3707
 263 08d2 9837674E 		.ascii	"\2307gN\327^!\332}\227V\252\352\302\327|\337\245=\375"
 263      D75E21DA 
 263      7D9756AA 
 263      EAC2D77C 
 263      DFA53DFD 
 264 08e6 DFC7DD82 		.ascii	"\337\307\335\202\226qdT\251\275\216\264\347\312A<\230"
 264      96716454 
 264      A9BD8EB4 
 264      E7CA413C 
 264      98
 265 08f7 FE17E35E 		.ascii	"\376\027\343^[\261R\247\375\354\323\366\333\212:\345"
 265      5BB152A7 
 265      FDECD3F6 
 265      DB8A3AE5 
 266 0907 9F1C4138 		.ascii	"\237\034A8|^\337\337\022\3443RG]\221:\302#\265\246\245"
 266      7C5EDFDF 
 266      12E43352 
 266      475D913A 
 266      C223B5A6 
 267 091c 333DC033 		.ascii	"3=\3003R\2071!\207XB*\230\357G]\276\327_\316\270F<#"
 267      52873121 
 267      8758422A 
 267      98EF475D 
 267      BED75FCE 
 268 0934 E513FDB4 		.ascii	"\345\023\375\264\340\302CW\244\332_\345\221:\246D\012"
 268      E0C24357 
 268      A4DA5FE5 
 268      913AA644 
 268      0A
 269 0945 370F8DE0 		.ascii	"7\017\215\340A%R\225\342\353\202\2644.\311l\215Kx'\325"
 269      41255295 
ARM GAS  C:\Users\CYIRKO~1\AppData\Local\Temp\ccaKf3T2.s 			page 21


 269      E2EB82B4 
 269      342EC96C 
 269      8D4B7827 
 270 095a 6E78FFCF 		.ascii	"nx\377\317\237\204\275\033\031)\350\226\304\331\377"
 270      9F84BD1B 
 270      1929E896 
 270      C4D9FF
 271 0969 2E592CA9 		.ascii	".Y,\251\211\311\216\350(\213c\241\365\215\330\370\305"
 271      89C98EE8 
 271      288B63A1 
 271      F58DD8F8 
 271      C5
 272 097a 890B12ED 		.ascii	"\211\013\022\355\216\324\204D[\254\303fK\262\307.JN"
 272      8ED48444 
 272      5BACC366 
 272      4BB2C72E 
 272      4A4E
 273 098c 0D637761 		.ascii	"\015cwaq)K\302\254K\026X\023\022\254\011\2613\246E\207"
 273      71294BC2 
 273      AC4B1658 
 273      1312AC09 
 273      B133A645 
 274 09a1 454D8F9C 		.ascii	"EM\217\234\371\217\310X\234\237\232lK\266N\265\306-"
 274      F98FC858 
 274      9C9F9A6C 
 274      4BB64EB5 
 274      C62D
 275 09b3 488C4D4C 		.ascii	"H\214ML\216OJM\260\306.\211C]\311\326XK\202ua\\j\222"
 275      8E4F4A4D 
 275      B0C62E89 
 275      435DC9D6 
 275      584B8275 
 276 09cb C3E2F87C 		.ascii	"\303\342\370|\251\325>m\261`p\331\373\333/j\317\376"
 276      A9D53E6D 
 276      B16070D9 
 276      FBDB2F6A 
 276      CFFE
 277 09dd B93DD662 		.ascii	"\271=\326bw$\240r4bL\264-\265\2458\250\207\026\307{"
 277      7724A072 
 277      34624CB4 
 277      2DB5A538 
 277      A88716C7 
 278 09f2 73DE887D 		.ascii	"s\336\210}\227\032\232\317\0151\2436{\344\314\031\021"
 278      971A9ACF 
 278      0D31A336 
 278      7BE4CC19 
 278      11
 279 0a03 367BC4E2 		.ascii	"6{\304\342\270\244\010\212\265G\314\377\370\243\350"
 279      B8A4088A 
 279      B547CCFF 
 279      F8A3E8
 280 0a12 A888B973 		.ascii	"\250\210\271sgG\274?\357\303\230\177F\321G\026\014\234"
 280      6747BC3F 
 280      EFC3987F 
 280      46D14716 
 280      0C9C
 281 0a24 25292901 		.ascii	"%))\001u\372QTb\202\356\217\357\231?\240?sus\337\375"
ARM GAS  C:\Users\CYIRKO~1\AppData\Local\Temp\ccaKf3T2.s 			page 22


 281      75FA5154 
 281      6282EE8F 
 281      EF993FA0 
 281      3F737573 
 282 0a3a 9359F7CE 		.ascii	"\223Y\367\316|\263\031>\203\017\364\361I\326\270\024"
 282      7CB3193E 
 282      830FF4F1 
 282      49D6B814 
 283 0a4a 259E9133 		.ascii	"%\236\2213,\016\203\353\206\330\255\016\0223\333L>\234"
 283      2C0E83EB 
 283      86D8AD0E 
 283      1233DB4C 
 283      3E9C
 284 0a5c 6DD6CFFB 		.ascii	"m\326\317\373d\336l\263\177\314\374ys\346\3146\373\305"
 284      64DE6CB3 
 284      7FCCFC79 
 284      73E6CC36 
 284      FBC5
 285 0a6e 7CFCD779 		.ascii	"|\374\327ys\314\372\217bf\3171\223w\314f\243\335\261"
 285      73CCFA8F 
 285      6266CF31 
 285      9377CC66 
 285      A3DDB1
 286 0a81 0463B368 		.ascii	"\004c\263hi\242\315\342\220\270\023\211\011\026\207"
 286      69A2CDE2 
 286      90B81389 
 286      091687
 287 0a90 9F6DE142 		.ascii	"\237m\341B\324b\244*-\013\343\354\216?X\034\237\376"
 287      D462A42A 
 287      2D0BE3EC 
 287      8E3F581C 
 287      9FFE
 288 0aa2 B2F17385 		.ascii	"\262\361s\205.\372g\243\245\210\270\302\2032\372\017"
 288      2EFA67A3 
 288      A588B8C2 
 288      8332FA0F 
 289 0ab2 63B0B222 		.ascii	"c\260\262\"~V\322\236\022\357\226\212\027\002\261\373"
 289      7E56D29E 
 289      12EF968A 
 289      1702B1FB 
 290 0ac2 2C25D161 		.ascii	",%\321aE\331 \274\237ou\340\335G\266\004\253!\321\266"
 290      45D920BC 
 290      9F6F75E0 
 290      DD47B604 
 290      AB21D1B6 
 291 0ad6 043B8BE3 		.ascii	"\004;\213\343W\256\370[\320\373E)\266\324\245t>\310"
 291      57AEF85B 
 291      D0FB4529 
 291      B6D4A574 
 291      3EC8
 292 0ae8 6259989A 		.ascii	"bY\230\232\034o\261L\23393*\322\340\032\351\342\027"
 292      1C6FB14C 
 292      9B39332A 
 292      D2E01AE9 
 292      E217
 293 0afa C7A5BCF0 		.ascii	"\307\245\274\360l\206v\024\035\371_jna\203"
 293      6C867614 
ARM GAS  C:\Users\CYIRKO~1\AppData\Local\Temp\ccaKf3T2.s 			page 23


 293      1DF95F6A 
 293      6E6183
 294              		.text
 295              		.section	.gnu.lto_.symtab.9f3cb314,"",%progbits
 296 0000 70616C52 		.ascii	"palReadBus\000"
 296      65616442 
 296      757300
 297 000b 00       		.ascii	"\000"
 298 000c 00       		.ascii	"\000"
 299 000d 00       		.ascii	"\000"
 300 000e 00000000 		.ascii	"\000\000\000\000\000\000\000\000"
 300      00000000 
 301 0016 0B010000 		.ascii	"\013\001\000\000"
 302 001a 70616C57 		.ascii	"palWriteBus\000"
 302      72697465 
 302      42757300 
 303 0026 00       		.ascii	"\000"
 304 0027 00       		.ascii	"\000"
 305 0028 00       		.ascii	"\000"
 306 0029 00000000 		.ascii	"\000\000\000\000\000\000\000\000"
 306      00000000 
 307 0031 10010000 		.ascii	"\020\001\000\000"
 308 0035 70616C53 		.ascii	"palSetBusMode\000"
 308      65744275 
 308      734D6F64 
 308      6500
 309 0043 00       		.ascii	"\000"
 310 0044 00       		.ascii	"\000"
 311 0045 00       		.ascii	"\000"
 312 0046 00000000 		.ascii	"\000\000\000\000\000\000\000\000"
 312      00000000 
 313 004e 18010000 		.ascii	"\030\001\000\000"
 314 0052 5F70616C 		.ascii	"_pal_lld_setgroupmode\000"
 314      5F6C6C64 
 314      5F736574 
 314      67726F75 
 314      706D6F64 
 315 0068 00       		.ascii	"\000"
 316 0069 02       		.ascii	"\002"
 317 006a 00       		.ascii	"\000"
 318 006b 00000000 		.ascii	"\000\000\000\000\000\000\000\000"
 318      00000000 
 319 0073 1E010000 		.ascii	"\036\001\000\000"
 320              		.text
 321              		.section	.gnu.lto_.opts,"",%progbits
 322 0000 272D666D 		.ascii	"'-fmath-errno' '-fsigned-zeros' '-ftrapping-math' '"
 322      6174682D 
 322      6572726E 
 322      6F272027 
 322      2D667369 
 323 0033 2D666E6F 		.ascii	"-fno-trapv' '-fno-openmp' '-fno-openacc' '-mcpu=cor"
 323      2D747261 
 323      70762720 
 323      272D666E 
 323      6F2D6F70 
 324 0066 7465782D 		.ascii	"tex-m7' '-mno-thumb-interwork' '-mthumb' '-ggdb' '-"
 324      6D372720 
ARM GAS  C:\Users\CYIRKO~1\AppData\Local\Temp\ccaKf3T2.s 			page 24


 324      272D6D6E 
 324      6F2D7468 
 324      756D622D 
 325 0099 4F322720 		.ascii	"O2' '-fomit-frame-pointer' '-falign-functions=16' '"
 325      272D666F 
 325      6D69742D 
 325      6672616D 
 325      652D706F 
 326 00cc 2D666675 		.ascii	"-ffunction-sections' '-fdata-sections' '-fno-common"
 326      6E637469 
 326      6F6E2D73 
 326      65637469 
 326      6F6E7327 
 327 00ff 2720272D 		.ascii	"' '-flto'\000"
 327      666C746F 
 327      2700
 328              		.text
 329              		.comm	__gnu_lto_v1,1,1
 330              		.comm	__gnu_lto_slim,1,1
 331              		.ident	"GCC: (GNU Tools for ARM Embedded Processors 6-2017-q1-update) 6.3.1 20170215 (release) [AR
ARM GAS  C:\Users\CYIRKO~1\AppData\Local\Temp\ccaKf3T2.s 			page 25


DEFINED SYMBOLS
                            *ABS*:00000000 hal_pal.c
                            *COM*:00000001 __gnu_lto_v1
                            *COM*:00000001 __gnu_lto_slim

NO UNDEFINED SYMBOLS
