ARM GAS  C:\Users\CYIRKO~1\AppData\Local\Temp\ccS8kbY0.s 			page 1


   1              		.cpu cortex-m7
   2              		.eabi_attribute 20, 1
   3              		.eabi_attribute 21, 1
   4              		.eabi_attribute 23, 3
   5              		.eabi_attribute 24, 1
   6              		.eabi_attribute 25, 1
   7              		.eabi_attribute 26, 1
   8              		.eabi_attribute 30, 2
   9              		.eabi_attribute 34, 1
  10              		.eabi_attribute 18, 4
  11              		.file	"main.c"
  12              		.text
  13              	.Ltext0:
  14              		.section	.gnu.lto_.profile.9f65f8e6,"",%progbits
  15 0000 789C6365 		.ascii	"x\234ce`b`a```dp\023\000\000\001\034\000c"
  15      60626061 
  15      60606064 
  15      70130000 
  15      011C0063 
  16              		.text
  17              		.section	.gnu.lto_.icf.9f65f8e6,"",%progbits
  18 0000 789C6365 		.ascii	"x\234ce`b\340c@\000&\206}w\373.13\275\377\327\266\216"
  18      6062E063 
  18      40002686 
  18      7D77FB2E 
  18      3133BDFF 
  19 0017 8D010030 		.ascii	"\215\001\0000\255\006?"
  19      AD063F
  20              		.text
  21              		.section	.gnu.lto_.jmpfuncs.9f65f8e6,"",%progbits
  22 0000 789C6D8E 		.ascii	"x\234m\216\273\012\302P\020Dw\2627\017\020\305\322B"
  22      BB0AC250 
  22      104477B2 
  22      370F10C5 
  22      D242
  23 0012 F4531308 		.ascii	"\364S\023\010\2026\226\212\240DH\341#\276\332\330\010"
  23      8236968A 
  23      A04448E1 
  23      23BEDAD8 
  23      08
  24 0023 D6A26025 		.ascii	"\326\242`%\246\263VP\324F\020\274\033\2214.ls\0163\214"
  24      A6B35650 
  24      D44610BC 
  24      1B91342E 
  24      6C730E33 
  25 0038 49065D28 		.ascii	"I\006](;\3507\320f,\375h\221or\300\204\012\006(\023"
  25      3BE837D0 
  25      662CFD68 
  25      916F72C0 
  25      840A0628 
  26 004d 5982E3F8 		.ascii	"Y\202\343\370\234\330\356\333s\002F\310\022\030\302"
  26      9CD8EEDB 
  26      730246C8 
  26      1218C2
  27 005c 252812D9 		.ascii	"%(\022\331\252\255w\266d\014\020F\222\021z|\336\016"
  27      AAAD77B6 
  27      640C1046 
ARM GAS  C:\Users\CYIRKO~1\AppData\Local\Temp\ccS8kbY0.s 			page 2


  27      92117A7C 
  27      DE0E
  28 006e 4A28A35F 		.ascii	"J(\243_\305X\260\372_\025eU\376ku/hY\012X\205\254Wa"
  28      C558B0FA 
  28      5F156555 
  28      FE6B752F 
  28      68590A58 
  29 0086 F295E98A 		.ascii	"\362\225\351\212Gr\332B*Mx^\335S\230\352V8ir\177\335"
  29      4772DA42 
  29      2A4D785E 
  29      DD5398EA 
  29      56386972 
  30 009c F472E22C 		.ascii	"\364r\342,\0241\373\215ht;Q:\315\006c.T\337\007?\025"
  30      1431FB8D 
  30      68743B51 
  30      3ACD0663 
  30      2E54DF07 
  31 00b2 3EF3     		.ascii	">\363"
  32              		.text
  33              		.section	.gnu.lto_.inline.9f65f8e6,"",%progbits
  34 0000 789C6365 		.ascii	"x\234ce`b\260e@\000F\006\006\241W\234\214\014LL\007"
  34      6062B065 
  34      40004606 
  34      06A1579C 
  34      8C0C4C4C 
  35 0015 66F130B0 		.ascii	"f\3610\260\000e\201\200\211\233\021(\301\302\313\300"
  35      00658180 
  35      899B1128 
  35      C1C2CBC0 
  36 0025 C00CE431 		.ascii	"\300\014\3441\3630\200\204a\\F.\030\301\000\000\237"
  36      F3308084 
  36      615C462E 
  36      18C10000 
  36      9F
  37 0036 71031A   		.ascii	"q\003\032"
  38              		.text
  39              		.section	.gnu.lto_.pureconst.9f65f8e6,"",%progbits
  40 0000 789C6365 		.ascii	"x\234ce`b`f```d0\005\000\000\241\000A"
  40      60626066 
  40      60606064 
  40      30050000 
  40      A10041
  41              		.text
  42              		.section	.gnu.lto_main.9f65f8e6,"",%progbits
  43 0000 789C8553 		.ascii	"x\234\205S\337K\024a\024\275g\276\331\331]uw\265\254"
  43      DF4B1461 
  43      14BD67BE 
  43      D9D95D75 
  43      77B5AC
  44 0013 2C96F231 		.ascii	",\226\3621_\362\255\207\336\372S\242\247\210z\357if"
  44      5FF2AD87 
  44      DEFA53A2 
  44      A7887AEF 
  44      6966
  45 0025 51CB56A8 		.ascii	"Q\313V\250\204\312\035QfBHk\335u\265\264\326~\270mf"
  45      84CA1D51 
  45      6642486B 
ARM GAS  C:\Users\CYIRKO~1\AppData\Local\Temp\ccS8kbY0.s 			page 3


  45      DD75B5B4 
  45      D67EB86D 
  46 003a 0566242C 		.ascii	"\005f$,DB\220\375 5\"\311(\005\265{gd\261Xj`w\346;\347"
  46      444290FD 
  46      203522C9 
  46      2805B57B 
  46      6764B158 
  47 0054 DC7BBE7B 		.ascii	"\334{\276{\346\233\000i4\250\210\302Dt\230\177\010\020"
  47      E69B0069 
  47      34A888C2 
  47      4474987F 
  47      0810
  48 0066 B44B3344 		.ascii	"\264K3D\211\220\006\345?(\350\376\203\356#GA\246\246"
  48      899006E5 
  48      3F28E8FE 
  48      83EE2347 
  48      41A6A6
  49 0079 74F01FF9 		.ascii	"t\360\037\371\327E\325\245\360\2525\327\243.(G\021t"
  49      D745D5A5 
  49      F0AA35D7 
  49      A32E2847 
  49      1174
  50 008b 5E2EBFE8 		.ascii	"^.\277\350~\037\225%\320\310\313\322\345l\272\246\251"
  50      7E1F9525 
  50      D0C8CBD2 
  50      E56CBAA6 
  50      A9
  51 009c DFE2ABD0 		.ascii	"\337\342\253\3205Vo\017\024tGid\263z\000q\364#.\356"
  51      35566F0F 
  51      14744769 
  51      64B37A00 
  51      71F4232E 
  52 00b1 37D0442C 		.ascii	"7\320D,\236\037\336\270\0221ta\031\274\011\003|\037"
  52      9E1FDEB8 
  52      12317461 
  52      19BC0903 
  52      7C1F
  53 00c3 9A45C1DA 		.ascii	"\232E\301\332\330<g\025>\325%cUDIfA\035\334\005j\011"
  53      D83C6715 
  53      3ED52563 
  53      55444966 
  53      411DDC05 
  54 00d9 2DEECF83 		.ascii	"-\356\317\203\"\225\372|\376\313\\\320\\\267B\216R\266"
  54      2295FA7C 
  54      FECB5CD0 
  54      5CB7428E 
  54      52B6
  55 00eb E262A461 		.ascii	"\342b\244a\222\243t\022\335\231\3122\215e\203e\331Y"
  55      92A37412 
  55      DD99CA32 
  55      8D658365 
  55      D959
  56 00fd F71A2AE8 		.ascii	"\367\032*\350\002\266\022\327\014\353\230X\231\233\237"
  56      02B612D7 
  56      0CEB9858 
  56      999B9F
  57 010c 81CC68C0 		.ascii	"\201\314h\300\262\332-\035Y\304\031\236\3756\335[-p"
ARM GAS  C:\Users\CYIRKO~1\AppData\Local\Temp\ccS8kbY0.s 			page 4


  57      B2DA2D1D 
  57      59C4199E 
  57      FD36DD5B 
  57      2D70
  58 011e 10B518F2 		.ascii	"\020\265\030\362\240\363=v:(P\010\0129\304\035\025f"
  58      A0F33D76 
  58      3A285008 
  58      0A39C41D 
  58      1566
  59 0130 93363753 		.ascii	"\22367S\311\244\312\346-\020\206}\223\253m\305\227^"
  59      C9A4CAE6 
  59      2D10867D 
  59      93AB6DC5 
  59      975E
  60 0142 6935FED2 		.ascii	"i5\376\322U\367I>\214-N\227&\253\034\364\302Q5\270\005"
  60      55F7493E 
  60      8C2D4E97 
  60      26AB1CF4 
  60      C25135B8 
  61 0157 13231227 		.ascii	"\023#\022'\023\356\332j\251\206\305\355\226\325(\015"
  61      13EEDA6A 
  61      A986C5ED 
  61      96D5280D 
  62 0167 6EC3F10D 		.ascii	"n\303\361\0151\012s{\357\210\327\273em\342{\224\345"
  62      310A737B 
  62      EF88D7BB 
  62      656DE27B 
  62      94E5
  63 0179 0D0CF449 		.ascii	"\015\014\364In\214=\357N\237\344\326\211ZGEq\207{\217"
  63      6E8C3DEF 
  63      4E9FE4D6 
  63      895A4745 
  63      71877B8F 
  64 018d 6DF5DE5C 		.ascii	"m\365\336\\\034\311\206Y\234\362zGp\267\334;\017\323"
  64      1CC98659 
  64      9CF27A47 
  64      70B7DC3B 
  64      0FD3
  65 019f 51312FC4 		.ascii	"Q1/\304\321J\363\325\332*\300\363\215\373\363\375w\240"
  65      D14AF3D5 
  65      DA2AC0F3 
  65      8DFBF3FD 
  65      77A0
  66 01b1 7BFF18E8 		.ascii	"{\377\030\350~\331\364\301\237\003\325\201\360\320\213"
  66      7ED9F4C1 
  66      9F03D581 
  66      F0D08B
  67 01c0 FECD8FE5 		.ascii	"\376\315\217\345\327\272@;\340\036\300\204d\277\223"
  67      D7BA403B 
  67      E01EC084 
  67      64BF93
  68 01cf 5D3AF845 		.ascii	"]:\370E\362iV\013(\256|\316\037\221&\333\353\015/\220"
  68      F269560B 
  68      28AE7CCE 
  68      1F9126DB 
  68      EB0D2F90 
  69 01e3 C4E8874E 		.ascii	"\304\350\207N\331G\302\362\374\352\345\005\243\260\265"
ARM GAS  C:\Users\CYIRKO~1\AppData\Local\Temp\ccS8kbY0.s 			page 5


  69      D947C2F2 
  69      FCEAE505 
  69      A3B0B5
  70 01f2 97F55FEF 		.ascii	"\227\365_\357:c\315\031\2535!\334.<\342\275\244\274"
  70      3A63CD19 
  70      AB3521DC 
  70      2E3CE2BD 
  70      A4BC
  71 0204 4F82C9E2 		.ascii	"O\202\311\342\327\217\253\2412\271\033E4\247$Q\341\236"
  71      D78FABA1 
  71      32B91B45 
  71      34A72451 
  71      E19E
  72 0216 BDBD3E65 		.ascii	"\275\275>e\224\271=x,\234&G}\022\315\333\317O\003\237"
  72      94B93D78 
  72      2C9C2647 
  72      7D12CDDB 
  72      CF4F039F 
  73 022a 9F27ECB6 		.ascii	"\237'\354\266\204Vw\241R\222{mep\331\224\237\344xK:"
  73      845677A1 
  73      52927B6D 
  73      6570D994 
  73      9FE4784B 
  74 023f 17F1EBF6 		.ascii	"\027\361\353\366\343\251\014\272\217\3443\321eP$={\242"
  74      E3A90CBA 
  74      8FE433D1 
  74      6550243D 
  74      7BA2
  75 0251 E0A96327 		.ascii	"\340\251c'N\037:N\277\001)\2076\245"
  75      4E1F3A4E 
  75      BF012987 
  75      36A5
  76              		.text
  77              		.section	.gnu.lto_DAC1cfg.9f65f8e6,"",%progbits
  78 0000 789C6365 		.ascii	"x\234ce`b\360b```d\200\200\351\314\214\353\337\354\374"
  78      6062F062 
  78      60606064 
  78      8080E9CC 
  78      8CEBDFEC 
  79 0015 C9DBC73C 		.ascii	"\311\333\307<\237\031(\010\344Nk=t\236\035\304e\004"
  79      9F192808 
  79      E44E6B3D 
  79      749E1DC4 
  79      6504
  80 0027 73A77F59 		.ascii	"s\247\177Y{\224\333b[C\307\202\006\203\371\314L3\200"
  80      7B94DB62 
  80      5B43C782 
  80      0683F9CC 
  80      4C3380
  81 003a AA9633CA 		.ascii	"\252\2263\312\314\000\312\256\000QL \036\003\343JF\013"
  81      CC00CAAE 
  81      00514C20 
  81      1E03E34A 
  81      460B
  82 004c 0600E090 		.ascii	"\006\000\340\220\026\223"
  82      1693
  83              		.text
ARM GAS  C:\Users\CYIRKO~1\AppData\Local\Temp\ccS8kbY0.s 			page 6


  84              		.section	.gnu.lto_.symbol_nodes.9f65f8e6,"",%progbits
  85 0000 789C55CA 		.ascii	"x\234U\312\273\015\0021\020E\321;\317\353]\312@TBg\343"
  85      BB0D0231 
  85      1045D13B 
  85      CFEB5DCA 
  85      40544267 
  86 0015 806C130A 		.ascii	"\200l\023\012\340gp\025Hd\304\204\304 m\035\210\305"
  86      E0677015 
  86      4864C484 
  86      C4206D1D 
  86      88C5
  87 0027 119EE448 		.ascii	"\021\236\344H\367MD\334\230O{9l\0370sM\331 \236\305"
  87      F74D44DC 
  87      984F7B39 
  87      6C1F3073 
  87      4DD9209E 
  88 003c 729EE24E 		.ascii	"r\236\342N\226V\020\254\310\255\376@Jk\260\213\\M\310"
  88      965610AC 
  88      C8ADFE40 
  88      4A6BB08B 
  88      5C4DC8
  89 004f F2D08493 		.ascii	"\362\320\204\223\274k\302Q\036\233p\220\367\377!\260"
  89      BC6BC251 
  89      1E9B7090 
  89      F7FF21B0 
  90 005f A0BC3E16 		.ascii	"\240\274>\026\030\270W{\246jd\363\376\331Q\252\201)"
  90      18B8577B 
  90      A66A64F3 
  90      FED951AA 
  90      8129
  91 0071 3FC7812F 		.ascii	"?\307\201/\331\257.;"
  91      D9AF2E3B 
  92              		.text
  93              		.section	.gnu.lto_.refs.9f65f8e6,"",%progbits
  94 0000 789C6365 		.ascii	"x\234ce`b\340a```f`bdabbabde\000\000\002\000\000."
  94      6062E061 
  94      60606066 
  94      60626461 
  94      62626162 
  95              		.text
  96              		.section	.gnu.lto_.decls.9f65f8e6,"",%progbits
  97 0000 789CB57B 		.ascii	"x\234\265{iXTY\226`\334\270/\" \010\300T\247\306\251"
  97      69585459 
  97      9660DCB8 
  97      2F222008 
  97      C054A7C6 
  98 0015 E1ABCFA9 		.ascii	"\341\253\317\251\317\312\342\253%\025\263:3\273z\231"
  98      CFCAE2AB 
  98      2515B33A 
  98      33BB7A99 
  99 0025 B2D0CC74 		.ascii	"\262\320\314tZS?4\273z\261\213\017!T\252\330*\010Ms"
  99      5A533F34 
  99      BB7AB18B 
  99      0F2154AA 
  99      D82A084D 
 100 003a 7E4C078B 		.ascii	"~L\007\213\013\210\262\211\002\202\013\212\262\343\302"
 100      0B88B289 
ARM GAS  C:\Users\CYIRKO~1\AppData\Local\Temp\ccS8kbY0.s 			page 7


 100      02820B8A 
 100      B2E3C2
 101 0049 22828220 		.ascii	"\"\202\202 \210\254\212; \233\012\202\310\252\010\210"
 101      88AC8A3B 
 101      209B0A82 
 101      C8AA0888 
 102 0059 30E7DEFB 		.ascii	"0\347\336\373\"\336\213\210\027\246\366\364\304\307"
 102      22DE8B88 
 102      17A6F6F4 
 102      C4C7
 103 0067 8978E7BD 		.ascii	"\211x\347\275s\317v\317=\347.\017\205L.\013r\227\311"
 103      73CF76CF 
 103      3DE72E0F 
 103      854C2E0B 
 103      7297C9
 104 007a 3CD432D9 		.ascii	"<\3242\331&$\223\315\301\007\313d\262\\\000;\200\217"
 104      262493CD 
 104      C107CB64 
 104      B25C003B 
 104      808F
 105 008c 01FE5A2E 		.ascii	"\001\376Z.\223\375\013@\"<O\007\010\207\353\237\303"
 105      93FD0B40 
 105      223C4F07 
 105      0887EB9F 
 105      C3
 106 009d FDDDF04B 		.ascii	"\375\335\360K>*\200(\270\216\007H\0028\012\220\005\220"
 106      3E2A8028 
 106      B88E0748 
 106      02380A90 
 106      0590
 107 00af 0B900F40 		.ascii	"\013\220\017@\310\316\301\327\005\236\336\370\371o\012"
 107      C8CEC1D7 
 107      059EDEF8 
 107      F96F0A
 108 00be 99ECBFC3 		.ascii	"\231\354\277\303\357|\200\205\000\353\001\012\200&\007"
 108      EF7C8085 
 108      00EB010A 
 108      802607
 109 00cd A0506E2E 		.ascii	"\240Pn.'\023\240H\316t\371\255\234\351q\012 \025\256"
 109      2713A048 
 109      CE74F9AD 
 109      9CE9710A 
 109      2015AE
 110 00e0 8B45FA25 		.ascii	"\213E\372%\302o(\200\037\300E\200\0229\263\341\022\374"
 110      C26F2880 
 110      1FC04580 
 110      1239B3E1 
 110      12FC
 111 00f2 C60110DB 		.ascii	"\306\001\020\333\376\017\374n\003\320\312\005\335\363"
 111      FE0FFC6E 
 111      03D0CA05 
 111      DDF3
 112 0100 797DB378 		.ascii	"y}\263x\375\223x{l\351\276U\301x\021\336{y]\010\236"
 112      FD93787B 
 112      6CE9BE55 
 112      C17811DE 
 112      7B795D08 
ARM GAS  C:\Users\CYIRKO~1\AppData\Local\Temp\ccS8kbY0.s 			page 8


 113 0115 0ABFC701 		.ascii	"\012\277\307\001\216\"\231\344\3470F\267\302\317\246"
 113      8E2299E4 
 113      E73046B7 
 113      C2CFA6
 114 0124 E00318CD 		.ascii	"\340\003\030\315W#\016\320\321\306\344\307N\200.T\243"
 114      57230ED0 
 114      D1C6E4C7 
 114      4E802E54 
 114      A3
 115 0135 C5801E19 		.ascii	"\305\200\036\031\177\324o\317\236\272\002:\024\376\264"
 115      7FD46FCF 
 115      9EBA023A 
 115      14FEB4
 116 0144 CB81A18B 		.ascii	"\313\201\241\213\000m\031iH\345\321y\200\026\365\336"
 116      006D1969 
 116      48E5D179 
 116      8016F5DE 
 117 0154 A851B3B6 		.ascii	"\250Q\263\266\006\004\370\305\362+)*,GDLr\351\313:\005"
 117      0604F8C5 
 117      F22B292A 
 117      2C47444C 
 117      72E9CB3A 
 118 0169 23B50334 		.ascii	"#\265\0034\373ux\2413\266\243\217:\2472\276\374$\307"
 118      FB7578A1 
 118      33B6A38F 
 118      3AA732BE 
 118      FC24C7
 119 017c C03E763F 		.ascii	"\300>v?\021T+\036\312.vdm*\010\236\321\233r@\303\360"
 119      11542B1E 
 119      CA2E7664 
 119      6D2A089E 
 119      D19B7240 
 120 0192 2F00BD73 		.ascii	"/\000\275s\263#\035\343\377Jy<\252\315\314&V\374\\\215"
 120      B3231DE3 
 120      FF4A793C 
 120      AACDCC26 
 120      56FC5C8D 
 121 01a6 48CC38C3 		.ascii	"H\3148\303\255\374\301\222)Gv\213P\264D\217\235R\341"
 121      ADFCC192 
 121      2947768B 
 121      50B4448F 
 121      9D52E1
 122 01b9 C5E45A9E 		.ascii	"\305\344Z\236Tw\277\222C\256\352\323DbE\347\253\237"
 122      5477BF92 
 122      43AEEAD3 
 122      446245E7 
 122      AB9F
 123 01cb C7EE3118 		.ascii	"\307\3561\030\344\350\"R\243\"\204\321Y\364\011(\000"
 123      E4E82252 
 123      A32284D1 
 123      59F40928 
 123      00
 124 01dc 0D89370D 		.ascii	"\015\2117\015\206PCL\230\301\376k\031\312@.\350\014"
 124      8650434C 
 124      98C1FE6B 
 124      19CA402E 
 124      E80C
ARM GAS  C:\Users\CYIRKO~1\AppData\Local\Temp\ccS8kbY0.s 			page 9


 125 01ee 7291A162 		.ascii	"r\221\241b\344J\330\022:T\0107\013\340&\210\310<\025"
 125      E44AD812 
 125      3A540837 
 125      0BE02688 
 125      C83C15
 126 0201 9BA6C471 		.ascii	"\233\246\304q\210\312\250\271\322\366\200CjWI\006\245"
 126      88CAA8B9 
 126      D2F68043 
 126      6A574906 
 126      A5
 127 0212 120C7865 		.ascii	"\022\014xe\262\177Z\263\213(s\011\224)\021\224\001\335"
 127      B27F5AB3 
 127      8B287309 
 127      94291194 
 127      01DD
 128 0224 98530C07 		.ascii	"\230S\014\007\337\034s\304\257\231\020\303\323\352\247"
 128      DF1C73C4 
 128      AF9910C3 
 128      D3EAA7
 129 0233 725B42AE 		.ascii	"r[B\256\330\0242W\2768q\332`X\214.\203\2202A\310%\243"
 129      D8143257 
 129      BE3871DA 
 129      60588C2E 
 129      83903241 
 130 024a 90F60BFB 		.ascii	"\220\366\013\373\253\354\360\015\326u\245\305e5|\327"
 130      ABECF00D 
 130      D675A5C5 
 130      65357CD7 
 131 025a 2D0334EC 		.ascii	"-\0034\354Ij\267\023\276\305\236\325D\207G\251q+E\344"
 131      496AB713 
 131      BEC59ED5 
 131      448747A9 
 131      712B45E4 
 132 026e D9FBF70E 		.ascii	"\331\373\367\016\3324\371\232MmZ\027A\267\243*P\245"
 132      DA34F99A 
 132      4D6D5A17 
 132      41B7A32A 
 132      50A5
 133 0280 52421563 		.ascii	"RB\025c\020,\344\203 \363\322x\272\022\3672\3611\355"
 133      102CE483 
 133      20F3D278 
 133      BA12F732 
 133      F131ED
 134 0293 53650E78 		.ascii	"Se\016x\230!\327\036\337\256U\340\227\0149^\331\375"
 134      9821D71E 
 134      DFAE55E0 
 134      970C395E 
 134      D9FD
 135 02a5 6BBC0BD3 		.ascii	"k\274\013\323\353K\011e/\354p$Cz\346f\377\204\223\331"
 135      EB4B0965 
 135      2FEC7024 
 135      437AE666 
 135      FF8493D9 
 136 02b9 75444E44 		.ascii	"uDND\215\023NcHZy\351\240\012\237g\210q\030\314g\303"
 136      8D134E63 
 136      485A79E9 
 136      A00A9F67 
ARM GAS  C:\Users\CYIRKO~1\AppData\Local\Temp\ccS8kbY0.s 			page 10


 136      887118CC 
 137 02cf 2063A073 		.ascii	" c\240s\006\343\253\354Yw\373\365\263N\270\212!\245"
 137      06E3ABEC 
 137      5977FBF5 
 137      B34EB88A 
 137      21A5
 138 02e1 AF8F943A 		.ascii	"\257\217\224:\343:\2064>\236\033S\343[\014)N\236\255"
 138      E33A8634 
 138      3E9E1B53 
 138      E35B0C29 
 138      4E9EAD
 139 02f4 E0F00386 		.ascii	"\340\360\003\206\354\332\237{\230\014\015%\213O\025"
 139      ECDA9F7B 
 139      980C0D25 
 139      8B4F15
 140 0303 DC7A3232 		.ascii	"\334z22]\304\261[\304\015;\341VjR\3739'\334N\233\310"
 140      5DC4B15B 
 140      C40D3BE1 
 140      566A52FB 
 140      3927DC4E 
 141 0319 07BB2322 		.ascii	"\007\273#\"\355\204 -\374y\010\015\322\007\340\247{"
 141      ED84202D 
 141      FC79080D 
 141      D207E0A7 
 141      7B
 142 032a 829F947C 		.ascii	"\202\237\224|\220\032\254\034~\037\034\256\344\035~"
 142      901AAC1C 
 142      7E1F1CAE 
 142      E41D7E
 143 0339 176EDE61 		.ascii	"\027n\336aA:65R\300\341^&#\262{\354\2553\3531k\006m"
 143      413A3635 
 143      52C0E15E 
 143      2623B27B 
 143      ECAD33EB 
 144 0351 120C8C41 		.ascii	"\022\014\214A\272\274\220\006i+(\363PP\346\201\261\323"
 144      BABC9006 
 144      692B28F3 
 144      5050E681 
 144      B1D3
 145 0363 BA0D6F92 		.ascii	"\272\015o\2224x\210\011)\315=\271Wm2d\256\3747,\366"
 145      34788809 
 145      29CD3DB9 
 145      576D3264 
 145      AEFC372C 
 146 0378 3AA06DBB 		.ascii	":\240m\273\320\266\025\331\264\344\221\264%\323\361"
 146      D0B615D9 
 146      B4E491B4 
 146      25D3F1
 147 0387 25850EF8 		.ascii	"%\205\016\370%s\360\276\204\027\247\235\3604C\336<;"
 147      2573F0BE 
 147      8417A79D 
 147      F03443DE 
 147      3C3B
 148 0399 F810B1DE 		.ascii	"\370\020\261\336\323\000\032Z\3720\326\231\205P\027"
 148      D3001A5A 
 148      FA30D699 
 148      855017
ARM GAS  C:\Users\CYIRKO~1\AppData\Local\Temp\ccS8kbY0.s 			page 11


 149 03a8 4D05D37B 		.ascii	"M\005\323{g9\274\207\243\264\367\243n\267)q4E\344S\003"
 149      6739BC87 
 149      A3B4F7A3 
 149      6EB72971 
 149      3445E453 
 150 03bd B5B90E26 		.ascii	"\265\271\016&U\353h`\366\202\236O\336K\317\247\322z"
 150      55EB6860 
 150      F6829E4F 
 150      DE4BCFA7 
 150      D27A
 151 03cf D6341F1F 		.ascii	"\3264\037\037\267\303\011L\\Il\034\304\342\021\206t"
 151      B7C3094C 
 151      5C496C1C 
 151      C4E21186 
 151      74
 152 03e0 24EE2B75 		.ascii	"$\356+u\300y\014\271\022=v\321\036\0272d\317d\317Yg"
 152      C0790CB9 
 152      123D76D1 
 152      1E173264 
 152      CF64CF59 
 153 03f5 7C8521C6 		.ascii	"|\205!\3064\273\220\245\331\201\260\212n\016W\263g\371"
 153      34BB90A5 
 153      D981B08A 
 153      6E0E57B3 
 153      67F9
 154 0407 BB9E64DA 		.ascii	"\273\236d\332\3013\027\010,$\312z.,\353\025T\214\347"
 154      C1331708 
 154      2C24CA7A 
 154      2E2CEB15 
 154      548CE7
 155 041a 72B88E59 		.ascii	"r\270\216YWT\360$Y-J{?\272h0\314Cc`\337\210`\237\213"
 155      5754F024 
 155      592D4A7B 
 155      3FBA6830 
 155      CC436360 
 156 0433 29EB8DA4 		.ascii	")\353\215\244\031\360\"\031\372\324\005-\003\343F\301"
 156      19F02219 
 156      FAD4052D 
 156      03E346C1 
 157 0443 3817DEB8 		.ascii	"8\027\336\270a0n\210\317y\3072\2569\342;L@R\302\325"
 157      61306E88 
 157      CF79C732 
 157      AE39E23B 
 157      4C4052C2 
 158 0458 02274140 		.ascii	"\002'A@\366O/\320(y\005\022\306\005\011c\310\206\210"
 158      F64F2FD0 
 158      28790512 
 158      C6050963 
 158      C88688
 159 046b 97D22242 		.ascii	"\227\322\"B\343o\347\330\343v&\242\273\242*\016\213"
 159      E36FE7D8 
 159      E37626A2 
 159      BBA22A0E 
 159      8B
 160 047c 82E98BFB 		.ascii	"\202\351\213\373tTL\202\210\011A\304+[\"^K\213HH\356"
 160      74544C82 
 160      880941C4 
ARM GAS  C:\Users\CYIRKO~1\AppData\Local\Temp\ccS8kbY0.s 			page 12


 160      2B5B225E 
 160      4B8B4848 
 161 0491 5D849F30 		.ascii	"]\204\2370\217\356\213\232\315\307x\200\211K\2752\035"
 161      8FEE8B9A 
 161      CDC77880 
 161      894BBD32 
 161      1D
 162 04a2 2D58D4A3 		.ascii	"-X\324\243\372\035\232\001I\323\357!\351\215\264\244"
 162      FA1D9A01 
 162      49D3EF21 
 162      E98DB4A4 
 163 04b2 47A9C3E3 		.ascii	"G\251\303\343\034\036c\242NU\345\337R\341I&\352q\377"
 163      1C1E63A2 
 163      4E55E5DF 
 163      52E14926 
 163      EA71FF
 164 04c5 F9494793 		.ascii	"\371IG\223\250\001\020e\220\253\321\354{\210\232\223"
 164      A8011065 
 164      90ABD1EC 
 164      7B889A93 
 165 04d5 16357D30 		.ascii	"\0265}0\361S\034\242\240\222^\2447\235'u\334U\215\376"
 165      F1531CA2 
 165      A0925EA4 
 165      379D2775 
 165      DC558DFE 
 166 04e9 5D1425AE 		.ascii	"]\024%\256,JRb{\016\333\343\275\224T~t\360A\230\243"
 166      2C4A5262 
 166      7B0EDBE3 
 166      BD94547E 
 166      74F04198 
 167 04fe 28EF7CC6 		.ascii	"(\357|\306\212\343nP&\\nR\306\325\244\313\3610\303G"
 167      8AE36E50 
 167      265C6E52 
 167      C6D5A4CB 
 167      F130C347 
 168 0512 216E3254 		.ascii	"!n2T\015\222\363\3100\330%w%\214\251:ar\027\024*\247"
 168      0D92F3C8 
 168      30D82577 
 168      258CA93A 
 168      61721714 
 169 0528 EAEC09CF 		.ascii	"\352\354\011\317\210v\300\361LHu\333\356\035\242@Y~"
 169      8876C0F1 
 169      4C4875DB 
 169      EE1DA240 
 169      597E
 170 053a 9D064A04 		.ascii	"\235\006J\004\310\330#\310\000\2216\205\354\225\026"
 170      C8D823C8 
 170      00913685 
 170      EC9516
 171 0549 D291DF76 		.ascii	"\322\221\337v\215\303)LH\313\341\335\303\012!Vr\360"
 171      8DC3294C 
 171      48CBE1DD 
 171      C30A2156 
 171      72F0
 172 055b A3AA4883 		.ascii	"\243\252H\203\201CQ &R\020\023\361\0161\373\244\305"
 172      81435120 
 172      26521013 
ARM GAS  C:\Users\CYIRKO~1\AppData\Local\Temp\ccS8kbY0.s 			page 13


 172      F10E31FB 
 172      A4C5
 173 056d 640CF7DF 		.ascii	"d\014\367\337p\322D\232\352\034ei\314\0032\264_\256"
 173      70D2449A 
 173      EA1C6569 
 173      CC0332B4 
 173      5FAE
 174 057f E1A730A1 		.ascii	"\341\2470\241=E\220\254{X'\334\235\274<\255\301}\024"
 174      3D4590AC 
 174      7B5827DC 
 174      9DBC3CAD 
 174      C17D14
 175 0592 E1BA4E8E 		.ascii	"\341\272N\216=W\"W\027\204\324\000\247\215\323\037\031"
 175      3D572257 
 175      1784D400 
 175      A78DD31F 
 175      19
 176 05a3 8A0356D1 		.ascii	"\212\003V\321rl\234\242%\033@\263\221\177'\267\245\372"
 176      726C9CA2 
 176      251B40B3 
 176      917F27B7 
 176      A5FA
 177 05b5 3E061424 		.ascii	">\006\024$\217d(\036\324\213\005\365\222!g\221;\244"
 177      8F64281E 
 177      D48B05F5 
 177      92216791 
 177      3BA4
 178 05c7 3C369E38 		.ascii	"<6\2368b\257\346[\355}g+\240\036\031o\277#\027\033u"
 178      62AFE65B 
 178      ED7D672B 
 178      A01E196F 
 178      BF23171B 
 179 05dc D0CCA804 		.ascii	"\320\314\250\004\223QW\033\3032\035\360 3\252\347\355"
 179      9351571B 
 179      C3321DF0 
 179      2033AAE7 
 179      ED
 180 05ed 89272A3C 		.ascii	"\211'*<\306\220\311\304\033\247\034\361$C\342rn\336"
 180      C690C9C4 
 180      1BA71CF1 
 180      2443E272 
 180      6EDE
 181 05ff 57E21986 		.ascii	"W\342\031\206t\344\315\226)\361\034C\216\265\217\346"
 181      74E4CD96 
 181      29F11C43 
 181      8EB58FE6 
 182 060f AA70A892 		.ascii	"\252p\250\222\366\322\325\273'2\035\221\306U$\370\037"
 182      F6D2D5BB 
 182      27321D91 
 182      C65524F8 
 182      1F
 183 0620 7F2424D5 		.ascii	"\177$$\325TP\365[\015\337W\254'\207R~\022b0 \224\"\327"
 183      5450F55B 
 183      0DDF57AC 
 183      2787527E 
 183      12623020 
 184 0637 A023423F 		.ascii	"\240#B?~\253a\352u\205\326\334\266\303\373\224\254\220"
ARM GAS  C:\Users\CYIRKO~1\AppData\Local\Temp\ccS8kbY0.s 			page 14


 184      7EAB61EA 
 184      7585D6DC 
 184      B6C3FB94 
 184      AC90
 185 0649 0FDD9971 		.ascii	"\017\335\231q\304\321\0141L]iU\342x\206\264%Lv\331\343"
 185      C4D10C31 
 185      4C5D6955 
 185      E27886B4 
 185      254C76D9 
 186 065e 430CA9BD 		.ascii	"C\014\251\275\273\257\234\303I\0149S\337eP\340\024\206"
 186      BBAF9CC3 
 186      490C3953 
 186      DF6550E0 
 186      1486
 187 0670 9445D6CF 		.ascii	"\224E\326\317\330\341c\014I\276\264'T\215\323\030\222"
 187      D8E1630C 
 187      49BEB427 
 187      548DD318 
 187      92
 188 0681 3D371EAD 		.ascii	"=7\036\255\301\351\014\231,\273\225&g%g\011\240Y\025"
 188      C1E90C99 
 188      2CBB9526 
 188      67256709 
 188      A05915
 189 0694 FB6A314B 		.ascii	"\373j1K\331\307\345\207\261CBZ\3415'\264\204}\026,q"
 189      D9C7E587 
 189      B143425A 
 189      E13527B4 
 189      847D162C 
 190 06a9 5D9246AC 		.ascii	"]\222F\254\255hn\302\375\331uQ\206\343\225\314\232\343"
 190      AD686EC2 
 190      FDD97551 
 190      86E395CC 
 190      9AE3
 191 06bb C41AF902 		.ascii	"\304\032\371\002\301\372l\352\372\014\362-cMZ\376\230"
 191      C1FA6CEA 
 191      FA0CF22D 
 191      634D5AFE 
 191      98
 192 06cc 64A808C7 		.ascii	"d\250\010\307\224\374\230%y\026%w\023\250+E\324'\244"
 192      94FC9825 
 192      79162577 
 192      13A82B45 
 192      D427A4
 193 06df 998BA87B 		.ascii	"\231\213\250{D\324\311\226\324MV\324\377&P\247[R/\265"
 193      44D4C996 
 193      D44D56D4 
 193      FF2650A7 
 193      5B522FB5 
 194 06f3 201E1011 		.ascii	" \036\020\021\237\222$\026\0339-\242N\263\244\316\023"
 194      9F922416 
 194      1B392DA2 
 194      4EB3A4CE 
 194      13
 195 0704 F92496D6 		.ascii	"\371$\226\326a\203\341w\034\334\201P>\003\241\214N\363"
 195      6183E177 
 195      1CDC8150 
ARM GAS  C:\Users\CYIRKO~1\AppData\Local\Temp\ccS8kbY0.s 			page 15


 195      3E03A18C 
 195      4EF3
 196 0716 2D202ED0 		.ascii	"- .\320y\010\237\\\371\022\224\007p\016 \037 \033 \023"
 196      79089F5C 
 196      F9129407 
 196      700E201F 
 196      201B2013 
 197 072a 200BE002 		.ascii	" \013\340\002@\216|\011\035jL\366\230H\366Ii\331\324"
 197      408E7C09 
 197      1D6A4CF6 
 197      9848F649 
 197      69D9D4
 198 073d 2E168B4D 		.ascii	".\026\213Mm\363h,\002\225\214\017D\201UG\307\374\270"
 198      6DF3682C 
 198      02958C0F 
 198      44815547 
 198      C7FCB8
 199 0750 3043ED32 		.ascii	"0C\3552\312\353\250tg1; d\342\353\342\017p\342\341'"
 199      CAEBA874 
 199      67313B20 
 199      64E2EBE2 
 199      0F70E2E1 
 200 0765 2696A102 		.ascii	"&\226\241\002\323\360\353(K{\355\210Gh\334\341\346\341"
 200      D3F0EB28 
 200      4B7BED88 
 200      4768DCE1 
 200      E6E1
 201 0777 94320D5A 		.ascii	"\2242\015Z\262\300\225I\204$\227\374\264\236\005\024"
 201      B2C09549 
 201      842497FC 
 201      B49E0514 
 202 0787 B4404920 		.ascii	"\264@I \264X\272_b\371)\014u\235\361q!OO\\w\021\\W\304"
 202      B458BA5F 
 202      62F9290C 
 202      759DF171 
 202      214F4F5C 
 203 07a0 BB863736 		.ascii	"\273\20676\223\031[ln,\031\013\241}/0~\313\306\302\363"
 203      93195B6C 
 203      6E2C190B 
 203      A17D2F30 
 203      7ECBC6C2 
 204 07b5 DEEC7B72 		.ascii	"\336\354{r\034\252b\265\245\263\262\203_A^#xQ\347\301"
 204      1CAA62B5 
 204      A5B3B283 
 204      5F415E23 
 204      7851E7C1 
 205 07c9 080D3F32 		.ascii	"\010\015?2\310\202\263"
 205      C882B3
 206 07d0 6F62E29E 		.ascii	"ob\342\236\022G1\342\013s\231\2731\216c\310Lz\363\003"
 206      124731E2 
 206      0B7399BB 
 206      318E63C8 
 206      4C7AF303 
 207 07e4 982A31E4 		.ascii	"\230*1\344\352\333\207)j|\212\"\177\333\035y&Y\011F"
 207      EADB8729 
 207      6A7C8A22 
 207      7FDB1D79 
ARM GAS  C:\Users\CYIRKO~1\AppData\Local\Temp\ccS8kbY0.s 			page 16


 207      26590946 
 208 07f8 C358D22C 		.ascii	"\303X\322,\340\377\000\203q\345J~\340{!{\004\003m\211"
 208      E0FF0083 
 208      71E54A7E 
 208      E07B217B 
 208      04036D89 
 209 080c 46035FE4 		.ascii	"F\003_\344\202\377\300SW\336[\240\363\263\352&\346-"
 209      82FFC053 
 209      57DE5BA0 
 209      F3B3EA26 
 209      E62D
 210 081e C8D92804 		.ascii	"\310\331(\004\254\257\264\325E\342P+\203P+%\241v\211"
 210      ACAFB4D5 
 210      45E2502B 
 210      83502B25 
 210      A17689
 211 0831 6F41FC35 		.ascii	"oA\3745\011\376z\015\3414\001\360\012\340%\3008\300"
 211      09FE7A0D 
 211      E13401F0 
 211      0AE025C0 
 211      38C0
 212 0843 18C05580 		.ascii	"\030\300U\200Q\200\021\200a\200v\200{\000\315\000M\000"
 212      51801180 
 212      61807680 
 212      7B00CD00 
 212      4D00
 213 0855 D500D700 		.ascii	"\325\000\327\000\252\314B\261\345\033\026\212\220\377"
 213      AACC42B1 
 213      E51B168A 
 213      90FF
 214 0863 2E5BAA76 		.ascii	".[\252v\316r8v4\316\217\247\301F\026u\027\220\005\371"
 214      CE723876 
 214      34CE8FA7 
 214      C1461675 
 214      179005F9 
 215 0877 79AB4432 		.ascii	"y\253D2\333\260\220\321\327\200\345\345\322\364\224"
 215      DBB090D1 
 215      D780E5E5 
 215      D2F494
 216 0886 BD2824AF 		.ascii	"\275($\257\233\205d\015\013I\261cr\340!I+\250\034\364"
 216      9B85640D 
 216      0B49B163 
 216      72E02149 
 216      2BA81CF4 
 217 089a BDCE3BE6 		.ascii	"\275\316;\346\0158f\032\214\253\007\25053p\374\015\236"
 217      0D38661A 
 217      8CAB07A8 
 217      353370FC 
 217      0D9E
 218 08ac 3D6F3044 		.ascii	"=o0D(\321\015P\342:\302f\022\314F\272H\213:3-n\274C"
 218      28D10D50 
 218      E23AC266 
 218      12CC46BA 
 218      488B3A33 
 219 08c4 8B1990FC 		.ascii	"\213\031\220\374\303Z\364\034\306\206S\213P\003\250"
 219      C35AF41C 
 219      C686538B 
ARM GAS  C:\Users\CYIRKO~1\AppData\Local\Temp\ccS8kbY0.s 			page 17


 219      5003A8
 220 08d3 902FAD82 		.ascii	"\220/\255\202\245\037\032\3154 \015\331h\220\214\221"
 220      A51F1ACD 
 220      34200DD9 
 220      68908C91 
 221 08e3 2910FCFF 		.ascii	")\020\374\377/F \206k3\371\030&k\350\253\226=Ya\336"
 221      2F462086 
 221      6B33F918 
 221      266BE8AB 
 221      963D5961 
 222 08f8 F3308C5B 		.ascii	"\3630\214[\376!\204\206\325M \253\341\311M3\236L\033"
 222      FE218486 
 222      D54D20AB 
 222      E1C94D33 
 222      9E4C1B
 223 090b 216F22B8 		.ascii	"!o\"\270\013&\264\360\346\334\201\353\333\240\322-3"
 223      0B26B4F0 
 223      E6DC81EB 
 223      DBA0D22D 
 223      33
 224 091c 959AB2F8 		.ascii	"\225\232\262\370\310\"\216\271\001\002Zl${I\376\265"
 224      C8228EB9 
 224      01025A6C 
 224      247B49FE 
 224      B5
 225 092d 7C03DBFC 		.ascii	"|\003\333\374+\177\301\206E\003\0373\326\354E\011z\226"
 225      2B7FC186 
 225      45031F33 
 225      D6EC4509 
 225      7A96
 226 093f CF592DE6 		.ascii	"\317Y-\3469\213\237\023F(2N\306\2219!\361E\2350\327"
 226      398B9F13 
 226      4628324E 
 226      C6913921 
 226      F1459D30 
 227 0954 26D44677 		.ascii	"&\324Fw\201\207s\214\036\276\017d\365\226\036\316D\357"
 227      8187738C 
 227      1EBE0F64 
 227      F5961ECE 
 227      44EF
 228 0966 4EAA6D60 		.ascii	"N\252m`\305C\336\242V\270~`\356\255L\221\267\2109\017"
 228      C543DEA2 
 228      56B87E60 
 228      EEAD4C91 
 228      B788390F 
 229 097a 3F205F37 		.ascii	"? _7\360\364\226\254\231y5\274\355\017m\330\236\024"
 229      F0F496AC 
 229      997935BC 
 229      ED0F6DD8 
 229      9E14
 230 098c 466D2746 		.ascii	"Fm'F5\012\266?4\267\375\230\321\366G\362\205\250\331"
 230      350AB63F 
 230      34B7FD98 
 230      D1F647F2 
 230      85A8D9
 231 099f D2F62651 		.ascii	"\322\366&Q\270\304Ih(\243\315\210zC\240\336\013\350"
 231      B8C44968 
ARM GAS  C:\Users\CYIRKO~1\AppData\Local\Temp\ccS8kbY0.s 			page 18


 231      28A3CD88 
 231      7A43A0DE 
 231      0BE8
 232 09b1 CB4180E7 		.ascii	"\313A\200\347\000}\000\275\000]\000\235\000\035f^\031"
 232      007D00BD 
 232      005D009D 
 232      001D665E 
 232      19
 233 09c2 58CDFA98 		.ascii	"X\315\372\230\204\364M\020J\270\330\234\\\014\325\212"
 233      84F44D10 
 233      4AB8D89C 
 233      5C0CD58A 
 234 09d2 52D9AD1F 		.ascii	"R\331\255\037\242\356\371\237\214u7\020\267\330&\026"
 234      A2EEF99F 
 234      8C753710 
 234      B7D82616 
 235 09e2 0DF71EB3 		.ascii	"\015\367\036\263\341\336m\235pz\340a7i\336\005\374z"
 235      E1DE6D9D 
 235      707AE061 
 235      3769DE05 
 235      FC7A
 236 09f4 F8FE780A 		.ascii	"\370\376x\012\006?\001\303\036\013\206\201G\207\023"
 236      063F01C3 
 236      1E0B8681 
 236      478713
 237 0a03 15C3634F 		.ascii	"\025\303cO\014\2068\015\335\001\271\3157\220J8\254\301"
 237      0C86380D 
 237      DD01B9CD 
 237      37904A38 
 237      ACC1
 238 0a15 C08F4872 		.ascii	"\300\217Hr\"\361\331\311\323\232\206\212e\254\367\356"
 238      22F1D9C9 
 238      D39A868A 
 238      65ACF7EE 
 239 0a25 56901D8B 		.ascii	"V\220\035\213\036\253\271\010\353\311\347g\370\236$"
 239      1EABB908 
 239      EBC9E767 
 239      F89E24
 240 0a34 5B1A8F7F 		.ascii	"[\032\217\177\310M\023\227y\247>\003?\365\275\227\237"
 240      C84D1397 
 240      79A73E03 
 240      3FF5BD97 
 240      9F
 241 0a45 FA8152F0 		.ascii	"\372\201R\360\3233\346'\033i\023\015\200{\204\314i\212"
 241      D333E627 
 241      1B69130D 
 241      807B84CC 
 241      698A
 242 0a57 C9A8B07D 		.ascii	"\311\250\260}$&\011\253gBL6P^\246\214\327|\235\267\004"
 242      242609AB 
 242      67424C36 
 242      505EA68C 
 242      D77C9DB7 
 243 0a6c 2A63FF3B 		.ascii	"*c\377;\015!\243\240\214/\214\304\354\201\037\242\256"
 243      0D21A3A0 
 243      8C2F8CC4 
 243      EC811FA2 
ARM GAS  C:\Users\CYIRKO~1\AppData\Local\Temp\ccS8kbY0.s 			page 19


 243      AE
 244 0a7d FB1B161D 		.ascii	"\373\033\026\035\204\370\271mb\246\357\275KJ\342p\240"
 244      84F8B96D 
 244      62A6EFBD 
 244      4B4AE270 
 244      A0
 245 0a8e B19EFC4D 		.ascii	"\261\236\374M\344\317\037\0175$.\243{\023/\370q\303"
 245      E4CF1F0F 
 245      35242EA3 
 245      7B132FF8 
 245      71C3
 246 0aa0 AFBFD8A8 		.ascii	"\257\277\330\250\031\024U\343\272\245\207\015\025!\230"
 246      191455E3 
 246      BAA5870D 
 246      152198
 247 0aaf 6E2F4C49 		.ascii	"n/LI\021\177*\232K\177\302h\311\376\300[)ZQ/\316\346"
 247      117F2A9A 
 247      4B7FC268 
 247      C9FEC05B 
 247      295A512F 
 248 0ac5 F0BD08CB 		.ascii	"\360\275\010\3137t@z~#^/\374JH\255\207,\251\255\027"
 248      3774407A 
 248      7E235E2F 
 248      FC4A48AD 
 248      872CA9AD 
 249 0ada 23D3BF14 		.ascii	"#\323\277\024\310\017K\223\213\\;\224\315w\004\231a"
 249      C80F4B93 
 249      8B5C3B94 
 249      CD770499 
 249      61
 250 0aeb 265A92E7 		.ascii	"&Z\222\347Yq\357\341\271\223\011M\2114\271\210{\353"
 250      5971EFE1 
 250      B993094D 
 250      8934B988 
 250      7BEB
 251 0afd 2F85AAD6 		.ascii	"/\205\252\326iY\325\254:.\233e\306J\033\231q\356%\331"
 251      6959D5AC 
 251      3A2E9B65 
 251      C64A1B99 
 251      71EE25D9 
 252 0b11 A224F17A 		.ascii	"\242$\361zEX`V\212\022\343\3537xz,\234\016c\243\300"
 252      45586056 
 252      8A12E3EB 
 252      37787A2C 
 252      9C0E63A3 
 253 0b26 EBEF12D8 		.ascii	"\353\357\022\330\264\007\223H\271.%\257\367\220\212"
 253      B4079348 
 253      B92E25AF 
 253      F7908A
 254 0b35 3C23D39A 		.ascii	"<#\323\232\012A\332u*\215\354\022\275\215v\304\023\354"
 254      0A41DA75 
 254      2A8DEC12 
 254      BD8D76C4 
 254      13EC
 255 0b47 ACA47F36 		.ascii	"\254\244\1776\277\217\303o\031R=\367\272\302\231M\255"
 255      BF8FC36F 
 255      19523DF7 
ARM GAS  C:\Users\CYIRKO~1\AppData\Local\Temp\ccS8kbY0.s 			page 20


 255      BAC2994D 
 255      AD
 256 0b58 E564559D 		.ascii	"\345dU\235v\032\226\272\341\366f\317\326\263gE\317\213"
 256      761A96BA 
 256      E1F666CF 
 256      D6B36745 
 256      CF8B
 257 0b6a 2B11DECF 		.ascii	"+\021\336\317\236\215\264MM;pr\031\012\305\030\205`"
 257      9E8DB44D 
 257      4D3B7072 
 257      190AC518 
 257      8560
 258 0b7c 172AE555 		.ascii	"\027*\345U\314\256\0045>\301(Z\037E<S\022\212p\240\370"
 258      CCAE0435 
 258      3EC1285A 
 258      1F453C53 
 258      128A70A0 
 259 0b91 A50B0AC3 		.ascii	"\245\013\012\303\034\335\"?\327\364\320\001\0272\232"
 259      1CDD223F 
 259      D7F4D001 
 259      17329A
 260 0ba0 90D0A906 		.ascii	"\220\320\251\006'B\0033v\364\013\027\264\213\322\310"
 260      27420333 
 260      76F40B17 
 260      B48BD2C8 
 261 0bb0 B31FB696 		.ascii	"\263\037\266\226;!;\327\335t\327!4D\330u\220\241\275"
 261      3B213BD7 
 261      DD74D721 
 261      3444D875 
 261      90A1BD
 262 0bc3 D88E66C6 		.ascii	"\330\216f\306\010\354\212\366`\316\264Y\305\334p\277"
 262      08EC8AF6 
 262      60CEB459 
 262      C5DC70BF 
 263 0bd3 441159BF 		.ascii	"D\021Y\277\207\014~\240\263X_D\365E?u\3001t\273J~\355"
 263      870C7EA0 
 263      B3585F44 
 263      F5453F75 
 263      C03174BB 
 264 0bea E2F93407 		.ascii	"\342\3714\007\344j\307\232u<\244c0\012xGb\223\367\010"
 264      E46AC79A 
 264      753CA463 
 264      300A7847 
 264      6293F708 
 265 0bfe 0B99CC5A 		.ascii	"\013\231\314Z\011\264\017d\333\322\003\004U5\304\265"
 265      09B40F64 
 265      DBD20304 
 265      5535C4B5 
 266 0c0e AB702ADB 		.ascii	"\253p*\333\027K\237~3BV\361\037\223]{,\3327\373\230"
 266      174B9F7E 
 266      334256F1 
 266      1F935D7B 
 266      2CDA37FB 
 267 0c23 3D2FAFBF 		.ascii	"=/\257\277qZ\203\323\230V1'\262\367\331\033O?\014a\006"
 267      715A83D3 
 267      98563127 
 267      B2F7D91B 
ARM GAS  C:\Users\CYIRKO~1\AppData\Local\Temp\ccS8kbY0.s 			page 21


 267      4F3F0C61 
 268 0c38 852B1DE1 		.ascii	"\205+\035\341h\216\314\001\343@\322\307\374>R4vA\007"
 268      688ECC01 
 268      E340D2C7 
 268      FC3E5234 
 268      764107
 269 0c4b B0692FBD 		.ascii	"\260i/\275\360'%d\0336\026\253Q\214\240\377\307\374"
 269      F0272564 
 269      1B3616AB 
 269      518CA0FF 
 269      C7FC
 270 0c5d 4EFA95D8 		.ascii	"N\372\225\330\266^5\316e\"f\302\016\015s\342m\263kt"
 270      B65E35CE 
 270      652266C2 
 270      0E0D73E2 
 270      6DB36B74 
 271 0c71 DB2C019A 		.ascii	"\333,\001\232\306\013M\201\223\214\337\317\262T\343"
 271      C60B4D81 
 271      938CDFCF 
 271      B254E3
 272 0c80 A0841A64 		.ascii	"\240\204\032d\223$\361\305\234=.bBNt?\314\021\366\377"
 272      9324F1C5 
 272      9C3D2E62 
 272      424E743F 
 272      CC11F6FF 
 273 0c94 A0536A6F 		.ascii	"\240Sjo\320]\263D\220rH\220\222`[\312ai)O\336\344^\342"
 273      D05DB344 
 273      90724890 
 273      92605BCA 
 273      6169294F 
 274 0cac CF5494A2 		.ascii	"\317T\224\242c\245\205\354X)\245v\177\216\006WR\035"
 274      63A585EC 
 274      5829A576 
 274      7F8E0657 
 274      521D
 275 0cbe 14390563 		.ascii	"\0249\005c-\216\210\256\337Le\026\"-\031\230%\221xE"
 275      2D8E88AE 
 275      DF4C6516 
 275      222D1998 
 275      25917845 
 276 0cd2 2998D5D8 		.ascii	")\230\325\330c *\025/A\307\001\216b\361\004b\366\321"
 276      63202A15 
 276      2F41C701 
 276      8E62F104 
 276      62F6D1
 277 0ce5 8FC3C20C 		.ascii	"\217\303\302\014\031\313\250\336\373Ao\322\304\244\242"
 277      19CBA8DE 
 277      FB416FD2 
 277      C4A4A2
 278 0cf4 65B19BFE 		.ascii	"e\261\233\376c\242\241\"\024SW\036\221$f\211\211\317"
 278      63A2A122 
 278      1453571E 
 278      91246689 
 278      89CF
 279 0d06 1E8FE6B3 		.ascii	"\036\217\346\263\015(,\271\350\3771\313\373$\"\015<"
 279      0D282CB9 
 279      E8FF31CB 
ARM GAS  C:\Users\CYIRKO~1\AppData\Local\Temp\ccS8kbY0.s 			page 22


 279      FB24220D 
 279      3C
 280 0d17 2F3EF896 		.ascii	"/>\370\226\012i\237\014\330\252xXoT3\267\367\025\245"
 280      0A699F0C 
 280      D8AA7858 
 280      6F5433B7 
 280      F715A5
 281 0d2a 7F8616B8 		.ascii	"\177\206\026\270J\231\213N\202\225\357\262\230\237\355"
 281      4A998B4E 
 281      8295EFB2 
 281      989FED
 282 0d39 75D28190 		.ascii	"u\322\201\220\006\204'\204~\":\262\203\336\320\230Z"
 282      06842784 
 282      7E223AB2 
 282      83DED098 
 282      5A
 283 0d4a 87053CFF 		.ascii	"\207\005<\377\275\266\370\313\254\230\223S\340\324\224"
 283      BDB6F8CB 
 283      AC989353 
 283      E0D494
 284 0d59 2EA5786B 		.ascii	".\245xk\342\024\026O\210\322\261qk\"7\243=\022\341f"
 284      E214164F 
 284      88D2B171 
 284      6B2237A3 
 284      3D12E166 
 285 0d6d 363A8EBD 		.ascii	"6:\216\275\276}\224\303w\031ra2+E-fA\272E`\221ab\361"
 285      BE7D94C3 
 285      77197261 
 285      322B452D 
 285      6641BA45 
 286 0d86 26333ACA 		.ascii	"&3:\312\001?b\255\216\204\026\247\250p\017C\212\217"
 286      013F62AD 
 286      8E8416A7 
 286      A8700F43 
 286      8A8F
 287 0d98 3EEBB5C7 		.ascii	">\353\265\307\317\031RRz\367\2663\311>\3314C1\351\203"
 287      CF195252 
 287      7AF7B633 
 287      C93ED934 
 287      4331E983 
 288 0dac E323F6F8 		.ascii	"\343#\366\370-/\275<\262\212#\004\271,=\345\260\364"
 288      2D2FBD3C 
 288      B28A2304 
 288      B92C3DE5 
 288      B0F4
 289 0dbe F4702EEB 		.ascii	"\364p.\353\210\334Fz\312\347\323\302YpG\236Uz\232mp"
 289      88DC467A 
 289      CAE7D3C2 
 289      5970479E 
 289      557A9A6D 
 290 0dd3 A19D9E6F 		.ascii	"\241\235\236o\225\234z\346.\034T\341\030\007\332\217"
 290      959C7AE6 
 290      2E1C54E1 
 290      1807DA8F 
 291 0de3 1117A3ED 		.ascii	"\021\027\243\355L\271\351^#\355\222\013\300\370\234"
 291      4CB9E95E 
 291      23ED920B 
ARM GAS  C:\Users\CYIRKO~1\AppData\Local\Temp\ccS8kbY0.s 			page 23


 291      C0F89C
 292 0df2 D025F9B6 		.ascii	"\320%\371\266r\323y\020lK\011\220s1\251<\202\344m\031"
 292      72D37910 
 292      6C4B0990 
 292      7331A93C 
 292      82E46D19 
 293 0e06 65B899A6 		.ascii	"e\270\231\246\344\362\204\3359\012|\204\312Fu\373*B"
 293      E4F284DD 
 293      390A7C84 
 293      CA4675FB 
 293      2A42
 294 0e18 9D719E83 		.ascii	"\235q\236\203\331\221\370:\353#\361u\314E\247\246\206"
 294      D991F83A 
 294      EB23F175 
 294      CC45A7A6 
 294      86
 295 0e29 8B35B890 		.ascii	"\2135\270\220\351}\353\362\213n\341\270\261o\370g\027"
 295      E97DEBF2 
 295      8B6EE1B8 
 295      B16FF867 
 295      17
 296 0e3a FBE844AC 		.ascii	"\373\350D\254\024\372\251D\320}\235\315C\361K\240\360"
 296      14FAA944 
 296      D07D9DCD 
 296      43F14BA0 
 296      F0
 297 0e4b 3A7ED45F 		.ascii	":~\324_\204\310*f\243\376h\345p\210\206*M81\245\373"
 297      84C82A66 
 297      A3FE68E5 
 297      7088862A 
 297      4D3831A5 
 298 0e60 C6A7F395 		.ascii	"\306\247\363\225\364\036\364;*c\305%%\356\354j|B\303"
 298      F41EF43B 
 298      2A63C525 
 298      25EEEC6A 
 298      7C42C3
 299 0e73 EA4F5849 		.ascii	"\352OXI\274\023\316gHV\301\300=\204\313\030r\264\354"
 299      BC13CE67 
 299      4856C1C0 
 299      3D84CB18 
 299      72B4EC
 300 0e86 2AF4F135 		.ascii	"*\364\3615\206\3348uiF\303\212\234\202\034\214\265\207"
 300      86DC3875 
 300      6946C38A 
 300      9C821C8C 
 300      B587
 301 0e98 C671F83E 		.ascii	"\306q\370>{V\325p5]E\372\277\012\224\257\344\213\234"
 301      7B56D570 
 301      355D45FA 
 301      BF0A94AF 
 301      E48B9C
 302 0eab F16587F5 		.ascii	"\361e\207\365\354e\207\376\331\323\207\235q7k\220{\262"
 302      EC6587FE 
 302      D9D3879D 
 302      71376B90 
 302      7BB2
 303 0ebd FC0D220D 		.ascii	"\374\015\"\015j\240A5\030p\215\351Uy\350\352\200\032"
ARM GAS  C:\Users\CYIRKO~1\AppData\Local\Temp\ccS8kbY0.s 			page 24


 303      6AA04135 
 303      18708DE9 
 303      5579E8EA 
 303      801A
 304 0ecf 0F31A2F4 		.ascii	"\0171\242\364\313\331\0054\354j\201\350W.\350:\243\271"
 304      CBD90534 
 304      EC6A81E8 
 304      572EE83A 
 304      A3B9
 305 0ee1 FD6CA20A 		.ascii	"\375l\242\012\341)F3\221\221q\013\023\232:V^\321\015"
 305      E1294633 
 305      9191710B 
 305      139A3A56 
 305      5ED10D
 306 0ef4 46747270 		.ascii	"Ftrp\352\272\023\016sd\322\262\273\033\251z\015\254"
 306      EABA130E 
 306      7364D2B2 
 306      BB1BA97A 
 306      0DAC
 307 0f06 C2D6339A 		.ascii	"\302\3263\232\222\013#\343\010G1\232s\315Y\371\304u"
 307      920B23E3 
 307      0847319A 
 307      73CD59F9 
 307      C475
 308 0f18 A8898570 		.ascii	"\250\211\205p#\013\341\216\276\264\363\032\033!|\223"
 308      230BE18E 
 308      BEB4F31A 
 308      1B217C93 
 309 0f28 8F9E5BD0 		.ascii	"\217\236[\320\031\315V!<\227\245:PE+\354M\253 \3166"
 309      19CD5621 
 309      3C97A53A 
 309      50452BEC 
 309      4DAB20CE 
 310 0f3d 149F91E3 		.ascii	"\024\237\221\343z*Y\036\2757\377\317\222\022\320\035"
 310      7A2A591E 
 310      BD37FFCF 
 310      9212D01D 
 311 0f4d 60FC6E21 		.ascii	"`\374n!CI4\346o\003Q\213\02077i\314\203\234\260\343"
 311      434934E6 
 311      6F03518B 
 311      10373769 
 311      CC839CB0 
 312 0f62 77C6397C 		.ascii	"w\3069|\217Y\030\236\032\323\314\357\232\377\012\320"
 312      8F59189E 
 312      1AD3CCEF 
 312      9AFF0AD0 
 313 0f72 4311295D 		.ascii	"C\021)]\034\177PKf-\2615\343'5\270\213\321v\277n\016"
 313      1C7F504B 
 313      662DB135 
 313      E32735B8 
 313      8BD176BF 
 314 0f88 73C67D0C 		.ascii	"s\306}\014\351\352?\277\233\303\303\014I;4\015\323\222"
 314      E9EA3FBF 
 314      9BC3C30C 
 314      493B340D 
 314      D392
 315 0f9a 71865C18 		.ascii	"q\206\\\030IH"
ARM GAS  C:\Users\CYIRKO~1\AppData\Local\Temp\ccS8kbY0.s 			page 25


 315      4948
 316 0fa0 56E3B70C 		.ascii	"V\343\267\014y{\366\366\254=\016w\242\310\336\234\003"
 316      797BF6F6 
 316      AC3D0E77 
 316      A2C8DE9C 
 316      03
 317 0fb1 55989C86 		.ascii	"U\230\234\206\204\275\327\373\030\320\342\370\314\325"
 317      84BDD7FB 
 317      18D0E2F8 
 317      CCD5
 318 0fbf 7CB32DD9 		.ascii	"|\263-\331\016\263\244\325iJZ%\003Ow\340\010&\346\311"
 318      0EB3A4D5 
 318      694A5A25 
 318      034F77E0 
 318      0826E6C9 
 319 0fd3 4C759402 		.ascii	"Lu\224\002\3070\244\273\354Y\212=N`H\\\301\203\014\025"
 319      C730A4BB 
 319      EC598A3D 
 319      4E60485C 
 319      C1830C15 
 320 0fe7 4E66C8E1 		.ascii	"Nf\310\341\3139W\325\370(Cn^\352z\352\204O2\344lY\370"
 320      CB3957D5 
 320      F828436E 
 320      5EEA7AEA 
 320      844F32E4 
 321 0ffe 0BFE     		.ascii	"\013\376"
 322 1000 159C0A72 		.ascii	"\025\234\012r\244\033:\330\370L\201O\323\207v\347\262"
 322      A41B3AD8 
 322      F84C814F 
 322      D38776E7 
 322      B2
 323 1011 AA43EC91 		.ascii	"\252C\354\221p\212\020\036\0065\272Q5\223\313\237\""
 323      708A101E 
 323      0635BA51 
 323      3593CB9F 
 323      22
 324 1022 100DFBC0 		.ascii	"\020\015\373\300\355\203\330\346\304\2354i\015dSkB\336"
 324      ED83D8E6 
 324      C49D3469 
 324      0D64536B 
 324      42DE
 325 1034 2D4DEE26 		.ascii	"-M\356&P\327\211\250\037[R\347YRW\212\250\237XR\333"
 325      50D789A8 
 325      1F5B52E7 
 325      5952578A 
 325      A89F5852 
 326 1049 D8FDE985 		.ascii	"\330\375\351\205a\302\026#\203|\235\033\202\340\032"
 326      61C21623 
 326      837C9D1B 
 326      82E01A
 327 1058 8632F41C 		.ascii	"\2062\364\034`\000\340\005@?\3003S\225'\262ZD\262z\244"
 327      6000E005 
 327      403FC033 
 327      539527B2 
 327      5A44B27A 
 328 106d 351317EE 		.ascii	"5\023\027\356\241!V\270\007-\0137\3415;\304\357\326"
 328      A12156B8 
ARM GAS  C:\Users\CYIRKO~1\AppData\Local\Temp\ccS8kbY0.s 			page 26


 328      072D0B37 
 328      E1353BC4 
 328      EFD6
 329 107f 13664F25 		.ascii	"\023fO%\025w\343+wgES\2233~I\273D\376\262\343z\250B"
 329      1577E32B 
 329      77674553 
 329      93337E49 
 329      BB44FEB2 
 330 1097 5CBA45F6 		.ascii	"\\\272E\366\24010\343}M\342u\034\246\343g\024\032\215"
 330      A03130E3 
 330      7D4DE275 
 330      1CA6E367 
 330      141A8D
 331 10aa 08E367D0 		.ascii	"\010\343g\320X\306+\316\326\034s\020\307\344\250Y-\036"
 331      58C62BCE 
 331      D61C7310 
 331      C7E4A859 
 331      2D1E
 332 10bc 37C564D9 		.ascii	"7\305d\331\203\361i{\274\307\231\350\250\232\352\033"
 332      83F1697B 
 332      BCC799E8 
 332      A89AEA1B 
 333 10cc 85205CC0 		.ascii	"\205 \\\3006\300\245v.d\350\025\257\345\033\320\362"
 333      36C0A576 
 333      2E64E815 
 333      AFE51BD0 
 333      F2
 334 10dd 35683509 		.ascii	"5h5\0110\0150\0050a6\265z\335\257z\236\335\264\317\320"
 334      300D3005 
 334      306136B5 
 334      7ADDAF7A 
 334      9EDDB4CF 
 335 10f2 5581E8D9 		.ascii	"U\201\350\331\376KP\363\2250\311\311\263Z\334N<\342"
 335      FE4B50F3 
 335      9530C9C9 
 335      B35ADC4E 
 335      3CE2
 336 1104 17A1A01D 		.ascii	"\027\241\240\035\352\342\251mn<\030\017\177`x\241G\222"
 336      EAE2A96D 
 336      6E3C180F 
 336      7F6078A1 
 336      4792
 337 1116 C4E245E2 		.ascii	"\304\342E\342\275\016~\231M4i\223\322D\264r\256\374"
 337      BD0E7E99 
 337      4D346993 
 337      D244B472 
 337      AEFC
 338 1128 235B3913 		.ascii	"#[9\023\332v)Z\321\212m\210\237\344\275\302\226\207"
 338      DA76295A 
 338      D18A6D88 
 338      9FE4BDC2 
 338      9687
 339 113a 1D4FB3FB 		.ascii	"\035O\263\373S\035p\013\365\254\2741&-\317\316\242\367"
 339      531D700B 
 339      F5ACBC31 
 339      262DCFCE 
 339      A2F7
ARM GAS  C:\Users\CYIRKO~1\AppData\Local\Temp\ccS8kbY0.s 			page 27


 340 114c 4DDB41B3 		.ascii	"M\333A\263\340\313\367\361+\277\016\354\240=\377\026"
 340      E0CBF7F1 
 340      2BBF0EEC 
 340      A03DFF16 
 341 115c 1ACC083D 		.ascii	"\032\314\010=\377\312\330\363um1~\302\374\315\206\030"
 341      FFCAD8F3 
 341      756D317E 
 341      C2FCCD86 
 341      18
 342 116d 994D19C0 		.ascii	"\231M\031\300\341\304\261g}f\371l\316,v\014\2341v\236"
 342      E1C4B167 
 342      7D66F96C 
 342      CE2C760C 
 342      9C31769E 
 343 1181 D746F5C8 		.ascii	"\327F\365\310\361Sj!\272\223q\036V\007/\030r\261&\264"
 343      F1536A21 
 343      BA93711E 
 343      56072F18 
 343      72B126B4 
 344 1195 4F852718 		.ascii	"O\205'\030r{\337\355\016;\0342\217\"cI\247\367!\274"
 344      727BDFED 
 344      0E3B1C32 
 344      8F226349 
 344      A7F721BC 
 345 11a9 8B21D5CD 		.ascii	"\213!\325\315\355\2670\216dHoO\3571\007\034\315\220"
 345      EDB7308E 
 345      64486F4F 
 345      EF31071C 
 345      CD90
 346 11bb D3F76A3E 		.ascii	"\323\367j>\302\207\330\365\271C\327\217\311\361Q\206"
 346      C287D8F5 
 346      B943D78F 
 346      C9F15186 
 347 11cb 4C9F3BE3 		.ascii	"L\237;\343\216O\263\353\210\264<\360@.C:\017\216\307"
 347      8E4FB3EB 
 347      88B43CF0 
 347      402E433A 
 347      0F8EC7
 348 11de C2AA9321 		.ascii	"\302\252\223!\227_\237}\200\360e\206\024\217\226\216"
 348      975F9F7D 
 348      80F06586 
 348      148F968E 
 349 11ee 3AE06B0C 		.ascii	":\340k\014\331\233YvK\211\033xe\022\333\346\354\360"
 349      D99B5976 
 349      4B891B78 
 349      6512DBE6 
 349      ECF0
 350 1200 1D1E3999 		.ascii	"\035\0369\231\177\014\361\011\225\254\342\306\222k\236"
 350      7F0CF109 
 350      95ACE2C6 
 350      926B9E
 351 120f AB713B7D 		.ascii	"\253q;}8o\370Q\362\030=\231]`: \0020%\326\206lQb\215"
 351      386FF851 
 351      F2183D99 
 351      5D603A20 
 351      023025D6 
 352 1228 E2A04671 		.ascii	"\342\240Fq\357N\254\233\204\204\264_\232\\\234*\377"
ARM GAS  C:\Users\CYIRKO~1\AppData\Local\Temp\ccS8kbY0.s 			page 28


 352      EF4EAC9B 
 352      8484B45F 
 352      9A5C9C2A 
 352      FF
 353 1239 4DA0DE6B 		.ascii	"M\240\336kI-\336Z\025GW,\347\302\037\317\020r\272&\340"
 353      492DDE5A 
 353      1547572C 
 353      E7C21FCF 
 353      1072BA26 
 354 124e 5CD1096E 		.ascii	"\\\321\011n\011J\004H\0068\002p\020 \036 \025\3408@"
 354      094A0448 
 354      06380270 
 354      10201E20 
 354      15E03840 
 355 1262 1A400240 		.ascii	"\032@\002@\012\300a\200$\200\243\234Y.\025)\263\333"
 355      0AC06180 
 355      2480A39C 
 355      592E1529 
 355      B3DB
 356 1274 52994C2B 		.ascii	"R\231L+K+E\226\306X\222/\265\362\213\210\371.K\352\012"
 356      4B2B4596 
 356      C658922F 
 356      B5F28B88 
 356      F92E4BEA 
 357 1289 AB8223E2 		.ascii	"\253\202#\342\035mImUpZD\324\007\244\251\305\252\324"
 357      1D6D496D 
 357      55705A44 
 357      D407A4A9 
 357      C5AAD4
 358 129c 8954D923 		.ascii	"\211T\331#m\247\210\371\200\210\371>K\352,K\352\036"
 358      6DA788F9 
 358      8088F93E 
 358      4BEA2C4B 
 358      EA1E
 359 12ae 11EF3869 		.ascii	"\021\3578i3\315\352Q\033\3131@f]\217&\332E\365(RZ\264"
 359      33CDEA51 
 359      1BCB3140 
 359      665D8F26 
 359      DA45F528 
 360 12c5 D8AEE97F 		.ascii	"\330\256\351\177\025d\223\362e\335!\"E\247EfEHG\236"
 360      156493F2 
 360      65DD2122 
 360      45A74566 
 360      4548479E 
 361 12d9 B1D815EC 		.ascii	"\261\330\025\354\331\177\230\303\235t\270\310\343\216"
 361      D97F98C3 
 361      9D74B8C8 
 361      E38E
 362 12e7 14466B90 		.ascii	"\024Fk\220\353\002c\216\244\031+\035\032\237\344L\031"
 362      EB02638E 
 362      A4192B1D 
 362      1A9FE44C 
 362      19
 363 12f8 8B58231D 		.ascii	"\213X#\035\262\350\024D\352\177V\324\202j\215'\316\335"
 363      B2E81444 
 363      EA7F56D4 
 363      826A8D27 
ARM GAS  C:\Users\CYIRKO~1\AppData\Local\Temp\ccS8kbY0.s 			page 29


 363      CEDD
 364 130a 342B86E9 		.ascii	"4+\206\351\2348\241\2356%\264\213\227_,g\363L\027\300"
 364      9C38A19D 
 364      3625B48B 
 364      975F2C67 
 364      F34C17C0 
 365 131e 2E3D1AAD 		.ascii	".=\032\255\340_\250\353\"3\254\302\260\227\231\016\370"
 365      E05FA8EB 
 365      2233ACC2 
 365      B097990E 
 365      F8
 366 132f 39B5D03E 		.ascii	"9\265\320>z4\353\261=\237\020\\\227\360/j\334/Q\244"
 366      7A34EBB1 
 366      3D9F105C 
 366      97F02F6A 
 366      DC2F51A4 
 367 1343 DE686699 		.ascii	"\336hf\231\000\322$j\005\377\346\332\034\332\354L\342"
 367      00D2246A 
 367      05FFE6DA 
 367      1CDAEC4C 
 367      E2
 368 1354 C7ACE691 		.ascii	"\307\254\346\221\027yC9\013\362<K\362:\376\274\203P"
 368      17794339 
 368      0BF23C4B 
 368      F23AFEBC 
 368      8350
 369 1366 8748534B 		.ascii	"\207HSK\274\361\000n=\303\221g\271\274O\317\202O\317"
 369      BCF1006E 
 369      3DC39167 
 369      B9BC4FCF 
 369      824FCF
 370 1379 818FF201 		.ascii	"\201\217\362\001\262\001r\000\262\000\362\000\316s\342"
 370      B2017200 
 370      B200F200 
 370      CE73E2
 371 1388 225EF7BF 		.ascii	"\"^\367\277\004\201\017\245\255\021\227\331\272\257"
 371      04810FA5 
 371      AD1197D9 
 371      BAAF
 372 1396 05F2304B 		.ascii	"\005\3620K\375\2546H\232\312Y\\\347Z\3065\365L\271\013"
 372      FDAC3648 
 372      9ACA595C 
 372      E75AC635 
 372      F54CB90B 
 373 13aa F30C740F 		.ascii	"\363\014t\017\012\227\344%\366c\235\310\217\231\226"
 373      0A97E425 
 373      F6639DC8 
 373      8F9996
 374 13b9 D4596691 		.ascii	"\324Yf\221\232\323\034\331,\307\023,R/<z5\210-\012\263"
 374      9AD31CD9 
 374      2CC7132C 
 374      522F3C7A 
 374      35882D0A 
 375 13ce D161A810 		.ascii	"\321a\250\020\374\364!>cfM\324\321p/\200\206\027\204"
 375      FCF4213E 
 375      63664DD4 
 375      D1702F80 
ARM GAS  C:\Users\CYIRKO~1\AppData\Local\Temp\ccS8kbY0.s 			page 30


 375      861784
 376 13e1 70CFE58C 		.ascii	"p\317\345\214\005\272h`\\nV\241\245\344\311~P\030Y\020"
 376      05BA6860 
 376      5C6E56A1 
 376      A5E4C97E 
 376      50185910 
 377 13f5 141932EC 		.ascii	"\024\0312\354\305\201]d\026\330\305\306\300\376\037"
 377      C5815D64 
 377      16D8C5C6 
 377      C0FE1F
 378 1404 7B235FF6 		.ascii	"{#_\366(\020\247Y`\254_\364J\243Y\304\271\222o\362\256"
 378      2810A759 
 378      60AC5FF4 
 378      4AA359C4 
 378      B9926FF2 
 379 1419 03792D82 		.ascii	"\003y-\202\254\265K\300\335\227a\011)\342z\311\214k"
 379      ACB54BC0 
 379      DD976109 
 379      29E27AC9 
 379      8C6B
 380 142b 096775B0 		.ascii	"\011gu\260u\037\346\261\367\310\026\321\0030\240\214"
 380      751FE6B1 
 380      F7C816D1 
 380      0330A08C 
 381 143b 77D87DB8 		.ascii	"w\330}\270\276\007\372V\002\\\005\250\000(\007\270\002"
 381      BE07FA56 
 381      025C05A8 
 381      002807B8 
 381      02
 382 144c 7019A0D4 		.ascii	"p\031\240\324,\320\206\006\371\356\006\245\321\003\210"
 382      2CD08606 
 382      F9EE06A5 
 382      D10388
 383 145b B4321BF9 		.ascii	"\2642\033\371VR\356]\276\301\007\312%\263\251\347?\216"
 383      5652EE5D 
 383      BEC107CA 
 383      25B3A9E7 
 383      3F8E
 384 146d 3710B964 		.ascii	"7\020\271d_=\02716\2467\003\254N>\306\376\304\002\234"
 384      5F3D1731 
 384      36A63703 
 384      AC4E3EC6 
 384      FEC4029C 
 385 1481 1C3CBD95 		.ascii	"\034<\275\225[hi=\036\232\006x\253\322a\226:+M/\216"
 385      5B68693D 
 385      1E9A0678 
 385      ABD26196 
 385      3A2B4D2F 
 386 1496 E27E7E37 		.ascii	"\342~~7\222l0\236\346m2m0Z\037}4\365\363\354\311\006"
 386      926C309E 
 386      E66D326D 
 386      305A1F7D 
 386      34F5F3EC 
 387 14ac C9194BA7 		.ascii	"\311\031K\247Ye\217\201m\374i)\2708\323\222Z4:E]\177"
 387      59658F81 
 387      6DFC6929 
 387      B838D392 
ARM GAS  C:\Users\CYIRKO~1\AppData\Local\Temp\ccS8kbY0.s 			page 31


 387      5A343A45 
 388 14c2 CDACEBAB 		.ascii	"\315\254\353\253\314\272~\257\331K\024w\300\3555\306"
 388      CCBA7EAF 
 388      D94B1477 
 388      C0ED35C6 
 389 14d2 D86D013F 		.ascii	"\330m\001?7\002\\\007\2506\353\347\336v\321@\255\000"
 389      37025C07 
 389      A836EBE7 
 389      DE76D140 
 389      AD00
 390 14e4 256ADE27 		.ascii	"%j\336'\205\031\245\310\214\"\320m\020g[J\017_\344j"
 390      8519A5C8 
 390      8C22D06D 
 390      10675B4A 
 390      0F5FE46A 
 391 14f8 C1D22C69 		.ascii	"\301\322,i!\226\247\222u\334\"\321\2019p\277\301\031"
 391      2196A792 
 391      75DC22D1 
 391      813970BF 
 391      C119
 392 150a 4F1D6D50 		.ascii	"O\035mP\311D$\207\210\262\2060\303<9y-\321\330e2B\017"
 392      C9442487 
 392      88B28630 
 392      C33C3979 
 392      2DD1D865 
 393 1521 DFF51C27 		.ascii	"\337\365\034'\243\377\226CGW\001\214.\27606\317\013"
 393      A3FF9643 
 393      4757018C 
 393      2EBE3036 
 393      CF0B
 394 1533 250990A8 		.ascii	"%\011\220\250Y(\314\345op\3021fM\033\357\257&\240)\262"
 394      5928CCE5 
 394      6F70C231 
 394      664D1BEF 
 394      AF26A029 
 395 1548 3445BAD3 		.ascii	"4E\272\323n\212M\271\005\2464K\231r\323\314\224\346"
 395      6E8A4DB9 
 395      05A6344B 
 395      9972D3CC 
 395      94E6
 396 155a 1F34E526 		.ascii	"\0374\345&5\345\"5\205_\21141\365\211jW\004\365\233"
 396      35E52235 
 396      855F8934 
 396      31F5896A 
 396      5704F59B 
 397 156e 45EAF7B6 		.ascii	"E\352\367\266\212\272\273\\R}\321b\252\246\225\025\204"
 397      8ABABB5C 
 397      527DD162 
 397      AAA69515 
 397      84
 398 157f 1A4EE2FC 		.ascii	"\032N\342\374k\250\235\246\325\273\300\340\252 \254"
 398      6BA89DA6 
 398      D5BBC0E0 
 398      AA20AC
 399 158e C66A1621 		.ascii	"\306j\026!\025\221?\020.M\317\370\315x\262\035\365\226"
 399      15913F10 
 399      2E4DCFF8 
ARM GAS  C:\Users\CYIRKO~1\AppData\Local\Temp\ccS8kbY0.s 			page 32


 399      CD78B21D 
 399      F596
 400 15a0 4F02E2CD 		.ascii	"O\002\342\315x\361\202\257\223\235\011\226I\351\330"
 400      78F182AF 
 400      939D0996 
 400      49E9D8
 401 15af 51BF308C 		.ascii	"Q\2770\214<$\031\363\256\240d\031U\222t>$\355\324\374"
 401      3C2419F3 
 401      AEA06419 
 401      5592743E 
 401      24EDD4FC 
 402 15c3 817A471C 		.ascii	"\201zG\034\372\021-?\011%\347Z\235m\3753L\033g\353\237"
 402      FA112D3F 
 402      0925E75A 
 402      9D6DFD33 
 402      4C1B67EB 
 403 15d8 617AAF2C 		.ascii	"az\257,\244\236o\345\240,\0135\206\375;\014\271K\336"
 403      A49E6FE5 
 403      A02C0B35 
 403      86FD3B0C 
 403      B94BDE
 404 15eb 353DF124 		.ascii	"5=\361$N\216\243?b\273Es\007\273\034\361A\206\344Nv"
 404      4E8EA33F 
 404      62BB4573 
 404      07BB1CF1 
 404      4186E44E 
 405 1600 16297012 		.ascii	"\026)p\022C\366\037\254\254\344\360Q\206\234L\212\335"
 405      43F61FAC 
 405      ACE4F051 
 405      869C4C8A 
 405      DD
 406 1611 A3C02719 		.ascii	"\243\300'\031\222\031\027sV\215\323\031\222\230u\177"
 406      92191773 
 406      568DD319 
 406      9298757F 
 407 1621 DA1E9F61 		.ascii	"\332\036\237aH\350dZ\231\035\316\245\0107>\021\325\252"
 407      48E8645A 
 407      991DCEA5 
 407      08373E11 
 407      D5AA
 408 1633 A6A730E2 		.ascii	"\246\2470\342S\011!\262\236\360]\320\007\326\364\202"
 408      530921B2 
 408      9EF05DD0 
 408      07D6F482 
 409 1643 EB9F9AB9 		.ascii	"\353\237\232\271\2769\317\376\341\231\0030e\272\212"
 409      BE39CFFE 
 409      E1990330 
 409      65BA8A
 410 1652 68D6EB01 		.ascii	"h\326\353\001k\236p\226\307*\342m\202\312\277\023\016"
 410      6B9E7096 
 410      C72AE26D 
 410      82CABF13 
 410      0E
 411 1663 611E4B52 		.ascii	"a\036KR\213\337\353)S\223\240y\302Y\254\316\271;\035"
 411      8BDFEB29 
 411      5393A079 
 411      C259ACCE 
ARM GAS  C:\Users\CYIRKO~1\AppData\Local\Temp\ccS8kbY0.s 			page 33


 411      B93B1D
 412 1676 4371082D 		.ascii	"Cq\010-YH\337\261%{\360\227\235B([\302\256\033\330\366"
 412      5948DFB1 
 412      257BF097 
 412      9D42285B 
 412      C2AE1BD8 
 413 168b 739227FA 		.ascii	"s\222'\372\322o\257\020bb\343\000\330\370\034l|f6!\030"
 413      D26FAF10 
 413      6262E300 
 413      D8F81C6C 
 413      7C663621 
 414 16a0 2A5B4443 		.ascii	"*[DC\006\250$^\0000\276w@FH\227m\301dEZV\337 _\010\032"
 414      06A8245E 
 414      0030BE77 
 414      40464897 
 414      6DC16445 
 415 16bb 84D8D440 		.ascii	"\204\330\324@f&\236\354\235V\335-\324\340I\326oO\353"
 415      66269EEC 
 415      9D56DD2D 
 415      D4E049D6 
 415      6F4FEB
 416 16ce F343EDF0 		.ascii	"\363C\355\360\014C\2166\346\325+\260a>EJ\263\363Z\344"
 416      0C438E36 
 416      E6D52BB0 
 416      613E454A 
 416      B3F35AE4 
 417 16e2 78374372 		.ascii	"x7CrJF`\215~\200!\243{\362\3658\201]\237\277\227Qj\207"
 417      4A46608D 
 417      7E8021A3 
 417      7BF2F538 
 417      815D9FBF 
 418 16fa 8F50C431 		.ascii	"\217P\3041&3\246X\315\3571\362Kb~\311\367\267\302\242"
 418      2633A658 
 418      CDEF31F2 
 418      4B627EC9 
 418      F7B7C2A2 
 419 170e 61140C9A 		.ascii	"a\024\014\232|\347\222o\372\357\004\352qKj\353u\226"
 419      7CE7926F 
 419      FAEF04EA 
 419      714B6AEB 
 419      7596
 420 1720 88FA9125 		.ascii	"\210\372\221%u\223%\365\230\210\272]\232\332\272\326"
 420      759325F5 
 420      9888BA5D 
 420      9ADABAD6 
 421 1730 18271532 		.ascii	"\030'\0252JNz\325\240pE3\340\326\227\000S\000o\001\336"
 421      4A4E7AD5 
 421      A0704533 
 421      E0D69700 
 421      53006F01 
 422 1745 00CC01CC 		.ascii	"\000\314\001\314\002L\003L\000\274\006xe\266X\256\023"
 422      024C034C 
 422      00BC0678 
 422      65B658AE 
 422      13
 423 1756 B962C452 		.ascii	"\271b\304R\001\253\025j\217H\335\016Kj\353\225\\\253"
 423      01AB156A 
ARM GAS  C:\Users\CYIRKO~1\AppData\Local\Temp\ccS8kbY0.s 			page 34


 423      8F48DD0E 
 423      4B6AEB95 
 423      5CAB
 424 1768 88F99025 		.ascii	"\210\371\220%\271\325&\302\364\337\010\324c\222\275"
 424      B9D526C2 
 424      F4DF08D4 
 424      6392BD
 425 1777 225E2B8B 		.ascii	"\"^+\213X\017K\353m\322\004\206M\307e5\243\037\204("
 425      580F4BEB 
 425      6DD20486 
 425      4DC76535 
 425      A31F8428 
 426 178b EC94D65C 		.ascii	"\354\224\326\\\304\275\327\030\362\204\375\013i\315"
 426      C4BDD718 
 426      F284FD0B 
 426      69CD
 427 1799 CDD6BFA5 		.ascii	"\315\326\277\245\254,LZ\216bT\3218Y\240\300\307h@\312"
 427      AC2C4C5A 
 427      8E6254D1 
 427      3859A0C0 
 427      C76840CA 
 428 17ad FB8F3CCB 		.ascii	"\373\217<\313VYL\345M3\3040\350\303\377\227\376\344"
 428      56594CE5 
 428      4D33C430 
 428      E8C3FF97 
 428      FEE4
 429 17bf 0BD4155A 		.ascii	"\013\324\025Z\203B\025\013P\210\302\224v'\215S\373"
 429      8342150B 
 429      5088C294 
 429      76278D53 
 429      FB
 430 17d0 C8BAD668 		.ascii	"\310\272\326h\263\177\370 \204\302\030\015W\030k,\271"
 430      B37FF820 
 430      84C2180D 
 430      57186B2C 
 430      B9
 431 17e1 2467568D 		.ascii	"$gV\215\2313\034\316a\352\357\257L\031\324\330*\005"
 431      99331CCE 
 431      61EAEFAF 
 431      4C19D4D8 
 431      2A05
 432 17f3 7B14364B 		.ascii	"{\0246K\301\003V\012v+\324h\227\302\262\024\300]\362"
 432      C103560A 
 432      762BD468 
 432      97C2B214 
 432      C05DF2
 433 1806 5EC7FE6B 		.ascii	"^\307\376k\227\345\035\250\035\221)\310<j\017B\354\033"
 433      97E51DA8 
 433      1D9129C8 
 433      3C6A0F42 
 433      EC1B
 434 1818 51A0E89C 		.ascii	"Q\240\350\234\361\203\020\275\017w\345\364\233\021\322"
 434      F18310BD 
 434      0F77E5F4 
 434      9B11D2
 435 1827 5BC8D882 		.ascii	"[\310\330\202\307\345<*\347Y\322?\2761\022qd\217\231"
 435      C7E53C2A 
ARM GAS  C:\Users\CYIRKO~1\AppData\Local\Temp\ccS8kbY0.s 			page 35


 435      E759D23F 
 435      BE311271 
 435      648F99
 436 183a 24E347C6 		.ascii	"$\343G\306\310\231&2\312\235\265FrA\000B\342\006\"\206"
 436      C8992632 
 436      CA9DB546 
 436      72410042 
 436      E2062286 
 437 184e 4C6DFEB9 		.ascii	"Lm\376\271I?\231`\0342\006\311hRC\257\272\023=\"w\217"
 437      493F9960 
 437      1C3206C9 
 437      685243AF 
 437      BA133D22 
 438 1864 FF0ED17B 		.ascii	"\377\016\321{I\015\365\361\030\027\262\2646\031r\367"
 438      490DF5F1 
 438      1817B2B4 
 438      361972F7 
 439 1874 AA7A9168 		.ascii	"\252z\221h\336\263^-\232\367\354S\220y\317f\2161\353"
 439      DEB35E2D 
 439      9AF7EC53 
 439      9079CF66 
 439      8E31EB
 440 1887 1ABD9160 		.ascii	"\032\275\221`\367\323\343\206\343\335\260\334o\266?"
 440      F7D3E386 
 440      E3DDB0DC 
 440      6FB63F
 441 1896 92B5DB70 		.ascii	"\222\265\333p\023\232\375\216\322\241H\241\003\340\022"
 441      139AFD8E 
 441      D2A148A1 
 441      03E012
 442 18a5 BE23149D 		.ascii	"\276#\024\235\010\355Ut\200nQ\212\237B\373\344\230\210"
 442      08ED5574 
 442      806E518A 
 442      9F42FBE4 
 442      9888
 443 18b7 5A275CC9 		.ascii	"Z'\\\311\004G\027\266\3158\343F\326\377\031\251G^(\205"
 443      044717B6 
 443      CD38E346 
 443      D6FF19A9 
 443      475E2885 
 444 18cb FF438A50 		.ascii	"\377C\212P\274\270C\336.\212\201~=\240x\237\027*\242"
 444      BCB843DE 
 444      2E8A817E 
 444      3DA0789F 
 444      172AA2
 445 18de 15922F54 		.ascii	"\025\222/T\344^\255hp\244\307\250\204\025;Z\315\015"
 445      E45EAD68 
 445      70A4C7A8 
 445      84153B5A 
 445      CD0D
 446 18f0 9BDBEBB4 		.ascii	"\233\333\353\264\310\326L/\216Z\034\253\340M>\037]\370"
 446      C8D64C2F 
 446      8E5A1CAB 
 446      E04D3E1F 
 446      5DF8
 447 1902 4C032677 		.ascii	"L\003&w\021\265Z\355\223\"j\242\014'\020%C\373\005\315"
 447      11B55AED 
ARM GAS  C:\Users\CYIRKO~1\AppData\Local\Temp\ccS8kbY0.s 			page 36


 447      93226AA2 
 447      0C271025 
 447      43FB05CD 
 448 1916 F62BD87F 		.ascii	"\366+\330\177#\241xjhv\376\356\243*\034\265\200\375"
 448      23A1786A 
 448      6876FEEE 
 448      A32A1CB5 
 448      80FD
 449 1928 E3CCA1F2 		.ascii	"\343\314\241\362|\005\325!\321t\274\3336\235[\302\216"
 449      7C05D521 
 449      D174BCDB 
 449      369D5BC2 
 449      8E
 450 1939 77C92C26 		.ascii	"w\311,&AAo\306\307\366<\306\234q\246|\210\335\254\353"
 450      41416FC6 
 450      C7F63CC6 
 450      9C71A67C 
 450      88DDACEB 
 451 194d 1C3A2DB7 		.ascii	"\034:-\267\251m\"\325\366\260Q\333\310\335\317\177\301"
 451      A96D22D5 
 451      F6B051DB 
 451      C8DDCF7F 
 451      C1
 452 195e 2BFB264B 		.ascii	"+\373&K5pfw\305zJ\203\016\012\252\0364\252\232DU=\223"
 452      35706677 
 452      C57A4A83 
 452      0E0AAA1E 
 452      34AA9A44 
 453 1975 5751C4E1 		.ascii	"WQ\304\341#L\325\222\264\351\207\354\370\234\254\331"
 453      234CD592 
 453      B4E987EC 
 453      F89CACD9 
 454 1985 F8E3F3B3 		.ascii	"\370\343\363\263\345\375N&\255\2160\255\252\212\013"
 454      E5FD4E26 
 454      AD8E30AD 
 454      AA8A0B
 455 1994 CFAB6C6A 		.ascii	"\317\253lj\225J\265J1ju\347\376\345z\025\257V\345\337"
 455      954AB54A 
 455      316A75E7 
 455      FEE57A15 
 455      AF56E5DF 
 456 19a8 27192AE5 		.ascii	"'\031*\345\204\002%\013:%\033u:Juz\221\036\026\357\214"
 456      8402250B 
 456      3A251B75 
 456      3A4A757A 
 456      911E16EF 
 457 19bd 4F319D2E 		.ascii	"O1\235.E\247O2\257\3546ua\370\265\211XG|\211\022\310"
 457      45A74F32 
 457      AFEC3675 
 457      61F8B589 
 457      58477C89 
 458 19d3 0F545F9F 		.ascii	"\017T_\237\022\376\207\015\346Ts\354m\234\223@~\302"
 458      12FE870D 
 458      E65473EC 
 458      6D9C9340 
 458      7EC2
 459 19e5 32294826 		.ascii	"2)H&\2304\211\004\003R^\355y\332\204\250d\302\3528\263"
ARM GAS  C:\Users\CYIRKO~1\AppData\Local\Temp\ccS8kbY0.s 			page 37


 459      98348904 
 459      03525EED 
 459      79DA84A8 
 459      64C2EA38 
 460 19fa BC3822B1 		.ascii	"\2748\"\261\317\021_g\242\3576\215\2268!W\015\277\245"
 460      CF115F67 
 460      A2EF368D 
 460      96382157 
 460      0DBFA5
 461 1a0d D33A8F4E 		.ascii	"\323:\217N\200\317@\252K\027\004C\2723_|\210\023#:\015"
 461      80CF40AA 
 461      4B170443 
 461      BA335F7C 
 461      8813233A 
 462 1a22 B285DC48 		.ascii	"\262\205\334HN \036<Ne\376&|N1\251M\207\322\353\260"
 462      4E201E3C 
 462      4E65FE26 
 462      7C4E31A9 
 462      4D87D2EB 
 463 1a37 4D7F6752 		.ascii	"M\177gR\177g\030\375=zk0W\311\373\2737\012'\2367\204"
 463      7F6718FD 
 463      3D7A6B30 
 463      57C9FBBB 
 463      370A279E 
 464 1a4d 2B080D3A 		.ascii	"+\010\015:&(u\314\350\361,\352\361\221\013\206\0365"
 464      262875CC 
 464      E8F12CEA 
 464      F1910B86 
 464      1E35
 465 1a5f 6E59209D 		.ascii	"nY \235\022\314\204\345\230\245\204\334\221\312\333"
 465      12CC84E5 
 465      98A584DC 
 465      91CADB
 466 1a6e C6BEBDFD 		.ascii	"\306\276\275\375\006\246\2634\344\200\006e\013\302\262"
 466      06A6B334 
 466      E4800665 
 466      0BC2B2
 467 1a7d 8DC272A9 		.ascii	"\215\302r\251\260\313/\253\25358r!\025\026\326\333\331"
 467      B0CB2FAB 
 467      AB353872 
 467      211516D6 
 467      DBD9
 468 1a8f 26E7193C 		.ascii	"&\347\031<\216t\350\31741\310\023\030\344\031\031\344"
 468      8E74E8CF 
 468      3431C813 
 468      18E41919 
 468      E4
 469 1aa0 5306B3B1 		.ascii	"S\006\263\261\207\032\034q5c\020s\256\362\206\343\317"
 469      871A1C71 
 469      35631073 
 469      AEF286E3 
 469      CF
 470 1ab1 4E5206F7 		.ascii	"NR\006\367K\024\375\215u\006\303\0119]\205\234e\034"
 470      4B14FD8D 
 470      7506C309 
 470      395D859C 
 470      651C
ARM GAS  C:\Users\CYIRKO~1\AppData\Local\Temp\ccS8kbY0.s 			page 38


 471 1ac3 44B39AB3 		.ascii	"D\263\232\26341\235S\374\014\032N\335-kt\306\365\214"
 471      34319D53 
 471      FC0C1A4E 
 471      DD2D6B74 
 471      C6F58C
 472 1ad6 CBE88BCC 		.ascii	"\313\350\213\314\031'\340r\263\202\246\266]g\240\212"
 472      1927E072 
 472      B382A6B6 
 472      5D67A08A 
 473 1ae6 22FA12CF 		.ascii	"\"\372\022\317y\236\211\360f\025\271\263\021\252\303"
 473      799E89F0 
 473      6615B9B3 
 473      11AAC3
 474 1af5 05CAA673 		.ascii	"\005\312\246s\362~\207F\\\367\210\356B\335+\020\352"
 474      F27E8746 
 474      5CF788EE 
 474      42DD2B10 
 474      EA
 475 1b06 5E01AD7B 		.ascii	"^\001\255{\265\327+\357b1}\246\031}!\215\026\372KN\347"
 475      B5D72BEF 
 475      62317DA6 
 475      197D218D 
 475      16FA4B4E 
 476 1b1b 8FE53638 		.ascii	"\217\34568\213\211S\315\210\213x\342\"J|q\252\240\324"
 476      8B8953CD 
 476      888B78E2 
 476      224A7C71 
 476      AAA0D4
 477 1b2e FC052233 		.ascii	"\374\005\"3\342b\236\270\230\022g\236\254.W\221\235"
 477      E2629EB8 
 477      9812679E 
 477      AC2E5791 
 477      9D
 478 1b3f B8109BAB 		.ascii	"\270\020\233\253\026\231\331\222\005]T,\200v!o\362\016"
 478      1699D992 
 478      055D542C 
 478      8076216F 
 478      F20E
 479 1b51 28D92B02 		.ascii	"(\331+\002\357\363\352\034*\241E8<\353\3705\225X\265"
 479      EFF3EA1C 
 479      2AA14538 
 479      3CEBF835 
 479      9558B5
 480 1b64 3833D52E 		.ascii	"83\325.\361\252\221_\205\377v\275v\247\"\360\273\000"
 480      F1AA915F 
 480      85FF76BD 
 480      76A722F0 
 480      BB00
 481 1b76 ADCEEEAB 		.ascii	"\255\316\356\253o\276]\354\356\346&\263\323i\275\374"
 481      6FBE5DEC 
 481      EEE626B3 
 481      D369BDFC 
 482 1b86 8274BE81 		.ascii	"\202t\276\201jO\317\355\276\001\372O\227{\352\267h\177"
 482      6A4FCFED 
 482      BE01FA4F 
 482      977BEAB7 
 482      687F
ARM GAS  C:\Users\CYIRKO~1\AppData\Local\Temp\ccS8kbY0.s 			page 39


 483 1b98 BBC97B9B 		.ascii	"\273\311{\233\357f\337`\375v\037\337\300M\372\300@\277"
 483      EF66DF60 
 483      FD761FDF 
 483      C04DFAC0 
 483      40BF
 484 1baa E04D5B03 		.ascii	"\340M[\003\266/\246W\213\275t\376\213\265\376\233\265"
 484      B62FA657 
 484      8BBD74FE 
 484      8BB5FE9B 
 484      B5
 485 1bbb 3E3E5A9F 		.ascii	">>Z\237M\237}\362\351\342\345\313\334>\377\213\333&"
 485      4D9F7DF2 
 485      E9E2E5CB 
 485      DC3EFF8B 
 485      DB26
 486 1bcd B8FFEB80 		.ascii	"\270\377\353\200\300\000\355\257\265^\233}7\371\006"
 486      C000EDAF 
 486      B55E9B7D 
 486      37F906
 487 1bdc 78FB6DF7 		.ascii	"x\373m\367\321n\362\367\002^\001\332M\236>\332-^\333"
 487      D16EF2F7 
 487      025E01DA 
 487      4D9E3EDA 
 487      2D5EDB
 488 1bef FDF49EFA 		.ascii	"\375\364\236\372\357\203\264\301\237l\223\331\031\345"
 488      EF83B4C1 
 488      9F6C93D9 
 488      19E5
 489 1bfd FDEB7FAA 		.ascii	"\375\353\177\252\274\340\357\2037y\006\353}\2009\010"
 489      BCE0EF83 
 489      377906EB 
 489      7D803908 
 490 1c0d 51E98971 		.ascii	"Q\351\211q\236\372\325\253~\273\311\235\310\330\300"
 490      9EFAD5AB 
 490      7EBBC99D 
 490      C8D8C0
 491 1c1c 64507981 		.ascii	"dPy\201\301n\237\177\26640x\251w\240\277\177`\300\322"
 491      C16E9F7F 
 491      B6343078 
 491      A977A0BF 
 491      7F60C0D2 
 492 1c30 A0409D3E 		.ascii	"\240@\235>x\351\012\217\265\356kw\222{A\276~Z]\360\322"
 492      78E90A8F 
 492      B5EE6B77 
 492      927B41BE 
 492      7E5A5DF0 
 493 1c45 AFDCDD97 		.ascii	"\257\334\335\227zo3\252\255\362\327\357\364\003U\355"
 493      7A6F33AA 
 493      ADF2D7EF 
 493      F40355ED 
 494 1c55 B441DA00 		.ascii	"\264A\332\000\220\262\325A\273C\033\240\367\367\012"
 494      90B2D541 
 494      BB431BA0 
 494      F7F70A
 495 1c64 FEB3A7DE 		.ascii	"\376\263\247\336\316?x\353_\266k\267k\271\000\355N\375"
 495      CE3F78EB 
 495      5FB66BB7 
ARM GAS  C:\Users\CYIRKO~1\AppData\Local\Temp\ccS8kbY0.s 			page 40


 495      6BB900ED 
 495      4EFD
 496 1c76 3CEF6D9E 		.ascii	"<\357m\236\372m\340a\237`Ov7H\247\335\341lv\313S\257"
 496      FA6DE061 
 496      9F604F76 
 496      3748A7DD 
 496      E16C76CB 
 497 1c8c FACECB57 		.ascii	"\372\316\313W\017|\234E\324D\200\223\030\361\324\243"
 497      0F7C9C45 
 497      D4448093 
 497      18F1D4A3 
 498 1c9c ED4AED77 		.ascii	"\355J\355wD\212\362;=\250\020\004?\301Z\377 \354\035"
 498      448AF23B 
 498      3DA81004 
 498      3FC15AFF 
 498      20EC1D
 499 1caf A0B7F7F4 		.ascii	"\240\267\367\364\344]\251\342\177\025p\027\276\251\004"
 499      E45DA9E2 
 499      7F157017 
 499      BEA904
 500 1cbe 0DF0054A 		.ascii	"\015\360\005J\257\240m\201:\255*\230\350\032\274U\001"
 500      AFA06D81 
 500      3AAD2A98 
 500      E81ABC55 
 500      01
 501 1ccf 0004DFE9 		.ascii	"\000\004\337\351\365\272\240\371L\220\247N\273E\253"
 501      F5BAA0F9 
 501      4C90A74E 
 501      BB45AB
 502 1cde D3067883 		.ascii	"\323\006x\203N\300<p\363\237\202\354\264;}\365\336\201"
 502      4EC03C70 
 502      F39F82EC 
 502      B43B7DF5 
 502      DE81
 503 1cf0 3E5AA5CE 		.ascii	">Z\245\316\347{h\301\001I\260=\213\224/@\232\361WO\356"
 503      E77B68C1 
 503      0149B03D 
 503      8B942F40 
 503      9AF1574F 
 504 1d05 03BB2D7E 		.ascii	"\003\273-~^[\203Uz\177h\001X\260\336K\257\265\323\323"
 504      5E5B8355 
 504      7A7F6801 
 504      58B0DE4B 
 504      AFB5D3D3 
 505 1d19 1FC2D26B 		.ascii	"\037\302\322k\263W\260\226\217\263\317~\003\3162^\250"
 505      B357B096 
 505      8FB3CF7E 
 505      03CE325E 
 505      A8
 506 1d2a 83F57FF6 		.ascii	"\203\365\177\366\362\363\335\032\340\251\377\355\207"
 506      F2F3DD1A 
 506      E0A9FFED 
 506      87
 507 1d37 F7D3366F 		.ascii	"\367\3236o\260\013:\206\013\360\362\327r\336\333\274"
 507      B00B3A86 
 507      0BF0F2D7 
 507      72DEDBBC 
ARM GAS  C:\Users\CYIRKO~1\AppData\Local\Temp\ccS8kbY0.s 			page 41


 508 1d47 748A403F 		.ascii	"t\212@?\037\255N\021\240\375N\253\303\336\372\235\362"
 508      1FAD4E11 
 508      A0FD4EAB 
 508      C3DEFA9D 
 508      F2
 509 1d58 E020B99F 		.ascii	"\340 \271\237\016B}+\204\214\247\036\353\334\334\000"
 509      0E427D2B 
 509      848CA71E 
 509      EBDCDC00 
 510 1d68 96C9757F 		.ascii	"\226\311u\177-\327}!\327}.\327}&\327\375\225\\\367\033"
 510      2DD77D21 
 510      D77D2ED7 
 510      7D26D7FD 
 510      955CF71B 
 511 1d7c 07C299F8 		.ascii	"\007\302\231\370\022\032\375\375\177P\023\317\035\237"
 511      121AFDFD 
 511      7F5013CF 
 511      1D9F
 512 1d8a FB83361A 		.ascii	"\373\2036\032\312\312;0\000\306\234\236#Aho\352_\205"
 512      CACA3B30 
 512      00C69C9E 
 512      2341686F 
 512      EA5F85
 513 1d9d 7F1004B6 		.ascii	"\177\020\004\266\035\357v\275\035<\240cSE\277=\365n"
 513      1DEF76BD 
 513      1D3CA063 
 513      5345BF3D 
 513      F56E
 514 1daf EF14ADD3 		.ascii	"\357\024\255\323/\345c\035$\006{o\363\001i\313\336\277"
 514      2FE5631D 
 514      24067B6F 
 514      F30169CB 
 514      DEBF
 515 1dc1 05C40E34 		.ascii	"\005\304\0164\370\253\017\020\361}\2601\366?@\014D\034"
 515      F8AB0F10 
 515      F17DB031 
 515      F63F400C 
 515      441C
 516 1dd3 3450321B 		.ascii	"4P2\033\225\340\207-\276[\355|\274\364^$8\026\254\\"
 516      95E0872D 
 516      BE5BED7C 
 516      BCF45E24 
 516      3816AC5C 
 517 1de7 E1EEB9F2 		.ascii	"\341\356\271\362k\217\265\236_\374~\365FO\217\325_}"
 517      6B8FB59E 
 517      5FFC7EF5 
 517      464F8FD5 
 517      5F7D
 518 1df9 BD51B8E7 		.ascii	"\275Q\270\347\266\234\334\\\263\352\313\215\013-\356"
 518      B69CDC5C 
 518      B3EACB8D 
 518      0B2DEE
 519 1e08 51C255EF 		.ascii	"Q\302U\357Tb\233\227\037\337+\0336\256\375t\371\322"
 519      54629B97 
 519      1FDF2B1B 
 519      36AEFD74 
 519      F9D2
ARM GAS  C:\Users\CYIRKO~1\AppData\Local\Temp\ccS8kbY0.s 			page 42


 520 1e1a 356B562E 		.ascii	"5kV.\005.;\334\310\023O\037/oO??\3421\015\\\372l\323"
 520      052E3BDC 
 520      C8134F1F 
 520      2F6F4F3F 
 520      3FE2310D 
 521 1e32 B150E57C 		.ascii	"\261P\345|\003|\365|d\272}\306G&\271p\000\252`/\377"
 521      037CF57C 
 521      64BA7DC6 
 521      4726B970 
 521      00AA602F 
 522 1e47 203F2092 		.ascii	" ? \222{\353\354\201\223;5E\341\243\015\322oS\261g\301"
 522      7BEBEC81 
 522      933B3545 
 522      E1A30DD2 
 522      6F53B167 
 523 1e5c DC565D10 		.ascii	"\334V]\020\014\026\235.P\347\351\275\371#\242\365*\017"
 523      0C169D2E 
 523      50E7E9BD 
 523      F923A2F5 
 523      2A0F
 524 1e6e 0FCF6FBF 		.ascii	"\017\317o\277Y\271\312\343\3135\353\3760\337xg\345\332"
 524      59B9CAE3 
 524      CB35EBFE 
 524      30DF7867 
 524      E5DA
 525 1e80 155FAE58 		.ascii	"\025_\256X\275\346[\217Uj\340\314\032\350\347\033/\275"
 525      BDE65B8F 
 525      556AE0CC 
 525      1AE8E71B 
 525      2FBD
 526 1e92 BDFCFC36 		.ascii	"\275\374\3746{yC\036QBj\001N\312`\337\377\015\222}\376"
 526      7B79431E 
 526      51426A01 
 526      4ECA60DF 
 526      FF0D927D 
 527 1ea7 8309D2CF 		.ascii	"\203\011\322\317w\363\246\255\336\336\026\211\022\010"
 527      77F3A6AD 
 527      DEDE1689 
 527      1208
 528 1eb5 3E7113D2 		.ascii	">q\023\322\245\036Zm\001\2078\202\026\202\002\232\200"
 528      A51E5A6D 
 528      01873882 
 528      1682029A 
 528      80
 529 1ec6 EDFE9E30 		.ascii	"\355\376\2360\226\002\002\264~0\242u\276[\267ju\363"
 529      960202B4 
 529      7E30A275 
 529      BE5BB76A 
 529      75F3
 530 1ed8 99F93B20 		.ascii	"\231\371; )\372\006\006|\245\013\334\036d\317[\266\316"
 530      29FA0606 
 530      7CA50BDC 
 530      1E64CF5B 
 530      B6CE
 531 1eea 4343AEDC 		.ascii	"CC\256\334\327\255]\277f\325\306Uj\202\254p\337\270"
 531      D7AD5DBF 
 531      66D5C655 
ARM GAS  C:\Users\CYIRKO~1\AppData\Local\Temp\ccS8kbY0.s 			page 43


 531      6A82AC70 
 531      DFB8
 532 1efc FA1F5751 		.ascii	"\372\037WQ\012\217U+V\376\263\035\271\332\260q\335z"
 532      0A8F552B 
 532      56FEB31D 
 532      B9DAB071 
 532      DD7A
 533 1f0e FAF4DB6F 		.ascii	"\372\364\333oV\177\263z\343\247?\330\231\306\220\342"
 533      567FB37A 
 533      E3A73FD8 
 533      99C690E2 
 534 1f1e BB0F3425 		.ascii	"\273\0174%\256\343\223\012a\276R\347\013\032)\203\274"
 534      AEE3930A 
 534      61BE52E7 
 534      0B1A2983 
 534      BC
 535 1f2f 745EFEC1 		.ascii	"t^\376\301*\037\177\032a\030~\355\203\265~[|\003|\264"
 535      2A1F7F1A 
 535      61187EED 
 535      83B57E5B 
 535      7C037CB4 
 536 1f43 3B95BEC1 		.ascii	";\225\276\301\333|\267@7o\361\326)\203![y\371sk\335"
 536      DB7CB740 
 536      376FF1D6 
 536      2983215B 
 536      79F9736B 
 537 1f58 5678706B 		.ascii	"Vxpk\227\255\360\300\353\341\342\233\225\033=\344\356"
 537      97ADF0C0 
 537      EBE1E29B 
 537      951B3DE4 
 537      EE
 538 1f69 1EF84B77 		.ascii	"\036\370Kw\217\367*\0250\250\227\272\257\335\260z\003"
 538      8FF72A15 
 538      30A897BA 
 538      AFDDB07A 
 538      03
 539 1f7a 84198BB4 		.ascii	"\204\031\213\264/?\337\271si\260\336\377\323\345[>\377"
 539      2F3FDFB9 
 539      7369B0DE 
 539      FFD3E55B 
 539      3EFF
 540 1f8c 0CAE41D1 		.ascii	"\014\256A\321\371\320\335\236\033\2508\317\2150\204"
 540      F9D0DD9E 
 540      1BA838CF 
 540      8D3084
 541 1f9b 566AB728 		.ascii	"Vj\267(w"
 541      77
 542 1fa0 68BDF581 		.ascii	"h\275\365\201:\367\017\217\341\265+v,g\374=\3016\302"
 542      3AF70F8F 
 542      E1B52B76 
 542      2C67FC3D 
 542      C136C2
 543 1fb3 DD847832 		.ascii	"\335\204x2\223 \021C\212#%\202\244:j\261\232\214\270"
 543      93201143 
 543      8A232582 
 543      A43A6AB1 
 543      9A8CB8
ARM GAS  C:\Users\CYIRKO~1\AppData\Local\Temp\ccS8kbY0.s 			page 44


 544 1fc6 C02D5B82 		.ascii	"\300-[\202\265z\014^\343V\256\363XN\276\334\2240\252"
 544      B57A0C5E 
 544      E356AEF3 
 544      584EBEDC 
 544      9430AA
 545 1fd9 BEF058A9 		.ascii	"\276\360X\251\202\037\267\345k\370_\217\225\354\366"
 545      821FB7E5 
 545      6BF85F8F 
 545      95ECF6
 546 1fe8 72FE36FF 		.ascii	"r\3766\377\353\261\234\335v\343o\363\277\200o\370\303"
 546      EBB19CDD 
 546      76E36FF3 
 546      BF806FF8 
 546      C3
 547 1ff9 4618921E 		.ascii	"F\030\222\036\362\015\036"
 547      F20D1E
 548 2000 0EA44B79 		.ascii	"\016\244Ky\033\325\240\222\257\356/$\347\221\361\303"
 548      1BD5A092 
 548      AFEE2F24 
 548      E791F1C3 
 549 2010 3A06428A 		.ascii	":\006B\212\004\030\213(\030q+\276\364\370\232|\255\341"
 549      04188B28 
 549      18712BBE 
 549      F4F89A7C 
 549      ADE1
 550 2022 D6B8FF83 		.ascii	"\326\270\377\203\007\367\373\015\036\036\350\017\350"
 550      07F7FB0D 
 550      1E1EE80F 
 550      E8
 551 202f 6B85B79F 		.ascii	"k\205\267\237\326K\207A\337/?\330E_\255_\275\016|D\002"
 551      D64B8741 
 551      DF2F3FD8 
 551      455FAD5F 
 551      BD0E7C44 
 552 2044 2508808D 		.ascii	"%\010\200\215s\274n\245\007^\275\322C\261\376\333\365"
 552      73BC6EA5 
 552      075EBDD2 
 552      43B1FEDB 
 552      F5
 553 2055 2B3D54EB 		.ascii	"+=T\3536\254_\265j\245\207r\335\306\177^\277\312C\261"
 553      36AC5FB5 
 553      6AA58772 
 553      DDC67F5E 
 553      BFCA43B1 
 554 2069 761D8C50 		.ascii	"v\035\214P\374{\017\017\015s\346\326 2Y\260\363\015"
 554      FC7B0F0F 
 554      0D73E6D6 
 554      203259B0 
 554      F30D
 555 207b E4F30218 		.ascii	"\344\363\002\030\022\240\"_\237x\313\324\336\3336n\363"
 555      12A0225F 
 555      9F78CBD4 
 555      DEDB366E 
 555      F3
 556 208c D9E0A7D5 		.ascii	"\331\340\247\325\006\331\223\234\350\353\017\024\277"
 556      06D9939C 
 556      E8EB0F14 
ARM GAS  C:\Users\CYIRKO~1\AppData\Local\Temp\ccS8kbY0.s 			page 45


 556      BF
 557 2099 79FF8CC8 		.ascii	"y\377\214\310\227s\320\311\011<\261~\273\336\2359\343"
 557      9773D0C9 
 557      093CB17E 
 557      BBDE9D39 
 557      E3
 558 20aa 9F202D7A 		.ascii	"\237 -zo\320{\351\364\377\305\2507\324k\375V2\274\210"
 558      6FD07BE9 
 558      F4FFC5A8 
 558      37D46BFD 
 558      5632BC88 
 559 20be 1A1ADF40 		.ascii	"\032\032\337@b)\233`\250\031\342\013eC\005\206\256\206"
 559      62299B60 
 559      A819E20B 
 559      65430586 
 559      AE86
 560 20d0 BCB5F443 		.ascii	"\274\265\364C\206\020H\207:\264\341\373`\322\362C\322"
 560      86104887 
 560      3AB4E1FB 
 560      60D2F243 
 560      D2
 561 20e1 F9F74471 		.ascii	"\371\367Dq\005\031n\320\375+\334\335\274\267l\375\277"
 561      05196ED0 
 561      FD2BDCDD 
 561      BCB76CFD 
 561      BF
 562 20f2 A8743E84 		.ascii	"\250t>\204"
 563              		.text
 564              		.section	.gnu.lto_.symtab.9f65f8e6,"",%progbits
 565 0000 6D61696E 		.ascii	"main\000"
 565      00
 566 0005 00       		.ascii	"\000"
 567 0006 00       		.ascii	"\000"
 568 0007 00       		.ascii	"\000"
 569 0008 00000000 		.ascii	"\000\000\000\000\000\000\000\000"
 569      00000000 
 570 0010 8C020000 		.ascii	"\214\002\000\000"
 571 0014 44414344 		.ascii	"DACD1\000"
 571      3100
 572 001a 00       		.ascii	"\000"
 573 001b 02       		.ascii	"\002"
 574 001c 00       		.ascii	"\000"
 575 001d 00000000 		.ascii	"\000\000\000\000\000\000\000\000"
 575      00000000 
 576 0025 B1020000 		.ascii	"\261\002\000\000"
 577 0029 63685468 		.ascii	"chThdSleep\000"
 577      64536C65 
 577      657000
 578 0034 00       		.ascii	"\000"
 579 0035 02       		.ascii	"\002"
 580 0036 00       		.ascii	"\000"
 581 0037 00000000 		.ascii	"\000\000\000\000\000\000\000\000"
 581      00000000 
 582 003f 93020000 		.ascii	"\223\002\000\000"
 583 0043 64616350 		.ascii	"dacPutChannelX\000"
 583      75744368 
 583      616E6E65 
ARM GAS  C:\Users\CYIRKO~1\AppData\Local\Temp\ccS8kbY0.s 			page 46


 583      6C5800
 584 0052 00       		.ascii	"\000"
 585 0053 02       		.ascii	"\002"
 586 0054 00       		.ascii	"\000"
 587 0055 00000000 		.ascii	"\000\000\000\000\000\000\000\000"
 587      00000000 
 588 005d 99020000 		.ascii	"\231\002\000\000"
 589 0061 64616353 		.ascii	"dacStart\000"
 589      74617274 
 589      00
 590 006a 00       		.ascii	"\000"
 591 006b 02       		.ascii	"\002"
 592 006c 00       		.ascii	"\000"
 593 006d 00000000 		.ascii	"\000\000\000\000\000\000\000\000"
 593      00000000 
 594 0075 9E020000 		.ascii	"\236\002\000\000"
 595 0079 5F70616C 		.ascii	"_pal_lld_setgroupmode\000"
 595      5F6C6C64 
 595      5F736574 
 595      67726F75 
 595      706D6F64 
 596 008f 00       		.ascii	"\000"
 597 0090 02       		.ascii	"\002"
 598 0091 00       		.ascii	"\000"
 599 0092 00000000 		.ascii	"\000\000\000\000\000\000\000\000"
 599      00000000 
 600 009a AA020000 		.ascii	"\252\002\000\000"
 601 009e 68616C49 		.ascii	"halInit\000"
 601      6E697400 
 602 00a6 00       		.ascii	"\000"
 603 00a7 02       		.ascii	"\002"
 604 00a8 00       		.ascii	"\000"
 605 00a9 00000000 		.ascii	"\000\000\000\000\000\000\000\000"
 605      00000000 
 606 00b1 AD020000 		.ascii	"\255\002\000\000"
 607 00b5 63685379 		.ascii	"chSysInit\000"
 607      73496E69 
 607      7400
 608 00bf 00       		.ascii	"\000"
 609 00c0 02       		.ascii	"\002"
 610 00c1 00       		.ascii	"\000"
 611 00c2 00000000 		.ascii	"\000\000\000\000\000\000\000\000"
 611      00000000 
 612 00ca AF020000 		.ascii	"\257\002\000\000"
 613              		.text
 614              		.section	.gnu.lto_.opts,"",%progbits
 615 0000 272D666D 		.ascii	"'-fmath-errno' '-fsigned-zeros' '-ftrapping-math' '"
 615      6174682D 
 615      6572726E 
 615      6F272027 
 615      2D667369 
 616 0033 2D666E6F 		.ascii	"-fno-trapv' '-fno-openmp' '-fno-openacc' '-mcpu=cor"
 616      2D747261 
 616      70762720 
 616      272D666E 
 616      6F2D6F70 
 617 0066 7465782D 		.ascii	"tex-m7' '-mno-thumb-interwork' '-mthumb' '-ggdb' '-"
ARM GAS  C:\Users\CYIRKO~1\AppData\Local\Temp\ccS8kbY0.s 			page 47


 617      6D372720 
 617      272D6D6E 
 617      6F2D7468 
 617      756D622D 
 618 0099 4F322720 		.ascii	"O2' '-fomit-frame-pointer' '-falign-functions=16' '"
 618      272D666F 
 618      6D69742D 
 618      6672616D 
 618      652D706F 
 619 00cc 2D666675 		.ascii	"-ffunction-sections' '-fdata-sections' '-fno-common"
 619      6E637469 
 619      6F6E2D73 
 619      65637469 
 619      6F6E7327 
 620 00ff 2720272D 		.ascii	"' '-flto'\000"
 620      666C746F 
 620      2700
 621              		.text
 622              		.comm	__gnu_lto_v1,1,1
 623              		.comm	__gnu_lto_slim,1,1
 624              		.ident	"GCC: (GNU Tools for ARM Embedded Processors 6-2017-q1-update) 6.3.1 20170215 (release) [AR
ARM GAS  C:\Users\CYIRKO~1\AppData\Local\Temp\ccS8kbY0.s 			page 48


DEFINED SYMBOLS
                            *ABS*:00000000 main.c
                            *COM*:00000001 __gnu_lto_v1
                            *COM*:00000001 __gnu_lto_slim

NO UNDEFINED SYMBOLS
