ARM GAS  C:\Users\CYIRKO~1\AppData\Local\Temp\ccGDQRLm.s 			page 1


   1              		.cpu cortex-m7
   2              		.eabi_attribute 20, 1
   3              		.eabi_attribute 21, 1
   4              		.eabi_attribute 23, 3
   5              		.eabi_attribute 24, 1
   6              		.eabi_attribute 25, 1
   7              		.eabi_attribute 26, 1
   8              		.eabi_attribute 30, 2
   9              		.eabi_attribute 34, 1
  10              		.eabi_attribute 18, 4
  11              		.file	"enc.c"
  12              		.text
  13              	.Ltext0:
  14              		.section	.gnu.lto_.profile.df53cc6a,"",%progbits
  15 0000 789C6365 		.ascii	"x\234ce`b`a```d\360\220\003\000\001.\000s"
  15      60626061 
  15      60606064 
  15      F0900300 
  15      012E0073 
  16              		.text
  17              		.section	.gnu.lto_.icf.df53cc6a,"",%progbits
  18 0000 789C6365 		.ascii	"x\234ce`b0g@\000N\206\246[3\317\2612n\377z\271\231\237"
  18      60623067 
  18      40004E86 
  18      A65B33CF 
  18      B1326EFF 
  19 0018 A969DBDF 		.ascii	"\251i\333\337g\374\314]\307O~fc}\273\365\326E\026\266"
  19      67FCCC5D 
  19      C74F7E66 
  19      637DBBF5 
  19      D64516B6 
  20 002c 357F6F5C 		.ascii	"5\177o\\gc\357Xp\347\004\033\307\353\356\253{\3709\177"
  20      6763EF58 
  20      70E7041B 
  20      C7EBEEAB 
  20      7BF8397F 
  21 0040 3CB8CFCB 		.ascii	"<\270\317\313\000\000\011\326\033\342"
  21      000009D6 
  21      1BE2
  22              		.text
  23              		.section	.gnu.lto_.jmpfuncs.df53cc6a,"",%progbits
  24 0000 789C6365 		.ascii	"x\234ce`b\010e@\0006 fbbd\004\261\231\031\030X\030\247"
  24      60620865 
  24      40003620 
  24      66626264 
  24      04B19919 
  25 0018 3333EEDC 		.ascii	"33\356\334\371\3466{\375\337\006\216\371\314\014\213"
  25      F9E6367B 
  25      FDDF068E 
  25      F9CC0C8B 
  26 0028 81820C8C 		.ascii	"\201\202\014\214\313\031\353\031\030Y\030@\222\315\277"
  26      CB19EB19 
  26      18591840 
  26      92CDBF
  27 0037 F67FE603 		.ascii	"\366\177\346\003JJ\314gf\\\314\014\324\307\270\002\""
  27      4A4ACC67 
  27      665CCC0C 
ARM GAS  C:\Users\CYIRKO~1\AppData\Local\Temp\ccGDQRLm.s 			page 2


  27      D4C7B802 
  27      22
  28 0048 C90E54C8 		.ascii	"\311\016T\310\301\300\300\011\244\000\016$\021B"
  28      C1C0C009 
  28      A4000E24 
  28      1142
  29              		.text
  30              		.section	.gnu.lto_.inline.df53cc6a,"",%progbits
  31 0000 789C6365 		.ascii	"x\234ce`bhc@\0006 bed`b\373\240\307\300\266@\236\011"
  31      60626863 
  31      40003620 
  31      62656460 
  31      62FBA0C7 
  32 0019 24C6C4C0 		.ascii	"$\306\304\300\303\013\024\022\270\223\005\027b\344\002"
  32      C30B1412 
  32      B8930517 
  32      62E402
  33 0028 12CC0CEC 		.ascii	"\022\314\014\354\374@q\246\013\374pqf\036\220r\006v"
  33      FC4071A6 
  33      0BFC7071 
  33      661E9072 
  33      0676
  34 003a 06764E34 		.ascii	"\006vN4C\300:8\030X\230\321tp2\260\361\201\224\036\330"
  34      43C03A38 
  34      185898D1 
  34      747032B0 
  34      F181941E 
  35 004f CD081763 		.ascii	"\315\010\027c\000\000\210\027\014\333"
  35      00008817 
  35      0CDB
  36              		.text
  37              		.section	.gnu.lto_.pureconst.df53cc6a,"",%progbits
  38 0000 789C6365 		.ascii	"x\234ce`b\340e```c\220`\222b\226`\227\340`\341d\001"
  38      6062E065 
  38      60606063 
  38      90609262 
  38      966097E0 
  39 0018 00057900 		.ascii	"\000\005y\000\242"
  39      A2
  40              		.text
  41              		.section	.gnu.lto_EXT_CB_A.part.0.df53cc6a,"",%progbits
  42 0000 789C8D52 		.ascii	"x\234\215RMkSA\024\275g\356\344\345\003R\301\205(v\341"
  42      4D6B5341 
  42      14BD67EE 
  42      E4E50352 
  42      C1852876 
  43 0015 269416D4 		.ascii	"&\224\026\324\215+\177\207\177@B\300\205\004Q\027\356"
  43      8D2B7F87 
  43      7F4042C0 
  43      85045117 
  43      EE
  44 0026 328DB685 		.ascii	"2\215\266\205\012Z\020Sb-\257\030J[\255\266\215\237"
  44      0A5A1053 
  44      622DAF18 
  44      4A5BADB6 
  44      8D9F
  45 0038 51D0105D 		.ascii	"Q\320\020]t\021\025\025\021T\\\030*\244\332\200(\"\202"
ARM GAS  C:\Users\CYIRKO~1\AppData\Local\Temp\ccGDQRLm.s 			page 3


  45      74111515 
  45      11545C18 
  45      2AA4DA80 
  45      282282
  46 004b ADF74E9A 		.ascii	"\255\367N\232\252\320E\007\346\315\007\347\236s\356"
  46      AAD04507 
  46      E6CD07E7 
  46      9E73EE
  47 005a 79132143 		.ascii	"y\023!CeC\264\213\210\366\312D\204`G\236\311\306\302"
  47      6543B48B 
  47      88F6CA44 
  47      8460479E 
  47      C9C6C2
  48 006d F8D58075 		.ascii	"\370\325\200u\355\2171\240\033\027\003\345\254a\344"
  48      ED8F31A0 
  48      1B1703E5 
  48      AC61E4
  49 007c 709E4719 		.ascii	"p\236G\031\265\241O\025\323;\345dTG\177\035\350w\003"
  49      B5A14F15 
  49      D33BE564 
  49      54477F1D 
  49      E87703
  50 008f 3B43262A 		.ascii	";C&*\312\324\201)\364\222\300^\234\231\277\314\3478"
  50      CAD48129 
  50      F492C05E 
  50      9C99BFCC 
  50      E738
  51 00a1 14162BC7 		.ascii	"\024\026+\307\257O/5\272\364h\260G\216\341\340\312\030"
  51      AF4F2F35 
  51      BAF468B0 
  51      478EE1E0 
  51      CA18
  52 00b3 73128A6C 		.ascii	"s\022\212l\324\032\3379Ur.\357\252\213Xt6d\306U\260"
  52      D41ADF39 
  52      55722EEF 
  52      AA8B5874 
  52      3664C655 
  53 00c8 306206DD 		.ascii	"0b\006\335\230F\267g\026\350\354\373\307\037\002\336"
  53      9846B767 
  53      16E8ECFB 
  53      C71F02DE 
  54 00d8 EECBBE95 		.ascii	"\356\313\276\225\037\374\334\366\177\231\305\354\246"
  54      1FFCDCF6 
  54      7F99C5EC 
  54      A6
  55 00e5 651F1756 		.ascii	"e\037\027V/&\003\213\353H\341\032Rm\257\270\201\000"
  55      2F26038B 
  55      EB48E11A 
  55      526DAFB8 
  55      8100
  56 00f7 44A6733B 		.ascii	"D\246s;\367\022\316\255\256\0159\367v\007\"\240\220"
  56      F712CEAD 
  56      AE0D39F7 
  56      760722A0 
  56      90
  57 0108 23463F44 		.ascii	"#F?D\303\002\327$\316\262\325\225\227\220\367\016\336"
  57      C302D724 
ARM GAS  C:\Users\CYIRKO~1\AppData\Local\Temp\ccGDQRLm.s 			page 4


  57      CEB2D595 
  57      9790F70E 
  57      DE
  58 0119 5C7978A1 		.ascii	"\\yx\241\253o\332'\261\274\2738\021\023\343\264\236"
  58      AB6FDA27 
  58      B1BCBB38 
  58      1113E3B4 
  58      9E
  59 012a C21CFA14 		.ascii	"\302\034\372\0241\362\350`\317\244\267\330*\305\213"
  59      31F2E860 
  59      CFA4B7D8 
  59      2AC58B
  60 0139 AEFAB737 		.ascii	"\256\372\2677l\230\324*\314\243\207\226`H\235h1m&\322"
  60      6C98D42A 
  60      CCA38796 
  60      60489D68 
  60      316D26D2 
  61 014d 1A335EC5 		.ascii	"\0323^\305vT\026\274J\253\376\243\022\357\310\274J\266"
  61      765416BC 
  61      4AABFEA3 
  61      12EFC8BC 
  61      4AB6
  62 015f 65D6B3F8 		.ascii	"e\326\263\370W\306\022\312\035\031mZ\252I\2732\276\253"
  62      57C612CA 
  62      1D196D5A 
  62      AA49BB32 
  62      BEAB
  63 0171 26F28566 		.ascii	"&\362\205f\375\220\3062\316\020\332\302@\355yT\177Y"
  63      FD90C632 
  63      CE10DAC2 
  63      40ED7954 
  63      7F59
  64 0183 E08D542A 		.ascii	"\340\215T*_\336Es\277\235\350\007%n\007\273\\\177\375"
  64      5FDE4573 
  64      BF9DE807 
  64      256E07BB 
  64      5C7FFD
  65 0196 2411621C 		.ascii	"$\021b\034!GqK^\310M\015\035\267\021\202\2328]\030D"
  65      2147714B 
  65      5EC84D0D 
  65      1DB71182 
  65      9A385D18 
  66 01ab 9BCEB419 		.ascii	"\233\316\264\031\327fZ\367\003e\214\012\364\216@U3\256"
  66      D7665AF7 
  66      03658C0A 
  66      F48E4055 
  66      33AE
  67 01bd 90ADF0DF 		.ascii	"\220\255\360\337\335\340\277'\374B\352\315\2637\277"
  67      DDE0BF27 
  67      FC42EACD 
  67      B337BF
  68 01cc 82FCC4E7 		.ascii	"\202\374\304\347\2042\371`\206\031z-\210\304\211\343"
  68      8432F960 
  68      86197A2D 
  68      88C489E3 
  69 01dc E9FD996C 		.ascii	"\351\375\231lz_\232l\346\324\311c\321\364\221\303\331"
  69      7A5F9A6C 
ARM GAS  C:\Users\CYIRKO~1\AppData\Local\Temp\ccGDQRLm.s 			page 5


  69      E6D4C963 
  69      D1F491C3 
  69      D9
  70 01ed 6CE6E81F 		.ascii	"l\346\350\037T\246\335\262"
  70      54A6DDB2 
  71              		.text
  72              		.section	.gnu.lto_EXT_CB_A.df53cc6a,"",%progbits
  73 0000 789C8552 		.ascii	"x\234\205R[KTQ\024^\337\331\347\2349s\232\361\241 \012"
  73      5B4B5451 
  73      145EDFD9 
  73      E79C3973 
  73      9AF1A120 
  74 0015 447C0844 		.ascii	"D|\010D\037\232\036z\212\372\027\375\201\030\204\036"
  74      1F9A1E7A 
  74      8AFA17FD 
  74      8118841E 
  75 0025 42A27AE8 		.ascii	"B\242z\350m\366L^\302\240$kl29\222\305Xij^j\2745\250"
  75      6DF64C5E 
  75      C2A0246B 
  75      6C323992 
  75      C558696A 
  76 003e 50891586 		.ascii	"P\211\025\206Q`\004]a\274ABBa\332Z\347\214\021\022\264"
  76      5160045D 
  76      61BC4142 
  76      4261DA5A 
  76      E78C1112 
  77 0053 61EF7DF6 		.ascii	"a\357}\366:\337\372\326Z\337Z\026\031\244\025\321^\""
  77      3ADFFAD6 
  77      5ADF5A16 
  77      19A415D1 
  77      5E22
  78 0065 3AC21B36 		.ascii	":\302\0336\301hzA\224t\014C\215\226\221v\315\271\030"
  78      C1687A41 
  78      94740C43 
  78      8D969176 
  78      CDB918
  79 0078 E9888225 		.ascii	"\351\210\202%f\230\301\235t,@>\264\003J\030\312\264"
  79      6698C19D 
  79      742C403E 
  79      B4034A18 
  79      CAB4
  80 008a 90C025D5 		.ascii	"\220\300%\325\2420\321\3605gTf5\257|\313\317\203I]\267"
  80      A230D1F0 
  80      35675466 
  80      35AF7CCB 
  80      CF83495D 
  81 009f C7E30019 		.ascii	"\307\343\000\031\336\262\220E%\243fk{o\250\213\312S"
  81      DEB29045 
  81      25A3666B 
  81      7B6FA88B 
  81      CA53
  82 00b1 80C9CF6F 		.ascii	"\200\311\317o\317\257\177*\221\247\201r~z\365\313\255"
  82      CFAF7F2A 
  82      91A78172 
  82      7E7AF5CB 
  82      AD
  83 00c2 4A4541FC 		.ascii	"JEA\374\375\246\351\361\241\212\333Z\247t~\356\212\322"
ARM GAS  C:\Users\CYIRKO~1\AppData\Local\Temp\ccGDQRLm.s 			page 6


  83      FDA6E9F1 
  83      A18ADB5A 
  83      A7747EEE 
  83      8AD2
  84 00d4 FB3CA570 		.ascii	"\373<\245p\027\212\371p\007\245\350D)\261\211p\017\025"
  84      178AF970 
  84      07A5E844 
  84      29B18970 
  84      0F15
  85 00e6 8CEE7A37 		.ascii	"\214\356z7\371\336V;}\317\225\231\265\\\270\350\272"
  85      F9DE563B 
  85      7DCF9599 
  85      B55CB8E8 
  85      BA
  86 00f7 94F65D4D 		.ascii	"\224\366]Mtmw5\011\335\250\020\374\307\276\215\253Q"
  86      746D7735 
  86      09DDA810 
  86      FCC7BE8D 
  86      AB51
  87 0109 DB0C52C5 		.ascii	"\333\014R\305}\330\340\273\347\025\362zc\263A\347\327"
  87      7DD8E0BB 
  87      E715F27A 
  87      63B341E7 
  87      D7
  88 011a 764DEF8E 		.ascii	"vM\357\216\000\022\210\263f\037\233\275\255\220\034"
  88      001288B3 
  88      661F9BBD 
  88      AD901C
  89 0129 8E1C613E 		.ascii	"\216\034a>lW\016\242F\246\020u.(Cn\365\005\251\366\315"
  89      6C570EA2 
  89      46A61075 
  89      2E28436E 
  89      F505A9F6 
  90 013e 59F8A4EC 		.ascii	"Y\370\244\354\337\246@b\352X\010L\335bRT\300\304pa\372"
  90      DFA64062 
  90      EA58084C 
  90      DD625254 
  90      C0C47061 
  91 0153 8098DA94 		.ascii	"\200\230\332\224\315\031\245\353&^\206D\226\220_P\363"
  91      CD19A5EB 
  91      265E8644 
  91      96905F50 
  91      F3
  92 0164 F7EC072B 		.ascii	"\367\354\007+x\352\336\363Z\204\033\273\334?\344zhK"
  92      78EADEF3 
  92      5A841BBB 
  92      DC3FE47A 
  92      684B
  93 0176 B2DCE59E 		.ascii	"\262\334\345\236r\320\313\205\365pa\202\357X\355\032"
  93      72D0CB85 
  93      F5706182 
  93      EF58ED1A 
  94 0186 B163DDBA 		.ascii	"\261c\335\2726)\377\302\350\203\207k~\037\360\0001\016"
  94      3629FFC2 
  94      E883876B 
  94      7E1FF000 
  94      310E
ARM GAS  C:\Users\CYIRKO~1\AppData\Local\Temp\ccGDQRLm.s 			page 7


  95 0198 776EB51E 		.ascii	"wn\265\036A\264P\020\360\331\255\341\365\210D\260`\241"
  95      41B45010 
  95      F0D9ADE1 
  95      F58844B0 
  95      60A1
  96 01aa 9F6918B3 		.ascii	"\237i\030\263\276\205q\030\306\230\201\251'\365N\200"
  96      BE857118 
  96      C69881A9 
  96      27F54E80 
  97 01ba 010618F3 		.ascii	"\001\006\030\363\031\265\363\223\207\213\030\006\364"
  97      19B5F393 
  97      878B1806 
  97      F4
  98 01c7 2CE57E44 		.ascii	",\345~D\003\000aPr!QB\321h\031\013a\010P\372zs\274\271"
  98      03006150 
  98      72215142 
  98      D168190B 
  98      610850FA 
  99 01df A4AAD39F 		.ascii	"\244\252\323\237\223\225V#\323\356H\033\213C2\204\252"
  99      93955623 
  99      D3EE481B 
  99      8B433284 
  99      AA
 100 01f0 40A37FA1 		.ascii	"@\243\177\241\237&\015H\337\212\330\207\202U\264\010"
 100      9F260D48 
 100      DF8AD887 
 100      8255B408 
 101 0200 2558A93B 		.ascii	"%X\251;\227[\232\017%~ift3LCx\204\0047f\207\237\207"
 101      975B9A0F 
 101      257E6966 
 101      74334C43 
 101      78840437 
 102 0218 49733155 		.ascii	"Is1U@*]x{4H:\374\267\324\021l\243\210tHZl[\230y=%Zs"
 102      402A5D78 
 102      7B34483A 
 102      FCB7D411 
 102      6CA38874 
 103 0236 F0288679 		.ascii	"\360(\206y\336sR\033FXU\321)\275\245\223\0330\0166\314"
 103      DE73521B 
 103      465855D1 
 103      29BDA593 
 103      1B300E36 
 104 024b F4B9C218 		.ascii	"\364\271\302\030e\235F}-S\351p\261\236\377\362\217\375"
 104      659D467D 
 104      2D53E970 
 104      B19EFFF2 
 104      8FFD
 105 025d E11F677E 		.ascii	"\341\037g~&\365s\267\374iZ\346\321Yt\375je5r\211l6\210"
 105      26F573B7 
 105      FC695AE6 
 105      D15974FD 
 105      6A653572 
 106 0275 DCD3A7E2 		.ascii	"\334\323\247\342\261\352\232\370\3768\231\325g\317\234"
 106      B1EA9AF8 
 106      FE3899D5 
 106      67CF9C
 107 0284 0CC58F1F 		.ascii	"\014\305\217\037\253\251\251>\361\033b\320\034\253"
ARM GAS  C:\Users\CYIRKO~1\AppData\Local\Temp\ccGDQRLm.s 			page 8


 107      ABA9A93E 
 107      F11B62D0 
 107      1CAB
 108              		.text
 109              		.section	.gnu.lto_lld_Encoder_Init.part.1.df53cc6a,"",%progbits
 110 0000 789C5D91 		.ascii	"x\234]\221MKBA\024\206\317;g\324\233\230\324\256E\213"
 110      4D4B4241 
 110      1486CF3B 
 110      67D49B98 
 110      D4AE458B 
 111 0014 56818BEA 		.ascii	"V\201\213\352GI\253\240E\375\200;&fhT\233\262\242\270"
 111      4749ABA0 
 111      45FD803B 
 111      26666854 
 111      9BB2A2B8 
 112 0028 810BFBD4 		.ascii	"\201\013\373\324\264\\\270*$\210@\012\002W\355Z\364"
 112      B45CB82A 
 112      2488400A 
 112      0257ED5A 
 112      F4
 113 0039 61B5AA4D 		.ascii	"a\265\252MB\326\231[\20480\234\231s\336y\33693\001R"
 113      42D6995B 
 113      8438309C 
 113      9973DE79 
 113      DE393301 
 114 004e 7409A208 		.ascii	"t\011\242\010\021\215\311D\200\240W\256e\241\241\374"
 114      118DC944 
 114      80A057AE 
 114      65A1A1FC 
 115 005e A8C03626 		.ascii	"\250\3006&\034\006\354\3028 W+\206\213e\3161\352\351"
 115      1C06ECC2 
 115      3820572B 
 115      868B65CE 
 115      31EAE9
 116 0071 879A8A15 		.ascii	"\207\232\212\025\214\214\363\334Vp\336\244\206<&\332"
 116      8C8CF3DC 
 116      5670DEA4 
 116      863C26DA 
 117 0081 9069070A 		.ascii	"\220i\007\012\210\221\310\356\313\235\325\376\240\376"
 117      8891C8EE 
 117      CB9DD5FE 
 117      A0FE
 118 008f CD631741 		.ascii	"\315c\027A1\245\322-\214\351|\247\215i\217\016j\242"
 118      31A5D22D 
 118      8CE97CA7 
 118      8D698F0E 
 118      6AA2
 119 00a1 8C14AD47 		.ascii	"\214\024\255G\206\265\215\234e\345\307\027\244v\036"
 119      86B58D9C 
 119      65E5C717 
 119      A4761E
 120 00b0 1703F698 		.ascii	"\027\003\366\230e\325j\257w!\367\3138\036c\203\005\204"
 120      65D56AAF 
 120      7721F7CB 
 120      381E6383 
 120      0584
 121 00c2 3DB8B6B0 		.ascii	"=\270\266\260\226\252\337\204\226\330c\205\036\235\312"
ARM GAS  C:\Users\CYIRKO~1\AppData\Local\Temp\ccGDQRLm.s 			page 9


 121      96AADF84 
 121      96D86385 
 121      1E9DCA
 122 00d1 5B5FC9B5 		.ascii	"[_\311\265\032\315\213\260\207mx\3148\220&\3661\354"
 122      1ACD8BB0 
 122      876D78CC 
 122      389026F6 
 122      31EC
 123 00e3 1776DA9F 		.ascii	"\027v\332\237\315\210\210\027\214\031\261\200Cx\360"
 123      CD888817 
 123      8C19B180 
 123      4378F0
 124 00f2 0D7104B7 		.ascii	"\015q\004\267\233\255}v\262}\366\036\025\2714\253\363"
 124      9BAD7D76 
 124      B27DF61E 
 124      15B934AB 
 124      F3
 125 0103 F60E92BB 		.ascii	"\366\016\222\273\332<\230\022tb\300\343\000J\302.\376"
 125      DA3C9812 
 125      7462C0E3 
 125      004AC22E 
 125      FE
 126 0114 B1BF5B95 		.ascii	"\261\277[\225b\237\210\327}\266\306\361?\273\014\327"
 126      629F88D7 
 126      7DB6C6F1 
 126      3FBB0CD7 
 127 0124 E3203D63 		.ascii	"\343 =c\356\343i3\031\265\311n\257Po\037\241\274<IO"
 127      EEE36933 
 127      19B5C96E 
 127      AF506F1F 
 127      A1BC3C49 
 128 0139 1F0E4EC4 		.ascii	"\037\016N\304\253b\275p*d\251V\323\215r\330\002\034"
 128      AB62BD70 
 128      2A64A956 
 128      D38D72D8 
 128      021C
 129 014b 00555BA1 		.ascii	"\000U[\241,\263\377\226oP\277?\223\221[KBv\341\331\231"
 129      2CB3FF96 
 129      6F50BF3F 
 129      93915B4B 
 129      4276E1D9 
 130 0160 F8C4E474 		.ascii	"\370\304\344t|<N?x\255\231\370"
 130      7C3C4E3F 
 130      78AD99F8 
 131              		.text
 132              		.section	.gnu.lto_EXTcfg.df53cc6a,"",%progbits
 133 0000 789C8D91 		.ascii	"x\234\215\221MK\002Q\024\206\347\314u\262\314\262e\304"
 133      4D4B0251 
 133      1486E7CC 
 133      75B2CCB2 
 133      65C4
 134 0012 2CFA0585 		.ascii	",\372\005\205\265\361\377H\333\026\365\003\234\300 "
 134      B5F1FF48 
 134      DB16F503 
 134      9CC020
 135 0021 0A6C13A5 		.ascii	"\012l\023\245\021LPaf\331\330\2075\323\227iV\256\252"
 135      114C5061 
ARM GAS  C:\Users\CYIRKO~1\AppData\Local\Temp\ccGDQRLm.s 			page 10


 135      66D9D887 
 135      35D39769 
 135      56AEAA
 136 0034 55482E22 		.ascii	"UH.\"\"\"$B\004\013\263z\247;\233V\335\273\270\017/"
 136      22222442 
 136      040BB37A 
 136      A73B9B56 
 136      DDBBB80F 
 137 0049 E7E1DCC3 		.ascii	"\347\341\334\303\271\212$KE&I^\211\2379F\263\343\271"
 137      B98A244B 
 137      4526495E 
 137      899F3946 
 137      B3E3B9
 138 005c 2B7784E9 		.ascii	"+w\204\351L\";nV\314\217\016;\322o|(g\347Y \243M,j\275"
 138      4C223B6E 
 138      56CC8F0E 
 138      3BD26F7C 
 138      2867E759 
 139 0076 3A93A3B0 		.ascii	":\223\243\260VI\215\242\032'\325\026R\325Z\252\305\366"
 139      56498DA2 
 139      1A27D516 
 139      52D55AAA 
 139      C5F6
 140 0088 19F944FC 		.ascii	"\031\371D\374fy\354K\346~\247\210\277\364b\346\025\356"
 140      6679EC4B 
 140      E67EA788 
 140      BFF462E6 
 140      15EE
 141 009a 7788F88D 		.ascii	"w\210\370\215\347\231\022q\337+\342\337\226\302\246"
 141      E7991271 
 141      DF2BE2DF 
 141      96C2A6
 142 00a9 E3B70BCD 		.ascii	"\343\267\013\315\377v\335\364r\337#\342'3+\226\323\277"
 142      FF76DDF4 
 142      72DF23E2 
 142      27332B96 
 142      D3BF
 143 00bb 0DD1342B 		.ascii	"\015\3214+w\356PS\233\320\264\373\251\367\356\036\254"
 143      77EE5053 
 143      9BD0B4FB 
 143      A9F7EE1E 
 143      AC
 144 00cc 3DC6F847 		.ascii	"=\306\370G\354\245\247_]|\363Ov\216\224\214\203\326"
 144      ECA5A75F 
 144      5D7CF34F 
 144      768E948C 
 144      83D6
 145 00de BFADF779 		.ascii	"\277\255\367y\353=\012\011\375Mmr\274\316\370\333n\021"
 145      EB3D0A09 
 145      FD4D6D72 
 145      BCCEF8DB 
 145      6E11
 146 00f0 FFB1B161 		.ascii	"\377\261\261aur\277E\304/.[\237\316.\024\021\377&l,"
 146      7572BF45 
 146      C42F2E5B 
 146      9FCE2E14 
 146      11FF266C 
ARM GAS  C:\Users\CYIRKO~1\AppData\Local\Temp\ccGDQRLm.s 			page 11


 147 0105 38F3B844 		.ascii	"8\363\270D\374\\\325\210;\375\231\210_\370\256g}\334"
 147      FC5CD588 
 147      3BFD9988 
 147      5FF8AE67 
 147      7DDC
 148 0117 9745FC7F 		.ascii	"\227E\374\177\205p$\357\347uM\321\231\213\374*]P\200"
 148      857024EF 
 148      E7754DD1 
 148      998BFC2A 
 148      5D5080
 149 012a 06543A07 		.ascii	"\006T:\007\012\244\322\031\230\007s\340)\230\005O\300"
 149      0AA4D219 
 149      980773E0 
 149      2998054F 
 149      C0
 150 013b 63F0083C 		.ascii	"c\360\010<\004\017@\013\034T\311\0042\210\273\340\016"
 150      040F400B 
 150      1C54C904 
 150      3288BBE0 
 150      0E
 151 014c B80D6E81 		.ascii	"\270\015n\201i\320\0007\301\024\270\001\256\203Ip\015"
 151      69D00037 
 151      C114B801 
 151      AE834970 
 151      0D
 152 015d 4C50C09E 		.ascii	"LP\300\236'\021+x\371<]:S\242L\246K\024\250\210\313"
 152      27112B78 
 152      F93C5D3A 
 152      53A24CA6 
 152      4B14A888 
 153 0172 333A12EC 		.ascii	"3:\022\354\037\032\016\366\005\245\037()0U"
 153      1F1A0EF6 
 153      05A51F28 
 153      293055
 154              		.text
 155              		.section	.gnu.lto_lld_Encoder_Init.df53cc6a,"",%progbits
 156 0000 789C6D8F 		.ascii	"x\234m\217?K\003A\020\305\347\355\354]\216\343\354S"
 156      3F4B0341 
 156      10C5E7ED 
 156      EC5D8EE3 
 156      EC53
 157 0012 485A4963 		.ascii	"HZIc\012?\322ak\241\037\340V1\006\"\250\215\211\001"
 157      0A3FD261 
 157      6BA11FE0 
 157      56310622 
 157      A88D8901 
 158 0026 C32116F1 		.ascii	"\303!\026\361/by\251\216$eP\020\264I'\"D\315G\360t&"
 158      2F6279A9 
 158      8E246550 
 158      10B44927 
 158      2244CD47 
 159 003d E9C48561 		.ascii	"\351\304\205a\330\037o\337{\353\221\241\025\020ED\264"
 159      D81F6FDF 
 159      7BEB91A1 
 159      15104544 
 159      B4
 160 004e 26038F60 		.ascii	"&\003\217`\216\036\210\266\003c\354K\215\\\310\375\012"
ARM GAS  C:\Users\CYIRKO~1\AppData\Local\Temp\ccGDQRLm.s 			page 12


 160      8E1E88B6 
 160      0363EC4B 
 160      8D5CC8FD 
 160      0A
 161 005f B9886115 		.ascii	"\271\210a\025\303\002\272]\000J\014[$8\3446c\320x\317"
 161      C302BA5D 
 161      004A0C5B 
 161      2438E436 
 161      63D078CF 
 162 0073 4CB5E7E4 		.ascii	"L\265\347\344\344\355S\177\317\325\313)\023ud\364\240"
 162      E4ED537F 
 162      CFD5CB29 
 162      137564F4 
 162      A0
 163 0084 872A89EC 		.ascii	"\207*\211\354\365\2768^\362\355\202\343\002\276D\323"
 163      F5BE385E 
 163      F2ED82E3 
 163      02BE44D3 
 164 0094 DD137257 		.ascii	"\335\023rW\3744\\^\224\317f\221g(e\341M\321h\324>\033"
 164      FC345C5E 
 164      94CF6691 
 164      672865E1 
 164      4DD168D4 
 165 00aa DD3CC54E 		.ascii	"\335<\305Nkz2\364\365Y\227\215\270\265\352\203\307\322"
 165      6B7A32F4 
 165      F559978D 
 165      B8B5EA83 
 165      C7D2
 166 00bc 01A76CA0 		.ascii	"\001\247l\240\346Y\3665)%\337.\020p\256\001\302>\306"
 166      E659F635 
 166      2925DF2E 
 166      1070AE01 
 166      C23EC6
 167 00cf CFA33045 		.ascii	"\317\2430E\027b\211+i{\211eI\276F\012z\303\356d8\302"
 167      1762892B 
 167      697B8965 
 167      49BE460A 
 167      7AC3EE64 
 168 00e5 3F7E00E1 		.ascii	"?~\000\341F\205\244\361L\375\012\177\202U\370'\207;"
 168      4685A4F1 
 168      4CFD0A7F 
 168      8255F827 
 168      873B
 169 00f7 DA14B748 		.ascii	"\332\024\267H\244\263\235\253\355\274\354\014f\361\363"
 169      A4B39DAB 
 169      EDBCEC0C 
 169      66F1F3
 170 0106 A60804C8 		.ascii	"\246\010\004\310-\334\332\214k\353\033\361jL\277\312"
 170      2DDCDA8C 
 170      6BEB1BF1 
 170      6A4CBFCA 
 171 0116 506211   		.ascii	"Pb\021"
 172              		.text
 173              		.section	.gnu.lto_get_ticks.df53cc6a,"",%progbits
 174 0000 789C2D4F 		.ascii	"x\234-O=K\003Q\020\334y{^\316`\374\001\232\"m\032\375"
 174      3D4B0351 
 174      10DC797B 
ARM GAS  C:\Users\CYIRKO~1\AppData\Local\Temp\ccGDQRLm.s 			page 13


 174      5ECE60FC 
 174      019A226D 
 175 0016 5187AD85 		.ascii	"Q\207\255\205\376\200{\006? \202\332\230\240\030\016"
 175      FE807B06 
 175      3F2082DA 
 175      98A0180E 
 176 0026 B1881A83 		.ascii	"\261\210\032\203\306\356\272C,\375J@\033;c\0231\205"
 176      C6EEBA43 
 176      2CFD4A40 
 176      1B3B6313 
 176      3185
 177 0038 8D9DD159 		.ascii	"\215\235\321Y\360\301\262;\373fgv\247\304\311\267\210"
 177      F0C1B23B 
 177      FB666776 
 177      A7C4C9B7 
 177      88
 178 0049 CC30E619 		.ascii	"\3140\346\031P\201\333{\020Y\213\034`\205\217 \211C"
 178      5081DB7B 
 178      10598B1C 
 178      60858F20 
 178      8943
 179 005b 825D6D2A 		.ascii	"\202]m*\372\353WG\272\243)i\001\341\327\375\341p\326"
 179      FAEB5747 
 179      BAA32969 
 179      01E1D7FD 
 179      E170D6
 180 006e 2050217C 		.ascii	" P!|\3176\307A\265\355\371\362\346 \354^?\371\351T\235"
 180      CF36C741 
 180      B5EDF9F2 
 180      E620EC5E 
 180      3FF9E954 
 181 0083 1C907E8A 		.ascii	"\034\220~\2122\332(\233\307\031\252B\366[o\262_\012"
 181      32DA289B 
 181      C719AA42 
 181      F65B6FB2 
 181      5F0A
 182 0095 03FB65F3 		.ascii	"\003\373e\363\034!\230/\007\310\375\344w\313\347/s\307"
 182      1C21982F 
 182      07C8FDE4 
 182      77CBE72F 
 182      73C7
 183 00a7 BD12874D 		.ascii	"\275\022\207M@\352\344\3306\333\004\314:B\2551\352\014"
 183      40EAE4D8 
 183      36DB04CC 
 183      3A42AD31 
 183      EA0C
 184 00b9 431B6BA9 		.ascii	"C\033k\251\243Zc\343\346\261`\253(L<\313>_\013\311\217"
 184      A35A63E3 
 184      E6B160AB 
 184      284C3CCB 
 184      3E5F0BC9 
 185 00ce 8FD83831 		.ascii	"\217\33081\003\366>\356\236o\213)ZH5\300\005O\352\330"
 185      03F63EEE 
 185      9E6F8B29 
 185      5A4835C0 
 185      054FEAD8 
 186 00e2 3EE82285 		.ascii	">\350\"\205\214Q\253\374\213\221L?\230\017\353\342\352"
ARM GAS  C:\Users\CYIRKO~1\AppData\Local\Temp\ccGDQRLm.s 			page 14


 186      8C51ABFC 
 186      8B914C3F 
 186      980FEBE2 
 186      EA
 187 00f3 4ABCB8B4 		.ascii	"J\274\270\264\034/\304\362\007|\224T\201"
 187      1C2FC4F2 
 187      077C9454 
 187      81
 188              		.text
 189              		.section	.gnu.lto_get_turnover.df53cc6a,"",%progbits
 190 0000 789C2D4F 		.ascii	"x\234-O\271J\203A\030\374f\277?\177\016\214\330'\201"
 190      B94A8341 
 190      18FC66BF 
 190      3F7F0E8C 
 190      D82781
 191 0013 B469F42D 		.ascii	"\264i\364-|\221`k\241\017\2205\321D\024\324\302$x\361"
 191      7C91606B 
 191      A10F9035 
 191      D14414D4 
 191      C22478F1 
 192 0027 2382F13E 		.ascii	"#\202\361>\300\302\200E\020A\002\036Q\320F\260P\020"
 192      C0C28045 
 192      1041021E 
 192      51D046B0 
 192      5010
 193 0039 225A080A 		.ascii	"\"Z\010\0126Fg1\013{\314\354\354\314lH\214\014B\244"
 193      36466731 
 193      0B7BCCEC 
 193      ECCC6C48 
 193      8C0C42A4 
 194 004d 4744129C 		.ascii	"GD\022\234P\201\231\273\022\031\213\030\300\035l\004"
 194      508199BB 
 194      12198B18 
 194      C01D6C04 
 195 005d 9233C861 		.ascii	"\2223\310aV\253\212\233\361\203e\235\321\2002\217\360"
 195      56AB8A9B 
 195      F183659D 
 195      D180328F 
 195      F0
 196 006e E372F1B9 		.ascii	"\343r\361\271\327A MX*W\346c\231\232\345hT?\375\343"
 196      D741204D 
 196      582A57E6 
 196      63999AE5 
 196      68543FFD 
 197 0083 97968D06 		.ascii	"\227\226\215\006jd\201\362\015$QC\322el\"#T?\035v\312"
 197      6A6481F2 
 197      0D245143 
 197      D2656C22 
 197      23543F1D 
 198 0099 71DF73B7 		.ascii	"q\337s\267$\267\340\263\207\354\337\242a;\277%\333x"
 198      24B7E0B3 
 198      87ECDFA2 
 198      613BBF25 
 198      DB78
 199 00ab 4CAC7EC5 		.ascii	"L\254~\305CF\002U\345\342y\342\254d\212j\327k\232\200"
 199      43460255 
 199      E5E279E2 
ARM GAS  C:\Users\CYIRKO~1\AppData\Local\Temp\ccGDQRLm.s 			page 15


 199      AC648A6A 
 199      D76B9A80 
 200 00bf BBB691AF 		.ascii	"\273\266\221\257\264O\012ag\260\242\206\276\225\211"
 200      B44F0A61 
 200      67B0A286 
 200      BE9589
 201 00ce D3EBB02B 		.ascii	"\323\353\260+\025\202\213\251\327\337\036\302\271\037"
 201      15828BA9 
 201      D7DF1EC2 
 201      B91F
 202 00dc 1B21B1E6 		.ascii	"\033!\261\346\242\310\275^\334\235\305\002\254 P\037"
 202      A2C8BD5E 
 202      DC9DC502 
 202      AC20501F 
 203 00ec 3BFCDCB6 		.ascii	";\374\334\266k\206]\004\020\032\336\027\361o\247t$Q"
 203      6B865D04 
 203      101ADE17 
 203      F16FA774 
 203      2451
 204 00fe 68159BDD 		.ascii	"h\025\233\335\000\217$\015\232\353\337\347\232Z\262"
 204      008F240D 
 204      9AEBDFE7 
 204      9A5AB2
 205 010d 93D6F645 		.ascii	"\223\326\366E\305v\307\021\375<\301\036R\362\216|\272"
 205      C576C711 
 205      FD3CC11E 
 205      52F28E7C 
 205      BA
 206 011e FB82916C 		.ascii	"\373\202\221l\015\327\226\375c\243#\331\201\241\341"
 206      0DD796FD 
 206      63A323D9 
 206      81A1E1
 207 012d 6C7F56FE 		.ascii	"l\177V\376\000b\372k\343"
 207      0062FA6B 
 207      E3
 208              		.text
 209              		.section	.gnu.lto_.symbol_nodes.df53cc6a,"",%progbits
 210 0000 789C558D 		.ascii	"x\234U\215\313\015\302@\014Dg\307x\221R\005\242\006"
 210      CB0DC240 
 210      0C4467C7 
 210      78915205 
 210      A206
 211 0012 0A80CA6C 		.ascii	"\012\200\312l$\304\231\002\370\204\020\250 \007\340"
 211      24C49902 
 211      F88410A8 
 211      2007E0
 212 0021 8272E246 		.ascii	"\202r\342F\015\021\205 6\341#\305'\353\215\237GA\334"
 212      0D118520 
 212      36E123C5 
 212      27EB8D9F 
 212      4741DC
 213 0034 9086471A 		.ascii	"\220\206G\032\260z\000\206p\361\332\247\200\256\311"
 213      B07A0086 
 213      70F1DAA7 
 213      80AEC9
 214 0043 F9B80DB7 		.ascii	"\371\270\015\267\264\360\015q\316k\217\211\235h\374"
 214      B4F00D71 
ARM GAS  C:\Users\CYIRKO~1\AppData\Local\Temp\ccGDQRLm.s 			page 16


 214      CE6B8F89 
 214      9D68FC
 215 0052 0B8B8F50 		.ascii	"\013\213\217P\022\243t\257;\006O\242\350\206\322-\314"
 215      12A374AF 
 215      3B064FA2 
 215      E886D22D 
 215      CC
 216 0063 69F2FB70 		.ascii	"i\362\373p\365Y\362\367\264A\237\0244\355\221p\240\305"
 216      F559F2F7 
 216      B4419F14 
 216      34ED9170 
 216      A0C5
 217 0075 8E00DE16 		.ascii	"\216\000\336\026\010\201by\217\"\031\312\346\025d(x"
 217      08816279 
 217      8F2219CA 
 217      E6156428 
 217      78
 218 0086 5613BC01 		.ascii	"V\023\274\001\237\226.D"
 218      9F962E44 
 219              		.text
 220              		.section	.gnu.lto_.refs.df53cc6a,"",%progbits
 221 0000 789C0DC8 		.ascii	"x\234\015\310\271\021\3000\014\004\261\335\223\251o"
 221      B911C030 
 221      0C04B1DD 
 221      93A96F
 222 000f DC8BFBEF 		.ascii	"\334\213\373\357\316L\020\240\010\037\264X\272\022\274"
 222      CE4C10A0 
 222      081FB458 
 222      BA12BC
 223 001e FA8E91C7 		.ascii	"\372\216\221\307\364\314X\211\213\251\033\3654\374\026"
 223      F4CC5889 
 223      8BA91BF5 
 223      34FC16
 224 002d F400B3   		.ascii	"\364\000\263"
 225              		.text
 226              		.section	.gnu.lto_.decls.df53cc6a,"",%progbits
 227 0000 789CAD58 		.ascii	"x\234\255XyPTG\032\177\335\375\006\206aD\012\254\204"
 227      79505447 
 227      1A7FDDFD 
 227      06866144 
 227      0AAC84
 228 0013 8AEC8672 		.ascii	"\212\354\206r\211N\355nDt\313Te7[\211H\022kM\244\220"
 228      894EED6E 
 228      4474CB54 
 228      65375B89 
 228      48126B4D 
 229 0029 B89B0ABB 		.ascii	"\270\233\012\273\263\010\243RAp\2311\225\354\037[O@"
 229      B308A352 
 229      41709931 
 229      95EC1F5B 
 229      4F40
 230 003b 103CC291 		.ascii	"\020<\302\221  (\212\027\202\342m\014\240#^\234\242"
 230      2020288A 
 230      1782E26D 
 230      0CA0235E 
 230      9CA2
 231 004d A0202897 		.ascii	"\240 (\227\012\236Q\004E<\242\373u\367\233y\217q\250"
ARM GAS  C:\Users\CYIRKO~1\AppData\Local\Temp\ccGDQRLm.s 			page 17


 231      0A9E5104 
 231      453CA2FB 
 231      75F79B79 
 231      8F71A8
 232 0060 648F297A 		.ascii	"d\217)z\346u\367\257\177\337\357\353\257\273\337\327"
 232      E675F7AF 
 232      7FDFEFEB 
 232      AFBBDFD7 
 233 0070 68042C24 		.ascii	"h\004,$\274*\010\377\"\202\020\203\005\341\005|\264"
 233      BC2A08FF 
 233      22821083 
 233      05E1057C 
 233      B4
 234 0081 8220EC84 		.ascii	"\202 \354\204\002U\241\015J\227\300?\256P\006\241<\204"
 234      0255A10D 
 234      4A97C03F 
 234      AE5006A1 
 234      3C84
 235 0093 320CE529 		.ascii	"2\014\345)\0247$\010c\241\214\203\"B\375\025\370\365"
 235      14372408 
 235      63A18C83 
 235      2242FD15 
 235      F8F5
 236 00a5 81321ECA 		.ascii	"\2012\036\312\004$\214\370\\\207:\345\236\007\305\013"
 236      04248CF8 
 236      5C873AE5 
 236      9E07C50B 
 237 00b5 CA3899BF 		.ascii	"\3128\231\277\001\212\013\224_A?\221\307`\225-\3324"
 237      018A0B94 
 237      5F413F91 
 237      C760952D 
 237      DA34
 238 00c7 DE81EB36 		.ascii	"\336\201\3536\324=F\341\232$\363}\006\230O\241L\202"
 238      D43D46E1 
 238      9A24F37D 
 238      06984FA1 
 238      4C82
 239 00d9 120E6540 		.ascii	"\022\016e@e\203\322\205\"n\347\241l\313\231\235\373"
 239      6583D285 
 239      226EE7A1 
 239      6CCB999D 
 239      FB
 240 00ea 507793ED 		.ascii	"Pw\223\355\374\025q\033\355\362\234tC\361\206\266\277"
 240      FC15711B 
 240      EDF29C74 
 240      43F186B6 
 240      BF
 241 00fb 41795DA5 		.ascii	"Ay]\245\233\316\015\235\017\242\232\017\307\271\010"
 241      9BCE0D9D 
 241      0FA29A0F 
 241      C7B908
 242 010a C45C638B 		.ascii	"\304\\c\213\254\267W\366\341\232\314K\307\336\200\322"
 242      ACB757F6 
 242      E19ACC4B 
 242      C7DE80D2 
 243 011a 07A547D6 		.ascii	"\007\245G\326\366Px\371\363\010:4\262\276\327e-F(\217"
 243      F65078F9 
ARM GAS  C:\Users\CYIRKO~1\AppData\Local\Temp\ccGDQRLm.s 			page 18


 243      F3083A34 
 243      B2BED765 
 243      2D46288F 
 244 012e 0445CF53 		.ascii	"\004E\317SY\023\345p\324\341\215\371x\333\034\272\242"
 244      5913E570 
 244      D4E18DF9 
 244      78DB1CBA 
 244      A2
 245 013f 9171A03F 		.ascii	"\221q\240?n\310\371\334\274\216\371\232\260\215\035"
 245      6EC8F9DC 
 245      BC8EF99A 
 245      B08D1D
 246 014e 83B84F41 		.ascii	"\203\270OA\302\313\034cG\341XK\320\271\244\335\371d"
 246      C2CB1C63 
 246      47E1584B 
 246      D0B9A4DD 
 246      F964
 247 0160 0D415E3A 		.ascii	"\015A^:$B\365~C\336U\017\250\216\323!?\250v\024\334"
 247      2442F57E 
 247      43DE550F 
 247      A88ED321 
 247      3FA87614 
 248 0175 1B140946 		.ascii	"\033\024\011F\024Y\266\374Z\261\026\272|u\350\005\242"
 248      1459B6FC 
 248      5AB116BA 
 248      7C75E805 
 248      A2
 249 0186 F53B871F 		.ascii	"\365;\207\037\217\341u\332}\362\305#\353X\250\206\350"
 249      8FE175DA 
 249      7DF2C523 
 249      EB58A886 
 249      E8
 250 0197 10866ADA 		.ascii	"\020\206j\332\325\262\0147\242e]\327\2522{\334E,\240"
 250      D5B20C37 
 250      A2655DD7 
 250      AA327BDC 
 250      452CA0
 251 01aa 9D88A052 		.ascii	"\235\210\240R\344\313\014\347\236~X\356N\274\031\240"
 251      E4CB0CE7 
 251      9E7E58EE 
 251      4EBC19A0 
 252 01ba 71A02743 		.ascii	"q\240'C\244\2002\000\374\306\027\355B\"m\276\333\332"
 252      A4803200 
 252      FCC617ED 
 252      42226DBE 
 252      DBDA
 253 01cc 33A825BE 		.ascii	"3\250%\276\014\222\334\325\225\215)d\017@~\355\213v"
 253      0C92DCD5 
 253      958D2964 
 253      0F407EED 
 253      8B76
 254 01de 7348D7E3 		.ascii	"sH\327\343\355\357O.\225\370G;\307\356\027\316\032\332"
 254      EDEF4F2E 
 254      95F8473B 
 254      C7EE17CE 
 254      1ADA
 255 01f0 BC5E870C 		.ascii	"\274^\207\014\332\255\264\303z:yBO\242$at\000i\005\264"
ARM GAS  C:\Users\CYIRKO~1\AppData\Local\Temp\ccGDQRLm.s 			page 19


 255      DAADB4C3 
 255      7A3A7942 
 255      4FA22461 
 255      74006905 
 256 0205 0F4D9681 		.ascii	"\017M\226\201\311\222\224 \365',#>\002\232\346\213\246"
 256      C9929420 
 256      F5272C23 
 256      3E029AE6 
 256      8BA6
 257 0217 80340AA1 		.ascii	"\2004\012\241\010\264\037\031\320^$\242\022\344\213"
 257      08B41F19 
 257      D05E24A2 
 257      12E48B
 258 0226 768068B0 		.ascii	"v\200h\260\326suS\272\216DQA\370\366\226\254\225\256"
 258      D6737553 
 258      BA8E4451 
 258      41F8F696 
 258      AC95AE
 259 0239 486B7899 		.ascii	"Hkx\231\002}\007#Gc\341z\372r\\@.:\004\240\203\340\017"
 259      027D0723 
 259      4763E17A 
 259      FA725C40 
 259      2E3A04A0 
 260 0250 17C4C4B1 		.ascii	"\027\304\304\261\271\351+j\357\323\2228\346x^\371\203"
 260      B9E92B6A 
 260      EFD39238 
 260      E6785EF9 
 260      83
 261 0261 5A0D0F90 		.ascii	"Z\015\017\220\026\252\207\356\226\034\032\303\003d\245"
 261      16AA87EE 
 261      961C1AC3 
 261      0364A5
 262 0270 DD379F97 		.ascii	"\3357\237\227]\027\311W\014\272\273\"\351\007\017\016"
 262      5D17C957 
 262      0CBABB22 
 262      E9070F0E 
 263 0280 B5D2089D 		.ascii	"\265\322\010\235\276\323R\343\312\261\222\236Fl\240"
 263      BED352E3 
 263      CAB1929E 
 263      466CA0
 264 028f B8C89548 		.ascii	"\270\310\225H\210\201\007\327.O\325r\360\253P\255^\227"
 264      888107D7 
 264      2E4FD572 
 264      F0AB50AD 
 264      5E97
 265 02a1 FF4BDD0A 		.ascii	"\377K\335\012*.=Qr\373\2206o\007\311\333h\264\3201\244"
 265      2A2E3D51 
 265      72FB9036 
 265      6F07C9DB 
 265      68B4D031 
 266 02b6 83EF005F 		.ascii	"\203\357\000_\240e\3630\270oK\226;I\345D\035\325\305"
 266      A065F330 
 266      B86F4B96 
 266      3B49E544 
 266      1DD5C5
 267 02c9 2574054D 		.ascii	"%t\005M\202u\001\237\261\252\2451\211/\215\246\257\007"
 267      8275019F 
ARM GAS  C:\Users\CYIRKO~1\AppData\Local\Temp\ccGDQRLm.s 			page 20


 267      B1AAA531 
 267      892F8DA6 
 267      AF07
 268 02db 36BB9235 		.ascii	"6\273\2225\014\216sk[\253Dd\320\361\211h,\371c\356\200"
 268      0C8E736B 
 268      5BAB4464 
 268      D0F18968 
 268      2CF963EE 
 269 02f0 24F9A1D3 		.ascii	"$\371\241\323H\207N*S1\011\014\012+\350\32429\202]\014"
 269      48874E2A 
 269      5331090C 
 269      0A2BE8D4 
 269      3239825D 
 270 0305 3A05130A 		.ascii	":\005\023\012\274\024\207N@\343q.\251xs\306&\027\"\261"
 270      BC14874E 
 270      40E3712E 
 270      A97873C6 
 270      261722B1 
 271 0319 A58A4F1D 		.ascii	"\245\212O\035\271tQD:\203S\202Z'\004\262\230\232\011"
 271      B9745144 
 271      3A835382 
 271      5A2704B2 
 271      989A09
 272 032c A796D355 		.ascii	"\247\226\323UR\003b\252\0251\247\251\373\324H\325\331"
 272      520362AA 
 272      1531A7A9 
 272      FBD448D5 
 272      D9
 273 033d D4ECB1A4 		.ascii	"\324\354\261\244\227\357\207\224\354\372]Zr\203[<\220"
 273      97EF8794 
 273      ECFA5D5A 
 273      72835B3C 
 273      90
 274 034e D9DA8F47 		.ascii	"\331\332\217G\263xfT\213\367:\375s\317S\367\033\300"
 274      B3786654 
 274      8BF73AFD 
 274      73CF53F7 
 274      1BC0
 275 0360 62BD62B1 		.ascii	"b\275b\261\306f\361Yo\365xX\365\002\003\314\027\325"
 275      C666F159 
 275      6FF57858 
 275      F50203CC 
 275      17D5
 276 0372 1BCD8B6F 		.ascii	"\033\315\213o\264\246\376\372\002w\036dO\250\336;\234"
 276      B4A6FEFA 
 276      02771E64 
 276      4FA8DE3B 
 276      9C
 277 0383 36E44E2A 		.ascii	"6\344N*\010\337\223Y)>\244\226?o\3578\227\240'\227X"
 277      08DF9359 
 277      293EA496 
 277      3F6FEF38 
 277      97A02797 
 278 0398 E5B5AEAE 		.ascii	"\345\265\256\256\332T=2\350}D\275\267\277\267\277\201"
 278      DA543D32 
 278      E87D44BD 
 278      B7BFB7BF 
ARM GAS  C:\Users\CYIRKO~1\AppData\Local\Temp\ccGDQRLm.s 			page 21


 278      81
 279 03a9 7E1BBCF8 		.ascii	"~\033\274\370\243\301\340m\340\352\316\344y&H\260\\"
 279      A3C1E06D 
 279      E0EACEE4 
 279      792648B0 
 279      5C
 280 03ba 6E213D6A 		.ascii	"n!=jR\304\265 =\374\244\331=E\255\310G\265X\240[Ff\263"
 280      52C4B520 
 280      3DFCA4D9 
 280      3D45ADC8 
 280      47B558A0 
 281 03d2 5D992879 		.ascii	"]\231(yb4\357\025t\016\020g\031\002\360\360}\021\211"
 281      6234EF15 
 281      740E1067 
 281      1902F0F0 
 281      7D1189
 282 03e5 FC88446D 		.ascii	"\374\210Dm0\242\021j*\312v\344\255\242lc\026\205\014"
 282      30A2116A 
 282      2ACA76E4 
 282      ADA26C63 
 282      16850C
 283 03f8 B63C25E9 		.ascii	"\266<%\351]Q@\345\320\371=\235\334\2730\271\227\001"
 283      5D5140E5 
 283      D0F93D9D 
 283      DCBB30B9 
 283      9701
 284 040a 4D375B27 		.ascii	"M7['<w \177t\011\371\263\355\275\211\022Z;7\370f%J\325"
 284      3C77207F 
 284      7409F9B3 
 284      EDBD8912 
 284      5A3B37F8 
 285 0422 535017D8 		.ascii	"SP\027\330\251\000?.\253\310aU\013,T\243\361\037\226"
 285      A9003F2E 
 285      ABC86155 
 285      0B2C54A3 
 285      F11F96
 286 0435 078CCEFF 		.ascii	"\007\214\316\377|\375k\203\011R\316\024\266\235\213"
 286      7CFD6B83 
 286      0952CE14 
 286      B69D8B
 287 0444 65B87C14 		.ascii	"e\270|\0240\366@J\316\247\264s\275\3472:\245\000Q\237"
 287      30F6404A 
 287      CEA7B473 
 287      BDE7323A 
 287      A500519F 
 288 0458 432ACFBB 		.ascii	"C*\317\273Gx\3365\302\363\025T\331\021\350\254\244\312"
 288      4778DE35 
 288      C2F31554 
 288      D911E8AC 
 288      A4CA
 289 046a EE809A2B 		.ascii	"\356\200\232+\\\231\200z\024I\364|)\360\312\222\250"
 289      5C99807A 
 289      1449F47C 
 289      29F0CA92 
 289      A8
 290 047b CBD79017 		.ascii	"\313\327\220\027:\012\222(\316>P\021\245\366\330\326"
 290      3A0A9228 
ARM GAS  C:\Users\CYIRKO~1\AppData\Local\Temp\ccGDQRLm.s 			page 22


 290      CE3E5011 
 290      A5F6D8D6 
 291 048b 2DD848D1 		.ascii	"-\330H\321U0`\343\345\362O\025x1\371WF\312O\227i\374"
 291      553060E3 
 291      E5F24F15 
 291      7831F957 
 291      46CA4F97 
 292 04a1 44D4AB32 		.ascii	"D\324\2532$P\363\266\343\303\371\354\336\006\023\327"
 292      2450F3B6 
 292      E3C3F9EC 
 292      DE0613D7 
 293 04b1 657337E1 		.ascii	"es7\341\371\006\314n\337\210\331=\223\357\305\243GW"
 293      F906CC6E 
 293      DF88D93D 
 293      93EFC5A3 
 293      4757
 294 04c3 611DB872 		.ascii	"a\035\270r\375?\210\236\360\023\344M\343s%k\022a\033"
 294      FD3F889E 
 294      F013E44D 
 294      E373256B 
 294      12611B
 295 04d6 BECA29B7 		.ascii	"\276\312)\267*vCy\334\371\353\243\306N\275\021\320\005"
 295      2A764379 
 295      DCF9EBA3 
 295      C64EBD11 
 295      D005
 296 04e8 B0A8EC05 		.ascii	"\260\250\354\005N\321\222\317\316}:I\315\312\206\242"
 296      4ED192CF 
 296      CE7D3A49 
 296      CDCA86A2 
 297 04f8 8436C4C0 		.ascii	"\2046\304\300/(\340\007\000\234W\000W\030\300Y\260\324"
 297      2F28E007 
 297      009C5700 
 297      5718C059 
 297      B0D4
 298 050a 8BC049BC 		.ascii	"\213\300I\274No\235\2701\205\236ht?\035V\010/3B\272"
 298      4E6F9DB8 
 298      31859E68 
 298      743F1D56 
 298      082F3342 
 299 051f AFE06438 		.ascii	"\257\340d8\270\372D%\356\2046\272\027=y\322\200\370"
 299      B8FA4425 
 299      EE8436BA 
 299      173D79D2 
 299      80F8
 300 0531 37628555 		.ascii	"7b\205U_\330>\010\261vh\305\202\234W\330\232\220m\204"
 300      5FD83E08 
 300      B17668C5 
 300      829C57D8 
 300      9A906D84 
 301 0545 5CC77215 		.ascii	"\\\307r\025\313\224\354O\036\214T\214\274\233[\262}"
 301      CB94EC4F 
 301      1E8C548C 
 301      BC9B5BB2 
 301      7D
 302 0556 78EAC21F 		.ascii	"x\352\302\037\3300\333h\204\025\003\010\251\007\250"
 302      D830DB68 
ARM GAS  C:\Users\CYIRKO~1\AppData\Local\Temp\ccGDQRLm.s 			page 23


 302      84150308 
 302      A907A8
 303 0565 08B96CB9 		.ascii	"\010\271l\271\337\256OP\234C\266\004\350~n}\237\256"
 303      DFAE4F50 
 303      9C43B604 
 303      E87E6E7D 
 303      9FAE
 304 0577 0BB635B4 		.ascii	"\013\2665\264\024\276\213X\333:)i\037&\275\374\340\034"
 304      14BE8B58 
 304      DB3A2969 
 304      1F26BDFC 
 304      E01C
 305 0589 5E76E198 		.ascii	"^v\341\230\316g\264\263l\200\235e\363EN\326\220\264"
 305      CE67B4B3 
 305      6C809D65 
 305      F3454ED6 
 305      90B4
 306 059b A1D67542 		.ascii	"\241\326uB\241d\355\206\263\375\371\357\232\213\222"
 306      A164ED86 
 306      B3FDF9EF 
 306      9A8B92
 307 05aa 579C8561 		.ascii	"W\234\205a\177g8t_\011\000<\302w?\354ot\017\216\025"
 307      7F673874 
 307      5F09003C 
 307      C2773FEC 
 307      6F740F8E 
 308 05bf 010DA209 		.ascii	"\001\015\242\0110>\243\375v\216\216H\"3\274\343X\366"
 308      303EA3FD 
 308      768E8E48 
 308      2233BCE3 
 308      58F6
 309 05d1 2DBD4C56 		.ascii	"-\275LV\215\266C\354\375\330\012{\240\320<p\244y\310"
 309      8DB643EC 
 309      FDD80A7B 
 309      A0D03C70 
 309      A479C8
 310 05e4 686A1FDC 		.ascii	"hj\037\334Z!\222T\361g\350\1774B\377\375\262[\305\242"
 310      5A219254 
 310      F167E87F 
 310      3442FFFD 
 310      B25BC5A2 
 311 05f8 6C722847 		.ascii	"lr(G\237[h\205\027\200D(\012\015)f\207\034\315\0163"
 311      9F5B6885 
 311      17804428 
 311      0A0D2966 
 311      871CCD0E 
 312 060d B3B72F0E 		.ascii	"\263\267/\016^Bd\343\3171\373d\204\331\333\225=\222"
 312      5E4264E3 
 312      CF31FB64 
 312      84D9DB95 
 312      3D92
 313 061f 3B982D54 		.ascii	";\230-Ty\012\010\364X1\371\330\321\344Sf2\341\334\301"
 313      790A08F4 
 313      5831F9D8 
 313      D1E45366 
 313      32E1DCC1 
 314 0633 1388ECE5 		.ascii	"\023\210\354\345&\227\257\336\271V\007\257B\027\236"
ARM GAS  C:\Users\CYIRKO~1\AppData\Local\Temp\ccGDQRLm.s 			page 24


 314      2697AFDE 
 314      B95607AF 
 314      42179E
 315 0642 89B8D2D4 		.ascii	"\211\270\322\324\263\377\311A\2217Q!_BSA\356\345=\036"
 315      B3FFC941 
 315      91375121 
 315      5F425341 
 315      EEE53D1E 
 316 0656 A4820DC1 		.ascii	"\244\202\015\301wzR\323\264\252ldzn?}\035/\3034\311"
 316      777A52D3 
 316      B4AA6C64 
 316      7A6E3F7D 
 316      1D2FC334 
 317 066b B51B7791 		.ascii	"\265\033w\221\263\021\351\245W\273\204\015\224\233\035"
 317      B311E9A5 
 317      57BB840D 
 317      949B1D
 318 067a C1CFA1F1 		.ascii	"\301\317\241\361G\236\215\014<\356\337/\222S\334FZ\317"
 318      479E8D0C 
 318      3CEEDF2F 
 318      9253DC46 
 318      5ACF
 319 068c C08F6379 		.ascii	"\300\217cyn\3602A\222\023\002[62\365\000\313F\022AL"
 319      6EF03241 
 319      9213025B 
 319      3632F500 
 319      CB461241 
 320 06a1 02B68B01 		.ascii	"\002\266\213\001m|\3262\023\363S09\303\215\324\325l"
 320      6D7CD632 
 320      13F35330 
 320      39C38DD4 
 320      D56C
 321 06b3 5EA738D2 		.ascii	"^\2478\322\232Ov4QGR`\354rel\"\036\325\223d\347\236"
 321      9A4F7634 
 321      51475260 
 321      EC72656C 
 321      221ED593 
 322 06ca EC5A57BA 		.ascii	"\354ZW\272\333U\035F\312\250\304q\005V\307\361\254\265"
 322      DB551D46 
 322      CAA8C471 
 322      0556C7F1 
 322      ACB5
 323 06dc 7B8F871C 		.ascii	"{\217\207\034\307{\317\375\363\332\257I\222\316\237"
 323      C77BCFFD 
 323      F3DAAF49 
 323      92CE9F
 324 06eb 82D03365 		.ascii	"\202\3203e6\2379\2062\025\323P>\2720\334\352A\356\363"
 324      369F3986 
 324      3215D350 
 324      3EBA30DC 
 324      EA41EEF3 
 325 06ff 50D6170C 		.ascii	"P\326\027\014\325\353\311s\356[\343\226#e\036\310\340"
 325      D5EBC973 
 325      EE5BE396 
 325      23651EC8 
 325      E0
 326 0710 6EF7ADE4 		.ascii	"n\367\255\344\010\365m5vG+\025\337\202\334\341;\225"
ARM GAS  C:\Users\CYIRKO~1\AppData\Local\Temp\ccGDQRLm.s 			page 25


 326      08F56D35 
 326      76472B15 
 326      DF82DCE1 
 326      3B95
 327 0722 4276278F 		.ascii	"Bv'\217tm\025\270\026\344n;\262\201}U\345\326sH\355"
 327      746D15B8 
 327      16E46E3B 
 327      B2817D55 
 327      E5D67348 
 328 0737 14A5529C 		.ascii	"\024\245R\234Z3\302)\353\205\207%\304\356\224a]?w\012"
 328      5A33C229 
 328      EB858725 
 328      C4EE9461 
 328      5D3F770A 
 329 074b 40284DB1 		.ascii	"@(M\261\016\217#\235\372\2329U\3369\274AG\276\3250\247"
 329      0E8F239D 
 329      FA9A3955 
 329      DE39BC41 
 329      47BED530 
 330 0760 D2F7EF2D 		.ascii	"\322\367\357-ua\331\034\315Dx6w\240\246\310_\264%A\031"
 330      7561D91C 
 330      CD447836 
 330      77A0A6C8 
 330      5FB42541 
 331 0775 98B5DDDE 		.ascii	"\230\265\335\336\222\267\035\217\272u\262\230\272L,"
 331      92B71D8F 
 331      BA75B298 
 331      BA4C2C
 332 0784 CB2BBF5C 		.ascii	"\313+\277\\\335\256\001y\335\354\23231\241(\331\032"
 332      DDAE0179 
 332      DDEC9A33 
 332      31A128D9 
 332      1A
 333 0795 C240285D 		.ascii	"\302@(]Q\227N\325\321\207o\230\252\3123E\315\036d=W"
 333      51974ED5 
 333      D1876F98 
 333      AACA3345 
 333      CD1E643D 
 334 07aa B56CDFAA 		.ascii	"\265l\337\252=\2327\212\030\301\017\235\206L\251\220"
 334      3D9A378A 
 334      18C10F9D 
 334      864CA990 
 335 07ba A75FDFF2 		.ascii	"\247_\337\362\341\252w\351\267\314\307l\374\0065\373"
 335      E1AA77E9 
 335      B7CCC76C 
 335      FC0635FB 
 336 07ca 20391993 		.ascii	" 9\031\223\315\234"
 336      CD9C
 337 07d0 A27EE850 		.ascii	"\242~\350P\233\036(\316Z\331\261\267|\033,/\3042\231"
 337      9B1E28CE 
 337      5AD9B1B7 
 337      7C1B2C2F 
 337      C43299
 338 07e3 B5328992 		.ascii	"\2652\211\222\022\320\2260xs\3440\232\334me\367\350"
 338      12D09630 
 338      7873E430 
 338      9ADC6D65 
ARM GAS  C:\Users\CYIRKO~1\AppData\Local\Temp\ccGDQRLm.s 			page 26


 338      F7E8
 339 07f5 96A56B9C 		.ascii	"\226\245k\2342\255LmH\023I\011\247\375\356\306\225\213"
 339      32AD4C6D 
 339      48134909 
 339      A7FDEEC6 
 339      958B
 340 0807 22D01602 		.ascii	"\"\320\026\002m_&\201W\265\310\200y2\251\222&\321\226"
 340      6D5F2681 
 340      57B5C880 
 340      7932A992 
 340      26D196
 341 081a 5C0CA15E 		.ascii	"\\\014\241^\307X\033N6\347\270\222\003\214E\274qt\000"
 341      C7581B4E 
 341      36E7B892 
 341      038C45BC 
 341      717400
 342 082d 0390FEB9 		.ascii	"\003\220\376\271\031\362\340\345\272\001\273\011y\022"
 342      19F2E0E5 
 342      BA01BB09 
 342      7912
 343 083b 6C024FF6 		.ascii	"l\002O\366\230\302/p\351\236\310~\201+\204\005C\273"
 343      98C22F70 
 343      E99EC87E 
 343      812B8405 
 343      43BB
 344 084d 0454807D 		.ascii	"\004T\200}\321z,oIz\305\024h\007\312\227\347\223\207"
 344      D17A2C6F 
 344      497AC514 
 344      6807CA97 
 344      E79387
 345 0860 E0C1E3F5 		.ascii	"\340\301\343\365\035\036\244\234\213n\352\315=\343\016"
 345      1D1EA49C 
 345      8B6EEACD 
 345      3DE30E
 346 086f A2A52AC8 		.ascii	"\242\245*\310\014\233\310Z\311\212\330\220\215\262h"
 346      0C9BC85A 
 346      C98AD890 
 346      8DB268
 347 087e DB3593D6 		.ascii	"\3335\223\326\013\250\344ML\362\325\354\201-\356zU."
 347      0BA8E44D 
 347      4CF2D5EC 
 347      812DEE7A 
 347      552E
 348 0890 411D551C 		.ascii	"A\035U\034,\302,\017\244\277\364\3754\330q\323\215_"
 348      2CC22C0F 
 348      A4BFF4FD 
 348      34D871D3 
 348      8D5F
 349 08a2 010CAA4B 		.ascii	"\001\014\252K\273\027\277\264\017o\274\226\011\347\002"
 349      BB17BFB4 
 349      0F6FBC96 
 349      09E702
 350 08b1 97B3A274 		.ascii	"\227\263\242t\315qB/v\211?\353\"Do\221/\276\351\036"
 350      CD71422F 
 350      76893FEB 
 350      22446F91 
 350      2FBEE91E 
ARM GAS  C:\Users\CYIRKO~1\AppData\Local\Temp\ccGDQRLm.s 			page 27


 351 08c5 439AF9F0 		.ascii	"C\232\371\360\273I\275\335\356\234\332\007\252;\207"
 351      BB49BDDD 
 351      EE9CDA07 
 351      AA3B87
 352 08d4 BB0E6AC8 		.ascii	"\273\016j\310E\336\267\372\233\252*\221t\360JQnF\212"
 352      45DEB7FA 
 352      9BAA2A91 
 352      74F04A51 
 352      6E468A
 353 08e7 865CE195 		.ascii	"\206\\\341\225\342\314\364\335:r\215Wrv\264>q#}\274"
 353      E2CCF4DD 
 353      3A728D57 
 353      7276B43E 
 353      71237DBC 
 354 08fb B2E5C9D3 		.ascii	"\262\345\311\323~zY\234H\217h\242\272*N\344\361?ZW\263"
 354      7E7A599C 
 354      488F68A2 
 354      BA2A4EE4 
 354      F13F5A57 
 355 0910 554FEE30 		.ascii	"UO\35600N\337X\262\322\315v\251\002\0074\006\301\276"
 355      304EDF58 
 355      B2D2CD76 
 355      A9020734 
 355      06C1BE
 356 0923 0FD03E88 		.ascii	"\017\320>\210\321DY\375n\210R\031\266\037\234%\023\327"
 356      D14459FD 
 356      6E885219 
 356      B61F9C25 
 356      13D7
 357 0935 B2A4672F 		.ascii	"\262\244g/L\341\036e\023L\224\317\315#\031\227\372t"
 357      4CE11E65 
 357      134C94CF 
 357      CD231997 
 357      FA74
 358 0947 E411B7F1 		.ascii	"\344\021\267\361,1\373\236\352:Z3\365\004;s\017\302"
 358      2C31FB9E 
 358      EA3A5A33 
 358      F5043B73 
 358      0FC2
 359 0959 D0FDCAD0 		.ascii	"\320\375\312\320\275\330~\037u\324q\300\211\016\372"
 359      BDD87E1F 
 359      75D471C0 
 359      890EFA
 360 0968 621ADE54 		.ascii	"b\032\336T\241%\222\013[\202\203C\253\332u\310\333\337"
 360      A125920B 
 360      5B828343 
 360      ABDA75C8 
 360      DBDF
 361 097a DF60CFE1 		.ascii	"\337`\317\341\260\240\212\356w\230'p\345\300\365=\366"
 361      B0A08AEE 
 361      77982770 
 361      E5C0F53D 
 361      F6
 362 098b 4787B13A 		.ascii	"G\207\261:I\275^M\332\266\255Y%\025\036CL\327.\320E"
 362      49BD5E4D 
 362      DAB6AD59 
 362      25151E43 
ARM GAS  C:\Users\CYIRKO~1\AppData\Local\Temp\ccGDQRLm.s 			page 28


 362      4CD72ED0 
 363 09a0 47D825B0 		.ascii	"G\330%\260D\365\034K\202\371\210\252wr$k\002a\350CN"
 363      44F51C4B 
 363      82F988AA 
 363      7772246B 
 363      0261E843 
 364 09b5 D1AAB4F6 		.ascii	"\321\252\264\366y\205\216\246\234\200Qg\265\240\372"
 364      79858EA6 
 364      9C805167 
 364      B5A0FA
 365 09c4 7CE7DD4C 		.ascii	"|\347\335L\204\374\307\031\374\371\245\242\245\322c"
 365      84FCC719 
 365      FCF9A5A2 
 365      A5D263
 366 09d3 19A3A574 		.ascii	"\031\243\245t;\201\266\022\217s\226-g\312\257\027\232"
 366      3B81B612 
 366      8F73962D 
 366      67CAAF17 
 366      9A
 367 09e4 A72A3E52 		.ascii	"\247*>R0;\011\300\307\243\340c\005V'\252w+|Xn\015(\265"
 367      303B09C0 
 367      C7A3E063 
 367      055627AA 
 367      772B7C58 
 368 09fc 0AEECE50 		.ascii	"\012\356\316P\205|\005\240iz\351\350\206\351\213\267"
 368      857C05A0 
 368      697AE9E8 
 368      86E98BB7 
 369 0a0c A2AE1E8F 		.ascii	"\242\256\036\217\003\005\313FU \2140\257\272A{\361\033"
 369      0305CB46 
 369      55208C30 
 369      AFBA417B 
 369      F11B
 370 0a1e 74D2F10B 		.ascii	"t\322\361\013\007\364\244\216E\016\365\326\225%hI#\257"
 370      07F4A48E 
 370      450EF5D6 
 370      95256849 
 370      23AF
 371 0a30 AC6FD855 		.ascii	"\254o\330U\247!\315\274R^\262\253\011\2236^)=\334\277"
 371      A721CDBC 
 371      525EB2AB 
 371      0993365E 
 371      293DDCBF 
 372 0a44 12911E5E 		.ascii	"\022\221\036^\271\237Rf!7\370sRAz#\346\334\277\205j"
 372      B99F5266 
 372      2137F873 
 372      52417A23 
 372      E6DCBF85 
 373 0a59 766A7EB7 		.ascii	"vj~\267\310/\353\335\364\362\276\267e{\271\226\334e"
 373      C82FEBDD 
 373      F4F2BEB7 
 373      657BB996 
 373      DC65
 374 0a6b D831E9C5 		.ascii	"\3301\351\305\351\207t\310\037>\336\376\374c\330$%%"
 374      E98774C8 
 374      1F3EDEFE 
 374      FC63D824 
ARM GAS  C:\Users\CYIRKO~1\AppData\Local\Temp\ccGDQRLm.s 			page 29


 374      2525
 375 0a7d 4238FFC0 		.ascii	"B8\377\300o)\333 \234\247\300\375F\354\374\006\304\321"
 375      6F29DB20 
 375      9CA7C0FD 
 375      46ECFC06 
 375      C4D1
 376 0a8f 4FDE51D0 		.ascii	"O\336Q\320\265\216\350\315\330>[\034}K\205\336\356\210"
 376      B58EE8CD 
 376      D83E5B1C 
 376      7D4B85DE 
 376      EE88
 377 0aa1 DEE2881E 		.ascii	"\336\342\210\036P\241\267:G\277|\031\253\201]Q\315\372"
 377      50A1B73A 
 377      47BF7C19 
 377      AB815D51 
 377      CDFA
 378 0ab3 1AE575DE 		.ascii	"\032\345u\336\012k\240\031\202P\007\345,\224\363P\232"
 378      0A6BA019 
 378      825007E5 
 378      2C94F350 
 378      9A
 379 0ac4 A0B440B9 		.ascii	"\240\264@\271\000\345\034\224\006(g\240\324\333\367"
 379      00E51C94 
 379      062867A0 
 379      D4DBF7
 380 0ad3 021550AB 		.ascii	"\002\025P\253\232\212\223\216\002\370[J%\367\212J\356"
 380      9A8A938E 
 380      02F85B4A 
 380      25F78A4A 
 380      EE
 381 0ae4 0E477431 		.ascii	"\016Gt1v\234\271v\025\371qG\3701\307\271x\362{\005}"
 381      769CB976 
 381      15F97147 
 381      F831C7B9 
 381      78F27B05 
 382 0af9 DA695454 		.ascii	"\332iTT\340&\025\365\011\347\272\355J`\223uV\3528\336"
 382      E02615F5 
 382      09E7BAED 
 382      4A609375 
 382      56EA38DE 
 383 0b0d 0A6BB6C4 		.ascii	"\012k\266\304\271r\025{\237m\203P\372*\347\3129\275"
 383      B972157B 
 383      9F6D8350 
 383      FA2AE7CA 
 383      39BD
 384 0b1f BCDBCAF9 		.ascii	"\274\333\312\371M\266\321q\317#k\303\360~\015\031`\013"
 384      4DB6D171 
 384      CF236BC3 
 384      F07E0D19 
 384      600B
 385 0b31 12DF5C77 		.ascii	"\022\337\\w\243\304\025y\033\234\005\023\265C\014\377"
 385      A3C41579 
 385      1B9C0513 
 385      B5430CFF 
 386 0b41 9778CAFF 		.ascii	"\227x\312\377P8\302.\304m@tQ9n\251.&'\255\266\375k\017"
 386      5038C22E 
 386      C46D4074 
ARM GAS  C:\Users\CYIRKO~1\AppData\Local\Temp\ccGDQRLm.s 			page 30


 386      51396EA9 
 386      2E2627AD 
 387 0b59 F55BB10D 		.ascii	"\365[\261\015\253\377;r\011\333\256\327\364\221\376"
 387      ABFF3B72 
 387      09DBAED7 
 387      F491FE
 388 0b68 3B78B8B5 		.ascii	";x\270\265S\257\306\017\214\370\327\324e\371-z\231\201"
 388      53AFC60F 
 388      8CF8D7D4 
 388      65F92D7A 
 388      9981
 389 0b7a 9B6F959E 		.ascii	"\233o\225\236\320\251\3014iR\300\0352\270\2033\177\277"
 389      D0A9C134 
 389      6952C01D 
 389      32B88333 
 389      7FBF
 390 0b8c B2650498 		.ascii	"\262e\004\230\276\323\025p\247\014\356t.\343\321\010"
 390      BED31570 
 390      A70CEE74 
 390      2EE3D108 
 391 0b9c 195D3298 		.ascii	"\031]2\230\376j\314\226\010\213I\027\374\2270\343{A"
 391      FE6ACC96 
 391      088B4917 
 391      FC9730E3 
 391      7B41
 392 0bae 61B3E605 		.ascii	"a\263\346\005k\351\343\334\2609!\254\355\223\217g}<"
 392      6BE9E3DC 
 392      B03921AC 
 392      ED938F67 
 392      7D3C
 393 0bc0 2B4CFBC1 		.ascii	"+L\373\301\307\237\370\005\005\006\012\323\202\337\016"
 393      C79FF805 
 393      05060AD3 
 393      82DF0E
 394 0bcf 0F5A143D 		.ascii	"\017Z\024=?z\256eiTt\\x$}\2163\007\2765= \316\034\260"
 394      3F7AAE65 
 394      6954745C 
 394      78247D8E 
 394      3307BE35 
 395 0be8 28222620 		.ascii	"(\"& :62fi\224\211>\033M_Z&/\022t\360\303\214\030-n"
 395      3A363266 
 395      6994893E 
 395      1B4D5F5A 
 395      262F1274 
 396 0c02 4039333E 		.ascii	"@93>\372\013S\274Kd\\\354\202\350\205\332\310E\021\261"
 396      FA0B53BC 
 396      4B645CEC 
 396      82E885DA 
 396      C84511B1 
 397 0c16 B1A618B3 		.ascii	"\261\246\030\263\2708.\312\2443\032\227F\307Z\246M5"
 397      B8382ECA 
 397      A4331A97 
 397      46C75AA6 
 397      4D35
 398 0c28 5A1698DE 		.ascii	"Z\026\230\336\346\344fn\310\022\027\027c\016_\030\273"
 398      E6E4666E 
 398      C8121717 
ARM GAS  C:\Users\CYIRKO~1\AppData\Local\Temp\ccGDQRLm.s 			page 31


 398      630E5F18 
 398      BB
 399 0c39 D48F3DF9 		.ascii	"\324\217=\371E\304/\3663-\236o\212\2122E\205O\237<\315"
 399      45C42FF6 
 399      332D9E6F 
 399      8A8A3245 
 399      854F9F3C 
 400 0c4e 6FEA94C0 		.ascii	"o\352\224\300\267\376\021\030\016\355o\306\306\305\232"
 400      B7FE1118 
 400      0EED6FC6 
 400      C6C59A
 401 0c5d DE3445CC 		.ascii	"\3364E\314\217\016\227\305\204/\216\000\256XS\2701\312"
 401      8F0E97C5 
 401      842F8E00 
 401      AE5853B8 
 401      31CA
 402 0c6f B4206269 		.ascii	"\264 bi\214\305h\371j\211\311\014\332\2646{\237\375"
 402      8CC568F9 
 402      6A89C90C 
 402      DAB4367B 
 402      9FFD
 403 0c81 5FED99BF 		.ascii	"_\355\231\2772\207\033\315\226( \007#8r\276\336\364"
 403      32871BCD 
 403      96282007 
 403      233872BE 
 403      DEF4
 404 0c93 E512D955 		.ascii	"\345\022\331U\243\345\375\237\234\304%q\361\026s\300"
 404      A3E5FD9F 
 404      9CC42571 
 404      F11673C0 
 405 0ca3 DCB08FA6 		.ascii	"\334\260\217\246M\015\230={f\000L\333\254/\002msj\214"
 405      4D0D983D 
 405      7B66004C 
 405      DBAC2F02 
 405      6D736A8C 
 406 0cb7 898902DA 		.ascii	"\211\211\002\3321\360\030\031\021\0233?\"\362s\243\305"
 406      31F01819 
 406      1113333F 
 406      22F273A3 
 406      C5
 407 0cc8 133041DC 		.ascii	"\0230A\334B\020\233Z:\327\374i,\015d\320\014\343{\223"
 407      42109B5A 
 407      3AD7FC69 
 407      2C0D64D0 
 407      0CE37B93 
 408 0cdc 9744C45B 		.ascii	"\227D\304[&O\321\231\343#\003L\261\221\223#\005\255"
 408      264FD199 
 408      E323034C 
 408      B1919323 
 408      05AD
 409 0cee ADEB55E0 		.ascii	"\255\353U\3404\006\307FB\024\342\215\263b\243-\034\033"
 409      3406C746 
 409      4214E28D 
 409      B362A32D 
 409      1C1B
 410 0d00 E8E9D8EE 		.ascii	"\350\351\330\356\266\320\004\323\027\035\371\271\331"
 410      B6D004D3 
ARM GAS  C:\Users\CYIRKO~1\AppData\Local\Temp\ccGDQRLm.s 			page 32


 410      171DF9B9 
 410      D9
 411 0d0d CD689427 		.ascii	"\315h\224'\317U\376\3656q`\030\355\236\027\021\263\024"
 411      CF55FEF5 
 411      36716018 
 411      ED9E1711 
 411      B314
 412 0d1f 42EE615B 		.ascii	"B\356a[\020\324\340\"A\317\206/\215\217\215\203E\360"
 412      10D4E022 
 412      41CF862F 
 412      8D8F8D83 
 412      45F0
 413 0d31 8A0D2FD7 		.ascii	"\212\015/\327\345!Zpl\256\005\314k\350r\011t\201\357"
 413      E5215A70 
 413      6CAE05CC 
 413      6BE87209 
 413      7481EF
 414 0d44 C8050BDD 		.ascii	"\310\005\013\335\000\314\015k\2143 &^\240\312\030mf"
 414      00CC0D6B 
 414      8C332026 
 414      5EA0CA18 
 414      6D66
 415 0d56 A2A22362 		.ascii	"\242\242#b\242\377i\212\022\337{?\364C\3725[\234\035"
 415      A2FF698A 
 415      12DF7B3F 
 415      F443FA35 
 415      5B9C1D
 416 0d69 F4A75071 		.ascii	"\364\247Pq\306\334\320P\364g\364\241&2\306\024\021/"
 416      C6DCD050 
 416      F467F4A1 
 416      2632C614 
 416      112F
 417 0d7b AFAEC0E9 		.ascii	"\257\256\300\351`\301\366@\314\246\377\"\034\037\204"
 417      60C1F640 
 417      CCA6FF22 
 417      1C1F84
 418 0d8a CC9AF3C5 		.ascii	"\314\232\363\305T\026\216%Px8\310\234\231\241d\326\314"
 418      54168E25 
 418      507838C8 
 418      9C99A164 
 418      D6CC
 419 0d9c 504DC827 		.ascii	"PM\310'!3C]\347\314\015\011\016\236\031\3522'\354\323"
 419      2133435D 
 419      E7CC0D09 
 419      0E9E19EA 
 419      3227ECD3 
 420 0db0 90E050CD 		.ascii	"\220\340P\315Gsf\006\207\222\031\241\241z\263e1\314"
 420      47736606 
 420      879219A1 
 420      A17AB365 
 420      31CC
 421 0dc2 D5C225D1 		.ascii	"\325\302%\321qF\313\277\001\001y\326p"
 421      7146CBBF 
 421      010179D6 
 421      70
 422              		.text
 423              		.section	.gnu.lto_.symtab.df53cc6a,"",%progbits
ARM GAS  C:\Users\CYIRKO~1\AppData\Local\Temp\ccGDQRLm.s 			page 33


 424 0000 656E635F 		.ascii	"enc_ticks\000"
 424      7469636B 
 424      7300
 425 000a 00       		.ascii	"\000"
 426 000b 00       		.ascii	"\000"
 427 000c 00       		.ascii	"\000"
 428 000d 00000000 		.ascii	"\000\000\000\000\000\000\000\000"
 428      00000000 
 429 0015 1B010000 		.ascii	"\033\001\000\000"
 430 0019 6C6C645F 		.ascii	"lld_Encoder_Init\000"
 430      456E636F 
 430      6465725F 
 430      496E6974 
 430      00
 431 002a 00       		.ascii	"\000"
 432 002b 00       		.ascii	"\000"
 433 002c 00       		.ascii	"\000"
 434 002d 00000000 		.ascii	"\000\000\000\000\000\000\000\000"
 434      00000000 
 435 0035 FB000000 		.ascii	"\373\000\000\000"
 436 0039 6765745F 		.ascii	"get_ticks\000"
 436      7469636B 
 436      7300
 437 0043 00       		.ascii	"\000"
 438 0044 00       		.ascii	"\000"
 439 0045 00       		.ascii	"\000"
 440 0046 00000000 		.ascii	"\000\000\000\000\000\000\000\000"
 440      00000000 
 441 004e 09010000 		.ascii	"\011\001\000\000"
 442 0052 6765745F 		.ascii	"get_turnover\000"
 442      7475726E 
 442      6F766572 
 442      00
 443 005f 00       		.ascii	"\000"
 444 0060 00       		.ascii	"\000"
 445 0061 00       		.ascii	"\000"
 446 0062 00000000 		.ascii	"\000\000\000\000\000\000\000\000"
 446      00000000 
 447 006a 0F010000 		.ascii	"\017\001\000\000"
 448 006e 45585444 		.ascii	"EXTD1\000"
 448      3100
 449 0074 00       		.ascii	"\000"
 450 0075 02       		.ascii	"\002"
 451 0076 00       		.ascii	"\000"
 452 0077 00000000 		.ascii	"\000\000\000\000\000\000\000\000"
 452      00000000 
 453 007f 16010000 		.ascii	"\026\001\000\000"
 454 0083 65787453 		.ascii	"extStart\000"
 454      74617274 
 454      00
 455 008c 00       		.ascii	"\000"
 456 008d 02       		.ascii	"\002"
 457 008e 00       		.ascii	"\000"
 458 008f 00000000 		.ascii	"\000\000\000\000\000\000\000\000"
 458      00000000 
 459 0097 14010000 		.ascii	"\024\001\000\000"
 460              		.text
ARM GAS  C:\Users\CYIRKO~1\AppData\Local\Temp\ccGDQRLm.s 			page 34


 461              		.section	.gnu.lto_.opts,"",%progbits
 462 0000 272D666D 		.ascii	"'-fmath-errno' '-fsigned-zeros' '-ftrapping-math' '"
 462      6174682D 
 462      6572726E 
 462      6F272027 
 462      2D667369 
 463 0033 2D666E6F 		.ascii	"-fno-trapv' '-fno-openmp' '-fno-openacc' '-mcpu=cor"
 463      2D747261 
 463      70762720 
 463      272D666E 
 463      6F2D6F70 
 464 0066 7465782D 		.ascii	"tex-m7' '-mno-thumb-interwork' '-mthumb' '-ggdb' '-"
 464      6D372720 
 464      272D6D6E 
 464      6F2D7468 
 464      756D622D 
 465 0099 4F322720 		.ascii	"O2' '-fomit-frame-pointer' '-falign-functions=16' '"
 465      272D666F 
 465      6D69742D 
 465      6672616D 
 465      652D706F 
 466 00cc 2D666675 		.ascii	"-ffunction-sections' '-fdata-sections' '-fno-common"
 466      6E637469 
 466      6F6E2D73 
 466      65637469 
 466      6F6E7327 
 467 00ff 2720272D 		.ascii	"' '-flto'\000"
 467      666C746F 
 467      2700
 468              		.text
 469              		.comm	__gnu_lto_v1,1,1
 470              		.comm	__gnu_lto_slim,1,1
 471              		.ident	"GCC: (GNU Tools for ARM Embedded Processors 6-2017-q1-update) 6.3.1 20170215 (release) [AR
ARM GAS  C:\Users\CYIRKO~1\AppData\Local\Temp\ccGDQRLm.s 			page 35


DEFINED SYMBOLS
                            *ABS*:00000000 enc.c
                            *COM*:00000001 __gnu_lto_v1
                            *COM*:00000001 __gnu_lto_slim

NO UNDEFINED SYMBOLS
