ARM GAS  C:\Users\CYIRKO~1\AppData\Local\Temp\ccGph9Zc.s 			page 1


   1              		.cpu cortex-m7
   2              		.eabi_attribute 20, 1
   3              		.eabi_attribute 21, 1
   4              		.eabi_attribute 23, 3
   5              		.eabi_attribute 24, 1
   6              		.eabi_attribute 25, 1
   7              		.eabi_attribute 26, 1
   8              		.eabi_attribute 30, 2
   9              		.eabi_attribute 34, 1
  10              		.eabi_attribute 18, 4
  11              		.file	"hal.c"
  12              		.text
  13              	.Ltext0:
  14              		.section	.gnu.lto_.profile.df53cfb9,"",%progbits
  15 0000 789C6365 		.ascii	"x\234ce`b`a```d\010\346\002\000\0010\000j"
  15      60626061 
  15      60606064 
  15      08E60200 
  15      0130006A 
  16              		.text
  17              		.section	.gnu.lto_.icf.df53cfb9,"",%progbits
  18 0000 789C6365 		.ascii	"x\234ce`b\340`@\000F\206\333\235\375\033y\030\000\015"
  18      6062E060 
  18      40004686 
  18      DB9DFD1B 
  18      7918000D 
  19 0014 9A02C1   		.ascii	"\232\002\301"
  20              		.text
  21              		.section	.gnu.lto_.jmpfuncs.df53cfb9,"",%progbits
  22 0000 789C6365 		.ascii	"x\234ce`b\320b@\000F8\213\211q:3c\363\257\375\237\371"
  22      6062D062 
  22      40004638 
  22      8B89713A 
  22      3363F3AF 
  23 0017 EAFF3648 		.ascii	"\352\3776H\314gfX\314\014\222_\316X\317\300\310\002"
  23      CC676658 
  23      CC0C925F 
  23      CE58CFC0 
  23      C802
  24 0029 640100B9 		.ascii	"d\001\000\271F\010\227"
  24      460897
  25              		.text
  26              		.section	.gnu.lto_.inline.df53cfb9,"",%progbits
  27 0000 789C6365 		.ascii	"x\234ce`b\260c@\000F\006\006\236\313@\222\011\310f["
  27      6062B063 
  27      40004606 
  27      069ECB40 
  27      9209C866 
  28 0015 20CF0416 		.ascii	" \317\004\026\343\302G0q\203t\201\231\014\000u\366\002"
  28      E3C24730 
  28      71837481 
  28      990C0075 
  28      F602
  29 0027 4B       		.ascii	"K"
  30              		.text
  31              		.section	.gnu.lto_.pureconst.df53cfb9,"",%progbits
  32 0000 789C6365 		.ascii	"x\234ce`b`f```d\220\000\000\000\204\000$"
ARM GAS  C:\Users\CYIRKO~1\AppData\Local\Temp\ccGph9Zc.s 			page 2


  32      60626066 
  32      60606064 
  32      90000000 
  32      840024
  33              		.text
  34              		.section	.gnu.lto_halInit.df53cfb9,"",%progbits
  35 0000 789C75D1 		.ascii	"x\234u\3211H\002Q\030\000\340\377\277\247\347\025)\015"
  35      31480251 
  35      1800E0FF 
  35      BFA7E715 
  35      290D
  36 0012 0D860DAD 		.ascii	"\015\206\015\255\022%-\005\255\321\322\332\352R6(\005"
  36      12252D05 
  36      ADD1D2DA 
  36      EA523628 
  36      05
  37 0023 42D67C67 		.ascii	"B\326|g\026\202A\265\230\031\304\273\212\320\2624\255"
  37      168241B5 
  37      9819C4BB 
  37      8AD0B234 
  37      AD
  38 0034 06A70EB7 		.ascii	"\006\247\016\267\226\202\032\233\212\010\312\202 Z\012"
  38      96821A9B 
  38      8A08CA82 
  38      205A0A
  39 0043 B5FF69C4 		.ascii	"\265\377i\304\015\327\203\307{\367\377\037\377\373\357"
  39      0DD783C7 
  39      7BF7FF1F 
  39      FFFBEF
  40 0052 3D3B48E0 		.ascii	"=;H\340\226\000\372\001\300C\023\031\240\264~\005\020"
  40      9600FA01 
  40      C0431319 
  40      A0B47E05 
  40      10
  41 0063 552444B1 		.ascii	"U$D\261\321\024\004UB\025\327X\212a%\376T\226\274\031"
  41      D1140455 
  41      4215D758 
  41      8A6125FE 
  41      5496BC19 
  42 0077 8D86917A 		.ascii	"\215\206\221z\357\326\262\006r\006\220\246)\006f\320"
  42      EFD6B206 
  42      720690A6 
  42      290666D0 
  43 0087 0BC41E8A 		.ascii	"\013\304\036\212\365\244S\266\265\342\230E\031i-\334"
  43      F5A453B6 
  43      B5E29845 
  43      19692DDC 
  44 0097 A0A1D51B 		.ascii	"\240\241\325\033q\315x\334\305\333\361v\200\004\245"
  44      71CD78DC 
  44      C5DBF176 
  44      8004A5
  45 00a6 C5192B4C 		.ascii	"\305\031+L\022+\253bL\377\366\010/\212\224\313\257w"
  45      122BAB62 
  45      4CFFF608 
  45      2F8A94CB 
  45      AF77
  46 00b8 0EB5A629 		.ascii	"\016\265\246)\234a\232Q\005<@\0258\331*.\351\373\035"
ARM GAS  C:\Users\CYIRKO~1\AppData\Local\Temp\ccGph9Zc.s 			page 3


  46      9C619A51 
  46      053C4015 
  46      38D92A2E 
  46      E9FB1D
  47 00cb 168EA529 		.ascii	"\026\216\245)\013xH\216\022\033\313\225k\307*\343\314"
  47      0B78488E 
  47      121BCB95 
  47      6BC72AE3 
  47      CC
  48 00dc 86E233F6 		.ascii	"\206\3423\366u\361\341\"\347\246\300\236h\214b\227["
  48      75F1E122 
  48      E7A6C09E 
  48      688C6297 
  48      5B
  49 00ed B9198EDB 		.ascii	"\271\031\216\333\321N\316\354xD\177\231\303\236f\242"
  49      D14ECEEC 
  49      78447F99 
  49      C39E66A2 
  50 00fd F152CAB7 		.ascii	"\361R\312\267\021\336\324\264^Q\340\03096\017\304<\252"
  50      11DED4B4 
  50      5E51E018 
  50      39360FC4 
  50      3CAA
  51 010f 9CC9207A 		.ascii	"\234\311 z}\266\352\201z\245\342X\370\3535\246\177\376"
  51      7DB6EA81 
  51      7AA5E258 
  51      F8EB35A6 
  51      7FFE
  52 0121 E36CE44E 		.ascii	"\343l\344NLn\307i\355\354\344\212&w\356\262v2\271\222"
  52      4C6EC769 
  52      EDECE48A 
  52      2677EEB2 
  52      7632B992 
  53 0135 C9DD7759 		.ascii	"\311\335wY;\007\271S\223\253\375\343\024rg\277\356\015"
  53      3B07B953 
  53      93ABFDE3 
  53      147267BF 
  53      EE0D
  54 0147 17F54CB2 		.ascii	"\027\365L\262u\007b$\350E\350\315\350\272\373\306F\374"
  54      75076224 
  54      E845E8CD 
  54      E8BAFBC6 
  54      46FC
  55 0159 A3C1D054 		.ascii	"\243\301\320Thb~a:\024\366\007\304>\034\031\034\036"
  55      68627E61 
  55      3A14F607 
  55      C43E1C19 
  55      1C1E
  56 016b F28523BE 		.ascii	"\362\205#\276\340\344\254/2\027\020\353@\000~\0002m"
  56      E0E4AC2F 
  56      321710EB 
  56      40007E00 
  56      326D
  57 017d BD5B     		.ascii	"\275["
  58              		.text
  59              		.section	.gnu.lto_.symbol_nodes.df53cfb9,"",%progbits
  60 0000 789C55C9 		.ascii	"x\234U\311\273\015\3020\030E\341\343\3538\011S\300("
ARM GAS  C:\Users\CYIRKO~1\AppData\Local\Temp\ccGph9Zc.s 			page 4


  60      BB0DC230 
  60      1845E1E3 
  60      EB380953 
  60      C028
  61 0012 30D9EF22 		.ascii	"0\331\357\"\242f\000\336\204%\250Sg\006\220\\2\003\302"
  61      A26600DE 
  61      8425A853 
  61      6706905C 
  61      3203C2
  62 0025 B8C2B739 		.ascii	"\270\302\2679\322w\003\"\221\247\275\014v3\344<\342"
  62      D2770322 
  62      91A7BD0C 
  62      7633E43C 
  62      E2
  63 0036 06C249AC 		.ascii	"\006\302I\254\362\343\3562W\036\210q\235a\224\251\202"
  63      F2E3EE32 
  63      571E8871 
  63      9D6194A9 
  63      82
  64 0047 9BCC5770 		.ascii	"\233\314Wp\2255\025\\d\241\202\263\254\255\340(\353"
  64      9535155C 
  64      64A182B3 
  64      ACADE028 
  64      EB
  65 0058 2A38C8FA 		.ascii	"*8\310\372\177\360,\030\237\037\347\351\231J;Ri\313"
  65      7FF02C18 
  65      9F1FE7E9 
  65      994A3B52 
  65      69CB
  66 006a F0FA3530 		.ascii	"\360\37250\2266L\245\236T*\206\355{\311\027\272\222"
  66      96364CA5 
  66      9E542A86 
  66      ED7BC917 
  66      BA92
  67 007c 38E9     		.ascii	"8\351"
  68              		.text
  69              		.section	.gnu.lto_.refs.df53cfb9,"",%progbits
  70 0000 789C6365 		.ascii	"x\234ce`b`c```d`bdb\000\000\000\275\000\024"
  70      60626063 
  70      60606064 
  70      60626462 
  70      000000BD 
  71              		.text
  72              		.section	.gnu.lto_.decls.df53cfb9,"",%progbits
  73 0000 789CAD57 		.ascii	"x\234\255WkPTG\026\276}{\036p\001\265 \265\353\017k"
  73      6B505447 
  73      16BE7D7B 
  73      1E7001B5 
  73      20B5EB0F 
  74 0015 97B24849 		.ascii	"\227\262HI\325&\0200+V~d\343\242\250\011Q\252\262\311"
  74      D5261030 
  74      2B567E64 
  74      E3A2A809 
  74      51AAB2C9 
  75 0029 8FDDA99A 		.ascii	"\217\335\251\232\032\230Q\246\012\030vf\3302\225?\227"
  75      1A9851A6 
  75      0A187666 
ARM GAS  C:\Users\CYIRKO~1\AppData\Local\Temp\ccGph9Zc.s 			page 5


  75      D832953F 
  75      97
  76 003a 00021A40 		.ascii	"\000\002\032@c\342.\226\030\015$\202\032!\370\214\317"
  76      63E22E96 
  76      180D2482 
  76      1A21F88C 
  76      CF
  77 004b 51228E84 		.ascii	"Q\"\216\204\227\272\202(\257 \242FD^\012\203<\366t\367"
  77      97BA8228 
  77      AF20A246 
  77      445E0A83 
  77      3CF674F7 
  78 005f BDDCCB40 		.ascii	"\275\334\313@\312bwoqn\337\323\347;\3379\335}\272\247"
  78      CA62776F 
  78      716EDFD3 
  78      E73BDF39 
  78      DD7DBAA7 
  79 0073 D1723C97 		.ascii	"\321r<\227\030\300qw0\307\035\3478n\012\036\036\332"
  79      18C07177 
  79      30C71DE7 
  79      386E0A1E 
  79      1EDA
  80 0085 EF4010C8 		.ascii	"\357@\020\310\000\307\036_\220Q\2201\220q\220I\216\001"
  80      00C71E5F 
  80      90519031 
  80      90719049 
  80      8E01
  81 0097 78100D88 		.ascii	"x\020\015\210\017\210\200\230\217?\342f<\003\240\353"
  81      0F888098 
  81      8F3FE266 
  81      3C03A0EB 
  82 00a7 A1FD0824 		.ascii	"\241\375\010$\000\276G\240]\200\030w?\210\036\315\214"
  82      00BE47A0 
  82      5D801877 
  82      3F881ECD 
  82      8C
  83 00b8 21487C1A 		.ascii	"!H|\032\211\237\220NJq\307\270\271c\374\023\243\353"
  83      899F904E 
  83      4A71C7B8 
  83      B963FC13 
  83      A3EB
  84 00ca 99157B71 		.ascii	"\231\025{q>F\201\002\322\200:P\267\347\336\002P_\021"
  84      3E468102 
  84      D2803A50 
  84      B7E7DE02 
  84      505F11
  85 00dd 5030A879 		.ascii	"P0\250ye\223\277g\306\177\361\240\236>\377$\222\251"
  85      6593BF67 
  85      C67FF1A0 
  85      9E3EFF24 
  85      92A9
  86 00ef 4B403BD3 		.ascii	"K@;\3236\340\362c\330ND|\305\274l\177f\036%\372\265"
  86      36E0F263 
  86      D84E447C 
  86      C5BC6C7F 
  86      661E25FA 
  87 0104 A6A23E01 		.ascii	"\246\242>\001C.\360\335\227y\277\323\217\331\026\203"
ARM GAS  C:\Users\CYIRKO~1\AppData\Local\Temp\ccGph9Zc.s 			page 6


  87      432EF0DD 
  87      9779BFD3 
  87      8FD91683 
  88 0114 7AA3BFB6 		.ascii	"z\243\277\266HR\027\201\332\232\273u\237\016\373Rd\233"
  88      48521781 
  88      DA9ABB75 
  88      9F0EFB52 
  88      649B
  89 0126 BBEC3049 		.ascii	"\273\3540Ih\231\200\310\264.\204\256\362\336\037<\001"
  89      689980C8 
  89      B42E84AE 
  89      F2DE1F3C 
  89      01
  90 0137 AC8B203A 		.ascii	"\254\213 :<\2451aGD\366\370\374N\031\313\215\202\301"
  90      3CA53161 
  90      4744F6F8 
  90      FC4E19CB 
  90      8D82C1
  91 014a 123DFE2D 		.ascii	"\022=\376-\001\361\2055\315\2275(T\370\226\200\\\315"
  91      01F18535 
  91      CD973528 
  91      54F89680 
  91      5CCD
  92 015c C3CB7666 		.ascii	"\303\313vf\213\"\217N\"\001\035G\030\035CadN\226\011"
  92      8B228F4E 
  92      22011D47 
  92      181D4361 
  92      644E9609 
  93 0170 F0CE11C5 		.ascii	"\360\316\021\305O\305\035\031\242\357:\016\225\242%"
  93      4FC51D19 
  93      A2EF3A0E 
  93      95A225
  94 017f E8205AC2 		.ascii	"\350 Z\302\241\023(\224\304#8T\011\235\337C'\204(+\331"
  94      A1132894 
  94      C4233854 
  94      099DDF43 
  94      2784282B 
  95 0194 F9B50EE7 		.ascii	"\371\265\016\347\"\032\243\372\302\335\333\032$\204"
  95      221AA3FA 
  95      C2DDDB1A 
  95      2484
  96 01a2 CE49F0C3 		.ascii	"\316I\360\303\034\004R2\207\226Vg\221dNC2\247\224d "
  96      1C045232 
  96      87965667 
  96      91644E43 
  96      32A79464 
  97 01b7 37368EAE 		.ascii	"76\216\2563\255\351<\356\243A\320\236\263\3035Z6U>\240"
  97      33ADE93C 
  97      EEA341D0 
  97      9EB3C335 
  97      5A36553E 
  98 01cc 3EDD75A5 		.ascii	">\335u\245\216\307\203\314\326s;\243P\207G\231\262c"
  98      8EC783CC 
  98      D6733BA3 
  98      50874799 
  98      B263
  99 01de A245D461 		.ascii	"\242E\324a\221\315w\336\323\321\003\032\234\315\224"
ARM GAS  C:\Users\CYIRKO~1\AppData\Local\Temp\ccGph9Zc.s 			page 7


  99      91CD77DE 
  99      D3D1031A 
  99      9CCD94
 100 01ed 968C91A6 		.ascii	"\226\214\221\246\000\234G\025\337\255\345\247\217\373"
 100      009C4715 
 100      DFADE5A7 
 100      8FFB
 101 01fb A310F204 		.ascii	"\243\020\362\004\205\204\204~Mrw5\327\274\346\036\354"
 101      8584847E 
 101      4D727735 
 101      D7BCE61E 
 101      EC
 102 020c 16C5CFFD 		.ascii	"\026\305\317\375iR.H\252\032\005)\2039\012/\016E\300"
 102      69522E48 
 102      AA1A0529 
 102      83390A2F 
 102      0E45C0
 103 021f 8B630E63 		.ascii	"\213c\016co\027\212\256LL\321\027\275\321\341^\340_"
 103      6F178AAE 
 103      4C4CD117 
 103      BDD1E15E 
 103      E05F
 104 0231 FEA480CF 		.ascii	"\376\244\200\317y\203\317R\352R\244\342V\301\317x\303"
 104      7983CF52 
 104      EA52A4E2 
 104      56C1CF78 
 104      C3
 105 0242 CBBD33B9 		.ascii	"\313\2753\271\243B\237\237\233\234\242w\222\271\337"
 105      A3429F9F 
 105      9B9CA277 
 105      92B9DF
 106 0251 218AEF68 		.ascii	"!\212\357h8t\030\354\207\250\211\240a\372\3215X\255"
 106      387418EC 
 106      87A889A0 
 106      61FAD135 
 106      58AD
 107 0263 CB28045D 		.ascii	"\313(\004]\005\271\002R\005\362#\210\033\344\022\012"
 107      05B90252 
 107      05F22388 
 107      1BE4120A 
 108 0273 A115C6E2 		.ascii	"\241\025\306\342\325\250\342]\230s\344\352\261\324\254"
 108      D5A8E25D 
 108      9873E4EA 
 108      B1D4AC
 109 0282 53D01573 		.ascii	"S\320\025s\217\205\301Yi\364]\010L\027ED`\234T\026R"
 109      8F85C159 
 109      69F45D08 
 109      4C174544 
 109      609C5416 
 110 0297 6D5F9CCC 		.ascii	"m_\234\314l\324\341\026\272\206|\311\266\332\223>(("
 110      6CD4E116 
 110      BA867CC9 
 110      B6DA933E 
 110      2828
 111 02a9 74AE31A1 		.ascii	"t\2561\241Z\030\312|\206\305\"\367\270u\260\231\320"
 111      5A18CA7C 
 111      86C522F7 
ARM GAS  C:\Users\CYIRKO~1\AppData\Local\Temp\ccGph9Zc.s 			page 8


 111      B875B099 
 111      D0
 112 02ba 4FE058A3 		.ascii	"O\340X\243\224$\311\203\206\227\367z\240\264\327\263"
 112      9424C983 
 112      8697F77A 
 112      A0B4D7B3 
 113 02ca EB9E1DE4 		.ascii	"\353\236\035\344q/\253\257\212s\231O\0260\243\213\030"
 113      712FABAF 
 113      8A73994F 
 113      1630A38B 
 113      18
 114 02db B76715E4 		.ascii	"\267g\025\344\352\361\0203\016\225V\356\363a\306Rb|"
 114      EAF11033 
 114      0E9556EE 
 114      F361C652 
 114      627C
 115 02ed 3451FD58 		.ascii	"4Q\375X\213\307\230\361H\335\325V\351\364\311!\306\233"
 115      8BC798F1 
 115      48DDD556 
 115      E9F4C921 
 115      C69B
 116 02ff 238DD902 		.ascii	"#\215\331\002N\307\3248\365\250\245\330\227\031\373"
 116      4EC7D438 
 116      F5A8A5D8 
 116      9719FB
 117 030e 89BEEDC4 		.ascii	"\211\276\355\304\256\342\2058\207\031o\366\034\310\224"
 117      AEE28538 
 117      87196FF6 
 117      1CC894
 118 031d 0E9B46A2 		.ascii	"\016\233F\242\347\027\034\373^\300\005\314X\332\263"
 118      E7171CFB 
 118      5EC005CC 
 118      58DAB3
 119 032c 375F32AE 		.ascii	"7_2\256\004\365D\335\351v-\336\315l\255\203M\331~\270"
 119      04F544DD 
 119      E9762DDE 
 119      CD6CAD83 
 119      4DD97EB8 
 120 0340 8829E5E3 		.ascii	"\210)\345\343_\034\324\341\022\2464\356-\222w\332qr"
 120      5F1CD4E1 
 120      12A634EE 
 120      2D9277DA 
 120      7172
 121 0352 DAE5954F 		.ascii	"\332\345\225O\371\260\343m\177\020\211P\330V!\340\303"
 121      F9B0E36D 
 121      7F108950 
 121      D85621E0 
 121      C3
 122 0363 141B30D1 		.ascii	"\024\0330\3211|\321\017\005\205L?\241!\352\305h\207"
 122      317CD10F 
 122      05854C3F 
 122      A121EAC5 
 122      6887
 123 0375 C568A3AB 		.ascii	"\305h\243\253\333)\255\304cX\211.\230\365\036\220\207"
 123      DB29ADC4 
 123      6358892E 
 123      98F51E90 
ARM GAS  C:\Users\CYIRKO~1\AppData\Local\Temp\ccGph9Zc.s 			page 9


 123      87
 124 0386 20F741BA 		.ascii	" \367A\272A\036\201\374\002\322\013\362\000\344g\220"
 124      411E81FC 
 124      02D20BF2 
 124      00E46790 
 125 0396 7B4AC191 		.ascii	"{J\301\221\225\251\017\334%\212\3567\350\332|\007kC"
 125      95A90FDC 
 125      258AEE37 
 125      E8DA7C07 
 125      6B43
 126 03a8 28A757FB 		.ascii	"(\247W\373\310\314\355\003\370\313\357\246\323\222#"
 126      C8CCED03 
 126      F8CBEFA6 
 126      D39223
 127 03b7 F0566FF8 		.ascii	"\360Vo\370\214\255I\300\033\025p\2077\270\014y\243c"
 127      8CAD49C0 
 127      1B157087 
 127      37B80C79 
 127      A363
 128 03c9 15749337 		.ascii	"\025t\2237\372\2267\272\353=\005}\333\033\335<+\357"
 128      FA9637BA 
 128      EB3D057D 
 128      DB1BDD3C 
 128      2BEF
 129 03db 2E55DE77 		.ascii	".U\336w\275\341Gg\017s\203\002\257\367\206\327\315\312"
 129      BDE14767 
 129      0F738302 
 129      AFF786D7 
 129      CDCA
 130 03ed 5C95CB1D 		.ascii	"\\\225\313\035ot\313\254\314U\343\374\2677\372\346\354"
 130      6F74CBAC 
 130      CC55E3FC 
 130      B737FAE6 
 130      EC
 131 03fe 54DE57E0 		.ascii	"T\336W\3407\274\341\327\025ri\217_c{\274s\346\036\227"
 131      37BCE1D7 
 131      1572698F 
 131      5F637BBC 
 131      73E61E97 
 132 0412 16BB4EB5 		.ascii	"\026\273N\265\330\215\336\\\015\252\320P\221\227<\275"
 132      D88DDE5C 
 132      0DAAD050 
 132      91973CBD 
 133 0422 590B7125 		.ascii	"Y\013q%\255H~\242\265\373\217^G\202\\\205\350)\024\337"
 133      AD487EA2 
 133      B5FB8F5E 
 133      47825C85 
 133      E82914DF 
 134 0436 FF52882C 		.ascii	"\377R\210,\361\246\006zD\364\001\321\023\345\210\350"
 134      F1A6067A 
 134      44F401D1 
 134      13E588E8 
 135 0446 948F88A2 		.ascii	"\224\217\210\242N\327=m\220\024?\347\327\342s\363\016"
 135      4ED73D6D 
 135      90143FE7 
 135      D7E273F3 
 135      0E
ARM GAS  C:\Users\CYIRKO~1\AppData\Local\Temp\ccGph9Zc.s 			page 10


 136 0457 4E7EDA9E 		.ascii	"N~\332\236\235\375\022\373o\233\376\231E\375\252c\224"
 136      9DFD12FB 
 136      6F9BFE99 
 136      45FDAA63 
 136      94
 137 0468 4303C89F 		.ascii	"C\003\310\237^\254\240\005\360\311\274\037\317\363\355"
 137      5EACA005 
 137      F0C9BC1F 
 137      CFF3ED
 138 0477 50FA7023 		.ascii	"P\372p#C\213(\005B\354\215\250PuJ~\020\242\375\320\313"
 138      438B2805 
 138      42EC8DA8 
 138      50754A7E 
 138      10A2FDD0 
 139 048c 73D2554C 		.ascii	"s\322UL\356B\262\207\244\363\222\312K\224\364OrF*Ff"
 139      EE42B287 
 139      A4F392CA 
 139      4B94F44F 
 139      72462A46 
 140 04a1 6691E487 		.ascii	"f\221\344\207\335\300\330\007u\223\275\021\257\004@"
 140      DDC0D807 
 140      7593BD11 
 140      AF0440
 141 04b0 48EDA022 		.ascii	"H\355\240\"diK\366\351\3748epH\236\252\201\302\332\036"
 141      64694BF6 
 141      E9FC3865 
 141      70489EAA 
 141      81C2DA1E 
 142 04c4 A103A61D 		.ascii	"\241\003\246\035z\366\277\203h_\3771\261K\300\347\330"
 142      7AF6BF83 
 142      685FFF31 
 142      B14BC0E7 
 142      D8
 143 04d5 2977656A 		.ascii	")wej\304\265\220\235r\274\352&\366\012\273\211\215\246"
 143      C4B5909D 
 143      72BCEA26 
 143      F60ABB89 
 143      8DA6
 144 04e7 DFBA242C 		.ascii	"\337\272$,\336M\257V\031\342\"\036}\364\033\364\034"
 144      DE4DAF56 
 144      19E2221E 
 144      7DF41BF4 
 144      1C
 145 04f8 26FA199D 		.ascii	"&\372\031\235\350\021\264\030\336\361\032\251\374\032"
 145      E811B418 
 145      DEF11AA9 
 145      FC1A
 146 0506 F3CE0A4B 		.ascii	"\363\316\012K\367\213\373;E\327\203\321\340\007\225"
 146      F78BFB3B 
 146      45D783D1 
 146      E00795
 147 0515 A208D71A 		.ascii	"\242\010\327\032QC`hX\251\020\370\204\367\020\234/h"
 147      51436068 
 147      58A910F8 
 147      84F7109C 
 147      2F68
 148 0527 106A8283 		.ascii	"\020j\202\203\333\341R\362\023R\331\327\241\305\375"
ARM GAS  C:\Users\CYIRKO~1\AppData\Local\Temp\ccGph9Zc.s 			page 11


 148      DBE152F2 
 148      1352D9D7 
 148      A1C5FD
 149 0536 2CAB9D95 		.ascii	",\253\235\225\215]\030\270:\241\316\246&W\356\251\350"
 149      8D5D18B8 
 149      3AA1CEA6 
 149      2657EEA9 
 149      E8
 150 0547 1673041A 		.ascii	"\026s\004\032\020y\024&\017a\"\037c\224\241\266\247"
 150      10791426 
 150      0F61221F 
 150      6394A1B6 
 150      A7
 151 0558 ED137C48 		.ascii	"\355\023|HC\011\216~\331\360T/\021\334\313\307\217="
 151      43098E7E 
 151      D9F0542F 
 151      11DCCBC7 
 151      8F3D
 152 056a 0AC10B85 		.ascii	"\012\301\013\205\340\205L0N\011\032j\212\307\003\260"
 152      E0854C30 
 152      4E091A6A 
 152      8AC703B0 
 153 057a 8731EC3E 		.ascii	"\2071\354>w\351'_\211\241\252\024\227\225mu\3051\202"
 153      77E9275F 
 153      89A1AA14 
 153      97956D75 
 153      C53182
 154 058d 09856042 		.ascii	"\011\205`B&\230\244\004}\327\273\237\353\361)-%83|\265"
 154      2698A404 
 154      7DD7BB9F 
 154      EBF1292D 
 154      2538337C 
 155 05a2 521EC38B 		.ascii	"R\036\303\213r\354)\236&\230R\010\246d\002\221'\004"
 155      72EC299E 
 155      26985208 
 155      A6640291 
 155      2704
 156 05b4 C50FBF18 		.ascii	"\305\017\277\030\344\361\020#pw\017\272\026H\004w/\342"
 156      E4F11023 
 156      70770FBA 
 156      16480477 
 156      2FE2
 157 05c6 FC6FA609 		.ascii	"\374o\246\011\340:(\023\300'#\370\224\022\374\334\230"
 157      E03A2813 
 157      C02723F8 
 157      9412FCDC 
 157      98
 158 05d7 51A5C7E5 		.ascii	"Q\245\307\345:\226A\313\263\363>r\006\365\270\375\340"
 158      3A9641CB 
 158      B3F33E72 
 158      06F5B8FD 
 158      E0
 159 05e8 34418642 		.ascii	"4A\206B\220!\023dR\202CG\012\357\373\342\307\214\240"
 159      90211364 
 159      52824347 
 159      0AEFFBE2 
 159      C78CA0
ARM GAS  C:\Users\CYIRKO~1\AppData\Local\Temp\ccGph9Zc.s 			page 12


 160 05fb F0D648AF 		.ascii	"\360\326H\257N\303\263\275D\026\032\372\252n\334.\320"
 160      4EC3B3BD 
 160      44161AFA 
 160      AA6EDC2E 
 160      D0
 161 060c FC6A4964 		.ascii	"\374jId\363\244$\266\362RM\2244L\234\2223\270Y\363\332"
 161      F3A424B6 
 161      F2524D94 
 161      344C9C92 
 161      33B859F3 
 162 0621 676C0E00 		.ascii	"gl\016\000\204\262\224\014\262\344\014rh\006\205\373"
 162      84B2940C 
 162      B2E40C72 
 162      680685FB 
 163 0631 0A2A30F6 		.ascii	"\012*0\366\260\014>\3373^\317K\004C\017\361\344\224"
 163      B00C3EDF 
 163      335ECF4B 
 163      04430FF1 
 163      E494
 164 0643 B28EB90A 		.ascii	"\262\216\271\012C\256\314\260\2152\270\253\216>\367"
 164      43AECCB0 
 164      8D32B8AB 
 164      8E3EF7
 165 0652 C36E3D65 		.ascii	"\303n=eh\257v\027j^-\026\373\311U\273f\345\366\214z"
 165      68AF7617 
 165      6A5E2D16 
 165      FBC955BB 
 165      66E5F68C 
 166 0667 513CC0D3 		.ascii	"Q<\300\323#c;cP\375<o'D\3503\376U\362\177\305hs\273"
 166      23633B63 
 166      50FD3C6F 
 166      2744E833 
 166      FE55F27F 
 167 067f BFFA9421 		.ascii	"\277\372\224!A\225S&\217\367\227\303\303'=\225\276j"
 167      41955326 
 167      8FF797C3 
 167      C3273D95 
 167      BE6A
 168 0691 D2A8F164 		.ascii	"\322\250\361d\230\012>\237g\247\022iuq\357\25669M\032"
 168      980A3E9F 
 168      67A71269 
 168      7571EFAE 
 168      36394D1A 
 169 06a5 D3267B92 		.ascii	"\323&{\222\317\332\015\037\006GGDp\202\321\230fMq.\217"
 169      CFDA0D1F 
 169      06474744 
 169      7082D198 
 169      664D712E 
 170 06ba 343A3759 		.ascii	"4:7Y\3362$$Z\343\255\016g\232\331j38m\266$\207asJZ0"
 170      DE322424 
 170      5AE3AD0E 
 170      679AD96A 
 170      33386DB6 
 171 06d5 FD0A36D9 		.ascii	"\375\0126\331\223\203-\311\361\026\263\331b6\254\010"
 171      93832DC9 
 171      F116B3D9 
 171      6236AC08 
ARM GAS  C:\Users\CYIRKO~1\AppData\Local\Temp\ccGph9Zc.s 			page 13


 172 06e5 5B1E1CF9 		.ascii	"[\036\034\371FD\324\337#\014\320\377z\212-\305\362\272"
 172      4644D4DF 
 172      230CD0FF 
 172      7A8A2DC5 
 172      F2BA
 173 06f7 C5146F35 		.ascii	"\305\024o5XS\022\222\322\314\026C\262\011\270R,\006"
 173      58531292 
 173      D2CC1643 
 173      B209B852 
 173      2C06
 174 0709 A3D9B2C9 		.ascii	"\243\331\262\311\224\226\3444:?N\2658\302\0229\0379"
 174      9496E434 
 174      3A3F4EB5 
 174      38C21239 
 174      1F39
 175 071b DEDFFEAF 		.ascii	"\336\337\376\257\361\034\037;\014F\207\323\014\344\020"
 175      F11C1F3B 
 175      0C4687D3 
 175      0CE410
 176 072a 04DBCC76 		.ascii	"\004\333\314vmjZ\252\331\256\2679R-\026\263]g#\011\330"
 176      6D6A5AAA 
 176      D9AEB739 
 176      522D16B3 
 176      5D672309 
 177 073f B5C936B3 		.ascii	"\265\3116\263\305N\346 1f\315[\206h\022\377\003\026"
 177      C54EE620 
 177      3166CD5B 
 177      866812FF 
 177      0316
 178 0751 9FE66273 		.ascii	"\237\346bsDD\255\010\2679\302\023MI\341\2516\273\323"
 178      4444AD08 
 178      B739C213 
 178      4D49E1A9 
 178      36BBD3
 179 0764 11FEC15F 		.ascii	"\021\376\301_\336_\036\031\036\033\273:|m\334\372\215"
 179      DE5F1E19 
 179      1E1BBB3A 
 179      7C6DDCFA 
 179      8D
 180 0775 FF882426 		.ascii	"\377\210$&c*HR\222\031B\005:\234\3110\234\315\251V\233"
 180      632A4852 
 180      92194205 
 180      3A9CC930 
 180      9CCDA956 
 181 078a D16171A6 		.ascii	"\321aq\246\245\032\235\272\270\365d\246uq\353X\263\226"
 181      A51A9DBA 
 181      B8F564A6 
 181      7571EB58 
 181      B396
 182 079c 3531AC59 		.ascii	"51\254Y\303\232\325\254\211f\315\237Y\263\2125\357\221"
 182      C39AD5AC 
 182      8966CD9F 
 182      59B38A35 
 182      EF91
 183 07ae C6376E55 		.ascii	"\3067nUl\264-e\223u\263\036\"\256O\261:\377\360\322"
 183      6CB42D65 
 183      9375B31E 
ARM GAS  C:\Users\CYIRKO~1\AppData\Local\Temp\ccGph9Zc.s 			page 14


 183      22AE4FB1 
 183      3AFFF0D2 
 184 07c2 8C1DF604 		.ascii	"\214\035\366\004\322\206%p:\207\223\270D\276"
 184      D2862570 
 184      3A8793B8 
 184      44BE
 185 07d0 D4459A40 		.ascii	"\324E\232@:*\007\231;\337x\233\311n&\316\253_\352L\241"
 185      3A2A0799 
 185      3BDF789B 
 185      C96E26CE 
 185      AB5FEA4C 
 186 07e5 648A8C1B 		.ascii	"d\212\214\033>\214\216]\2631\342\3157\2151Q+\242\376"
 186      3E8C8E5D 
 186      B331E2CD 
 186      378D3151 
 186      2BA2FE
 187 07f8 BA9E9980 		.ascii	"\272\236\231\200N\347\240\\+\346\227\210\305n\205a$"
 187      4EE7A05C 
 187      2BE69788 
 187      C56E8561 
 187      24
 188 0809 72FACDA9 		.ascii	"r\372\315\251t\034\313\347\345\016N\304\327\262\345"
 188      741CCBE7 
 188      E50E4EC4 
 188      D7B2E5
 189 0818 BFF00527 		.ascii	"\277\360\005'\342k6%\314\337\027\234\3007@\256\016\243"
 189      E26B3625 
 189      CCDF179C 
 189      C03740AE 
 189      0EA3
 190 082a 1518FC13 		.ascii	"\025\030\374\023U\312\252y\325\034}\307Dm\331\022\236"
 190      55CAAA79 
 190      D51C7DC7 
 190      446DD912 
 190      9E
 191 083b A8941BE1 		.ascii	"\250\224\033\341\226\367T\002-\217\377\000\347\032*"
 191      96F75402 
 191      2D8FFF00 
 191      E71A2A
 192 084a 6B       		.ascii	"k"
 193              		.text
 194              		.section	.gnu.lto_.symtab.df53cfb9,"",%progbits
 195 0000 68616C49 		.ascii	"halInit\000"
 195      6E697400 
 196 0008 00       		.ascii	"\000"
 197 0009 00       		.ascii	"\000"
 198 000a 00       		.ascii	"\000"
 199 000b 00000000 		.ascii	"\000\000\000\000\000\000\000\000"
 199      00000000 
 200 0013 F8000000 		.ascii	"\370\000\000\000"
 201 0017 70616C5F 		.ascii	"pal_default_config\000"
 201      64656661 
 201      756C745F 
 201      636F6E66 
 201      696700
 202 002a 00       		.ascii	"\000"
 203 002b 02       		.ascii	"\002"
ARM GAS  C:\Users\CYIRKO~1\AppData\Local\Temp\ccGph9Zc.s 			page 15


 204 002c 00       		.ascii	"\000"
 205 002d 00000000 		.ascii	"\000\000\000\000\000\000\000\000"
 205      00000000 
 206 0035 0C010000 		.ascii	"\014\001\000\000"
 207 0039 7374496E 		.ascii	"stInit\000"
 207      697400
 208 0040 00       		.ascii	"\000"
 209 0041 02       		.ascii	"\002"
 210 0042 00       		.ascii	"\000"
 211 0043 00000000 		.ascii	"\000\000\000\000\000\000\000\000"
 211      00000000 
 212 004b FA000000 		.ascii	"\372\000\000\000"
 213 004f 626F6172 		.ascii	"boardInit\000"
 213      64496E69 
 213      7400
 214 0059 00       		.ascii	"\000"
 215 005a 02       		.ascii	"\002"
 216 005b 00       		.ascii	"\000"
 217 005c 00000000 		.ascii	"\000\000\000\000\000\000\000\000"
 217      00000000 
 218 0064 FC000000 		.ascii	"\374\000\000\000"
 219 0068 7364496E 		.ascii	"sdInit\000"
 219      697400
 220 006f 00       		.ascii	"\000"
 221 0070 02       		.ascii	"\002"
 222 0071 00       		.ascii	"\000"
 223 0072 00000000 		.ascii	"\000\000\000\000\000\000\000\000"
 223      00000000 
 224 007a FE000000 		.ascii	"\376\000\000\000"
 225 007e 67707449 		.ascii	"gptInit\000"
 225      6E697400 
 226 0086 00       		.ascii	"\000"
 227 0087 02       		.ascii	"\002"
 228 0088 00       		.ascii	"\000"
 229 0089 00000000 		.ascii	"\000\000\000\000\000\000\000\000"
 229      00000000 
 230 0091 00010000 		.ascii	"\000\001\000\000"
 231 0095 65787449 		.ascii	"extInit\000"
 231      6E697400 
 232 009d 00       		.ascii	"\000"
 233 009e 02       		.ascii	"\002"
 234 009f 00       		.ascii	"\000"
 235 00a0 00000000 		.ascii	"\000\000\000\000\000\000\000\000"
 235      00000000 
 236 00a8 02010000 		.ascii	"\002\001\000\000"
 237 00ac 64616349 		.ascii	"dacInit\000"
 237      6E697400 
 238 00b4 00       		.ascii	"\000"
 239 00b5 02       		.ascii	"\002"
 240 00b6 00       		.ascii	"\000"
 241 00b7 00000000 		.ascii	"\000\000\000\000\000\000\000\000"
 241      00000000 
 242 00bf 04010000 		.ascii	"\004\001\000\000"
 243 00c3 5F70616C 		.ascii	"_pal_lld_init\000"
 243      5F6C6C64 
 243      5F696E69 
 243      7400
ARM GAS  C:\Users\CYIRKO~1\AppData\Local\Temp\ccGph9Zc.s 			page 16


 244 00d1 00       		.ascii	"\000"
 245 00d2 02       		.ascii	"\002"
 246 00d3 00       		.ascii	"\000"
 247 00d4 00000000 		.ascii	"\000\000\000\000\000\000\000\000"
 247      00000000 
 248 00dc 08010000 		.ascii	"\010\001\000\000"
 249 00e0 68616C5F 		.ascii	"hal_lld_init\000"
 249      6C6C645F 
 249      696E6974 
 249      00
 250 00ed 00       		.ascii	"\000"
 251 00ee 02       		.ascii	"\002"
 252 00ef 00       		.ascii	"\000"
 253 00f0 00000000 		.ascii	"\000\000\000\000\000\000\000\000"
 253      00000000 
 254 00f8 0A010000 		.ascii	"\012\001\000\000"
 255              		.text
 256              		.section	.gnu.lto_.opts,"",%progbits
 257 0000 272D666D 		.ascii	"'-fmath-errno' '-fsigned-zeros' '-ftrapping-math' '"
 257      6174682D 
 257      6572726E 
 257      6F272027 
 257      2D667369 
 258 0033 2D666E6F 		.ascii	"-fno-trapv' '-fno-openmp' '-fno-openacc' '-mcpu=cor"
 258      2D747261 
 258      70762720 
 258      272D666E 
 258      6F2D6F70 
 259 0066 7465782D 		.ascii	"tex-m7' '-mno-thumb-interwork' '-mthumb' '-ggdb' '-"
 259      6D372720 
 259      272D6D6E 
 259      6F2D7468 
 259      756D622D 
 260 0099 4F322720 		.ascii	"O2' '-fomit-frame-pointer' '-falign-functions=16' '"
 260      272D666F 
 260      6D69742D 
 260      6672616D 
 260      652D706F 
 261 00cc 2D666675 		.ascii	"-ffunction-sections' '-fdata-sections' '-fno-common"
 261      6E637469 
 261      6F6E2D73 
 261      65637469 
 261      6F6E7327 
 262 00ff 2720272D 		.ascii	"' '-flto'\000"
 262      666C746F 
 262      2700
 263              		.text
 264              		.comm	__gnu_lto_v1,1,1
 265              		.comm	__gnu_lto_slim,1,1
 266              		.ident	"GCC: (GNU Tools for ARM Embedded Processors 6-2017-q1-update) 6.3.1 20170215 (release) [AR
ARM GAS  C:\Users\CYIRKO~1\AppData\Local\Temp\ccGph9Zc.s 			page 17


DEFINED SYMBOLS
                            *ABS*:00000000 hal.c
                            *COM*:00000001 __gnu_lto_v1
                            *COM*:00000001 __gnu_lto_slim

NO UNDEFINED SYMBOLS
