ARM GAS  C:\Users\CYIRKO~1\AppData\Local\Temp\cc0RacVb.s 			page 1


   1              		.cpu cortex-m7
   2              		.eabi_attribute 20, 1
   3              		.eabi_attribute 21, 1
   4              		.eabi_attribute 23, 3
   5              		.eabi_attribute 24, 1
   6              		.eabi_attribute 25, 1
   7              		.eabi_attribute 26, 1
   8              		.eabi_attribute 30, 2
   9              		.eabi_attribute 34, 1
  10              		.eabi_attribute 18, 4
  11              		.file	"hal_st.c"
  12              		.text
  13              	.Ltext0:
  14              		.section	.gnu.lto_.profile.df53cffd,"",%progbits
  15 0000 789C6365 		.ascii	"x\234ce`b`a```d\220\342\001\000\000\300\0003"
  15      60626061 
  15      60606064 
  15      90E20100 
  15      00C00033 
  16              		.text
  17              		.section	.gnu.lto_.icf.df53cffd,"",%progbits
  18 0000 789C6365 		.ascii	"x\234ce`bP`@\000V\206\205??\354\345a|\177c\371J\026"
  18      60625060 
  18      40005686 
  18      853F3FEC 
  18      E5617C7F 
  19 0018 A67D171E 		.ascii	"\246}\027\036\254ga~\177\256\367/;\313\211\217\213\026"
  19      AC67617E 
  19      7FAEF72F 
  19      3BCB898F 
  19      8B16
  20 002a F0320000 		.ascii	"\3602\000\000\0217\020\034"
  20      1137101C 
  21              		.text
  22              		.section	.gnu.lto_.jmpfuncs.df53cffd,"",%progbits
  23 0000 789C6365 		.ascii	"x\234ce`b\020c@\000V\020\301\010\004\365L\014\014\314"
  23      60621063 
  23      40005610 
  23      C10804F5 
  23      4C0C0CCC 
  24 0014 209A0528 		.ascii	" \232\005(\000\000\016\012\0011"
  24      00000E0A 
  24      0131
  25              		.text
  26              		.section	.gnu.lto_.inline.df53cffd,"",%progbits
  27 0000 789C6365 		.ascii	"x\234ce`b\310g@\000V\006\006\026\036F\240 \003\003\333"
  27      6062C867 
  27      40005606 
  27      06161E46 
  27      A0200303 
  28 0015 027910C5 		.ascii	"\002y\020\305\300\310\005\"\030\330X\031\031\031\004"
  28      C0C80522 
  28      18D85819 
  28      191904
  29 0024 18191898 		.ascii	"\030\031\030\230\330>\350\301%\231\030X\230\201\312"
  29      D83EE8C1 
  29      25991858 
ARM GAS  C:\Users\CYIRKO~1\AppData\Local\Temp\cc0RacVb.s 			page 2


  29      9881CA
  30 0033 992EF0C3 		.ascii	"\231.\360\303\205\230ABP\245\310\342,\230J\031\000\312"
  30      85984142 
  30      50A5C8E2 
  30      2C984A19 
  30      00CA
  31 0045 39089E   		.ascii	"9\010\236"
  32              		.text
  33              		.section	.gnu.lto_.pureconst.df53cffd,"",%progbits
  34 0000 789C6365 		.ascii	"x\234ce`b\340f```e\220`\224b\222b\226b\221\002\000\004"
  34      6062E066 
  34      60606065 
  34      90609462 
  34      92629662 
  35 0018 1000A2   		.ascii	"\020\000\242"
  36              		.text
  37              		.section	.gnu.lto_stInit.df53cffd,"",%progbits
  38 0000 789C6365 		.ascii	"x\234ce`bX\314\300\300`\000\304\322@\314\310\314\300"
  38      606258CC 
  38      C0C06000 
  38      C4D240CC 
  38      C8CCC0
  39 0013 C834E11C 		.ascii	"\3104\341\034\003C#\007\023##\210\321\300\301\310P\317"
  39      03432307 
  39      13232388 
  39      D1C0C1C8 
  39      50CF
  40 0025 C458CFD8 		.ascii	"\304X\317\330\317<\235\231\361P\373\263\235L\232\313"
  40      CF3C9D99 
  40      F150FBB3 
  40      9D4C9ACB 
  41 0035 1B80E0C0 		.ascii	"\033\200\340\300\364\037\222\015+\0160\316gf`\230\011"
  41      F41F920D 
  41      2B0E30CE 
  41      67666098 
  41      09
  42 0046 C420C0B8 		.ascii	"\304 \300\270\234Q\223\001\250\354\321\306\177Sy\331"
  42      9C519301 
  42      A8ECD1C6 
  42      7F5379D9 
  43 0056 5820E28C 		.ascii	"X \342\214+\030\331\030\201\364\372K\214\007\032\376"
  43      2B18D918 
  43      81F4FA4B 
  43      8C071AFE 
  44 0066 FD6F6F38 		.ascii	"\375oo8pg\021\343\177V\240T\027\020\203\354\350ff\002"
  44      706711E3 
  44      7F56A054 
  44      171083EC 
  44      E8666602 
  45 007a D1CCAF19 		.ascii	"\321\314\257\031\233\027\374\226\006\251\007\031\262"
  45      9B17FC96 
  45      06A90719 
  45      B2
  46 0087 73E79BDB 		.ascii	"s\347\233\333\354\365\177\0338\34633\316d\006\232\300"
  46      ECF57F1B 
  46      38E63333 
  46      CE64069A 
ARM GAS  C:\Users\CYIRKO~1\AppData\Local\Temp\cc0RacVb.s 			page 3


  46      C0
  47 0098 B892B19E 		.ascii	"\270\222\261\236a>P\355[\306\246\005\377\271\301\352"
  47      613E50ED 
  47      5BC6A605 
  47      FFB9C1EA 
  48 00a8 40A00B28 		.ascii	"@\240\013(\011\324\316\304\300\240\347j\025\343\234"
  48      09D4CEC4 
  48      C0A0E76A 
  48      15E39C
  49 00b7 91999419 		.ascii	"\221\231\224\031\\R\232\222\231\037\223\014b\347\027"
  49      5C529A92 
  49      991F930C 
  49      62E717
  50 00c6 1B9A9BE9 		.ascii	"\033\232\233\351\347\027\353g$\346\350\027\027%\203"
  50      E717EB67 
  50      24E6E817 
  50      172583
  51 00d5 E8F8E212 		.ascii	"\350\370\342\022\275d\006\000)uH\002"
  51      BD640600 
  51      29754802 
  52              		.text
  53              		.section	.gnu.lto_stStartAlarm.df53cffd,"",%progbits
  54 0000 789C9D52 		.ascii	"x\234\235RMh\023A\024\236o'\335\015\361\247\036<\010"
  54      4D681341 
  54      149E6F27 
  54      DD0DF1A7 
  54      1E3C08
  55 0013 E6204229 		.ascii	"\346 B)\365\220%\012\376]\255\202\320\236\332c\241\264"
  55      F590250A 
  55      FE5DAD82 
  55      D09EDA63 
  55      A1B4
  56 0025 A9904024 		.ascii	"\251\220@$\322D\217v\033\033\203\251\177\227&\315!n"
  56      D2448F76 
  56      1B1B83A9 
  56      7F9726CD 
  56      216E
  57 0037 314ADA68 		.ascii	"1J\332h\232\246\376\265Za\011\212\027M\245=x\320\202"
  57      9AA6FEB5 
  57      5A61098A 
  57      174DA53D 
  57      78D082
  58 004a 082D0A15 		.ascii	"\010-\012\025K\015\026\021\022\337L\242\324\223\342"
  58      4B0D1611 
  58      12DF4CA2 
  58      D493E2
  59 0059 C0EC9BF7 		.ascii	"\300\354\233\367\366{\337\373\336\314k`\012+)\214\205"
  59      F67BDFFB 
  59      DECC6B60 
  59      0A2B298C 
  59      85
  60 006a 1963BB69 		.ascii	"\031c\273i\2033(\327K\214\015\332\025@\034\014;\330"
  60      833328D7 
  60      4B8C0DDA 
  60      15401C0C 
  60      3BD8
  61 007c 8082015C 		.ascii	"\200\202\001\\\343\011\216bteVi\311\030\264\254\304"
ARM GAS  C:\Users\CYIRKO~1\AppData\Local\Temp\cc0RacVb.s 			page 4


  61      E3098E62 
  61      74655669 
  61      C918B4AC 
  61      C4
  62 008d 8C7AD188 		.ascii	"\214z\321\210\35429cI\332b!\203\026B=\257nX\215W\271"
  62      EC323963 
  62      49DA6221 
  62      8316423D 
  62      AF6E588D 
  63 00a3 C90185DC 		.ascii	"\311\001\205\334\205\265\227\251-\302U\260\203\334\037"
  63      85B597A9 
  63      2DC255B0 
  63      83DC1F
  64 00b2 D9A9778D 		.ascii	"\331\251w\215\334\015F\347\365\033\326\336\346\333\206"
  64      DC0D46E7 
  64      F51BD6DE 
  64      E6DB86
  65 00c1 1136ACD5 		.ascii	"\0216\254\325\013\334\330ir\216,8\361a\002N\214\303"
  65      0BDCD869 
  65      728E2C38 
  65      F161024E 
  65      8CC3
  66 00d3 C928C470 		.ascii	"\311(\304p\007\315\002\376\241P\031\331\246\332\322"
  66      07CD02FE 
  66      A15019D9 
  66      A6DAD2
  67 00e2 BF4AE22E 		.ascii	"\277J\342.T\220\315/\3002*\325\250a\225oa\361\204F\332"
  67      5490CD2F 
  67      C0322AD5 
  67      A861956F 
  67      61F18446 
  68 00f7 298353AE 		.ascii	")\203S\256\215\261\030!E'\303\\\021\226/C\021\\\227"
  68      8DB11821 
  68      4527C35C 
  68      11962F43 
  68      115C97
  69 010a ACD83307 		.ascii	"\254\3303\007?\"e\274y\233J8\232\322R\307Jr\353\250"
  69      3F2265BC 
  69      799B4A38 
  69      9AD252C7 
  69      4A72EBA8 
  70 011e 6185F708 		.ascii	"a\205\367\010)\271?\245\310\026'\321\224\"\246O\010"
  70      29B93FA5 
  70      C81627D1 
  70      9422A64F 
  70      08
  71 012f AF47BFCC 		.ascii	"\257G\277\314/\335\324~\353\032\252]\313k\225\013\220"
  71      2FDDD47E 
  71      EB1AAA5D 
  71      CB6B950B 
  71      90
  72 0140 1497E4D8 		.ascii	"\024\227\344\330\244\233!\017\225(\246\240\2468\257"
  72      A49B210F 
  72      9528A6A0 
  72      A638AF
  73 014f B114E3DF 		.ascii	"\261\024\343\337+\253#\207E\214\200\361Hq^\023W\325"
  73      2BAB2387 
ARM GAS  C:\Users\CYIRKO~1\AppData\Local\Temp\cc0RacVb.s 			page 5


  73      458C80F1 
  73      48715E13 
  73      57D5
  74 0161 20F34AB9 		.ascii	" \363J\271\2155G\315\025\3346\012\245'\277\275\260\233"
  74      8D3547CD 
  74      15DC360A 
  74      A527BFBD 
  74      B09B
  75 0173 48C1E42A 		.ascii	"H\301\344*\246IXA\010\243\037\331W\345\257\232\2363"
  75      A6495841 
  75      08A31FD9 
  75      57E5AF9A 
  75      9E33
  76 0185 86068DB1 		.ascii	"\206\006\215\261\363&\327p\017&F\251wY\224\000\325x"
  76      F326D770 
  76      0F2646A9 
  76      77599400 
  76      D578
  77 0197 614975E7 		.ascii	"aIu\347%`\232\322\355\270\017\035\373\234u\004\036\300"
  77      25609AD2 
  77      EDB80F1D 
  77      FB9C7504 
  77      1EC0
  78 01a9 4DAA84A4 		.ascii	"M\252\204\244\362\307\271\310\366\272\242\177\255g\307"
  78      F2C7B9C8 
  78      F6BAA27F 
  78      AD67C7
  79 01b8 43590F75 		.ascii	"CY\017u\266G\3207\367CS\204\031\312\224\354O\377\203"
  79      B647D037 
  79      F7435384 
  79      19CA94EC 
  79      4FFF83
  80 01cb 7D56B22B 		.ascii	"}V\262+u\366\307\222}\316\274<\341\250\261+xB\231\313"
  80      75F6C792 
  80      7DCEBC3C 
  80      E1A8B12B 
  80      784299CB 
  81 01df 08BF1F1E 		.ascii	"\010\277\037\036\367\310\261\020O\300>#<\226\271\002"
  81      F7C8B110 
  81      4FC03E23 
  81      3C96B902 
  82 01ef 1190AF17 		.ascii	"\021\220\257\027#}4\0034\361\256\343G\273\216y}\275"
  82      237D3403 
  82      34F1AEE3 
  82      47BB8E79 
  82      7DBD
  83 0201 BE8ED0D9 		.ascii	"\276\216\320\331>_\240\313#\316\201\240\373\320A=\020"
  83      3E5FA0CB 
  83      23CE81A0 
  83      FBD0413D 
  83      10
  84 0212 D4BD3D7E 		.ascii	"\324\275=~=\330\357\021\266;\030ry\230\326\323\033\014"
  84      3DD8EF11 
  84      B63B1872 
  84      7998D6D3 
  84      1B0C
  85 0224 F94E9FB2 		.ascii	"\371N\237\262\211O\353_s\317\004\372CA\275\243\263\375"
ARM GAS  C:\Users\CYIRKO~1\AppData\Local\Temp\cc0RacVb.s 			page 6


  85      894FEB5F 
  85      73CF04FA 
  85      4341BDA3 
  85      B3FD
  86 0236 C07EBDAD 		.ascii	"\300~\275\255\255U\357<\331~\316]g\353\366\373\373\\"
  86      AD55EF3C 
  86      D97ECE5D 
  86      67EBF6FB 
  86      FB5C
  87 0248 5EF61375 		.ascii	"^\366\023u\355\024\325"
  87      ED14D5
  88              		.text
  89              		.section	.gnu.lto_stStopAlarm.df53cffd,"",%progbits
  90 0000 789C8550 		.ascii	"x\234\205P\277KBQ\024>\337\273\366\224\240\275\310\255"
  90      BF4B4251 
  90      143EDFBB 
  90      F694A0BD 
  90      C8AD
  91 0012 C9E53D2C 		.ascii	"\311\345=,(h\315\202@'\035\005)\035\024\004\303\247"
  91      2868CD82 
  91      40271D05 
  91      291D1404 
  91      C3A7
  92 0024 AD3E4313 		.ascii	"\255>C\023\024\252%\315!\336\340`Y*\215A\201H\320\224"
  92      14AA25CD 
  92      21DEE060 
  92      592A8D41 
  92      8148D094 
  93 0038 417F8134 		.ascii	"A\177\2014\004\016A\244\224\020X\367>#\334:p8\277\276"
  93      040E41A4 
  93      941058F7 
  93      3E23DC3A 
  93      7038BFBE 
  94 004c F37DE7DE 		.ascii	"\363}\347\336)\222H\001Q\222\210\346\271\203\021\244"
  94      29924801 
  94      519288E6 
  94      B98311A4 
  95 005c A30E51DA 		.ascii	"\243\016Q\332&\001\"\321m\240\224\204\024\016Y\211\241"
  95      260122D1 
  95      6DA09484 
  95      140E5989 
  95      A1
  96 006d 9D7BB996 		.ascii	"\235{\271\226\034U\235[\2534\220\367\365\354\254\301"
  96      1C559D5B 
  96      AB3490F7 
  96      F5ECACC1 
  97 007d 88CADC85 		.ascii	"\210\312\334\205\241\012\007q\330\363\325\350xF\266"
  97      A10A0771 
  97      D8F3D5E8 
  97      7846B6
  98 008c 8CFB3883 		.ascii	"\214\3738\203\314%\250\371\204\226>\372\316\351\255"
  98      CC25A8F9 
  98      84963EFA 
  98      CEE9AD
  99 009b BB0ABE36 		.ascii	"\273\012\2766\370(\317]h\024\230$\"\353\241=\030\366"
  99      F828CF5D 
  99      68149824 
ARM GAS  C:\Users\CYIRKO~1\AppData\Local\Temp\cc0RacVb.s 			page 7


  99      22EBA13D 
  99      18F6
 100 00ad 6E8ACA1F 		.ascii	"n\212\312\037Ef\2544\224\231ISf\230\244\3079d\316_\203"
 100      4566AC34 
 100      94994953 
 100      6698A4C7 
 100      3964CE5F 
 101 00c2 CC9BC56C 		.ascii	"\314\233\305l\373\321z\300\014\006\023\323\251\177\276"
 101      FBD17AC0 
 101      0C0613D3 
 101      A97FBE
 102 00d1 4D8F4BC1 		.ascii	"M\217K\301a\341\255J\343\343\336f\340\024\006\223p\011"
 102      61E1AD4A 
 102      E3E3DE66 
 102      E0140693 
 102      7009
 103 00e3 3B2E6027 		.ascii	";.`'\201\255=\014\372V\265\256g\322z\267\332\237{\347"
 103      81AD3D0C 
 103      FA56B5AE 
 103      67D27AB7 
 103      DA9F7BE7 
 104 00f7 5B0C7518 		.ascii	"[\014u\0308\341\007\232\"h@\235\324\340w\240\311\267"
 104      38E1079A 
 104      2268409D 
 104      D4E077A0 
 104      C9B7
 105 0109 5FB1D72D 		.ascii	"_\261\327-\334.\210\333\314\017\310\363\001\177\211"
 105      DC2E88DB 
 105      CC0FC8F3 
 105      017F89
 106 0118 44A4ACAF 		.ascii	"D\244\254\257\372\327\302\221\355\2107\221\014Eb\376"
 106      FAD7C291 
 106      ED883791 
 106      0C4562FE 
 107 0128 A0C8639A 		.ascii	"\240\310c\232seY\215ijx+\252j\361\240\210\001-\241\004"
 107      7365598D 
 107      696A782B 
 107      AA6AF1A0 
 107      88012DA1 
 108 013d C9F52F7C 		.ascii	"\311\365/|'\026Oh\252\327\347YZT\335n\227\352\333\364"
 108      27164F68 
 108      AAD7E759 
 108      5A54DD6E 
 108      97EADBF4 
 109 0151 EC3A7F09 		.ascii	"\354:\177\011\002\321hH\011\323\017\206\007\216\322"
 109      02D16848 
 109      09D30F86 
 109      078ED2
 110              		.text
 111              		.section	.gnu.lto_stSetAlarm.df53cffd,"",%progbits
 112 0000 789C8552 		.ascii	"x\234\205RMh\023A\024~\337N\262\033\242R\021\017\202"
 112      4D681341 
 112      147EDF4E 
 112      B21BA252 
 112      110F82
 113 0013 3988504A 		.ascii	"9\210PJ=d\211\202\177W+\"\264\247\366X(m*$\020\2114"
 113      3D648982 
ARM GAS  C:\Users\CYIRKO~1\AppData\Local\Temp\cc0RacVb.s 			page 8


 113      7F572B22 
 113      B4A7F658 
 113      286D2A24 
 114 002a D1633B5D 		.ascii	"\321c;][\203-T/&\355a\335b\224jl\232\244*(^\226\340"
 114      5B832D54 
 114      2F26ED61 
 114      DD62946A 
 114      6C9AA42A 
 115 0042 CF455BE8 		.ascii	"\317E[\350\305\203\021D\254\340A,\365'\210\220\370f"
 115      C5831144 
 115      ACE0412C 
 115      F5278890 
 115      F866
 116 0054 53454F0E 		.ascii	"SEO\016\314\274\237\371\3367\337{\214\2374\332\245\021"
 116      CCBC9FF9 
 116      DE37DF7B 
 116      8C9F34DA 
 116      A511
 117 0066 5944B497 		.ascii	"YD\264\2277\004A\273\272B4\036\320\000\345\310\000h"
 117      370441BB 
 117      BA42341E 
 117      D000E5C8 
 117      0068
 118 0078 4CC318AE 		.ascii	"L\303\030\256\210\234@5\363\341\221\326\271 y\271\271"
 118      889C4035 
 118      F3E191D6 
 118      B92079B9 
 118      B9
 119 0089 B271494E 		.ascii	"\262qIN\356q\004\321\034o\265\260\200NF=m\326\335\266"
 119      EE7104D1 
 119      1C6FB5B0 
 119      804E463D 
 119      6DD6DDB6 
 120 009d 19E10840 		.ascii	"\031\341\010@\343pm\343\205\275M\205\032vr\370\263P"
 120      E3706DE3 
 120      85BD4D85 
 120      1A7672F8 
 120      B350
 121 00af AEB58908 		.ascii	"\256\265\211\010\210\375\315\353\356\376\216[RZ\322"
 121      88FDCDEB 
 121      EEFE8E5B 
 121      525AD2
 122 00be AD5D1472 		.ascii	"\255]\024r\267#\004\012\020\314\207;\010\3416B\304)"
 122      B723040A 
 122      10CC873B 
 122      08E13642 
 122      C429
 123 00d0 C25D7428 		.ascii	"\302]t(\370\273J\343\332\016\335\227\377\375$\026\241"
 123      F8BB4AE3 
 123      DA0EDD97 
 123      FFFD2416 
 123      A1
 124 00e1 836D690D 		.ascii	"\203mi\015\256l43\322}\177\023\217O\371Y;W\010\256\365"
 124      AE6C3433 
 124      D27D7F13 
 124      8F4FF959 
 124      3B5708AE 
ARM GAS  C:\Users\CYIRKO~1\AppData\Local\Temp\cc0RacVb.s 			page 9


 125 00f6 114D3152 		.ascii	"\021M1Ru2-4e\305:4\305u\331\235z\022\024\307<\031\257"
 125      75322D34 
 125      65C53A34 
 125      C575D99D 
 125      7A1214C7 
 126 010d 5EDBB960 		.ascii	"^\333\271`{\336\323\361\314\336>+]k\237\222R\374W\212"
 126      7BDED3F1 
 126      CCDE3E2B 
 126      5D6B9F92 
 126      52FC578A 
 127 0121 D7E212DA 		.ascii	"\327\342\022\332mf\372\010k3\363y\365\333\015\343\217"
 127      6D66FA08 
 127      6B33F379 
 127      F5DB0DE3 
 127      8F
 128 0132 AE89D658 		.ascii	"\256\211\326X\036\032B\201<qs\002\177\351&\224\2403"
 128      1E1A4281 
 128      3C717302 
 128      7FE92694 
 128      A033
 129 0144 4519BA2D 		.ascii	"E\031\272-D\213\245\232\375\321X\314\035U9\006f'\253"
 129      448BA59A 
 129      FDD158CC 
 129      1D553906 
 129      6627AB
 130 0157 AB861A95 		.ascii	"\253\206\032\225\337\253[)\3267\202\255Pq\3738\225_"
 130      DFAB5B29 
 130      D63782AD 
 130      5071FB38 
 130      955F
 131 0169 FAFE3CE0 		.ascii	"\372\376<\340\300\206#t,\263\260\212\022\306\027\205"
 131      C0862374 
 131      2CB3B08A 
 131      12C61785 
 132 0179 975FBF18 		.ascii	"\227_\277\030fQN\214\313\371QG\030\270\007\007\263\334"
 132      66514E8C 
 132      CBF95147 
 132      18B80707 
 132      B3DC
 133 018b BBF72803 		.ascii	"\273\367(\003\232\331\312\033=R\362\000\313\\\036\300"
 133      9AD9CA1B 
 133      3D52F200 
 133      CB5C1EC0 
 134 019b 7D983810 		.ascii	"}\2308\020\332B\340\001\"\254\212\326a\275\235\256E"
 134      DA42E001 
 134      22AC8AD6 
 134      61BD9DAE 
 134      45
 135 01ac BDD1AA36 		.ascii	"\275\321\2526\350\023\254\371\372\014T\302\233\300\024"
 135      E813ACF9 
 135      FA0C54C2 
 135      9BC014
 136 01bb F7C473E4 		.ascii	"\367\304s\344_\023>y\274\377D,>\024\357M\237\037\216"
 136      5F133E79 
 136      BCFF442C 
 136      3E14EF4D 
 136      9F1F8E
ARM GAS  C:\Users\CYIRKO~1\AppData\Local\Temp\cc0RacVb.s 			page 10


 137 01ce 27FBA3CA 		.ascii	"'\373\243\312O\246\"G\016\233\311\224\031\033L\230\251"
 137      4FA62247 
 137      0E9BC994 
 137      191B4C98 
 137      A9
 138 01df 91A8B203 		.ascii	"\221\250\262\003\251t8J\306\340P*\035?{\306\247\216"
 138      A974384A 
 138      C6E0502A 
 138      1D3F7BC6 
 138      A78E
 139 01f1 AEFFD69E 		.ascii	"\256\377\326\236K\216\244Sfo_\317\241\203fww\227\331"
 139      4B8EA453 
 139      666F5FCF 
 139      A1836677 
 139      7797D9
 140 0204 77BAE742 		.ascii	"w\272\347Bd\213m \221\030\016\307\350\027K\002\327@"
 140      648B6D20 
 140      91180EC7 
 140      E8174B02 
 140      D740
 141              		.text
 142              		.section	.gnu.lto_stGetAlarm.df53cffd,"",%progbits
 143 0000 789C8590 		.ascii	"x\234\205\220MH\033Q\024\205\357\231\233\314\214\212"
 143      4D481B51 
 143      1485EF99 
 143      9BCC8C8A 
 144 0010 B46B0DB8 		.ascii	"\264k\015\270\326E\206(X\350\266\026\021\324\215.\005"
 144      D6458628 
 144      58E8B616 
 144      11D48D2E 
 144      05
 145 0021 B1719140 		.ascii	"\261q\221@ \305\211\335\372\014Zi\013*\202F\2210B\204"
 145      20C589DD 
 145      FA0C5A69 
 145      0B2A8246 
 145      91304284 
 146 0035 F8D318B3 		.ascii	"\370\323\030\263u!\203 \335\264*\356\013R\334dQ\010"
 146      75218320 
 146      DDB42AEE 
 146      0B52DC64 
 146      5108
 147 0047 2A5A518C 		.ascii	"*ZQ\214\367E)\335\365\301\373\271\227\217s\317yA2\350"
 147      F74529DD 
 147      F5C1FBB9 
 147      978F73CF 
 147      794132E8 
 148 005b 2388C689 		.ascii	"#\210\306\211\250Y6\230`\314\037\021M\332\006\240\037"
 148      A8593698 
 148      60CC1F11 
 148      4DDA06A0 
 148      1F
 149 006c CA064D18 		.ascii	"\312\006M\030\230\300\034g\030\207\325\033\377\305,"
 149      98C01C67 
 149      1887D51B 
 149      FFC52C
 150 007b 7B1A93F2 		.ascii	"{\032\223\362\264\362=\333\240K\340\245\224[\353\305"
 150      B4F23DDB 
ARM GAS  C:\Users\CYIRKO~1\AppData\Local\Temp\cc0RacVb.s 			page 11


 150      A04BE0A5 
 150      945BEBC5 
 151 008b 0BBB35AF 		.ascii	"\013\2735\257TZ\371\231\212\265\272{\242\202\036\033"
 151      545AF999 
 151      8AB5BA7B 
 151      A2821E1B 
 152 009b B422F806 		.ascii	"\264\"\370\006B\310#\244gl\242\225\204\376UzXl4\003"
 152      42C823A4 
 152      676CA295 
 152      84FE557A 
 152      586C3403 
 153 00af 39260D48 		.ascii	"9&\015H\177\013\246X\241\342)|\365P\235Q\376y\016w\335"
 153      7F0BA658 
 153      A1E2297C 
 153      F5509D51 
 153      FE790E77 
 154 00c4 01833C66 		.ascii	"\001\203<f\226#@\364Y@\355\352\213\250\312\315e\034"
 154      962340F4 
 154      5940EDEA 
 154      8BA8CACD 
 154      651C
 155 00d6 ECDF96EF 		.ascii	"\354\337\226\3573\375\177\365\246\224,?\363\307j\252"
 155      33FD7FF5 
 155      A6942C3F 
 155      F3C76AAA 
 156 00e6 09AE30FE 		.ascii	"\011\2560\376\231E\330\206)\223\276\302\314\262\016"
 156      9945D886 
 156      2993BEC2 
 156      CCB20E
 157 00f5 B0347D70 		.ascii	"\2604}pl\351\000\301\032vT\270\251\324?\225Z& \255\334"
 157      6CE900C1 
 157      1A7654B8 
 157      A9D43F95 
 157      5A2620AD 
 158 010a CEF537DB 		.ascii	"\316\3657\333C\026\036\233\330\221\020\005\035B\207"
 158      43161E9B 
 158      D8911005 
 158      1D4287
 159 0119 FD717569 		.ascii	"\375qui9\00555\251\316\362\227-\013u\036[(\302\303\262"
 159      39053535 
 159      A9CEF297 
 159      2D0B751E 
 159      5B28C2C3 
 160 012e 78ACCD11 		.ascii	"x\254\315\021\250\272T\372iF\212\032Z\3333<\266\261"
 160      A8BA54FA 
 160      69468A1A 
 160      5ADB333C 
 160      B6B1
 161 0140 0B076DA1 		.ascii	"\013\007m\241g\002%D\250\214\364\305\314&?\231b\361"
 161      67022544 
 161      A88CF4C5 
 161      CC263F99 
 161      62F1
 162 0152 45BF913E 		.ascii	"E\277\221>\373t\317\332\277t\344K$7t^\203(\374\366\365"
 162      FB74CFDA 
 162      BF74E44B 
 162      2437745E 
ARM GAS  C:\Users\CYIRKO~1\AppData\Local\Temp\cc0RacVb.s 			page 12


 162      8328FCF6 
 163 0167 D09B58FC 		.ascii	"\320\233X\374]| 5>\032O\016E\365;\351F^u:I\327\211\215"
 163      5D7C2035 
 163      3E1A4F0E 
 163      45F53BE9 
 163      465E753A 
 164 017f 241C772C 		.ascii	"$\034w,\252\357a7\025\216R\327\177\361\367\311\261\224"
 164      AAEF6137 
 164      158E52D7 
 164      7FF1F7C9 
 164      B194
 165 0191 EB0C0CF6 		.ascii	"\353\014\014\366u\264;\275\275]\316`O\337\207\310\263"
 165      75B43BBD 
 165      BD5DCE60 
 165      4FDF87C8 
 165      B3
 166 01a2 C0702231 		.ascii	"\300p\"1\032\216\321#Eq\252\206"
 166      1A8ED123 
 166      4571AA86 
 167              		.text
 168              		.section	.gnu.lto_.symbol_nodes.df53cffd,"",%progbits
 169 0000 789C55C8 		.ascii	"x\234U\310K\015\200@\014\006\341\351\277\254/\020\305"
 169      4B0D8040 
 169      0C06E1E9 
 169      BFAC2F10 
 169      C5
 170 0011 B92B0101 		.ascii	"\271+\001\001<\023T \002\015(!4\334:\227I\276\212\030"
 170      3C135420 
 170      020D2821 
 170      34DC3A97 
 170      49BE8A18 
 171 0025 8934CB61 		.ascii	"\2114\313a\272!v\265!d\221[\226U\256,\233\274d\331\345"
 171      BA2176B5 
 171      2164915B 
 171      9655AE2C 
 171      9BBC64D9 
 172 003a 5D123BE4 		.ascii	"]\022;\344\365\027h\255\207B\345|^\343\003\325E\035"
 172      F51768AD 
 172      8742E57C 
 172      5EE303D5 
 172      451D
 173 004c 35       		.ascii	"5"
 174              		.text
 175              		.section	.gnu.lto_.refs.df53cffd,"",%progbits
 176 0000 789C6365 		.ascii	"x\234ce`b`d\000\002\000\000I\000\011"
 176      60626064 
 176      00020000 
 176      490009
 177              		.text
 178              		.section	.gnu.lto_.decls.df53cffd,"",%progbits
 179 0000 789CB557 		.ascii	"x\234\265WkPT\311\025\276}{\006ax\350\216\306\230\212"
 179      6B5054C9 
 179      15BE7D7B 
 179      066178E8 
 179      8EC6988A 
 180 0014 A950160A 		.ascii	"\251P\026\012\225\312\202\240\301d\177X\272\243\331"
 180      95CA82A0 
ARM GAS  C:\Users\CYIRKO~1\AppData\Local\Temp\cc0RacVb.s 			page 13


 180      C1647F58 
 180      BAA3D9
 181 0023 58B59AD4 		.ascii	"X\265\232\324`\266R\025RS\010\343J\025\017\343\214\251"
 181      60B65215 
 181      525308E3 
 181      4A150FE3 
 181      8CA9
 182 0035 DACA8FBD 		.ascii	"\332\312\217\2752\254\262\350\252\250\240\200\256 \362"
 182      32ACB2E8 
 182      AAA8A080 
 182      AE20F2
 183 0044 12909782 		.ascii	"\022\220\227\202\210\310\010\212\212\340\262\370@D\001"
 183      88C8088A 
 183      8AE0B2F8 
 183      404401
 184 0053 9FEB5BC4 		.ascii	"\237\353[\304\027\342\203\234~\334\271\327\353\340&"
 184      17E2839C 
 184      7EDCB9D7 
 184      EBE026
 185 0062 A9E41667 		.ascii	"\251\344\026g\350\323\375\235\357\234>\247\373v_\275"
 185      E8D3FD9D 
 185      EF9C3EA7 
 185      FB765FBD 
 186 0072 200AF946 		.ascii	" \012\371FA\230\200\005\241\002\011\302\010<\036\202"
 186      41988005 
 186      A10209C2 
 186      083C1E82 
 187 0082 209409CA 		.ascii	" \224\011\312C\364\275 \015 \215 G@\216\202\264\010"
 187      43F4BD20 
 187      0D208D20 
 187      47408E82 
 187      B408
 188 0094 EF3E7F03 		.ascii	"\357>\177\003\016\240\022>\0039\251\342\0219\207;\233"
 188      0EA0123E 
 188      0339A9E2 
 188      1139873B 
 188      9B
 189 00a5 7F828D17 		.ascii	"\177\202\215\027\267\201P\204\011 \007A\002A~\002c\023"
 189      B7815084 
 189      09200741 
 189      02417E02 
 189      6313
 190 00b7 406E40BB 		.ascii	"@n@\273K`\334\037\200.\202\350\021\343%q\375\024\332"
 190      4B60DC1F 
 190      802E82E8 
 190      11E32571 
 190      FD14DA
 191 00ca F0274C43 		.ascii	"\360'LCos\177\011\272\216s\313\\\204\207\300d{2\247"
 191      6F737F09 
 191      BA8E73CB 
 191      5C8487C0 
 191      647B32A7 
 192 00de 208D1D79 		.ascii	" \215\035y\034\377A\\H\216\213\347\347W<\2360\015\357"
 192      1CFF415C 
 192      488E8BE7 
 192      E7573C9E 
 192      300DEF
ARM GAS  C:\Users\CYIRKO~1\AppData\Local\Temp\cc0RacVb.s 			page 14


 193 00f1 D79C53CB 		.ascii	"\327\234S\3137\355G8I\276gr\316p\015\347V\214j\2769"
 193      37ED4738 
 193      49BE6772 
 193      CE700DE7 
 193      568C6ABE 
 194 0106 DA20F6A2 		.ascii	"\332 \366\242K\010\260h\034\355E\210\375\"*T\035\221"
 194      4B08B068 
 194      1CED4588 
 194      FD222A54 
 194      1D91
 195 0118 1F84683F 		.ascii	"\037\204h?\364\212\002'\225\273\220l\301u\221\253\""
 195      F48A0227 
 195      95BB906C 
 195      C17591AB 
 195      22
 196 0129 A7A47FDC 		.ascii	"\247\244\177\334\030\251\030\3310\363$?l\016\254A\315"
 196      18A918D9 
 196      30F3243F 
 196      6C0EAC41 
 196      CD
 197 013a 646B242A 		.ascii	"dk$*\016\020R\033\250\010Y\330|\334\025\237\240L\016"
 197      0E10521B 
 197      A80859D8 
 197      7CDC159F 
 197      A04C0E
 198 014d C9B37F94 		.ascii	"\311\263\177\224\331v\323\320\207.\223\336\2349\210"
 198      D976D3D0 
 198      872E93DE 
 198      9C3988
 199 015c F6ADA97A 		.ascii	"\366\255\251z\320\247\307\260L\240\335\367\242\350\367"
 199      D0A7C7B0 
 199      4CA0DDF7 
 199      A2E8F7
 200 016b C1A5127B 		.ascii	"\301\245\022{<\177\246\244\355\330\310s\347\330\365"
 200      3C7FA6A4 
 200      EDD8C873 
 200      E7D8F5
 201 017a 18190D48 		.ascii	"\030\031\015H\004\265s\240m\2077\250\023\014h\034\250"
 201      04B573A0 
 201      6D8737A8 
 201      130C681C 
 201      A8
 202 018b 43ABCE1D 		.ascii	"C\253\316\0351L\312\240V\016i\234\210>\233\210J\321"
 202      314CCAA0 
 202      560E699C 
 202      883E9B88 
 202      4AD1
 203 019d 64548226 		.ascii	"dT\202&\203\36324\011~\227\350\030\2233is\331\230)9"
 203      83F33234 
 203      097E97E8 
 203      18933369 
 203      73D99829 
 204 01b2 524EBFE4 		.ascii	"RN\277\344\354J\372e\206C*\002+\177\202B\305\010\243"
 204      EC4AFA65 
 204      86432A02 
 204      2B7F8242 
 204      C508A3
ARM GAS  C:\Users\CYIRKO~1\AppData\Local\Temp\cc0RacVb.s 			page 15


 205 01c5 3D289844 		.ascii	"=(\230D\014M\370-B}\010\025\242^\230\317^4\005\254\035"
 205      0C4DF82D 
 205      427D0815 
 205      A25E98CF 
 205      5E3405AC 
 206 01da A51753F5 		.ascii	"\245\027S\365x.\0156\177\370\345\000\206 \246\031\320"
 206      782E0D36 
 206      7FF8E500 
 206      8620A619 
 206      D0
 207 01eb C808868E 		.ascii	"\310\010\206\216\362{u/|Y\007\031o<u\262\300\007/\""
 207      F27B752F 
 207      7C590719 
 207      6F3C75B2 
 207      C0072F22 
 208 01ff 6D71636E 		.ascii	"mqcn\311Z/d\010J\221\244$\022\243>HpE\210\366\241 b"
 208      C95A2F64 
 208      084A91A4 
 208      2412A33E 
 208      48704588 
 209 0217 433CA34A 		.ascii	"C<\243J\350\254\200\316\0022\027\347w\331\323\266\256"
 209      E8AC80CE 
 209      023217E7 
 209      77D9D3B6 
 209      AE
 210 0228 91241155 		.ascii	"\221$\021U#\003\252R\242\233f`\2239\234\326s\323\200"
 210      2303AA52 
 210      A29B6660 
 210      93399CD6 
 210      73D380
 211 023b 9D88FA78 		.ascii	"\235\210\372x\345\310x\250CA\006nZ\027v\364+bZ\013\246"
 211      E5C878A8 
 211      4341066E 
 211      5A1776F4 
 211      2B625A0B 
 212 0250 FB155360 		.ascii	"\373\025S`\202\177n\343\250q\023\0078\331\260\277\347"
 212      827F6EE3 
 212      A8711307 
 212      38D9B0BF 
 212      E7
 213 0261 D5589C4F 		.ascii	"\325X\234O+$\026\355\310\276\357\341r2\322>\263\200"
 213      2B2416ED 
 213      C8BEEFE1 
 213      7232D23E 
 213      B380
 214 0273 3A39084E 		.ascii	":9\010N\016(NjGwR\347\336I\331\021g\233\257\216l\012"
 214      0E284E6A 
 214      477752E7 
 214      DE49D911 
 214      679BAF8E 
 215 0289 4205C522 		.ascii	"B\005\305\"}\216\221\024\277Q\313z\210\226\265\036\361"
 215      7D8E9114 
 215      BF51CB7A 
 215      8896B51E 
 215      F1
 216 029a BA3ABAD3 		.ascii	"\272:\272\323*\225\272\006^\251\222$\210L\322\021\034"
 216      2A95BA06 
ARM GAS  C:\Users\CYIRKO~1\AppData\Local\Temp\cc0RacVb.s 			page 16


 216      5EA99224 
 216      884CD211 
 216      1C
 217 02ab 2A57422B 		.ascii	"*WB+\327\026\266\201\026\366\344\313*?|\203\255\302"
 217      D716B681 
 217      16F6E4CB 
 217      2A3F7C83 
 217      ADC2
 218 02bd DB43452D 		.ascii	"\333CE->\234\252\363\347\231\222\023f\001s$+\344\260"
 218      3E9CAAF3 
 218      E7999213 
 218      66017324 
 218      2BE4B0
 219 02d0 4274584B 		.ascii	"BtXK\324H\2116U?\337\251\307\217\030\323\360\017\247"
 219      D4488936 
 219      553FDFA9 
 219      C78F18D3 
 219      F00FA7
 220 02e3 9A3C3853 		.ascii	"\232<8S\323/\\L$$\247\302\344\3242\035\241L\245O:\252"
 220      D32F5C4C 
 220      2424A7C2 
 220      E4D4321D 
 220      A14CA54F 
 221 02f9 7CF12BC6 		.ascii	"|\361+\306TT\222/y\253sA\322\244$\243\371\2555\336\223"
 221      5454922F 
 221      79AB7341 
 221      D2A424A3 
 221      F9AD35DE 
 222 030e 9F5722BB 		.ascii	"\237W\"\273m\33191M^\343\200BM\212\337&\255\337\243"
 222      6DD93931 
 222      4D5EE380 
 222      424D8ADF 
 222      26ADDFA3 
 223 0322 D4EFA375 		.ascii	"\324\357\243u\017s\306\3425\230\372\335Y\275~\203/P"
 223      0F73C6E2 
 223      3598FADD 
 223      59BD7E83 
 223      2F50
 224 0334 F543B5FB 		.ascii	"\365C\265\373\356\374zg\305u)\305@\367\024:\2460\035"
 224      EEFC7A67 
 224      C57529C5 
 224      40F7143A 
 224      A6301D
 225 0347 234CA4D1 		.ascii	"#L\244\321B\031\276O\256\330\216\331n\325\021\302\366"
 225      4219BE4F 
 225      AED88ED9 
 225      6ED511C2 
 225      F6
 226 0358 AC6B7E6C 		.ascii	"\254k~l\267\372\223M>\324\325\353\343\223J\026\307F"
 226      B7FA934D 
 226      3ED4D5EB 
 226      E3934A16 
 226      C746
 227 036a 87E4F507 		.ascii	"\207\344\365\007Jv\002\246r\234N\345$\362\221i\241\011"
 227      4A7602A6 
 227      729C4EE5 
 227      24F29169 
ARM GAS  C:\Users\CYIRKO~1\AppData\Local\Temp\cc0RacVb.s 			page 17


 227      A109
 228 037c F8DA2BE9 		.ascii	"\370\332+\351\215^\214\355\002\011)\253\376I\253\236"
 228      8D5E8CED 
 228      020929AB 
 228      FE49AB9E 
 229 038c E99E64F8 		.ascii	"\351\236d\370AI\255/cw\222\34137s\223}\330p\007\321"
 229      4149AD2F 
 229      637792E1 
 229      33377393 
 229      7DD87007 
 230 03a1 9BCF1F1F 		.ascii	"\233\317\037\037\320\341\013l:\227O\024\227\220\310"
 230      D0E10B6C 
 230      3A974F14 
 230      9790C8
 231 03b0 02C99E1D 		.ascii	"\002\311\236\035\031\031\253\332\265\201l\327vn\030"
 231      1919ABDA 
 231      B5816CD7 
 231      766E18
 232 03bf DC3D06F7 		.ascii	"\334=\006\367R\270\230\331\332\325\244\332R\331\263"
 232      52B898D9 
 232      DAD5A4DA 
 232      52D9B3
 233 03ce 3307491E 		.ascii	"3\007I\036\317@\356\277Wf\037\350Z\354t>\202k2\250\023"
 233      CF40EEBF 
 233      57661FE8 
 233      5AEC743E 
 233      826B32A8 
 234 03e3 167B205F 		.ascii	"\026{ _\354\035\320\371\035[\354\305\273\323vy\340\333"
 234      EC1DD0F9 
 234      1D5BECC5 
 234      BBD37679 
 234      E0DB
 235 03f5 CC47CBE1 		.ascii	"\314G\313\341\236\013:\371\325\240%8\357\206@\336\337"
 235      9E0B3AF9 
 235      D5A02538 
 235      EF8640DE 
 235      DF
 236 0406 535AE8D6 		.ascii	"SZ\350\326;\007\301\234U\2029\203\370\273!\245t}36\244"
 236      3B07C19C 
 236      55823983 
 236      F8BB21A5 
 236      747D3336 
 237 041b 90E5F2EF 		.ascii	"\220\345\362\357\260\202E[\333\313v=\036d\231Z{l\177"
 237      B082455B 
 237      DBCB763D 
 237      1E64995A 
 237      7B6C7F
 238 042e 0BAFE109 		.ascii	"\013\257\341\011\242o9\330\\\357\215\237\262\301k\251"
 238      A26F39D8 
 238      5CEF8D9F 
 238      B2C16BA9 
 239 043e 579B3DF0 		.ascii	"W\233=\3600S\344\002\030y\001v\366<mE\370\015\033\254"
 239      3053E402 
 239      18790176 
 239      F63C6D45 
 239      F80D1BAC 
 240 0452 AF3DD4C2 		.ascii	"\257=\324\302\2135]\365\3426\262\027w\315\315\223-\006"
ARM GAS  C:\Users\CYIRKO~1\AppData\Local\Temp\cc0RacVb.s 			page 18


 240      8B355DF5 
 240      E236B217 
 240      77CDCD93 
 240      2D06
 241 0464 563B0981 		.ascii	"V;\011\201\336\320yi\016v\350\250e\323`E!\257#y\271"
 241      DED07969 
 241      0E76E8A8 
 241      65D36045 
 241      21AF2379 
 242 0479 A6640E76 		.ascii	"\246d\016v\214%\323\221\370\252!\201\271\026\31552k"
 242      8C25D391 
 242      F8AA2181 
 242      B916CD35 
 242      326B
 243 048b 1432195D 		.ascii	"\0242\031]eS\351\036:vQo\334H\321P1\035\315R?\300\373"
 243      6553E91E 
 243      3A76516F 
 243      DC48D150 
 243      311DCD52 
 244 04a2 28FC3A32 		.ascii	"(\374:2\312F\364tI\177\340\247\006w\275\017\2747/\177"
 244      CA46F474 
 244      497FE0A7 
 244      0677BD0F 
 244      BC372F7F 
 245 04b6 AB01AF61 		.ascii	"\253\001\257aAf?\276|\233\257\315 P\013\236\325;<\361"
 245      41663FBE 
 245      7C9BAFCD 
 245      20500B9E 
 245      D53B3CF1 
 246 04ca 5A36B6F9 		.ascii	"Z6\266\371\360\216\3661x\003S\344=`d{ \251\353c\274"
 246      F08EF631 
 246      780353E4 
 246      3D60647B 
 246      20A9EB63 
 247 04df 998D34A6 		.ascii	"\231\2154\246m\272\0143d\312\203\344\033\375<?\223@"
 247      6DBA0C33 
 247      64CA83E4 
 247      1BFD3C3F 
 247      9340
 248 04f1 4D3F7537 		.ascii	"M?u7\020ogCoN4\007\342]\254\335RST\210p\021S\006\263"
 248      106F6743 
 248      6F4E3407 
 248      E25DACDD 
 248      52535488 
 249 050a 5AEE1A70 		.ascii	"Z\356\032p)Sr:\267\037\360\304\345L)\030\312\200\023"
 249      2953723A 
 249      B71FF0C4 
 249      E54C2918 
 249      CA8013
 250 051d 681F53CE 		.ascii	"h\037S\316\326\235K\361\306uLI\251\254\334\346\215\033"
 250      D69D4BF1 
 250      C6754C49 
 250      A9ACDCE6 
 250      8D1B
 251 052f 989254DF 		.ascii	"\230\222T\337\235\306\017\327~\242_\317\277\236\343"
 251      9DC60FD7 
 251      7EA25FCF 
ARM GAS  C:\Users\CYIRKO~1\AppData\Local\Temp\cc0RacVb.s 			page 19


 251      BF9EE3
 252 053e C5ABE201 		.ascii	"\305\253\342\001zjg\333s\204\2170pj\315\231^\335\250"
 252      7A6A67DB 
 252      73848F30 
 252      706ACD99 
 252      5EDDA8
 253 0551 757821D7 		.ascii	"ux!\327a:-CzC\372~?m\031\332\000}\212\242\207if_\310"
 253      613A2D43 
 253      7A43FA7E 
 253      3F6D19DA 
 253      007D8AA2 
 254 056a 99EDB891 		.ascii	"\231\355\270\221\227\257\323\326a4\364\304\207\251G"
 254      97AFD3D6 
 254      6134F4C4 
 254      87A947
 255 0579 9EFAA280 		.ascii	"\236\372\242\200\200\200\361\001\252'\210\376\356\222"
 255      8080F101 
 255      AA2788FE 
 255      EE92
 256 0587 921D92F3 		.ascii	"\222\035\222\363\3716|\253\354\364:)\247\011Q*H3\032"
 256      F9367CAB 
 256      ECF43A29 
 256      A709512A 
 256      48331A
 257 059a 41E3957D 		.ascii	"A\343\225}p\211\362\236 \277\0023\271\232\000/\351d"
 257      7089F29E 
 257      20BF0233 
 257      B99A002F 
 257      E964
 258 05ac 4CE1A7B5 		.ascii	"L\341\247\265\360\366w\340\255*x\217\026\336M\341\241"
 258      F0F677E0 
 258      AD2A788F 
 258      16DE4DE1 
 258      A1
 259 05bd 049DC6E7 		.ascii	"\004\235\306\3474G'\240\3470\376\214\016\0214\354A\264"
 259      344727A0 
 259      E730FE8C 
 259      0E1134EC 
 259      41B4
 260 05cf 4E0C42AB 		.ascii	"N\014B\253\304\000$\201\244\200|\005\222\004\262\021"
 260      C4002481 
 260      A4807C05 
 260      9204B211 
 261 05df 2419642D 		.ascii	"$\031d-\310j\220\257A\276\001Y\017\262\006$\015\344"
 261      C86A90AF 
 261      41BE0159 
 261      0FB20624 
 261      0DE4
 262 05f1 150A406F 		.ascii	"\025\012@o@R\241\355\000y\015\355\015b\000}\033\263"
 262      4052A1ED 
 262      00790DED 
 262      0D62007D 
 262      1BB3
 263 0603 182FC629 		.ascii	"\030/\306)1>\321\306\030\242\235Q\247\012\375\324-:"
 263      313ED1C6 
 263      18A29D51 
 263      A70AFDD4 
ARM GAS  C:\Users\CYIRKO~1\AppData\Local\Temp\cc0RacVb.s 			page 20


 263      2D3A
 264 0615 54010FAA 		.ascii	"T\001\017\252\300\217\264\340>\244A_T%\353\202\373\334"
 264      C08FB4E0 
 264      3EA4415F 
 264      5425EB82 
 264      FBDC
 265 0627 AAD04DF1 		.ascii	"\252\320M\361\012\372\241\026}_\213\276\243\212dP\213"
 265      0AFAA116 
 265      7D5F8BBE 
 265      A38A6450 
 265      8B
 266 0638 3EF54EDD 		.ascii	">\365N\335:U\344\367\264\360;Z\362A\025\372\246\026"
 266      3A55E4F7 
 266      B4F03B5A 
 266      F24115FA 
 266      A616
 267 064a DDAB455F 		.ascii	"\335\253E_U\205\362\330}(\352\244\250\270\357\272\217"
 267      5585F2D8 
 267      7D28EAA4 
 267      A8B8EFBA 
 267      8F
 268 065b E4ADC055 		.ascii	"\344\255\300U9\274\350~\301\275\265>U\354\017\334'\221"
 268      39BCE87E 
 268      C1BDB53E 
 268      55EC0FDC 
 268      2791
 269 066d C1D99972 		.ascii	"\301\331\231r\372\236q\225$!\002\023\370y\242\254\243"
 269      FA9E7195 
 269      24210213 
 269      F879A2AC 
 269      A3
 270 067e 9BF78D9B 		.ascii	"\233\367\215\233\035\322\211\351\224\354\266\226\354"
 270      1DD289E9 
 270      94ECB696 
 270      EC
 271 068b 87772AA2 		.ascii	"\207w*\242r}\313=\332\025\351*\200'\254\242\360\227"
 271      727DCB3D 
 271      DA15E92A 
 271      8027ACA2 
 271      F097
 272 069d C8888638 		.ascii	"\310\210\2068\\\336\372\250UK>\254\312\361\200\373\205"
 272      5CDEFAA8 
 272      554B3EAC 
 272      CAF180FB 
 272      85
 273 06ae A7261F8E 		.ascii	"\247&\037\216g\3447\200\374\012\207\313\357w^@\006'"
 273      67E43780 
 273      FC0A87CB 
 273      EF775E40 
 273      0627
 274 06c0 3784B6F3 		.ascii	"7\204\266\363E~8UO\317\346\246o\017e\302\371?\236\245"
 274      457E3855 
 274      4FCFE6A6 
 274      6F0F65C2 
 274      F93F9EA5 
 275 06d4 E7D9030F 		.ascii	"\347\331\003\017\370*A[\304\361h\223\350:pI\262\334"
 275      F82A415B 
ARM GAS  C:\Users\CYIRKO~1\AppData\Local\Temp\cc0RacVb.s 			page 21


 275      C4F16893 
 275      E83A7049 
 275      B2DC
 276 06e6 EF70B419 		.ascii	"\357p\264\0316\366\377{\223\223\223\341\366\206+\242"
 276      36F6FF7B 
 276      939393E1 
 276      F6862BA2 
 277 06f6 FA424522 		.ascii	"\372BE\"T\336\311\351\242\017\275\233\301\177\000\347"
 277      54DEC9E9 
 277      A20FBD9B 
 277      C17F00E7 
 278 0706 563FC9F2 		.ascii	"V?\311\362\305\031zv\216\237o\355Ap\273s\366\223\333"
 278      C5197A76 
 278      8E9F6FED 
 278      4170BB73 
 278      F693DB
 279 0719 5D40C985 		.ascii	"]@\311\205\353\222\004<\311\210]\2333\224YB\363\355"
 279      EB92043C 
 279      C9885D9B 
 279      33945942 
 279      F3ED
 280 072b BBE25691 		.ascii	"\273\342V\221\334\364jO\265\235\365\300\305\214-\357"
 280      DCF46A4F 
 280      B59DF5C0 
 280      C58C2DEF 
 281 073b 4E5D333F 		.ascii	"N]3?\353}A\275\264kK\276\216\035#\267\310pn\373\343"
 281      EB7D41BD 
 281      B46B4BBE 
 281      8E1D23B7 
 281      C8706EFB 
 282 0750 0C03AE65 		.ascii	"\014\003\256e\330\227\267\266t#\206%Q5\337\333\367|"
 282      D897B7B6 
 282      74238625 
 282      5135DFDB 
 282      F77C
 283 0762 F4D37D87 		.ascii	"\364\323}\207\310O\225\355\"=V\316\0155\014\373`'e\322"
 283      C84F95ED 
 283      223D56CE 
 283      0D350CFB 
 283      602765D2 
 284 0776 F5E70DDE 		.ascii	"\365\347\015\336\205/\222\311\010\031@\012\344\217G"
 284      852F92C9 
 284      0819400A 
 284      E48F47
 285 0785 01E58A06 		.ascii	"\001\345\212\006\364\255\210\345\217\357,\011\350\007"
 285      F4AD88E5 
 285      8FEF2C09 
 285      E807
 286 0793 BE24DDEC 		.ascii	"\276$\335\354\2626\260K\302\223\0044\203\036Vh'\324"
 286      B236B04B 
 286      C2930434 
 286      831E5668 
 286      27D4
 287 07a5 2797FAD9 		.ascii	"'\227\372\331%NF9\340(\013jMz\300\341\201\216\272lo"
 287      254E4639 
 287      E0280B6A 
 287      4D7AC0E1 
ARM GAS  C:\Users\CYIRKO~1\AppData\Local\Temp\cc0RacVb.s 			page 22


 287      818EBA6C 
 288 07ba E5644294 		.ascii	"\345dB\224;\013p\231\"\211/O4\312Q\022\364\306\366\334"
 288      3B0B7099 
 288      22892F4F 
 288      34CA5112 
 288      F4C6F6DC 
 289 07ce 6C2F     		.ascii	"l/"
 290 07d0 03F791F2 		.ascii	"\003\367\221\362^\037\200\256\356^\275\315K\315\275"
 290      5E1F80AE 
 290      EE5EBDCD 
 290      4BCDBD
 291 07df FB7DDC2D 		.ascii	"\373}\334-)'\253\274\247\346I\035N\370\314i\012\254"
 291      2927ABBC 
 291      A7E6491D 
 291      4EF8CC69 
 291      0AAC
 292 07f1 4C724A8E 		.ascii	"LrJ\2169(_4\242l(\026|\313\250L\267A\317bQ@\005\342"
 292      39285F34 
 292      A26C2816 
 292      7CCBA84C 
 292      B741CF62 
 293 0809 54F25130 		.ascii	"T\362Q0R\227\343\213\217\261\364\257NM\252\364p\025"
 293      5297E38B 
 293      8FB1F4AF 
 293      4E4DAAF4 
 293      7015
 294 081b 7E66A9AA 		.ascii	"~f\251\252\360\3446^\250\024\276P[\370\"Z\370\306\333"
 294      F0E4365E 
 294      A814BE50 
 294      5BF8225A 
 294      F8C6DB
 295 082e BBB374B8 		.ascii	"\273\263t\270\213\263\355\351(\037\303\331Z\203\331"
 295      8BB3EDE9 
 295      281FC3D9 
 295      5A83D9
 296 083d 674E2EFB 		.ascii	"gN.\373\314)V\230\212\265L{(\323\205C9\360\306\276\305"
 296      CC295698 
 296      8AB54C7B 
 296      28D38543 
 296      39F0C6BE 
 297 0852 98BABA93 		.ascii	"\230\272\272\223\353\370\262\360V]\375'\360\253\377"
 297      EBF8B2F0 
 297      565DFD27 
 297      F0ABFF
 298 0861 EB818ED7 		.ascii	"\353\201\216\327\374Nh\000\365`RE\237~\324US.\257\232"
 298      FC4E6800 
 298      F5605245 
 298      9F7ED455 
 298      532EAF9A 
 299 0875 BD2CD1DD 		.ascii	"\275,\321\335\353\237]\322i\213X\006\331*\245\331\252"
 299      EB9F5DD2 
 299      698B5806 
 299      D92AA5D9 
 299      AA
 300 0886 A0892E97 		.ascii	"\240\211.\227\023\335\334\375\344\220\257\266,\243\242"
 300      13DDDCFD 
 300      E490AFB6 
ARM GAS  C:\Users\CYIRKO~1\AppData\Local\Temp\cc0RacVb.s 			page 23


 300      2CA3A2
 301 0895 4F675FBD 		.ascii	"Og_\275\342\347*K8/K%/\013|\317\251LKxY\252hYj\266\246"
 301      E2E72A4B 
 301      382F4B25 
 301      2F0B7CCF 
 301      A94C4B78 
 302 08b0 CFC6CFD8 		.ascii	"\317\306\317\330\354\233\267U7\211JU\312\007\225\252"
 302      EC9BB755 
 302      37894A55 
 302      CA0795AA 
 303 08c0 904FB76A 		.ascii	"\220O\267j%\227\325\332\\\356\243\271<.\025^Cx\215\007"
 303      2597D5DA 
 303      5CEEA3B9 
 303      3C2E155E 
 303      43788D07 
 304 08d4 65ABBC5E 		.ascii	"e\253\274^z\307\323\025\323lMLG\337\212i?\217\251F\234"
 304      7AC7D315 
 304      D36C4D4C 
 304      47DF8A69 
 304      3F8FA946 
 305 08e9 2A78D8EC 		.ascii	"*x\330\354\013\022b\355\236\237,\372\263\277)4T\010"
 305      0B1262ED 
 305      9E9F2CFA 
 305      B3BF2934 
 305      5408
 306 08fb 9EFF51A4 		.ascii	"\236\377Q\244iY\354\222\330\010\373\312\230\330\304"
 306      6959EC92 
 306      D808FBCA 
 306      98D8C4
 307 090a C868D24E 		.ascii	"\310h\322N\264\205\316\012\017I\264\205,\213\212\013"
 307      B485CE0A 
 307      0F49B485 
 307      2C8B8A0B 
 308 091a B1AD8826 		.ascii	"\261\255\210&\377-6{p\264\340c\263G\330\243V\330\347"
 308      FF2D367B 
 308      70B4E063 
 308      B347D8A3 
 308      56D8E7
 309 092d C645AD88 		.ascii	"\306E\255\2107X,+c\023\354\241\341\026\373R\353G\314"
 309      37582C2B 
 309      6313ECA1 
 309      E116FB52 
 309      EB47CC
 310 0940 D4C668EC 		.ascii	"\324\306h\354\211\211q\266\310\317\023V\372\323\226"
 310      898971B6 
 310      C8CF1356 
 310      FAD396
 311 094f 3FA0FDAD 		.ascii	"?\240\375\255\361K\25411\326\230\310\360\340\031\376"
 311      F14BAC31 
 311      31D698C8 
 311      F0E019FE 
 312 095f 61D34367 		.ascii	"a\323Cg\375=4\022\372?LHL\260~h\215Z\022\033\031\233"
 312      FD3D3412 
 312      FA3F4C48 
 312      4CB07E68 
 312      8D5A121B 
 313 0975 101DB732 		.ascii	"\020\035\2672\306\032\031\037\005\\\011\326HK\214ui"
ARM GAS  C:\Users\CYIRKO~1\AppData\Local\Temp\cc0RacVb.s 			page 24


 313      C61A191F 
 313      055C09D6 
 313      484B8C75 
 313      69
 314 0986 D4CA38BB 		.ascii	"\324\3128\273\305\376\305r\253-x\231\340)\373\373\353"
 314      C5FEC572 
 314      AB2D7899 
 314      E029FBFB 
 314      EB
 315 0997 FFD49FED 		.ascii	"\377\324\237\355\013[$\314/\006\310\301\211\027\250"
 315      0B5B24CC 
 315      2F06C8C1 
 315      8917A8
 316 09a6 F6D878AB 		.ascii	"\366\330x\253\305\376\233\367&g\205=\204\023\204D/#"
 316      C5FE9BF7 
 316      2667853D 
 316      84138444 
 316      2F23
 317 09b8 363C486F 		.ascii	"6<Ho\222\243\304\345,E\320\266\332\345\346'\274\011"
 317      92A3C4E5 
 317      2C45D0B6 
 317      DAE5E627 
 317      BC09
 318 09ca 084B5C5C 		.ascii	"\010K\\\\\214%\026*1\357G\013\260<q\205\335\026\022"
 318      8C25162A 
 318      31EF470B 
 318      B03C7185 
 318      DD1612
 319 09dd B178E18C 		.ascii	"\261x\341\214\260\220O?\235\027\262x\301\302\177\204"
 319      B0904F3F 
 319      9D17B278 
 319      C1C27F84 
 320 09ed F292101A 		.ascii	"\362\222\020\032p\2517\231\026\232g\360z\314\010\263"
 320      70A93799 
 320      169A67F0 
 320      7ACC08B3 
 321 09fd D83DE586 		.ascii	"\330=\345\206\370G\263n\336\302\271f<\317d\326}<o\261"
 321      F847B36E 
 321      DEC2B966 
 321      3CCF64D6 
 321      7D3C6FB1 
 322 0a11 199B4C66 		.ascii	"\031\233Lfl\006\231k6\343?E\230\260i\321b\235\3114\337"
 322      6C06996B 
 322      36E33F45 
 322      98B069D1 
 322      629DC934 
 323 0a26 4C39C2E8 		.ascii	"L9\302\350o(\236\377\211Y\214\000\313\005\363\315\272"
 323      6F289EFF 
 323      89598C00 
 323      CB05F3CD 
 323      BA
 324 0a37 88858036 		.ascii	"\210\205\2006\231\303@B\001\371\027\263\351\277\014"
 324      99C34042 
 324      01F917B3 
 324      E9BF0C
 325 0a46 D9668F27 		.ascii	"\331f\217'!\305\306\263$q\305b7\362t\330\310\312\262"
 325      21C5C6B3 
ARM GAS  C:\Users\CYIRKO~1\AppData\Local\Temp\cc0RacVb.s 			page 25


 325      2471C562 
 325      37F274D8 
 325      C8CAB2
 326 0a59 44910CF9 		.ascii	"D\221\014\371Z,KW&D[,\301\263~\033\036\346)k\272\350"
 326      5A2C4B57 
 326      26445B2C 
 326      C1B37E1B 
 326      1EE6296B 
 327 0a6f 65512B3E 		.ascii	"eQ+>p\301\023\2273\3648\271\307\352\316\374w\362\360"
 327      70C11397 
 327      33F438B9 
 327      C7EACEFC 
 327      77F2F0
 328 0a82 E7EE8667 		.ascii	"\347\356\206g\315\370\027w\031lO"
 328      CDF81777 
 328      196C4F
 329              		.text
 330              		.section	.gnu.lto_.symtab.df53cffd,"",%progbits
 331 0000 7374496E 		.ascii	"stInit\000"
 331      697400
 332 0007 00       		.ascii	"\000"
 333 0008 00       		.ascii	"\000"
 334 0009 00       		.ascii	"\000"
 335 000a 00000000 		.ascii	"\000\000\000\000\000\000\000\000"
 335      00000000 
 336 0012 AE000000 		.ascii	"\256\000\000\000"
 337 0016 73745374 		.ascii	"stStartAlarm\000"
 337      61727441 
 337      6C61726D 
 337      00
 338 0023 00       		.ascii	"\000"
 339 0024 00       		.ascii	"\000"
 340 0025 00       		.ascii	"\000"
 341 0026 00000000 		.ascii	"\000\000\000\000\000\000\000\000"
 341      00000000 
 342 002e BD000000 		.ascii	"\275\000\000\000"
 343 0032 73745374 		.ascii	"stStopAlarm\000"
 343      6F70416C 
 343      61726D00 
 344 003e 00       		.ascii	"\000"
 345 003f 00       		.ascii	"\000"
 346 0040 00       		.ascii	"\000"
 347 0041 00000000 		.ascii	"\000\000\000\000\000\000\000\000"
 347      00000000 
 348 0049 BF000000 		.ascii	"\277\000\000\000"
 349 004d 73745365 		.ascii	"stSetAlarm\000"
 349      74416C61 
 349      726D00
 350 0058 00       		.ascii	"\000"
 351 0059 00       		.ascii	"\000"
 352 005a 00       		.ascii	"\000"
 353 005b 00000000 		.ascii	"\000\000\000\000\000\000\000\000"
 353      00000000 
 354 0063 C1000000 		.ascii	"\301\000\000\000"
 355 0067 73744765 		.ascii	"stGetAlarm\000"
 355      74416C61 
 355      726D00
ARM GAS  C:\Users\CYIRKO~1\AppData\Local\Temp\cc0RacVb.s 			page 26


 356 0072 00       		.ascii	"\000"
 357 0073 00       		.ascii	"\000"
 358 0074 00       		.ascii	"\000"
 359 0075 00000000 		.ascii	"\000\000\000\000\000\000\000\000"
 359      00000000 
 360 007d C4000000 		.ascii	"\304\000\000\000"
 361 0081 73745F6C 		.ascii	"st_lld_init\000"
 361      6C645F69 
 361      6E697400 
 362 008d 00       		.ascii	"\000"
 363 008e 02       		.ascii	"\002"
 364 008f 00       		.ascii	"\000"
 365 0090 00000000 		.ascii	"\000\000\000\000\000\000\000\000"
 365      00000000 
 366 0098 C6000000 		.ascii	"\306\000\000\000"
 367              		.text
 368              		.section	.gnu.lto_.opts,"",%progbits
 369 0000 272D666D 		.ascii	"'-fmath-errno' '-fsigned-zeros' '-ftrapping-math' '"
 369      6174682D 
 369      6572726E 
 369      6F272027 
 369      2D667369 
 370 0033 2D666E6F 		.ascii	"-fno-trapv' '-fno-openmp' '-fno-openacc' '-mcpu=cor"
 370      2D747261 
 370      70762720 
 370      272D666E 
 370      6F2D6F70 
 371 0066 7465782D 		.ascii	"tex-m7' '-mno-thumb-interwork' '-mthumb' '-ggdb' '-"
 371      6D372720 
 371      272D6D6E 
 371      6F2D7468 
 371      756D622D 
 372 0099 4F322720 		.ascii	"O2' '-fomit-frame-pointer' '-falign-functions=16' '"
 372      272D666F 
 372      6D69742D 
 372      6672616D 
 372      652D706F 
 373 00cc 2D666675 		.ascii	"-ffunction-sections' '-fdata-sections' '-fno-common"
 373      6E637469 
 373      6F6E2D73 
 373      65637469 
 373      6F6E7327 
 374 00ff 2720272D 		.ascii	"' '-flto'\000"
 374      666C746F 
 374      2700
 375              		.text
 376              		.comm	__gnu_lto_v1,1,1
 377              		.comm	__gnu_lto_slim,1,1
 378              		.ident	"GCC: (GNU Tools for ARM Embedded Processors 6-2017-q1-update) 6.3.1 20170215 (release) [AR
ARM GAS  C:\Users\CYIRKO~1\AppData\Local\Temp\cc0RacVb.s 			page 27


DEFINED SYMBOLS
                            *ABS*:00000000 hal_st.c
                            *COM*:00000001 __gnu_lto_v1
                            *COM*:00000001 __gnu_lto_slim

NO UNDEFINED SYMBOLS
