ARM GAS  C:\Users\CYIRKO~1\AppData\Local\Temp\ccxUXbVV.s 			page 1


   1              		.cpu cortex-m7
   2              		.eabi_attribute 20, 1
   3              		.eabi_attribute 21, 1
   4              		.eabi_attribute 23, 3
   5              		.eabi_attribute 24, 1
   6              		.eabi_attribute 25, 1
   7              		.eabi_attribute 26, 1
   8              		.eabi_attribute 30, 2
   9              		.eabi_attribute 34, 1
  10              		.eabi_attribute 18, 4
  11              		.file	"hal_ext.c"
  12              		.text
  13              	.Ltext0:
  14              		.section	.gnu.lto_.profile.df53d915,"",%progbits
  15 0000 789C6365 		.ascii	"x\234ce`b`a```dH\325\000\000\001r\000\232"
  15      60626061 
  15      60606064 
  15      48D50000 
  15      0172009A 
  16              		.text
  17              		.section	.gnu.lto_.icf.df53d915,"",%progbits
  18 0000 789C6365 		.ascii	"x\234ce`b\320f@\000v\206\205??\354\345a\234\374\367"
  18      6062D066 
  18      40007686 
  18      853F3FEC 
  18      E5619CFC 
  19 0015 D30B4EA6 		.ascii	"\323\013N\246\353\033\327\356ag\276\276\377\002;\313"
  19      EB1BD7EE 
  19      6167BEBE 
  19      FF023BCB 
  20 0025 9353134F 		.ascii	"\223S\023O0\261\202I\266\356u\223n\3610\000\000\350"
  20      30B18249 
  20      B6EE7593 
  20      6EF13000 
  20      00E8
  21 0037 D3153D   		.ascii	"\323\025="
  22              		.text
  23              		.section	.gnu.lto_.jmpfuncs.df53d915,"",%progbits
  24 0000 789C6D8B 		.ascii	"x\234m\2131\016\000 \010\003)\202>\324W8\365\353\202"
  24      310E0020 
  24      08032982 
  24      3ED45738 
  24      F5EB82
  25 0013 0CC6C40E 		.ascii	"\014\306\304\016m9R\027\225)W#\015!\252\002\215\021"
  25      6D395217 
  25      95295723 
  25      0D21AA02 
  25      8D11
  26 0025 2B512B74 		.ascii	"+Q+t\272\345\007\260\272t!\334?\254\347h\220|\250l\232"
  26      BAE507B0 
  26      BA7421DC 
  26      3FACE768 
  26      907CA86C 
  27 003a A50817   		.ascii	"\245\010\027"
  28              		.text
  29              		.section	.gnu.lto_.inline.df53d915,"",%progbits
  30 0000 789C6365 		.ascii	"x\234ce`b8\312\200\000\354\014\014,<\214@A\006\006\266"
ARM GAS  C:\Users\CYIRKO~1\AppData\Local\Temp\ccxUXbVV.s 			page 2


  30      606238CA 
  30      8000EC0C 
  30      0C2C3C8C 
  30      40410606 
  31 0015 05F2208A 		.ascii	"\005\362 \212\201\221\013D0\260\262\000\205\231.\360"
  31      81910B44 
  31      30B0B200 
  31      85992EF0 
  32 0025 33707CD0 		.ascii	"3p|\320\003\21331p\012\002\205\330>\350!\204\270\201"
  32      038B3331 
  32      700A0285 
  32      D83EE821 
  32      84B881
  33 0038 2A27F831 		.ascii	"*'\3701\343\224aa\340\020\000\312\260,\220\207\033\317"
  33      E3946161 
  33      E01000CA 
  33      B02C9087 
  33      1BCF
  34 004a CC03949D 		.ascii	"\314\003\224\235\3407\301\217\025\217\034\033\003\267"
  34      E037C18F 
  34      158F1C1B 
  34      03B7
  35 0058 30232383 		.ascii	"0##\203\002#\003\263\002\013\307\001;\210\012\306\027"
  35      022303B3 
  35      020BC701 
  35      3B880AC6 
  35      17
  36 0069 EC2C1012 		.ascii	"\354,\020\022E1\003\000T&\027]"
  36      45310300 
  36      5426175D 
  37              		.text
  38              		.section	.gnu.lto_.pureconst.df53d915,"",%progbits
  39 0000 789C6365 		.ascii	"x\234ce`b\020f```g\220`\224b\332\305\310\274\213\221"
  39      60621066 
  39      60606067 
  39      90609462 
  39      DAC5C8BC 
  40 0016 651723EB 		.ascii	"e\027#\353.F6)\000\037\252\003o"
  40      2E463629 
  40      001FAA03 
  40      6F
  41              		.text
  42              		.section	.gnu.lto_extInit.df53d915,"",%progbits
  43 0000 789C6365 		.ascii	"x\234ce`bX\314\300\300`\010\304\322@\314\310\314\300"
  43      606258CC 
  43      C0C06008 
  43      C4D240CC 
  43      C8CCC0
  44 0013 C834E11C 		.ascii	"\3104\341\034\003C#\007\023##\210\321\300\301\310P\317"
  44      03432307 
  44      13232388 
  44      D1C0C1C8 
  44      50CF
  45 0025 C458CFD8 		.ascii	"\304X\317\330\317<\235\231\361P\373\263\235L\232\313"
  45      CF3C9D99 
  45      F150FBB3 
  45      9D4C9ACB 
ARM GAS  C:\Users\CYIRKO~1\AppData\Local\Temp\ccxUXbVV.s 			page 3


  46 0035 1B80E0C0 		.ascii	"\033\200\340\300\364\017\222\015+\0160\316gf`\230\011"
  46      F40F920D 
  46      2B0E30CE 
  46      67666098 
  46      09
  47 0046 C420C0B8 		.ascii	"\304 \300\270\234Q\223\001\250\354\321\306\177Sy\331"
  47      9C519301 
  47      A8ECD1C6 
  47      7F5379D9 
  48 0056 5820E28C 		.ascii	"X \342\214+\030\331\030\201\364\372K\214\007\032\376"
  48      2B18D918 
  48      81F4FA4B 
  48      8C071AFE 
  49 0066 FD6F6F38 		.ascii	"\375oo8\360d\021\343wV\240T\027\020\203\354\350ff\002"
  49      F06411E3 
  49      7756A054 
  49      171083EC 
  49      E8666602 
  50 007a D1CCAF19 		.ascii	"\321\314\257\031\233\027\274\226\006\251\007\031\262"
  50      9B17BC96 
  50      06A90719 
  50      B2
  51 0087 73E79BDB 		.ascii	"s\347\233\333\354\365\177\0338\34633\316d\006\232\300"
  51      ECF57F1B 
  51      38E63333 
  51      CE64069A 
  51      C0
  52 0098 B892B19E 		.ascii	"\270\222\261\236a>P\355[\306\246\005\357\271\301\352"
  52      613E50ED 
  52      5BC6A605 
  52      EFB9C1EA 
  53 00a8 40A00B28 		.ascii	"@\240\013(\011\324\316\304\300\240\357j\025\343\234"
  53      09D4CEC4 
  53      C0A0EF6A 
  53      15E39C
  54 00b7 91999419 		.ascii	"\221\231\224\031\\R\232\222\231\037\223\014b\347\027"
  54      5C529A92 
  54      991F930C 
  54      62E717
  55 00c6 1B9A9BE9 		.ascii	"\033\232\233\351\347\027\353g$\346\350\027\027%\203"
  55      E717EB67 
  55      24E6E817 
  55      172583
  56 00d5 E8F8D48A 		.ascii	"\350\370\324\212\022\275d\006\000b\205HF"
  56      12BD6406 
  56      00628548 
  56      46
  57              		.text
  58              		.section	.gnu.lto_extObjectInit.df53d915,"",%progbits
  59 0000 789C9550 		.ascii	"x\234\225PM+\204Q\024>\317{\346+a\255L\262P\262\361"
  59      4D2B8451 
  59      143ECF7B 
  59      E62B61AD 
  59      4CB250B2 
  60 0015 C66294AD 		.ascii	"\306b\224\255\370\003\266Sb(Sjd(;\327\370\030\015\231"
  60      F803B653 
  60      6228536A 
ARM GAS  C:\Users\CYIRKO~1\AppData\Local\Temp\ccxUXbVV.s 			page 4


  60      64283BD7 
  60      F8180D99 
  61 0029 2931E3AB 		.ascii	")1\343\253w\026&\3373\206,\254L6J>bco$\212\205R6\302"
  61      771626DF 
  61      33862CAC 
  61      4C364A3E 
  61      62636F24 
  62 0042 B9AF9ABD 		.ascii	"\271\257\232\275[\247s\316\275\317y\316\363\\'\031\224"
  62      5BA773CE 
  62      BDCF79CE 
  62      F35C2719 
  62      94
  63 0053 01918F88 		.ascii	"\001\221\217\210\252%\300\004#qM4\3561\000](\017h\314"
  63      AA25C004 
  63      23714D34 
  63      EE31005D 
  63      280F68CC 
  64 0067 C018E29C 		.ascii	"\300\030\342\234d\234E\237N\214\206M%\247\220L\271\246"
  64      649C459F 
  64      4E8C864D 
  64      25A7904C 
  64      B9A6
  65 0079 D55495C5 		.ascii	"\325T\225\305D\313\022\372`\023\015\202\272\235<X\343"
  65      44CB12FA 
  65      60130D82 
  65      BA9D3C58 
  65      E3
  66 008a 79B61870 		.ascii	"y\266\030pH\373~\265R\254\324\255\201Zi\255\351\267"
  66      48FB7EB5 
  66      52ACD4AD 
  66      815A69AD 
  66      E9B7
  67 009c 55E66690 		.ascii	"U\346f\220\324\367\211\323\326\372\214R\021U\370Z`U"
  67      D4F789D3 
  67      D6FA8C52 
  67      1155F85A 
  67      6055
  68 00ae 67316307 		.ascii	"g1c\007,|\330\206\027[\360\222\\\021vQ\257\341\017\371"
  68      2C7CD886 
  68      175BF092 
  68      5C117651 
  68      AFE10FF9 
  69 00c2 EFC50A97 		.ascii	"\357\305\012\227\343o\037\366\340\022\351\224\273CA"
  69      E36F1FF6 
  69      E012E994 
  69      BB4341
  70 00d1 7DFF4455 		.ascii	"}\377DU\341u\003\371\016\247\010\327p\212\011H;\230"
  70      E17503F9 
  70      0EA708D7 
  70      708A0948 
  70      3B98
  71 00e3 6543677E 		.ascii	"eCg~A\344\343y~\242L\317\011\327\322\324\331\215[\253"
  71      41E4E379 
  71      7EA24CCF 
  71      09D7D2D4 
  71      D98D5BAB 
  72 00f7 625BC9E7 		.ascii	"b[\311\347\371\305L\271\205\365q\261\226\256\261\330"
ARM GAS  C:\Users\CYIRKO~1\AppData\Local\Temp\ccxUXbVV.s 			page 5


  72      F9C54CB9 
  72      85F571B1 
  72      96AEB1D8 
  73 0107 B12E72F7 		.ascii	"\261.r\367e\277~\314<F\262ns_\333\256\265\330\211,,"
  73      65BF7ECC 
  73      3C46B26E 
  73      735FDBAE 
  73      B5D8892C 
  74 011c A46CCFC8 		.ascii	"\244l\317\310\301\024\300q\3642_\246\311\234\000\016"
  74      C114C071 
  74      F4325FA6 
  74      C99C000E 
  75 012c 64CA5E16 		.ascii	"d\312^\026/-\373\007\273\013y\233][\303\241\315^\222"
  75      2F2DFB07 
  75      BB0B799B 
  75      5D5BC3A1 
  75      CD5E92
  76 013f 2A7E7124 		.ascii	"*~q$So\210\244\213s\320\344\366\277\307\004-\026\015"
  76      536F88A4 
  76      8B73D0E4 
  76      F6BFC704 
  76      2D160D
  77 0152 22B3BDD5 		.ascii	"\"\263\275\325\337\326\037\354\011v\016\217\364\006"
  77      DFD61FEC 
  77      09760E8F 
  77      F406
  78 0160 43FE80AE 		.ascii	"C\376\200\256C\341\246\026\237\031\012\233\375\335\003"
  78      43E1A616 
  78      9F190A9B 
  78      FDDD03
  79 016f 667828A0 		.ascii	"fx(\240sW\337\350pc\200\034\222\006\177\001\274\321"
  79      7357DFE8 
  79      7063801C 
  79      92067F01 
  79      BCD1
  80 0181 998D     		.ascii	"\231\215"
  81              		.text
  82              		.section	.gnu.lto_extStart.df53d915,"",%progbits
  83 0000 789C9553 		.ascii	"x\234\225SohUe\030\177~\347=\367\217\233\205\037\203"
  83      6F685565 
  83      187F7EE7 
  83      3DF78F9B 
  83      851F83
  84 0013 24CEA831 		.ascii	"$\316\2501\205\360\230H\003\011\241FA\037\366!\367U"
  84      85F09848 
  84      0309A146 
  84      411FF621 
  84      F755
  85 0025 18F378F3 		.ascii	"\030\363x\363^\330\335\031\367l\242\037\342\036o\323"
  85      5ED8DD19 
  85      F76CA21F 
  85      E21E6FD3 
  86 0035 855A0996 		.ascii	"\205Z\011\226\336m]\316Hd[\265?\256,onw\267iijE\262"
  86      DE6D5DCE 
  86      48645BB5 
  86      3FAE2C6F 
  86      6E77B769 
ARM GAS  C:\Users\CYIRKO~1\AppData\Local\Temp\ccxUXbVV.s 			page 6


  87 004d 4810A2B6 		.ascii	"H\020\242\266\326ZiX\006\025\325\354y\336\266\241w\340"
  87      D65A6958 
  87      0615D5EC 
  87      79DEB6A1 
  87      77E0
  88 005f EA857BDF 		.ascii	"\352\205{\337?\317\357\367\274\317\363{\177'D\006u\232"
  88      3FCFEFF7 
  88      BCCFF37B 
  88      7F274406 
  88      759A
  89 0071 443520BA 		.ascii	"D5 \272\237\210\240\010\306\241O\211\366D\015@\026~"
  89      9F88A008 
  89      C6A14F89 
  89      F6440D40 
  89      167E
  90 0083 14943690 		.ascii	"\024\2246\220\306\313\352\250\302x\373wycm\217\317\243"
  90      C6CBEAA8 
  90      C278FB77 
  90      79636D8F 
  90      CFA3
  91 0095 78F44A78 		.ascii	"x\364Jx\237\277\367\276@\021u\360O\006z\260\226Q\237"
  91      9FBFF7BE 
  91      401175F0 
  91      4F067AB0 
  91      96519F
  92 00a8 B70DBDA6 		.ascii	"\267\015\275\246^R\201\002L\336\376\374I\347\324\275"
  92      5E528102 
  92      4CDEFEFC 
  92      49E7D4BD 
  93 00b8 B23560F1 		.ascii	"\2625`\3616\330w\275K\251\015 ^\177yhlS\325q\337\317"
  93      36D877BD 
  93      4BA90D20 
  93      5E7F7968 
  93      6C53D571 
  94 00ce F8C589C3 		.ascii	"\370\305\211\303\312\177(P\012o@q>\364a5z\261\232\370"
  94      CA7F2850 
  94      0A6F4071 
  94      3EF46135 
  94      7AB19AF8 
  95 00e2 88F026AA 		.ascii	"\210\360&\252\030=;78c\252j\315\354\373\252\353\231"
  95      183D3B37 
  95      3863AA6A 
  95      CDECFBAA 
  95      EB99
  96 00f4 79E6A523 		.ascii	"y\346\245#\232i\342\255R\246I\350G\225\300'O\314\275"
  96      9A69E2AD 
  96      52A649E8 
  96      4795C027 
  96      4FCCBD
  97 0107 7A4FD83C 		.ascii	"zO\330<\266P,\006\020\346\236i\3602\212\376\334\255"
  97      B6502C06 
  97      10E69E69 
  97      F0328AFE 
  97      DCAD
  98 0119 76CED283 		.ascii	"v\316\322\203[O\255\340\256\371..\\x\264\237\241\"\302"
  98      5B4FADE0 
  98      AEF92E2E 
ARM GAS  C:\Users\CYIRKO~1\AppData\Local\Temp\ccxUXbVV.s 			page 7


  98      5C78B49F 
  98      A122C2
  99 012c 0165C8AC 		.ascii	"\001e\310\254\246aH\262\231\221\366\011\250\315\272"
  99      A66148B2 
  99      9991F609 
  99      A8CDBA
 100 013b 8E93852B 		.ascii	"\216\223\205+\331\262\312c\272\220\231\354\232\316\347"
 100      D9B2CA63 
 100      BA9099EC 
 100      9ACEE7
 101 014a 2F1EF4BB 		.ascii	"/\036\364\2733\253\002\025\302\340\235\345h\201\206"
 101      33AB0215 
 101      C2E09DE5 
 101      688186
 102 0159 50C9A4F6 		.ascii	"P\311\244\366Y\177\324\024EB\260p\202c? 39\370\312\320"
 102      597FD414 
 102      4542B070 
 102      82633F20 
 102      3339F8CA 
 103 016e 652C96DA 		.ascii	"e,\226\332\2465>|#\254K\355P\240\222\320\315S\033\237"
 103      A6353E7C 
 103      23AC4BED 
 103      50A092D0 
 103      CD531B9F 
 104 0182 230C4BCC 		.ascii	"#\014K\314(\215\375Y\260\352\011oKL\225\306\246\262"
 104      288DFD59 
 104      B0EA096F 
 104      4B4C95C6 
 104      A6B2
 105 0194 6BBA94D4 		.ascii	"k\272\224\324AxG\000\346m\362\020N\"\314U\276+\342\200"
 105      41784700 
 105      E66DF210 
 105      4E22CC55 
 105      BE2BE280 
 106 01a8 7A0D0EBD 		.ascii	"z\015\016\275\036\014\377^V\2217\002?k\005*,\350\376"
 106      1E0CFF5E 
 106      56913702 
 106      3F6B052A 
 106      2CE8FE
 107 01bb A9D37ED4 		.ascii	"\251\323~\3244\030\370\036*HNn\\\233\270j\360\011N\301"
 107      3418F81E 
 107      2A484E6E 
 107      5C9BB86A 
 107      F0094EC1 
 108 01cf D40D11F2 		.ascii	"\324\015\021\362\372\355{\013g\246WV\214\314\263#\202"
 108      FAED7B0B 
 108      67A65756 
 108      8CCCB323 
 108      82
 109 01e0 FD6560F8 		.ascii	"\375e`\370\213r\315~_\3308\015\223\246\221\261\2648"
 109      8B72CD7E 
 109      5FD8380D 
 109      93A691B1 
 109      B438
 110 01f2 44B3C874 		.ascii	"D\263\310t\3761\371S\321\220\276\031~d\357\370g\021"
 110      FE31F953 
 110      D190BE19 
ARM GAS  C:\Users\CYIRKO~1\AppData\Local\Temp\ccxUXbVV.s 			page 8


 110      7E64EFF8 
 110      6711
 111 0204 D1EA5F09 		.ascii	"\321\352_\011~;w\341\205\225\001r{\270\227\356\007\002"
 111      7E3B77E1 
 111      85950172 
 111      7BB897EE 
 111      0702
 112 0216 15CDB1AD 		.ascii	"\025\315\261\255F\344F\016\036\37763\020\261\373\245"
 112      46E4460E 
 112      1EFF3633 
 112      10B1FBA5 
 113 0226 4F4B0C31 		.ascii	"OK\0141\212\000Y\355M\024`\347X\214\037\321\326}\363"
 113      8A0059ED 
 113      4D1460E7 
 113      588C1FD1 
 113      D67DF3
 114 0239 4525B985 		.ascii	"E%\271\205\220\317_\273\032I\377\355G\003\265\242C\205"
 114      90CF5FBB 
 114      1A49FFED 
 114      4703B5A2 
 114      4385
 115 024b 18378634 		.ascii	"\0307\2064q\312@\225I%\277~?:\025\231/\344\177\334\\"
 115      71CA4095 
 115      4925BF7E 
 115      3F3A1599 
 115      2FE47FDC 
 116 0260 8EA2BE59 		.ascii	"\216\242\276Y\034\206\017`3`$8\330W&m\224\303\3008\263"
 116      1C860F60 
 116      33602438 
 116      D857266D 
 116      94C3C038 
 117 0275 E6BD54E2 		.ascii	"\346\275T\342\237\3342\3769\243\375\263\250I\210\237"
 117      9FDC32FE 
 117      39A3FDB3 
 117      A849889F 
 118 0285 E9ECDDFC 		.ascii	"\351\354\335\374\363\327\202\177\302K\375c\245\011\037"
 118      F3D7827F 
 118      C24BFD63 
 118      A5091F
 119 0294 4A2C7287 		.ascii	"J,r\207\005>\022\013,1\324c\011\3029\001G\227\032jc"
 119      053E120B 
 119      2C31D463 
 119      09C23901 
 119      47971A6A 
 120 02a9 4E496184 		.ascii	"NIa\204\363K\015\365\2616\324\205\333\0145\027|S(_\360"
 120      F34B0DF5 
 120      B136D485 
 120      DB0C3517 
 120      7C53285F 
 121 02be CA59ED95 		.ascii	"\312Y\355\225\213\332+\245\306\270\264h\014IN\327\221"
 121      8BDA2BA5 
 121      C6B8B468 
 121      0C494ED7 
 121      91
 122 02cf F9FAC0D8 		.ascii	"\371\372\300\330\203\372\351d\354gy\371\243d\274\375"
 122      83FAE964 
 122      EC6779F9 
ARM GAS  C:\Users\CYIRKO~1\AppData\Local\Temp\ccxUXbVV.s 			page 9


 122      A364BCFD 
 123 02df E4A6AD35 		.ascii	"\344\246\2555\361\304\266D]K\353\366\204\273\325\221"
 123      F1C4B644 
 123      5D4BEBF6 
 123      84BBD591 
 124 02ef B5EB3D52 		.ascii	"\265\353=R\375\250\355zv\274\241\321\366R\216\314\365"
 124      FDA8ED7A 
 124      76BCA1D1 
 124      F6528ECC 
 124      F5
 125 0300 B15D2DEB 		.ascii	"\261]-\353\0342yj\016;n\323\263\211\035\241\235\015"
 125      1C32796A 
 125      0E3B6ED3 
 125      B3891DA1 
 125      9D0D
 126 0312 8DADB1CD 		.ascii	"\215\255\261\315w\315\340\270\311\244\333d7\273\251"
 126      77CDE0B8 
 126      C9A4DB64 
 126      37BBA9
 127 0321 16CF7E7C 		.ascii	"\026\317~|KmM\355.\333\211;n*V\277\263:\271.NO\374\027"
 127      4B6D4DED 
 127      2EDB893B 
 127      6E2A56BF 
 127      B33AB92E 
 128 0339 3A5F6AD7 		.ascii	":_j\327\324\326=]g'\232\234\306\326\3551\333Iz\011\257"
 128      D4D63D5D 
 128      67279A9C 
 128      C6D6ED31 
 128      DB497A09 
 129 034e 7E87E370 		.ascii	"~\207\343p\212\365\313\366\340z\374\227j\321\363\262"
 129      8AF5CBF6 
 129      E07AFC97 
 129      6AD1F3B2 
 130 035e 04C62DDE 		.ascii	"\004\306-\336\022\367v{LXU[\267\305\332\326\340\305"
 130      12F7767B 
 130      4C58555B 
 130      B7C5DAD6 
 130      E0C5
 131 0370 9A538987 		.ascii	"\232S\211\207\255\312\365d\244(\222\214%\335\324n\372"
 131      ADCAF564 
 131      A428928C 
 131      25DDD46E 
 131      FA
 132 0381 07A868E9 		.ascii	"\007\250h\351Q"
 132      51
 133              		.text
 134              		.section	.gnu.lto_extStop.df53d915,"",%progbits
 135 0000 789C9553 		.ascii	"x\234\225SmhSg\024>\317}o\223,U\331\317\311DR\\\021"
 135      6D685367 
 135      143ECF7D 
 135      6F932C55 
 135      D9CFC944 
 136 0017 65F4BA31 		.ascii	"e\364\2721,\024\021f\031c?\372\307\376\025J\275\006"
 136      2C141166 
 136      19633FFA 
 136      C7FE154A 
 136      BD06
ARM GAS  C:\Users\CYIRKO~1\AppData\Local\Temp\ccxUXbVV.s 			page 10


 137 0029 1368BC25 		.ascii	"\023h\274%\267\025\375!\271\306j\234\302\024Em\247r"
 137      B715FD21 
 137      B9C66A9C 
 137      C214456D 
 137      A772
 138 003b 378BD4AF 		.ascii	"7\213\324\257~\272nVk\214\355\266n\316M&\216\211E\250"
 138      7EBA6E56 
 138      6B8CEDB6 
 138      6ECE4D26 
 138      8E8945A8 
 139 004f D56EABD5 		.ascii	"\325n\253\325}\012\016\346\272\235\363\316\206~\200"
 139      7D0A0EE6 
 139      BA9DF3CE 
 139      867E80
 140 005e 752F24EF 		.ascii	"u/$\357\307y\236s\236s\362\244\200\014Zo\022\255\000"
 140      C7799E73 
 140      9E73F2A4 
 140      800C5A6F 
 140      12AD00
 141 0071 D1CB4404 		.ascii	"\321\313D\004E0\366~C\2645d\000r\360B\240\224\201\024"
 141      4530F67E 
 141      43B43564 
 141      0072F042 
 141      A0948114 
 142 0085 F6A8430A 		.ascii	"\366\250C\012}\231\037z\214%-\036\257\334\241\216\340"
 142      7D991F7A 
 142      8C252D1E 
 142      AFDCA18E 
 142      E0
 143 0096 0E6FFB4B 		.ascii	"\016o\373K\276\"j\342\217,\264`\011\243\276m\3508\242"
 143      BE226AE2 
 143      8F2CB460 
 143      09A3BE6D 
 143      E838A2
 144 00a9 DE53BE02 		.ascii	"\336S\276\002L\276\376\366\365\373w\347\311\325@\204"
 144      4CBEFEF6 
 144      F5FB77E7 
 144      C9D54084 
 145 00b9 AFFE8E87 		.ascii	"\257\376\216\207\207\225z\035\304\347\357\367^*[|\334"
 145      87957A1D 
 145      C4E7EFF7 
 145      5E2A5B7C 
 145      DC
 146 00ca F3D25EEE 		.ascii	"\363\322^\356\352~\345\275\342+\205SP\234\017'\261\000"
 146      EA7EE5BD 
 146      E22B8553 
 146      509C0F27 
 146      B100
 147 00dc 27B080F8 		.ascii	"'\260\200\370\211p\032\213\005>\3349~`n\300l\236(\211"
 147      89701A8B 
 147      053EDC39 
 147      7E606EC0 
 147      6C9E2889 
 148 00f0 3308B072 		.ascii	"3\010\260rj\277\216\2347\376O\306\313=i\306\355\267"
 148      6ABF8E9C 
 148      37FE4FC6 
 148      CB3D69C6 
ARM GAS  C:\Users\CYIRKO~1\AppData\Local\Temp\ccxUXbVV.s 			page 11


 148      EDB7
 149 0102 45BB3068 		.ascii	"E\2730h\027\203\244\211\335\312\220]\215\300\2204?\366"
 149      1783A489 
 149      DDCA905D 
 149      8DC09034 
 149      3FF6
 150 0114 666E4095 		.ascii	"fn@\225j\005\335\331\233\215\341\342f-\341\227\201\245"
 150      6A05DDD9 
 150      9B8DE1E2 
 150      662DE197 
 150      81A5
 151 0126 4D37EF79 		.ascii	"M7\357y\336>\017\2762\321:U\210n\260\015\305L\312\214"
 151      DE3E0FBE 
 151      32D13A55 
 151      886EB00D 
 151      C54CCA8C 
 152 013a 7A174DE9 		.ascii	"z\027M\351\310D\004\355\034\273\217\364\360\037{:\256"
 152      C84404ED 
 152      1CBB8FF4 
 152      F01F7B3A 
 152      AE
 153 014b 232FB241 		.ascii	"#/\262A\317h\377\271\240\026\331\244@\323B\177\265\277"
 153      CF68FFB9 
 153      A016D9A4 
 153      40D3427F 
 153      B5BF
 154 015d B185D021 		.ascii	"\261\205\320!1cz\254?\033\251\"tJLM\217\215\015\224"
 154      31637AAC 
 154      3F1BA922 
 154      744A4C4D 
 154      8F8D0D94 
 155 0171 CC171984 		.ascii	"\314\027\031\204.\211\233\223\346B8\213\000\213\374"
 155      2E899B93 
 155      E642388B 
 155      008BFC
 156 0180 48A602FA 		.ascii	"H\246\002\372\320\340\3201\277\353\317pQ\227\341{\215"
 156      D0E0D031 
 156      BFEBCF70 
 156      5197E17B 
 156      8D
 157 0191 115F1508 		.ascii	"\021_\025\010\272\365\356\005/d\032\014\354F\021\311"
 157      BAF5EE05 
 157      2F641A0C 
 157      EC4611C9 
 158 01a1 CBAF0F6E 		.ascii	"\313\257\017n\014\032\374\202\217a\352~\010\237\350"
 158      0C1AFC82 
 158      8F61EA7E 
 158      089FE8
 159 01b0 9FEE44B6 		.ascii	"\237\356D\266\177dNQ\367Sv@\260\277\267u}W\250\331\347"
 159      7F644E51 
 159      F7537640 
 159      B0BFB775 
 159      7D57A8D9 
 160 01c5 848D1E98 		.ascii	"\204\215\036\2304\202tD\317\206h\014\015C\357\216*i"
 160      34827444 
 160      CF86680C 
 160      0D43EF8E 
ARM GAS  C:\Users\CYIRKO~1\AppData\Local\Temp\ccxUXbVV.s 			page 12


 160      2A69
 161 01d7 5AD03D3D 		.ascii	"Z\320==\017\006\203\251\277\275\220\257\202M\\\236p"
 161      0F0683A9 
 161      BFBD90AF 
 161      824D5C9E 
 161      70
 162 01e8 1E293AAA 		.ascii	"\036):\252\014_\205h\024\351G?\335\337\026\0260c\017"
 162      0C5F8568 
 162      14E9473F 
 162      DDDF1616 
 162      30630F
 163 01fb 6EEFBB16 		.ascii	"n\357\273\026\224\251\3767\254\307\003Wv\316\361qt+"
 163      94A9FE37 
 163      ACC70357 
 163      76CEF171 
 163      742B
 164 020d 77FDC142 		.ascii	"w\375\301B_\275\300,\\\020q\034<~/\335\026\264Ze\","
 164      5FBDC02C 
 164      5C10711C 
 164      3C7E2FDD 
 164      16B45A65 
 165 0223 2C8C5EF8 		.ascii	",\214^\370h\324.\304EX\223\223\205y\024Yf\351bc\371"
 165      68D42EC4 
 165      45589393 
 165      85791459 
 165      66E96263 
 166 0238 62FF237B 		.ascii	"b\377#{!.\351\354\3424\344t\366\356\314\325\316\260"
 166      212EE9EC 
 166      E234E474 
 166      F6EECCD5 
 166      CEB0
 167 024a 642F0470 		.ascii	"d/\004p\231YO\2355\325M\313gsS\237vS^\252\311R\373\237"
 167      99594F9D 
 167      35D54DCB 
 167      6773539F 
 167      76535EAA 
 168 0262 E5A65B13 		.ascii	"\345\246[\023n\012\314tS$E\370Tb\301)\216\370L\0341"
 168      6E0ACC74 
 168      532445F8 
 168      5462C129 
 168      8EF84C1C 
 169 0277 C35E2BE2 		.ascii	"\303^+\342\204\317\005\034\232a\257\226\322\371\242"
 169      84CF051C 
 169      9A61AF96 
 169      D2F9A2
 170 0286 8B3030D3 		.ascii	"\21300\323^_h{}9\311^\343\376\235l\341\204s\372\265"
 170      5E5F687B 
 170      7D39C95E 
 170      E3FE9D6C 
 170      E18473FA 
 171 029b 73AE68E7 		.ascii	"s\256h\347L\267\311Wy\233Hrz\210\364\320\356\237\027"
 171      4CB7C957 
 171      799B4872 
 171      7A88F4D0 
 171      EE9F17
 172 02ae 699BC8DA 		.ascii	"i\233\310\332\305\323\345\177(\343\255\267\312\326\224"
 172      C5D3E57F 
ARM GAS  C:\Users\CYIRKO~1\AppData\Local\Temp\ccxUXbVV.s 			page 13


 172      28E3ADB7 
 172      CAD694
 173 02bd C7E26BE3 		.ascii	"\307\342k\343\225u\365\353\342\316\032[\316\216\373"
 173      9575F5EB 
 173      E2CE1A5B 
 173      CE8EFB
 174 02cc 5AE972CB 		.ascii	"Z\351r\313q\255Xu\215\345&m\331\253\242\233\352Jl2y"
 174      71AD5875 
 174      8DE5266D 
 174      D9ABA29B 
 174      EA4A6C32 
 175 02e1 AB2DD858 		.ascii	"\253-\330X]S\037]\371L\252\355$\022\316\006\253\326"
 175      5D531F5D 
 175      F94CAAED 
 175      2412CE06 
 175      ABD6
 176 02f3 49D6B9D6 		.ascii	"I\326\271\326\233\253+\312+6Yv\314v\222\321\252\215"
 176      9BAB2BCA 
 176      2B365976 
 176      CC7692D1 
 176      AA8D
 177 0305 A5899218 		.ascii	"\245\211\222\030\255z\036:W\263\312+*\337\251\264\342"
 177      AD7A1E3A 
 177      57B3CA2B 
 177      2ADFA9B4 
 177      E2
 178 0316 1BEC9AFA 		.ascii	"\033\354\232\372uQ\313N\270q\267j\275ms\212e\263\212"
 178      7551CB4E 
 178      B871B76A 
 178      BD6D738A 
 178      65B38A
 179 0329 775CFE4A 		.ascii	"w\\\376J\326\351}V\002\343\362Ub\356f\227\011/VT\256"
 179      D6E97D56 
 179      02E3F255 
 179      62EE6697 
 179      092F5654 
 180 033e 8EACAD76 		.ascii	"\216\254\255v\243\265\311\370\253\221\342ed$)\230\210"
 180      A3B5C9F8 
 180      AB91E265 
 180      64242998 
 180      88
 181 034f 269CE466 		.ascii	"&\234\344f\372\027|\313\327}"
 181      FA177CCB 
 181      D77D
 182              		.text
 183              		.section	.gnu.lto_extChannelEnable.df53d915,"",%progbits
 184 0000 789C8D52 		.ascii	"x\234\215R[HTQ\024\335\373\236;\017\307\012?\203\374"
 184      5B485451 
 184      14DDFB9E 
 184      3B0FC70A 
 184      3F83FC
 185 0013 18A14185 		.ascii	"\030\241A\205\360ZH\202DQ\326G\201?\372+\014\343uh\006"
 185      F05A4882 
 185      4451D647 
 185      813FFA2B 
 185      0CE37568 
 186 0028 1CAFCC55 		.ascii	"\034\257\314U\321\217\230\333\344\2034J\312|\313\215"
ARM GAS  C:\Users\CYIRKO~1\AppData\Local\Temp\ccxUXbVV.s 			page 14


 186      D18F98DB 
 186      E483344A 
 186      CA7CCB8D 
 187 0038 24D4F26D 		.ascii	"$\324\362m\232\2439NZ\375\364\"1\012\2140\305\242\324"
 187      9AA3394E 
 187      5AFDF422 
 187      310A8C30 
 187      C5A2D4
 188 004b 5E440491 		.ascii	"^D\004\221u\316IEG\320\016\314\234\307^k\237u\326\272"
 188      75CE4945 
 188      47D00ECC 
 188      9CC75E6B 
 188      9F75D6BA 
 189 005f 06106096 		.ascii	"\006\020`\226\000\034G\200=\000\200\004P\250z\012p\326"
 189      001C4780 
 189      3D008004 
 189      50A87A0A 
 189      70D6
 190 0071 2C20B285 		.ascii	", \262\205fF\360\011\350\303K\244\226\340x\371\273\200"
 190      6646F009 
 190      E8C34BA4 
 190      96E078F9 
 190      BB80
 191 0083 10DFAAD1 		.ascii	"\020\337\252\321\021\252\275l)\323Jw\353\224^O\177l"
 191      11AABD6C 
 191      29D34A77 
 191      EB945E4F 
 191      7F6C
 192 0095 602BC653 		.ascii	"`+\306S\324\363\222\236&r\221\350\004Q\244\333\257O"
 192      D4F3929E 
 192      267291E8 
 192      0451A4DB 
 192      AF4F
 193 00a7 1AE676B1 		.ascii	"\032\346v\261\255\200V\272\325\313\226\032\0119\200"
 193      AD8056BA 
 193      D5CB961A 
 193      093980
 194 00b6 40D72FAB 		.ascii	"@\327/\253\306Rboh\232_\013MU\023m\257N\010\336DB\373"
 194      C652626F 
 194      689A5F0B 
 194      4D55136D 
 194      AF4E08DE 
 195 00cd 613B4663 		.ascii	"a;Fc\033F\003=\002\274\205\261\024\335\361z\342\215"
 195      1B46033D 
 195      02BC85B1 
 195      14DDF17A 
 195      E28D
 196 00df 912473E6 		.ascii	"\221$s\346\247\307?\002\021+\324\305\032N\025\261#\234"
 196      A7C73F02 
 196      112BD4C5 
 196      1A4E15B1 
 196      239C
 197 00f1 2A027662 		.ascii	"*\002vb,\303\317\366._\335i\024[V\325b\027\032\351\243"
 197      2CC3CFF6 
 197      2E5FDD69 
 197      145B56D5 
 197      62171AE9 
ARM GAS  C:\Users\CYIRKO~1\AppData\Local\Temp\ccxUXbVV.s 			page 15


 198 0106 A17B1243 		.ascii	"\241{\022C\332\362\237r-\364\275\025\003\247L\364\331"
 198      DAF29F72 
 198      2DF4BD15 
 198      03A74CF4 
 198      D9
 199 0117 F432AA9C 		.ascii	"\3642\252\234\361\240\202B\231\013\225D`3\231G\2015"
 199      F1A08242 
 199      990B9544 
 199      60339947 
 199      8135
 200 0129 7B7FB77C 		.ascii	"{\177\267|\012\311\021.d \370\252\316bk\341B>\327\305"
 200      0AC9112E 
 200      6420F8AA 
 200      CE626BE1 
 200      423ED7C5 
 201 013d 359C7B74 		.ascii	"5\234{tA\273\346\217\322\211\001\2737\312\341\016\365"
 201      41BBE68F 
 201      D28901BB 
 201      37CAE10E 
 201      F5
 202 014e A08D92CA 		.ascii	"\240\215\222\312?h\243\"\263\304\200V\354\245\265\217"
 202      3F68A322 
 202      B3C48056 
 202      ECA5B58F 
 203 015e E89FEDAF 		.ascii	"\350\237\355\257\356\231\3045\251%\334\344+\015\026"
 203      EE99C435 
 203      A925DCE4 
 203      2B0D16
 204 016d 2EB59E20 		.ascii	".\265\236 \204\225~\015%\235\001\354c5!\27461f\265\003"
 204      84957E0D 
 204      259D01EC 
 204      633521BC 
 204      363166B5 
 205 0182 F6B31A09 		.ascii	"\366\263\032\011\257-\324\3055\022\246\003\3606\003"
 205      AF2DD4C5 
 205      3512A603 
 205      F03603
 206 0191 88EBEC01 		.ascii	"\210\353\354\001\034@#U9\310\314Ah\027h\351\272\336"
 206      1C402355 
 206      39C8CC41 
 206      681768E9 
 206      BADE
 207 01a3 F7D31233 		.ascii	"\367\323\0223,\350Z\235U'F\206\356\234\033\321\314\242"
 207      2CE85A9D 
 207      55274686 
 207      EE9C1BD1 
 207      CCA2
 208 01b5 40817730 		.ascii	"@\201w0\006\330\311\227\305\251i\201\236\340\020\212"
 208      06D8C997 
 208      C5A96981 
 208      9EE0108A 
 209 01c5 FC418001 		.ascii	"\374A\200\001\036~[pb~G\314\350\012\333\304\260\337"
 209      1E7E5B70 
 209      627E47CC 
 209      E80ADBC4 
 209      B0DF
 210 01d7 BAFA5E44 		.ascii	"\272\372^Dr\3660c\343\010\2120\217~+7\007`\001Kg\316"
ARM GAS  C:\Users\CYIRKO~1\AppData\Local\Temp\ccxUXbVV.s 			page 16


 210      72F63063 
 210      E3088A30 
 210      8F7E2B37 
 210      0760014B 
 211 01ed 3718D8AB 		.ascii	"7\030\330\253\031:\020X\2346\371~kf\235\230\353\211"
 211      193A1058 
 211      9C36F97E 
 211      6B669D98 
 211      EB89
 212 01ff 81E2EFA2 		.ascii	"\201\342\357\242\017\232\211\320L\250\177\021\260\022"
 212      0F9A89D0 
 212      4CA87F11 
 212      B012
 213 020d 49580CCD 		.ascii	"IX\014\315\333\3040\312c\250)\035\177f\372\027\003`"
 213      DBC430CA 
 213      63A8291D 
 213      7F66FA17 
 213      0360
 214 021f 70AB1806 		.ascii	"p\253\030\006Wc0n\216\301\352\003\034c5\323\006'C\314"
 214      5763306E 
 214      8EC1EA03 
 214      1C6335D3 
 214      062743CC 
 215 0233 C94DB91C 		.ascii	"\311M\271\034r\003\336c`\363\346\\\222\232\011\023\006"
 215      7203DE63 
 215      60F3E65C 
 215      929A0913 
 215      06
 216 0244 38BE3997 		.ascii	"8\2769\227\011\236\313\375u\271,\353o\203\221\253\226"
 216      099ECBFD 
 216      75B92CEB 
 216      6F8391AB 
 216      96
 217 0255 07B9E50F 		.ascii	"\007\271\345\017\270\345\341\376>\\\363\2275\207%\364"
 217      B8E5E1FE 
 217      3E5CF397 
 217      358725F4 
 218 0265 CF5436D9 		.ascii	"\317T6\331\270\277lT\320O\213~\333\024/\235H\311Lu\271"
 218      B8BF6C54 
 218      D04F8B7E 
 218      DB142F9D 
 218      48C94C75 
 219 027a B3DC19F9 		.ascii	"\263\334\031\371\005\331n%SfkE\335\237|PRT\311\345\310"
 219      05D96E25 
 219      53666B45 
 219      DD9F7C50 
 219      5254C9E5 
 220 028f 9154AFCC 		.ascii	"\221T\257\314f\273\263(?A\006\221Ny&\331\345\310\315"
 220      66BBB328 
 220      3F410691 
 220      4E7926D9 
 220      E5C8CD
 221 02a2 75E6180A 		.ascii	"u\346\030\012\0359\005\316\303[\266\220\025\217G\311"
 221      1D3905CE 
 221      C35BB690 
 221      158F47C9 
 222 02b2 95F2146F 		.ascii	"\225\362\024o\276*\035MOKM+\222d\227\254x\235\366\302"
ARM GAS  C:\Users\CYIRKO~1\AppData\Local\Temp\ccxUXbVV.s 			page 17


 222      BE2A1D4D 
 222      4F4B4D2B 
 222      926497AC 
 222      789DF6C2 
 223 02c6 644F820B 		.ascii	"dO\202\013\216\375\017\235\336*\245\246e\234\314\220"
 223      8EFD0F9D 
 223      DE2AA5A6 
 223      659CCC90 
 224 02d6 DCB9724E 		.ascii	"\334\271rNA\266S\222=\252[\265\237\226e\332\"q\333G"
 224      41B65392 
 224      3DAA5BB5 
 224      9F9665DA 
 224      2271DB47 
 225 02ea 282AFDF3 		.ascii	"(*\375\363\346\363y[\002\305\255\335\342R\213UJ\210"
 225      E6F3795B 
 225      02C5ADDD 
 225      E2528B55 
 225      4A88
 226 02fc 4ACB48B7 		.ascii	"J\313H\267f9Tg\236\327\275\317jK\004\301\013&\217\323"
 226      66395467 
 226      9ED7BDCF 
 226      6A4B04C1 
 226      0B268FD3 
 227 0310 A3788BE1 		.ascii	"\243x\213\341/\031\300\253\307"
 227      2F19C0AB 
 227      C7
 228              		.text
 229              		.section	.gnu.lto_extChannelDisable.df53d915,"",%progbits
 230 0000 789C8D52 		.ascii	"x\234\215R[HTQ\024\335\373\236;\017\265\302\317 ?FH"
 230      5B485451 
 230      14DDFB9E 
 230      3B0FB5C2 
 230      CF203F46 
 231 0015 5408AF85 		.ascii	"T\010\257\205$H\024e}D\370\243\277\202\350uh\006\034"
 231      24481465 
 231      7D44F8A3 
 231      BF82E875 
 231      68061C
 232 0028 AFCC1D45 		.ascii	"\257\314\035E?bn\223\017\322()\337&7\222P\313\267Y\216"
 232      3F626E93 
 232      0FD22829 
 232      DF263792 
 232      50CBB759 
 233 003d 8F71D28A 		.ascii	"\217q\322\212\350Ib\024(b\212E\251\275\010\011*\353"
 233      E8496214 
 233      28628A45 
 233      A9BD0809 
 233      2AEB
 234 004f 9C938A8E 		.ascii	"\234\223\212\216\240\035\2309\217\275\326>\353\254u"
 234      A01D9839 
 234      8FBDD63E 
 234      EBAC75
 235 005e 0D20C00C 		.ascii	"\015 \300\014\0018\216\000{\000\000\011\240P\376\034"
 235      01388E00 
 235      7B000009 
 235      A050FE1C 
 236 006e E0AC5940 		.ascii	"\340\254Y@d\013\315\214\340\026\320\215\227H5\301\221"
ARM GAS  C:\Users\CYIRKO~1\AppData\Local\Temp\ccxUXbVV.s 			page 18


 236      640BCD8C 
 236      E016D08D 
 236      974835C1 
 236      91
 237 007f 92775E21 		.ascii	"\222w^!\272I\243\303_=\025\\\254\025\355\326)\275\226"
 237      BA49A3C3 
 237      5F3D155C 
 237      AC15EDD6 
 237      29BD96
 238 0092 FED8C026 		.ascii	"\376\330\300&\214\246\250\227\205\235W\311E\242\023"
 238      8CA6A897 
 238      859D57C9 
 238      45A213
 239 00a1 44916EBF 		.ascii	"D\221n\277>\253\233\335\305\266\002Z\350V/^\254'\344"
 239      3EAB9BDD 
 239      C5B6025A 
 239      E8562F5E 
 239      AC27E4
 240 00b4 00025DBF 		.ascii	"\000\002]\277.\037N\210\274\241i\036\315?YA\264\275"
 240      2E1F4E88 
 240      BCA1691E 
 240      CD3F5941 
 240      B4BD
 241 00c6 3A217813 		.ascii	":!x\023\011\355\207-\030\206\315\030\006\364\010\360"
 241      09ED872D 
 241      1886CD18 
 241      06F408F0 
 242 00d6 16465274 		.ascii	"\026FRt\353\344\350\224\221\304s\346\247\247K\336\240"
 242      EBE4E894 
 242      91C473E6 
 242      A7A74BDE 
 242      A0
 243 00e7 15EAF72A 		.ascii	"\025\352\367*N\025\2615\220*\002\266a$\303\317t-W\356"
 243      4E15B135 
 243      902A02B6 
 243      6124C3CF 
 243      742D57EE 
 244 00fb 348A8DAB 		.ascii	"4\212\215\253j\261\035\215\364\321\3201\206~m\371O\211"
 244      6AB11D8D 
 244      F4D1D031 
 244      867E6DF9 
 244      4F89
 245 010d E6FFD584 		.ascii	"\346\377\325\204\225\247L\364\331\3642\252\234\361\240"
 245      95A74CF4 
 245      D9F432AA 
 245      9CF1A0
 246 011c 9442990B 		.ascii	"\224B\231\013eD`3\231C\2015{?X2\216\344\010\027\322"
 246      65446033 
 246      99438135 
 246      7B3F5832 
 246      8EE40817 
 247 0131 EB7B5313 		.ascii	"\353{S\023\034\321\310\205|\256\211\252;\367\344\202"
 247      1CD1C885 
 247      7CAE89AA 
 247      3BF7E482 
 248 0141 76CD13AA 		.ascii	"v\315\023\252\023\003vl\224\303\035\352\304\010J*\371"
 248      1303766C 
ARM GAS  C:\Users\CYIRKO~1\AppData\Local\Temp\ccxUXbVV.s 			page 19


 248      94C31DEA 
 248      C4084A2A 
 248      F9
 249 0152 A00D89CC 		.ascii	"\240\015\211\314\022\003Z\260\213\326>\242g\246\247"
 249      12035AB0 
 249      8BD63EA2 
 249      67A6A7
 250 0161 A2730CD7 		.ascii	"\242s\014\327\244\026r\223\257,\005s\251\265\004!\240"
 250      A4167293 
 250      AF2C0573 
 250      A9B50421 
 250      A0
 251 0172 F4B32FEE 		.ascii	"\364\263/\356\014`7\253\011\201\265\321aK\032`\017\253"
 251      0C6037AB 
 251      0981B5D1 
 251      614B1A60 
 251      0FAB
 252 0184 91C0DA7C 		.ascii	"\221\300\332|MT=a:\000o3\200\270\316\036\300^4R\225"
 252      4D543D61 
 252      3A006F33 
 252      80B8CE1E 
 252      C05E3452 
 253 0199 77983908 		.ascii	"w\2309\010-\002-]\327\273\177\004\207\367\013\272Vc"
 253      2D022D5D 
 253      D7BB7F04 
 253      87F70BBA 
 253      5663
 254 01ab D18991A1 		.ascii	"\321\211\221\241\333f\0074\263(P\340]\014\007v\362e"
 254      DB660734 
 254      B32850E0 
 254      5D0C0776 
 254      F265
 255 01bd 617C42A0 		.ascii	"a|B\240'\330\207\"\177\020\240\227\207\337\354\033\235"
 255      27D88722 
 255      7F10A097 
 255      87DFEC1B 
 255      9D
 256 01ce DB113EB4 		.ascii	"\333\021>\264\30261\354\267\366\356W!\234\335\317\330"
 256      C23631EC 
 256      B7F6EE57 
 256      219CDDCF 
 256      D8
 257 01df 388022CC 		.ascii	"8\200\"\314\241\307\302\315\001\230\307\242\351\363"
 257      A1C7C2CD 
 257      0198C7A2 
 257      E9F3
 258 01ed 8F0CECD5 		.ascii	"\217\014\354\325\014\355\365.L\230\334\2775\263N\314"
 258      0CEDF52E 
 258      4C98DCBF 
 258      35B34ECC 
 259 01fd B5C440F1 		.ascii	"\265\304@\361\203\350\206\006\"4\020\352_\020\254D\022"
 259      83E88606 
 259      223410EA 
 259      5F10AC44 
 259      12
 260 020e 1043C336 		.ascii	"\020C\30361\014\361\030\252\212F^\230\376\305\000\350"
 260      310CF118 
ARM GAS  C:\Users\CYIRKO~1\AppData\Local\Temp\ccxUXbVV.s 			page 20


 260      AA8A465E 
 260      98FEC500 
 260      E8
 261 021f DB2A86CB 		.ascii	"\333*\206\313!+1\0307\307`q\003\016\263\232i\203\223"
 261      212B3118 
 261      37C76071 
 261      030EB39A 
 261      698393
 262 0232 7EE6E4A6 		.ascii	"~\346\344\246\\\016\331\001\3571\260ys.q\015\204\011"
 262      5C0ED901 
 262      EF31B079 
 262      732E710D 
 262      8409
 263 0244 031CD99C 		.ascii	"\003\034\331\234\313(\317\345\376\272\\\226\365\267"
 263      CB28CFE5 
 263      FEBA5C96 
 263      F5B7
 264 0252 BE9055CB 		.ascii	"\276\220U\313}\334\362\007\334\362@\177\037\256\371"
 264      7DDCF207 
 264      DCF2407F 
 264      1FAEF9
 265 0261 CB9AC322 		.ascii	"\313\232\303\"z\246\313\036Gp\177\331(\245\237\026\375"
 265      7AA6CB1E 
 265      47707FD9 
 265      28A59F16 
 265      FD
 266 0272 B6295E3A 		.ascii	"\266)^:\221\220\232h\263g\330S\\\271\231v%UfkE\335\037"
 266      91909A68 
 266      B367D853 
 266      5CB99976 
 266      2555666B 
 267 0289 7F505254 		.ascii	"\177PRT\311\226\236%\251N\231\315i\326|W\214\014\"\235"
 267      C9969E25 
 267      A94E99CD 
 267      69D67C57 
 267      8C0C229D 
 268 029d 724CB22D 		.ascii	"rL\262-=;\333\232e\310K\317\312\265\036\336\262\205"
 268      3D3BDB9A 
 268      65C84BCF 
 268      CAB51EDE 
 268      B285
 269 02af AC381C4A 		.ascii	"\2548\034J\266\224\2438]\252t49)1)_\222m\262\342\264"
 269      B694A338 
 269      5DAA7434 
 269      39293129 
 269      5F926DB2 
 270 02c5 A6E5C53B 		.ascii	"\246\345\305;blp\354\177\350\364V)1)\345d\212d\317\226"
 270      626C70EC 
 270      7FE8F456 
 270      293129E5 
 270      648A64CF 
 271 02da B37233AD 		.ascii	"\263r3\255\222\354P\355j\332iY\246-b\267}\204\242\322"
 271      92EC50ED 
 271      6ADA6959 
 271      A62D62B7 
 271      7D84A2D2 
 272 02ee 3FA78BCF 		.ascii	"?\247\213\317\333\022(n\355\026\233Z\240RBhRJ\262%#"
ARM GAS  C:\Users\CYIRKO~1\AppData\Local\Temp\ccxUXbVV.s 			page 21


 272      DB12286E 
 272      ED169B5A 
 272      A0524268 
 272      524AB225 
 273 0303 5DB5E638 		.ascii	"]\265\3468\355\373,\021\261 8\301\344\260:\024g\001"
 273      EDFB2C11 
 273      B12038C1 
 273      E4B03A14 
 273      6701
 274 0315 FC0535D1 		.ascii	"\374\0055\321\254\235"
 274      AC9D
 275              		.text
 276              		.section	.gnu.lto_extSetChannelModeI.df53d915,"",%progbits
 277 0000 789C7D52 		.ascii	"x\234}RMHTQ\030\275\347\335\367\346\215\251\263\310"
 277      4D485451 
 277      18BDE7DD 
 277      F7E68DA9 
 277      B3C8
 278 0012 4D940B17 		.ascii	"M\224\013\027\211\350\302\307\264Hp\323\"\204h\333V"
 278      89E8C2C7 
 278      B44870D3 
 278      228468DB 
 278      56
 279 0023 081B9511 		.ascii	"\010\033\225\021\304\2214h7\317\361/\224L\312\324\251"
 279      C4913468 
 279      37CFF12F 
 279      944CCAD4 
 279      A9
 280 0034 99DE9088 		.ascii	"\231\336\220\210\226:\243e\345X\3514B\251dRD\201E\213"
 280      963AA365 
 280      E558E934 
 280      42A96452 
 280      4481458B 
 281 0048 B41F3103 		.ascii	"\264\0371\003\0214\244\254\357^'1\205.<\356\275\357"
 281      1134A4AC 
 281      EF5E2731 
 281      852E3CEE 
 281      BDEF
 282 005a BBE79EF3 		.ascii	"\273\347\236\363\235s5\246\260\036\316\330I\306\330"
 282      9D7335A6 
 282      B01ECED8 
 282      49C6D8
 283 0069 21FAC019 		.ascii	"!\372\300\031\224\326\027\214\325\330\025@,L;\230W\201"
 283      94D6178C 
 283      D5D81540 
 283      2C4C3B98 
 283      5781
 284 007b 17977807 		.ascii	"\027\227x\007G\274\361sT\311\3561i\304:\346\222\033"
 284      47BCF173 
 284      54C9EE31 
 284      69C43AE6 
 284      921B
 285 008d CCFA0316 		.ascii	"\314\372\003\026\301\375\364\211\201\036d\323\251\227"
 285      C1FDF489 
 285      811E64D3 
 285      A997
 286 009b 758301DE 		.ascii	"u\203\001\336\302-\016\250\264]\231\2716\357\020[\005"
ARM GAS  C:\Users\CYIRKO~1\AppData\Local\Temp\ccxUXbVV.s 			page 22


 286      C22D0EA8 
 286      B45D99B9 
 286      36EF105B 
 286      05
 287 00ac 19B4B51A 		.ascii	"\031\264\265\032\226\257s~\004\214\326o[\307\363\263"
 287      96AF737E 
 287      048CD66F 
 287      5BC7F3B3 
 288 00bc BA4DD367 		.ascii	"\272M\323g\306\026\332\270y\330\342\034\267\301\351"
 288      C616DAB8 
 288      79D8E21C 
 288      B7C1E9
 289 00cb 3EDC423A 		.ascii	">\334B:z\221\316\350\027C\037\262\350t\377\373\211\017"
 289      7A91CEE8 
 289      17431FB2 
 289      E874FFFB 
 289      890F
 290 00dd 369E2791 		.ascii	"6\236'\221\337\237\257E\223\022\320\265pz[\255y\302"
 290      DF9FAF45 
 290      9312D0B5 
 290      707A5BAD 
 290      79C2
 291 00ef E22AFA77 		.ascii	"\342*\372w\203U\206\001\011^\2117\257;\3701\011\236"
 291      83558601 
 291      095E8937 
 291      AF3BF831 
 291      099E
 292 0101 9EECFD69 		.ascii	"\236\354\375iO\2007\303\373\333%XCx7Xc\210 K Z\2727"
 292      4F8037C3 
 292      FBDB2558 
 292      43783758 
 292      6388204B 
 293 0119 BEDA7981 		.ascii	"\276\332y\201D\257\365\205\353R3\273$\372i\344\340\345"
 293      44AFF585 
 293      EB5233BB 
 293      24FA69E4 
 293      E0E5
 294 012b 5A73D254 		.ascii	"Zs\322T-n\303\340\277x1\350\370\307\241\315\253\251"
 294      2D6EC3E0 
 294      BF7831E8 
 294      F8C7A1CD 
 294      ABA9
 295 013d 361543C8 		.ascii	"6\025C\310\354\372\353\025\356\300\006\232#\257\020"
 295      ECFAEB15 
 295      EEC0069A 
 295      23AF10
 296 014c 33377F37 		.ascii	"37\1777\222\214\334\037\3033i\302u\352\225\023\267\256"
 296      928CDC1F 
 296      C33369C2 
 296      75EA9513 
 296      B7AE
 297 015e 4228D720 		.ascii	"B(\327 %\260&\202\211<\232\271\"f\276\010\337\350bs"
 297      25B02682 
 297      893C9AB9 
 297      2266BE08 
 297      DFE86273 
 298 0172 639AB829 		.ascii	"c\232\270)\310E6\355\365\361Y]\330\314\245\312\365g"
ARM GAS  C:\Users\CYIRKO~1\AppData\Local\Temp\ccxUXbVV.s 			page 23


 298      C84536ED 
 298      F5F1595D 
 298      D8CCA5CA 
 298      F567
 299 0184 D317522C 		.ascii	"\323\027R,\004k(\253\014\213\333\203d\377]\241\212j"
 299      046B28AB 
 299      0C8BDB83 
 299      64FF5DA1 
 299      8A6A
 300 0196 DD0BBEB0 		.ascii	"\335\013\276\260n\014\230[%\035\303\260\320)3\304=\030"
 300      6E0C985B 
 300      251DC3B0 
 300      D02933C4 
 300      3D18
 301 01a8 EC137CA1 		.ascii	"\354\023|\241Rq\261H\350\346\330\025GN\257L\374MT\361"
 301      5271B148 
 301      E8E6D815 
 301      474EAF4C 
 301      FC4D54F1 
 302 01bc 87ECC296 		.ascii	"\207\354\302\226D\334\367\221\263\223X\337C\034\212"
 302      44DCF791 
 302      B39358DF 
 302      431C8A
 303 01cb 040AA997 		.ascii	"\004\012\251\227$R\210\007\011\362\033\235#\253\016"
 303      24528807 
 303      09F21B9D 
 303      23AB0E
 304 01da 226F95E4 		.ascii	"\"o\225\344\3730\"\311\261e\326\324\324\312k\305\031"
 304      FB3022C9 
 304      B165D6D4 
 304      D4CA6BC5 
 304      19
 305 01eb 11C5D028 		.ascii	"\021\305\320(]\231\214(\214 \245\270U\236\230\363\317"
 305      5D998C28 
 305      8C20A5B8 
 305      559E98F3 
 305      CF
 306 01fc 6ADE5FB2 		.ascii	"j\336_\262\\*\"\033\205S\010ex\010\257\320\235!\235"
 306      5C2A221B 
 306      85530865 
 306      7808AFD0 
 306      9D219D
 307 020f 25AB8536 		.ascii	"%\253\2056F&m4]\\u'z\331\026j\373G(\022\002\037\355"
 307      46266D34 
 307      5D5C7527 
 307      7AD9166A 
 307      FB472812 
 308 0226 1528F40B 		.ascii	"\025(\364\013\215\217\377\257ql[#\306\341\334\311\244"
 308      8D8FFFAF 
 308      716C5B23 
 308      C6E1DCC9 
 308      A4
 309 0237 EDB5643E 		.ascii	"\355\265d> \236Vr\220j1\301\210't9[B}\350K\200\313f"
 309      209E5672 
 309      906A31C1 
 309      88277439 
 309      5B427DE8 
ARM GAS  C:\Users\CYIRKO~1\AppData\Local\Temp\ccxUXbVV.s 			page 24


 310 024f 08118D7E 		.ascii	"\010\021\215~{\247S\243\344v\212_\020#N\015R\206\304"
 310      7BA753A3 
 310      E4768A5F 
 310      10234E0D 
 310      5286C4
 311 0262 63F154B6 		.ascii	"c\361T\266L\021-\005 \217\213\321Dg\350Y(\214\031\005"
 311      4C112D05 
 311      208F8BD1 
 311      4467E859 
 311      288C1905 
 312 0276 F985C7DD 		.ascii	"\371\205\307\335eg\312NU\237+.\363\024\272\304\332S"
 312      6567CA4E 
 312      559F2B2E 
 312      F314BAC4 
 312      DA53
 313 0288 E5CC3B6A 		.ascii	"\345\314;jx\252\014wQ\271Qu\326%\346\323%\347\253s]"
 313      78AA0C77 
 313      51B95175 
 313      D625E6D3 
 313      25E7AB73 
 314 029d 4CA5A952 		.ascii	"L\245\251Rw\271\213**J\3125\332\270*5Oy\261\253\362"
 314      77B98B2A 
 314      2A4ACA35 
 314      DAB82A35 
 314      4F79B1AB 
 315 02b2 0FB09348 		.ascii	"\017\260\223H\020"
 315      10
 316              		.text
 317              		.section	.gnu.lto_.symbol_nodes.df53d915,"",%progbits
 318 0000 789C55C9 		.ascii	"x\234U\311\313\015\3020\024D\321\3618\316\307i\212T"
 318      CB0DC230 
 318      1444D1F1 
 318      38CEC769 
 318      8A54
 319 0012 365E5000 		.ascii	"6^P\000\005\360\307\022Bt@\021\251\001\032A\030g\223"
 319      05F0C712 
 319      42744011 
 319      A9011A41 
 319      186793
 320 0025 B7BAD2B9 		.ascii	"\267\272\322\271\001Dp\000\270\247\200\335\014\224\274"
 320      01447000 
 320      B8A780DD 
 320      0C94BC
 321 0034 D254E440 		.ascii	"\322T\344@9+G\212VN\224\267r\246\032+\027*X\271R\255"
 321      392B478A 
 321      564E94B7 
 321      72A61A2B 
 321      172A58B9 
 322 004a 1177A3BA 		.ascii	"\021w\243\272*@J\233\002\231\352\015\334\251\301\300"
 322      2A404A9B 
 322      0299EA0D 
 322      DCA9C1C0 
 323 005a 838A069E 		.ascii	"\203\212\006\236\324\270\006\217\016\371\375u\236=\362"
 323      D4B8068F 
 323      0EF9FD75 
 323      9E3DF2
 324 0069 A7D40FD8 		.ascii	"\247\324\017\330\376\333\304\245a\\\332\306\372\361"
ARM GAS  C:\Users\CYIRKO~1\AppData\Local\Temp\ccxUXbVV.s 			page 25


 324      FEDBC4A5 
 324      615CDAC6 
 324      FAF1
 325 0077 03A63741 		.ascii	"\003\2467A\234"
 325      9C
 326              		.text
 327              		.section	.gnu.lto_.refs.df53d915,"",%progbits
 328 0000 789C6365 		.ascii	"x\234ce`b`d\000\002\000\000I\000\011"
 328      60626064 
 328      00020000 
 328      490009
 329              		.text
 330              		.section	.gnu.lto_.decls.df53d915,"",%progbits
 331 0000 789CAD58 		.ascii	"x\234\255XyP\024W\032\357\327=\3000\014G\320$\226!\273"
 331      79501457 
 331      1AEFD73D 
 331      C0300C47 
 331      D0249621 
 332 0015 AC4B366C 		.ascii	"\254K6lR\021\324]\265R\265)\023b6l\305\\\230\354\326"
 332      5211D45D 
 332      B552B529 
 332      1362366C 
 332      C55C98EC 
 333 002a 2E5B5330 		.ascii	".[S0\214\221\015\207\313\214\331\370\3276 \006OP\020"
 333      8C910D87 
 333      CB8CD9F8 
 333      D7362006 
 333      4F5010
 334 003d 01B91445 		.ascii	"\001\271\024E\220\333[QDD.\005\001E\274\270<\020\017"
 334      90DB5B51 
 334      44442E05 
 334      0145BCB8 
 334      3C100F
 335 0050 3C4039BC 		.ascii	"<@9\274\330\357\035=\335Lfbvk\273|L\277\327\337\367"
 335      D8EF1D3D 
 335      DD4C6662 
 335      766BBB7C 
 335      4CBFD7DF 
 336 0065 FB7EBFEF 		.ascii	"\373~\277\357{\357\365k\3558\236\363\177\225\343\202"
 336      7BEFF56B 
 336      ED389EF3 
 336      7F95E382 
 337 0075 551CE721 		.ascii	"U\034\347!p\3348\\j\216\343\2129\371\322B+\2016\002"
 337      70DC385C 
 337      6A8EE38A 
 337      39F9D242 
 337      2B813602 
 338 0089 ED29B4E7 		.ascii	"\355)\264\347x\020q\034\017M\003M\013\315\005\232\033"
 338      7810711C 
 338      0F4D034D 
 338      0BCD059A 
 338      1B
 339 009a 34776893 		.ascii	"4wh\223\021\367\243\353\3570\006\360\334\327\320^F2"
 339      11F7A3EB 
 339      EF3006F0 
 339      DCD7D05E 
 339      4632
ARM GAS  C:\Users\CYIRKO~1\AppData\Local\Temp\ccxUXbVV.s 			page 26


 340 00ac 3ECFB0B5 		.ascii	">\317\260\265V|\356\301\230\003\363q\2076\031Z7\264"
 340      567CEEC1 
 340      9803F371 
 340      8736195A 
 340      37B4
 341 00be 1E6847A1 		.ascii	"\036hG\241]g\376W\241\365RJ\204\243\3455\206\250\006"
 341      5D67FE57 
 341      A1F5524A 
 341      84A3E535 
 341      86A806
 342 00d1 4B1CECDF 		.ascii	"K\034\354\337\012\315\003\236\377\012Q\334i\360;\314"
 342      0ACD039E 
 342      FF0A51DC 
 342      69F03BCC 
 343 00e1 F079868B 		.ascii	"\360y\206\213\361\035\231v/x\376\033h\336\320\2463\335"
 343      F11D9976 
 343      2F78FE1B 
 343      68DED0A6 
 343      33DD
 344 00f3 BED06642 		.ascii	"\276\320fB\373\035\242\034\376`\241\345\231\215\370"
 344      FB1DA21C 
 344      FE60A1E5 
 344      998DF8
 345 0102 CAD852DC 		.ascii	"\312\330R\334\036\306\313Z\374\347V\342\273Y\211\377"
 345      1EC6CB5A 
 345      FCE756E2 
 345      BB5989FF 
 346 0112 81457C04 		.ascii	"\201E|\004@\032+\361\333-8\\\206\373N\346\343\310\321"
 346      401A2BF1 
 346      DB2D385C 
 346      86FB4EE6 
 346      E3C8D1
 347 0125 845AC673 		.ascii	"\204Z\306s\267\022\357O\026\361\354\376\307x\274\225"
 347      B712EF4F 
 347      16F1ECFE 
 347      C778BC95 
 348 0135 7893ADC4 		.ascii	"x\223\255\304\373\302\"\336\313\020\317\305F<;\260\375"
 348      FBC222DE 
 348      CB10CFC5 
 348      463C3BB0 
 348      FD
 349 0146 12D19CE2 		.ascii	"\022\321\234\342\334\366A\013\200\276J\021_\312\363"
 349      DCF6410B 
 349      80BE4A11 
 349      5FCAF3
 350 0155 0D76AF61 		.ascii	"\015v\257a:q\230\277Z\304\332$\240}kk\216\360]\3502"
 350      3A7198BF 
 350      5AC4DA24 
 350      A07D6B6B 
 350      8EF05DE8 
 351 016a 4E2B72A3 		.ascii	"N+r\243\031F\364/\"\215t\307\245\013!2N\312\300@\245"
 351      1946F42F 
 351      228D74C7 
 351      A50B2132 
 351      4ECAC040 
 352 017f 212479B0 		.ascii	"!$y\260>\317\272<\203$\377\2303R \322\3074\222t\321"
 352      3ECFBA3C 
ARM GAS  C:\Users\CYIRKO~1\AppData\Local\Temp\ccxUXbVV.s 			page 27


 352      8324FF98 
 352      335220D2 
 352      C7349274 
 353 0194 72D11BE2 		.ascii	"r\321\033\342&y#^\016\200\220\322A\001Hi\263\347f~\234"
 353      2679235E 
 353      0E8090D2 
 353      41014869 
 353      B3E7667E 
 354 01a9 2C0E49EA 		.ascii	",\016I\352\037\244\235\352\323t\243N<\2323\017\221\261"
 354      1FA49DEA 
 354      D374A34E 
 354      3C9A330F 
 354      91B1
 355 01bb DCFEE441 		.ascii	"\334\376\344A^\200\362\301}\367X\376G\323\213Dz\251"
 355      5E80F2C1 
 355      7DF758FE 
 355      47D38B44 
 355      7AA9
 356 01cd A7CA693B 		.ascii	"\247\312i;1>R\345\272N@\356\032\304C\267\355\376\251"
 356      313E52E5 
 356      BA4E40EE 
 356      1AC443B7 
 356      EDFEA9
 357 01e0 4C27E84E 		.ascii	"L'\350N\326 7\350\216F\267\037\323LI!^\261\242\033\217"
 357      D62037E8 
 357      8E46B71F 
 357      D34C4921 
 357      5EB1A21B 
 358 01f5 BE7E0515 		.ascii	"\276~\005\025!\017T\210< x1\232\002\177\361\036\205"
 358      210F5488 
 358      3C207831 
 358      9A027FF1 
 358      1E85
 359 0207 91866FA4 		.ascii	"\221\206o\244\354VO\313\021sz\304\252\356\230_\244\304"
 359      EC564FCB 
 359      11737AC4 
 359      AAEE985F 
 359      A4C4
 360 0219 8AF9E0E5 		.ascii	"\212\371\340\345\211\255P\001\022\320N4\0353\206[\370"
 360      89AD5001 
 360      12D04E34 
 360      1D33865B 
 360      F8
 361 022a 9B8FBA11 		.ascii	"\233\217\272\021\332\201\272@O\011\232\006\336\325\265"
 361      DA81BA40 
 361      4F099A06 
 361      DED5B5
 362 0239 17D66A04 		.ascii	"\027\326j\004?B\266uyY\206@9\251\260\266\246\364\253"
 362      3F42B675 
 362      79598640 
 362      39A9B0B6 
 362      A6F4AB
 363 024c 2E949327 		.ascii	".\224\223't;3\357\015\251\204/\210ei\334\265\0025<\362"
 363      743B33EF 
 363      0DA9842F 
 363      886569DC 
 363      B502353C 
ARM GAS  C:\Users\CYIRKO~1\AppData\Local\Temp\ccxUXbVV.s 			page 28


 364 0261 D0A07184 		.ascii	"\320\240q\204\373w\016\2169\323\276R\334\347T\334\252"
 364      FB770E8E 
 364      39D3BE52 
 364      DCE754DC 
 364      AA
 365 0272 ABA5EB1D 		.ascii	"\253\245\353\035\205?\223G\327\2527\364:\251\240\366"
 365      853F9347 
 365      D7AA37F4 
 365      3AA9A0F6 
 366 0282 FB80DA5E 		.ascii	"\373\200\332^,\007\006\323\352\036U8\011\301\304\340"
 366      2C0706D3 
 366      EA1E5538 
 366      09C1C4E0 
 367 0292 F460EF7A 		.ascii	"\364`\357z\02568\000\006o{\240\375H\205\207\357v\364"
 367      15363800 
 367      066F7BA0 
 367      FD488587 
 367      EF76F4
 368 02a5 0EA9856F 		.ascii	"\016\251\205o\211\311\212\356\356\024\036\233\034\002"
 368      89C98AEE 
 368      EE141E9B 
 368      1C02
 369 02b3 93B73CD0 		.ascii	"\223\267<\320Ab\302'\015o\313\322 ou\036\316Z\325H\226"
 369      4162C227 
 369      0D6FCBD2 
 369      206F751E 
 369      CE5AD548 
 370 02c8 67EA619C 		.ascii	"g\352a\234\207#H\315\261$\340k\205(\306\210\367c\242"
 370      872348CD 
 370      B124E06B 
 370      8528C688 
 370      F763A2
 371 02db 85291C9A 		.ascii	"\205)\034\232\345\201|qB\301\004[\240\303\310\033U "
 371      E5817C71 
 371      42C1045B 
 371      A0C3C81B 
 371      5520
 372 02ed 15DA03A9 		.ascii	"\025\332\003\251\336\015\334 V\357\325\255\211\032a"
 372      DE0DDC20 
 372      56EFD5AD 
 372      891A61
 373 02fc 27C281F9 		.ascii	"'\302\201\371\333\333\223V; \265\367\2171P\025\270\332"
 373      DBDB9356 
 373      3B20B5F7 
 373      8F315015 
 373      B8DA
 374 030e 82A184FA 		.ascii	"\202\241\204\372R\355a\012\240\243`T)\227\005\263#9"
 374      52ED610A 
 374      A0A36054 
 374      299705B3 
 374      2339
 375 0320 E8CBBDD8 		.ascii	"\350\313\275\330\247\026\366\222@(\275\342a\243\035"
 375      A716F692 
 375      4028BDE2 
 375      61A31D
 376 032f AD841ABA 		.ascii	"\255\204\032\272\373\357\026\356w\246\225\250\302\217"
 376      FBEF16EE 
ARM GAS  C:\Users\CYIRKO~1\AppData\Local\Temp\ccxUXbVV.s 			page 29


 376      77A695A8 
 376      C28F
 377 033d 6F3E2FBD 		.ascii	"o>/\275\241\022\216R\333\262\303\313\007\\\250m\025"
 377      A1128E52 
 377      DBB2C3CB 
 377      075CA86D 
 377      15
 378 034e AE45DD9D 		.ascii	"\256E\335\235s\015\016\324X\324\342\332\014\026\344"
 378      730D0ED4 
 378      58D4E2DA 
 378      0C16E4
 379 035d 3A08B5D4 		.ascii	":\010\265\324xhS\334J55~\025\272\365\2333~\241\211\307"
 379      786853DC 
 379      4A35357E 
 379      15BAF59B 
 379      337EA189 
 380 0372 F4126345 		.ascii	"\364\022cE\307\217\361p9\220.#\323\254\001\301\266\205"
 380      C78FF170 
 380      39902E23 
 380      D3AC01C1 
 380      B685
 381 0384 7C3C503D 		.ascii	"|<P=M\305\320\356\355IN\302i\012\324Y_P\210\347\312"
 381      4DC5D0EE 
 381      ED494EC2 
 381      690AD459 
 381      5F5088E7 
 382 0399 9B3003E0 		.ascii	"\2330\003\340rUL\2027\351$hK\030\334\346 \234\245\231"
 382      72554C82 
 382      37E92468 
 382      4B18DCE6 
 382      209CA599 
 383 03ad 4B6BECA8 		.ascii	"Kk\354\250V!o\015M\305x\305{i\203\2706\247\221\0065"
 383      56216F0D 
 383      4DC578C5 
 383      7B6983B8 
 383      36A79106 
 384 03c2 C9C97813 		.ascii	"\311\311x\023\357\223\3618\271\204\016g&\203\232!\245"
 384      EF93F138 
 384      B9840E67 
 384      26839A21 
 384      A5
 385 03d3 808BEDD0 		.ascii	"\200\213\355\320)\030<I)\025l[\277\325^\250%k\215\257"
 385      29183C49 
 385      29156C5B 
 385      BFD55EA8 
 385      256B8DAF 
 386 03e7 ADBC745E 		.ascii	"\255\274t^\2054\336V\001\332\254\00002\027\246\325\306"
 386      8534DE56 
 386      01DAAC00 
 386      303217A6 
 386      D5C6
 387 03f9 89228F5A 		.ascii	"\211\"\217Z\201L\213L\3464\226\217\203T\267\254Lq\025"
 387      814C8B4C 
 387      E634968F 
 387      8354B7AC 
 387      4C7115
 388 040c 0A05A2EA 		.ascii	"\012\005\242\352\207\224S%j\241\204t\370\275\033:\356"
ARM GAS  C:\Users\CYIRKO~1\AppData\Local\Temp\ccxUXbVV.s 			page 30


 388      87945325 
 388      6AA18474 
 388      F8BD1B3A 
 388      EE
 389 041d F3B6229E 		.ascii	"\363\266\"\236\263\031\261\373\236W\332Y,\277\035\""
 389      B319B1FB 
 389      9E57DA59 
 389      2CBF1D22 
 390 042d 9E9523B6 		.ascii	"\236\225#\266J\021\237^\257\177M\205\367Sl\020L\346"
 390      4A119F5E 
 390      AF7F4D85 
 390      F7536C10 
 390      4CE6
 391 043f FFBD83AB 		.ascii	"\377\275\203\253\206\235\204\030\025]_I?L\021\022\351"
 391      869D8418 
 391      155D5F49 
 391      3F4C1112 
 391      E9
 392 0450 7D7E676B 		.ascii	"}~gk\214V\330B:S\273\273\033Wj\221\267v\212J;\311k\222"
 392      8C56D842 
 392      3A53BBBB 
 392      1B576A91 
 392      B7768A4A 
 393 0468 9737FEEB 		.ascii	"\2277\376\353\355No\275\275'y\323\370\315\351n1\242"
 393      ED4E6FBD 
 393      BD2779D3 
 393      F8CDE96E 
 393      31A2
 394 047a 88D07DA4 		.ascii	"\210\320}\244E\347\345\360\227\021~-\2572k\201]m\212"
 394      45E7E5F0 
 394      97117E2D 
 394      AF326B81 
 394      5D6D8A
 395 048d 623AC063 		.ascii	"b:\300cfik_\352$\373R\027R\3217\007l5Z\324\001=\005"
 395      66696B5F 
 395      EA24FB52 
 395      1752D137 
 395      076C355A 
 396 04a5 640F9AA4 		.ascii	"d\017\232\244\200\354&\021\271\365d\002\212\342<\025"
 396      80EC2611 
 396      B9F56402 
 396      8AE23C15 
 397 04b5 878EC3C3 		.ascii	"\207\216\303\303j\234\276\207\220\276+`\215\027\324"
 397      6A9CBE87 
 397      90BE2B60 
 397      8D17D4
 398 04c4 35B8BF8A 		.ascii	"5\270\277\212\274P/\362\"kx+\006\254\352\312\366H\212"
 398      BC502FF2 
 398      226B782B 
 398      06ACEACA 
 398      F6488A
 399 04d7 15EB7DD1 		.ascii	"\025\353}\321u\210S\003:\256(\300a\336r\244\030\266"
 399      75885303 
 399      3AAE28C0 
 399      61DE72A4 
 399      18B6
 400 04e9 F08F3107 		.ascii	"\360\2171\007\333\370\317\263\246\016\305\210\251\276"
ARM GAS  C:\Users\CYIRKO~1\AppData\Local\Temp\ccxUXbVV.s 			page 31


 400      DBF8CFB3 
 400      A60EC588 
 400      A9BE
 401 04f7 64C9EE62 		.ascii	"d\311\356b\346l\271\023\364\031\030\234\246\264+\313"
 401      E66CB913 
 401      F419189C 
 401      A6B42BCB 
 402 0507 2D1AA714 		.ascii	"-\032\247\024L\224\233\215By\337\004\345\327'(\217\307"
 402      4C949B8D 
 402      4279DF04 
 402      E5D72728 
 402      8FC7
 403 0519 CC6AE1E1 		.ascii	"\314j\341\341\011\314l\020\330\364Sf\034\272!S\302{"
 403      09CC6C10 
 403      D8F45366 
 403      1CBA2153 
 403      C27B
 404 052b 48A67B92 		.ascii	"H\246{\222\210%\337B\356\250\016(a;\263\243LJ\251Xz"
 404      8825DF42 
 404      EEA80E28 
 404      613BB3A3 
 404      4C4AA958 
 405 0540 CC49A0E8 		.ascii	"\314I\240\350&\004\220p)\375\332LwB\277\177\"\375D\006"
 405      26049070 
 405      29FDDA4C 
 405      7742BF7F 
 405      22FD4406 
 406 0554 E3A942B7 		.ascii	"\343\251B\267\025\2018\034^\332 \254g\367\001\204\030"
 406      1581381C 
 406      5EDA20AC 
 406      67F70184 
 406      18
 407 0565 60E1EEC1 		.ascii	"`\341\356\301\375]\310\356\235\011\331m\316p\247\325"
 407      FD5DC8EE 
 407      9D09D96D 
 407      CE70A7D5 
 408 0575 C3B3F00C 		.ascii	"\303\263\360\014H\031\370/\252\307\275\000\274\355\265"
 408      4819F82F 
 408      AAC7BD00 
 408      BCEDB5
 409 0584 34B16AB9 		.ascii	"4\261j\271@\226t\243UlE\355\206\323\251\370\001\233"
 409      409674A3 
 409      556C45ED 
 409      86D3A9F8 
 409      019B
 410 0596 B5532E04 		.ascii	"\265S.\004t\011\"\312k\201B\234\313 {;N\322\005yAa@"
 410      740922CA 
 410      6B81429C 
 410      CB207B3B 
 410      4ED20579 
 411 05ad C962F075 		.ascii	"\311b\360ul0\004\006\027e\203~b`\255X\312I`\245^#Y^"
 411      6C300406 
 411      1765837E 
 411      6260AD58 
 411      CA4960A5 
 412 05c5 690FF10E 		.ascii	"i\017\361\016\202\327\3231\031\360\012\001\304/\205"
 412      82D7D331 
ARM GAS  C:\Users\CYIRKO~1\AppData\Local\Temp\ccxUXbVV.s 			page 32


 412      19F00A01 
 412      C42F85
 413 05d4 E3770E38 		.ascii	"\343w\0168\252\244EH\267\220\243\225\307\246\332<S\014"
 413      AAA44548 
 413      B790A395 
 413      C7A6DA3C 
 413      530C
 414 05e6 93B5FB08 		.ascii	"\223\265\373\010\261C\305\340\205\2706\225\371P\361"
 414      B143C5E0 
 414      85B83695 
 414      F950F1
 415 05f5 EBDE5DA2 		.ascii	"\353\336]\242\010{\244\250\302v\250T\016Xjy\252\030"
 415      087BA4A8 
 415      C276A854 
 415      0E586A79 
 415      AA18
 416 0607 21A78A8A 		.ascii	"!\247\212\212\256\321l\215PHw\250\304=\273\212\354\011"
 416      AED16C8D 
 416      504877A8 
 416      C43DBB8A 
 416      EC09
 417 0619 97EB662E 		.ascii	"\227\353f.{\033r\275\314\364\306\350+\376\366\366\364"
 417      7B1B72BD 
 417      CCF4C6E8 
 417      2BFEF6F6 
 417      F4
 418 062a 7CDE26C1 		.ascii	"|\336&\301'\204\340c\211\340\223\312\216u\256\214\340"
 418      2784E063 
 418      89E093CA 
 418      8E75AE8C 
 418      E0
 419 063b 95A9506D 		.ascii	"\225\251Pm\330\321`\017\007+4*\323\033\265\244\367\224"
 419      D8D1600F 
 419      072B342A 
 419      D31BB5A4 
 419      F794
 420 064d D0EB7E5E 		.ascii	"\320\353~^\320\343,\354\241\364F;\037\214\361\014\251"
 420      D0E32CEC 
 420      A1F4463B 
 420      1F8CF10C 
 420      A9
 421 065e FA753312 		.ascii	"\372u3\022\026\372LFzf\211\364\234 m\253\331\334\343"
 421      16FA4C46 
 421      7A6689F4 
 421      9C206DAB 
 421      D9DCE3
 422 0671 241CA648 		.ascii	"$\034\246Hqc\275k\035\030R\243\267\031\011\317\236q"
 422      7163BD6B 
 422      1D1852A3 
 422      B71909CF 
 422      9E71
 423 0683 1969DC12 		.ascii	"\031i\334\022I\3441\322\352\226\033w\004\241\211\"m"
 423      49E431D2 
 423      EA961B77 
 423      04A18922 
 423      6D
 424 0694 4F684F46 		.ascii	"OhOF\014\351\361[\023\220\242y3\022\334ND\212!H\211"
ARM GAS  C:\Users\CYIRKO~1\AppData\Local\Temp\ccxUXbVV.s 			page 33


 424      0CE9F15B 
 424      1390A279 
 424      3312DC4E 
 424      448A2148 
 425 06a9 6D31B58E 		.ascii	"m1\265\216B7E\332Q\333\337\252\232\244\334g\254\255"
 425      423745DA 
 425      51DBDFAA 
 425      9AA4DC67 
 425      ACAD
 426 06bb 516EC21A 		.ascii	"Qn\302\032\302'\216\242\313\321.Z\305\022X\316+\267"
 426      C2278EA2 
 426      CBD12E5A 
 426      C51258CE 
 426      2BB7
 427 06cd AF385ECB 		.ascii	"\2578^\313\014\363\036f\214iI%a\214\025\267)\272\243"
 427      0CF31E66 
 427      8C694925 
 427      618C15B7 
 427      29BAA3
 428 06e0 44657E7F 		.ascii	"De~\177\255\340\311\340\226\206\376\"d.\371\017t0{\270"
 428      ADE0C9E0 
 428      9686FE22 
 428      642EF90F 
 428      74307BB8 
 429 06f4 6BA3ED92 		.ascii	"k\243\355\222\257\344q\311\343yV\362\376\312\232\255"
 429      AFE471C9 
 429      E37956F2 
 429      FECA9AAD 
 430 0704 52526E4D 		.ascii	"RRnM7'\005\254P\254\234\224X\313\244\254\"I\021\007"
 430      372705AC 
 430      50AC9C94 
 430      58CBA4AC 
 430      22491107 
 431 0718 1FAC7712 		.ascii	"\037\254w\022\006iR\036U\036\317\266\003\244\036\362"
 431      0669521E 
 431      551ECFB6 
 431      03A41EF2 
 432 0728 329E5B50 		.ascii	"2\236[PvM\214\327\220s5Z-#\255\306H\370f\015A\330\235"
 432      764D8CD7 
 432      9073355A 
 432      2D23ADC6 
 432      48F8660D 
 433 073f 1C93ED22 		.ascii	"\034\223\355\"\214S\204\01397\022\235\030\302\343\337"
 433      8C53840B 
 433      3937129D 
 433      18C2E3DF 
 434 074f A689D574 		.ascii	"\246\211\325t\302\254\225\275\327J\336\353\210w\306"
 434      C2AC95BD 
 434      D74ADEEB 
 434      8877C6
 435 075e 96985F0A 		.ascii	"\226\230_\012k\355\210\363\252\206[w\234\231s\365[f"
 435      6BED88F3 
 435      AA865B77 
 435      9C9973F5 
 435      5B66
 436 0770 E704D939 		.ascii	"\347\004\3319ArN$\316E%\017\2579\011\351\324\2735\271"
 436      41724E24 
ARM GAS  C:\Users\CYIRKO~1\AppData\Local\Temp\ccxUXbVV.s 			page 34


 436      CE45250F 
 436      AF3909E9 
 436      D4BB35B9 
 437 0784 A70C31EF 		.ascii	"\247\0141\357F\352\215\347\305z\331{\275\344\275\201"
 437      46EA8DE7 
 437      C57AD97B 
 437      BDE4BD81 
 438 0794 7AD7A797 		.ascii	"z\327\247\227:\012\345\324\373AK\361-W\346\335&{'\311"
 438      3A0AE5D4 
 438      FB414BF1 
 438      2D57E6DD 
 438      267B27C9 
 439 07a8 DE499277 		.ascii	"\336I\222w2\361\356\036\355\350\322*gB\361\204S\301"
 439      32F1EE1E 
 439      EDE8D22A 
 439      6742F184 
 439      53C1
 440 07ba 465EDA09 		.ascii	"F^\332\011\361-\026\267\357L\227\312\346\2312\205gg"
 440      F12D16B7 
 440      EF4C97CA 
 440      E6993285 
 440      6767
 441 07cc 4A5F727E 		.ascii	"J_r~"
 442 07d0 6B1F3DF2 		.ascii	"k\037=\362X+4\020j\252\236\334\301\333\366\310\333\003"
 442      582B3410 
 442      6AAA9EDC 
 442      C1DBF6C8 
 442      DB03
 443 07e2 210DB43C 		.ascii	"!\015\264<\351\243\211C\351\274\006mb\254\340J\027\001"
 443      E9A38943 
 443      E9BC066D 
 443      62ACE04A 
 443      1701
 444 07f4 FDFEBFF1 		.ascii	"\375\376\277\3610=,\336\337**N\342\251\2747y\304\241"
 444      303D2CDE 
 444      DF2A2A4E 
 444      E2A9BC37 
 444      79C4A1
 445 0807 CDBC074A 		.ascii	"\315\274\007J\343=\300AMF \340\232\201\326T\255\273"
 445      E33DC041 
 445      4D4620E0 
 445      9A81D654 
 445      ADBB
 446 0819 F9BD8608 		.ascii	"\371\275\206\010\266<\3432xw\211$\351\340\017\226'\305"
 446      B63CE332 
 446      78778924 
 446      E9E00F96 
 446      27C5
 447 082b 87D8F1DA 		.ascii	"\207\330\361\332\036\272#\2459\315\3166\345eI\3622y"
 447      1EBA23A5 
 447      39CDCE36 
 447      E56549F2 
 447      3279
 448 083d A2EFE1AA 		.ascii	"\242\357\341\252\270\021\366E\345\200\317j}\031\353"
 448      B811F645 
 448      E580CF6A 
 448      7D19EB
ARM GAS  C:\Users\CYIRKO~1\AppData\Local\Temp\ccxUXbVV.s 			page 35


 449 084c B4F4683E 		.ascii	"\264\364h>\027\272\227Z\212j\235-\311\344\000\351l\036"
 449      17BA975A 
 449      8A6A9D2D 
 449      C9E400E9 
 449      6C1E
 450 085e 836D2164 		.ascii	"\203m!d\262(\231-\204\314\2063\007+xe1\206'\024c+]\226"
 450      B228992D 
 450      84CC8633 
 450      072B7865 
 450      31862714 
 451 0876 F817538D 		.ascii	"\370\027S\215\3559\343 4\323\272g=\333\267\021O\330"
 451      ED39E320 
 451      34D3BA67 
 451      3DDBB711 
 451      4FD8
 452 0888 2A583C1D 		.ascii	"*X<\035\025\302\245\204\223k\304\234hq\036\255g\256"
 452      15C2A584 
 452      936BC49C 
 452      68711EAD 
 452      67AE
 453 089a 5CFE5CCB 		.ascii	"\\\376\\\313\365\263\215L\2035q;\243\035\204\325\366"
 453      F5B38D4C 
 453      8335713B 
 453      A31D84D5 
 453      F6
 454 08ab 04AC2139 		.ascii	"\004\254!9/Y\313\300n7\012w\013W\210-\242\230\3631]"
 454      2F59CBC0 
 454      6E370A77 
 454      0B57882D 
 454      A298F331 
 455 08c0 42DB65B0 		.ascii	"B\333e\260\355\226`y\004,odt\265\213PK\301\342\236\015"
 455      ED966079 
 455      042C6F64 
 455      74B58B50 
 455      4BC1E29E 
 456 08d5 F6B830B0 		.ascii	"\366\2700\260\343\027\205\235\273\257\211\"(\\\016\037"
 456      E317859D 
 456      BBAF8922 
 456      285C0E1F 
 457 08e5 50186D87 		.ascii	"P\030m\207\214\266\303\022-\237\240u\364U\207\010\011"
 457      8CB6C312 
 457      2D9FA075 
 457      F4558708 
 457      09
 458 08f6 0E046C67 		.ascii	"\016\004lgqV\231\213\220I;\253\253\217g\340\027\017"
 458      7156998B 
 458      90493BAB 
 458      AB8F67E0 
 458      170F
 459 0908 DA49260F 		.ascii	"\332I&\017>\312\217u\273\221=\250\325|\260\256)+|\346"
 459      3ECA8F75 
 459      BB913DA8 
 459      D57CB0AE 
 459      292B7CE6 
 460 091c 62FB539B 		.ascii	"b\373S\233lAE\322\026\324\2679\245L\312b\367\200\260"
 460      6C4145D2 
 460      16D4B739 
ARM GAS  C:\Users\CYIRKO~1\AppData\Local\Temp\ccxUXbVV.s 			page 36


 460      A54CCA62 
 460      F780B0
 461 092f AEA08B66 		.ascii	"\256\240\213f\261\236\307\226\250@\342\212\012y\025"
 461      B19EC796 
 461      A840E28A 
 461      0A7915
 462 093e EE597C71 		.ascii	"\356Y|q\023\272\027v\366^\267\027\356R\212\273\366\247"
 462      13BA1776 
 462      F65EB717 
 462      EE528ABB 
 462      F6A7
 463 0950 963BCB65 		.ascii	"\226;\313e\271;\261,\245\262\366RK\2602\002\326r\267"
 463      B93BB12C 
 463      A5B2F652 
 463      4BB03202 
 463      D672B7
 464 0963 628D93F0 		.ascii	"b\215\223\360\224\202\345/_7n/\227eU\361\204\262\224"
 464      9482E52F 
 464      5F376E2F 
 464      976555F1 
 464      84B294
 465 0976 CB60E596 		.ascii	"\313`\345\226`\273\010XO\366\215$g!^M\300NV\346\266"
 465      60BB0858 
 465      4FF68D24 
 465      67215E4D 
 465      C04E56E6 
 466 098b DBC965B9 		.ascii	"\333\311e\271hQ\226\3352\332nK\264=\004\255\266q\260"
 466      685196DD 
 466      32DA6E4B 
 466      B43D04AD 
 466      B671B0
 467 099e DA5948A6 		.ascii	"\332YH\246h\205\373\266\037Bt!8\342\312\234\330[+\320"
 467      6885FBB6 
 467      1F427421 
 467      38E2CA9C 
 467      D85B2BD0 
 468 09b2 85504F5E 		.ascii	"\205PO^\016MC)\032a+\265\275\224{.\003\331\\b\007\245"
 468      0E4D4329 
 468      1A612BB5 
 468      BD947B2E 
 468      03D95C62 
 469 09c8 25564D3F 		.ascii	"%VM?\001S6\267>\321X.\242\375\260\210\366\221Et\210"
 469      015336B7 
 469      3ED1582E 
 469      A2FDB088 
 469      F6914574 
 470 09dd 2C22E244 		.ascii	",\"\342D\316\"M[6;j\330\256\021\377\223\273\006N\310"
 470      CE224D5B 
 470      363B6AD8 
 470      AE11FF93 
 470      BB064EC8 
 471 09f1 99841025 		.ascii	"\231\204\020%t\305OAo\334\266\351\276\353\033\271bK"
 471      74C54F41 
 471      6FDCB6E9 
 471      BEEB1BB9 
 471      624B
 472 0a03 15CC8DEA 		.ascii	"\025\314\215\352\267\313c\252\304\330y\3500\357\216"
ARM GAS  C:\Users\CYIRKO~1\AppData\Local\Temp\ccxUXbVV.s 			page 37


 472      B7CB63AA 
 472      C4D879E8 
 472      30EF8E
 473 0a12 0E40AEE0 		.ascii	"\016@\256\340\340\241p\335\013#\013ab\036\341\337\300"
 473      E0A170DD 
 473      0B230B61 
 473      621EE1DF 
 473      C0
 474 0a23 FF9F9179 		.ascii	"\377\237\221y\352\261\223PH\325wl\271>\252\261\251\376"
 474      EAB19350 
 474      48D5776C 
 474      B93EAAB1 
 474      A9FE
 475 0a35 A8A43E9B 		.ascii	"\250\244>\2332\274\231\337R\313[\252\227O\311U\204\342"
 475      32BC99DF 
 475      52CB5BAA 
 475      974FC955 
 475      84E2
 476 0a47 518962E3 		.ascii	"Q\211b\343I\361\274\203\245 \233\326\203\247\217\364"
 476      49F1BC83 
 476      A5209BD6 
 476      83A78FF4 
 477 0a57 6B98A0B6 		.ascii	"k\230\240\266\327\243s\252\242=\3211&\007N?\012\307"
 477      D7A373AA 
 477      A23DD131 
 477      26074E3F 
 477      0AC7
 478 0a69 4A26A79A 		.ascii	"J&\247\232\3109\374h8V\020\016R9\361u]\355\254\360/"
 478      C839FC68 
 478      3856100E 
 478      5239F175 
 478      5DEDACF0 
 479 0a7e E1775153 		.ascii	"\341wQS\335eV\370x\244\370\177/w\372\377^\345y\317/"
 479      DD6556F8 
 479      78A4F87F 
 479      2F77FAFF 
 479      5EE579CF 
 480 0a93 BBD8145F 		.ascii	"\273\330\024_'\211\257\245\342\333J/%:Z\212?\001I\256"
 480      2789AFA5 
 480      E2DB4A2F 
 480      253A5A8A 
 480      3F0149AE 
 481 0aa7 2149AE27 		.ascii	"!I\256'r\352$9\217\216\256{do)\336\246uz\361\203x\236"
 481      72EA2439 
 481      8F8EAE7B 
 481      646F29DE 
 481      A6757AF1 
 482 0abe 89BFE84D 		.ascii	"\211\277\350M\30570\361p`S8\036g\342\033\211\370\201"
 482      C53730F1 
 482      70605338 
 482      1E67E21B 
 482      89F881
 483 0ad1 03452B35 		.ascii	"\003E+5B\035\025_\336\363\364\260\212\252\303\273\367"
 483      421D155F 
 483      DEF3F4B0 
 483      8AAAC3BB 
 483      F7
ARM GAS  C:\Users\CYIRKO~1\AppData\Local\Temp\ccxUXbVV.s 			page 38


 484 0ae2 504DFE90 		.ascii	"PM\376\220+\025\237\210\305\347U6\216\330.u\263\244"
 484      2B159F88 
 484      C5E75536 
 484      8ED82E75 
 484      B3A4
 485 0af4 B686AA1D 		.ascii	"\266\206\252\035i\314,\374\321\333\242\011h\234\"4N"
 485      69CC2CFC 
 485      D1DBA209 
 485      689C2234 
 485      4E
 486 0b05 13FECD12 		.ascii	"\023\376\315\022\377\362\304\343S-\305\3324\3368\266"
 486      FFF2C4E3 
 486      532DC5DA 
 486      34DE38B6 
 487 0b15 BCCD8189 		.ascii	"\274\315\201\211m|\233\212mab\341L\251p<\311\304\266"
 487      6D7C9B8A 
 487      6D6162E1 
 487      4CA9703C 
 487      C9C4B6
 488 0b28 12B1A525 		.ascii	"\022\261\245%\003\327\354\224\257\243\333\023>r\333"
 488      03D7EC94 
 488      AFA3DB13 
 488      3E72DB
 489 0b37 D8EBA88D 		.ascii	"\330\353\250\215\274\216\366\246\236\337\357\344\256"
 489      BC8EF6A6 
 489      9EDFEFE4 
 489      AE
 490 0b44 F8A4C447 		.ascii	"\370\244\304GJ\353\237\224\350\014y\333\235H?\324\351"
 490      4AEB9F94 
 490      E80C79DB 
 490      9D483FD4 
 490      E9
 491 0b55 2AB4D35C 		.ascii	"*\264\323\\><\270\3421{\017O\302\257\240\230\265;\330"
 491      3E3CB8E2 
 491      317B0F4F 
 491      C2AFA098 
 491      B53BD8
 492 0b68 AB3415E7 		.ascii	"\2534\025\347\362fI\315!\3333\247C\312\345)\232\313"
 492      F26649CD 
 492      21DB33A7 
 492      43CAE529 
 492      9ACB
 493 0b7a 94731713 		.ascii	"\224s\027\023~\264l\316\201\312v\242\362<IO\207\224"
 493      7EB46CCE 
 493      81CA76A2 
 493      F23C494F 
 493      8794
 494 0b8c 9EB3EDB7 		.ascii	"\236\263\355\267\363]-\223i\323\2729oC\213y\331\370"
 494      F35D2D93 
 494      69D3BA39 
 494      6F438B79 
 494      D9F8
 495 0b9e D0645E60 		.ascii	"\320d^`\311\204\263\250\302\361,K\346E\376\015\316\301"
 495      C984B3A8 
 495      C2F12C4B 
 495      E645FE0D 
 495      CEC1
ARM GAS  C:\Users\CYIRKO~1\AppData\Local\Temp\ccxUXbVV.s 			page 39


 496 0bb0 F0BDC93F 		.ascii	"\360\275\311?\"\324\244\376\343\247_y\372\315\230\301"
 496      22D4A4FE 
 496      E3A75F79 
 496      FACD98C1 
 497 0bc0 F9CC7F37 		.ascii	"\371\314\1777\320oqhph\200iiHhd\240\036\337G\032g\314"
 497      D06F7168 
 497      70688069 
 497      69486864 
 497      A01EDF47 
 498 0bd7 99ED1369 		.ascii	"\231\355\023i\364Y\034\024\346c\214\322\343_\035xN\327"
 498      F4591C14 
 498      E6638CD2 
 498      E35F1D78 
 498      4ED7
 499 0be9 73CEF0F3 		.ascii	"s\316\360\363Y\360?\014z\002cg4\005\231\014\232\371"
 499      59F03F0C 
 499      7A026367 
 499      3405990C 
 499      9AF9
 500 0bfb 7F59A87B 		.ascii	"\177Y\250{\337o\241\377\327\363\325\3706`\341g\237\223"
 500      DF6FA1FF 
 500      D7F3D5F8 
 500      3660E167 
 500      9F93
 501 0c0d B1AF3EF5 		.ascii	"\261\257>\365\377\324\177\341\254\027\206\010\215\320"
 501      FFD47FE1 
 501      AC178608 
 501      8DD0
 502 0c1b 872D0D31 		.ascii	"\207-\0151\230\303,\3464\360C\260u&G@\3720*\364;C\224"
 502      98C32CE6 
 502      34F043B0 
 502      75264740 
 502      FA302AF4 
 503 0c32 BD3E3262 		.ascii	"\275>2bQ\3507j\375\342\240\210\010C\230Q\025\036\031"
 503      51E8376A 
 503      FDE2A088 
 503      08439851 
 503      151E19
 504 0c45 62D0E874 		.ascii	"b\320\350tKC#L\263f\352L\213\014\357Rp#\015d\212\214"
 504      4B43234C 
 504      B366EA4C 
 504      8B0CEF52 
 504      70230D64 
 505 0c5b 0C33067E 		.ascii	"\0143\006~\023\261\324\223\334y\006E\205{\032\302\203"
 505      13B1D493 
 505      DC790645 
 505      857B1AC2 
 505      83
 506 0c6c 0D212186 		.ascii	"\015!!\206\220\300\331\323gy\316\364\2351\347\2373\002"
 506      90C0D9D3 
 506      6779CEF4 
 506      9D31E79F 
 506      3302
 507 0c7e 61FC9D88 		.ascii	"a\374\235\210\310\010\303;\206\240\340\320@F&0<\010"
 507      C808C33B 
 507      86A0E0D0 
 507      40462630 
ARM GAS  C:\Users\CYIRKO~1\AppData\Local\Temp\ccxUXbVV.s 			page 40


 507      3C08
 508 0c90 B0220C81 		.ascii	"\260\"\014\201\272\020\303\242\240\245a&\235i\331\022"
 508      BA10C3A2 
 508      A0A56126 
 508      9D69D912 
 509 0ca0 8311B8A9 		.ascii	"\203\021\270\251\245x\177\373\277\3063.3\006\352\214"
 509      A5787FFB 
 509      BFC6332E 
 509      3306EA8C 
 510 0cb0 A6100087 		.ascii	"\246\020\000\207 \274>Xk\370~\011\223\2523}\364\302"
 510      20BC3E58 
 510      6BF87E09 
 510      93AA337D 
 510      F4C2
 511 0cc2 242E898C 		.ascii	"$.\211\2142\031}\002\026.\2305\323\347\223O>\364\201"
 511      32197D02 
 511      162E9835 
 511      D3E7934F 
 511      3EF481
 512 0cd5 B4F97F37 		.ascii	"\264\371\1777C\312\251.,,\004`q\371\364Aaa\301A\372"
 512      43CAA92E 
 512      2C2C0460 
 512      71F9F441 
 512      6161C141 
 513 0cea 6F752637 		.ascii	"ou&7\260\361\243\021\374Hjq\256\351\235\032\014\003"
 513      B0F1A311 
 513      FC486A71 
 513      AEE99D1A 
 513      0C03
 514 0cfc 4C415126 		.ascii	"LAQ&\007r\023\271\304\015~\231\355\374\210\240\3400"
 514      077213B9 
 514      C40D7E99 
 514      EDFC88A0 
 514      E030
 515 0d0e C34BF2C0 		.ascii	"\303K\362\300\207\241F<\342\216M\015\322\340\002(\216"
 515      87A1463C 
 515      E28E4D0D 
 515      D2E00228 
 515      8E
 516 0d1f BF9685D6 		.ascii	"\277\226\205\326\205\302lq\226:F\014\254\225{\221K^"
 516      85C26C71 
 516      963A460C 
 516      AC957B91 
 516      4B5E
 517 0d31 913A9260 		.ascii	"\221:\222`\003\211\361\252\345p\010\215\244\202~\224"
 517      0389F1AA 
 517      E570088D 
 517      A4827E94 
 518 0d41 53A43128 		.ascii	"S\2441(,`\231\361\223H\375\267\276/L\0176\366\2112\221"
 518      2C6099F1 
 518      9348FDB7 
 518      BE2F4C0F 
 518      36F68932 
 519 0d56 5F4884A3 		.ascii	"_H\204\243~\361\317r\005\017iv\352\027C\211\260+\316"
 519      7EF1CF72 
 519      050F6976 
 519      EA174389 
ARM GAS  C:\Users\CYIRKO~1\AppData\Local\Temp\ccxUXbVV.s 			page 41


 519      B02BCE
 520 0d69 B42E0C5C 		.ascii	"\264.\014\\\337\373IW}dxxd\004\253\313\373_.\360[\360"
 520      DFFB4957 
 520      7D647878 
 520      6404ABCB 
 520      FB5F2EF0 
 521 0d7f 3D60E823 		.ascii	"=`\350#\243\014\272\357\346\204\343b\350tF\203I\367"
 521      A30CBAEF 
 521      E684E362 
 521      E8744683 
 521      49F7
 522 0d91 C1FB01F3 		.ascii	"\301\373\001\363?\377\322\3379(\354_A\313\214\220\251"
 522      3FFFD2DF 
 522      3928EC5F 
 522      41CB8C90 
 522      A9
 523 0da2 3098761F 		.ascii	"0\230v\037\374\034h\310\216\217\337\202\000\377\000"
 523      FC1C68C8 
 523      8E8FDF82 
 523      00FF00
 524 0db1 9963B831 		.ascii	"\231c\2701\324\250\373F\257\307\360,?_E`\256ND0\273"
 524      D4A8FB46 
 524      AFC7F02C 
 524      3F5F4560 
 524      AE4E4430 
 525 0dc6 270A9692 		.ascii	"'\012\226\222{ \261hi\204^\247\233>g\356\354\331j\251"
 525      7B20B168 
 525      69845EA7 
 525      9B3E67EE 
 525      ECD96AA9 
 526 0dda A71C9EE3 		.ascii	"\247\034\236\343;\241\367{eo\356\204gs\347\374\007\232"
 526      3BA1F77B 
 526      656FEE84 
 526      6773E7FC 
 526      079A
 527 0dec DD507B   		.ascii	"\335P{"
 528              		.text
 529              		.section	.gnu.lto_.symtab.df53d915,"",%progbits
 530 0000 65787449 		.ascii	"extInit\000"
 530      6E697400 
 531 0008 00       		.ascii	"\000"
 532 0009 00       		.ascii	"\000"
 533 000a 00       		.ascii	"\000"
 534 000b 00000000 		.ascii	"\000\000\000\000\000\000\000\000"
 534      00000000 
 535 0013 AE000000 		.ascii	"\256\000\000\000"
 536 0017 6578744F 		.ascii	"extObjectInit\000"
 536      626A6563 
 536      74496E69 
 536      7400
 537 0025 00       		.ascii	"\000"
 538 0026 00       		.ascii	"\000"
 539 0027 00       		.ascii	"\000"
 540 0028 00000000 		.ascii	"\000\000\000\000\000\000\000\000"
 540      00000000 
 541 0030 F7000000 		.ascii	"\367\000\000\000"
 542 0034 65787453 		.ascii	"extStart\000"
ARM GAS  C:\Users\CYIRKO~1\AppData\Local\Temp\ccxUXbVV.s 			page 42


 542      74617274 
 542      00
 543 003d 00       		.ascii	"\000"
 544 003e 00       		.ascii	"\000"
 545 003f 00       		.ascii	"\000"
 546 0040 00000000 		.ascii	"\000\000\000\000\000\000\000\000"
 546      00000000 
 547 0048 FC000000 		.ascii	"\374\000\000\000"
 548 004c 65787453 		.ascii	"extStop\000"
 548      746F7000 
 549 0054 00       		.ascii	"\000"
 550 0055 00       		.ascii	"\000"
 551 0056 00       		.ascii	"\000"
 552 0057 00000000 		.ascii	"\000\000\000\000\000\000\000\000"
 552      00000000 
 553 005f FE000000 		.ascii	"\376\000\000\000"
 554 0063 65787443 		.ascii	"extChannelEnable\000"
 554      68616E6E 
 554      656C456E 
 554      61626C65 
 554      00
 555 0074 00       		.ascii	"\000"
 556 0075 00       		.ascii	"\000"
 557 0076 00       		.ascii	"\000"
 558 0077 00000000 		.ascii	"\000\000\000\000\000\000\000\000"
 558      00000000 
 559 007f 00010000 		.ascii	"\000\001\000\000"
 560 0083 65787443 		.ascii	"extChannelDisable\000"
 560      68616E6E 
 560      656C4469 
 560      7361626C 
 560      6500
 561 0095 00       		.ascii	"\000"
 562 0096 00       		.ascii	"\000"
 563 0097 00       		.ascii	"\000"
 564 0098 00000000 		.ascii	"\000\000\000\000\000\000\000\000"
 564      00000000 
 565 00a0 02010000 		.ascii	"\002\001\000\000"
 566 00a4 65787453 		.ascii	"extSetChannelModeI\000"
 566      65744368 
 566      616E6E65 
 566      6C4D6F64 
 566      654900
 567 00b7 00       		.ascii	"\000"
 568 00b8 00       		.ascii	"\000"
 569 00b9 00       		.ascii	"\000"
 570 00ba 00000000 		.ascii	"\000\000\000\000\000\000\000\000"
 570      00000000 
 571 00c2 0A010000 		.ascii	"\012\001\000\000"
 572 00c6 6578745F 		.ascii	"ext_lld_init\000"
 572      6C6C645F 
 572      696E6974 
 572      00
 573 00d3 00       		.ascii	"\000"
 574 00d4 02       		.ascii	"\002"
 575 00d5 00       		.ascii	"\000"
 576 00d6 00000000 		.ascii	"\000\000\000\000\000\000\000\000"
ARM GAS  C:\Users\CYIRKO~1\AppData\Local\Temp\ccxUXbVV.s 			page 43


 576      00000000 
 577 00de 0C010000 		.ascii	"\014\001\000\000"
 578 00e2 6578745F 		.ascii	"ext_lld_start\000"
 578      6C6C645F 
 578      73746172 
 578      7400
 579 00f0 00       		.ascii	"\000"
 580 00f1 02       		.ascii	"\002"
 581 00f2 00       		.ascii	"\000"
 582 00f3 00000000 		.ascii	"\000\000\000\000\000\000\000\000"
 582      00000000 
 583 00fb 0E010000 		.ascii	"\016\001\000\000"
 584 00ff 6578745F 		.ascii	"ext_lld_stop\000"
 584      6C6C645F 
 584      73746F70 
 584      00
 585 010c 00       		.ascii	"\000"
 586 010d 02       		.ascii	"\002"
 587 010e 00       		.ascii	"\000"
 588 010f 00000000 		.ascii	"\000\000\000\000\000\000\000\000"
 588      00000000 
 589 0117 10010000 		.ascii	"\020\001\000\000"
 590 011b 6578745F 		.ascii	"ext_lld_channel_enable\000"
 590      6C6C645F 
 590      6368616E 
 590      6E656C5F 
 590      656E6162 
 591 0132 00       		.ascii	"\000"
 592 0133 02       		.ascii	"\002"
 593 0134 00       		.ascii	"\000"
 594 0135 00000000 		.ascii	"\000\000\000\000\000\000\000\000"
 594      00000000 
 595 013d 12010000 		.ascii	"\022\001\000\000"
 596 0141 6578745F 		.ascii	"ext_lld_channel_disable\000"
 596      6C6C645F 
 596      6368616E 
 596      6E656C5F 
 596      64697361 
 597 0159 00       		.ascii	"\000"
 598 015a 02       		.ascii	"\002"
 599 015b 00       		.ascii	"\000"
 600 015c 00000000 		.ascii	"\000\000\000\000\000\000\000\000"
 600      00000000 
 601 0164 14010000 		.ascii	"\024\001\000\000"
 602              		.text
 603              		.section	.gnu.lto_.opts,"",%progbits
 604 0000 272D666D 		.ascii	"'-fmath-errno' '-fsigned-zeros' '-ftrapping-math' '"
 604      6174682D 
 604      6572726E 
 604      6F272027 
 604      2D667369 
 605 0033 2D666E6F 		.ascii	"-fno-trapv' '-fno-openmp' '-fno-openacc' '-mcpu=cor"
 605      2D747261 
 605      70762720 
 605      272D666E 
 605      6F2D6F70 
 606 0066 7465782D 		.ascii	"tex-m7' '-mno-thumb-interwork' '-mthumb' '-ggdb' '-"
ARM GAS  C:\Users\CYIRKO~1\AppData\Local\Temp\ccxUXbVV.s 			page 44


 606      6D372720 
 606      272D6D6E 
 606      6F2D7468 
 606      756D622D 
 607 0099 4F322720 		.ascii	"O2' '-fomit-frame-pointer' '-falign-functions=16' '"
 607      272D666F 
 607      6D69742D 
 607      6672616D 
 607      652D706F 
 608 00cc 2D666675 		.ascii	"-ffunction-sections' '-fdata-sections' '-fno-common"
 608      6E637469 
 608      6F6E2D73 
 608      65637469 
 608      6F6E7327 
 609 00ff 2720272D 		.ascii	"' '-flto'\000"
 609      666C746F 
 609      2700
 610              		.text
 611              		.comm	__gnu_lto_v1,1,1
 612              		.comm	__gnu_lto_slim,1,1
 613              		.ident	"GCC: (GNU Tools for ARM Embedded Processors 6-2017-q1-update) 6.3.1 20170215 (release) [AR
ARM GAS  C:\Users\CYIRKO~1\AppData\Local\Temp\ccxUXbVV.s 			page 45


DEFINED SYMBOLS
                            *ABS*:00000000 hal_ext.c
                            *COM*:00000001 __gnu_lto_v1
                            *COM*:00000001 __gnu_lto_slim

NO UNDEFINED SYMBOLS
