ARM GAS  C:\Users\CYIRKO~1\AppData\Local\Temp\cc9pLuQj.s 			page 1


   1              		.cpu cortex-m7
   2              		.eabi_attribute 20, 1
   3              		.eabi_attribute 21, 1
   4              		.eabi_attribute 23, 3
   5              		.eabi_attribute 24, 1
   6              		.eabi_attribute 25, 1
   7              		.eabi_attribute 26, 1
   8              		.eabi_attribute 30, 2
   9              		.eabi_attribute 34, 1
  10              		.eabi_attribute 18, 4
  11              		.file	"hal_pal.c"
  12              		.text
  13              	.Ltext0:
  14              		.section	.gnu.lto_.profile.df53c4b0,"",%progbits
  15 0000 789C6365 		.ascii	"x\234ce`b`a```d\320\220\001\000\000\354\000Q"
  15      60626061 
  15      60606064 
  15      D0900100 
  15      00EC0051 
  16              		.text
  17              		.section	.gnu.lto_.icf.df53c4b0,"",%progbits
  18 0000 789C6365 		.ascii	"x\234ce`b\020a@\000f\206\343\227n\235fc\334\276\377"
  18      60621061 
  18      40006686 
  18      E3976E9D 
  18      6663DCBE 
  19 0015 D00F76A6 		.ascii	"\320\017v\246u;\036\256\342e\000\000hQ\011\233"
  19      753B1EAE 
  19      E2650000 
  19      6851099B 
  20              		.text
  21              		.section	.gnu.lto_.jmpfuncs.df53c4b0,"",%progbits
  22 0000 789C6365 		.ascii	"x\234ce`bPb@\000f\006FF\306zF&FF\346\372z&0\305\310"
  22      60625062 
  22      40006606 
  22      4646C67A 
  22      46264646 
  23 001b 069162AA 		.ascii	"\006\221b\252d\004Q\0009\324\002\300"
  23      64045100 
  23      39D402C0 
  24              		.text
  25              		.section	.gnu.lto_.inline.df53c4b0,"",%progbits
  26 0000 789C6365 		.ascii	"x\234ce`b\370\316\200\000\314\014\014\234\034\214\314"
  26      6062F8CE 
  26      8000CC0C 
  26      0C9C1C8C 
  26      CC
  27 0011 0C0A8C20 		.ascii	"\014\012\214 &\210t\000\223\012\034l\037\364\030\330"
  27      26887400 
  27      930A1C6C 
  27      1FF418D8 
  28 0021 16C83331 		.ascii	"\026\310310\276`g\201\220 \202\003\314\344\000\021\002"
  28      30BE6067 
  28      81902082 
  28      03CCE400 
  28      1102
  29 0033 60A600C8 		.ascii	"`\246\000\310\030F\006>^F\026\210)\214@\022b\224\002"
ARM GAS  C:\Users\CYIRKO~1\AppData\Local\Temp\cc9pLuQj.s 			page 2


  29      1846063E 
  29      5E461688 
  29      298C4012 
  29      629402
  30 0046 C4406EA6 		.ascii	"\304@n\246\013\374\030F\001\305P\014aY /\001b)010\357"
  30      0BFC1846 
  30      01C5500C 
  30      6159202F 
  30      01622930 
  31 005d 10576000 		.ascii	"\020W`\000Zo\0012\231\211\201[\030\305}PC9\201r\304"
  31      5A6F0132 
  31      9989815B 
  31      18C57D50 
  31      43398172 
  32 0072 390F6893 		.ascii	"9\017h\223\004\310$\026^\240w'\370\201 \003\000\006"
  32      04C82416 
  32      5EA07727 
  32      F8812003 
  32      0006
  33 0084 0820CB   		.ascii	"\010 \313"
  34              		.text
  35              		.section	.gnu.lto_.pureconst.df53c4b0,"",%progbits
  36 0000 789C6365 		.ascii	"x\234ce`b`g```f\220b\224b\222\004\000\001\307\000b"
  36      60626067 
  36      60606066 
  36      90629462 
  36      92040001 
  37              		.text
  38              		.section	.gnu.lto_palReadBus.df53c4b0,"",%progbits
  39 0000 789C9591 		.ascii	"x\234\225\221\277O\024Q\020\307\347\373fowO\320\177"
  39      BF4F1451 
  39      10C7E7FB 
  39      666F774F 
  39      D07F
  40 0012 408A2B4C 		.ascii	"@\212+L\010\215\033M\320\304\226\350?`KB\340,\270\204"
  40      088D1B4D 
  40      D0C496E8 
  40      3F604B42 
  40      E02CB884 
  41 0026 E48C2B35 		.ascii	"\344\214+5\357V@\205(\306\250\207\302\271\205\022D\345"
  41      EF564085 
  41      28C6A887 
  41      C2B98512 
  41      44E5
  42 0038 A73F0AAA 		.ascii	"\247?\012\252\013\230\230\220\250@ce$hs\211\026^cc\320"
  42      0B989890 
  42      A8406365 
  42      24687389 
  42      165E6363 
  43 004d 9977905C 		.ascii	"\231w\220\\aC\261\363f\336\314|f\276\3732d(6D\235Dt"
  43      6143B1F3 
  43      66DECC7C 
  43      66BEFB32 
  43      64283644 
  44 0064 5C3E30C1 		.ascii	"\\>0\301\334\371HT\012\015\240\216\015AC\006C\230\340"
  44      DCF94854 
  44      0A0DA08E 
ARM GAS  C:\Users\CYIRKO~1\AppData\Local\Temp\cc9pLuQj.s 			page 3


  44      0D414306 
  44      4398E0
  45 0077 32636B78 		.ascii	"2ckxi\232os*e\236\204\277><\372vLC '\341\224\335\276"
  45      699A6F73 
  45      2A659E84 
  45      BF3E3CFA 
  45      764C4320 
  46 0090 1974CC5A 		.ascii	"\031t\314Z\233\330j\371\256\377xe\323fS6\364P\312\237"
  46      9BD86AF9 
  46      AEFF7865 
  46      D3665336 
  46      F450CA9F 
  47 00a4 A10DB368 		.ascii	"\241\015\263h\323\031s\350\220\342\221\255\362(\363"
  47      D31973E8 
  47      90E291AD 
  47      F228F3
  48 00b3 6990F85F 		.ascii	"i\220\370_\276\356\314\205\3553\256\361\335=\266'Rf"
  48      BEEECC85 
  48      ED33AEF1 
  48      DD3DB627 
  48      5266
  49 00c5 3C073737 		.ascii	"<\00777\312\025\341\005\332\265~wy\357\376Q\337{\302"
  49      CA15E105 
  49      DAB57E77 
  49      79EFFE51 
  49      DF7BC2
  50 00d8 A46C41BE 		.ascii	"\244lA\276\204\0179\027\267Q\265{\177\257\333\352\217"
  50      840F3917 
  50      B751B57B 
  50      7FAFDBEA 
  50      8F
  51 00e9 A7A85CC8 		.ascii	"\247\250\\\310\212\006\351`\351\365<1\231\214\030\337"
  51      8A06E960 
  51      E9F53C31 
  51      998C18DF 
  52 00f9 572F5013 		.ascii	"W/P\023\222nGc\202P\251\343\022\310\3115$\253\265[\353"
  52      926E4763 
  52      8250A9E3 
  52      12C8C935 
  52      24ABB55B 
  53 010e BE522BAC 		.ascii	"\276R+\254\262\037\214\254}\012T'\273u\177\277\337\270"
  53      B21F8CAC 
  53      7D0A5427 
  53      BB757FBF 
  53      DFB8
  54 0120 D19AA252 		.ascii	"\321\232\242R\262\326\346R\016*l0\257\332$7\363=Y\010"
  54      B2D6E652 
  54      0E2A6C30 
  54      AFDA2437 
  54      F33D5908 
  55 0134 A279DB48 		.ascii	"\242y\333H\205X@\212I\335\221\260\210\210jX[\3156\300"
  55      8558408A 
  55      49DD91B0 
  55      88886A58 
  55      5BCD36C0 
  56 0148 5E3338FC 		.ascii	"^38\374\0378+\323\261\264\017\376\\\257\257\267\012"
  56      1F382BD3 
ARM GAS  C:\Users\CYIRKO~1\AppData\Local\Temp\cc9pLuQj.s 			page 4


  56      B1B40FFE 
  56      5CAFAFB7 
  56      0A
  57 0159 78B8A4A9 		.ascii	"x\270\244\251#Xv`U\215\025\007N\016\300\231C\255\330"
  57      23587660 
  57      558D1507 
  57      4E0EC099 
  57      43ADD8
  58 016c 82578E64 		.ascii	"\202W\216d\224\364\332\221\256\325G\321@\351\232\002"
  58      94F4DA91 
  58      AED547D1 
  58      40E99A02 
  59 017c 6CA60787 		.ascii	"l\246\007\207\242\033\274qt\367Jo\033\364?\007\364\320"
  59      A21BBC71 
  59      74F74A6F 
  59      1BF43F07 
  59      F4D0
  60 018e 0D08E827 		.ascii	"\015\010\350'\222\334\376\215\376\2501Q%\357 \013E\347"
  60      92DCFE8D 
  60      FEA83151 
  60      25EF200B 
  60      45E7
  61 01a0 CF7577F5 		.ascii	"\317uw\365\027\372\012\027\257\016^*\024\273\363\352"
  61      17FA0A17 
  61      AF0E5E2A 
  61      14BBF3EA 
  62 01b0 17E35367 		.ascii	"\027\343Sg\317D\3058\352\357\035\210\342+y={.\367\016"
  62      CF44C538 
  62      EAEF1D88 
  62      E22B793D 
  62      7B2EF70E 
  63 01c4 9CCC13F7 		.ascii	"\234\314\023\367\015\306\377\000\237i\317\302"
  63      0DC6FF00 
  63      9F69CFC2 
  64              		.text
  65              		.section	.gnu.lto_palWriteBus.df53c4b0,"",%progbits
  66 0000 789C9553 		.ascii	"x\234\225SMh\023A\024\236og\263?\311F=\012\366\320\203"
  66      4D681341 
  66      149E6F67 
  66      B33FC946 
  66      3D0AF6D0 
  67 0015 107A71D1 		.ascii	"\020zq\321C\205^E\217^\274\026\244\211\207\006\012\021"
  67      43855E45 
  67      8F5EBC16 
  67      A4898706 
  67      0A11
  68 0027 D39EBB89 		.ascii	"\323\236\273\211M*-UA\232T\351\262\242\324\032\265\177"
  68      4D2A2D55 
  68      419A54E9 
  68      B2A2D41A 
  68      B57F
  69 0039 FEA70709 		.ascii	"\376\247\007\011\361P\220\252\264\007\275(\212V\241"
  69      F15090AA 
  69      B407BD28 
  69      8A56A1
  70 0048 07A11641 		.ascii	"\007\241\026A\017\222\370\336l\243U\274t`\336\314\373"
  70      0F92F8DE 
ARM GAS  C:\Users\CYIRKO~1\AppData\Local\Temp\cc9pLuQj.s 			page 5


  70      6CA355BC 
  70      7460DECC 
  70      FB
  71 0059 FBE6BDEF 		.ascii	"\373\346\275\357\355F\204&\216K!\272\204\020\373hC\012"
  71      ED468426 
  71      8E4B21BA 
  71      8410FB68 
  71      430A
  72 006b 68175F08 		.ascii	"h\027_\010\221\2634\200/\236\0051\250a\020\027dY\242"
  72      91B33480 
  72      2F9E0531 
  72      A8611017 
  72      6459A2
  73 007e 3EFCB9AA 		.ascii	">\374\271\252uL{\264j\345oF\321+\354\015(\3752m^\230"
  73      754C7BB4 
  73      6AE56F46 
  73      D12BEC0D 
  73      28FD326D 
  74 0094 460745AD 		.ascii	"F\007E\255\014\315O\312\3632\220\200N\352\327\347W>"
  74      0CCD4FCA 
  74      F3329080 
  74      4EEAD7E7 
  74      573E
  75 00a6 EE625543 		.ascii	"\356bUC;\251\205\225rQ\312C\020t\177\373\356}\305JL"
  75      3BA98595 
  75      7251CA43 
  75      10747FFB 
  75      EE7DC54A 
  76 00bb 795EDEAB 		.ascii	"y^\336\253-_\222\336\376@J\334\202$@T\320\206\233h\023"
  76      2D5F92DE 
  76      FE404ADC 
  76      82244054 
  76      D0869B68 
  77 00d0 6412B88D 		.ascii	"d\022\270\215\004\205\373\215kK1\331\251R\253\301d\305"
  77      0485FB8D 
  77      6B4B31D9 
  77      A952ABC1 
  77      64C5
  78 00e2 D84A7D33 		.ascii	"\330J}3\256Ru\334\3717U\027\230A\202\343?,4\306\343"
  78      AE5275DC 
  78      F9375517 
  78      984182E3 
  78      3F2C34C6 
  79 00f7 867EBD55 		.ascii	"\206~\275U.fa\200\316\271U\324\274Fs\230\012\270\201"
  79      2E666180 
  79      CEB955D4 
  79      BC467398 
  79      0AB881
  80 010a E6B1DDD4 		.ascii	"\346\261\335\3247=&)7\242\203\223#t5\014\026&\013\213"
  80      373D2629 
  80      37A28393 
  80      2374350C 
  80      16260B8B 
  81 011e 8469B388 		.ascii	"\204i\263\210\262\032c\341\260\210\263\020b\204\300"
  81      B21A63E1 
  81      B088B310 
  81      6284C0
ARM GAS  C:\Users\CYIRKO~1\AppData\Local\Temp\cc9pLuQj.s 			page 6


  82 012d 99B851A9 		.ascii	"\231\270Q\251\361)\327\221_\\\177\222\342\347|\311\034"
  82      F129D791 
  82      5F5C7F92 
  82      E2E77CC9 
  82      1C
  83 013e 960AF597 		.ascii	"\226\012\365\227&\323!U\037\337\227\236\235s\002\370"
  83      26D32155 
  83      1FDF979E 
  83      9D7302F8 
  84 014e 39E2B43D 		.ascii	"9\342\264=\220\226O4\315Q\355\354\233Z\313\317\232\356"
  84      90964F34 
  84      CD51EDEC 
  84      9B5ACBCF 
  84      9AEE
  85 0160 8C17BA6C 		.ascii	"\214\027\272l\314#\300\204\342\032\013p\005A7\212\010"
  85      CC23C084 
  85      E21A0B70 
  85      0541378A 
  85      08
  86 0171 91233EF5 		.ascii	"\221#>\365\312o\331\241n\354\010Z\307]\005\315\204\340"
  86      CA6FD9A1 
  86      6EEC085A 
  86      C75D05CD 
  86      84E0
  87 0183 9E823EFB 		.ascii	"\236\202>\373\263\005m*tc;\272\265#\364(\356+t\215\321"
  87      B3056D2A 
  87      74633BBA 
  87      B523F428 
  87      EE2B748D 
  88 0198 1F84E8A5 		.ascii	"\037\204\350\245\026\272\035\242\255n,\3731f\305\304"
  88      16BA1DA2 
  88      AD6E2CFB 
  88      3166C5C4 
  89 01a8 1E3C2418 		.ascii	"\036<$\030\212\331h\305DU\021\366_U\305\250\341\260"
  89      8AD968C5 
  89      445511F6 
  89      5F55C5A8 
  89      E1B0
  90 01ba AA3F718E 		.ascii	"\252?q\2162[l\373\321\262\305U\272C\266zIU\277}\004"
  90      325B6CFB 
  90      D1B2C555 
  90      BA43B67A 
  90      4955BF7D 
  91 01cf F6FF4640 		.ascii	"\366\377F@\020\022\217\266:y\275\271\371\324\241N\206"
  91      10128FB6 
  91      3A79BDB9 
  91      F9D4A14E 
  91      86
  92 01e0 72EC72F0 		.ascii	"r\354r\360Xu\3023 \347\350\332\247W\221\337\3168\252"
  92      5875C233 
  92      20E7E8DA 
  92      A75791DF 
  92      CE38AA
  93 01f3 7027680C 		.ascii	"p'h\014\324\345\"\\zZ|A\376jsLU\242~\220\021b\230>\012"
  93      D4E5225C 
  93      7A5A7C41 
  93      FE6A734C 
ARM GAS  C:\Users\CYIRKO~1\AppData\Local\Temp\cc9pLuQj.s 			page 7


  93      55A27E90 
  94 020c 22C23DDA 		.ascii	"\"\302=\332\325}\2447\235L\237\350\0378\225\316t\247"
  94      D57DA437 
  94      9D4C9FE8 
  94      1F3895CE 
  94      74A7
  95 021e F89EC91E 		.ascii	"\370\236\311\036<\334\351f\262noO\237\233=\223\342\363"
  95      3CDCE966 
  95      B26E6F4F 
  95      9F9B3D93 
  95      E2F3
  96 0230 E4E99EBE 		.ascii	"\344\351\236\276\003)!\223\003Y=\231\356\317\376\002"
  96      03292193 
  96      03593D99 
  96      EECFFE02 
  97 0240 F9EC1011 		.ascii	"\371\354\020\021"
  98              		.text
  99              		.section	.gnu.lto_palSetBusMode.df53c4b0,"",%progbits
 100 0000 789C9592 		.ascii	"x\234\225\222\315kSA\024\305\357\231\373\222\367b[\327"
 100      CD6B5341 
 100      14C5EF99 
 100      FB92F762 
 100      5BD7
 101 0012 825D6421 		.ascii	"\202]d!\204n|\350\242B\267\"\376\001n\\\024\244M\204"
 101      846E7CE8 
 101      A242B722 
 101      FE016E5C 
 101      14A44D84 
 102 0026 065A22C6 		.ascii	"\006Z\"\306\2563\215&\225\012\255Pj\254\030^\241\204"
 102      AE338D26 
 102      950AAD50 
 102      6AAC185E 
 102      A184
 103 0038 5AB5DF2A 		.ascii	"Z\265\337*\304R\010\335\010~\322n\265(*B\321\202\342"
 103      C45208DD 
 103      087ED26E 
 103      B5282A42 
 103      D182E2
 104 004b C28DADDE 		.ascii	"\302\215\255\336;\321\205\356:03wf\356\371\315\235\303"
 104      3BD185EE 
 104      3A303377 
 104      66EEF9CD 
 104      9DC3
 105 005d C4C850C6 		.ascii	"\304\310P\306\020u\021\321a\351`\202\271\376\222h(0"
 105      107511D1 
 105      61E96082 
 105      B9FE9268 
 105      2830
 106 006f 80063600 		.ascii	"\200\0066\000\025\014\012\030\343\012c}\370S\335t\314"
 106      150C0A18 
 106      E30A637D 
 106      F853DD74 
 106      CC
 107 0080 58698DCA 		.ascii	"Xi\215\312\246_\266\245C\021\023MJ\327\206\031tH\326"
 107      A65FB6A5 
 107      4311134D 
 107      4AD78619 
ARM GAS  C:\Users\CYIRKO~1\AppData\Local\Temp\cc9pLuQj.s 			page 8


 107      7448D6
 108 0093 C695C5DB 		.ascii	"\306\225\305\333<\312\021\003\236,\277\275\270\365\341"
 108      3CCA1103 
 108      9E2CBFBD 
 108      B8F5E1
 109 00a2 A02E0D92 		.ascii	"\240.\015\222\262,mT\312\314\307A\022o\275}7\033\244"
 109      B22C6D54 
 109      CACCC741 
 109      126FBD7D 
 109      371BA4
 110 00b5 6AD6166D 		.ascii	"j\326\026m\343\3158\333#\0213\356\202\005\210Y\264\343"
 110      E3CD38DB 
 110      231133EE 
 110      82058859 
 110      B4E3
 111 00c7 0EDA49B6 		.ascii	"\016\332I\266\010\367\220\222\364\357+\265\361\026\356"
 111      08F79092 
 111      F4EF2BB5 
 111      F116EE
 112 00d6 74D267A3 		.ascii	"t\322g\243kg\377(\237O8\245\207\373\377+=\302\034R\232"
 112      6B67FF28 
 112      9F4F38A5 
 112      87FBFF2B 
 112      3DC21C52 
 113 00eb FE7E696F 		.ascii	"\376~io\242-\356M\377\255\026\363\210C\346\205M4\354"
 113      A22DEE4D 
 113      FFAD16F3 
 113      8843E685 
 113      4D34EC
 114 00fe DEAF61DB 		.ascii	"\336\257a\333\370Y\303\326\351\204<[\356b\321\306<\031"
 114      F859C3D6 
 114      E9843C5B 
 114      EE62D1C6 
 114      3C19
 115 0110 E23119FC 		.ascii	"\3421\031\374\270F>\034\213FD\256\316\\c\2433o\243\370"
 115      B8463E1C 
 115      8B4644AE 
 115      CE5C63A3 
 115      336FA3F8 
 116 0124 787B27AD 		.ascii	"x{'\255\300*\253I7J\353\257|}/\273B\177<yz\2655BuHL"
 116      C02AAB49 
 116      374AEBAF 
 116      7C7D2FBB 
 116      427F3C79 
 117 013f 4B461C54 		.ascii	"KF\034T\305\207\005\251N\317j\037\213\363~8g\233G\011"
 117      C58705A9 
 117      4ECF6A1F 
 117      8BF37E38 
 117      679B4709 
 118 0153 2C22C24D 		.ascii	",\"\302Mg&\226\020\222\242\023M\260\267/\322\001,;\222"
 118      67269610 
 118      92A2134D 
 118      B0B72FD2 
 118      012C3B92 
 119 0167 BE102BFF 		.ascii	"\276\020+\377\222b\373\"\265\340\201#\031%=t\244\313"
 119      9262FB22 
 119      B5E08123 
ARM GAS  C:\Users\CYIRKO~1\AppData\Local\Temp\cc9pLuQj.s 			page 9


 119      19253D74 
 119      A4CB
 120 0179 5FCB68A2 		.ascii	"_\313h\242\264.\001\322g\224\223\272\243\362z\375\313"
 120      B42E01D2 
 120      679493BA 
 120      A3F27AFD 
 120      CB
 121 018a 6BBFB06B 		.ascii	"k\277\260k\203\210['\265\000<B\201\304\031\227\356G"
 121      83885B27 
 121      B5003C42 
 121      81C41997 
 121      EE47
 122 019c DC463B28 		.ascii	"\334F;(N\255\2169\206\3736#\222&N\312\025\341\251\256"
 122      4EAD8E39 
 122      86FB3623 
 122      92264ECA 
 122      15E1A9AE 
 123 01b0 EE937DD9 		.ascii	"\356\223}\331\336\354\231K\203\231l\256;\255q.\177\354"
 123      DEEC994B 
 123      83996CAE 
 123      3BAD712E 
 123      7FEC
 124 01c2 446798CB 		.ascii	"Dg\230\313\207}=\375a\376bZ\347s\027z\372\217\246\211"
 124      877D3DFD 
 124      61FE625A 
 124      E773177A 
 124      FA8FA689 
 125 01d6 7B07F3DE 		.ascii	"{\007\363\336@.s\3767\254/\315\203"
 125      402E73FE 
 125      37AC2FCD 
 125      83
 126              		.text
 127              		.section	.gnu.lto_.symbol_nodes.df53c4b0,"",%progbits
 128 0000 789C6365 		.ascii	"x\234ce`b\010d\000\002\2469L\365\014\014\023\31610\000"
 128      60620864 
 128      0002A639 
 128      4CF50C0C 
 128      13CE3130 
 129 0015 A95D0D8E 		.ascii	"\251]\015\216@\221\271L\365\214\250\"\363\230\352\231"
 129      4091B94C 
 129      F58CA822 
 129      F398EA99 
 130 0025 50441817 		.ascii	"PD\030\0272\3253\203E\030\030\032\032\034\030\030\230"
 130      32D53383 
 130      4518181A 
 130      1A1C1818 
 130      98
 131 0036 99981996 		.ascii	"\231\230\031\226<\374\307\310\000\000A\023\024\024"
 131      3CFCC7C8 
 131      00004113 
 131      1414
 132              		.text
 133              		.section	.gnu.lto_.refs.df53c4b0,"",%progbits
 134 0000 789C6365 		.ascii	"x\234ce`b`d\000\002\000\000I\000\011"
 134      60626064 
 134      00020000 
 134      490009
ARM GAS  C:\Users\CYIRKO~1\AppData\Local\Temp\cc9pLuQj.s 			page 10


 135              		.text
 136              		.section	.gnu.lto_.decls.df53c4b0,"",%progbits
 137 0000 789CAD58 		.ascii	"x\234\255X{P\024G\032\237oz\027\226eA\013\274\234U1"
 137      7B501447 
 137      1A9F6F7A 
 137      17966541 
 137      0BBC9C55 
 138 0015 292E4574 		.ascii	").Et\357\352\024\301;\363\256\362\022ML\305\034\326"
 138      EFEA14C1 
 138      3BF3AEF2 
 138      124D4CC5 
 138      1CD6
 139 0027 9A98BB3A 		.ascii	"\232\230\273:\252\266\020\326H\035\262\036\273\\U\376"
 139      AAB610D6 
 139      481DB21E 
 139      BB5C55FE 
 140 0037 BA8125C1 		.ascii	"\272\201%\301\267\240\006\005\037\207\340\013\360\201"
 140      B7A00605 
 140      1F87E00B 
 140      F081
 141 0045 C61702CA 		.ascii	"\306\027\002\312\001\276@|\020\225\207 (\342#\020\305"
 141      01BE407C 
 141      10958720 
 141      28E22310 
 141      C5
 142 0056 95209228 		.ascii	"\225 \222(\367u\367\314\316\270\331M\256\3522EoO\367"
 142      F775F7CC 
 142      CEB8D94D 
 142      AEEA3245 
 142      6F4FF7
 143 0069 FCBEEFFB 		.ascii	"\374\276\357\373}\217\356\351A/\210Bp\270 \004\022A"
 143      7D8FEEE9 
 143      412F8842 
 143      70B82004 
 143      1241
 144 007b 90401046 		.ascii	"\220@\020F\360\322\011\202\260[P/:\016\306g\243\261"
 144      F0D20982 
 144      B05B502F 
 144      3A0EC667 
 144      A3B1
 145 008d 8DC5F622 		.ascii	"\215\305\366\"\010?\272~-\012\202\011\3730lc\260\225"
 145      083FBA7E 
 145      2D0A8209 
 145      FB306C63 
 145      B095
 146 009f 6333206E 		.ascii	"c3 n\000\373\011\330b\261\005\342\370\021\366nl\307"
 146      00FB09D8 
 146      62B105E2 
 146      F811F66E 
 146      6CC7
 147 00b1 B03D9575 		.ascii	"\260=\225u\003\316\367R%\330\213\300:f\217\366\023\275"
 147      03CEF752 
 147      25D88BC0 
 147      3A668FF6 
 147      13BD
 148 00c3 6CFD06ED 		.ascii	"l\375\006\355\204b?Wc\213\332\241\366|\331z*\333k\225"
 148      84623F57 
ARM GAS  C:\Users\CYIRKO~1\AppData\Local\Temp\cc9pLuQj.s 			page 11


 148      638BDAA1 
 148      F67CD97A 
 148      2ADB6B95 
 149 00d7 6DEA657B 		.ascii	"m\352e{\324\0165p\017\273\026~\313\374\243}\214\227"
 149      D40E3570 
 149      0FBB167E 
 149      CBFCA37D 
 149      8C97
 150 00e9 CD683F36 		.ascii	"\315h?6\303\375\370W.\333\235\202\343\027\260\021/\233"
 150      C3FDF857 
 150      2EDB9D82 
 150      E317B011 
 150      2F9B
 151 00fb A8CE1347 		.ascii	"\250\316\023G:\365\206\227\275u\004\016\255\250\253"
 151      3AF58697 
 151      BD75040E 
 151      ADA8AB
 152 010a 12AF413B 		.ascii	"\022\257A; \026F\263Y\000\376\013\254\261\341\210r\001"
 152      201646B3 
 152      5900FE0B 
 152      ACB1E188 
 152      7201
 153 011c B0799C15 		.ascii	"\260y\234\025\005Y\2512\005\212\204<\026\345\241(\253"
 153      0559A932 
 153      058A843C 
 153      16E5A128 
 153      AB
 154 012d 647FB230 		.ascii	"d\177\2620h4\362\307\334\222rq\372\374\206\211)\322"
 154      6834F2C7 
 154      DC927271 
 154      FAFC8689 
 154      29D2
 155 013f 20AA0600 		.ascii	" \252\006\000\264\002\032\205\234\266\374\334\303OP"
 155      B4021A85 
 155      9CB6FCDC 
 155      C34F50
 156 014e 9D03C5FB 		.ascii	"\235\003\305\373\007ygo\031;\241\203\316\026L\0036w"
 156      0779676F 
 156      193BA183 
 156      CE164C03 
 156      3677
 157 0160 BDA9F289 		.ascii	"\275\251\362\211\201`\010\361\276\363\361\316w'\355"
 157      816008F1 
 157      BEF3F1CE 
 157      7727ED
 158 016f 92F86578 		.ascii	"\222\370exA\015\333\305\314\262\215d%\2010#\350\250"
 158      410DDBC5 
 158      CCB28D64 
 158      25813023 
 158      E8A8
 159 0181 9EC6FCEE 		.ascii	"\236\306\374\356P\034\2161B\004\016\363+\006\352\365"
 159      501C8E31 
 159      42040EF3 
 159      2B06EAF5 
 160 0191 FCA90187 		.ascii	"\374\251\001\207#\333\313\226\030\310sLc\307\351\342"
 160      23DBCB96 
 160      18C8734C 
ARM GAS  C:\Users\CYIRKO~1\AppData\Local\Temp\cc9pLuQj.s 			page 12


 160      63C7E9E2 
 161 01a1 522A38C1 		.ascii	"R*8\301\010\224\354(\234\332\333W\3768\204OQD\323*\367"
 161      0894EC28 
 161      9CDADB57 
 161      FE38844F 
 161      5144D32A 
 162 01b6 D640F23C 		.ascii	"\326@\362<\275\027\363\352\233kt`6n\247\366\253\037"
 162      BD17F3EA 
 162      9B6B7460 
 162      366EA7F6 
 162      AB1F
 163 01c8 0D4CC8C9 		.ascii	"\015L\310\311\222$\021\276\002#\354\003\002%0\211z3"
 163      922411BE 
 163      0223EC03 
 163      02253089 
 163      7A33
 164 01da C188BF8B 		.ascii	"\301\210\277\213%)C\312vIA3\005\330\005\343\240\024"
 164      252943CA 
 164      76494133 
 164      05D805E3 
 164      A014
 165 01ec C609B01F 		.ascii	"\306\011\260\037\314T-\305A\031N\356\305I4Q\2745\247"
 165      CC542DC5 
 165      41194EEE 
 165      C5493451 
 165      BC35A7
 166 01ff 3080AC00 		.ascii	"0\200\254\000f\343\344\261\253-:0\232}*8\344C\201L\246"
 166      66E3E4B1 
 166      AB2D3A30 
 166      9A7D2A38 
 166      E443814C 
 167 0214 E4A5939F 		.ascii	"\344\245\223\237S2\007\221\314\001\225\014r\343!\312"
 167      53320791 
 167      CC01950C 
 167      72E321CA 
 168 0224 AC1BCC09 		.ascii	"\254\033\314\011!nnd\345\211S\217\365\036GF\216\277"
 168      216E6E64 
 168      E589538F 
 168      F51E4746 
 168      8EBF
 169 0236 79FE9224 		.ascii	"y\376\222$E@9\312\036Ve\017\202_O\216\370\366\344\362"
 169      454039CA 
 169      1E56650F 
 169      825F4F8E 
 169      F8F6E4F2 
 170 024a 03776E28 		.ascii	"\003wn(9\311\263\265\341a\307\335 \036v\263&)a<)C[n"
 170      39C9B3B5 
 170      E161C7DD 
 170      201E76B3 
 170      2629613C 
 171 0262 AE164923 		.ascii	"\256\026I#\207.\336\265\262\226\030\321\222\353\177"
 171      872EDEB5 
 171      B29618D1 
 171      92EB7F
 172 0271 721925CA 		.ascii	"r\031%\312F\326v\205\220&.~/\263\247+\230\253\036\213"
 172      46D67685 
 172      90262E7E 
ARM GAS  C:\Users\CYIRKO~1\AppData\Local\Temp\cc9pLuQj.s 			page 13


 172      2FB3A72B 
 172      98AB1E8B 
 173 0285 C3DD439D 		.ascii	"\303\335C\235\207\364\244\231?[\261\266\246FG\332\371"
 173      87F4A499 
 173      3F5BB1B6 
 173      A64647DA 
 173      F9
 174 0296 A0282F27 		.ascii	"\240(/'KO\256\363A\361\352\3542#\351\346\203\246\376"
 174      4B4FAEF3 
 174      41F1EAEC 
 174      3223E9E6 
 174      83A6FE
 175 02a9 B39B8279 		.ascii	"\263\233\202y\311\214\306\341\211\221G\325\243\270F"
 175      C98CC6E1 
 175      899147D5 
 175      A3B846
 176 02b8 1187EB4B 		.ascii	"\021\207\353K\232\207\203H\017\207n\033\376\276\237"
 176      9A878348 
 176      0F876E1B 
 176      FEBE9F
 177 02c7 D6CC785A 		.ascii	"\326\314xZ3DS1\343y\305\034o8\263\335Dz\031X\314\336"
 177      33445331 
 177      E379C51C 
 177      6F38B3DD 
 177      447A1958 
 178 02dd 52BA2C48 		.ascii	"R\272,HI'\272\2477\013p\002\3358I};\213\276\215\227"
 178      4927BAA7 
 178      370B7002 
 178      DD38497D 
 178      3B8BBE8D 
 179 02f2 7D3B8393 		.ascii	"};\203\223\247\325t\036x\261\\\222FC\003f\244^\315\310"
 179      A7D5741E 
 179      78B15C92 
 179      46430366 
 179      A45ECDC8 
 180 0306 783999C7 		.ascii	"x9\231\307r\256\3362\222An\342\007W\356}MU\226\304\324"
 180      72AEDE32 
 180      92416EE2 
 180      0757EE7D 
 180      4D5596C4 
 181 031b B142388F 		.ascii	"\261B8\217\242\215\252h\203\232Lo\032\347|\320@#\031"
 181      A28DAA68 
 181      839A4C6F 
 181      1AE77CD0 
 181      402319
 182 032e 43859506 		.ascii	"C\205\225\0062\302\214\350\036\016.o3Bxd\2449\207\232"
 182      32C28CE8 
 182      1E0E2E6F 
 182      33427864 
 182      A439879A 
 183 0342 C996A469 		.ascii	"\311\226\244i\242\232%\001.B8U\000\227P\327\327\020"
 183      A29A2501 
 183      2E423855 
 183      009750D7 
 183      D710
 184 0354 094D10C9 		.ascii	"\011M\020\311\026g!5\210\025\026Y\345\356\222\244\245"
 184      16672135 
ARM GAS  C:\Users\CYIRKO~1\AppData\Local\Temp\cc9pLuQj.s 			page 14


 184      88151659 
 184      E5EE92A4 
 184      A5
 185 0365 2646EB14 		.ascii	"&F\353\024\322\242\002\036\006QT\305\011\252H\026\250"
 185      D2A2021E 
 185      065154C5 
 185      09AA4816 
 185      A8
 186 0376 796BBD54 		.ascii	"yk\275T\235A\030\372\202Ot4\005s\227\237V\032q;\240"
 186      9D4118FA 
 186      824F7434 
 186      0573979F 
 186      561A713B 
 187 038b 1841F696 		.ascii	"\030A\366\226o\013\272K\327\356\255\006\210\034c\216"
 187      6F0BBA4B 
 187      D7EEAD06 
 187      881C638E 
 188 039b 2C64C02B 		.ascii	",d\300+U\241\351L-UW\207j\257\300\030\265\322T\265\253"
 188      55A1E94C 
 188      2D555787 
 188      6AAFC018 
 188      B5D254B5 
 189 03b0 998B2E69 		.ascii	"\231\213.i\232N\353\"\005S\027\233\321\305\026t\361"
 189      9A4EEB22 
 189      0553179B 
 189      D1C51674 
 189      F1
 190 03c1 B2EC2227 		.ascii	"\262\354\"'q\257rl\272$\001EiYpw\006+\303\326\270\244"
 190      71AF726C 
 190      BA240145 
 190      69597077 
 190      062BC3D6 
 191 03d7 D393D9EA 		.ascii	"\323\223\331\352\254\365o\030\243\356\256l8+\216A\006"
 191      ACF56F18 
 191      A3EEAE6C 
 191      382B8E41 
 191      06
 192 03e8 E97E1908 		.ascii	"\351~\031\010\317\230\327\024o\030/\336\314\332\313"
 192      CF98D714 
 192      6F182FDE 
 192      CCDACB
 193 03f7 074DC445 		.ascii	"\007M\304EX5\3664\354\3150\220,>\330\334\270\247AO\226"
 193      5835F634 
 193      ECCD3090 
 193      2C3ED8DC 
 193      B8A7414F 
 194 040c F14145E9 		.ascii	"\361AE\351\236&\221\344\360\301\256\362\376e@\362\370"
 194      9E2691E4 
 194      F0C1AEF2 
 194      FE6540F2 
 194      F8
 195 041d E041D65E 		.ascii	"\340A\326^')\340\367\231\233\262\317\213\\\367\357q"
 195      2729E0F7 
 195      999BB2CF 
 195      8B5CF7EF 
 195      71
 196 042e 98BB6463 		.ascii	"\230\273dc\227\216\257\223.\2722\366_\331Ya \333\031"
ARM GAS  C:\Users\CYIRKO~1\AppData\Local\Temp\cc9pLuQj.s 			page 15


 196      978EAF93 
 196      2EBA32F6 
 196      5FD95961 
 196      20DB19
 197 0441 3624BB38 		.ascii	"6$\2738\373\260\021\"\361\012\217\344\227\271P\312t"
 197      FBB01122 
 197      F10A8FE4 
 197      97B950CA 
 197      74
 198 0452 613ADFCC 		.ascii	"a:\337\314\223\2523\261n\321\375Nt\377\016\306\377Y"
 198      93AA33B1 
 198      6ED1FD4E 
 198      74FF0EC6 
 198      FF59
 199 0464 F777C9C9 		.ascii	"\367w\311\311\247\350\341\267Tt\2677\272\002<\321\342"
 199      A7E8E1B7 
 199      5474B737 
 199      BA023CD1 
 199      E2
 200 0475 E86F34E8 		.ascii	"\350o4\350\343\336\350Jo\264[\203\256\362\215\346T<"
 200      E3DEE84A 
 200      6FB45B83 
 200      AEF28DE6 
 200      543C
 201 0487 658E19B8 		.ascii	"e\216\031\270\201\200\353\354\331\035\271\314\373\261"
 201      8180EBEC 
 201      D91DB9CC 
 201      FBB1
 202 0495 06FA3009 		.ascii	"\006\3720\0117\261\335\305\366-\266^l\367\261\335\303"
 202      37B1DDC5 
 202      F62DB65E 
 202      6CF7B1DD 
 202      C3
 203 04a6 F60DB65B 		.ascii	"\366\015\266[\330nc\353\361,\005J\240^\023\212k\336"
 203      D86E63EB 
 203      F12C054A 
 203      A05E138A 
 203      6BDE
 204 04b8 04767BD3 		.ascii	"\004v{\323\275\241\241\373\037ot5xG\256M\243\274\335"
 204      BDA1A1FB 
 204      1F6F7435 
 204      7847AE4D 
 204      A3BCDD
 205 04cb 1BDEE6AD 		.ascii	"\033\336\346\255|\370\015\025\335\3453+\032p\223Fu\207"
 205      7CF80D15 
 205      DDE5332B 
 205      1A709346 
 205      7587
 206 04dd 6FDE1E26 		.ascii	"o\336\036&\270\310\256U\0319\276\025k\266\3067s\215"
 206      B8C8AE55 
 206      1939BE15 
 206      6BB6C637 
 206      738D
 207 04ef F65BCA02 		.ascii	"\366[\312\002\241\352\257\372f\316\325\313\253\255\""
 207      A1EAAFFA 
 207      66CED5CB 
 207      ABAD22
ARM GAS  C:\Users\CYIRKO~1\AppData\Local\Temp\cc9pLuQj.s 			page 16


 208 04fe 8CADB63B 		.ascii	"\214\255\266;\336k\036\252\033\207\016\350I\011+H\361"
 208      DE6B1EAA 
 208      1B870EE8 
 208      49092B48 
 208      F1
 209 050f EE863BA5 		.ascii	"\356\206;\245\201\020n\366\225Lx\2109\374\177\362\311"
 209      81106EF6 
 209      954C7888 
 209      39FC7FF2 
 209      C9
 210 0520 999C3C16 		.ascii	"\231\234<\026@7\0377*z\240\356\266\224\027\243\263\264"
 210      40371F37 
 210      2A7AA0EE 
 210      B69417A3 
 210      B3B4
 211 0532 BE6D55A8 		.ascii	"\276mU\250i\251\347\035\312\200\352\212\036\000\223"
 211      69A9E71D 
 211      CA80EA8A 
 211      1E0093
 212 0541 2C82D8C3 		.ascii	",\202\330\303K\326\337\016!\2079\365\313\347\036\224"
 212      4BD6DF0E 
 212      218739F5 
 212      CBE71E94 
 213 0551 8782D9C4 		.ascii	"\207\202\331\304\255\234k\033\355\242\376>B\374w\252"
 213      AD9C6B1B 
 213      EDA2FE3E 
 213      42FC77AA 
 214 0561 1914C7CE 		.ascii	"\031\024\307\316\217v\030D\247\2361\360\375\235\265"
 214      8F761844 
 214      A79E31F0 
 214      FD9DB5
 215 0570 ADC0D7B2 		.ascii	"\255\300\327\262\211n\360\025\2559\243\344\265L\037"
 215      896EF015 
 215      AD39A3E4 
 215      B54C1F
 216 057f 0FAC69EB 		.ascii	"\017\254i\353\014%5\344\231\223Q\354\217OF\261\374="
 216      0C2535E4 
 216      999351EC 
 216      8F4F46B1 
 216      FC3D
 217 0591 D777E1FC 		.ascii	"\327w\341\374\327@\316p\272u\233\273\367\007\370;\266"
 217      D740CE70 
 217      BA759BBB 
 217      F707F83B 
 217      B6
 218 05a2 8C209158 		.ascii	"\214 \221X\371\005\363\003N~\257\276\347\206c\006\331"
 218      F905F303 
 218      4E7EAFBE 
 218      E7866306 
 218      D9
 219 05b3 19EA29E6 		.ascii	"\031\352)\346\375\211\352X,\177\321\351/U\325\257\327"
 219      FD89EA58 
 219      2C7FD1E9 
 219      2F55D5AF 
 219      D7
 220 05c4 D31D25DC 		.ascii	"\323\035%\334\314w\322\373+\310\221m\347\226K\0055\300"
 220      CC77D2FB 
ARM GAS  C:\Users\CYIRKO~1\AppData\Local\Temp\cc9pLuQj.s 			page 17


 220      2BC8916D 
 220      E7964B05 
 220      35C0
 221 05d6 648651C6 		.ascii	"d\206Q\306%\372[BT\302\375[^\2104tG\275\321Q^\340\033"
 221      25FA5B42 
 221      54C2FD5B 
 221      5E883474 
 221      47BDD151 
 222 05ed BFE3607A 		.ascii	"\277\343`z\022\332\343\023\374\343\335\3411>\037bV)"
 222      12DAE313 
 222      FCE3DDE1 
 222      313E1F62 
 222      5629
 223 05ff 9A5653A6 		.ascii	"\232VS\246h\206t1\0222\260I\242\266Z\256\024\363\272"
 223      68867431 
 223      1232B049 
 223      A2B65AAE 
 223      14F3BA
 224 0612 45A457DD 		.ascii	"E\244W\335>.~8@\310u\035?\237\335\033\3127\2009\\N~"
 224      3E2E7E38 
 224      40C8751D 
 224      3F9FDD1B 
 224      CA378039 
 225 0629 292BB12C 		.ascii	")+\261,\324\376\271\350\011\021U\341\233\010|\201\366"
 225      D4FEB9E8 
 225      091155E1 
 225      9B087C81 
 225      F6
 226 063a 7F8A0B9A 		.ascii	"\177\212\013\232\273\222\275rg\260\266.\263Dm].\026"
 226      BB92BD72 
 226      67B0B62E 
 226      B3446D5D 
 226      2E16
 227 064c 4D32F068 		.ascii	"M2\360hK\357MQ'\3629\230\247\243s\313VUm\015\032\233"
 227      4BEF4D51 
 227      27F23998 
 227      A7A373CB 
 227      56556D0D 
 228 0662 CB8EE12E 		.ascii	"\313\216\341.i\264\310\302\245\274\236\005X*\216\305"
 228      69B4C8C2 
 228      A5BC9E05 
 228      582A8EC5 
 229 0672 DF25A28E 		.ascii	"\337%\242\216kX\334~\344\024\274T \025t\341A`#YR{\012"
 229      6B58DC7E 
 229      E414BC54 
 229      201574E1 
 229      41602359 
 230 0689 D307D328 		.ascii	"\323\007\323(\014\212\325\224\343-\376\356\304\367\003"
 230      0C8AD594 
 230      E32DFEEE 
 230      C4F703
 231 0698 ECC09D51 		.ascii	"\354\300\235Q\200e\342K(\275c\275\253!\230\254\323\263"
 231      8065E24B 
 231      28BD63BD 
 231      AB2198AC 
 231      D3B3
 232 06aa 92CBEF68 		.ascii	"\222\313\357h\277idd\250EN\346b\307\3313:\017\301\025"
ARM GAS  C:\Users\CYIRKO~1\AppData\Local\Temp\cc9pLuQj.s 			page 18


 232      BF696464 
 232      A8454EE6 
 232      62C7D933 
 232      3A0FC115 
 233 06be 229BFCBA 		.ascii	"\"\233\374\272bG\265A\313p\356s\032\202\253\030\301"
 233      6247B541 
 233      CB70EE73 
 233      1A82AB18 
 233      C1
 234 06cf 950AC1CB 		.ascii	"\225\012\301\313\031\015\345D&xe\203\011+\000\317HX"
 234      190DE544 
 234      26786583 
 234      092B00CF 
 234      4858
 235 06e1 930883E5 		.ascii	"\223\010\203\345j\300\361\366Y\202\331\214\340\223k"
 235      6AC0F1F6 
 235      5982D98C 
 235      E0936B
 236 06f0 DD6E9114 		.ascii	"\335n\221\024q\202%\215\305?\350\310>6\020W\324l\354"
 236      7182258D 
 236      C53FE8C8 
 236      3E361057 
 236      D46CEC
 237 0703 33F95B13 		.ascii	"3\371[\023kE\177G\371\221\343\223[\330q|\215h\204\325"
 237      6B457F47 
 237      F991E393 
 237      5BD8717C 
 237      8D6884D5 
 238 0717 A2D7719C 		.ascii	"\242\327q\234\246d\325\266!\302<\246\010\036\205N\311"
 238      A664D5B6 
 238      21C23CA6 
 238      081E854E 
 238      C9
 239 0728 DD473C51 		.ascii	"\335G<Q\370\222G\241\347\376\360\272@\277QX\307\242"
 239      F89247A1 
 239      E7FEF0BA 
 239      40BF5158 
 239      C7A2
 240 073a 90AB44E1 		.ascii	"\220\253D\341\310\206\366\315\201j\232\356\326\366H"
 240      C886F6CD 
 240      816A9AEE 
 240      D6F648
 241 0749 92514751 		.ascii	"\222QGQ\220\243\222\310\361\016\302z\026\204o\267\271"
 241      90A392C8 
 241      F10EC27A 
 241      16846FB7 
 241      B9
 242 075a D68C2247 		.ascii	"\326\214\"Gy\020|\361\373.\253\347\034x2\227\317\371"
 242      79107CF1 
 242      FB2EABE7 
 242      1C783297 
 242      CFF9
 243 076c 6D69E9DE 		.ascii	"mi\351\336\024\312&\351\342\334\300'\317\345n\253'~"
 243      14CA26E9 
 243      E2DCC027 
 243      CFE56EAB 
 243      277E
ARM GAS  C:\Users\CYIRKO~1\AppData\Local\Temp\cc9pLuQj.s 			page 19


 244 077e 496F62A4 		.ascii	"Iob\2447*\244\037\\\354\333\035\200\244\273x\334\226"
 244      372AA41F 
 244      5CECDB1D 
 244      80A4BB78 
 244      DC96
 245 0790 BB4E2E97 		.ascii	"\273N.\227\266\000\203A\236\312:\217\262\2467\233\031"
 245      B6008341 
 245      9ECA3A8F 
 245      B2A6379B 
 245      19
 246 07a1 DBAAD6AA 		.ascii	"\333\252\326\252\317\011\271\300\3316\267f\226\313\233"
 246      CF09B9C0 
 246      D936B766 
 246      96CB9B
 247 07b0 6230DD84 		.ascii	"b0\335\204\257\177y<\210o\212-\214c\343\303\\#\271\306"
 247      AF7F793C 
 247      886F8A2D 
 247      8C63E3C3 
 247      5C23B9C6 
 248 07c4 B14FFA2F 		.ascii	"\261O\372/<1q\254\221:\232Q"
 248      3C3171AC 
 248      913A9A51 
 249 07d0 D6A9A79F 		.ascii	"\326\251\247\237-\222\274\210p^]C[E\314\027n\032P$\362"
 249      2D92BC88 
 249      705E5D43 
 249      5B45CC17 
 249      6E1A5024 
 250 07e5 8FA3A1AA 		.ascii	"\217\243\241\252a\023\271\3154\351\272\212\334\275\001"
 250      6113B9CD 
 250      34E9BA8A 
 250      DCBD01
 251 07f4 601E0760 		.ascii	"`\036\007`\304\266]\371\246\305\320b\310\266\311t\361"
 251      C4B65DF9 
 251      A6C5D062 
 251      C8B6C974 
 251      F1
 252 0805 CA97507D 		.ascii	"\312\227P}\377\277\3504?\274\367\027Jd\254\000S\306"
 252      FFBFE834 
 252      3FBCF717 
 252      4A64AC00 
 252      53C6
 253 0817 C164ACA2 		.ascii	"\301d\254\242\355XE;\231\235bq\034\354@C\371\270S\320"
 253      ED58453B 
 253      999D6271 
 253      1CEC4043 
 253      F9B853D0 
 254 082b 1934D8BA 		.ascii	"\0314\330\272r\260]\027\226-\357\020\021\300toA\\\201"
 254      72B05D17 
 254      962DEF10 
 254      11C0746F 
 254      415C81
 255 083e 48F99588 		.ascii	"H\371\225\210a\012K\212\316n\334\262!\310(\333X\374"
 255      610A4B8A 
 255      CE6EDCB2 
 255      21C828DB 
 255      58FC
 256 0850 9336105D 		.ascii	"\2236\020]\333:P\031\242\325]\372S\272\367}[\264g\324"
ARM GAS  C:\Users\CYIRKO~1\AppData\Local\Temp\cc9pLuQj.s 			page 20


 256      DB3A5019 
 256      A2D55DFA 
 256      53BAF77D 
 256      5BB467D4 
 257 0864 CB45D285 		.ascii	"\313E\322\205jV[\313\2723\245\364/p\033\334%\206A!\246"
 257      6A565BCB 
 257      BA33A5F4 
 257      2F701BDC 
 257      25864121 
 258 0879 0997BA46 		.ascii	"\011\227\272F\370\3378\363\021~]\354\026_\246\037p}"
 258      F8DF38F3 
 258      117E5DEC 
 258      165FA61F 
 258      707D
 259 088b D54B8349 		.ascii	"\325K\203I\037O@vC\347_\374\006|\257\022\360\002\316"
 259      1F4F4076 
 259      43E75FFC 
 259      067CAF12 
 259      F002CE
 260 089e 31FD6151 		.ascii	"1\375aQo\210\267\377\352n]\3068\356U86\027\334\2563"
 260      6F88B7FF 
 260      EA6E5DC6 
 260      38EE5538 
 260      3617DCAE 
 261 08b3 797BE417 		.ascii	"y{\344\027\275\357\273\246\336@\331\243\033\317\247"
 261      BDEFBBA6 
 261      DE40D9A3 
 261      1BCFA7
 262 08c2 1754A747 		.ascii	"\027T\247G\300>\331\033\334\0274\202{do\3663oN\237\252"
 262      C03ED91B 
 262      DC173482 
 262      7B646FF6 
 262      336F4E9F 
 263 08d7 B94CB4FB 		.ascii	"\271L\264\373.\255T\325\205\257\370\276K{\004\267T\026"
 263      2EAD54D5 
 263      85AFF8BE 
 263      4B7B04B7 
 263      5416
 264 08e9 B8810CCB 		.ascii	"\270\201\014\313\265\327\236\376T>\210\207\322\377b"
 264      B5D79EFE 
 264      543E8887 
 264      D2FF62
 265 08f8 DC6D2D92 		.ascii	"\334m-\222\353\264\237}\332~S^+\377\223#\004\207O\353"
 265      EBB49F7D 
 265      DA7E535E 
 265      2BFF9323 
 265      04874FEB 
 266 090c FA9B43FC 		.ascii	"\372\233C\374F\352\210\022\251\303<R\253\232;2\202\274"
 266      46EA8812 
 266      A9C33C52 
 266      AB9A3B32 
 266      82BC
 267 091e 23750813 		.ascii	"#u\010\023r\220%\244\234\371~D\361\275\356R\346U\342"
 267      729025A4 
 267      9CF97E44 
 267      F1BDEE52 
 267      E655E2
ARM GAS  C:\Users\CYIRKO~1\AppData\Local\Temp\cc9pLuQj.s 			page 21


 268 0931 1D29BFE8 		.ascii	"\035)\277\350\343K;o)\221j{\221G\352\250\034)\334<4"
 268      E34B3B6F 
 268      29916A7B 
 268      9147EAA8 
 268      1C29DC3C 
 269 0946 8207E448 		.ascii	"\202\007\344HU\210/\013\306E\361\311\026[|\342\333i"
 269      55882F0B 
 269      C645F1C9 
 269      165B7CE2 
 269      DB69
 270 0958 0EC37B7F 		.ascii	"\016\303{\177\3768\342\235\350hA\2670\336\361w\243\325"
 270      FE38E29D 
 270      E86841B7 
 270      30DEF177 
 270      A3D5
 271 096a 9A9694E2 		.ascii	"\232\226\224\342\234\022cu\316\267\275\036\227\260 "
 271      9C126375 
 271      CEB7BD1E 
 271      97B020
 272 0979 695E92C3 		.ascii	"i^\222\303\231\226\230d\217s\332\355\311\216\270OS\322"
 272      99969864 
 272      8F73DAED 
 272      C98EB84F 
 272      53D2
 273 098b 22D85D44 		.ascii	"\"\330]D|\352\302\010\333\302y\266\304D[b\334\324IS"
 273      7CEAC208 
 273      DBC279B6 
 273      C4445B62 
 273      DCD44953 
 274 099f 22622647 		.ascii	"\"b&G\277\362\217\3508\234\237\230bO\261M\264\305\317"
 274      BFF28FE8 
 274      389C9F98 
 274      624FB14D 
 274      B4C5CF
 275 09b2 4B8A4B4A 		.ascii	"K\212KJIHNK\264\305-\214G])\2668k\242m~|Z\262\323\352"
 275      49484E4B 
 275      B4C52D8C 
 275      475D29B6 
 275      386BA26D 
 276 09cc FC6C91CD 		.ascii	"\374l\221\3151i\201`P\354\375\355\027\265\347\370\314"
 276      31698160 
 276      50ECFDED 
 276      17B5E7F8 
 276      CC
 277 09dd 11677538 		.ascii	"\021gu8\023Q9\0321%\331\027\331S\235\324C\253\363\335"
 277      1351391A 
 277      3125D917 
 277      D9539DD4 
 277      43ABF3DD 
 278 09f1 19AFC7BD 		.ascii	"\031\257\307\275C\015\315\341\206\230Q\273#\372\225"
 278      430DCDE1 
 278      869851BB 
 278      23FA95
 279 0a00 A9517647 		.ascii	"\251QvG\324\202\370\344(\212uD\315\371\350\303)1Q\263"
 279      D482F8E4 
 279      288A7544 
 279      CDF9E8C3 
ARM GAS  C:\Users\CYIRKO~1\AppData\Local\Temp\cc9pLuQj.s 			page 22


 279      293151B3 
 280 0a14 664D8F7A 		.ascii	"fM\217zo\366\373\261\377\214\241\217\254\0308krr\"\352"
 280      6FF6FBB1 
 280      FF8CA18F 
 280      AC18386B 
 280      727222EA 
 281 0a28 0CA0A8A4 		.ascii	"\014\240\250\244D\335\237\336\265\314\244?\263t\263"
 281      44DD9FDE 
 281      B5CCA43F 
 281      B374B3
 282 0a37 DEF9C0A2 		.ascii	"\336\371\300\242{{\216\305\002\237\300L}B\262->U\216"
 282      7B7B8EC5 
 282      029FC04C 
 282      7D42B22D 
 282      3E558E
 283 0a4a 67F454AB 		.ascii	"g\364T\253\323\240\334\020\207\315Ib\247[\310\373\323"
 283      D3A0DC10 
 283      87CD4962 
 283      A75BC8FB 
 283      D3
 284 0a5b 2DFAD91F 		.ascii	"-\372\331\037\317\236n\011\214\2353{\306\214\351\226"
 284      CF9E6E09 
 284      8C9D337B 
 284      C68CE996 
 285 0a6b 80D88FFE 		.ascii	"\200\330\217\376:{\206E\377a\354\364\031\026\362\266"
 285      3A7B8645 
 285      FF61ECF4 
 285      1916F2B6 
 286 0a7b C5627238 		.ascii	"\305br8\027bl>]\224d\267:\215\334\211\244D\2533\300"
 286      17626C3E 
 286      5D9464B7 
 286      3A8DDC89 
 286      A444AB33 
 287 0a90 3E7F3E6A 		.ascii	">\177>j1Q\225\326\371\361\016\347\253V\347\334_6~J\350"
 287      315195D6 
 287      F9F10EE7 
 287      AB56E7DC 
 287      5F367E4A 
 288 0aa5 A6FC6CB4 		.ascii	"\246\374l\264d\021%<(\243\177?\026++\352g%\035\251\011"
 288      6411253C 
 288      28A37F3F 
 288      162B2BEA 
 288      67251DA9 
 289 0aba 1EA90421 		.ascii	"\036\251\004!\030\273OR\223\2346\224\015\301\37396'"
 289      18BB4F52 
 289      939C3694 
 289      0DC1FB39 
 289      3627
 290 0acc DE7D684F 		.ascii	"\336}hO\264\031\222\354\013\261\263:\177\245\304\337"
 290      B41992EC 
 290      0BB1B33A 
 290      7FA5C4DF 
 291 0adc 8ADE7F9A 		.ascii	"\212\336\177\232jO[D\347C\254\326\371i)\011V\353\244"
 291      6A4F5B44 
 291      E743ACD6 
 291      F9692909 
 291      56EBA4
ARM GAS  C:\Users\CYIRKO~1\AppData\Local\Temp\cc9pLuQj.s 			page 23


 292 0aef 575EFDE3 		.ascii	"W^\375\343k\006e\244KX\020\237\252}6\365\017\317\214"
 292      6B0665A4 
 292      4B58109F 
 292      AA7D36F5 
 292      0FCF8C
 293 0b02 5EFB2F45 		.ascii	"^\373/E\307`\354"
 293      C760EC
 294              		.text
 295              		.section	.gnu.lto_.symtab.df53c4b0,"",%progbits
 296 0000 70616C52 		.ascii	"palReadBus\000"
 296      65616442 
 296      757300
 297 000b 00       		.ascii	"\000"
 298 000c 00       		.ascii	"\000"
 299 000d 00       		.ascii	"\000"
 300 000e 00000000 		.ascii	"\000\000\000\000\000\000\000\000"
 300      00000000 
 301 0016 0B010000 		.ascii	"\013\001\000\000"
 302 001a 70616C57 		.ascii	"palWriteBus\000"
 302      72697465 
 302      42757300 
 303 0026 00       		.ascii	"\000"
 304 0027 00       		.ascii	"\000"
 305 0028 00       		.ascii	"\000"
 306 0029 00000000 		.ascii	"\000\000\000\000\000\000\000\000"
 306      00000000 
 307 0031 10010000 		.ascii	"\020\001\000\000"
 308 0035 70616C53 		.ascii	"palSetBusMode\000"
 308      65744275 
 308      734D6F64 
 308      6500
 309 0043 00       		.ascii	"\000"
 310 0044 00       		.ascii	"\000"
 311 0045 00       		.ascii	"\000"
 312 0046 00000000 		.ascii	"\000\000\000\000\000\000\000\000"
 312      00000000 
 313 004e 18010000 		.ascii	"\030\001\000\000"
 314 0052 5F70616C 		.ascii	"_pal_lld_setgroupmode\000"
 314      5F6C6C64 
 314      5F736574 
 314      67726F75 
 314      706D6F64 
 315 0068 00       		.ascii	"\000"
 316 0069 02       		.ascii	"\002"
 317 006a 00       		.ascii	"\000"
 318 006b 00000000 		.ascii	"\000\000\000\000\000\000\000\000"
 318      00000000 
 319 0073 1E010000 		.ascii	"\036\001\000\000"
 320              		.text
 321              		.section	.gnu.lto_.opts,"",%progbits
 322 0000 272D666D 		.ascii	"'-fmath-errno' '-fsigned-zeros' '-ftrapping-math' '"
 322      6174682D 
 322      6572726E 
 322      6F272027 
 322      2D667369 
 323 0033 2D666E6F 		.ascii	"-fno-trapv' '-fno-openmp' '-fno-openacc' '-mcpu=cor"
 323      2D747261 
ARM GAS  C:\Users\CYIRKO~1\AppData\Local\Temp\cc9pLuQj.s 			page 24


 323      70762720 
 323      272D666E 
 323      6F2D6F70 
 324 0066 7465782D 		.ascii	"tex-m7' '-mno-thumb-interwork' '-mthumb' '-ggdb' '-"
 324      6D372720 
 324      272D6D6E 
 324      6F2D7468 
 324      756D622D 
 325 0099 4F322720 		.ascii	"O2' '-fomit-frame-pointer' '-falign-functions=16' '"
 325      272D666F 
 325      6D69742D 
 325      6672616D 
 325      652D706F 
 326 00cc 2D666675 		.ascii	"-ffunction-sections' '-fdata-sections' '-fno-common"
 326      6E637469 
 326      6F6E2D73 
 326      65637469 
 326      6F6E7327 
 327 00ff 2720272D 		.ascii	"' '-flto'\000"
 327      666C746F 
 327      2700
 328              		.text
 329              		.comm	__gnu_lto_v1,1,1
 330              		.comm	__gnu_lto_slim,1,1
 331              		.ident	"GCC: (GNU Tools for ARM Embedded Processors 6-2017-q1-update) 6.3.1 20170215 (release) [AR
ARM GAS  C:\Users\CYIRKO~1\AppData\Local\Temp\cc9pLuQj.s 			page 25


DEFINED SYMBOLS
                            *ABS*:00000000 hal_pal.c
                            *COM*:00000001 __gnu_lto_v1
                            *COM*:00000001 __gnu_lto_slim

NO UNDEFINED SYMBOLS
