ARM GAS  C:\Users\CYIRKO~1\AppData\Local\Temp\ccBJvRwg.s 			page 1


   1              		.cpu cortex-m7
   2              		.eabi_attribute 20, 1
   3              		.eabi_attribute 21, 1
   4              		.eabi_attribute 23, 3
   5              		.eabi_attribute 24, 1
   6              		.eabi_attribute 25, 1
   7              		.eabi_attribute 26, 1
   8              		.eabi_attribute 30, 2
   9              		.eabi_attribute 34, 1
  10              		.eabi_attribute 18, 4
  11              		.file	"main.c"
  12              		.text
  13              	.Ltext0:
  14              		.section	.gnu.lto_.profile.df57c1c8,"",%progbits
  15 0000 789C6365 		.ascii	"x\234ce`b`a```d0b\005\000\000\351\000D"
  15      60626061 
  15      60606064 
  15      30620500 
  15      00E90044 
  16              		.text
  17              		.section	.gnu.lto_.icf.df57c1c8,"",%progbits
  18 0000 789C6365 		.ascii	"x\234ce`b\340`@\000F\206\317\327\267\367\2611\000\000"
  18      6062E060 
  18      40004686 
  18      CFD7B7F7 
  18      B1310000 
  19 0014 0FDB0326 		.ascii	"\017\333\003&"
  20              		.text
  21              		.section	.gnu.lto_.jmpfuncs.df57c1c8,"",%progbits
  22 0000 789C6365 		.ascii	"x\234ce`b\340b@\000F8\013\000\001\262\000\023"
  22      6062E062 
  22      40004638 
  22      0B0001B2 
  22      0013
  23              		.text
  24              		.section	.gnu.lto_.inline.df57c1c8,"",%progbits
  25 0000 789C6365 		.ascii	"x\234ce`b\320a@\000F\006\006v#F\240 \003\003\013\230"
  25      6062D061 
  25      40004606 
  25      06762346 
  25      A0200303 
  26 0016 6460E4C2 		.ascii	"d`\344\302A0\000\000\031\010\000\256"
  26      41300000 
  26      190800AE 
  27              		.text
  28              		.section	.gnu.lto_.pureconst.df57c1c8,"",%progbits
  29 0000 789C6365 		.ascii	"x\234ce`b`f```d0\001\000\000\240\000@"
  29      60626066 
  29      60606064 
  29      30010000 
  29      A00040
  30              		.text
  31              		.section	.gnu.lto_main.df57c1c8,"",%progbits
  32 0000 789C6D90 		.ascii	"x\234m\2201K\003A\020\205\337\333\331\313EQ\301>\205"
  32      314B0341 
  32      1085DFDB 
  32      D9CB4551 
ARM GAS  C:\Users\CYIRKO~1\AppData\Local\Temp\ccBJvRwg.s 			page 2


  32      C13E85
  33 0013 A5692CED 		.ascii	"\245i,\355\375%\"V)\"XX\337\211\202p\202Z(\341D8\273"
  33      FD252256 
  33      29225858 
  33      DF898270 
  33      825A28E1 
  34 002a 44A3172D 		.ascii	"D\243\027-\323]e\247\240`e\247\205\2406\376\000\243"
  34      D35D65A7 
  34      A06065A7 
  34      85A036FE 
  34      00A3
  35 003c 339CC515 		.ascii	"3\234\305\0257\260\273\363f\276\331\231\335\000\016"
  35      37B0BBF3 
  35      66BED999 
  35      DD000E
  36 004b AB04A600 		.ascii	"\253\004\246\000,\353b\000\272\243\007`\273\351(\245"
  36      2CEB6200 
  36      BAA30760 
  36      BBE928A5 
  37 005b 23F4A5E3 		.ascii	"#\364\245\343\313\310\012\0219\361\324\015\245\035J"
  37      CBC80A11 
  37      39F1D40D 
  37      A51D4A
  38 006a 4FF8B87B 		.ascii	"O\370\270{s&\007\222\011\350U~\337\237\276\315\231$"
  38      73260792 
  38      09E8557E 
  38      DF9FBECD 
  38      9924
  39 007c 17543E1F 		.ascii	"\027T>\037\347\303\231v?V+z9\323A\3413qH\225\036\260"
  39      E7C39976 
  39      3F562B7A 
  39      39D341E1 
  39      33714895 
  40 0092 C53E5BD6 		.ascii	"\305>[\326\375\202m(\374z;9\231mx\313j\360\222\015\235"
  40      FD826D28 
  40      FC7A3B39 
  40      996D78CB 
  40      6AF0920D 
  41 00a7 10A32716 		.ascii	"\020\243'\026\361\344w/.\356\346?\246C \321,\261\257"
  41      F1E4772F 
  41      2EEEE63F 
  41      A64320D1 
  41      2CB1AF
  42 00ba B7503EB9 		.ascii	"\267P>\271s\376\276h\250\325\217\307_/a\364\02373\221"
  42      73FEBE68 
  42      A8D58FC7 
  42      5F2F61F4 
  42      13373391 
  43 00ce 54B49843 		.ascii	"T\264\230CF\310\304\303\270N=\346\024\273\252`\335z"
  43      46C8C4C3 
  43      B84E3DE6 
  43      14BBAA60 
  43      DD7A
  44 00e0 CC9A5E57 		.ascii	"\314\232^W\260\315z\314+\226W\260\255z,Pl\364\217\331"
  44      B0CD7ACC 
  44      2B9657B0 
  44      AD7A2C50 
ARM GAS  C:\Users\CYIRKO~1\AppData\Local\Temp\ccBJvRwg.s 			page 3


  44      6CF48FD9 
  45 00f4 8B04FAC3 		.ascii	"\213\004\372\303\222\250\322\223\211\315\256\026v\327"
  45      92A8D293 
  45      89CDAE16 
  45      76D7
  46 0102 3A1B4BEB 		.ascii	":\033K\353\370\003\327\010s\375"
  46      F803D708 
  46      73FD
  47              		.text
  48              		.section	.gnu.lto_.symbol_nodes.df57c1c8,"",%progbits
  49 0000 789C55C8 		.ascii	"x\234U\310\273\015\2030\024F\341s\177\343\275\330\354"
  49      BB0D8330 
  49      1446E173 
  49      7FE3BDD8 
  49      EC
  50 0011 BA608028 		.ascii	"\272`\200(5\217X\362\024\251\251\231\201H\231#\212q"
  50      358F58F2 
  50      14A9A999 
  50      81489923 
  50      8A71
  51 0023 854F73A4 		.ascii	"\205Os\244/\"\236\3244\313\341q@\335;e\003\313rk\004"
  51      2F229ED4 
  51      34CBE171 
  51      40DD3B65 
  51      03CB726B 
  52 0038 298D155E 		.ascii	")\215\025^ru\260\311C\007\253|\350`\221\307;\004\"\345"
  52      7275B0C9 
  52      4307AB7C 
  52      E86091C7 
  52      3B0422E5 
  53 004c FC596060 		.ascii	"\374Y``o\017|\333\305\364\271n\224z\376+\302%+"
  53      6F0F7CDB 
  53      C5F4B96E 
  53      947AFE2B 
  53      C2252B
  54              		.text
  55              		.section	.gnu.lto_.refs.df57c1c8,"",%progbits
  56 0000 789C6365 		.ascii	"x\234ce`b`d\000\002\000\000I\000\011"
  56      60626064 
  56      00020000 
  56      490009
  57              		.text
  58              		.section	.gnu.lto_.decls.df57c1c8,"",%progbits
  59 0000 789C7D92 		.ascii	"x\234}\222_HSq\024\307\177\347^\327\364\272l\231\311"
  59      5F485371 
  59      14C77FE7 
  59      5ED7F4BA 
  59      6C99C9
  60 0013 1E7C10F1 		.ascii	"\036|\020\361\301\247-_\012\242 \220\376\275\224 \365"
  60      C1A72D5F 
  60      0AA22090 
  60      FEBD9420 
  60      F5
  61 0024 648CB95D 		.ascii	"d\214\271]\330\205\271\305\356\014|\373\345$\244(\242"
  61      D885B9C5 
  61      EE0C7CFB 
  61      E524A428 
ARM GAS  C:\Users\CYIRKO~1\AppData\Local\Temp\ccBJvRwg.s 			page 4


  61      A2
  62 0035 3FC62263 		.ascii	"?\306\"co\231\371g\376\233\316?\260J\211p\006\025\022"
  62      6F99F967 
  62      FE9BCE3F 
  62      B04A8970 
  62      061512
  63 0048 A139D3B0 		.ascii	"\2419\323\260\207 \024\204\214\020;\277\337\275\327"
  63      87201484 
  63      8C103BBF 
  63      DFBDD7
  64 0057 BB323AEC 		.ascii	"\2732:\354\374\3569\347w>\337\363\373\335;\013\021H"
  64      FCEE39E7 
  64      773EDFF3 
  64      FBDD3B0B 
  64      1148
  65 0069 9348C816 		.ascii	"\223H\310\026!\244\015}\033M\300g\0171m\017z/z?\372"
  65      21A40D7D 
  65      1B4DC067 
  65      0F316D0F 
  65      7A2F7A3F 
  66 007e 20FA30FA 		.ascii	" \3720\372\010z\212\354\266K@\210\005\237\305\350%\350"
  66      087A8AEC 
  66      B64B4088 
  66      059FC5E8 
  66      25E8
  67 0090 B5E813E8 		.ascii	"\265\350\023\350\211\277\264R\272\306\260\256\331\377"
  67      89BFB452 
  67      BAC6B0AE 
  67      D9FF
  68 009e 0FAD0722 		.ascii	"\017\255\007\"$oNM\012\213\260\000x&\260\363*\200\266"
  68      246F4E4D 
  68      0A8BB000 
  68      7826B0F3 
  68      2A80B6
  69 00b1 02779E6E 		.ascii	"\002w\236n\033\006\300\353X\025\370\2525\362\022\030"
  69      1B06C0EB 
  69      5815F8AA 
  69      35F21218 
  70 00c1 849E0B7A 		.ascii	"\204\236\013z*\350\222\374\247\303\220\243\250mk\223"
  70      2AE892FC 
  70      A7C390A3 
  70      A86D6B93 
  71 00d1 0C235ABB 		.ascii	"\014#Z\273v\022\302\3255\032\004s\000@.\220#\250\035"
  71      7612C2D5 
  71      351A0473 
  71      00402E90 
  71      23A81D
  72 00e4 5BDFDF39 		.ascii	"[\337\3379\0371/\007\306\355\327c\231U)\013\237X5~\002"
  72      1F312F07 
  72      C6EDD763 
  72      9955290B 
  72      9F58357E 
  73 00f9 782D9699 		.ascii	"x-\226\231\271+\212\002\2608\373\263\363\224\263\233"
  73      B92B8A02 
  73      B038FBB3 
  73      F394B39B 
  74 0109 6A966F35 		.ascii	"j\226o5_\333\364\366\217\364\276[\"\024K `\372n-\323"
ARM GAS  C:\Users\CYIRKO~1\AppData\Local\Temp\ccBJvRwg.s 			page 5


  74      5FDBF4F6 
  74      8FF4BE5B 
  74      22144B20 
  74      60FA6E2D 
  75 011e 51886989 		.ascii	"Q\210i\211\004vL7\257\316=\227\034\355\234\212R\273"
  75      04764C37 
  75      AFCE3D97 
  75      1CED9C8A 
  75      52BB
  76 0130 00B51274 		.ascii	"\000\265\022tC\031<\2032\034\336\003\016\\\033\3624"
  76      43193C83 
  76      321CDE03 
  76      0E5C1BF2 
  76      34
  77 0141 A5A5F5D7 		.ascii	"\245\245\365\327\367\363+\3424\376\231\246_-\037\214"
  77      F7F32BE2 
  77      34FE99A6 
  77      5F2D1F8C 
  78 0151 D1740B52 		.ascii	"\321t\013R\002\353\202\247 B\0278\331\2111\304\265\023"
  78      02EB82A7 
  78      20421738 
  78      D98931C4 
  78      B513
  79 0163 B2004F60 		.ascii	"\262\000O`\021\357\323\013\025H\217%\3073{E\007?\354"
  79      11EFD30B 
  79      15488F25 
  79      C7337B45 
  79      073FEC
  80 0176 AEA9174B 		.ascii	"\256\251\027Ks\246&\376\230\272u\255{\264\000\247.Q"
  80      73A626FE 
  80      98BA75AD 
  80      7BB400A7 
  80      2E51
  81 0188 9AFEDA5A 		.ascii	"\232\376\332Z\324\036\215W\261\016\3503'\366\261\211"
  81      D41E8D57 
  81      B10EE833 
  81      27F6B189 
  82 0198 2CE8E793 		.ascii	",\350\347\223\026\346\351\224(\036\347\223Rs]\367\014"
  82      16E6E994 
  82      281EE793 
  82      52735DF7 
  82      0C
  83 01a9 FA57ECD8 		.ascii	"\372W\354\330\035\203\0360\351\001\203\036\344\364\372"
  83      1D831E30 
  83      E901831E 
  83      E4F4FA
  84 01b8 F78F1BA2 		.ascii	"\367\217\033\242\350\345\364l\307\374\202E\247W\036"
  84      E8E5F46C 
  84      C7FC8245 
  84      A7571E
  85 01c7 57EDD043 		.ascii	"W\355\320C&=d\320\303\234^\033\244\313\222x\0038\336"
  85      263D64D0 
  85      C39C5E1B 
  85      A4CB9278 
  85      0338DE
  86 01da B3F6E2BD 		.ascii	"\263\366\342\275U\307\263]\225\223\211/\264M\342\367"
  86      55C7B35D 
ARM GAS  C:\Users\CYIRKO~1\AppData\Local\Temp\ccBJvRwg.s 			page 6


  86      9593892F 
  86      B44DE2F7 
  87 01ea 83A4A990 		.ascii	"\203\244\251\2204\024F\270\302\344\306\364\264M|\251"
  87      341446B8 
  87      C2E4C6F4 
  87      B44D7CA9 
  88 01fa 294457B3 		.ascii	")DW\263\363\202\256\360-U\371f\200\266Z8?j\362\243\006"
  88      F382AEF0 
  88      2D55F966 
  88      80B65A38 
  88      3F6AF2A3 
  89 020f 9FE2FCDB 		.ascii	"\237\342\374\333\326\304#Q\373\336y\354:\263\017W\212"
  89      D6C42351 
  89      FBDE79EC 
  89      3AB30F57 
  89      8A
  90 0220 B4EF5DCE 		.ascii	"\264\357]\316\376&\233\037\026m\266\353\224\266\320"
  90      FE269B1F 
  90      166DB6EB 
  90      94B6D0
  91 022f DB515A70 		.ascii	"\333QZp\206\213\215\343\253\037\343\257~\002l\206,\206"
  91      868B8DE3 
  91      AB1FE3AF 
  91      7E026C86 
  91      2C86
  92 0241 24AFD1A3 		.ascii	"$\257\321\243\004\363O\237\273P^S]M\254,szI\241*\207"
  92      04F34F9F 
  92      BB505E53 
  92      5D4DAC2C 
  92      737A49A1 
  93 0257 154FC07D 		.ascii	"\025O\300}6\250D\034J\320\033h\362\311.5\024\364\204"
  93      36A8441C 
  93      4AD01B68 
  93      F2C92E35 
  93      14F484
  94 026a DDAA1C54 		.ascii	"\335\252\034TCa\325\351'\373\003\001\237\373\274/\324"
  94      4361D5E9 
  94      27FB0301 
  94      9FFBBC2F 
  94      D4
  95 027b 2847C2CD 		.ascii	"(G\302\315\274\365\200\321\032\322\253\330e\367\205"
  95      BCF580D1 
  95      1AD2ABD8 
  95      65F785
  96 028a 952BB2BB 		.ascii	"\225+\262\273\356\262,\373xS\251\321\244m\250l\003\373"
  96      EEB22CFB 
  96      7853A9D1 
  96      A46DA86C 
  96      03FB
  97 029c AC7E4F80 		.ascii	"\254~O\200m\273N\036\255\257\361+\015J]\244\311\247"
  97      6DBB4E1E 
  97      ADAFF12B 
  97      0D4A5DA4 
  97      C9A7
  98 02ae 84EABD2C 		.ascii	"\204\352\275,\016\251\325G\016\273B\252\013\233\\\006"
  98      0EA9D547 
  98      0EBB42AA 
ARM GAS  C:\Users\CYIRKO~1\AppData\Local\Temp\ccBJvRwg.s 			page 7


  98      0B9B5C06 
  99 02be 8F317205 		.ascii	"\2171r\005^\177]\263\312\310C\377%\303\221\035\320\353"
  99      5E7F5DB3 
  99      CAC843FF 
  99      25C3911D 
  99      D0EB
 100 02d0 579BD905 		.ascii	"W\233\331\005~\003!\023IK"
 100      7E032113 
 100      494B
 101              		.text
 102              		.section	.gnu.lto_.symtab.df57c1c8,"",%progbits
 103 0000 6D61696E 		.ascii	"main\000"
 103      00
 104 0005 00       		.ascii	"\000"
 105 0006 00       		.ascii	"\000"
 106 0007 00       		.ascii	"\000"
 107 0008 00000000 		.ascii	"\000\000\000\000\000\000\000\000"
 107      00000000 
 108 0010 AE000000 		.ascii	"\256\000\000\000"
 109 0014 73657269 		.ascii	"serial_Init\000"
 109      616C5F49 
 109      6E697400 
 110 0020 00       		.ascii	"\000"
 111 0021 02       		.ascii	"\002"
 112 0022 00       		.ascii	"\000"
 113 0023 00000000 		.ascii	"\000\000\000\000\000\000\000\000"
 113      00000000 
 114 002b B1000000 		.ascii	"\261\000\000\000"
 115 002f 6C6C645F 		.ascii	"lld_Odometry_Init\000"
 115      4F646F6D 
 115      65747279 
 115      5F496E69 
 115      7400
 116 0041 00       		.ascii	"\000"
 117 0042 02       		.ascii	"\002"
 118 0043 00       		.ascii	"\000"
 119 0044 00000000 		.ascii	"\000\000\000\000\000\000\000\000"
 119      00000000 
 120 004c B3000000 		.ascii	"\263\000\000\000"
 121 0050 64726976 		.ascii	"drive_Speed_Init\000"
 121      655F5370 
 121      6565645F 
 121      496E6974 
 121      00
 122 0061 00       		.ascii	"\000"
 123 0062 02       		.ascii	"\002"
 124 0063 00       		.ascii	"\000"
 125 0064 00000000 		.ascii	"\000\000\000\000\000\000\000\000"
 125      00000000 
 126 006c B5000000 		.ascii	"\265\000\000\000"
 127 0070 68616C49 		.ascii	"halInit\000"
 127      6E697400 
 128 0078 00       		.ascii	"\000"
 129 0079 02       		.ascii	"\002"
 130 007a 00       		.ascii	"\000"
 131 007b 00000000 		.ascii	"\000\000\000\000\000\000\000\000"
 131      00000000 
ARM GAS  C:\Users\CYIRKO~1\AppData\Local\Temp\ccBJvRwg.s 			page 8


 132 0083 B7000000 		.ascii	"\267\000\000\000"
 133 0087 63685379 		.ascii	"chSysInit\000"
 133      73496E69 
 133      7400
 134 0091 00       		.ascii	"\000"
 135 0092 02       		.ascii	"\002"
 136 0093 00       		.ascii	"\000"
 137 0094 00000000 		.ascii	"\000\000\000\000\000\000\000\000"
 137      00000000 
 138 009c B9000000 		.ascii	"\271\000\000\000"
 139              		.text
 140              		.section	.gnu.lto_.opts,"",%progbits
 141 0000 272D666D 		.ascii	"'-fmath-errno' '-fsigned-zeros' '-ftrapping-math' '"
 141      6174682D 
 141      6572726E 
 141      6F272027 
 141      2D667369 
 142 0033 2D666E6F 		.ascii	"-fno-trapv' '-fno-openmp' '-fno-openacc' '-mcpu=cor"
 142      2D747261 
 142      70762720 
 142      272D666E 
 142      6F2D6F70 
 143 0066 7465782D 		.ascii	"tex-m7' '-mno-thumb-interwork' '-mthumb' '-ggdb' '-"
 143      6D372720 
 143      272D6D6E 
 143      6F2D7468 
 143      756D622D 
 144 0099 4F322720 		.ascii	"O2' '-fomit-frame-pointer' '-falign-functions=16' '"
 144      272D666F 
 144      6D69742D 
 144      6672616D 
 144      652D706F 
 145 00cc 2D666675 		.ascii	"-ffunction-sections' '-fdata-sections' '-fno-common"
 145      6E637469 
 145      6F6E2D73 
 145      65637469 
 145      6F6E7327 
 146 00ff 2720272D 		.ascii	"' '-flto'\000"
 146      666C746F 
 146      2700
 147              		.text
 148              		.comm	__gnu_lto_v1,1,1
 149              		.comm	__gnu_lto_slim,1,1
 150              		.ident	"GCC: (GNU Tools for ARM Embedded Processors 6-2017-q1-update) 6.3.1 20170215 (release) [AR
ARM GAS  C:\Users\CYIRKO~1\AppData\Local\Temp\ccBJvRwg.s 			page 9


DEFINED SYMBOLS
                            *ABS*:00000000 main.c
                            *COM*:00000001 __gnu_lto_v1
                            *COM*:00000001 __gnu_lto_slim

NO UNDEFINED SYMBOLS
