ARM GAS  C:\Users\CYIRKO~1\AppData\Local\Temp\cc6HK0kq.s 			page 1


   1              		.cpu cortex-m7
   2              		.eabi_attribute 20, 1
   3              		.eabi_attribute 21, 1
   4              		.eabi_attribute 23, 3
   5              		.eabi_attribute 24, 1
   6              		.eabi_attribute 25, 1
   7              		.eabi_attribute 26, 1
   8              		.eabi_attribute 30, 2
   9              		.eabi_attribute 34, 1
  10              		.eabi_attribute 18, 4
  11              		.file	"nvic.c"
  12              		.text
  13              	.Ltext0:
  14              		.section	.gnu.lto_.profile.df53c1af,"",%progbits
  15 0000 789C6365 		.ascii	"x\234ce`b`a```d\220\022\003\000\000\312\000="
  15      60626061 
  15      60606064 
  15      90120300 
  15      00CA003D 
  16              		.text
  17              		.section	.gnu.lto_.icf.df53c1af,"",%progbits
  18 0000 789C6365 		.ascii	"x\234ce`b\220b@\000\026\206\027\337\372'q3~\336ur'\033"
  18      60629062 
  18      40001686 
  18      17DFFA27 
  18      71337EDE 
  19 0018 D385E635 		.ascii	"\323\205\3465\217\270\231;\356\375hab\000\000\253P\014"
  19      8FB8993B 
  19      EEFD6861 
  19      620000AB 
  19      500C
  20 002a 3B       		.ascii	";"
  21              		.text
  22              		.section	.gnu.lto_.jmpfuncs.df53c1af,"",%progbits
  23 0000 789C6365 		.ascii	"x\234ce`b\220b@\000\026\006&FF\346\372zF \250g\202\260"
  23      60629062 
  23      40001606 
  23      264646E6 
  23      FA7A4620 
  24 0018 99416C06 		.ascii	"\231Al\006\000)\250\003:"
  24      0029A803 
  24      3A
  25              		.text
  26              		.section	.gnu.lto_.inline.df53c1af,"",%progbits
  27 0000 789C4D8C 		.ascii	"x\234M\214\321\021\2000\014B!M\323\350\217#\324\011"
  27      D1118030 
  27      0C42214D 
  27      D3E88F23 
  27      D409
  28 0012 5CD2453A 		.ascii	"\\\322E:\222\2438\202\261\236U>\270\343\036\220!\330"
  28      92A33882 
  28      B19E553E 
  28      B8E31E90 
  28      21D8
  29 0024 F1498179 		.ascii	"\361I\201y\242pe\204\333\324\316\015\326\252@\216E\021"
  29      A2706584 
  29      DBD4CE0D 
ARM GAS  C:\Users\CYIRKO~1\AppData\Local\Temp\cc6HK0kq.s 			page 2


  29      D6AA408E 
  29      4511
  30 0036 C9833808 		.ascii	"\311\2038\010/d\257$m\365\251\004\325~\"\310J\366\227"
  30      2F64AF24 
  30      6DF5A904 
  30      D57E22C8 
  30      4AF697
  31 0049 14BBDF41 		.ascii	"\024\273\337A(\241\330;\035pLq\001\226\277\015\245"
  31      28A1D83B 
  31      1D704C71 
  31      0196BF0D 
  31      A5
  32              		.text
  33              		.section	.gnu.lto_.pureconst.df53c1af,"",%progbits
  34 0000 789C6365 		.ascii	"x\234ce`b\340d```a\220b\224b\222b\226\002\000\002\321"
  34      6062E064 
  34      60606061 
  34      90629462 
  34      92629602 
  35 0017 0083     		.ascii	"\000\203"
  36              		.text
  37              		.section	.gnu.lto_nvicEnableVector.df53c1af,"",%progbits
  38 0000 789C9D53 		.ascii	"x\234\235SML\023A\024\236o_\267\333B\251g#\021\016&"
  38      4D4C1341 
  38      149E6F5F 
  38      B7DB42A9 
  38      6723110E 
  39 0015 0D1737BD 		.ascii	"\015\0277\275hbL\014\022\274q\321+\027\255\007\232H"
  39      68624C0C 
  39      12BC71D1 
  39      2B17AD07 
  39      9A48
  40 0027 9700126F 		.ascii	"\227\000\022oL\013\226X\215\022\005*\306fk\202\362'"
  40      4C0B9658 
  40      8D12052A 
  40      C6666B82 
  40      F227
  41 0039 94222AA0 		.ascii	"\224\"*\240&MCbz@\243\361f\342A\214\246\007\0146\036"
  41      264D4362 
  41      7A40A3F1 
  41      66E2418C 
  41      A6070C36 
  42 004e 3C00FA66 		.ascii	"<\000\372f\267\211&\352A'\231\231\367\346}\337{\357"
  42      B78926EA 
  42      41279999 
  42      F7E67DDF 
  42      7BEF
  43 0060 9BD9D585 		.ascii	"\233\331\325\205&\216\223\020\255B\210}<A\002\332\360"
  43      268E9310 
  43      AD42887D 
  43      3C4102DA 
  43      F0
  44 0071 0B21E23E 		.ascii	"\013!\342>\015P\206\364A\364k\350\3075J\023\212C\037"
  44      0D5086F4 
  44      41F46BE8 
  44      C7354A13 
  44      8A431F
ARM GAS  C:\Users\CYIRKO~1\AppData\Local\Temp\cc6HK0kq.s 			page 3


  45 0084 57B4A649 		.ascii	"W\264\246I\311\243\220\256\354\225S\005\330L\037\347"
  45      C9A390AE 
  45      EC955305 
  45      D84C1FE7 
  46 0094 A90626D1 		.ascii	"\251\006&\321\304\250W\203\013\267\351*\331\004x\330"
  46      C4A85783 
  46      0BB7E92A 
  46      D90478D8 
  47 00a4 FDB27E6B 		.ascii	"\375\262~k#\250\\\015\215\354\356\310\221\261 \035\203"
  47      23A85C0D 
  47      8DECEEC8 
  47      91B1201D 
  47      83
  48 00b5 607BBC38 		.ascii	"`{\2748\372\266.tW\312\204,\254\215\220<`\023a\006\304"
  48      FAB62E74 
  48      57CA842C 
  48      AC8D903C 
  48      60136106 
  49 00ca 09318D7A 		.ascii	"\0111\215zL\241^\360\221\300,B\014\237M|\332$jv\250"
  49      4CA15EF0 
  49      91C02C42 
  49      0C9F4D7C 
  49      DA246A76 
  50 00df 974A3B1B 		.ascii	"\227J;\033F\225\372a\264J\275\377\007\352\034B\012\377"
  50      4695FA61 
  50      B44ABDFF 
  50      07EA1C42 
  50      0AFF
  51 00f1 3EBF3B5A 		.ascii	">\277;Z\347\365\270\275b\036^\360\236{\215\202\334\375"
  51      E7F5B8BD 
  51      621E5EF0 
  51      9E7B8D82 
  51      DCFD
  52 0103 3E240B6F 		.ascii	">$\013o\356!}\"\000(\270\306D\017\251E\207\252l\260"
  52      EE217D22 
  52      0028B8C6 
  52      440FA945 
  52      87AA6CB0 
  53 0117 A9FBD4E2 		.ascii	"\251\373\324\342\347\305+D\212s\250\313\271L\232\332"
  53      E7C52B44 
  53      8A73A8CB 
  53      B94C9ADA 
  54 0127 A98C4465 		.ascii	"\251\214Deh'W\243\322fH\313\020D\031\003[I\270\007\304"
  54      682757A3 
  54      D26648CB 
  54      10441903 
  54      5B49B807 
  55 013c 67BF5E8B 		.ascii	"g\277^\213\027\036\344\270\2752\212c\245\006\205\341"
  55      171EE4B8 
  55      BD328A63 
  55      A50685E1 
  56 014c E8D8C5E2 		.ascii	"\350\330\305\342KCE\015G\336\322\235\317\337\002\256"
  56      4B43450D 
  56      47DED29D 
  56      CFDF02AE 
  57 015c 2B8B0332 		.ascii	"+\213\0032\310G\3277+\313A\033\2318\337~v\277M>\344"
  57      C847D737 
ARM GAS  C:\Users\CYIRKO~1\AppData\Local\Temp\cc6HK0kq.s 			page 4


  57      2BCB411B 
  57      9938DF7E 
  57      76BF4D3E 
  58 0171 59E70227 		.ascii	"Y\347\002'R\204\365w\213\303{\31499\030\227\2156\371"
  58      5284F577 
  58      8BC37BCC 
  58      39391897 
  58      8D36F9
  59 0184 B1081B37 		.ascii	"\261\010\0337\235wQ\331f\276NQ8\247\202\331\230M5x\000"
  59      9D7751D9 
  59      66BE4E51 
  59      38A782D9 
  59      984D3578 
  60 0199 3343BAF3 		.ascii	"3C\272\363fK\010s\213\252\341J2\223\317V{68\314\304"
  60      664B0873 
  60      8BAAE14A 
  60      3293CF56 
  60      7B3638CC 
  61 01ae D2C4EA76 		.ascii	"\322\304\352v\300\355Y\307C\247\347\201\355\344\264"
  61      C0ED59C7 
  61      43A7E781 
  61      EDE4B4
  62 01bd DF05F95C 		.ascii	"\337\005\371\\\320\215\211\371\225:\005\322\321\200"
  62      D08D89F9 
  62      953A05D2 
  62      D180
  63 01cb 472E682B 		.ascii	"G.h+Y2\\\220_\325_{\236\364\271i\200\307\250g\252\253"
  63      59325C90 
  63      5FD55F7B 
  63      9EF4B969 
  63      80C7A867 
  64 01e1 DEACAAFF 		.ascii	"\336\254\252\377\027m\265Xv\264\341wm}6\005\260\242"
  64      176DB558 
  64      76B4E177 
  64      6D7D3605 
  64      B0A2
  65 01f3 B4198EB6 		.ascii	"\264\031\216\266U\245\315\357\224*\2476j\377\253\330"
  65      55A5CDEF 
  65      942AA736 
  65      6AFFABD8 
  66 0203 13A798F6 		.ascii	"\023\247\230\366\227bO\177\026{\346\026\333D\"\233\273"
  66      97624F7F 
  66      167BE616 
  66      DB44229B 
  66      BB
  67 0214 E25CA3F3 		.ascii	"\342\\\243\363S\244\270Q\376H8\301\321\326#\355-\035"
  67      53A4B851 
  67      FE4838C1 
  67      D1D623ED 
  67      2D1D
  68 0226 D133D153 		.ascii	"\3213\321S\275\347\317F\255\366\210\262\255\236\360"
  68      BDE7CF46 
  68      ADF688B2 
  68      AD9EF0
  69 0235 E143A6D5 		.ascii	"\341C\246\325cv\234>gvY\335\275=f\304\352\354\264bf"
  69      63769C3E 
  69      677659DD 
ARM GAS  C:\Users\CYIRKO~1\AppData\Local\Temp\cc6HK0kq.s 			page 5


  69      BD3D66C4 
  69      EAECB462 
  70 024a F3C9B696 		.ascii	"\363\311\266\226\266\013f\254/\0329\030\021\210y\272"
  70      B60B66AC 
  70      2F1A3918 
  70      118879BA 
  71 025a BAA3D60F 		.ascii	"\272\243\326\017\012\032\035\333"
  71      0A1A1DDB 
  72              		.text
  73              		.section	.gnu.lto_nvicDisableVector.df53c1af,"",%progbits
  74 0000 789C9592 		.ascii	"x\234\225\222Mh\023Q\020\307\337\177g\223lm\023\257"
  74      4D681351 
  74      10C7DF7F 
  74      67936C6D 
  74      13AF
  75 0012 82417B10 		.ascii	"\202A{\020J/.\271(\210\240R\364\326\213^{\321(4`\263"
  75      4A2F2EB9 
  75      2888A052 
  75      F4D68B5E 
  75      7BD12834 
  76 0028 626AF1D6 		.ascii	"bj\361\326\227~\244PQ\213\266\251\025\303F\2104mm\323"
  76      977EA450 
  76      518BB6A9 
  76      15C34688 
  76      346D6DD3 
  77 003c 8FA8ADA7 		.ascii	"\217\250\255\247\260\010\0220\212\202'\301\203\025\321"
  77      B0081230 
  77      8A8227C1 
  77      8315D1
  78 004b 43454B0F 		.ascii	"CEK\017\036juf\327\203\340\311\007\357c\336\376f\376"
  78      1E6A7566 
  78      D783E0C9 
  78      07EF63DE 
  78      FE66FE
  79 005e 33F336A4 		.ascii	"3\3636\244\014u\301P\352\270Rj/O\220\2021\366R\251\254"
  79      0C75C150 
  79      EAB8526A 
  79      2F4F9082 
  79      31F652A9 
  80 0073 650072D0 		.ascii	"e\000r\320\026T\277\201~\334\244I\2027\362i\315h\237"
  80      1654BF81 
  80      7EDCA449 
  80      8237F269 
  80      CD689F
  81 0086 D63C6A93 		.ascii	"\326<j\223\325pN\017\357qI\251)\23620\215v\246^\017"
  81      D5704E0F 
  81      EF7149A9 
  81      299E3230 
  81      8D76A65E 
  82 009b 2DDEA31B 		.ascii	"-\336\243\033\344\022`\262\371\275qw=&\246\201V6\177"
  82      E41260B2 
  82      F9BD7177 
  82      3D26A681 
  82      56367F
  83 00ae EAF17C8C 		.ascii	"\352\361|\214\216A\361y\312\233x\027m{\240\365\200\256"
  83      8E41F179 
  83      CA9B7817 
ARM GAS  C:\Users\CYIRKO~1\AppData\Local\Temp\cc6HK0kq.s 			page 6


  83      6D7BA0F5 
  83      80AE
  84 00c0 BD18277D 		.ascii	"\275\030'}\300%\302,\210\003b\006q\224\021W|\2450\207"
  84      C025C22C 
  84      88036206 
  84      71941157 
  84      7CA53087 
  85 00d4 36E13F2C 		.ascii	"6\341?,\355LD\303f \210\207\010\203\367\312\033\324"
  85      ED4C44C3 
  85      66208887 
  85      0883F7CA 
  85      1BD4
  86 00e6 F4CEAF11 		.ascii	"\364\316\257\021]\373X\302\333S\026 \270\301\216&\311"
  86      5DFB58C2 
  86      DB531620 
  86      B8C18E26 
  86      C9
  87 00f7 62F21252 		.ascii	"b\362\022Rj\224}\244\242kd\310N_0\270\231k\254\024!"
  87      6A947DA4 
  87      A26B64C8 
  87      4E5F30B8 
  87      996BAC14 
  88 010c 710A6414 		.ascii	"q\012d\024\010\254P/=\335n\221dC\010a\236\345\031\333"
  88      08AC502F 
  88      3DDD6E91 
  88      64430861 
  88      9EE519DB 
  89 0120 CECD3405 		.ascii	"\316\3154\005\020\005\320\355\322\302ZT \023\373\261"
  89      1005D0ED 
  89      D2C25A54 
  89      2013FBB1 
  90 0130 1040DF72 		.ascii	"\020@\337r\365H\000I\315\325g\317sV\020\006\250 \316"
  90      F5480049 
  90      CDD567CF 
  90      73561006 
  90      A820CE
  91 0143 AE0C79F9 		.ascii	"\256\014y\371\272-\014\003\371a\357UD\200\260\337\210"
  91      BA2D0C03 
  91      F961EF55 
  91      4480B0DF 
  91      88
  92 0154 EAFDAF3F 		.ascii	"\352\375\257?Z\002S{\203:\306W\26766Wc.\012Ynvq\237"
  92      5A02537B 
  92      833AC657 
  92      B7363657 
  92      632E0A59 
  93 016c 4B112C71 		.ascii	"K\021,qG\026YM\034\032\357\227\307v\333\363z(\253[]"
  93      4716594D 
  93      1C1AEF97 
  93      C776DBF3 
  93      7A28AB5B 
  94 0181 B2B00C17 		.ascii	"\262\260\014\027w\374g\220h\263[eJT\344c\261\317\245"
  94      77FC6790 
  94      68B35B65 
  94      4A54E463 
  94      B1CFA5
  95 0194 26ACC0E6 		.ascii	"&\254\300\346\012\375'\252\"\301)J2[\237\313\353\221"
ARM GAS  C:\Users\CYIRKO~1\AppData\Local\Temp\cc6HK0kq.s 			page 7


  95      0AFD27AA 
  95      22C1294A 
  95      325B9FCB 
  95      EB91
  96 01a6 3FE9FC8F 		.ascii	"?\351\374\217\330.<\362\305\360\257X\332\245f<\0261"
  96      D82E3CF2 
  96      C5F0AF58 
  96      DAA5663C 
  96      1631
  97 01b8 F8624F90 		.ascii	"\370bO\220\370\273\326f(\254r\314\015\014\024\347\256"
  97      F8BBD666 
  97      28AC72CC 
  97      0D0C14E7 
  97      AE
  98 01c9 FB8DF7FF 		.ascii	"\373\215\367\377\233Q\306\371I8\301\243'\217tut\247"
  98      9B51C6F9 
  98      4938C1A3 
  98      278F7475 
  98      74A7
  99 01db CEA5CEF4 		.ascii	"\316\245\316\364^9\237r\272\222rv2\211\303\207l'cw\237"
  99      5E399F72 
  99      BA927276 
  99      3289C387 
  99      6C276377 
 100 01f0 BD685F72 		.ascii	"\275h_r.\367f\354\244\323\323\343\244\355\023\247;;"
 100      2EF766EC 
 100      A4D3D3E3 
 100      A4ED13A7 
 100      3B3B
 101 0202 3AAFDAE9 		.ascii	":\257\332\351\276T\362`R!\375\033\335\"\330\350"
 101      BE54F260 
 101      5221FD1B 
 101      DD22D8E8 
 102              		.text
 103              		.section	.gnu.lto_nvicSetSystemHandlerPriority.df53c1af,"",%progbits
 104 0000 789C6D51 		.ascii	"x\234mQMh\023Q\020\236\357\315f\263\012\366\\\264\207"
 104      4D681351 
 104      109EEFCD 
 104      66B30AF6 
 104      5CB487
 105 0013 1E84D04B 		.ascii	"\036\204\320K\227\\\024D\020\011\342Az\321k/5\025\022"
 105      975C1444 
 105      1009E241 
 105      7AD16B2F 
 105      351512
 106 0026 68B325A9 		.ascii	"h\263%\251\342\255o\223\266\301\012U\3244U\014\033("
 106      E2AD6F93 
 106      B6C10A55 
 106      D434550C 
 106      1B28
 107 0038 526D8D69 		.ascii	"Rm\215i\325K\260H\310\311\034T\364\330\223ZQ\002\006"
 107      D54BB048 
 107      C8C91C54 
 107      F4D8935A 
 107      510206
 108 004b FCE9D5EA 		.ascii	"\374\351\325\352\2745\202\007\037\274}\363\367\315~"
 108      BC358207 
ARM GAS  C:\Users\CYIRKO~1\AppData\Local\Temp\cc6HK0kq.s 			page 8


 108      1FBC7DF3 
 108      F7CD7E
 109 005a DF4C8414 		.ascii	"\337L\204\024uAt\206\210\016\311\005\023\324\365WD\276"
 109      75417486 
 109      880EC905 
 109      13D4F557 
 109      44BE
 110 006c A3006368 		.ascii	"\243\000ch\0074\2430\203k\\f\264\212\237\032jhU\313"
 110      0734A330 
 110      836B5C66 
 110      B48A9F1A 
 110      6A6855CB 
 111 0080 699677ED 		.ascii	"i\226w\355y=\327\0370\321m\271\346`\025CR\365fv\343"
 111      793DD71F 
 111      30D16DB9 
 111      E6601543 
 111      52F56676 
 112 0095 2E2F72C0 		.ascii	"./r\300\200%\356\267\227wv\372\214\2530(n\341\346\363"
 112      8025EEB7 
 112      977776FA 
 112      8CAB3028 
 112      6EE1E6F3 
 113 00a9 2D874F80 		.ascii	"-\207O\200\304\356\352\266o\307\356i\235\327\315\217"
 113      C4EEEAB6 
 113      6FC7EE69 
 113      9DD7CD8F 
 114 00b9 25D68703 		.ascii	"%\326\207\003f\254\201\245!\036`\000\3671@\022\"\254"
 114      66AC81A5 
 114      211E6000 
 114      F7314012 
 114      22AC
 115 00cb 2326E5EB 		.ascii	"#&\345\353\371\317]\346\323!\364J\373\347N\264\007\335"
 115      F9CF5DE6 
 115      D321F44A 
 115      FBE74EB4 
 115      07DD
 116 00dd 2DF7A00F 		.ascii	"-\367\240\017\377\003\255!f\352?l\356\225\016\330\326"
 116      FF03AD21 
 116      66EA3F6C 
 116      EE950ED8 
 116      D6
 117 00ee CA5FBA78 		.ascii	"\312_\272x\004[\224S\375-\232z\357WQ\010\364o\377p\242"
 117      045B9453 
 117      FD2D9A7A 
 117      EF575108 
 117      F46FFF70 
 118 0103 804128C1 		.ascii	"\200A(\301Zl>\021\230\237\023-\010\310\014\344*+\363"
 118      5A6C3E11 
 118      989F132D 
 118      08C80CE4 
 118      2A2BF3
 119 0116 7207F9EF 		.ascii	"r\007\371\357\305Z\343\035L\243\012\253\012\203:(|\235"
 119      C55AE31D 
 119      4CA30AAB 
 119      0A833A28 
 119      7C9D
 120 0128 EF055862 		.ascii	"\357\005Xb\377\316\"\002\013u\341\324Ak\251=lj$\273"
ARM GAS  C:\Users\CYIRKO~1\AppData\Local\Temp\cc6HK0kq.s 			page 9


 120      FFCE2202 
 120      0B75E1D4 
 120      416BA93D 
 120      6C6A24BB 
 121 013c 34D77A1D 		.ascii	"4\327z\0355Y;\324\3447\266nE\376\270z\273\240\373\014"
 121      35593BD4 
 121      E437B66E 
 121      45FEB87A 
 121      BBA0FB0C 
 122 0150 7E39FFDE 		.ascii	"~9\377\336\011P\361e\344\325\203\001G\261)\3426\244"
 122      0950F165 
 122      E4D58301 
 122      47B129E2 
 122      36A4
 123 0162 91017C29 		.ascii	"\221\001|)\275X\333\357\326\364\254\257\007\003v\360"
 123      BD58DBEF 
 123      D6F4ACAF 
 123      070376F0 
 124 0172 180196C3 		.ascii	"\030\001\226\303eHr\345F%\021\257\233\\5\033\360><\201"
 124      654872E5 
 124      462511AF 
 124      9B5C351B 
 124      F03E3C81 
 125 0186 5BE148B8 		.ascii	"[\341H\270\247\247\210\013CY}\276\372l1$\034\356oA4"
 125      A7A7880B 
 125      43597DBE 
 125      FA6C3124 
 125      1CEE6F41 
 126 019b 88364574 		.ascii	"\2106Et\374\324\261\321D*}>}n\372\342x\332\033M\032"
 126      FCD4B1D1 
 126      442A7D3E 
 126      7D6EFAE2 
 126      78DA1B4D 
 127 01b0 DBCBC58F 		.ascii	"\333\313\305\217\036q\275\234\233\032\233p\247\274\354"
 127      1E71BD9C 
 127      9B1A9B70 
 127      A7BCEC
 128 01bf 74CE4D7A 		.ascii	"t\316Mz\223\223^\306=yv$1r\331\315\\J'\207\223\024M"
 128      93935EC6 
 128      3D797624 
 128      3172D9CD 
 128      5C4A2787 
 129 01d6 8D65C627 		.ascii	"\215e\306'.d\255\251l\332\373\015\201\005\264\250"
 129      2E64ADA9 
 129      6CDAFB0D 
 129      8105B4A8 
 130              		.text
 131              		.section	.gnu.lto_nvicClearPending.df53c1af,"",%progbits
 132 0000 789C2D51 		.ascii	"x\234-QMh\023Q\020\236og7I\241\211W\301\240=\010\245"
 132      4D681351 
 132      109E6F67 
 132      3749A189 
 132      57C1A03D 
 133 0016 085D7251 		.ascii	"\010]rQ\020A\245\210\247^\364\332\213\306C\0036+\246"
 133      1041A588 
 133      A75EF4DA 
 133      8BC64303 
ARM GAS  C:\Users\CYIRKO~1\AppData\Local\Temp\cc6HK0kq.s 			page 10


 133      362BA6
 134 0029 166F7D49 		.ascii	"\026o}I\333\004+\330\242mj\305\260\021#\375\3216m\365"
 134      DB042BD8 
 134      A26D6AC5 
 134      B01123FD 
 134      D1366DF5 
 135 003d 60EB252C 		.ascii	"`\353%,^z\250R\257\212\007\005\301C\213\015\036<\264"
 135      5E7AA852 
 135      AF8A0705 
 135      C1438B0D 
 135      1E3CB4
 136 0050 D599AC0F 		.ascii	"\325\231\254\017\336{3\337\373\346\233y3\016Y\264\013"
 136      DE7B33DF 
 136      FBE69B79 
 136      330E59B4 
 136      0B
 137 0061 A20B4474 		.ascii	"\242\013DtL6\230`M~ \312\307,@\015\023\003\015[\030"
 137      4C369860 
 137      4D7E20CA 
 137      C72C400D 
 137      13030D5B 
 138 0076 C604CF30 		.ascii	"\306\004\3170\202\322\217u\253k\316\310j\314lD\213f"
 138      82D28F75 
 138      AB6BCEC8 
 138      6ACC6C44 
 138      8B66
 139 0088 ECA8CF44 		.ascii	"\354\250\317D\263\262ua\016]\302\332\036]y\312\017\330"
 139      B3B27561 
 139      0E5DC2DA 
 139      1E5D79CA 
 139      0FD8
 140 009a 67C01677 		.ascii	"g\300\026wo\353\311\367\204\272\026:\304=0S\345\004"
 140      6FEBC9F7 
 140      84BA163A 
 140      C43D3053 
 140      E504
 141 00ac 9F07893D 		.ascii	"\237\007\211=\033L\177\216w\2760\246`\032\357\247\330"
 141      1B4C7F8E 
 141      77BE30A6 
 141      601AEFA7 
 141      D8
 142 00bd 9CF499B1 		.ascii	"\234\364\231\261\010\026A, \211y$I \302Kt*\377\333\352"
 142      0816412C 
 142      20897924 
 142      4920C24B 
 142      742AFFDB 
 143 00d2 E1743C62 		.ascii	"\341t<b\207\011\361\012\021\251\235\352\237\3200\207"
 143      8709F10A 
 143      11A99DEA 
 143      9FD03087 
 144 00e2 7F4BA6F1 		.ascii	"\177K\246\361\245\206\355\3131@\351\226\004\332\254"
 144      A586EDCB 
 144      3140E996 
 144      04DAAC
 145 00f1 872D87E3 		.ascii	"\207-\207\343\250E4.\201\372\255\373l\351\315?1\322"
 145      A845342E 
 145      81FAADFB 
ARM GAS  C:\Users\CYIRKO~1\AppData\Local\Temp\cc6HK0kq.s 			page 11


 145      6CE9CD3F 
 145      31D2
 146 0103 2C1EBCAB 		.ascii	",\036\274\253B\305*lU\030\222f\263\266\261\337\256\025"
 146      42C52A6C 
 146      55189266 
 146      B3B6B1DF 
 146      AE15
 147 0115 3B70B024 		.ascii	";p\260$5\010m\277x\257-$qHzT[^\217+\311\306\011,\207"
 147      35086DBF 
 147      78AF2D24 
 147      71487A54 
 147      5B5E8F2B 
 148 012e A45FC585 		.ascii	"\244_\305\205hH\262q*)T\001\013\315\322\177uG`\001\202"
 148      6848B271 
 148      2A295401 
 148      0BCDD27F 
 148      75476001 
 149 0143 F266B702 		.ascii	"\362f\267\002\242Q\036\013>FU#\322j\307\233g\273\177"
 149      A2511E0B 
 149      3E465523 
 149      D26AC79B 
 149      67BB7F
 150 0156 DA43D704 		.ascii	"\332C\327\004#&!\320\303\235\346\333\204\217J^Z^=\356"
 150      232621D0 
 150      C39DE6DB 
 150      848F4A5E 
 150      5A5E3DEE 
 151 016a 73142BD2 		.ascii	"s\024+\322\227\272\244\323\200\255\257k\223G\334%3\232"
 151      97BAA4D3 
 151      80ADAF6B 
 151      9347DC25 
 151      339A
 152 017c 371D3EC7 		.ascii	"7\035>\307\260\012\037\217[\303P\265\305\337\363\234"
 152      B00A1F8F 
 152      5BC350B5 
 152      C5DFF39C 
 153 018c AAEB6375 		.ascii	"\252\353cu\310\3476\254\301\225/\266\006\365\032)\251"
 153      C8E736AC 
 153      C1952FB6 
 153      06F51A29 
 153      A9
 154 019d 877650A8 		.ascii	"\207vP\250>\237h\225\327\032\3408C\333\"\234s\227\316"
 154      3E9F6895 
 154      D71AE038 
 154      43DB229C 
 154      7397CE
 155 01b0 F6F5F467 		.ascii	"\366\365\364g\256g\256\016\336\271\221\361\372\322j"
 155      AE67AE0E 
 155      DEB991F1 
 155      FAD26A
 156 01bf 7BB9D499 		.ascii	"{\271\324\231\323\256\227s\373\257\335toy\267\007sn"
 156      D3AE9773 
 156      FBAFDD74 
 156      6F79B707 
 156      736E
 157 01d1 DA1B18F0 		.ascii	"\332\033\030\360\262\356\305+\275=\275w\335\354P&\335"
 157      B2EEC52B 
ARM GAS  C:\Users\CYIRKO~1\AppData\Local\Temp\cc6HK0kq.s 			page 12


 157      BD3DBD77 
 157      DDEC5026 
 157      DD
 158 01e2 9D2664FF 		.ascii	"\235&d\377\001P\300\260\222"
 158      0150C0B0 
 158      92
 159              		.text
 160              		.section	.gnu.lto_.symbol_nodes.df53c1af,"",%progbits
 161 0000 789C6365 		.ascii	"x\234ce`b\360b\000\002\2469L\365\014\014\023\31610\000"
 161      6062F062 
 161      0002A639 
 161      4CF50C0C 
 161      13CE3130 
 162 0015 A95D0D8E 		.ascii	"\251]\015\216@\221\271L\365\214\250\"\363\230\352\231"
 162      4091B94C 
 162      F58CA822 
 162      F398EA99 
 163 0025 5045E633 		.ascii	"PE\3463\3253\243\2100\000\000\276\274\022:"
 163      D533A388 
 163      300000BE 
 163      BC123A
 164              		.text
 165              		.section	.gnu.lto_.refs.df53c1af,"",%progbits
 166 0000 789C6365 		.ascii	"x\234ce`b`d\000\002\000\000I\000\011"
 166      60626064 
 166      00020000 
 166      490009
 167              		.text
 168              		.section	.gnu.lto_.decls.df53c1af,"",%progbits
 169 0000 789CDD59 		.ascii	"x\234\335YiPTY\226\316\2337\023\222\224\305A\242\246"
 169      69505459 
 169      96CE9B37 
 169      139294C5 
 169      41A2A6
 170 0013 A6879E71 		.ascii	"\246\207\236q\034;\212\230\231\026\265zJ\243\243#FL"
 170      1C3B8A98 
 170      9916B57A 
 170      4AA3A323 
 170      464C
 171 0025 7424A2EC 		.ascii	"t$\242\354&H\265;\242\211 \\\250\226\016\205\036\301"
 171      2648B53B 
 171      A289205C 
 171      A8960E85 
 171      1EC1
 172 0037 99AEEE99 		.ascii	"\231\256\356\231\252\207\200\262(\202\202\230,\212\""
 172      AA8780B2 
 172      28828298 
 172      2C8A22
 173 0046 8B2C0282 		.ascii	"\213,\002\202\200\002\232\242\254\012*\202\312\276\210"
 173      80029AA2 
 173      AC0A2A82 
 173      CABE88
 174 0055 8888CAE2 		.ascii	"\210\210\312\342\012\010s\356\362\310\307#\323\250\037"
 174      0A0873EE 
 174      F2C8C723 
 174      D3A81F
 175 0064 FDAB3338 		.ascii	"\375\25338\357\275s\357\367\316\375\3569\347n\017\265"
ARM GAS  C:\Users\CYIRKO~1\AppData\Local\Temp\cc6HK0kq.s 			page 13


 175      EFBD73EF 
 175      F7CEFDEE 
 175      39E76E0F 
 175      B5
 176 0075 42A9C8FA 		.ascii	"B\251\310\372g\205\"\020+\024'\221B1\013?\265B\241\310"
 176      67852210 
 176      2B142791 
 176      42310B3F 
 176      B542A1C8 
 177 0089 53987E2A 		.ascii	"S\230~*\220+ WA\214 U\212\205\277\375\360\256\035\334"
 177      902B2057 
 177      418C2055 
 177      8A85BFFD 
 177      F0AE1DDC 
 178 009d B7813882 		.ascii	"\267\2018\2028\201\024\2018\203|\001\362+R\006\230%"
 178      38811481 
 178      38837C01 
 178      F22B5206 
 178      9825
 179 00af 201DF0DC 		.ascii	" \035\360\334\016\362\034d\030\004\232V(\241\334\006"
 179      0EF21C64 
 179      18049A56 
 179      28A1DC06 
 180 00bf C41A04F1 		.ascii	"\304\032\004\361\366\344\277\377\203\012[3m\310\355"
 180      F6E4BFFF 
 180      830A5B33 
 180      6DC8ED
 181 00ce 8B76C576 		.ascii	"\213v\305v\224 \032\304\332@\274\037\362_0Th-\360'\266"
 181      94201AC4 
 181      DA40BC1F 
 181      F25F3054 
 181      682DF027 
 182 00e3 CBA0BE04 		.ascii	"\313\240\276\004\344\177\020\263I\354$q{F\256\327\242"
 182      E47F10B3 
 182      49EC2471 
 182      7B46AED7 
 182      A2
 183 00f4 F936C32C 		.ascii	"\3716\303,\330$|=\315\360%\257\333p\233\346|\234\200"
 183      D8247C3D 
 183      CDF025AF 
 183      DB709BE6 
 183      7C9C80
 184 0107 51C9919B 		.ascii	"Q\311\221\233\225\312n\324\211\240Oh1-E\210]\021\025"
 184      95CA6ED4 
 184      89A04F68 
 184      312D4588 
 184      5D1115
 185 011a AACE8A3F 		.ascii	"\252\316\212?\204h9\224*\025\334\260X\204\3047\270\256"
 185      84683994 
 185      2A15DCB0 
 185      5884C437 
 185      B8AE
 186 012c E4AA929B 		.ascii	"\344\252\222\233\244\177\374e$\261\310\252YK\342\217"
 186      A47FFC65 
 186      24B1C8AA 
 186      594BE28F 
 187 013c 71670FF4 		.ascii	"qg\017\3645\361m\24445\200\220\364\005\211AF\233\327"
ARM GAS  C:\Users\CYIRKO~1\AppData\Local\Temp\cc6HK0kq.s 			page 14


 187      35F16DA4 
 187      34358090 
 187      F4058941 
 187      469BD7
 188 014f CFF15398 		.ascii	"\317\361S\230:\207\304\336\217\031n\017j{P\027)M]\207"
 188      3A87C4DE 
 188      8F196E0F 
 188      6A7B5017 
 188      294D5D87 
 189 0163 6859524B 		.ascii	"hYRK\177\232\022Ch\341\271\347C\326\306\025\271\002"
 189      7F9A1243 
 189      68E1B9E7 
 189      43D6C615 
 189      B902
 190 0175 FB69FED5 		.ascii	"\373i\376\325\344\266\256\272\36398\032\243/\264\210"
 190      E4B6AEBA 
 190      F339381A 
 190      A32FB488 
 191 0185 B4E90045 		.ascii	"\264\351\000E\371#\227?\330\261\"\202h>:~\316\032;\323"
 191      F923973F 
 191      D8B12282 
 191      683E3A7E 
 191      CE1A3BD3 
 192 0199 E77BA105 		.ascii	"\347{\241\005\311\004\355\250E*\322jc\342c{P\235\264"
 192      C904EDA8 
 192      452AD26A 
 192      63E2637B 
 192      509DB4
 193 01ac 68690256 		.ascii	"hi\002V\032\032\036V\251\220\2136\2034b\234}\375E\354"
 193      1A1A1E56 
 193      A9908B36 
 193      8334629C 
 193      7DFD45EC 
 194 01c0 214150A2 		.ascii	"!AP\242B\244Ey\010\243l\264\202P\376\202\004>\\\020"
 194      42A44579 
 194      08A36CB4 
 194      8250FE82 
 194      043E5C10 
 195 01d4 0E083121 		.ascii	"\016\0101!\202\315&\005\312G\316\350\002rV\240\002\344"
 195      82CD2605 
 195      CA47CEE8 
 195      027256A0 
 195      02E4
 196 01e6 421A2538 		.ascii	"B\032%8\224\013\2059P\010\255\234?\027{\326\012G#\302"
 196      940B8539 
 196      5008AD9C 
 196      3F177BD6 
 196      0A4723C2 
 197 01fa 405973B5 		.ascii	"@Ys\265\343\221\012i]\314\032(6c\200\223\311^V\023F"
 197      E3910A69 
 197      5DCC1A28 
 197      36638093 
 197      C95E5613 
 198 020f C8140199 		.ascii	"\310\024\001\231\213&2\300\215\371\241\352C\317b\025"
 198      8B2632C0 
 198      8DF9A1EA 
 198      43CF6215 
ARM GAS  C:\Users\CYIRKO~1\AppData\Local\Temp\cc6HK0kq.s 			page 15


 199 021f 491D02D8 		.ascii	"I\035\002\330\241\"E\221\351\365\223x\256\354\022\242"
 199      A1224591 
 199      E9F59378 
 199      AEEC12A2 
 200 022f 85D5B3EF 		.ascii	"\205\325\263\357\214\016\314\003J\342\234\321\333)\213"
 200      8C0ECC03 
 200      4AE29CD1 
 200      DB298B
 201 023e 98071683 		.ascii	"\230\007\026\203z\353\336\370C\333\317OP/\207\010\213"
 201      7AEBDEF8 
 201      43DBCF4F 
 201      502F8708 
 201      8B
 202 024f 9568DB67 		.ascii	"\225h\333g\250\014\210\224\002\021\005\272\214>\207"
 202      A80C8894 
 202      021105BA 
 202      8C3E87
 203 025e 6B0952B1 		.ascii	"k\011R\261&\247\037\005\217X-K\025R{\005c\317\325\345"
 203      26A71F05 
 203      8F582D4B 
 203      15527B05 
 203      63CFD5E5 
 204 0272 4F2F0A02 		.ascii	"O/\012\002P\024T\004\207\316\2338\302#\\\263P\017B\231"
 204      50145404 
 204      87CE9B38 
 204      C2235CB3 
 204      500F4299 
 205 0286 A81B32E0 		.ascii	"\250\0332\340\012Z\006\257\267vW\216b\\\300\342k\206"
 205      0A5A06AF 
 205      B776578E 
 205      625CC0E2 
 205      6B86
 206 0298 FECD829C 		.ascii	"\376\315\202\234\217\366\026\271TR.\025\"\227\023\027"
 206      8FF616B9 
 206      54522E15 
 206      22971317 
 207 02a8 F367949C 		.ascii	"\363g\224\234K\363\337\031\004\343\001\201x\013P\250"
 207      4BF3DF19 
 207      04E30181 
 207      780B50A8 
 208 02b8 DCC4A45C 		.ascii	"\334\304\244\\\316\344*eR\370\376y\010\306U\214I\306"
 208      CEE42A65 
 208      52F8FE79 
 208      08C6558C 
 208      49C6
 209 02ca F3C9CBB6 		.ascii	"\363\311\313\266\242\245\277\237\263D\372t\315d\351"
 209      A2A5BF9F 
 209      B344FA74 
 209      CD64E9
 210 02d9 9ADC9291 		.ascii	"\232\334\222\221Z\252\314L\360\300=\314PyY\373;\015"
 210      5AAACC4C 
 210      F0C03DCC 
 210      507959FB 
 210      3B0D
 211 02eb 3734FCE3 		.ascii	"74\374\343y\224\256\233\014]\227\033\252\242\206r[O"
 211      7994AE9B 
 211      0C5D971B 
ARM GAS  C:\Users\CYIRKO~1\AppData\Local\Temp\cc6HK0kq.s 			page 16


 211      AAA28672 
 211      5B4F
 212 02fd 97DBB230 		.ascii	"\227\333\2620\011\316$S\257\037*\346\372\2505\350qy"
 212      09CE2453 
 212      AF1F2AE6 
 212      FAA835E8 
 212      7179
 213 030f 8F4B11D3 		.ascii	"\217K\021\323c\234@\037j\315L\264cq\024\316 (H\231\236"
 213      639C401F 
 213      6ACD4CB4 
 213      637114CE 
 213      20284899 
 214 0324 0E55E151 		.ascii	"\016U\341QF\245\357\301\314-\236\366!j2\014J\236\035"
 214      46A5EFC1 
 214      CC2D9EF6 
 214      216A320C 
 214      4A9E1D
 215 0337 5BA40D27 		.ascii	"[\244\015'\236\245)H*\304$T\240z\222S\310\325\031\325"
 215      9EA52948 
 215      2AC42454 
 215      A07A9253 
 215      C8D519D5 
 216 034b B1FC9DE8 		.ascii	"\261\374\235\350\270\236\252u\214\241hAX\252\2421\252"
 216      B89EAA75 
 216      8CA16841 
 216      58AAA231 
 216      AA
 217 035c 01783585 		.ascii	"\001x5\2057 G\361%\202\036H\037H\265\341\314\255@?\030"
 217      372047F1 
 217      25821E48 
 217      1F48B5E1 
 217      CCAD403F 
 218 0371 DB9F66CF 		.ascii	"\333\237f\317\231\023bwc\017\037Wq\246d\264F?\214\375"
 218      99136277 
 218      630F1F57 
 218      71A664B4 
 218      463F8CFD 
 219 0385 0F3CC978 		.ascii	"\017<\311x>*<^\240f\330W\004;6\223\036oe\221\347]\221"
 219      3E2A3C5E 
 219      A066D857 
 219      043B3693 
 219      1E6F6591 
 220 039c E71DC633 		.ascii	"\347\035\3063?l\340\274\006\336v\206\251\000I\346\001"
 220      3F6CE0BC 
 220      06DE7686 
 220      A90049E6 
 220      01
 221 03ad 67360F14 		.ascii	"g6\017\024\033'\362T\370#mIYR<\220\250\225\014\365\317"
 221      1B27F254 
 221      F8236D49 
 221      59523C90 
 221      A8950CF5 
 222 03c2 CA046131 		.ascii	"\312\004a1j\205\216\3357\305\306yn\244\217\236\025\360"
 222      6A858EDD 
 222      37C5C679 
 222      6EA48F9E 
 222      15F0
ARM GAS  C:\Users\CYIRKO~1\AppData\Local\Temp\cc6HK0kq.s 			page 17


 223 03d4 E70AF4A5 		.ascii	"\347\012\364\2453Z\011\303\264\005\206\2513\037\246"
 223      335A09C3 
 223      B40586A9 
 223      331FA6
 224 03e3 CD40E71E 		.ascii	"\315@\347\036\037\347\247\263n\332\341C\2306`\210\277"
 224      1FE7A7B3 
 224      6EDAE143 
 224      98366088 
 224      BF
 225 03f4 5E6C6F6A 		.ascii	"^loj {Y\021\035\276\217\240\205\007\246\026Z\221\205"
 225      207B5911 
 225      1DBE8FA0 
 225      8507A616 
 225      5A9185
 226 0407 261E9A6F 		.ascii	"&\036\232ob\342IE\251\225)\024\210\332k\204\372\333"
 226      62E24945 
 226      A9952914 
 226      88DA6B84 
 226      FADB
 227 0419 D4236D34 		.ascii	"\324#m4\024w\305P\244\346\032F\254\211\373B~\230\365"
 227      1477C550 
 227      A4E61A46 
 227      AC89FB42 
 227      7E98F5
 228 042c 1E216CD8 		.ascii	"\036!l\330Zj\275\375S\326Kz\342\"xJ\246\222\311\364"
 228      5A6ABDFD 
 228      53D64B7A 
 228      E222784A 
 228      A692C9F4 
 229 0440 4AD79871 		.ascii	"J\327\230q\021\323{\211\373?\214\234l\325\360@\333\203"
 229      11D37B89 
 229      FB3F8C9C 
 229      6CD5F040 
 229      DB83
 230 0452 7E632279 		.ascii	"~c\"y\314\026\037\305l\274wT\206\363H\257\001\365\300"
 230      CC161FC5 
 230      6CBC7754 
 230      86F348AF 
 230      01F5C0
 231 0465 7061928D 		.ascii	"pa\222\215\305@\367\211\201\356e<\303\006S:\225\362"
 231      C540F789 
 231      81EE653C 
 231      C306533A 
 231      95F2
 232 0477 84EC0678 		.ascii	"\204\354\006x\027\205\367S\236}\"\317\204\027\037~\304"
 232      1785F753 
 232      9E7D22CF 
 232      84171F7E 
 232      C4
 233 0488 F3513AE7 		.ascii	"\363Q:\347;\3229\037]\030\272\226\254\345,\311\204x"
 233      3BD2391F 
 233      5D18BA96 
 233      ACE52CC9 
 233      8478
 234 049a E37E528E 		.ascii	"\343~R\216560\226\257#\303\336\361qC\006\335\3033O\336"
 234      35363096 
 234      AF23C3DE 
ARM GAS  C:\Users\CYIRKO~1\AppData\Local\Temp\cc6HK0kq.s 			page 18


 234      F1714306 
 234      DDC3334F 
 235 04af 6B2DB21C 		.ascii	"k-\262\034\022Y>e,#\223\317\246X\311Y>\001\370\000\205"
 235      12593E65 
 235      2C2393CF 
 235      A658C959 
 235      3E01F800 
 236 04c4 3FA32C87 		.ascii	"?\243,\207D\226\341\271\32170\213\325\017Y\025\340\215"
 236      4496E1B9 
 236      D137308B 
 236      D50F5915 
 236      E08D
 237 04d6 FAD412C3 		.ascii	"\372\324\022\303\274a9\374)\373\357J\246:x\267S1\361"
 237      BC6139FC 
 237      29FBEF4A 
 237      A63A78B7 
 237      5331F1
 238 04e9 78795B2C 		.ascii	"xy[,_\007z\245\303\326\211\017\333\340\241\202C\030"
 238      5F077AA5 
 238      C3D6890F 
 238      DBE0A182 
 238      4318
 239 04fb 9F627E98 		.ascii	"\237b~\230H\010\213\3200\360\337\202Z\227\224\374\017"
 239      48088BD0 
 239      30F0DF82 
 239      5A9794FC 
 239      0F
 240 050c 16DD3026 		.ascii	"\026\3350&\272a\224\321\274\332\324Qf#w\303K\200\277"
 240      BA6194D1 
 240      BCDAD451 
 240      662377C3 
 240      4B80BF
 241 051f A0F0714A 		.ascii	"\240\360qJsL\244Y\\9\226.\316\036\204\346\223\234\376"
 241      734CA459 
 241      5C39962E 
 241      CE1E84E6 
 241      939CFE
 242 0532 342DCE62 		.ascii	"4-\316b4\262\215Qu<\034\251$V\263I\243)\2668\217U\212"
 242      34B28D51 
 242      753C1CA9 
 242      2456B349 
 242      A329B638 
 243 0549 8174E481 		.ascii	"\201t\344\201\274\363\254\244P\211KY\345\307\236\230"
 243      BCF3ACA4 
 243      50894B59 
 243      E5C79E98 
 244 0559 186BFE26 		.ascii	"\030k\376&\311\315\236\266\326B[\\\301*K\006\353k\304"
 244      C9CD9EB6 
 244      D6425B5C 
 244      C12A4B06 
 244      EB6BC4
 245 056c 37496544 		.ascii	"7IeD~\177\224\032W\263\312\276\256\247\221\366\270\201"
 245      7E7F941A 
 245      57B3CABE 
 245      AEA791F6 
 245      B881
 246 057e 29B53507 		.ascii	")\2655\007~\217[\330\363\255\307\241\377\306^\012%\023"
ARM GAS  C:\Users\CYIRKO~1\AppData\Local\Temp\cc6HK0kq.s 			page 19


 246      7E8F5BD8 
 246      F3ADC7A1 
 246      FFC65E0A 
 246      2513
 247 0590 74F5B9C2 		.ascii	"t\365\271\302\323\230\371/\225\246\177\321\365\310\020"
 247      D398F92F 
 247      95A67FD1 
 247      F5C810
 248 059f 07DC46C1 		.ascii	"\007\334F\301\0167\3722\2234h9\377-!\027\227\345g\205"
 248      0E37FA32 
 248      93346839 
 248      FF2D2117 
 248      97E56785 
 249 05b3 D060C1F8 		.ascii	"\320`\301\370nj\355TK\250 \034\264E\035\310\0215\301"
 249      6E6AED54 
 249      4BA8201C 
 249      B4451DC8 
 249      1135C1
 250 05c6 E410A95C 		.ascii	"\344\020\251\\27\354\320-\352\246Ud\267\312^\250\372"
 250      3237ECD0 
 250      2DEAA655 
 250      64B7CA5E 
 250      A8FA
 251 05d8 335C4231 		.ascii	"3\\B1z\016\350\367\034-\206\035\275\233\207\016\001"
 251      7A0EE8F7 
 251      1C2D861D 
 251      BD9B870E 
 251      01
 252 05e9 F4FF1A28 		.ascii	"\364\377\032(\232$G\260\222\241\3472\353\206\024M\346"
 252      9A2447B0 
 252      92A1E732 
 252      EB86144D 
 252      E6
 253 05fa A9E13F31 		.ascii	"\251\341?1\333\020\025\364\221\333\026c\305\363J\202"
 253      DB1015F4 
 253      91DB1663 
 253      C5F34A82 
 254 060a 6EF8B309 		.ascii	"n\370\263\011\375V\216~#\347\335\377'\023\357\0319o"
 254      FD568E7E 
 254      23E7DDFF 
 254      2713EF19 
 254      396F
 255 061c 5719785C 		.ascii	"W\031x\\\002\236\226\203\247\344\246\233%.y-GO\230\320"
 255      029E9683 
 255      A7E4A69B 
 255      252E792D 
 255      474F98D0 
 256 0630 B13C0BD7 		.ascii	"\261<\013\327\251\024\220$\316\260L\220*\202\206\301"
 256      A9149024 
 256      CEB04C90 
 256      2A8286C1 
 257 0640 858E2A5D 		.ascii	"\205\216*]\320!\345r\024\006\022\016\022\015\022\002"
 257      D021E572 
 257      1406120E 
 257      120D1202 
 258 0650 72102402 		.ascii	"r\020$\002$\012\344\010H\014\310\001\220\303 \241\312"
 258      240AE408 
ARM GAS  C:\Users\CYIRKO~1\AppData\Local\Temp\cc6HK0kq.s 			page 20


 258      480CC801 
 258      90C320A1 
 258      CA
 259 0661 E57427CA 		.ascii	"\345t'\312\034\322.q\310+\271CF\344\356\233\344hX@Q"
 259      1CD22E71 
 259      C82BB943 
 259      46E4EE9B 
 259      E4685840 
 260 0676 2D478BCB 		.ascii	"-G\213\313*\272\271\300}\222>\016\312\373\370x\201m"
 260      2ABAB9C0 
 260      7D923E0E 
 260      CAFBF878 
 260      816D
 261 0688 492027E5 		.ascii	"I '\345L>\230\320lyz0\351\030,\010\210\240\024|i2u\352"
 261      4C3E98D0 
 261      6C797A30 
 261      E9182C08 
 261      88A0147C 
 262 06a0 E594D331 		.ascii	"\345\224\3231A\250[I\346U\330\2460[\342l\013\347\225"
 262      41A85B49 
 262      E655D8A6 
 262      305BE26C 
 262      0BE795
 263 06b3 395B90F4 		.ascii	"9[\220\3643\017zn\"\234\252\242K`p\305\351\246E\310"
 263      330F7A6E 
 263      229CAAA2 
 263      4B6070C5 
 263      E9A645C8 
 264 06c7 65096BA3 		.ascii	"e\011k\243iZ\003;wt\034^\216U\316-\200\244E\363qA\307"
 264      695A033B 
 264      77741C5E 
 264      8E55CE2D 
 264      80A445F3 
 265 06de 201C7F89 		.ascii	" \034\177\211\320\220\261\032]8no\0339\267\345\246,"
 265      D090B11A 
 265      5D386E6F 
 265      1B39B7E5 
 265      A62C
 266 06f0 4C53569C 		.ascii	"LSV\234\322\226\236H\340\016\340\232\350\2568\2764e"
 266      D2969E48 
 266      E00EE09A 
 266      E8AE38BE 
 266      3465
 267 0702 91CD52D3 		.ascii	"\221\315R\323\343\033\221|]K%zW\304K7\234M\273\210\""
 267      E31B917C 
 267      5D4B257A 
 267      57C44B37 
 267      9C4DBB88 
 268 0717 4BEE77AB 		.ascii	"K\356w\253,N\205'\225|*t\2453\341\300\235\202\"\007"
 268      2C4E8527 
 268      957C2A74 
 268      A533E1C0 
 268      9D822207 
 269 072b 3E138688 		.ascii	">\023\206\2103\241\011mP:\212\357\020t\177r\377\003"
 269      33A1096D 
 269      503A8AEF 
 269      10747F72 
ARM GAS  C:\Users\CYIRKO~1\AppData\Local\Temp\cc6HK0kq.s 			page 21


 269      FF03
 270 073d 3B5CCCDA 		.ascii	";\\\314\332\011\315\353\352\346k\355I\302!,\263\267"
 270      09CDEBEA 
 270      E66BED49 
 270      C2212CB3 
 270      B7
 271 074e 06E17256 		.ascii	"\006\341rV\371\356`w'\306F\246\234\037+\012\341lc\010"
 271      F9EE6077 
 271      27C646A6 
 271      9C1F2B0A 
 271      E16C6308 
 272 0762 7234363E 		.ascii	"r46>\322\001\327\262\312\344\224\251\037\341&\366\234"
 272      D201D7B2 
 272      CAE494A9 
 272      1FE126F6 
 272      9C
 273 0773 DD957389 		.ascii	"\335\225s\211\317\264\357\311\272\3702\364I/\177\361"
 273      CFB4EFC9 
 273      BAF832F4 
 273      492F7FF1 
 274 0783 73500B2A 		.ascii	"sP\013*B_\360\243\221\221Lg\323Y\203\237\341V\366j\375"
 274      425FF0A3 
 274      91914C67 
 274      D359839F 
 274      E156F66A 
 275 0798 B92BD39C 		.ascii	"\271+\323\234\015i\342\305\261\360a;\213N\310\020\235"
 275      0D69E2C5 
 275      B1F0613B 
 275      8B4EC810 
 275      9D
 276 07a9 90AE64CB 		.ascii	"\220\256d\313\326\261'\231\366\362\365 \015\202~VI\340"
 276      D6B12799 
 276      F6F2F520 
 276      0D827E56 
 276      49E0
 277 07bb 99D40B19 		.ascii	"\231\324\013\031\242\027\036\247U\217[\361\335#ay\360"
 277      A2171EA7 
 277      558F5BF1 
 277      DD236179 
 277      F0
 278 07cc DEF17FC4 		.ascii	"\336\361\177\304"
 279 07d0 3D8CC6A9 		.ascii	"=\214\306\251\226\224p5\036d\312\264!\306\3107\304C"
 279      96947035 
 279      1E64CAB4 
 279      21C6C837 
 279      C443
 280 07e2 04985865 		.ascii	"\004\230Xe\330\215_\261\272\301\211\201\307\010\277"
 280      D88D5FB1 
 280      BAC18981 
 280      C708BF
 281 07f1 61CA83E1 		.ascii	"a\312\203\341\356\036\276\210\364\022\340\320\375\364"
 281      EE1EBE88 
 281      F412E0D0 
 281      FDF4
 282 07ff A76AFC91 		.ascii	"\247j\374\221#\343\313+58LM\225\326\270\333\011*\206"
 282      23E3CB2B 
 282      35384C4D 
ARM GAS  C:\Users\CYIRKO~1\AppData\Local\Temp\cc6HK0kq.s 			page 22


 282      95D6B8DB 
 282      092A86
 283 0812 7C449033 		.ascii	"|D\22039\351368\212U\016\033\356\247\332\343\343LI{"
 283      39E93336 
 283      388A550E 
 283      1BEEA7DA 
 283      E3E34C49 
 284 0827 5B58CC17 		.ascii	"[X\314\027\327\273\0049[\365\356\221\035Nb\225O[rB\254"
 284      D7BB0439 
 284      5BF5EE91 
 284      1D4E6295 
 284      4F5B7242 
 285 083c 703A532E 		.ascii	"p:S.e\024esd\035A\2760\214\2668\340<V\231:\023{v\221"
 285      65146573 
 285      641D41BE 
 285      308CB638 
 285      E03C5699 
 286 0855 B80708FF 		.ascii	"\270\007\010\377!{\200\232\276\264D\036D#1\367\266\302"
 286      217B809A 
 286      BEB4441E 
 286      442331F7 
 286      B6C2
 287 0867 086D1531 		.ascii	"\010m\0251s\206\203U\207\254\360e\246\034\015\351\376"
 287      73868355 
 287      87ACF065 
 287      A61C0DE9 
 287      FE
 288 0878 8E017F01 		.ascii	"\216\001\177\001\332\341\223\2311V,\272\275d\231\375"
 288      DAE19399 
 288      31562CBA 
 288      BD6499FD 
 289 0888 D8193CA3 		.ascii	"\330\031<\243d\325d\2536u\240;\332rD\215bD\257\261\210"
 289      64D564AB 
 289      3675A03B 
 289      DA72448D 
 289      6244AFB1 
 290 089d DE498F09 		.ascii	"\336I\217\011Q\311#z\025\"ZI#z\235F\324(F4\267\261\266"
 290      51C9237A 
 290      15225A49 
 290      237A9D46 
 290      D4284634 
 291 08b4 93FB3F9C 		.ascii	"\223\373?\234$V^\305\213\010\336\205\327d\335\216\254"
 291      24565EC5 
 291      8B08DE85 
 291      D764DD8E 
 291      AC
 292 08c5 1DC877E0 		.ascii	"\035\310w\340\013)\331l\344\034lK\341{\217N\362\376"
 292      0B29D96C 
 292      E41C6C4B 
 292      E17B8F4E 
 292      F2FE
 293 08d7 B3B26B0F 		.ascii	"\263\262k\0174\026\271\325\210\334\252\031\267\304\226"
 293      3416B9D5 
 293      88DCAA19 
 293      B7C496
 294 08e6 9B61D672 		.ascii	"\233a\326rn7\201\333\015\312\255\226r\253\021\271\015"
 294      6E3781DB 
ARM GAS  C:\Users\CYIRKO~1\AppData\Local\Temp\cc6HK0kq.s 			page 23


 294      0DCAAD96 
 294      72AB11B9 
 294      0D
 295 08f7 BF7932AB 		.ascii	"\277y2\253\301\327\230\307\222\213\217\377\036W\263"
 295      C1D798C7 
 295      928B8FFF 
 295      1E57B3
 296 0906 E7DCB1D8 		.ascii	"\347\334\261\330t\204o3%\274\357\320}\276_xO\267\315"
 296      74846F33 
 296      25BCEFD0 
 296      7DBE5F78 
 296      4FB7CD
 297 0919 51B18DF6 		.ascii	"Q\261\215\366\370>\253\2549\221\024o\203\0372e\366Y"
 297      F83EABAC 
 297      3991146F 
 297      831F3265 
 297      F659
 298 092b 5B1AEFDB 		.ascii	"[\032\357\333(\375\3121\235R\312u'\311\256\304\211\357"
 298      28FDCA31 
 298      9D52CA75 
 298      27C9AEC4 
 298      89EF
 299 093d 4AFA2293 		.ascii	"J\372\"\223\022\020\356b\357NGU\032,\237}\232\305~^"
 299      1210EE62 
 299      EF4E4755 
 299      1A2C9F7D 
 299      9AC57E5E 
 300 0951 6089F021 		.ascii	"`\211\360!\264\264\027\311\373y\027\372y\207\366\363"
 300      B4B417C9 
 300      FB7917FA 
 300      7987F6F3 
 301 0961 3EED67B3 		.ascii	">\355g\263\330\317\210\326\316\213\363\320\227\225\237"
 301      D8CF88D6 
 301      CE8BF3D0 
 301      97959F
 302 0970 40DF1F3C 		.ascii	"@\337\037<\023\312\207\373]\372A\205\1773pd\337\014"
 302      13CA87FB 
 302      5DFA4185 
 302      7F337064 
 302      DF0C
 303 0982 C4ED9313 		.ascii	"\304\355\223\023\337>M\034\215\351F\370\011\353E\325"
 303      DF3E4D1C 
 303      8DE946F8 
 303      09EB45D5 
 304 0992 7841267F 		.ascii	"xA&\177\227\344Y\270a\374\256\203\305N\265\213\235j"
 304      97E459B8 
 304      61FCAE83 
 304      C54EB58B 
 304      9D6A
 305 09a4 63C16B7B 		.ascii	"c\301k{_\335\256\226w\352!\320|@ivP\232\355\"\315\356"
 305      5FDDAE96 
 305      77EA21D0 
 305      7C406976 
 305      509AED22 
 306 09ba 22C3A0B5 		.ascii	"\"\303\240\265\274S\026\321Q\325\227jx\032\326\021}"
 306      BC5316D1 
 306      51D5976A 
ARM GAS  C:\Users\CYIRKO~1\AppData\Local\Temp\cc6HK0kq.s 			page 24


 306      781AD611 
 306      7D
 307 09cb AAF862B6 		.ascii	"\252\370b\266\032\217\360\361\234\224U\250\301\023L"
 307      1A8FF0F1 
 307      9C9455A8 
 307      C1134C
 308 09da 297D9953 		.ascii	")}\231Sj\307\307\030M\251\362\327\015|}\320H\252\235"
 308      6AC7C718 
 308      4DA9F2D7 
 308      0D7C7DD0 
 308      48AA9D
 309 09ed 7875D5D1 		.ascii	"xu\325\321\264uxR\375\003\226\207\001\261\273+io\343"
 309      B4757852 
 309      FD039687 
 309      01B1BB2B 
 309      696FE3
 310 0a00 2BE32F2D 		.ascii	"+\343/-\230\030\373\201\177\037\345\377\204\362\037"
 310      9818FB81 
 310      7F1FE5FF 
 310      84F21F
 311 0a0f 10F95F78 		.ascii	"\020\371_x3qE+\357\255Et\326`r4\017\303ZPO~83l\207\203"
 311      3371452B 
 311      EFAD4574 
 311      D6607234 
 311      0FC35A50 
 312 0a2a AD28C917 		.ascii	"\255(\311\027/\247\363\355\361A\246\224\227V\324\360"
 312      2FA7F3ED 
 312      F141A694 
 312      9756D4F0 
 313 0a3a CEAD2483 		.ascii	"\316\255$\203/\367z\323\"\034\305\352\246cN\027\331"
 313      2FF77AD3 
 313      221CC5EA 
 313      A6634E17 
 313      D9
 314 0a4b E058A624 		.ascii	"\340X\246$Mt=\343\251\354Bz\235v\352\230\015>\301\352"
 314      4D743DE3 
 314      A9EC427A 
 314      9D76EA98 
 314      0D3EC1EA 
 315 0a5f 6663C20D 		.ascii	"fc\302\015\3268\211)qMqi\213p*S\246\206\342\332\370"
 315      D6388929 
 315      714D7169 
 315      8B702A53 
 315      A686E2DA 
 316 0a74 2C6D2B39 		.ascii	",m+9\2048\361C\21013\356\237p\006\203>l\013\275\314"
 316      8438F143 
 316      883133EE 
 316      9F700683 
 316      3E6C0BBD 
 317 0a89 A18B408D 		.ascii	"\241\213@\215\271\325\363\033\213\236|#z\3625K\234\206"
 317      B9D5F31B 
 317      8B9E7C23 
 317      7AF2354B 
 317      9C86
 318 0a9b BADB4754 		.ascii	"\272\333GT\362c\36288g\214:\347-u\316\033\3219i\206"
 318      F263F238 
 318      38678C3A 
ARM GAS  C:\Users\CYIRKO~1\AppData\Local\Temp\cc6HK0kq.s 			page 25


 318      E72D75CE 
 318      1BD13969 
 319 0ab0 9049B5FC 		.ascii	"\220I\265\374\330k\021]\331\334\271\016\3470\216o\232"
 319      D86B115D 
 319      D9DCB90E 
 319      E7308E6F 
 319      9A
 320 0ac1 3AFB10CE 		.ascii	":\373\020\316gJ\350\255\372Lk\\\304\224\221\363\215"
 320      674AE8AD 
 320      FA4C6B5C 
 320      C49491F3 
 320      8D
 321 0ad2 7530F732 		.ascii	"u0\3672e`p\262\014\343\253L\311\0309{\304\006\337`J"
 321      656070B2 
 321      0CE3AB4C 
 321      C918397B 
 321      C406DF60 
 322 0ae7 6D5E7D02 		.ascii	"m^}\002?\205\345\222\245t\272\363\332+[\356\220\177"
 322      3F85E592 
 322      A574BAF3 
 322      DA2B5BEE 
 322      907F
 323 0af9 21CBDDED 		.ascii	"!\313\335\355k\215\266\270\236\202\177\226\221\220["
 323      6B8DB6B8 
 323      9E827F96 
 323      91905B
 324 0b08 663D7788 		.ascii	"f=w\210\370\324o\011\273\271\210:;\012\314D\341\354"
 324      F8D46F09 
 324      BBB9883A 
 324      3B0ACC44 
 324      E1EC
 325 0b1a 8B821061 		.ascii	"\213\202\020aE\017\003\347a\023\226\216%\207\201,\332"
 325      450F03E7 
 325      6113968E 
 325      2587812C 
 325      DA
 326 0b2b DB7CC436 		.ascii	"\333|\3046\221q\360\302x8f\207\007\222[\335r|\327<<"
 326      9171F0C2 
 326      78386687 
 326      07925BDD 
 326      727CD73C 
 327 0b40 DD744672 		.ascii	"\335tFr<le\320%9\276x\201\375\366H\211\375r9\376\312"
 327      3C6C65D0 
 327      2539BE78 
 327      81FDF648 
 327      89FD7239 
 328 0b56 3C3CE9C0 		.ascii	"<<\351\300\344w\246\263\314\264\034\356*G\017G`\023"
 328      E477A6B3 
 328      CCB41CEE 
 328      2A470F47 
 328      6013
 329 0b68 BC5E0E67 		.ascii	"\274^\016gg\210y\370\357M\360Q9|`\001\274=Jb>_\216\277"
 329      678879F8 
 329      EF4DF051 
 329      397C6001 
 329      BC3D4A62 
 330 0b80 B0807C55 		.ascii	"\260\200|U\270\004?\"\307\017+e\347\266a\251\371\\9"
ARM GAS  C:\Users\CYIRKO~1\AppData\Local\Temp\cc6HK0kq.s 			page 26


 330      B8043F22 
 330      C70F2B65 
 330      E7B661A9 
 330      F95C39
 331 0b93 3C6781F9 		.ascii	"<g\201\371\006)\376\242\034_\270\220\216\024_d\036/"
 331      0629FEA2 
 331      1C5FB890 
 331      8E145F64 
 331      1E2F
 332 0ba5 A5735802 		.ascii	"\245sX\002O\224\303O\310\341\223R\270\200e\360x9|\\"
 332      4F94C34F 
 332      C8E19352 
 332      B88065F0 
 332      78397C5C 
 333 0bb9 E2FA5772 		.ascii	"\342\372Wr\343/\344\350*\011zJ\216\356\223\242i\022"
 333      E32FE4E8 
 333      2A097A4A 
 333      8EEE93A2 
 333      6912
 334 0bcb 7F67CAB1 		.ascii	"\177g\312\261\217f\223Fz\242\215\304\354\334\004\233"
 334      8F669346 
 334      7AA28DC4 
 334      ECDC049B 
 335 0bdb 167AD621 		.ascii	"\026z\326!hq+\303OYR/6K\203\372Ln\375\251\234\313\260"
 335      68712BC3 
 335      4F59522F 
 335      364B83FA 
 335      4C6EFDA9 
 336 0bf2 7440F598 		.ascii	"t@\365\230\037P\322\323\270t<\325\"\031\274t\301\370"
 336      1F50D2D3 
 336      B8743CD5 
 336      2219BC74 
 336      C1F8
 337 0c04 6B8890E0 		.ascii	"k\210\220\340?\312\361M\013r\240_\032\245d9\235\244"
 337      3FCAF14D 
 337      0B72A05F 
 337      1AA56439 
 337      9DA4
 338 0c16 05F86689 		.ascii	"\005\370f\211\343?\310\341\017\026\004U:\376\352\344"
 338      E33FC8E1 
 338      0F160455 
 338      3AFEEAE4 
 339 0c26 F02A7967 		.ascii	"\360*yg\253\016s\327\303\011\000\235\343p\361\\\200"
 339      AB0E73D7 
 339      C309009D 
 339      E370F15C 
 339      80
 340 0c37 CECCB34E 		.ascii	"\316\314\263N\216\303\337\303%\030\016?\200\236\340"
 340      8EC3DFC3 
 340      25180E3F 
 340      809EE0
 341 0c46 6871CEE6 		.ascii	"hq\316\346G\011\011\227~i\266\347\231\037M\322\364\225"
 341      47090997 
 341      7E69B6E7 
 341      991F4DD2 
 341      F495
 342 0c58 74F4A5F9 		.ascii	"t\364\245\371|\234\347\027\251\037O\313\361\247\026"
ARM GAS  C:\Users\CYIRKO~1\AppData\Local\Temp\cc6HK0kq.s 			page 27


 342      7C9CE717 
 342      A91F4FCB 
 342      F1A716
 343 0c67 8E5589F9 		.ascii	"\216U\211\371I\363\011<\017.M\262\347\346g\016\351\264"
 343      49F3093C 
 343      0F2E4DB2 
 343      E7E6670E 
 343      E9B4
 344 0c79 DA2F9D56 		.ascii	"\332/\235V\313\344\370RyR6GH\340\215r\370\255\005p\251"
 344      CBE4F852 
 344      79523647 
 344      48E08D72 
 344      F8AD0570 
 345 0c8e F50AF393 		.ascii	"\365\012\363\223\266\304\225\355\222\276\2767\2373\214"
 345      B6C495ED 
 345      92BEBE37 
 345      9F338C
 346 0c9d BBF41BC0 		.ascii	"\273\364\033\300,\004r\206\326\0218\371\000\220\213"
 346      2C047286 
 346      D61138F9 
 346      00908B
 347 0cac 5D502C5E 		.ascii	"]P,^\216\302@b@N\203\234\0049\007\222\004r\010\344("
 347      8EC24062 
 347      404E839C 
 347      04390792 
 347      047208E4 
 348 0cc1 480A4804 		.ascii	"H\012H\004H*\310q\220|\220B\2208\220\003 \031 E '@\316"
 348      482AC871 
 348      907C9042 
 348      90389003 
 348      20192045 
 349 0cd9 825C0039 		.ascii	"\202\\\0009\017r\020\304\000R\000\222\015r\014$\015"
 349      0F7210C4 
 349      00520092 
 349      0D720C24 
 349      0D
 350 0cea 2414E40C 		.ascii	"$\024\344\014H<H\026H\010\310a\220(\220b\220p\220d\220"
 350      483C4816 
 350      4808C861 
 350      90289062 
 350      90709064 
 351 0cff 48908B20 		.ascii	"H\220\213 \301 \211 9 \247@\362@\022@\216\200d\202D"
 351      C1208920 
 351      3920A740 
 351      F2401240 
 351      8E806482 
 352 0d14 63F17B51 		.ascii	"c\361{Q\034\344\357d8\317\371N\310\342G\334;\342\226"
 352      1CE4EF64 
 352      38CFF94E 
 352      C8E247DC 
 352      3BE296
 353 0d27 15B5CA87 		.ascii	"\025\265\312\207\310\370a\311\370N0?\011K\023g<R\222"
 353      C8F861C9 
 353      F84E303F 
 353      094B1367 
 353      3C5292
 354 0d3a 3825E6D7 		.ascii	"8%\346\327cId\373\245\211\320`~\301\224N\303R\353\301"
ARM GAS  C:\Users\CYIRKO~1\AppData\Local\Temp\cc6HK0kq.s 			page 28


 354      634964FB 
 354      A589D060 
 354      7EC1944E 
 354      C352EBC1 
 355 0d4e 72F86339 		.ascii	"r\370c9\274A:HR\315\017\022\311'\251\301\031\366I\012"
 355      BC413A48 
 355      52CD0F12 
 355      C927A9C1 
 355      19F6490A 
 356 0d62 50F33F49 		.ascii	"P\363?I\021[\335\207\245;\231\024\3633\227\244g\355"
 356      115BDD87 
 356      A53B9914 
 356      F33397A4 
 356      67ED
 357 0d74 D29EDD36 		.ascii	"\322\236\3356\237\342\363\326v\351\210\0332?\255\317"
 357      9FE2F3D6 
 357      76E9881B 
 357      323FADCF 
 358 0d84 DBF844F0 		.ascii	"\333\370D\3608\302y\222~\370#x\361\224\311\247\272\271"
 358      38C27992 
 358      7EF82378 
 358      F194C9A7 
 358      BAB9
 359 0d96 114A262F 		.ascii	"\021J&/1\356\203\200\177\314\355\213\233w\324\273`&"
 359      31EE8380 
 359      7FCCED8B 
 359      9B77D4BB 
 359      6026
 360 0da8 95CE5ED9 		.ascii	"\225\316^\331\346\367m\253L\326\253D6-`\375\036\207"
 360      E6F76DAB 
 360      4CD6AB44 
 360      362D60FD 
 360      1E87
 361 0dba 8BA73BFE 		.ascii	"\213\247;\376\331]b\275Yj\275\300\374FF\374\276\327"
 361      D95D62BD 
 361      596ABDC0 
 361      FC4646FC 
 361      BED7
 362 0dcc D413DFA4 		.ascii	"\324\023\337\244\302w\350~Ty\257\357\355\0115Z\342b"
 362      C277E87E 
 362      5479AFEF 
 362      ED09355A 
 362      E262
 363 0dde 6EE4A252 		.ascii	"n\344\242R\030\260\177\255\203\227eh\315\021\034B2\264"
 363      18B07FAD 
 363      83976568 
 363      CD111C42 
 363      32B4
 364 0df0 047A7909 		.ascii	"\004zy\011\317}\321$\011K}\325\322\322vD-\375\350X\""
 364      CF7DD124 
 364      094B7DD5 
 364      D2D27644 
 364      2DFDE858 
 365 0e05 F1AB0295 		.ascii	"\361\253\002\225a\366\321\021\356\344D~\240\243p\021"
 365      61F6D111 
 365      EEE4447E 
 365      A0A37011 
ARM GAS  C:\Users\CYIRKO~1\AppData\Local\Temp\cc6HK0kq.s 			page 29


 366 0e15 7EC44E05 		.ascii	"~\304N\005g\207\032\353\371!\354\307\344;\324\361\221"
 366      67871AEB 
 366      F921ECC7 
 366      E43BD4F1 
 366      91
 367 0e26 68C40E05 		.ascii	"h\304\016\005C\344\200}\246q\342\204\026\0172lY\345"
 367      43E4807D 
 367      A671E284 
 367      160F326C 
 367      59E5
 368 0e38 8BD50C4A 		.ascii	"\213\325\014J\376\013q\357Tb?\262xL\272\212\3711\251"
 368      FE0B71EF 
 368      54623FB2 
 368      784CBA8A 
 368      F931A9
 369 0e4b 12D36352 		.ascii	"\022\323cR\353\373\312I[\374\212\032R\365\246\215?\267"
 369      EBFBCA49 
 369      5BFC8A1A 
 369      52F5A68D 
 369      3FB7
 370 0e5d 422ECE08 		.ascii	"B.\316\010iAh\027\341\247\201\364\305Zt\015c>\000\025"
 370      69416817 
 370      E1A781F4 
 370      C55A740D 
 370      633E0015 
 371 0e71 8902981F 		.ascii	"\211\002\230\037\375\236\024\233\373\307\245\021b]E"
 371      FD9E149B 
 371      FBC7A511 
 371      625D45
 372 0e80 DBB9819D 		.ascii	"\333\271\201\235\321uh(Q\320\320\022\362\315\361]F\272"
 372      D1756828 
 372      51D0D012 
 372      F2CDF15D 
 372      46BA
 373 0e92 467AD222 		.ascii	"Fz\322\"\266\313\001w\005\023~7\261\243\310\222\240"
 373      B6CB0177 
 373      05137E37 
 373      B1A3C892 
 373      A0
 374 0ea3 631ACFB0 		.ascii	"c\032\317\260\177\012\2226\302?\331\006\240O\364$vi"
 374      7F0A9236 
 374      C23FD906 
 374      A04FF424 
 374      7669
 375 0eb5 A5B6AB3F 		.ascii	"\245\266\253?e\273\342b\230\240\376I\232p\327(\030;"
 375      65BBE262 
 375      98A0FE49 
 375      9A70D728 
 375      183B
 376 0ec7 AEAE4C3A 		.ascii	"\256\256L:`\024B\326\241\032\354\210* \224F\264L\362"
 376      601442D6 
 376      A11AEC88 
 376      2A209446 
 376      B44CF2
 377 0eda EA6528D9 		.ascii	"\352e(\331\242T\240Z\374\023\305b\377\377\366\333\271"
 377      A254A05A 
 377      FC13C562 
ARM GAS  C:\Users\CYIRKO~1\AppData\Local\Temp\cc6HK0kq.s 			page 30


 377      FFFFF6DB 
 377      B9
 378 0eeb C17FFB8E 		.ascii	"\301\177\373\216=\276\333|w\006\005\354\323\374\347"
 378      3DBEDB7C 
 378      770605EC 
 378      D3FCE7
 379 0efa 2FB72ED5 		.ascii	"/\267.\325\255Z\245\320\372\370\354\367\363\017\372"
 379      AD5AA5D0 
 379      FAF8ECF7 
 379      F30FFA
 380 0f09 72B54FD0 		.ascii	"r\265O\3207\276?\367\336\271\333o\207_`\320\376]~\001"
 380      37BE3FF7 
 380      DEB9DB6F 
 380      875F60D0 
 380      FE5D7E01 
 381 0f1d DE410101 		.ascii	"\336A\001\001{\002\275\177\347\277\177)}Z\272}\337\336"
 381      7B02BD7F 
 381      E7BF7F29 
 381      7D5ABA7D 
 381      DFDE
 382 0f2f A5BE7B77 		.ascii	"\245\276{w\370\356\332\345\273\313\373\253\025_.]\275"
 382      F8EEDAE5 
 382      BBCBFBAB 
 382      155F2E5D 
 382      BD
 383 0f40 72D59AFF 		.ascii	"r\325\232\377Z\345\015\345?\365\017\360\367\375\251"
 383      5AE50DE5 
 383      3FF50FF0 
 383      F7FDA9
 384 0f4f EFF61D7E 		.ascii	"\357\366\035~\336~\376;\367\354\337\345\353\275w;\330"
 384      DE7EFE3B 
 384      F7ECDFE5 
 384      EBBD773B 
 384      D8
 385 0f60 F2F7F5F6 		.ascii	"\362\367\365\366\331\345\373\315\366\375{\202|\202\276"
 385      D9E5FBCD 
 385      F6FD7B82 
 385      7C82BE
 386 0f6f FD836FE0 		.ascii	"\375\203o\340\212\335\012\215\330\336o\377\242\355\005"
 386      8ADD0A8D 
 386      D8DE6FFF 
 386      A2ED05
 387 0f7e 7E1BE8ED 		.ascii	"~\033\350\355\023\030\264\013\214C#\277\330\360so\035"
 387      1318B40B 
 387      8C4323BF 
 387      D8F0736F 
 387      1D
 388 0f8f B1AD67B6 		.ascii	"\261\255g\266i;\001\201\253\326|\345\032\020\350\272"
 388      693B0181 
 388      ABD67CE5 
 388      1A10E8BA 
 389 0f9f 7B       		.ascii	"{"
 390 0fa0 FB1ED73F 		.ascii	"\373\036\327?\004\354\013\012t\335\031\260wo\200\277"
 390      04EC0B0A 
 390      74DD19B0 
 390      776F80BF 
 391 0fb0 AB9BD766 		.ascii	"\253\233\327f\335\346?\272\022/\255\330\251\370\033"
ARM GAS  C:\Users\CYIRKO~1\AppData\Local\Temp\cc6HK0kq.s 			page 31


 391      DDE63FBA 
 391      122FADD8 
 391      A9F81B
 392 0fbf 7277F70B 		.ascii	"rw\367\0134\271\313\231\224\350}\203\364\337\006\006"
 392      34B9CB99 
 392      94E87D83 
 392      F4DF0606 
 393 0fcf F9EEDDB4 		.ascii	"\371\356\335\264\335\177\327\036\337}\236\373\374\002"
 393      DD7FD71E 
 393      DF7D9EFB 
 393      FC02
 394 0fdd F6F9057D 		.ascii	"\366\371\005}K\235\253\333\343\273}\237\247\257?\264"
 394      4B9DABDB 
 394      E3BB7D9F 
 394      A7AF3FB4 
 395 0fed FF3B1BAF 		.ascii	"\377;\033\257\015\372\015^\3336\270\377\273\322\303"
 395      0DFA0D5E 
 395      DB36B8FF 
 395      BBD2C3
 396 0ffc D3863978 		.ascii	"\323\2069x"
 397 1000 AD4F9035 		.ascii	"\255O\2205\277\317U\377L\345\341\266\336kN\375R\345"
 397      BFCF55FF 
 397      4CE5E1B6 
 397      DE6B4EFD 
 397      52E5
 398 1012 A1F334A9 		.ascii	"\241\3634\251\253U\036zO/\215\027\323VA\345\006S\345"
 398      AB551E7A 
 398      4F2F8D17 
 398      D35641E5 
 398      0653E5
 399 1025 4AA8DCE0 		.ascii	"J\250\334\340\245\322o\361\360r\373dWy\007}\377\030"
 399      A5D26FF1 
 399      F072FB64 
 399      5779077D 
 399      FF18
 400 1037 E4AADBAC 		.ascii	"\344\252\333\254\367\320\273r\177A\305>_\237\235{\327"
 400      F7D0BB72 
 400      7F41C53E 
 400      5F9F9D7B 
 400      D7
 401 1048 80B36C7E 		.ascii	"\200\263l~\271\315C\347\263\005\3423g\177\255\225\333"
 401      B9CD43E7 
 401      B305E233 
 401      677FAD95 
 401      DB
 402 1059 A6F57A9D 		.ascii	"\246\365z\235\227J\347\246\363\"\317\236ps\337\242\333"
 402      974AE7A6 
 402      F322CF9E 
 402      7073DFA2 
 402      DB
 403 106a 0C370F7A 		.ascii	"\0147\017z\233\203\256\261r\327\351<\364\277\326\220"
 403      9B83AEB1 
 403      72D7E93C 
 403      F4BFD690 
 404 107a DBE66D6E 		.ascii	"\333\346mn:5<\350\177m\015W\242\361\373V(\365\240\245"
 404      3A353CE8 
 404      7F6D0D57 
ARM GAS  C:\Users\CYIRKO~1\AppData\Local\Temp\cc6HK0kq.s 			page 32


 404      A2F1FB56 
 404      28F5A0A5 
 405 108e 1463ED41 		.ascii	"\024c\355A\357[\347\254|EJ\334\276\376z\253z\363\266"
 405      EF5BE7AC 
 405      7C454ADC 
 405      BEFE7AAB 
 405      7AF3B6
 406 10a1 8D5EABE9 		.ascii	"\215^\253\351u\025\275\256T\353<\011\011\235^\277\341"
 406      7515BDAE 
 406      54EB3C09 
 406      099D5EBF 
 406      E1
 407 10b2 6BB8E9F4 		.ascii	"k\270\351\364\036\356^X\267\305K\255\373\032\236\254"
 407      1EEE5E58 
 407      B7C54BAD 
 407      FB1A9EAC 
 408 10c2 3DDC7D3C 		.ascii	"=\334}<\364n@\313\335g\363Fzsc7wv\363\334\350\245r\333"
 408      F46E40CB 
 408      DD67F346 
 408      7A736337 
 408      7776F3DC 
 409 10da A8F752AD 		.ascii	"\250\367R\255\337\350\346\245\336\274\031\256*w\242"
 409      DFE8E6A5 
 409      DEBC19AE 
 409      2A77A2
 410 10e9 6F22171D 		.ascii	"o\"\027\035\\\324\372M:x\324o\362\004\273:/\014\375"
 410      5CD4FA4D 
 410      3A78D46F 
 410      F204BB3A 
 410      2F0CFD
 411 10fc 56BB7978 		.ascii	"V\273yxA\357\267m\371\225\0278\036 :\317\255\036\356"
 411      41EFB76D 
 411      F9951738 
 411      1E203ACF 
 411      AD1EEE
 412 110f 6AB7F500 		.ascii	"j\267\365\000\327\350u\353\251\267\354||\276\331\357"
 412      D7E875EB 
 412      A9B7EC7C 
 412      7CBED9EF 
 413 111f BFD3C767 		.ascii	"\277\323\307g\305\232\265_\255\321\210\232j\347\356"
 413      C59AB55F 
 413      ADD1889A 
 413      6AE7EE
 414 112e EDFBFE1F 		.ascii	"\355\373\376\037\350w\362\270"
 414      E877F2B8 
 415              		.text
 416              		.section	.gnu.lto_.symtab.df53c1af,"",%progbits
 417 0000 6E766963 		.ascii	"nvicEnableVector\000"
 417      456E6162 
 417      6C655665 
 417      63746F72 
 417      00
 418 0011 00       		.ascii	"\000"
 419 0012 00       		.ascii	"\000"
 420 0013 00       		.ascii	"\000"
 421 0014 00000000 		.ascii	"\000\000\000\000\000\000\000\000"
 421      00000000 
ARM GAS  C:\Users\CYIRKO~1\AppData\Local\Temp\cc6HK0kq.s 			page 33


 422 001c BA000000 		.ascii	"\272\000\000\000"
 423 0020 6E766963 		.ascii	"nvicDisableVector\000"
 423      44697361 
 423      626C6556 
 423      6563746F 
 423      7200
 424 0032 00       		.ascii	"\000"
 425 0033 00       		.ascii	"\000"
 426 0034 00       		.ascii	"\000"
 427 0035 00000000 		.ascii	"\000\000\000\000\000\000\000\000"
 427      00000000 
 428 003d BE000000 		.ascii	"\276\000\000\000"
 429 0041 6E766963 		.ascii	"nvicSetSystemHandlerPriority\000"
 429      53657453 
 429      79737465 
 429      6D48616E 
 429      646C6572 
 430 005e 00       		.ascii	"\000"
 431 005f 00       		.ascii	"\000"
 432 0060 00       		.ascii	"\000"
 433 0061 00000000 		.ascii	"\000\000\000\000\000\000\000\000"
 433      00000000 
 434 0069 C0000000 		.ascii	"\300\000\000\000"
 435 006d 6E766963 		.ascii	"nvicClearPending\000"
 435      436C6561 
 435      7250656E 
 435      64696E67 
 435      00
 436 007e 00       		.ascii	"\000"
 437 007f 00       		.ascii	"\000"
 438 0080 00       		.ascii	"\000"
 439 0081 00000000 		.ascii	"\000\000\000\000\000\000\000\000"
 439      00000000 
 440 0089 C2000000 		.ascii	"\302\000\000\000"
 441              		.text
 442              		.section	.gnu.lto_.opts,"",%progbits
 443 0000 272D666D 		.ascii	"'-fmath-errno' '-fsigned-zeros' '-ftrapping-math' '"
 443      6174682D 
 443      6572726E 
 443      6F272027 
 443      2D667369 
 444 0033 2D666E6F 		.ascii	"-fno-trapv' '-fno-openmp' '-fno-openacc' '-mcpu=cor"
 444      2D747261 
 444      70762720 
 444      272D666E 
 444      6F2D6F70 
 445 0066 7465782D 		.ascii	"tex-m7' '-mno-thumb-interwork' '-mthumb' '-ggdb' '-"
 445      6D372720 
 445      272D6D6E 
 445      6F2D7468 
 445      756D622D 
 446 0099 4F322720 		.ascii	"O2' '-fomit-frame-pointer' '-falign-functions=16' '"
 446      272D666F 
 446      6D69742D 
 446      6672616D 
 446      652D706F 
 447 00cc 2D666675 		.ascii	"-ffunction-sections' '-fdata-sections' '-fno-common"
ARM GAS  C:\Users\CYIRKO~1\AppData\Local\Temp\cc6HK0kq.s 			page 34


 447      6E637469 
 447      6F6E2D73 
 447      65637469 
 447      6F6E7327 
 448 00ff 2720272D 		.ascii	"' '-flto'\000"
 448      666C746F 
 448      2700
 449              		.text
 450              		.comm	__gnu_lto_v1,1,1
 451              		.comm	__gnu_lto_slim,1,1
 452              		.ident	"GCC: (GNU Tools for ARM Embedded Processors 6-2017-q1-update) 6.3.1 20170215 (release) [AR
ARM GAS  C:\Users\CYIRKO~1\AppData\Local\Temp\cc6HK0kq.s 			page 35


DEFINED SYMBOLS
                            *ABS*:00000000 nvic.c
                            *COM*:00000001 __gnu_lto_v1
                            *COM*:00000001 __gnu_lto_slim

NO UNDEFINED SYMBOLS
