ARM GAS  C:\Users\CYIRKO~1\AppData\Local\Temp\ccitLTMt.s 			page 1


   1              		.cpu cortex-m7
   2              		.eabi_attribute 20, 1
   3              		.eabi_attribute 21, 1
   4              		.eabi_attribute 23, 3
   5              		.eabi_attribute 24, 1
   6              		.eabi_attribute 25, 1
   7              		.eabi_attribute 26, 1
   8              		.eabi_attribute 30, 2
   9              		.eabi_attribute 34, 1
  10              		.eabi_attribute 18, 4
  11              		.file	"odometry.c"
  12              		.text
  13              	.Ltext0:
  14              		.section	.gnu.lto_.profile.df53d0d3,"",%progbits
  15 0000 789C6365 		.ascii	"x\234ce`b`a```d\310\323\002\000\001\206\000\245"
  15      60626061 
  15      60606064 
  15      C8D30200 
  15      018600A5 
  16              		.text
  17              		.section	.gnu.lto_.icf.df53d0d3,"",%progbits
  18 0000 789C6365 		.ascii	"x\234ce`bp`@\000n\206\203o\232\236\3622\366\256\351"
  18      60627060 
  18      40006E86 
  18      836F9A9E 
  18      F232F6AE 
  19 0015 16600211 		.ascii	"\026`\002\021\314 \202e\315\362mN\254\263\336-\334\302"
  19      CC208265 
  19      CDF26D4E 
  19      ACB3DE2D 
  19      DCC2
  20 0027 CAB6A465 		.ascii	"\312\266\244e\326_n\3665\177o\\g\343X{\261\345\011\033"
  20      D65F6EF6 
  20      357F6F5C 
  20      67E3587B 
  20      B1E5091B 
  21 003b 67C7823B 		.ascii	"g\307\202;'\330\270n~9\377\224\225\001\000\242\200\035"
  21      27D8B86E 
  21      7E39FF94 
  21      950100A2 
  21      801D
  22 004d C0       		.ascii	"\300"
  23              		.text
  24              		.section	.gnu.lto_.jmpfuncs.df53d0d3,"",%progbits
  25 0000 789C6365 		.ascii	"x\234ce`b\260g@\000V\006FF \305\002F\014\214\323\231"
  25      6062B067 
  25      40005606 
  25      464620C5 
  25      02460C8C 
  26 0016 1977EE7C 		.ascii	"\031w\356|s\233\275\376o\003\307|f\206\305\314 \301"
  26      739BBDFE 
  26      6F03C77C 
  26      6686C5CC 
  26      20C1
  27 0028 E58CF50C 		.ascii	"\345\214\365\014\214,`\005 \300\001\304\234@\314\005"
  27      8C2C6005 
  27      20C001C4 
ARM GAS  C:\Users\CYIRKO~1\AppData\Local\Temp\ccitLTMt.s 			page 2


  27      9C40CC05 
  28 0038 C4005D1A 		.ascii	"\304\000]\032\010\312"
  28      08CA
  29              		.text
  30              		.section	.gnu.lto_.inline.df53d0d3,"",%progbits
  31 0000 789C6365 		.ascii	"x\234ce`bhg@\000V\006\006^QF\006&\201\206Z\006\266\005"
  31      60626867 
  31      40005606 
  31      065E5146 
  31      06268186 
  32 0018 F24C2031 		.ascii	"\362L 1&n \301\302\300\257\011\024\347\232\340\007\027"
  32      266E20C1 
  32      C2C0AF09 
  32      14E79AE0 
  32      0717
  33 002a 67E601CA 		.ascii	"g\346\001\312\001\371Pz\202\037#\027P\224\203\201\235"
  33      01F9507A 
  33      821F2317 
  33      50948381 
  33      9D
  34 003b 1FA89065 		.ascii	"\037\250\220e\201<\252\001\234\014\354\234@q\266\017"
  34      813CAA01 
  34      9C0CEC9C 
  34      4071B60F 
  35 004b 7A7071B0 		.ascii	"zpq\260z.\006.!\2408_\303/F\270\004\003\000\274\013"
  35      7A2E062E 
  35      21A0385F 
  35      C32F46B8 
  35      040300BC 
  36 0060 0D92     		.ascii	"\015\222"
  37              		.text
  38              		.section	.gnu.lto_.pureconst.df53d0d3,"",%progbits
  39 0000 789C6365 		.ascii	"x\234ce`b\340f```e\220`\221\340\220\340\224\340b\001"
  39      6062E066 
  39      60606065 
  39      906091E0 
  39      90E094E0 
  40 0016 00043C00 		.ascii	"\000\004<\000\233"
  40      9B
  41              		.text
  42              		.section	.gnu.lto_GPT_CB.df53d0d3,"",%progbits
  43 0000 789C8D52 		.ascii	"x\234\215RMOSA\024\235\363\246}mi+\306\0305\012\241"
  43      4D4F5341 
  43      149DF3A6 
  43      7D6D692B 
  43      C618350A 
  44 0015 0B09B2D1 		.ascii	"\013\011\262\321\225[\177\212\211i\211q\241\030\350"
  44      955B7F8A 
  44      89698971 
  44      A118E8
  45 0024 C655075A 		.ascii	"\306U\007Z[R\024](\010B\332\204\030\004\224O\025_Em"
  45      5B52145D 
  45      280842DA 
  45      84180494 
  45      4F155F45 
  46 0039 4C23B2A0 		.ascii	"L#\262\240\011l4q\207\021B\304\0174\301\030c\353\275"
  46      096C3471 
ARM GAS  C:\Users\CYIRKO~1\AppData\Local\Temp\ccitLTMt.s 			page 3


  46      871142C4 
  46      0F34C118 
  46      63EBBD
  47 004c 33D268CA 		.ascii	"3\322h\312\302I\336}\357\336\231s\356\231s\237[X\342"
  47      C249DE7D 
  47      EFDE9973 
  47      EE99739F 
  47      5B58E2
  48 005f 9514A241 		.ascii	"\225\024\242A\010q\204\036H\001\353zQ\210\016\257\005"
  48      0871841E 
  48      4801EB7A 
  48      51880EAF 
  48      05
  49 0070 F087F242 		.ascii	"\360\207\362B\304,\304pM\366I\274H\2559V\363\210\242"
  49      C42CC470 
  49      4DF649BC 
  49      48AD3956 
  49      F388A2
  50 0083 95EFEB3D 		.ascii	"\225\357\353=\331\241.\037\312\020\274\237\036^\030"
  50      D9A12E1F 
  50      CA10BC9F 
  50      1E5E18
  51 0092 41339D5A 		.ascii	"A3\235ZNL\015\312\036\231\221\200\213\322\255\245\201"
  51      4E4C0DCA 
  51      1E999180 
  51      8BD2ADA5 
  51      81
  52 00a3 777B38B5 		.ascii	"w{8\265\020\242\364Kn\373\212G\356\203\240\357\325\317"
  52      10A2F44B 
  52      6EFB8A47 
  52      EE83A0EF 
  52      D5CF
  53 00b5 E52E34DD 		.ascii	"\345.4\335Q\252S\345\0137\244:\232\221\022c\220D\210"
  53      51AA53E5 
  53      0B37A43A 
  53      9A911263 
  53      904488
  54 00c8 51D4E12E 		.ascii	"Q\324\341.\352\004\225\004\306\321\244\317O\227n\006"
  54      EA049504 
  54      C6D1A4CF 
  54      4F976E06 
  55 00d8 6D976988 		.ascii	"m\227i\210{\260A/\252\217\177O\225 \017j\316\355\374"
  55      7BB0412F 
  55      AA8F7F4F 
  55      95200F6A 
  55      CEEDFC
  56 00eb EB795FE3 		.ascii	"\353y_\343\260\326\2706+gU>\021\312H\027\356\377K\253"
  56      B0D6B836 
  56      2B67553E 
  56      11CA4817 
  56      EEFF4BAB 
  57 00ff F54EA071 		.ascii	"\365N\240qr\005yU*\247\350\360\376\261\003\265\000\367"
  57      72057955 
  57      2AA7E8F0 
  57      FEB103B5 
  57      00F7
  58 0111 92D4D565 		.ascii	"\222\324\325es\360p\360q\250\241\340\366s\010p\010j"
ARM GAS  C:\Users\CYIRKO~1\AppData\Local\Temp\ccitLTMt.s 			page 4


  58      73F070F0 
  58      71A8A1E0 
  58      F6730870 
  58      086A
  59 0123 B4106992 		.ascii	"\264\020i\222\302FuK\213\337\362=:\263s+\320\342\210"
  59      C246754B 
  59      8BDFF23D 
  59      3AB3732B 
  59      D0E288
  60 0136 6948426C 		.ascii	"iHBl\240\263w\243x\212KC\222m\234\334t~\004\331\021"
  60      A0B377A3 
  60      788A4B43 
  60      926D9CDC 
  60      747E04D9 
  61 014b 5B2BFEF9 		.ascii	"[+\376\371r\260\2476\366Ky\2510\3147\243Za\341\323`"
  61      72B0A736 
  61      F64B79A9 
  61      30CC37A3 
  61      5A61E1D3 
  62 0160 208321B0 		.ascii	" \203!\260\364)\362\177\2225c\032\031\303\347c\266*"
  62      F429F27F 
  62      9235631A 
  62      19C3E763 
  62      B62A
  63 0172 2CAAB133 		.ascii	",\252\2613\025\354,a\251\277\370\200x\366\333\226U\261"
  63      15EC2C61 
  63      A9BFF880 
  63      78F6DB96 
  63      55B1
  64 0184 33A1AD2A 		.ascii	"3\241\255*\025\244v\264_\342/\247\365\035\361\0006\341"
  64      15A476B4 
  64      5FE22FA7 
  64      F51DF100 
  64      36E1
  65 0196 1FB27C1F 		.ascii	"\037\262|\037\3559\316\346[\217\351\351\351\247\251"
  65      ED39CEE6 
  65      5B8FE9E9 
  65      E9A7A9
  66 01a5 F2361E21 		.ascii	"\3626\036!F\266xY\334\327\324\322\202\337\034\257!\004"
  66      46B67859 
  66      DCD7D4D2 
  66      82DF1CAF 
  66      2104
  67 01b7 95E203C9 		.ascii	"\225\342\003\311E\237\251\370\251H\0349g$-\353o\253"
  67      459FA9F8 
  67      A9481C39 
  67      67242DEB 
  67      6FAB
  68 01c9 2EA5F642 		.ascii	".\245\366B\250\354\326\372\314\322\304\325e\222\354"
  68      A8ECD6FA 
  68      CCD2C4D5 
  68      6592EC
  69 01d8 169843FD 		.ascii	"\026\230C\375\037P\320\200\002\204#Prt\272\270\003*"
  69      1F50D080 
  69      02842350 
  69      7274BAB8 
  69      032A
ARM GAS  C:\Users\CYIRKO~1\AppData\Local\Temp\ccitLTMt.s 			page 5


  70 01ea 95CB0D42 		.ascii	"\225\313\015B\355,\203{\254q\324\337\221\006\027$\250"
  70      ED2C837B 
  70      AC71D4DF 
  70      91061724 
  70      A8
  71 01fb A0898438 		.ascii	"\240\211\2048\345\273P\211\363\354\363U3!=B\366s\361"
  71      E5BB5089 
  71      F3ECF355 
  71      33213D42 
  71      F673F1
  72 020e F0AE86EE 		.ascii	"\360\256\206\3562\014\247bhN\033\0324\363}s\332\314"
  72      320CA762 
  72      684E1B1A 
  72      34F37D73 
  72      DACC
  73 0220 F7BF86F2 		.ascii	"\367\277\206\362\244\3021o\006\032\277\225\204\301{"
  73      A4C2316F 
  73      061ABF95 
  73      84C17B
  74 022f B46ADB88 		.ascii	"\264j\333\210:\266\253(\253\232\360i\205\360\231\026"
  74      3AB6AB28 
  74      AB9AF069 
  74      85F09916 
  75 023f E5111FE9 		.ascii	"\345\021\037\351\226\3535\214\327\277z\232d\320\357"
  75      96EB358C 
  75      D7BF7A9A 
  75      64D0EF
  76 024e 49D0DAF6 		.ascii	"I\320\332\366\266\360\211\326H\353\371\226h\333\245"
  76      B6F089D6 
  76      48EBF996 
  76      68DBA5
  77 025d E361E13A 		.ascii	"\343a\341:{1\032\361F\316\265G\317\\\010\267\374\006"
  77      7B311AF1 
  77      46CEB547 
  77      CF5C08B7 
  77      FC06
  78 026f A9C63D2F 		.ascii	"\251\306=/"
  79              		.text
  80              		.section	.gnu.lto_lld_Odometry_Init.part.0.df53d0d3,"",%progbits
  81 0000 789C8D52 		.ascii	"x\234\215R\277k\024Q\020\236\357\315\356\335\272\336"
  81      BF6B1451 
  81      109EEFCD 
  81      EEDDBADE 
  82 0010 25A4142C 		.ascii	"%\244\024,\202]\012\275\277\304?\300:ZJ \332X\355\323"
  82      825D0ABD 
  82      BFC43FC0 
  82      3A5A4A20 
  82      DA58EDD3 
  83 0024 10CF5C20 		.ascii	"\020\317\\ \332\230xE\330\223-\222\2501wj4\027-\302"
  83      DA987845 
  83      D8932D92 
  83      A831776A 
  83      34172DC2 
  84 0038 61A30405 		.ascii	"a\243\004\005!\215v\"j\374UI@\301\213\337\354\211$\207"
  84      218D7622 
  84      6AFC5549 
  84      40C18BDF 
ARM GAS  C:\Users\CYIRKO~1\AppData\Local\Temp\ccitLTMt.s 			page 6


  84      EC892487 
  85 004c 421EEC9B 		.ascii	"B\036\354\233\267\363f\276o\276\231\027\212\223\017"
  85      B7F366BE 
  85      6FBE9917 
  85      8A930F
  86 005b 4E644844 		.ascii	"NdHD\216\363C(\010\256\275\340!\200\313\255\203\232"
  86      8EF34328 
  86      08AEBDE0 
  86      2180CBAD 
  86      839A
  87 006d BD182960 		.ascii	"\275\030)`\007\037A\222\300)\022\\\3259E\247\372\276"
  87      071F4192 
  87      C029125C 
  87      D53945A7 
  87      FABE
  88 007f ED46163C 		.ascii	"\355F\026<\327\306\334\316\021\277\270\201TE\352\374"
  88      D7C6DCCE 
  88      11BFB881 
  88      5445EAFC 
  89 008f 6C610123 		.ascii	"la\001#\302\260\267\255\356\365r!\350\371\261\210\002"
  89      C2B0B7AD 
  89      EEF57221 
  89      E8F9B188 
  89      02
  90 00a0 68575EC1 		.ascii	"hW^\301\373\356n\325\373\327\307\206bH\252p\266)7\027"
  90      FBEE6ED5 
  90      FBD7C786 
  90      6248AA70 
  90      B6293717 
  91 00b4 D8265263 		.ascii	"\330&Rc\202\361\32640\253\323t\232\335\306\245\331\355"
  91      82F1D634 
  91      30ABD374 
  91      9ADDC6A5 
  91      D9ED
  92 00c6 6E6C50F3 		.ascii	"nlP\363\0122\314Nv^\026g4U\205\021\266\333_\336\024"
  92      0A32CC4E 
  92      765E1667 
  92      34558511 
  92      B6DB5FDE 
  93 00db 935F3EA2 		.ascii	"\223_>\242#3R\372>mn=\215S\314\263B\340\026\025,\341"
  93      233352FA 
  93      3E6D6E3D 
  93      8D53CCB3 
  93      42E01615 
  94 00f1 28ABB98D 		.ascii	"(\253\271\215\024\362\031\223\303\006\326\227\033\324"
  94      14F21993 
  94      C306D697 
  94      1BD4
  95 00ff 0927B883 		.ascii	"\011'\270\203D\372h\302~\2320\263\320\3754\005\334%"
  95      44FA68C2 
  95      7E9A30B3 
  95      D0FD3405 
  95      DC25
  96 0111 CDB2D1F0 		.ascii	"\315\262\321\360\242\361\363\307V\211\301W\274o|\203"
  96      A2F1F3C7 
  96      5689C157 
  96      BC6F7C83 
ARM GAS  C:\Users\CYIRKO~1\AppData\Local\Temp\ccitLTMt.s 			page 7


  97 0121 41AC903A 		.ascii	"A\254\220:gE\023I\252E\311e\355\376\221\345\016\242"
  97      67451349 
  97      AA45C965 
  97      EDFE91E5 
  97      0EA2
  98 0133 A3F557C7 		.ascii	"\243\365W\307=\323A\200\365g'{\371z\220\002\357\357"
  98      3DD34180 
  98      F567277B 
  98      F97A9002 
  98      EFEF
  99 0145 297066AD 		.ascii	")pf\2559\025U\226m\230\303\251Fx@\304\033\371$\261\212"
  99      39155596 
  99      6D98C3A9 
  99      467840C4 
  99      1BF924B1 
 100 015a 0AB1279A 		.ascii	"\012\261'\232\227O\365\260\203\036\374\363l\247\023"
 100      974FF5B0 
 100      831EFCF3 
 100      6CA713
 101 0169 5A3B1CDE 		.ascii	"Z;\034\336\011\036\022\347?\215<T\267i\342Q\336H\307"
 101      091E12E7 
 101      3F8D3C54 
 101      B769E251 
 101      DE48C7
 102 017c FC5463C6 		.ascii	"\374Tc\306N4n\226\376\021}\270\256\244\305\032\243S"
 102      4E346E96 
 102      FE117DB8 
 102      AEA4C51A 
 102      A353
 103 018e 2D99A8EF 		.ascii	"-\231\250\357\037\247\262A\213\334;\203r\377\014\312"
 103      1FA7B241 
 103      8BDC3B83 
 103      72FF0CCA 
 104 019e 99B1EC97 		.ascii	"\231\261\354\2278\200uJl\347-zLA\274]\255n\266b\003"
 104      3880754A 
 104      6CE72D7A 
 104      4C41BC5D 
 104      AD6EB662 
 105 01b3 1800F0C4 		.ascii	"\030\000\360\304nd\232\204\366\256\276\362\011\346\253"
 105      6E649A84 
 105      F6AEBEF2 
 105      09E6AB
 106 01c2 C666D1C1 		.ascii	"\306f\321\301\277\301s\343\243\225\261\323cg\317\234"
 106      BFC173E3 
 106      A395B1D3 
 106      6367CF9C 
 107 01d2 1FBF7062 		.ascii	"\037\277pbT~\003E\356\362\316"
 107      547E0345 
 107      EEF2CE
 108              		.text
 109              		.section	.gnu.lto_GPT_Driver.df53d0d3,"",%progbits
 110 0000 789C6365 		.ascii	"x\234ce`b\220g``\020d\200\200\351\314\214;w\276\271"
 110      60629067 
 110      60601064 
 110      8080E9CC 
 110      8C3B77BE 
 111 0015 CD5EFFB7 		.ascii	"\315^\377\267\241\243\241\341A\367\0359\226\371\314"
ARM GAS  C:\Users\CYIRKO~1\AppData\Local\Temp\ccitLTMt.s 			page 8


 111      A1A3A1E1 
 111      41F71D39 
 111      96F9CC
 112 0024 0C8B9981 		.ascii	"\014\213\231\201R\214\313\031\353\031\370\213\213\222"
 112      528CCB19 
 112      EB19F88B 
 112      8B92
 113 0032 F5F353F2 		.ascii	"\365\363S\362sSK\212*\365\222\031\000\364?\021\372"
 113      73534B8A 
 113      2AF59219 
 113      00F43F11 
 113      FA
 114              		.text
 115              		.section	.gnu.lto_GPT1cfg.df53d0d3,"",%progbits
 116 0000 789C6365 		.ascii	"x\234ce`b\310c``\020d\200\200\351\314\214\353\337\354"
 116      6062C863 
 116      60601064 
 116      8080E9CC 
 116      8CEBDFEC 
 117 0014 FCC9DBC7 		.ascii	"\374\311\333\307<\237\231\201\021\304\335\271\363\315"
 117      3C9F9981 
 117      11C4DDB9 
 117      F3CD
 118 0022 6DF6FABF 		.ascii	"m\366\372\277\015\035\015\015\017\272_J1\315gf\234\311"
 118      0D1D0D0D 
 118      0FBA5F4A 
 118      31CD6766 
 118      9CC9
 119 0034 0C517961 		.ascii	"\014Qya\335\312\331|\020\225\023\316\201\004>\036z\271"
 119      DDCAD97C 
 119      109513CE 
 119      81043E1E 
 119      7AB9
 120 0046 81C7625B 		.ascii	"\201\307b[C\307\202\006\207\371\314L3\200\022+\031e"
 120      43C78206 
 120      87F9CC4C 
 120      3380122B 
 120      1965
 121 0058 66303332 		.ascii	"f032\256`\254\237\301\314\304\270\034\304c\006Q\014"
 121      AE60AC9F 
 121      C1CCC4B8 
 121      1CC46306 
 121      510C
 122 006a 8CAB182D 		.ascii	"\214\253\030-\030\370\213\213\222\365\363S\362sSK\212"
 122      18F88B8B 
 122      92F5F353 
 122      F273534B 
 122      8A
 123 007b 2AF59219 		.ascii	"*\365\222\031\000\357\277+\002"
 123      00EFBF2B 
 123      02
 124              		.text
 125              		.section	.gnu.lto_get_distance.df53d0d3,"",%progbits
 126 0000 789C5590 		.ascii	"x\234U\220;O\002Q\020\205\347\354,\260\232 F;\225H!"
 126      3B4F0251 
 126      1085E7EC 
 126      2CB09A20 
ARM GAS  C:\Users\CYIRKO~1\AppData\Local\Temp\ccitLTMt.s 			page 9


 126      463B9548 
 127 0015 058DFE0D 		.ascii	"\005\215\376\015\377\206\001\013\0135Q\033+\256\250"
 127      FF86010B 
 127      0B35511B 
 127      2BAEA8
 128 0024 60303E0A 		.ascii	"`0>\012\037\361\025H,\360\375\242\302Xlg4\201\004\033"
 128      1FF11548 
 128      2CF0FDA2 
 128      C2586C67 
 128      3481041B 
 129 0038 0B130B8D 		.ascii	"\013\023\013\215\032\243\026\370\254\004\347\262Zx\223"
 129      1AA316F8 
 129      AC04E7B2 
 129      5A7893
 130 0047 9DBD3339 		.ascii	"\235\27539\337\314\234\353\"\203NA\324DD\315\362\201"
 130      DFCC9CEB 
 130      22834E41 
 130      D44444CD 
 130      F281
 131 0059 09C66C81 		.ascii	"\011\306l\201h\3042\000}Q\026(j \212\031^d\024\307\016"
 131      68C43200 
 131      7D511628 
 131      6A208A19 
 131      5E6414C7 
 132 006e 56799A53 		.ascii	"Vy\232S\"3%-\345\227o\353t\012\004$M\314/\314\325\206"
 132      2233252D 
 132      E5976FEB 
 132      740A0424 
 132      4DCC2FCC 
 133 0084 324A8EBD 		.ascii	"2J\216\275\370\336\226\215\217w\246\330\240%Qo\240\005"
 133      F8DE968D 
 133      8F77A6D8 
 133      A025516F 
 133      A005
 134 0096 19B4E811 		.ascii	"\031\264\350\021\233\010\221\210\267\277\022ep\003\364"
 134      9B089188 
 134      B7BF1265 
 134      7003F4
 135 00a5 FDD3BE3C 		.ascii	"\375\323\276<\251\011\256W\301\373,g\225=\026H1c\013"
 135      A909AE57 
 135      C1FB2C67 
 135      953D1648 
 135      31630B
 136 00b8 FC1F26AD 		.ascii	"\374\037&\255\2769,\317{\335&\266\021\324\275\245\345"
 136      BE392CCF 
 136      7BDD26B6 
 136      11D4BDA5 
 136      E5
 137 00c9 0EDC6202 		.ascii	"\016\334b\002\272\262\177\001[\225+\011e_7\236\373,"
 137      BAB27F01 
 137      5B952B09 
 137      655F379E 
 137      FB2C
 138 00db 26E9634A 		.ascii	"&\351cJ0]:\270u\360P\025\245\244\260\332\342\244\354"
 138      305D3AB8 
 138      75F05015 
 138      A5A4B0DA 
ARM GAS  C:\Users\CYIRKO~1\AppData\Local\Temp\ccitLTMt.s 			page 10


 138      E2A4EC
 139 00ee 287F7EC2 		.ascii	"(\177~\302h\372\255d\350nk\254\335\346r\317W\236\350"
 139      68FAAD64 
 139      E86E6BAC 
 139      DDE672CF 
 139      579EE8
 140 0101 B7B252EC 		.ascii	"\267\262R\354Zb=a\027Q\351\340\246G\304^\023p\224\246"
 140      5A623D61 
 140      1751E9E0 
 140      A647C45E 
 140      137094A6 
 141 0115 88A530BA 		.ascii	"\210\2450\272\034?\253q*.)\012~\234\313$\331\277\242"
 141      1C3FAB71 
 141      2A2E290A 
 141      7E9CCB24 
 141      D9BFA2
 142 0128 2694AA07 		.ascii	"&\224\252\007\251t\351\341(\2777U\204\254@\330\203\377"
 142      A974E9E1 
 142      28BF3755 
 142      84AC40D8 
 142      83FF
 143 013a 17F23A90 		.ascii	"\027\362:\220\346\004\212o\036\026\376\240r\245\322"
 143      E6048A6F 
 143      1E16FEA0 
 143      72A5D2
 144 0149 4AEAEF38 		.ascii	"J\352\3578\334~\225\223\3519v8\217\240t\207X\240\372"
 144      DC7E9593 
 144      E9397638 
 144      8FA07487 
 144      58A0FA
 145 015c 0A624C4A 		.ascii	"\012bLJ\364\202X\372\343w?\217~\266\244\254/\036\015"
 145      F48258FA 
 145      E3773F8F 
 145      7EB6A4AC 
 145      2F1E0D
 146 016f 22DFE040 		.ascii	"\"\337\340@\270\243?\322\337\333=40\334\036&+\32238"
 146      B8A33FD2 
 146      DFDB3D34 
 146      30DC1E26 
 146      2BD23338 
 147 0183 D4D517EE 		.ascii	"\324\325\027\356\376\001!)\233\016"
 147      FE012129 
 147      9B0E
 148              		.text
 149              		.section	.gnu.lto_lld_Odometry_Init.df53d0d3,"",%progbits
 150 0000 789C6D8F 		.ascii	"x\234m\217\275K\003A\020\305\347\355\354%GP\304J\004"
 150      BD4B0341 
 150      10C5E7ED 
 150      EC254750 
 150      C44A04
 151 0013 496593C6 		.ascii	"Ie\223\306\200\266\3765FK\011D\033\253[E\011DP\033\023"
 151      80B6FE35 
 151      464B0944 
 151      1BAB5B45 
 151      0944501B 
 152 0028 52842D2C 		.ascii	"R\204-,\022\277\020\313KuD+\021\005A\233t\"\201\370"
 152      12BF10CB 
ARM GAS  C:\Users\CYIRKO~1\AppData\Local\Temp\ccitLTMt.s 			page 11


 152      4B75442B 
 152      1105419B 
 152      742281F8 
 153 003c D1DA253A 		.ascii	"\321\332%:\223t\342\3020\354\217\267\357\275\015\310"
 153      9374E2C2 
 153      30EC8FB7 
 153      EFBD0DC8 
 154 004c D03C88A6 		.ascii	"\320<\210\246\211hI\006\001\301\034=\020m\207\306\330"
 154      89684906 
 154      01C11C3D 
 154      106D87C6 
 154      D8
 155 005d 973CB90C 		.ascii	"\227<\271\014\267\263\344&\030V1,\240\333\205\240\310"
 155      B7B3E426 
 155      1856312C 
 155      A0DB85A0 
 155      C8
 156 006e B0458443 		.ascii	"\260E\204C\2561:\345^lrM''\251}\317\272V\002\317Du\031"
 156      AE313AE5 
 156      5E6C724D 
 156      2727A97D 
 156      CFBA5602 
 157 0086 3D682247 		.ascii	"=h\"G\"{\275\036\036O\246\354\230\243\205\224D\323\325"
 157      227BBD1E 
 157      1E4FA6EC 
 157      98A38594 
 157      44D3D5
 158 0099 131237FC 		.ascii	"\023\0227\374)\273\2447s\267\022\030\362,\270\"\022"
 158      29BBA437 
 158      73B71218 
 158      F22CB822 
 158      12
 159 00aa 4DDA67A3 		.ascii	"M\332g\243\233\373\330\251\366\007\213\372\250\301F"
 159      9BFBD8A9 
 159      F6078BFA 
 159      A8C146
 160 00b9 BCAA7B9D 		.ascii	"\274\252{\235\307\364\001{6P\3538\376\354\246\243\201"
 160      C7F4017B 
 160      3650EB38 
 160      FEECA6A3 
 160      81
 161 00ca 0B059CA8 		.ascii	"\013\005\234\250\275\260\367\373\347\333\214GC\272\000"
 161      BDB0F7FB 
 161      E7DB8C47 
 161      43BA00
 162 00d9 67D2F514 		.ascii	"g\322\365\024s\222{\016\017z\303n\367f\371\037;\200"
 162      73927B0E 
 162      0F7AC36E 
 162      F766F91F 
 162      3B80
 163 00eb 70A13AD2 		.ascii	"p\241:\322p\246v\226?\300*\374\023\303u\355\211KD\322"
 163      70A67696 
 163      3FC02AFC 
 163      13C375ED 
 163      894B44D2 
 164 00ff D88ED476 		.ascii	"\330\216\324vT\365\013f\374\355\212\010\004\310mj\243"
 164      54F50B66 
ARM GAS  C:\Users\CYIRKO~1\AppData\Local\Temp\ccitLTMt.s 			page 12


 164      FCED8A08 
 164      04C86D6A 
 164      A3
 165 0110 54C81757 		.ascii	"T\310\027W\213\353k\233\245\255\205\002\375\002\022"
 165      8BEB6B9B 
 165      A5AD8502 
 165      FD0212
 166 011f 4463C6   		.ascii	"Dc\306"
 167              		.text
 168              		.section	.gnu.lto_get_speed.df53d0d3,"",%progbits
 169 0000 789C6D52 		.ascii	"x\234mRMk\023a\020\236\331\331\257\204\304\200\202X"
 169      4D6B1361 
 169      109ED9D9 
 169      AF84C480 
 169      8258
 170 0012 EC210839 		.ascii	"\354!\0109\364b~\222H\223C\301Ris\361\2245\326-m!*\332"
 170      F4627E92 
 170      489343C1 
 170      526973F1 
 170      9435D62D 
 171 002a B48D095B 		.ascii	"\264\215\011[\331C\2555\315\306V1\236B-*\242\261V\024"
 171      D943AD35 
 171      CDC65631 
 171      9E422D2A 
 171      A2B15614 
 172 003e 44F0A056 		.ascii	"D\360\240V\210T\241\212BQ\2533\373\246\212\340\302\356"
 172      8854A18A 
 172      4251AB33 
 172      FBA68AE0 
 172      C2EE
 173 0050 CE3BFB7C 		.ascii	"\316;\373|\3143\254\001\032T5\200#\000p\230o$@\355|"
 173      CC33AC01 
 173      1A543580 
 173      23007098 
 173      6F2440ED 
 174 0065 1BE0B4AD 		.ascii	"\033\340\264\255!J\341\330\010y\015\363x\216\246\011"
 174      214AE1D8 
 174      08790DF3 
 174      788EA609 
 175 0075 9F8E0615 		.ascii	"\237\216\006\025*\222\3070\235\217\333\217\313o\367"
 175      2A92C730 
 175      9D8FDB8F 
 175      CB6FF7
 176 0084 C91131C9 		.ascii	"\311\0211\311\307\261\251\322\245h\337\274\303Wk:0\227"
 176      C7B1A9D2 
 176      A568DFBC 
 176      C3576B3A 
 176      3097
 177 0096 DEAF3B11 		.ascii	"\336\257;\021\2174\230e\370U\354\305y\354\025\217\005"
 177      8F349865 
 177      F855ECC5 
 177      79EC158F 
 177      05
 178 00a7 EC03463F 		.ascii	"\354\003F?\373\362\371\007\321~\224z\362\302\305\315"
 178      FBF2F907 
 178      D17E947A 
 178      F2C2C5CD 
ARM GAS  C:\Users\CYIRKO~1\AppData\Local\Temp\ccitLTMt.s 			page 13


 179 00b7 48CA0F99 		.ascii	"H\312\017\231\257g\0176\\\347\201\243{Dx\015\351_6\010"
 179      AF670F36 
 179      5CE781A3 
 179      7B44780D 
 179      E95F3608 
 180 00cb 7C6EC575 		.ascii	"|n\305u\211\016\205\324\227\265\366\216\325\245n\364"
 180      890E85D4 
 180      97B5F68E 
 180      D5A56EF4 
 181 00db 2C3BADD1 		.ascii	",;\255\321\244\020\257\377\227\370\246\261;\0257u\254"
 181      A410AFFF 
 181      97F8A6B1 
 181      3B153775 
 181      AC
 182 00ec 610A1731 		.ascii	"a\012\0271%\223\361@Kh\"\200\266\327\255o`\313\331\375"
 182      2593F140 
 182      4B682280 
 182      B6D7AD6F 
 182      60CBD9FD 
 183 0100 35E6B4DA 		.ascii	"5\346\264\332=W\276\306\"\032x\244\023?H\227\312\220"
 183      3D57BEC6 
 183      221A78A4 
 183      133F4897 
 183      CA90
 184 0112 CA04415B 		.ascii	"\312\004A[R\332\020J\301\004k\311\306&91\277\251\203"
 184      52DA104A 
 184      C1046BC9 
 184      C6263931 
 184      BFA983
 185 0125 853B9DF2 		.ascii	"\205;\235\362\335\003\"_%\215\335KgW\237X\262.#\234"
 185      DD03225F 
 185      258DDD4B 
 185      67579F58 
 185      B22E239C 
 186 0139 BCD9DC7A 		.ascii	"\274\331\334ze\345\177:67|R\003~x\364|-\352a\025=21"
 186      65E57F3A 
 186      36377C52 
 186      037E78F4 
 186      7C2DEA61 
 187 0151 E0B5D765 		.ascii	"\340\265\327ex\376P\274\035\214\333\351\232\304\344"
 187      78FE50BC 
 187      1D8CDBE9 
 187      9AC4E4
 188 0160 7C1636D0 		.ascii	"|\0266\320\303\031!\001\336\3004\260\331\013w\334R^"
 188      C3192101 
 188      DEC034B0 
 188      D90B77DC 
 188      525E
 189 0172 C476DC39 		.ascii	"\304v\3349\023\270\013q\325\321\325\000\017\375o\253"
 189      13B80B71 
 189      D5D1D500 
 189      0FFD6FAB 
 190 0182 860CA0E3 		.ascii	"\206\014\240\343;\300e\226V\274.\312`\240\360\326\335"
 190      3BC06596 
 190      56BC2ECA 
 190      60A0F0D6 
 190      DD
ARM GAS  C:\Users\CYIRKO~1\AppData\Local\Temp\ccitLTMt.s 			page 14


 191 0193 26A98E12 		.ascii	"&\251\216\0223`\023\013\311pM\034\232\273B+u.\373\011"
 191      3360130B 
 191      C9704D1C 
 191      9ABB422B 
 191      752EFB09 
 192 01a7 85B258BA 		.ascii	"\205\262X\272\276\325\334\211\213\264\035f\373~\257"
 192      BED5DC89 
 192      8BB41D66 
 192      FB7EAF
 193 01b6 524CA86C 		.ascii	"RL\250l\266O\030FX\273\377\251\022S\331\010or\266\025"
 193      B64F1846 
 193      58BBFFA9 
 193      1253D908 
 193      6F72B615 
 194 01ca C986B738 		.ascii	"\311\206\2678\211\270\226\377\270\332\241\261\365\327"
 194      89B896FF 
 194      B8DAA1B1 
 194      F5D7
 195 01d8 75515C6D 		.ascii	"uQ\\m\370\210\205\271\355X\027#\321'X\231W\315?pbd\270"
 195      F88885B9 
 195      ED581723 
 195      D1275899 
 195      57CD3F70 
 196 01ef 3F3D9419 		.ascii	"?=\224\031\032\314\346\206O\035\355\007c\344d6\233\211"
 196      1ACCE686 
 196      4F1DED07 
 196      63E46436 
 196      9B89
 197 0201 66B22772 		.ascii	"f\262'r\307\217\345\006\006\263\277\001Y?\327\213"
 197      C78FE506 
 197      06B3BF01 
 197      593FD78B 
 198              		.text
 199              		.section	.gnu.lto_.symbol_nodes.df53d0d3,"",%progbits
 200 0000 789C558D 		.ascii	"x\234U\215\315\011\302@\024\204gg\2631BT\354@\254\301"
 200      CD09C240 
 200      14846767 
 200      B3314254 
 200      EC40ACC1 
 201 0014 02B4B2B7 		.ascii	"\002\264\262\267B\012\260\000\377\215\277x\364\240\336"
 201      420AB000 
 201      FF8DBF78 
 201      F4A0DE
 202 0023 02395B83 		.ascii	"\0029[\203\212u\210\233\215\2029}\217o\206y\006D[\001"
 202      8A75889B 
 202      8D82397D 
 202      8F6F8679 
 202      06445B01 
 203 0037 E082028C 		.ascii	"\340\202\002\214n\200\303y\236\331\0200c\252a\327\205"
 203      6E80C379 
 203      9ED91030 
 203      63AA61D7 
 203      85
 204 0048 664296C7 		.ascii	"fB\226\307\224\332\037<R\324\267\256.If\373.\\2\260"
 204      94DA1F3C 
 204      52D4B7AE 
 204      2E4966FB 
ARM GAS  C:\Users\CYIRKO~1\AppData\Local\Temp\ccitLTMt.s 			page 15


 204      2E5C32B0 
 205 005c 2ED46645 		.ascii	".\324fE\224\365\031\2157\234S\370[\277\332\201\033H"
 205      94F5198D 
 205      379C53F8 
 205      5BBFDA81 
 205      1B48
 206 006e 29BA6AD6 		.ascii	")\272j\326\224\240b\314\201a\307\315\250\015\305\370"
 206      94A062CC 
 206      8161C7CD 
 206      A80DC5F8 
 207 007e 04B0C527 		.ascii	"\004\260\305'\265\245\204\025\261\243\324*bO\211\376"
 207      B5A58415 
 207      B1A3D42A 
 207      624F89FE 
 208 008e 85468CE4 		.ascii	"\205F\214\344\361V:h\341\345\331D\356\331@~w\214b\244"
 208      F1563A68 
 208      E1E5D944 
 208      EED9407E 
 208      778C62A4 
 209 00a2 05EB019E 		.ascii	"\005\353\001\236\247\036>%\220@\023"
 209      A71E3E25 
 209      904013
 210              		.text
 211              		.section	.gnu.lto_.refs.df53d0d3,"",%progbits
 212 0000 789C0DC7 		.ascii	"x\234\015\307\301\021\200@\014\003\261\265sN\200c\250"
 212      C1118040 
 212      0C03B1B5 
 212      734E8063 
 212      A8
 213 0011 87FE2B03 		.ascii	"\207\376+\003\375\024\314\013\004d\271\244\215o\325"
 213      FD14CC0B 
 213      0464B9A4 
 213      8D6FD5
 214 0020 9345E436 		.ascii	"\223E\3446)zi\016\305[\377u2\362E\213\032>#\375\001"
 214      297A690E 
 214      C55BFF75 
 214      32F2458B 
 214      1A3E23FD 
 215 0035 01       		.ascii	"\001"
 216              		.text
 217              		.section	.gnu.lto_.decls.df53d0d3,"",%progbits
 218 0000 789CB559 		.ascii	"x\234\265Y\013PTW\232\276\347\236\313\243\273\021\034"
 218      0B505457 
 218      9ABEE79E 
 218      CBA3BB11 
 218      1C
 219 0011 4C65AC14 		.ascii	"Le\254\024\251\262R\244\244f&\002:\223L\315LME[6cU|"
 219      A9B252A4 
 219      A4662602 
 219      3A934CCD 
 219      4C4D455B 
 220 0029 2C90D4CE 		.ascii	",\220\324\316.\225.\204\326t\205\207\201&\273N\355T"
 220      2E952E84 
 220      D6748587 
 220      8126BB4E 
 220      ED54
 221 003b 5D1E2AE2 		.ascii	"]\036*\342\203\340\023D\224\370&(\210Q| \320\200 \""
ARM GAS  C:\Users\CYIRKO~1\AppData\Local\Temp\ccitLTMt.s 			page 16


 221      83E01344 
 221      94F82628 
 221      88517C20 
 221      D0802022 
 222 004f 82828002 		.ascii	"\202\202\200\002\002\"\022\004\343\003D\2048\260\377"
 222      02221204 
 222      E3034484 
 222      38B0FF
 223 005e 79DCEEDB 		.ascii	"y\334\356\333M\263\311n\355\336\342\277}\377s\276\363"
 223      4DB3C96E 
 223      EDDEE2BF 
 223      7DFF73BE 
 223      F3
 224 006f FD8FF3DF 		.ascii	"\375\217\363\337s\317\275\270\010\242\320\370\226 \274"
 224      73CFBDB8 
 224      08A2D0F8 
 224      9620BC
 225 007e C682208B 		.ascii	"\306\202 \213\2020\005\207\273 \010\247@\020H 9\301"
 225      82300587 
 225      BB2008A7 
 225      40104820 
 225      39C1
 226 0090 A101F91D 		.ascii	"\241\001\371\035\\\377\036\344\317 \213A>\002Y\016\022"
 226      5CFF1EE4 
 226      CF208B41 
 226      3E02590E 
 226      12
 227 00a1 0CF2AF20 		.ascii	"\014\362\257 a n\200\373\014~\303A\"A\326\202\230@\326"
 227      61206E80 
 227      FB0C7EC3 
 227      412241D6 
 227      829840D6 
 228 00b5 81C4712E 		.ascii	"\201\304q.\345\370Bd\274\237\202x\203\274\001\3626`"
 228      E5F84264 
 228      BC9F8278 
 228      83BC01F2 
 228      3660
 229 00c7 F4F01B04 		.ascii	"\364\360\033\004\262\004$\036\364\217\3718\314}\370"
 229      B204241E 
 229      F48FF938 
 229      CC7DF8
 230 00d6 33B74B74 		.ascii	"3\267Kt\265\035\365\361%p{qn\3029\037~\315\360\233\200"
 230      B51DF5F1 
 230      25707B71 
 230      6EC2391F 
 230      7ECDF09B 
 231 00eb 584CEF81 		.ascii	"XL\357\201\3743\310%h\377\012~\377\012\362\357 \037"
 231      FC33C825 
 231      68FF0A7E 
 231      FF0AF2EF 
 231      201F
 232 00fd 82FC0748 		.ascii	"\202\374\007H4b\361\377\012N\222\300\342V\307Il\223"
 232      3462F1FF 
 232      0A4E92C0 
 232      E256C749 
 232      6C93
 233 010f B83EE3B1 		.ascii	"\270>\343\261\251\217f\221\215}[\325N.\035\343/\025"
ARM GAS  C:\Users\CYIRKO~1\AppData\Local\Temp\ccitLTMt.s 			page 17


 233      A98F6691 
 233      8D7D5BD5 
 233      4E2E1DE3 
 233      2F15
 234 0121 190FF1ED 		.ascii	"\031\017\361\355-\356\223\304m\372\021\237A\336\345"
 234      2DEE93C4 
 234      6DFA119F 
 234      41DEE5
 235 0130 7EFCCE61 		.ascii	"~\374\316a,9\376.\262|+\271\373\243*w\352\274\001\314"
 235      2C39FE2E 
 235      B27C2BB9 
 235      FBA32A77 
 235      EABC01CC 
 236 0144 9A33C723 		.ascii	"\2323\307#\031:]x\236\242y\354\353A>P\215]\314\347\235"
 236      193A5D78 
 236      9EA279EC 
 236      EB413E50 
 236      8D5DCCE7 
 237 0159 3439C69A 		.ascii	"49\306\232\316\347P\361!\210\373@bR\362Lr\274D\260\345"
 237      CEE750F1 
 237      2188FB40 
 237      6252F24C 
 237      72BC44B0 
 238 016e 93FC92DA 		.ascii	"\223\374\222\332!\334\2379\231\273\275\030\335J9\275"
 238      21DC9F39 
 238      99BBBD18 
 238      DD4A39BD 
 239 017e 1F6FC7C8 		.ascii	"\037o\307\310[\213$P\237\337\330\367\300\023\3247\264"
 239      5B8B2450 
 239      9FDFD8F7 
 239      C013D437 
 239      B4
 240 018f 681EA8FB 		.ascii	"h\036\250\373J^\324\271\260^wP7\234O\237\302XDd\340"
 240      4A5ED4B9 
 240      B05E7750 
 240      379C4F9F 
 240      C2584464 
 241 01a4 BDDABC7C 		.ascii	"\275\332\274|2p\276\026\221R\366\202\246\302\307\027"
 241      3270BE16 
 241      9152F682 
 241      A6C2C717 
 242 01b4 C767B126 		.ascii	"\307g\261&\202\350\036?\361O\013N\312\354pw\265\331"
 242      82E81E3F 
 242      F14F0B4E 
 242      CAEC7077 
 242      B5D9
 243 01c6 6C4A1F3E 		.ascii	"lJ\037>\342\206\275\010H\314\252k\253\224\220\237\366"
 243      E286BD08 
 243      48CCAA6B 
 243      AB94909F 
 243      F6
 244 01d7 180159DA 		.ascii	"\030\001Y\332F\346gl\222e\021\235FZT\2000:\205\026\220"
 244      46E6676C 
 244      9265119D 
 244      465A5480 
 244      303A8516 
 245 01ec 78E66BE1 		.ascii	"x\346k\341\234*\313I\362\327\311\262\346/\002:\201|"
ARM GAS  C:\Users\CYIRKO~1\AppData\Local\Temp\ccitLTMt.s 			page 18


 245      9C2ACB49 
 245      F2D7C9B2 
 245      E62F023A 
 245      817C
 246 01fe D071E423 		.ascii	"\320q\344#\240B\344G\354\021\034:\011\215\371\320\010"
 246      A042E447 
 246      EC111C3A 
 246      098DF9D0 
 246      08
 247 020f 26F28E64 		.ascii	"&\362\216d\034r\305\211\210\332\250)\353\270#!\255\237"
 247      1C72C589 
 247      88DAA829 
 247      EBB82321 
 247      AD9F
 248 0221 5382EF9C 		.ascii	"S\202\357\234\020pg\362\336\251\331@\2349\003\316\024"
 248      107067F2 
 248      DEA9D940 
 248      9C3903CE 
 248      14
 249 0232 D99C01DF 		.ascii	"\331\234\001\337X\034C\337\266\337\366\304\375\324\010"
 249      581C43DF 
 249      B6DFF6C4 
 249      FDD408
 250 0241 AACB1AEF 		.ascii	"\252\313\032\357\360\304O\231\362h\262\360{\011\217"
 250      F0C44F99 
 250      F268B2F0 
 250      7B098F
 251 0250 3265EA75 		.ascii	"2e\352uf\216\016\277f\312\321\242\362\3570\336Hs(\346"
 251      668E0EBF 
 251      66CAD1A2 
 251      F2EF30DE 
 251      487328E6 
 252 0264 0C96A4DB 		.ascii	"\014\226\244\333\202\277Z\367\247\361\333\262<\017]"
 252      82BF5AF7 
 252      A7F1DBB2 
 252      3C0F5D
 253 0273 027B176C 		.ascii	"\002{\027l\366\316\240\031\243\277\350<\372\312\272"
 253      F6CEA019 
 253      A3BFE83C 
 253      FACABA
 254 0282 F23A37DC 		.ascii	"\362:7\334\312&\252\351Y}\216\216\315\341lP\213\373"
 254      CA26AAE9 
 254      597D8E8E 
 254      CDE16C50 
 254      8BFB
 255 0294 AFD568D9 		.ascii	"\257\325h\331\014\313\210\314c\316\323\021\011\3670"
 255      0CCB88CC 
 255      63CED311 
 255      09F730
 256 02a3 6CE186BE 		.ascii	"l\341\206\276<w\350\364\201IE\252\031\365a3\252\024"
 256      3C77E8F4 
 256      814945AA 
 256      19F56133 
 256      AA14
 257 02b5 CB2A562C 		.ascii	"\313*V,-Ec\205\263p?\257\207\226\256f\255$\012\250\022"
 257      2D456385 
 257      B3703FAF 
ARM GAS  C:\Users\CYIRKO~1\AppData\Local\Temp\ccitLTMt.s 			page 19


 257      8796AE66 
 257      AD240AA8 
 258 02ca 3CAF003F 		.ascii	"<\257\000?H\343\350\205\272_\340a\006Hl\273_N\001W\000"
 258      48E3E885 
 258      BA5FE061 
 258      06486CBB 
 258      5F4E0157 
 259 02df F01B1F54 		.ascii	"\360\033\037T\205$\322\\=5f\361b\234\"\250\265\005\205"
 259      8524D25C 
 259      3D3566F1 
 259      629C22A8 
 259      B50585
 260 02f2 831A9C88 		.ascii	"\203\032\234\210\351\220\306\242\214NL\206\\\205!5\020"
 260      E990C6A2 
 260      8C4E4C86 
 260      5C852135 
 260      10
 261 0303 5F351B93 		.ascii	"_5\033\223\371b\340\260\016oa\240\335\003\007rt\004"
 261      F962E0B0 
 261      0E6F61A0 
 261      DD030772 
 261      7404
 262 0315 740D40BF 		.ascii	"t\015@\277\366A\265\014\223]\274c\227\026\357b\230o"
 262      F641B50C 
 262      935DBC63 
 262      9716EF62 
 262      986F
 263 0327 764DDDA7 		.ascii	"vM\335\247D\327\001\363+\037TG1b\342\246\214'\263\220"
 263      44D701F3 
 263      2B1F5447 
 263      3162E2A6 
 263      8C27B390 
 264 033b BBDF4692 		.ascii	"\273\337F\222\333gI\211x\256\200\026\371\240\000p\036"
 264      DB674989 
 264      78AE8016 
 264      F9A00070 
 264      1E
 265 034c DD40EE24 		.ascii	"\335@\356$\257\250\001R\\\217$d\001\363\345\326\332"
 265      AFA80152 
 265      5C8F2464 
 265      01F3E5D6 
 265      DA
 266 035d 981AF2ED 		.ascii	"\230\032\362\355O&\265\0010\201O\024\257\356\354\235"
 266      4F26B501 
 266      30814F14 
 266      AFEEEC9D 
 267 036d BD3B316E 		.ascii	"\275;1n\246\206\305\302\315\333&]\220\237;\0335\371"
 267      A686C5C2 
 267      CDDB265D 
 267      909F3B1B 
 267      35F9
 268 037f 3EDC08E8 		.ascii	">\334\010\350\02607\332\246\2270\010\302t\027\320M\260"
 268      163037DA 
 268      A6973008 
 268      C27417D0 
 268      4DB0
 269 0391 3C931760 		.ascii	"<\223\027`\247\241\2613M\203\273X\200\033\333\312\240"
ARM GAS  C:\Users\CYIRKO~1\AppData\Local\Temp\ccitLTMt.s 			page 20


 269      A7A1B133 
 269      4D83BB58 
 269      801BDBCA 
 269      A0
 270 03a2 AC069872 		.ascii	"\254\006\230r\376\376\356r\015\233\361;T\177\222\177"
 270      FEFEEE72 
 270      0D9BF13B 
 270      547F927F 
 271 03b2 7E169B72 		.ascii	"~\026\233r\013\321\233\373\277I\361`\3757\211^\325z"
 271      0BD19BFB 
 271      BF49F160 
 271      FD37895E 
 271      D57A
 272 03c4 F599841F 		.ascii	"\365\231\204\037\263\301\251'\267Wa-T[\362\317\272U"
 272      B3C1A927 
 272      B757612D 
 272      545BF2CF 
 272      BA55
 273 03d6 60447DFD 		.ascii	"`D}\375\2177\\\3600\033\276\245\372\\\015_Oj\211\276"
 273      8F375CF0 
 273      301BBEA5 
 273      FA5C0D5F 
 273      4F6A89BE 
 274 03ea EB525589 		.ascii	"\353RU\211\016\217\262\316\007i\275U\256x\202{\311\275"
 274      0E8FB2CE 
 274      0769BD55 
 274      AE78827B 
 274      C9BD
 275 03fc F2E65E1D 		.ascii	"\362\346^\035\354\030\255Cx\222u\226\234\277\\\303\027"
 275      EC18AD43 
 275      78927596 
 275      9CBF5CC3 
 275      17
 276 040d 9E00504B 		.ascii	"\236\000PK\233:?\304\311\022\355\252\034>}\234{\217"
 276      9B3A3FC4 
 276      C912EDAA 
 276      1C3E7D9C 
 276      7B8F
 277 041f 89BF59C3 		.ascii	"\211\277Y\3037\275\210\2772\363\227\264+\036\013\250"
 277      37BD88BF 
 277      32F397B4 
 277      2B1E0BA8 
 278 042f 97DC3BC8 		.ascii	"\227\334;\310\337\007\335g\276\336}U\335\356\342\375"
 278      DF07DD67 
 278      BEDE7D55 
 278      DDEEE2FD 
 279 043f 3545C3AD 		.ascii	"5E\303\255&\321{\273\024\340\227)\374\001\362V\006\321"
 279      26D17BBB 
 279      14E09729 
 279      FC01F256 
 279      06D1
 280 0451 DADCFDC4 		.ascii	"\332\334\375\304S\015\276\363\337\201\013\016\037\335"
 280      530DBEF3 
 280      DF810B0E 
 280      1FDD
 281 045f ABC59B98 		.ascii	"\253\305\233\230\223\331#\367\036\361)\360\003\365\330"
 281      93D923F7 
ARM GAS  C:\Users\CYIRKO~1\AppData\Local\Temp\ccitLTMt.s 			page 21


 281      1EF129F0 
 281      03F5D8
 282 046e CB926477 		.ascii	"\313\222dw\274\205\365\355,\313\271\341\206\323\231"
 282      BC85F5ED 
 282      2CCBB9E1 
 282      86D399
 283 047d A22CB8DE 		.ascii	"\242,\270\336l\301Mj[\202w\262\236\362\214\035\367 "
 283      6CC14D6A 
 283      5B8277B2 
 283      9EF28C1D 
 283      F720
 284 048f 42A63C49 		.ascii	"B\246<Iy\330\303o\342\271\244\346\257\017\315\307\373"
 284      79D8C36F 
 284      E2B9A4E6 
 284      AF0FCDC7 
 284      FB
 285 04a0 59D7646D 		.ascii	"Y\327dm\325||\210]\327\024\2378\216\360\011\246\014"
 285      D57C7C88 
 285      5DD7149F 
 285      388EF009 
 285      A60C
 286 04b2 EFAB19D2 		.ascii	"\357\253\031\322\342\223L\311m\332\177\301\035\0272"
 286      E2934CC9 
 286      6DDA7FC1 
 286      1D1732
 287 04c1 E5D8AB3D 		.ascii	"\345\330\253=\307<\360Y\246\334\276\330\222\252\303"
 287      C73CF059 
 287      A6DCBED8 
 287      92AAC3
 288 04d0 1799925A 		.ascii	"\027\231\222ZT\224\251\303\245LI*\271\233\341\305\214"
 288      5494A9C3 
 288      A54C492A 
 288      B99BE1C5 
 288      8C
 289 04e1 F610BDEF 		.ascii	"\366\020\275\357h_\256\206/\035\256\240\2475\325\217"
 289      685FAE86 
 289      2F1DAEA0 
 289      A735D58F 
 290 04f1 215CC1C0 		.ascii	"!\\\301\300i\305\315]\322\214\363\360J\231\207\000:"
 290      69C5CD5D 
 290      D28CF3F0 
 290      4A998700 
 290      3A
 291 0502 0DBB4B77 		.ascii	"\015\273Kw\237\363t\234\206\026@\347Q\3648\315\354+"
 291      9FF3749C 
 291      861640E7 
 291      51F438CD 
 291      EC2B
 292 0514 25B3371F 		.ascii	"%\2637\037\036>*9\316\303L\3507\237\246U\214\316B\276"
 292      1E3E2A39 
 292      CEC34CE8 
 292      379FA655 
 292      8CCE42BE 
 293 0528 BEBE737C 		.ascii	"\276\276s|U\207\037=\037\222S\222e\313X&\0368\325\260"
 293      55871F3D 
 293      1F925392 
 293      65CB5826 
ARM GAS  C:\Users\CYIRKO~1\AppData\Local\Temp\ccitLTMt.s 			page 22


 293      1E38D5B0 
 294 053c 55CEAD44 		.ascii	"U\316\255D\224\252\013n\306I4\307V\350\367(\357\011"
 294      94AA0B6E 
 294      C64934C7 
 294      56E8F728 
 294      EF09
 295 054e 7216D890 		.ascii	"r\026\330\220\336\230,\331\222\202)\274\315\021\336"
 295      DE982CD9 
 295      928229BC 
 295      CD11DE
 296 055d 3A0D5EA7 		.ascii	":\015^\247\202w:\302\333)<\220\2403xL\037J\002z\011"
 296      82773AC2 
 296      DB293C90 
 296      A033784C 
 296      1F4A027A 
 297 0572 FDA3B48B 		.ascii	"\375\243\264\213\240\311M\277E\364C\262\350\013K\261"
 297      A0C94DBF 
 297      45F443B2 
 297      E80B4BB1 
 298 0582 2FDA04BF 		.ascii	"/\332\004\277) \211 \351 \311 i \033@RA\266\202l\003"
 298      29208920 
 298      E920C920 
 298      69201B40 
 298      5241B682 
 299 0598 D908F235 		.ascii	"\331\010\3625\310\2170\346\037 \233\341:\011\3445\\"
 299      C88F30E6 
 299      1F209BE1 
 299      3A09E435 
 299      5C
 300 05a9 6F177DE9 		.ascii	"o\027}\351\"\305|l\217\262\3718\342\350\243\277cDM*"
 300      22C57C6C 
 300      8FB2F938 
 300      E2E8A3BF 
 300      63444D2A 
 301 05bd F40BA7E8 		.ascii	"\364\013\247\350@\033xX\005~\346\010\276\214\034\320"
 301      401B7858 
 301      057EE608 
 301      BE8C1CD0 
 302 05cd EDAA64DD 		.ascii	"\355\252d\335u\236[\025\2722\332\206~\342\210~\354\210"
 302      759E5B15 
 302      BA32DA86 
 302      7EE2887E 
 302      EC88
 303 05df 1E5479F2 		.ascii	"\036Ty\362\334\021\2357m\336\232T\344C\216\360G\216"
 303      DC119D37 
 303      6DDE9A54 
 303      E4438EF0 
 303      478E
 304 05f1 E4C32AF4 		.ascii	"\344\303*\364CGt\267#\272W\345\312\260sW\324IQq\017"
 304      434774B7 
 304      23BA57E5 
 304      CAB07357 
 304      D4495171 
 305 0606 3AF7C4CE 		.ascii	":\367\304\316qU\016;\234\027\234]}\252\330\177p\236"
 305      71550E3B 
 305      9C179C5D 
 305      7DAAD87F 
ARM GAS  C:\Users\CYIRKO~1\AppData\Local\Temp\ccitLTMt.s 			page 23


 305      709E
 306 0618 440667CF 		.ascii	"D\006g\317\255\206\307\336\211\262\214\010L\375\260"
 306      AD86C7DE 
 306      89B28C08 
 306      4CFDB0
 307 0627 635CFD3F 		.ascii	"c\\\375?x\357L\226k\003(\331\200#Y\377\264\031Q\231"
 307      78EF4C96 
 307      6B0328D9 
 307      802359FF 
 307      B4195199 
 308 063b FEDE39DA 		.ascii	"\376\3369\332\352i\"\300c\022)|\002y\2431\016Wn}t\333"
 308      EA6922C0 
 308      6312297C 
 308      0279A331 
 308      0E576E7D 
 309 0651 917C4295 		.ascii	"\221|B\225\343\247\316\013OM>\021\315\310\373\200\274"
 309      E3A7CE0B 
 309      4F4D3E11 
 309      CDC8FB80 
 309      BC
 310 0662 87C395F5 		.ascii	"\207\303\225\365\235O \203\223\375M}\353\011O\234\346"
 310      9D4F2083 
 310      93FD4D7D 
 310      EB094F9C 
 310      E6
 311 0673 421FEB95 		.ascii	"B\037\353\225\007.g\301\306m\016K\317\313'\256\344\271"
 311      072E67C1 
 311      C66D0E4B 
 311      CFCB27AE 
 311      E4B9
 312 0685 BE539C83 		.ascii	"\276S\234\2032D\353s\235$\313\371\035\216v\300\215\375"
 312      3244EB73 
 312      9D24CBF9 
 312      1D8E76C0 
 312      8DFD
 313 0697 FF7D9393 		.ascii	"\377}\223\223'\303\243\364\373\242G\232u\343H=\264\255"
 313      27C3A3F4 
 313      FBA2479A 
 313      75E3483D 
 313      B4AD
 314 06a9 C9BB440F 		.ascii	"\311\273D\017\016T\366`\336l\017\246\354\030\337`;\306"
 314      0E54F660 
 314      DE6C0FA6 
 314      EC18DF60 
 314      3BC6
 315 06bb 9315E9F7 		.ascii	"\223\025\351\3675x\017\215\034\345w\344\037\320\340"
 315      35780F8D 
 315      1CE577E4 
 315      1FD0E0
 316 06ca 2354995B 		.ascii	"#T\231[\262\343\324\257\221\237\307\\\311c\016Ym\371"
 316      B2E3D4AF 
 316      919FC75C 
 316      C9630E59 
 316      6DF9
 317 06dc D9D7CF6F 		.ascii	"\331\327\317o\016\210\262Q\372M\346M\262\251\315\023"
 317      0E88B251 
 317      FA4DE64D 
ARM GAS  C:\Users\CYIRKO~1\AppData\Local\Temp\ccitLTMt.s 			page 24


 317      B2A9CD13 
 318 06ec 3DD05E5B 		.ascii	"=\320^[v\366Q\343*\337\262\305\271*\337\240\233#\367"
 318      76F651E3 
 318      2ADFB2C5 
 318      B92ADFA0 
 318      9B23F7
 319 06ff D0D78764 		.ascii	"\320\327\207dy\266\210>}\023\355\021}\320n\221 \000"
 319      79B6883E 
 319      7D13ED11 
 319      7DD06E91 
 319      2000
 320 0711 0FE7FDA2 		.ascii	"\017\347\375\242\304\336\235P\016\214X-\251\031\017"
 320      C4DE9D50 
 320      0E8C582D 
 320      A9190F
 321 0720 D8459BC3 		.ascii	"\330E\233\303\242U\317\207u\252O\303\034\344\212l>\012"
 321      A255CF87 
 321      75AA4FC3 
 321      1CE48A6C 
 321      3E0A
 322 0732 E1BA0072 		.ascii	"\341\272\000ry\010\344\033\220\203\326E\023\210a\217"
 322      7908E41B 
 322      9083D645 
 322      1388618F 
 323 0742 FEDBCD55 		.ascii	"\376\333\315U\215\354\321\001\371C\315P5\271\342\014"
 323      8DECD101 
 323      F943CD50 
 323      35B9E20C 
 324 0752 6B8A535B 		.ascii	"k\212S[M|\304O\333j\330\214K\317\310\362fW\372t<\347"
 324      4D7CC44F 
 324      DB6AD88C 
 324      4BCFC8F2 
 324      6657FA74 
 325 0768 DC122F7E 		.ascii	"\334\022/~\212O\305e\014\177\030<+v\304\253\226tU\222"
 325      8A4FC565 
 325      0C7F183C 
 325      2B76C4AB 
 325      96745592 
 326 077c 8ED825E9 		.ascii	"\216\330%\351\260]\222R\355\034?\011\316\036c\216\013"
 326      B05D9252 
 326      ED1C3F09 
 326      CE1E638E 
 326      0B
 327 078d E85BF0F6 		.ascii	"\350[\360\366\004\310q\220\243v^wM\276\305\226\003\342"
 327      04C87190 
 327      A3765E77 
 327      4DBEC596 
 327      03E2
 328 079f 74264CF8 		.ascii	"t&L\370\261\377Iz\004\305\004\312\007s3[\031\374;\273"
 328      B1FF497A 
 328      04C504CA 
 328      0773335B 
 328      19FC3BBB 
 329 07b3 D189916F 		.ascii	"\321\211\221o\221S#\252\314L\374'C\223\032<\353\210"
 329      915323AA 
 329      CC4CFC27 
 329      43931A3C 
ARM GAS  C:\Users\CYIRKO~1\AppData\Local\Temp\ccitLTMt.s 			page 25


 329      EB88
 330 07c5 769E1775 		.ascii	"v\236\027u9\242,\360\305V\221"
 330      39A22CF0 
 330      C55691
 331 07d0 8CB39273 		.ascii	"\214\263\222s\222\227\265\363N9\003m\013h\353\217l\001"
 331      9297B5F3 
 331      4E39036D 
 331      0B68EB8F 
 331      6C01
 332 07e2 05907A01 		.ascii	"\005\220z\001e\235\375\223t\3718\005\004%\266\327\002"
 332      659DFD93 
 332      74F93805 
 332      0425B6D7 
 332      02
 333 07f3 029DA184 		.ascii	"\002\235\241\204T3\361\023iz2\365\326H\222\234\031@"
 333      5433F113 
 333      697A32F5 
 333      D648929C 
 333      1940
 334 0805 DF39CA78 		.ascii	"\3379\312xE\360\327\013G\037\033\246fS\037s\235\371"
 334      45F0D70B 
 334      471F1BA6 
 334      66531F73 
 334      9DF9
 335 0817 38351470 		.ascii	"85\024p\234\276\230\223\233\252\311\346e.\365\222lP"
 335      9CBE9893 
 335      9BAAC9E6 
 335      652EF592 
 335      6C50
 336 0829 3B8AAA90 		.ascii	";\212\252\220z\2559eWXE\254\260\310/y\007\335v\245T"
 336      7AAD3965 
 336      575845AC 
 336      B0C82F79 
 336      07DD76A5 
 337 083e EC829D11 		.ascii	"\354\202\235\021\271qgS3\010\2613\242B\325)\345@\210"
 337      B9716753 
 337      3308B133 
 337      A242D529 
 337      E54088
 338 0851 B643AB28 		.ascii	"\266C\253(\360\257\032J\023RFp]\344\252\310)\351\037"
 338      F0AF1A4A 
 338      13524670 
 338      5DE4AAC8 
 338      29E91F
 339 0864 1F8C548C 		.ascii	"\037\214T\214\254\233YR\016\201\301\231'\002eg\243\221"
 339      AC9B5952 
 339      0E81C199 
 339      27026567 
 339      A391
 340 0876 68338090 		.ascii	"h3\200\220z\200\212\220\271\315\373\255\376\011\266"
 340      7A808A90 
 340      B9CDFBAD 
 340      FE09B6
 341 0885 E090B22C 		.ascii	"\340\220\262,?\317\252\357\327v\303&\023Zr\311g0h;u"
 341      3FCFAAEF 
 341      D776C326 
 341      135A72C9 
ARM GAS  C:\Users\CYIRKO~1\AppData\Local\Temp\ccitLTMt.s 			page 26


 341      6730683B 
 342 089a 2E2DC903 		.ascii	".-\311\003\347\2615V\316\036:\200\337\311\225-=\260"
 342      E7B13556 
 342      CE1E3A80 
 342      DFC9952D 
 342      3DB0
 343 08ac E014E0EB 		.ascii	"\340\024\340\353\227\372dY+\321\222<k[A\341\022\316"
 343      97FA6459 
 343      2BD1923C 
 343      6B5B41E1 
 343      12CE
 344 08be DF89DD08 		.ascii	"\337\211\335\010\235\201d\012\350\234\370\016yeo;\267"
 344      9D81640A 
 344      E89CF80E 
 344      79656F3B 
 344      B7
 345 08cf 05630B63 		.ascii	"\005c\013cz\225\330R\241\235;\323\022z\236.\241\253"
 345      7A95D852 
 345      A19D3BD3 
 345      127A9E2E 
 345      A1AB
 346 08e1 25E6D6B6 		.ascii	"%\346\326\266\374\247\005\212\325\256\265Y\271\226$"
 346      FCA7058A 
 346      D5AEB559 
 346      B99624
 347 08f0 18840908 		.ascii	"\030\204\011\010\025\333\254\026;Z\275@\255^)\270T\243"
 347      15DBAC16 
 347      3B5ABD40 
 347      AD5E29B8 
 347      54A3
 348 0902 C17799D5 		.ascii	"\301w\231\325\256m\023\260\351\355g\217\312\201bK\213"
 348      AE6D13B0 
 348      E9ED678F 
 348      CA81624B 
 348      8B
 349 0913 17D2F96D 		.ascii	"\027\322\371m&>\234\336h\377Fy\031\252W\257S\252\215"
 349      263E9CDE 
 349      68FF4679 
 349      19AA57AF 
 349      53AA8D
 350 0926 95DA5839 		.ascii	"\225\332X9\316.#O\214\022Q\207.\331,\353u\314\317\363"
 350      CE2E234F 
 350      8C125187 
 350      2ED92CEB 
 350      75CCCFF3 
 351 093a 0FC783D4 		.ascii	"\017\307\203\324!\021\230-\246R\273\230r\377\261\241"
 351      2111982D 
 351      A652BB98 
 351      72FFB1A1 
 352 094a 4C0331F5 		.ascii	"L\0031\365\260L^\032\206LB\215J\022\301\241\2136\362"
 352      B04C5E1A 
 352      864C428D 
 352      4A12C1A1 
 352      8B36F2
 353 095d 8B8E6195 		.ascii	"\213\216a\225\321\260:;\344+\030\357p\375\031\311\264"
 353      D1B03A3B 
 353      E42B18EF 
ARM GAS  C:\Users\CYIRKO~1\AppData\Local\Temp\ccitLTMt.s 			page 27


 353      70FD19C9 
 353      B4
 354 096e D819CE9B 		.ascii	"\330\031\316\233\254?\350\011\206sY2e\222\314D\221\200"
 354      AC3FE809 
 354      86735932 
 354      6592CC44 
 354      9180
 355 0980 50B9CD6A 		.ascii	"P\271\315j\271\243\325\012j\365Puc\206\016\037aV\267"
 355      B9A3D50A 
 355      6AF55075 
 355      63860E1F 
 355      6156B7
 356 0993 6EDFD3EE 		.ascii	"n\337\323\356\216\013\250\"\356\333\333pKD~:k\246\366"
 356      8E0BA822 
 356      EEDBDB70 
 356      4B447E3A 
 356      6BA6F6
 357 09a6 D34C5543 		.ascii	"\323LUC\012\252\0342\3454\337W\354\362\015\354\227\323"
 357      0AAA1C32 
 357      E534DF57 
 357      ECF20DEC 
 357      97D3
 358 09b8 0F9CB28B 		.ascii	"\017\234\262\213\251\332.\2335\366\331\2644\014\352"
 358      A9DA2E9B 
 358      35F6D9B4 
 358      340CEA
 359 09c7 785090CD 		.ascii	"xP\220\315\314\252\353\360 D\026\211\300P\245\315~\245"
 359      CCAAEBF0 
 359      20441689 
 359      C050A5CD 
 359      7EA5
 360 09d9 63585769 		.ascii	"cXWiXc-\257\332<q\025\013\253>\347e\275\007\276\311"
 360      58632DAF 
 360      DA3C7115 
 360      0BAB3EE7 
 360      65BD07BE 
 361 09ee C26A3C5A 		.ascii	"\302j<ZV\350i\015k\252\023\347\323\260\256\203/\327"
 361      56E8690D 
 361      6BAA13E7 
 361      D3B0AE83 
 361      2FD7
 362 0a00 7E4E5875 		.ascii	"~NXu\216am-=v\013\251\303\272n\027V\275]X\231\327j+"
 362      8E616D2D 
 362      3D760BA9 
 362      C3BA6E17 
 362      56BD5D58 
 363 0a18 49E1F790 		.ascii	"I\341\367\220\2658\305-K\256\024\011\002\325\332L\327"
 363      B538C52D 
 363      4BAE1409 
 363      02D5DA4C 
 363      D7
 364 0a29 9288C8C5 		.ascii	"\222\210\310\305\015\032I\305\323\326*O\374\222E\222"
 364      0D1A49C5 
 364      D3D62A4F 
 364      FC924592 
 365 0a39 9A5D9CE9 		.ascii	"\232]\234\351\"\211\354\351IH\241\255\275\375~\016\222"
 365      2289ECE9 
ARM GAS  C:\Users\CYIRKO~1\AppData\Local\Temp\ccitLTMt.s 			page 28


 365      4948A1AD 
 365      BDFD7E0E 
 365      92
 366 0a4a 946D49A3 		.ascii	"\224mI\243H\033'\212\363_{\315X?\267\250O7E\356\324"
 366      481B278A 
 366      F35F7BCD 
 366      583FB7A8 
 366      4F3745EE 
 367 0a5f D6F6DA0A 		.ascii	"\326\366\332\012\027\356\024\354\241\016\236\356\223"
 367      17EE14EC 
 367      A10E9EEE 
 367      93
 368 0a6c 53B51485 		.ascii	"S\265\024\205\032l~5(~5Q\277\212\362K2%<\305\374\372"
 368      1A6C7E35 
 368      287E3551 
 368      BF8AF24B 
 368      32253CC5 
 369 0a82 FE79DEA8 		.ascii	"\376y\336\250\033\336\341F3\334\177\246\373\220\233"
 369      1BDEE146 
 369      33DC7FA6 
 369      FB909B
 370 0a91 EA4B63C0 		.ascii	"\352Kc\300\004\375\322\330*j\321m\361\347|il\021\235"
 370      04FDD2D8 
 370      2A6AD16D 
 370      F1E77C69 
 370      6C119D
 371 0aa4 7EFB6929 		.ascii	"~\373i)9\230*\322@\011\025\013\376Z{w\261\2535\3706"
 371      39982AD2 
 371      4009150B 
 371      FE5A7B77 
 371      B1AB35F8 
 372 0ab9 16FCD6CC 		.ascii	"\026\374\326\314\033\351n3\006\177\227\006\177G\011"
 372      1BE96E33 
 372      067F9706 
 372      7F4709
 373 0ac8 FEDEC303 		.ascii	"\376\336\303\003\271\2425\370\337*\301\003\0125\333"
 373      B9A235F8 
 373      DF2AC103 
 373      0A35DB
 374 0ad7 BC6D5682 		.ascii	"\274mV\202o\247\301\017\335\031\2017\237l\032/\352|"
 374      6FA7C10F 
 374      DD198137 
 374      9F6C1A2F 
 374      EA7C
 375 0ae9 7EB9DA4D 		.ascii	"~\271\332Ma\350\304\027Nn\264\254\242\367(\352\260\021"
 375      61E8C417 
 375      4E6EB4AC 
 375      A2F728EA 
 375      B011
 376 0afb 7428049D 		.ascii	"t(\004\235\224\240\177x\374\231\204O2\202\375\207\363"
 376      94A07F78 
 376      FC99844F 
 376      3282FD87 
 376      F3
 377 0b0c 125DDF3D 		.ascii	"\022]\337=,\367Xh\255w\027\247\310\2627}\250\335c\004"
 377      2CF75868 
 377      AD7717A7 
ARM GAS  C:\Users\CYIRKO~1\AppData\Local\Temp\ccitLTMt.s 			page 29


 377      C8B2377D 
 377      A8DD6304 
 378 0b20 AA2D0B69 		.ascii	"\252-\013i\011\205GS\227\370.\214\334\333[\261]\367"
 378      09854753 
 378      97F82E8C 
 378      DCDB5BB1 
 378      5DF7
 379 0b32 76B6ECCE 		.ascii	"v\266\354\316k\226\304\263\265cP\302g\031sJ\303\017"
 379      6B96C4B3 
 379      B56350C2 
 379      6719734A 
 379      C30F
 380 0b44 4F670173 		.ascii	"Og\001s.07\304}'\303\375\003\265\333\303Ym\217L\322"
 380      2E3037C4 
 380      7D27C3FD 
 380      03B5DBC3 
 380      596D8F4C 
 381 0b59 D22DBE2D 		.ascii	"\322-\276-\240\3733\321\366\356\335\365\300\005_d\264"
 381      A0FB33D1 
 381      F6EEDDF5 
 381      C0055F64 
 381      B4
 382 0b6a CD357D95 		.ascii	"\3155}\225\256\234\266\376\214\253\354KX\037Lc%-\275"
 382      AE9CB6FE 
 382      8CABEC4B 
 382      581F4C63 
 382      252DBD
 383 0b7d 84B56F26 		.ascii	"\204\265o&\326c\023\333\027\342*Fz\365\340\225AI!=\313"
 383      D66313DB 
 383      17E22A46 
 383      7AF5E095 
 383      4149213D 
 384 0b92 49FBA791 		.ascii	"I\373\247\221\222\226\207\204\364{JzaSr\257\01670\212"
 384      92968784 
 384      F47B4A7A 
 384      615372AF 
 384      0E37308A 
 385 0ba6 82BED671 		.ascii	"\202\276\326q-P\310\225pw=t\311\"\361\222\272\030\230"
 385      2D50C895 
 385      70773D74 
 385      C922F192 
 385      BA1898
 386 0bb9 C632C0D3 		.ascii	"\3062\300\323\370\210\222\334\250n\316t\303w)\2114P"
 386      F88892DC 
 386      A86ECE74 
 386      C3772989 
 386      3450
 387 0bcb 3E2C028E 		.ascii	">,\002\216\374i\374\366\301f\351\007Q#\354\223\241R"
 387      FC69FCF6 
 387      C166E907 
 387      5123EC93 
 387      A152
 388 0bdd 67D3CB4D 		.ascii	"g\323\313M\354\353\351\327\263\221\365\353\351\023("
 388      ECEBE9D7 
 388      B391F5EB 
 388      E91328
 389 0bec 58D225A0 		.ascii	"X\322%\240!(\263\307\"\377rK\376\025!\220\0164\310g"
ARM GAS  C:\Users\CYIRKO~1\AppData\Local\Temp\ccitLTMt.s 			page 30


 389      2128B3C7 
 389      22FF724B 
 389      FE152190 
 389      0E34C867 
 390 0c00 9F95DC95 		.ascii	"\237\225\334\225\346\364.\204\273\231\317\007\2526O"
 390      E6F42E84 
 390      BB99CF07 
 390      AA364F
 391 0c0f E9149F9B 		.ascii	"\351\024\237\233\360^\331\202\350\220\247\334g\345\033"
 391      F05ED982 
 391      E890A7DC 
 391      67E51B
 392 0c1e 31D1815D 		.ascii	"1\321\201]@\317\250\313\351\225w\223\020\036c\034E\273"
 392      40CFA8CB 
 392      E9957793 
 392      101E631C 
 392      45BB
 393 0c30 F695D002 		.ascii	"\366\225\320\002\242\367\333\274\314\252:Y\376\206\355"
 393      A2F7DBBC 
 393      CCAA3A59 
 393      FE86ED
 394 0c3f 9F9E4FAB 		.ascii	"\237\236O\253\240\347t\305\034\246,\331\347\276\255"
 394      A0E774C5 
 394      1CA62CD9 
 394      E7BEAD
 395 0c4e F152EFA4 		.ascii	"\361R\357\244\352\355\336\214F\370Nj\204\356\244\016"
 395      EAEDDE8C 
 395      46F84E6A 
 395      84EEA40E 
 396 0c5e 3756EBD5 		.ascii	"7V\353\325X\222Y\033\366\005\307\276\240\330\306G\005"
 396      5892591B 
 396      F605C7BE 
 396      A0D8C647 
 396      05
 397 0c6f 99EE6AF0 		.ascii	"\231\356j\360-;\342Q\016\036\245\340s\271WG\354\336"
 397      2D3BE251 
 397      0E1EA5E0 
 397      73B95747 
 397      ECDE
 398 0c81 1DEFDA81 		.ascii	"\035\357\332\201_r\360K\012\356~\325\326\345\241\006"
 398      5F72F04B 
 398      0AEE7ED5 
 398      D6E5A106 
 399 0c91 5BECC063 		.ascii	"[\354\300c\326\2553\271$\370K[Z\265j<I\256\352c!'\177"
 399      D6AD33B9 
 399      24F84B5B 
 399      5AB56A3C 
 399      49AEEA63 
 400 0ca8 E59CFCBC 		.ascii	"\345\234\374\274\035\3718\007\223_\034\021\267\320\375"
 400      1DF93807 
 400      935F1C11 
 400      B7D0FD
 401 0cb7 A3159FCC 		.ascii	"\243\025\237\314\323\007\006\012Z\203!\301\024c^\264"
 401      D307060A 
 401      5A8321C1 
 401      14635EB4 
 402 0cc7 D0605E63 		.ascii	"\320`^c\374CX\304\347\246\325\246xsB\244)6\314\034\033"
ARM GAS  C:\Users\CYIRKO~1\AppData\Local\Temp\ccitLTMt.s 			page 31


 402      FC4358C4 
 402      E7A6D5A6 
 402      787342A4 
 402      2936CC1C 
 403 0cdc 1B151FB6 		.ascii	"\033\025\037\2666&a\036\275\232\027\036\027=\317\030"
 403      3626611E 
 403      BD9A171E 
 403      173DCF18 
 404 0cec BDDA1819 		.ascii	"\275\332\030\031i\214\014{\177\301\242y\013\003\002"
 404      698C0C7B 
 404      7FC1A279 
 404      0B0302
 405 0cfb 3FF83230 		.ascii	"?\37020\014\332\337\213\211\2151\276g\014_m\0123\305"
 405      0CDADF8B 
 405      898D31BE 
 405      670C5F6D 
 405      0A33C5
 406 0d0e 44442544 		.ascii	"DD%D\032\303\242\303\201+\306\030f\2104\256\011O\210"
 406      1AC3A2C3 
 406      812BC618 
 406      668834AE 
 406      094F88
 407 0d21 321BCCEB 		.ascii	"2\033\314\353\327\031\343\027|.\270+\366\376\355\377"
 407      D719E317 
 407      7C2EB82B 
 407      F6FEEDFF 
 408 0d31 D45EFCFA 		.ascii	"\324^\374\372\3700C\2749\022\310\211\221\210\360\250"
 408      F83043BC 
 408      3912C889 
 408      9188F0A8 
 409 0d41 A8D5E111 		.ascii	"\250\325\341\021_\270DD\305F|\341\032\021\033\263\306"
 409      5FB84444 
 409      C5467CE1 
 409      1A111BB3 
 409      C6
 410 0d52 B456B326 		.ascii	"\264V\263&\316\370e\2021&b\275f\355:3Q\014\346\240\240"
 410      CEF86582 
 410      312662BD 
 410      66ED3A33 
 410      510CE6A0 
 411 0d67 3F84E989 		.ascii	"?\204\351\211\027!\314\013\352Ql|\340\007\357\373\307"
 411      1721CC0B 
 411      EA516C7C 
 411      E007EFFB 
 411      C7
 412 0d78 C6FB7F1E 		.ascii	"\306\373\177\036\036\345\277.6\316\034\357\037\022\272"
 412      1EE5BF2E 
 412      36CE1CEF 
 412      1F12BA
 413 0d87 7CD142FF 		.ascii	"|\321B\377\217?^\352\037\272l\371W\201\244\307\000$"
 413      8F3F5EEA 
 413      1FBA6CF9 
 413      5781A4C7 
 413      0024
 414 0d99 86A8A848 		.ascii	"\206\250\250H\260\247\371hU\250\236\332p\2117\207\233"
 414      B0A7F968 
 414      55A89EDA 
ARM GAS  C:\Users\CYIRKO~1\AppData\Local\Temp\ccitLTMt.s 			page 32


 414      70893787 
 414      9B
 415 0daa 8D3AD00D 		.ascii	"\215:\320\015+W\004\205\374ee\250'\271\326\257\\\021"
 415      2B570485 
 415      FC6565A8 
 415      27B9D6AF 
 415      5C11
 416 0dbc BA6CC527 		.ascii	"\272l\305'+?\011!PCp\320\342\245\177u'W!\241+Wi\311"
 416      2B3F0921 
 416      504370D0 
 416      E2A57F75 
 416      275721A1 
 417 0dd4 C5272B96 		.ascii	"\305'+\226\255X\026\272\350'\335\341\001+\016\200q-"
 417      AD5816BA 
 417      E827DDE1 
 417      012B0E80 
 417      712D
 418 0de6 FC50AB06 		.ascii	"\374P\253\0063!_\032g\372\312\030\207\315\246h\027\275"
 418      33215F1A 
 418      67FACA18 
 418      87CDA668 
 418      17BD
 419 0df8 7E79F022 		.ascii	"~y\360\"qe\260\264t\371\342`\274T\037,-Y\032\032\214"
 419      7165B0B4 
 419      74F9E260 
 419      BC541F2C 
 419      2D591A1A 
 420 0e0d F5FA601C 		.ascii	"\365\372`\034\014\26288\030\257\012\321c\375\212PI\257"
 420      0CB23838 
 420      18AF0AD1 
 420      63FD8A50 
 420      49AF
 421 0e1f 0F0AA6F8 		.ascii	"\017\012\246\370\205\364\034\210\203>\012\026C`\344"
 421      85F41C88 
 421      833E0A16 
 421      4360E4
 422 0e2e B2A06029 		.ascii	"\262\240`)d9\240\365\301\013A\002\001\371/\301\372\377"
 422      6439A0F5 
 422      C10B4102 
 422      01F92FC1 
 422      FAFF
 423 0e40 65D6E2CD 		.ascii	"e\326\342\315\321d\352M\321\340\266\316\252\030\314"
 423      D164EA4D 
 423      D1E0B6CE 
 423      AA18CC
 424 0e4f B3200465 		.ascii	"\263 \004e\312\014f)\322d\214s\245i[\342\025\037\027"
 424      CA0C6629 
 424      D2648C73 
 424      A5695BE2 
 424      151F17
 425 0e62 E11F1B19 		.ascii	"\341\037\033\031\033m4\307\255_\020!\314\205\204\033"
 425      1B6D34C7 
 425      AD5F1021 
 425      CC85841B 
 426 0e72 5672DDB0 		.ascii	"Vr\335\260,\306d^\260.<\316\274 \300c\255\321l\210\204"
 426      2CC6645E 
 426      B02E3CCE 
ARM GAS  C:\Users\CYIRKO~1\AppData\Local\Temp\ccitLTMt.s 			page 33


 426      BC20C063 
 426      ADD16C88 
 427 0e87 620A8F89 		.ascii	"b\012\217\2110\376R\031\261\2247|\032\036\225\000\371"
 427      30FE5219 
 427      B194377C 
 427      1A1E9500 
 427      F9
 428 0e98 99A364CF 		.ascii	"\231\243d\317\312\370\271\360\213i\214\032B\025\277"
 428      CAF8B9F0 
 428      8B698C1A 
 428      4215BF
 429 0ea7 CE688C7C 		.ascii	"\316h\214|C\301\205\020\215\223PK\346\204\270\230X\310"
 429      43C18510 
 429      8D93504B 
 429      E684B898 
 429      58C8
 430 0eb9 F39B504E 		.ascii	"\363\233PN\261\221\306\270P\256s\214\247b\010\272I="
 430      B191C6B8 
 430      50AE738C 
 430      A76208BA 
 430      493D
 431 0ecb 427C2166 		.ascii	"B|!f\360\323[\271\200j1\233b\022b\023\342I_D\0140\316"
 431      F0D35BB9 
 431      806A319B 
 431      62126213 
 431      E2495F44 
 432 0ee2 268E0431 		.ascii	"&\216\0041:\352\207\033\244 0b\315Z\211\204\245Y\027"
 432      3AEA871B 
 432      A4203062 
 432      CD5A8984 
 432      A55917
 433 0ef5 67FC8A06 		.ascii	"g\374\212\006\250\2154F\231\303\331%I\022\233p\027\303"
 433      A88D3446 
 433      99C3D925 
 433      49129B70 
 433      17C3
 434 0f07 12B86D7E 		.ascii	"\022\270m~i\015\304\024O9L\341Q\246\277\031#]Ha\004"
 434      690DC414 
 434      4F394CE1 
 434      51A6BF19 
 434      235D4861 
 435 0f1c FE1744E6 		.ascii	"\376\027D\346\361\362"
 435      F1F2
 436              		.text
 437              		.section	.gnu.lto_.symtab.df53d0d3,"",%progbits
 438 0000 64697374 		.ascii	"dist\000"
 438      00
 439 0005 00       		.ascii	"\000"
 440 0006 00       		.ascii	"\000"
 441 0007 00       		.ascii	"\000"
 442 0008 00000000 		.ascii	"\000\000\000\000\000\000\000\000"
 442      00000000 
 443 0010 61010000 		.ascii	"a\001\000\000"
 444 0014 70726576 		.ascii	"prev_dist\000"
 444      5F646973 
 444      7400
 445 001e 00       		.ascii	"\000"
ARM GAS  C:\Users\CYIRKO~1\AppData\Local\Temp\ccitLTMt.s 			page 34


 446 001f 00       		.ascii	"\000"
 447 0020 00       		.ascii	"\000"
 448 0021 00000000 		.ascii	"\000\000\000\000\000\000\000\000"
 448      00000000 
 449 0029 64010000 		.ascii	"d\001\000\000"
 450 002d 64656C74 		.ascii	"delta_dist\000"
 450      615F6469 
 450      737400
 451 0038 00       		.ascii	"\000"
 452 0039 00       		.ascii	"\000"
 453 003a 00       		.ascii	"\000"
 454 003b 00000000 		.ascii	"\000\000\000\000\000\000\000\000"
 454      00000000 
 455 0043 67010000 		.ascii	"g\001\000\000"
 456 0047 47505431 		.ascii	"GPT1cfg\000"
 456      63666700 
 457 004f 00       		.ascii	"\000"
 458 0050 00       		.ascii	"\000"
 459 0051 00       		.ascii	"\000"
 460 0052 00000000 		.ascii	"\000\000\000\000\000\000\000\000"
 460      00000000 
 461 005a 5E010000 		.ascii	"^\001\000\000"
 462 005e 6765745F 		.ascii	"get_distance\000"
 462      64697374 
 462      616E6365 
 462      00
 463 006b 00       		.ascii	"\000"
 464 006c 00       		.ascii	"\000"
 465 006d 00       		.ascii	"\000"
 466 006e 00000000 		.ascii	"\000\000\000\000\000\000\000\000"
 466      00000000 
 467 0076 3E010000 		.ascii	">\001\000\000"
 468 007a 6C6C645F 		.ascii	"lld_Odometry_Init\000"
 468      4F646F6D 
 468      65747279 
 468      5F496E69 
 468      7400
 469 008c 00       		.ascii	"\000"
 470 008d 00       		.ascii	"\000"
 471 008e 00       		.ascii	"\000"
 472 008f 00000000 		.ascii	"\000\000\000\000\000\000\000\000"
 472      00000000 
 473 0097 41010000 		.ascii	"A\001\000\000"
 474 009b 6765745F 		.ascii	"get_speed\000"
 474      73706565 
 474      6400
 475 00a5 00       		.ascii	"\000"
 476 00a6 00       		.ascii	"\000"
 477 00a7 00       		.ascii	"\000"
 478 00a8 00000000 		.ascii	"\000\000\000\000\000\000\000\000"
 478      00000000 
 479 00b0 47010000 		.ascii	"G\001\000\000"
 480 00b4 47505444 		.ascii	"GPTD1\000"
 480      3100
 481 00ba 00       		.ascii	"\000"
 482 00bb 02       		.ascii	"\002"
 483 00bc 00       		.ascii	"\000"
ARM GAS  C:\Users\CYIRKO~1\AppData\Local\Temp\ccitLTMt.s 			page 35


 484 00bd 00000000 		.ascii	"\000\000\000\000\000\000\000\000"
 484      00000000 
 485 00c5 72010000 		.ascii	"r\001\000\000"
 486 00c9 6765745F 		.ascii	"get_turnover\000"
 486      7475726E 
 486      6F766572 
 486      00
 487 00d6 00       		.ascii	"\000"
 488 00d7 02       		.ascii	"\002"
 489 00d8 00       		.ascii	"\000"
 490 00d9 00000000 		.ascii	"\000\000\000\000\000\000\000\000"
 490      00000000 
 491 00e1 4D010000 		.ascii	"M\001\000\000"
 492 00e5 67707453 		.ascii	"gptStart\000"
 492      74617274 
 492      00
 493 00ee 00       		.ascii	"\000"
 494 00ef 02       		.ascii	"\002"
 495 00f0 00       		.ascii	"\000"
 496 00f1 00000000 		.ascii	"\000\000\000\000\000\000\000\000"
 496      00000000 
 497 00f9 52010000 		.ascii	"R\001\000\000"
 498 00fd 67707453 		.ascii	"gptStartContinuous\000"
 498      74617274 
 498      436F6E74 
 498      696E756F 
 498      757300
 499 0110 00       		.ascii	"\000"
 500 0111 02       		.ascii	"\002"
 501 0112 00       		.ascii	"\000"
 502 0113 00000000 		.ascii	"\000\000\000\000\000\000\000\000"
 502      00000000 
 503 011b 5A010000 		.ascii	"Z\001\000\000"
 504 011f 6C6C645F 		.ascii	"lld_Encoder_Init\000"
 504      456E636F 
 504      6465725F 
 504      496E6974 
 504      00
 505 0130 00       		.ascii	"\000"
 506 0131 02       		.ascii	"\002"
 507 0132 00       		.ascii	"\000"
 508 0133 00000000 		.ascii	"\000\000\000\000\000\000\000\000"
 508      00000000 
 509 013b 5C010000 		.ascii	"\\\001\000\000"
 510              		.text
 511              		.section	.gnu.lto_.opts,"",%progbits
 512 0000 272D666D 		.ascii	"'-fmath-errno' '-fsigned-zeros' '-ftrapping-math' '"
 512      6174682D 
 512      6572726E 
 512      6F272027 
 512      2D667369 
 513 0033 2D666E6F 		.ascii	"-fno-trapv' '-fno-openmp' '-fno-openacc' '-mcpu=cor"
 513      2D747261 
 513      70762720 
 513      272D666E 
 513      6F2D6F70 
 514 0066 7465782D 		.ascii	"tex-m7' '-mno-thumb-interwork' '-mthumb' '-ggdb' '-"
ARM GAS  C:\Users\CYIRKO~1\AppData\Local\Temp\ccitLTMt.s 			page 36


 514      6D372720 
 514      272D6D6E 
 514      6F2D7468 
 514      756D622D 
 515 0099 4F322720 		.ascii	"O2' '-fomit-frame-pointer' '-falign-functions=16' '"
 515      272D666F 
 515      6D69742D 
 515      6672616D 
 515      652D706F 
 516 00cc 2D666675 		.ascii	"-ffunction-sections' '-fdata-sections' '-fno-common"
 516      6E637469 
 516      6F6E2D73 
 516      65637469 
 516      6F6E7327 
 517 00ff 2720272D 		.ascii	"' '-flto'\000"
 517      666C746F 
 517      2700
 518              		.text
 519              		.comm	__gnu_lto_v1,1,1
 520              		.comm	__gnu_lto_slim,1,1
 521              		.ident	"GCC: (GNU Tools for ARM Embedded Processors 6-2017-q1-update) 6.3.1 20170215 (release) [AR
ARM GAS  C:\Users\CYIRKO~1\AppData\Local\Temp\ccitLTMt.s 			page 37


DEFINED SYMBOLS
                            *ABS*:00000000 odometry.c
                            *COM*:00000001 __gnu_lto_v1
                            *COM*:00000001 __gnu_lto_slim

NO UNDEFINED SYMBOLS
