ARM GAS  C:\Users\CYIRKO~1\AppData\Local\Temp\ccjwg12x.s 			page 1


   1              		.cpu cortex-m7
   2              		.eabi_attribute 20, 1
   3              		.eabi_attribute 21, 1
   4              		.eabi_attribute 23, 3
   5              		.eabi_attribute 24, 1
   6              		.eabi_attribute 25, 1
   7              		.eabi_attribute 26, 1
   8              		.eabi_attribute 30, 2
   9              		.eabi_attribute 34, 1
  10              		.eabi_attribute 18, 4
  11              		.file	"hal_st.c"
  12              		.text
  13              	.Ltext0:
  14              		.section	.gnu.lto_.profile.956e02f4,"",%progbits
  15 0000 789C6365 		.ascii	"x\234ce`b`a```d\220\342\001\000\000\300\0003"
  15      60626061 
  15      60606064 
  15      90E20100 
  15      00C00033 
  16              		.text
  17              		.section	.gnu.lto_.icf.956e02f4,"",%progbits
  18 0000 789C6365 		.ascii	"x\234ce`bP`@\000V\206\205??\354\345a|\177c\371J\026"
  18      60625060 
  18      40005686 
  18      853F3FEC 
  18      E5617C7F 
  19 0018 A67D171E 		.ascii	"\246}\027\036\254ga~\177\256\367/;\313\211\217\213\026"
  19      AC67617E 
  19      7FAEF72F 
  19      3BCB898F 
  19      8B16
  20 002a F0320000 		.ascii	"\3602\000\000\0217\020\034"
  20      1137101C 
  21              		.text
  22              		.section	.gnu.lto_.jmpfuncs.956e02f4,"",%progbits
  23 0000 789C6365 		.ascii	"x\234ce`b\020c@\000V\020\301\010\004\365L\014\014\314"
  23      60621063 
  23      40005610 
  23      C10804F5 
  23      4C0C0CCC 
  24 0014 209A0528 		.ascii	" \232\005(\000\000\016\012\0011"
  24      00000E0A 
  24      0131
  25              		.text
  26              		.section	.gnu.lto_.inline.956e02f4,"",%progbits
  27 0000 789C6365 		.ascii	"x\234ce`b\310g@\000V\006\006\026\036F\240 \003\003\333"
  27      6062C867 
  27      40005606 
  27      06161E46 
  27      A0200303 
  28 0015 027910C5 		.ascii	"\002y\020\305\300\310\005\"\030\330X\031\031\031\004"
  28      C0C80522 
  28      18D85819 
  28      191904
  29 0024 18191898 		.ascii	"\030\031\030\230\330>\350\301%\231\030X\230\201\312"
  29      D83EE8C1 
  29      25991858 
ARM GAS  C:\Users\CYIRKO~1\AppData\Local\Temp\ccjwg12x.s 			page 2


  29      9881CA
  30 0033 992EF0C3 		.ascii	"\231.\360\303\205\230ABP\245\310\342,\230J\031\000\312"
  30      85984142 
  30      50A5C8E2 
  30      2C984A19 
  30      00CA
  31 0045 39089E   		.ascii	"9\010\236"
  32              		.text
  33              		.section	.gnu.lto_.pureconst.956e02f4,"",%progbits
  34 0000 789C6365 		.ascii	"x\234ce`b\340f```e\220`\224b\222b\226b\221\002\000\004"
  34      6062E066 
  34      60606065 
  34      90609462 
  34      92629662 
  35 0018 1000A2   		.ascii	"\020\000\242"
  36              		.text
  37              		.section	.gnu.lto_stInit.956e02f4,"",%progbits
  38 0000 789C6365 		.ascii	"x\234ce`bX\314\300\300`\000\304\322@\314\310\314\300"
  38      606258CC 
  38      C0C06000 
  38      C4D240CC 
  38      C8CCC0
  39 0013 C834E11C 		.ascii	"\3104\341\034\003C#\007\023##\210\321\300\301\310P\317"
  39      03432307 
  39      13232388 
  39      D1C0C1C8 
  39      50CF
  40 0025 C458CFD8 		.ascii	"\304X\317\330\317<\235\231\361P\373\263\235L\232\313"
  40      CF3C9D99 
  40      F150FBB3 
  40      9D4C9ACB 
  41 0035 1B80E0C0 		.ascii	"\033\200\340\300\364\037\222\015+\0160\316gf`\230\011"
  41      F41F920D 
  41      2B0E30CE 
  41      67666098 
  41      09
  42 0046 C420C0B8 		.ascii	"\304 \300\270\234Q\223\001\250\354\321\306\177Sy\331"
  42      9C519301 
  42      A8ECD1C6 
  42      7F5379D9 
  43 0056 5820E28C 		.ascii	"X \342\214+\030\331\030\201\364\372K\214\007\032\376"
  43      2B18D918 
  43      81F4FA4B 
  43      8C071AFE 
  44 0066 FD6F6F38 		.ascii	"\375oo8pg\021\343\177V\240T\027\020\203\354\350ff\002"
  44      706711E3 
  44      7F56A054 
  44      171083EC 
  44      E8666602 
  45 007a D1CCAF19 		.ascii	"\321\314\257\031\233\027\374\226\006\251\007\031\262"
  45      9B17FC96 
  45      06A90719 
  45      B2
  46 0087 73E79BDB 		.ascii	"s\347\233\333\354\365\177\0338\34633\316d\006\232\300"
  46      ECF57F1B 
  46      38E63333 
  46      CE64069A 
ARM GAS  C:\Users\CYIRKO~1\AppData\Local\Temp\ccjwg12x.s 			page 3


  46      C0
  47 0098 B892B19E 		.ascii	"\270\222\261\236a>P\355[\306\246\005\377\271\301\352"
  47      613E50ED 
  47      5BC6A605 
  47      FFB9C1EA 
  48 00a8 40A00B28 		.ascii	"@\240\013(\011\324\316\304\300\240\347j\025\343\234"
  48      09D4CEC4 
  48      C0A0E76A 
  48      15E39C
  49 00b7 91999419 		.ascii	"\221\231\224\031\\R\232\222\231\037\223\014b\347\027"
  49      5C529A92 
  49      991F930C 
  49      62E717
  50 00c6 1B9A9BE9 		.ascii	"\033\232\233\351\347\027\353g$\346\350\027\027%\203"
  50      E717EB67 
  50      24E6E817 
  50      172583
  51 00d5 E8F8E212 		.ascii	"\350\370\342\022\275d\006\000)uH\002"
  51      BD640600 
  51      29754802 
  52              		.text
  53              		.section	.gnu.lto_stStartAlarm.956e02f4,"",%progbits
  54 0000 789C9D52 		.ascii	"x\234\235RMh\023A\024\236o'\335\015\361\247\036<\010"
  54      4D681341 
  54      149E6F27 
  54      DD0DF1A7 
  54      1E3C08
  55 0013 E6204229 		.ascii	"\346 B)\365\220%\012\376]\255\202\320\236\332c\241\264"
  55      F590250A 
  55      FE5DAD82 
  55      D09EDA63 
  55      A1B4
  56 0025 A9904024 		.ascii	"\251\220@$\322D\217v\033\033\203\251\177\227&\315!n"
  56      D2448F76 
  56      1B1B83A9 
  56      7F9726CD 
  56      216E
  57 0037 314ADA68 		.ascii	"1J\332h\232\246\376\265Za\011\212\027M\245=x\320\202"
  57      9AA6FEB5 
  57      5A61098A 
  57      174DA53D 
  57      78D082
  58 004a 082D0A15 		.ascii	"\010-\012\025K\015\026\021\022\337L\242\324\223\342"
  58      4B0D1611 
  58      12DF4CA2 
  58      D493E2
  59 0059 C0EC9BF7 		.ascii	"\300\354\233\367\366{\337\373\336\314k`\012+)\214\205"
  59      F67BDFFB 
  59      DECC6B60 
  59      0A2B298C 
  59      85
  60 006a 1963BB69 		.ascii	"\031c\273i\2033(\327K\214\015\332\025@\034\014;\330"
  60      833328D7 
  60      4B8C0DDA 
  60      15401C0C 
  60      3BD8
  61 007c 8082015C 		.ascii	"\200\202\001\\\343\011\216bteVi\311\030\264\254\304"
ARM GAS  C:\Users\CYIRKO~1\AppData\Local\Temp\ccjwg12x.s 			page 4


  61      E3098E62 
  61      74655669 
  61      C918B4AC 
  61      C4
  62 008d 8C7AD188 		.ascii	"\214z\321\210\35429cI\332b!\203\026B=\257nX\215W\271"
  62      EC323963 
  62      49DA6221 
  62      8316423D 
  62      AF6E588D 
  63 00a3 C90185DC 		.ascii	"\311\001\205\334\205\265\227\251-\302U\260\203\334\037"
  63      85B597A9 
  63      2DC255B0 
  63      83DC1F
  64 00b2 D9A9778D 		.ascii	"\331\251w\215\334\015F\347\365\033\326\336\346\333\206"
  64      DC0D46E7 
  64      F51BD6DE 
  64      E6DB86
  65 00c1 1136ACD5 		.ascii	"\0216\254\325\013\334\330ir\216,8\361a\002N\214\303"
  65      0BDCD869 
  65      728E2C38 
  65      F161024E 
  65      8CC3
  66 00d3 C928C470 		.ascii	"\311(\304p\007\315\002\376\241P\031\331\246\332\322"
  66      07CD02FE 
  66      A15019D9 
  66      A6DAD2
  67 00e2 BF4AE22E 		.ascii	"\277J\342.T\220\315/\3002*\325\250a\225oa\361\204F\332"
  67      5490CD2F 
  67      C0322AD5 
  67      A861956F 
  67      61F18446 
  68 00f7 298353AE 		.ascii	")\203S\256\215\261\030!E'\303\\\021\226/C\021\\\227"
  68      8DB11821 
  68      4527C35C 
  68      11962F43 
  68      115C97
  69 010a ACD83307 		.ascii	"\254\3303\007?\"e\274y\233J8\232\322R\307Jr\353\250"
  69      3F2265BC 
  69      799B4A38 
  69      9AD252C7 
  69      4A72EBA8 
  70 011e 6185F708 		.ascii	"a\205\367\010)\271?\245\310\026'\321\224\"\246O\010"
  70      29B93FA5 
  70      C81627D1 
  70      9422A64F 
  70      08
  71 012f AF47BFCC 		.ascii	"\257G\277\314/\335\324~\353\032\252]\313k\225\013\220"
  71      2FDDD47E 
  71      EB1AAA5D 
  71      CB6B950B 
  71      90
  72 0140 1497E4D8 		.ascii	"\024\227\344\330\244\233!\017\225(\246\240\2468\257"
  72      A49B210F 
  72      9528A6A0 
  72      A638AF
  73 014f B114E3DF 		.ascii	"\261\024\343\337+\253#\207E\214\200\361Hq^\023W\325"
  73      2BAB2387 
ARM GAS  C:\Users\CYIRKO~1\AppData\Local\Temp\ccjwg12x.s 			page 5


  73      458C80F1 
  73      48715E13 
  73      57D5
  74 0161 20F34AB9 		.ascii	" \363J\271\2155G\315\025\3346\012\245'\277\275\260\233"
  74      8D3547CD 
  74      15DC360A 
  74      A527BFBD 
  74      B09B
  75 0173 48C1E42A 		.ascii	"H\301\344*\246IXA\010\243\037\331W\345\257\232\2363"
  75      A6495841 
  75      08A31FD9 
  75      57E5AF9A 
  75      9E33
  76 0185 86068DB1 		.ascii	"\206\006\215\261\363&\327p\017&F\251wY\224\000\325x"
  76      F326D770 
  76      0F2646A9 
  76      77599400 
  76      D578
  77 0197 614975E7 		.ascii	"aIu\347%`\232\322\355\270\017\035\373\234u\004\036\300"
  77      25609AD2 
  77      EDB80F1D 
  77      FB9C7504 
  77      1EC0
  78 01a9 4DAA84A4 		.ascii	"M\252\204\244\362\307\271\310\366\272\242\177\255g\307"
  78      F2C7B9C8 
  78      F6BAA27F 
  78      AD67C7
  79 01b8 43590F75 		.ascii	"CY\017u\266G\3207\367CS\204\031\312\224\354O\377\203"
  79      B647D037 
  79      F7435384 
  79      19CA94EC 
  79      4FFF83
  80 01cb 7D56B22B 		.ascii	"}V\262+u\366\307\222}\316\274<\341\250\261+xB\231\313"
  80      75F6C792 
  80      7DCEBC3C 
  80      E1A8B12B 
  80      784299CB 
  81 01df 08BF1F1E 		.ascii	"\010\277\037\036\367\310\261\020O\300>#<\226\271\002"
  81      F7C8B110 
  81      4FC03E23 
  81      3C96B902 
  82 01ef 1190AF17 		.ascii	"\021\220\257\027#}4\0034\361\256\343G\273\216y}\275"
  82      237D3403 
  82      34F1AEE3 
  82      47BB8E79 
  82      7DBD
  83 0201 BE8ED0D9 		.ascii	"\276\216\320\331>_\240\313#\316\201\240\373\320A=\020"
  83      3E5FA0CB 
  83      23CE81A0 
  83      FBD0413D 
  83      10
  84 0212 D4BD3D7E 		.ascii	"\324\275=~=\330\357\021\266;\030ry\230\326\323\033\014"
  84      3DD8EF11 
  84      B63B1872 
  84      7998D6D3 
  84      1B0C
  85 0224 F94E9FB2 		.ascii	"\371N\237\262\211O\353_s\317\004\372CA\275\243\263\375"
ARM GAS  C:\Users\CYIRKO~1\AppData\Local\Temp\ccjwg12x.s 			page 6


  85      894FEB5F 
  85      73CF04FA 
  85      4341BDA3 
  85      B3FD
  86 0236 C07EBDAD 		.ascii	"\300~\275\255\255U\357<\331~\316]g\353\366\373\373\\"
  86      AD55EF3C 
  86      D97ECE5D 
  86      67EBF6FB 
  86      FB5C
  87 0248 5EF61375 		.ascii	"^\366\023u\355\024\325"
  87      ED14D5
  88              		.text
  89              		.section	.gnu.lto_stStopAlarm.956e02f4,"",%progbits
  90 0000 789C8550 		.ascii	"x\234\205P\277KBQ\024>\337\273\366\224\240\275\310\255"
  90      BF4B4251 
  90      143EDFBB 
  90      F694A0BD 
  90      C8AD
  91 0012 C9E53D2C 		.ascii	"\311\345=,(h\315\202@'\035\005)\035\024\004\303\247"
  91      2868CD82 
  91      40271D05 
  91      291D1404 
  91      C3A7
  92 0024 AD3E4313 		.ascii	"\255>C\023\024\252%\315!\336\340`Y*\215A\201H\320\224"
  92      14AA25CD 
  92      21DEE060 
  92      592A8D41 
  92      8148D094 
  93 0038 417F8134 		.ascii	"A\177\2014\004\016A\244\224\020X\367>#\334:p8\277\276"
  93      040E41A4 
  93      941058F7 
  93      3E23DC3A 
  93      7038BFBE 
  94 004c F37DE7DE 		.ascii	"\363}\347\336)\222H\001Q\222\210\346\271\203\021\244"
  94      29924801 
  94      519288E6 
  94      B98311A4 
  95 005c A30E51DA 		.ascii	"\243\016Q\332&\001\"\321m\240\224\204\024\016Y\211\241"
  95      260122D1 
  95      6DA09484 
  95      140E5989 
  95      A1
  96 006d 9D7BB996 		.ascii	"\235{\271\226\034U\235[\2534\220\367\365\354\254\301"
  96      1C559D5B 
  96      AB3490F7 
  96      F5ECACC1 
  97 007d 88CADC85 		.ascii	"\210\312\334\205\241\012\007q\330\363\325\350xF\266"
  97      A10A0771 
  97      D8F3D5E8 
  97      7846B6
  98 008c 8CFB3883 		.ascii	"\214\3738\203\314%\250\371\204\226>\372\316\351\255"
  98      CC25A8F9 
  98      84963EFA 
  98      CEE9AD
  99 009b BB0ABE36 		.ascii	"\273\012\2766\370(\317]h\024\230$\"\353\241=\030\366"
  99      F828CF5D 
  99      68149824 
ARM GAS  C:\Users\CYIRKO~1\AppData\Local\Temp\ccjwg12x.s 			page 7


  99      22EBA13D 
  99      18F6
 100 00ad 6E8ACA1F 		.ascii	"n\212\312\037Ef\2544\224\231ISf\230\244\3079d\316_\203"
 100      4566AC34 
 100      94994953 
 100      6698A4C7 
 100      3964CE5F 
 101 00c2 CC9BC56C 		.ascii	"\314\233\305l\373\321z\300\014\006\023\323\251\177\276"
 101      FBD17AC0 
 101      0C0613D3 
 101      A97FBE
 102 00d1 4D8F4BC1 		.ascii	"M\217K\301a\341\255J\343\343\336f\340\024\006\223p\011"
 102      61E1AD4A 
 102      E3E3DE66 
 102      E0140693 
 102      7009
 103 00e3 3B2E6027 		.ascii	";.`'\201\255=\014\372V\265\256g\322z\267\332\237{\347"
 103      81AD3D0C 
 103      FA56B5AE 
 103      67D27AB7 
 103      DA9F7BE7 
 104 00f7 5B0C7518 		.ascii	"[\014u\0308\341\007\232\"h@\235\324\340w\240\311\267"
 104      38E1079A 
 104      2268409D 
 104      D4E077A0 
 104      C9B7
 105 0109 5FB1D72D 		.ascii	"_\261\327-\334.\210\333\314\017\310\363\001\177\211"
 105      DC2E88DB 
 105      CC0FC8F3 
 105      017F89
 106 0118 44A4ACAF 		.ascii	"D\244\254\257\372\327\302\221\355\2107\221\014Eb\376"
 106      FAD7C291 
 106      ED883791 
 106      0C4562FE 
 107 0128 A0C8639A 		.ascii	"\240\310c\232seY\215ijx+\252j\361\240\210\001-\241\004"
 107      7365598D 
 107      696A782B 
 107      AA6AF1A0 
 107      88012DA1 
 108 013d C9F52F7C 		.ascii	"\311\365/|'\026Oh\252\327\347YZT\335n\227\352\333\364"
 108      27164F68 
 108      AAD7E759 
 108      5A54DD6E 
 108      97EADBF4 
 109 0151 EC3A7F09 		.ascii	"\354:\177\011\002\321hH\011\323\017\206\007\216\322"
 109      02D16848 
 109      09D30F86 
 109      078ED2
 110              		.text
 111              		.section	.gnu.lto_stSetAlarm.956e02f4,"",%progbits
 112 0000 789C8552 		.ascii	"x\234\205RMh\023A\024~\337N\262\033\242R\021\017\202"
 112      4D681341 
 112      147EDF4E 
 112      B21BA252 
 112      110F82
 113 0013 3988504A 		.ascii	"9\210PJ=d\211\202\177W+\"\264\247\366X(m*$\020\2114"
 113      3D648982 
ARM GAS  C:\Users\CYIRKO~1\AppData\Local\Temp\ccjwg12x.s 			page 8


 113      7F572B22 
 113      B4A7F658 
 113      286D2A24 
 114 002a D1633B5D 		.ascii	"\321c;][\203-T/&\355a\335b\224jl\232\244*(^\226\340"
 114      5B832D54 
 114      2F26ED61 
 114      DD62946A 
 114      6C9AA42A 
 115 0042 CF455BE8 		.ascii	"\317E[\350\305\203\021D\254\340A,\365'\210\220\370f"
 115      C5831144 
 115      ACE0412C 
 115      F5278890 
 115      F866
 116 0054 53454F0E 		.ascii	"SEO\016\314\274\237\371\3367\337{\214\2374\332\245\021"
 116      CCBC9FF9 
 116      DE37DF7B 
 116      8C9F34DA 
 116      A511
 117 0066 5944B497 		.ascii	"YD\264\2277\004A\273\272B4\036\320\000\345\310\000h"
 117      370441BB 
 117      BA42341E 
 117      D000E5C8 
 117      0068
 118 0078 4CC318AE 		.ascii	"L\303\030\256\210\234@5\363\341\221\326\271 y\271\271"
 118      889C4035 
 118      F3E191D6 
 118      B92079B9 
 118      B9
 119 0089 B271494E 		.ascii	"\262qIN\356q\004\321\034o\265\260\200NF=m\326\335\266"
 119      EE7104D1 
 119      1C6FB5B0 
 119      804E463D 
 119      6DD6DDB6 
 120 009d 19E10840 		.ascii	"\031\341\010@\343pm\343\205\275M\205\032vr\370\263P"
 120      E3706DE3 
 120      85BD4D85 
 120      1A7672F8 
 120      B350
 121 00af AEB58908 		.ascii	"\256\265\211\010\210\375\315\353\356\376\216[RZ\322"
 121      88FDCDEB 
 121      EEFE8E5B 
 121      525AD2
 122 00be AD5D1472 		.ascii	"\255]\024r\267#\004\012\020\314\207;\010\3416B\304)"
 122      B723040A 
 122      10CC873B 
 122      08E13642 
 122      C429
 123 00d0 C25D7428 		.ascii	"\302]t(\370\273J\343\332\016\335\227\377\375$\026\241"
 123      F8BB4AE3 
 123      DA0EDD97 
 123      FFFD2416 
 123      A1
 124 00e1 836D690D 		.ascii	"\203mi\015\256l43\322}\177\023\217O\371Y;W\010\256\365"
 124      AE6C3433 
 124      D27D7F13 
 124      8F4FF959 
 124      3B5708AE 
ARM GAS  C:\Users\CYIRKO~1\AppData\Local\Temp\ccjwg12x.s 			page 9


 125 00f6 114D3152 		.ascii	"\021M1Ru2-4e\305:4\305u\331\235z\022\024\307<\031\257"
 125      75322D34 
 125      65C53A34 
 125      C575D99D 
 125      7A1214C7 
 126 010d 5EDBB960 		.ascii	"^\333\271`{\336\323\361\314\336>+]k\237\222R\374W\212"
 126      7BDED3F1 
 126      CCDE3E2B 
 126      5D6B9F92 
 126      52FC578A 
 127 0121 D7E212DA 		.ascii	"\327\342\022\332mf\372\010k3\363y\365\333\015\343\217"
 127      6D66FA08 
 127      6B33F379 
 127      F5DB0DE3 
 127      8F
 128 0132 AE89D658 		.ascii	"\256\211\326X\036\032B\201<qs\002\177\351&\224\2403"
 128      1E1A4281 
 128      3C717302 
 128      7FE92694 
 128      A033
 129 0144 4519BA2D 		.ascii	"E\031\272-D\213\245\232\375\321X\314\035U9\006f'\253"
 129      448BA59A 
 129      FDD158CC 
 129      1D553906 
 129      6627AB
 130 0157 AB861A95 		.ascii	"\253\206\032\225\337\253[)\3267\202\255Pq\3738\225_"
 130      DFAB5B29 
 130      D63782AD 
 130      5071FB38 
 130      955F
 131 0169 FAFE3CE0 		.ascii	"\372\376<\340\300\206#t,\263\260\212\022\306\027\205"
 131      C0862374 
 131      2CB3B08A 
 131      12C61785 
 132 0179 975FBF18 		.ascii	"\227_\277\030fQN\214\313\371QG\030\270\007\007\263\334"
 132      66514E8C 
 132      CBF95147 
 132      18B80707 
 132      B3DC
 133 018b BBF72803 		.ascii	"\273\367(\003\232\331\312\033=R\362\000\313\\\036\300"
 133      9AD9CA1B 
 133      3D52F200 
 133      CB5C1EC0 
 134 019b 7D983810 		.ascii	"}\2308\020\332B\340\001\"\254\212\326a\275\235\256E"
 134      DA42E001 
 134      22AC8AD6 
 134      61BD9DAE 
 134      45
 135 01ac BDD1AA36 		.ascii	"\275\321\2526\350\023\254\371\372\014T\302\233\300\024"
 135      E813ACF9 
 135      FA0C54C2 
 135      9BC014
 136 01bb F7C473E4 		.ascii	"\367\304s\344_\023>y\274\377D,>\024\357M\237\037\216"
 136      5F133E79 
 136      BCFF442C 
 136      3E14EF4D 
 136      9F1F8E
ARM GAS  C:\Users\CYIRKO~1\AppData\Local\Temp\ccjwg12x.s 			page 10


 137 01ce 27FBA3CA 		.ascii	"'\373\243\312O\246\"G\016\233\311\224\031\033L\230\251"
 137      4FA62247 
 137      0E9BC994 
 137      191B4C98 
 137      A9
 138 01df 91A8B203 		.ascii	"\221\250\262\003\251t8J\306\340P*\035?{\306\247\216"
 138      A974384A 
 138      C6E0502A 
 138      1D3F7BC6 
 138      A78E
 139 01f1 AEFFD69E 		.ascii	"\256\377\326\236K\216\244Sfo_\317\241\203fww\227\331"
 139      4B8EA453 
 139      666F5FCF 
 139      A1836677 
 139      7797D9
 140 0204 77BAE742 		.ascii	"w\272\347Bd\213m \221\030\016\307\350\027K\002\327@"
 140      648B6D20 
 140      91180EC7 
 140      E8174B02 
 140      D740
 141              		.text
 142              		.section	.gnu.lto_stGetAlarm.956e02f4,"",%progbits
 143 0000 789C8590 		.ascii	"x\234\205\220MH\033Q\024\205\357\231\233\314\214\212"
 143      4D481B51 
 143      1485EF99 
 143      9BCC8C8A 
 144 0010 B46B0DB8 		.ascii	"\264k\015\270\326E\206(X\350\266\026\021\324\215.\005"
 144      D6458628 
 144      58E8B616 
 144      11D48D2E 
 144      05
 145 0021 B1719140 		.ascii	"\261q\221@ \305\211\335\372\014Zi\013*\202F\2210B\204"
 145      20C589DD 
 145      FA0C5A69 
 145      0B2A8246 
 145      91304284 
 146 0035 F8D318B3 		.ascii	"\370\323\030\263u!\203 \335\264*\356\013R\334dQ\010"
 146      75218320 
 146      DDB42AEE 
 146      0B52DC64 
 146      5108
 147 0047 2A5A518C 		.ascii	"*ZQ\214\367E)\335\365\301\373\271\227\217s\317yA2\350"
 147      F74529DD 
 147      F5C1FBB9 
 147      978F73CF 
 147      794132E8 
 148 005b 2388C689 		.ascii	"#\210\306\211\250Y6\230`\314\037\021M\332\006\240\037"
 148      A8593698 
 148      60CC1F11 
 148      4DDA06A0 
 148      1F
 149 006c CA064D18 		.ascii	"\312\006M\030\230\300\034g\030\207\325\033\377\305,"
 149      98C01C67 
 149      1887D51B 
 149      FFC52C
 150 007b 7B1A93F2 		.ascii	"{\032\223\362\264\362=\333\240K\340\245\224[\353\305"
 150      B4F23DDB 
ARM GAS  C:\Users\CYIRKO~1\AppData\Local\Temp\ccjwg12x.s 			page 11


 150      A04BE0A5 
 150      945BEBC5 
 151 008b 0BBB35AF 		.ascii	"\013\2735\257TZ\371\231\212\265\272{\242\202\036\033"
 151      545AF999 
 151      8AB5BA7B 
 151      A2821E1B 
 152 009b B422F806 		.ascii	"\264\"\370\006B\310#\244gl\242\225\204\376UzXl4\003"
 152      42C823A4 
 152      676CA295 
 152      84FE557A 
 152      586C3403 
 153 00af 39260D48 		.ascii	"9&\015H\177\013\246X\241\342)|\365P\235Q\376y\016w\335"
 153      7F0BA658 
 153      A1E2297C 
 153      F5509D51 
 153      FE790E77 
 154 00c4 01833C66 		.ascii	"\001\203<f\226#@\364Y@\355\352\213\250\312\315e\034"
 154      962340F4 
 154      5940EDEA 
 154      8BA8CACD 
 154      651C
 155 00d6 ECDF96EF 		.ascii	"\354\337\226\3573\375\177\365\246\224,?\363\307j\252"
 155      33FD7FF5 
 155      A6942C3F 
 155      F3C76AAA 
 156 00e6 09AE30FE 		.ascii	"\011\2560\376\231E\330\206)\223\276\302\314\262\016"
 156      9945D886 
 156      2993BEC2 
 156      CCB20E
 157 00f5 B0347D70 		.ascii	"\2604}pl\351\000\301\032vT\270\251\324?\225Z& \255\334"
 157      6CE900C1 
 157      1A7654B8 
 157      A9D43F95 
 157      5A2620AD 
 158 010a CEF537DB 		.ascii	"\316\3657\333C\026\036\233\330\221\020\005\035B\207"
 158      43161E9B 
 158      D8911005 
 158      1D4287
 159 0119 FD717569 		.ascii	"\375qui9\00555\251\316\362\227-\013u\036[(\302\303\262"
 159      39053535 
 159      A9CEF297 
 159      2D0B751E 
 159      5B28C2C3 
 160 012e 78ACCD11 		.ascii	"x\254\315\021\250\272T\372iF\212\032Z\3333<\266\261"
 160      A8BA54FA 
 160      69468A1A 
 160      5ADB333C 
 160      B6B1
 161 0140 0B076DA1 		.ascii	"\013\007m\241g\002%D\250\214\364\305\314&?\231b\361"
 161      67022544 
 161      A88CF4C5 
 161      CC263F99 
 161      62F1
 162 0152 45BF913E 		.ascii	"E\277\221>\373t\317\332\277t\344K$7t^\203(\374\366\365"
 162      FB74CFDA 
 162      BF74E44B 
 162      2437745E 
ARM GAS  C:\Users\CYIRKO~1\AppData\Local\Temp\ccjwg12x.s 			page 12


 162      8328FCF6 
 163 0167 D09B58FC 		.ascii	"\320\233X\374]| 5>\032O\016E\365;\351F^u:I\327\211\215"
 163      5D7C2035 
 163      3E1A4F0E 
 163      45F53BE9 
 163      465E753A 
 164 017f 241C772C 		.ascii	"$\034w,\252\357a7\025\216R\327\177\361\367\311\261\224"
 164      AAEF6137 
 164      158E52D7 
 164      7FF1F7C9 
 164      B194
 165 0191 EB0C0CF6 		.ascii	"\353\014\014\366u\264;\275\275]\316`O\337\207\310\263"
 165      75B43BBD 
 165      BD5DCE60 
 165      4FDF87C8 
 165      B3
 166 01a2 C0702231 		.ascii	"\300p\"1\032\216\321#Eq\252\206"
 166      1A8ED123 
 166      4571AA86 
 167              		.text
 168              		.section	.gnu.lto_.symbol_nodes.956e02f4,"",%progbits
 169 0000 789C55C8 		.ascii	"x\234U\310K\015\200@\014\006\341\351\277\254/\020\305"
 169      4B0D8040 
 169      0C06E1E9 
 169      BFAC2F10 
 169      C5
 170 0011 B92B0101 		.ascii	"\271+\001\001<\023T \002\015(!4\334:\227I\276\212\030"
 170      3C135420 
 170      020D2821 
 170      34DC3A97 
 170      49BE8A18 
 171 0025 8934CB61 		.ascii	"\2114\313a\272!v\265!d\221[\226U\256,\233\274d\331\345"
 171      BA2176B5 
 171      2164915B 
 171      9655AE2C 
 171      9BBC64D9 
 172 003a 5D123BE4 		.ascii	"]\022;\344\365\027h\255\207B\345|^\343\003\325E\035"
 172      F51768AD 
 172      8742E57C 
 172      5EE303D5 
 172      451D
 173 004c 35       		.ascii	"5"
 174              		.text
 175              		.section	.gnu.lto_.refs.956e02f4,"",%progbits
 176 0000 789C6365 		.ascii	"x\234ce`b`d\000\002\000\000I\000\011"
 176      60626064 
 176      00020000 
 176      490009
 177              		.text
 178              		.section	.gnu.lto_.decls.956e02f4,"",%progbits
 179 0000 789CB557 		.ascii	"x\234\265WkPT\311\025\276}{\006a\000uGcL\305T(\013\205"
 179      6B5054C9 
 179      15BE7D7B 
 179      06610075 
 179      47634CC5 
 180 0018 4A65C141 		.ascii	"Je\301AW\223\375a\351\216\306X\265\272\251\321l\245"
 180      5793FD61 
ARM GAS  C:\Users\CYIRKO~1\AppData\Local\Temp\ccjwg12x.s 			page 13


 180      E98EC658 
 180      B5BAA9D1 
 180      6CA5
 181 002a 2AA4A610 		.ascii	"*\244\246\020\306\225*\036\206\031S\265\225\037{eXe"
 181      C6952A1E 
 181      861953B5 
 181      951F7B65 
 181      5865
 182 003c D1555141 		.ascii	"\321UQA\001]A\004Q@^\012\"\"\003\010\213\010.\213\253"
 182      015D4104 
 182      51405E0A 
 182      22220308 
 182      8B082E8B 
 183 0051 88A8E073 		.ascii	"\210\250\340s}\213\370B|\220\323\217;\367z\035\334$"
 183      7D8BF842 
 183      7C90D38F 
 183      3BF77A1D 
 183      DC24
 184 0063 95DCE20C 		.ascii	"\225\334\342\014}\272\277\363\235\323\347t\337\356\253"
 184      7DBABFF3 
 184      9DD3E774 
 184      DFEEAB
 185 0072 174421CF 		.ascii	"\027D!\317(\010\343\261 \224\"A\030\206\307K\020\204"
 185      2808E3B1 
 185      20942241 
 185      1886C74B 
 185      1084
 186 0084 62417988 		.ascii	"bAy\210~\000\244\026\244\016\244\036\3448H\263\360\366"
 186      7E00A416 
 186      A40EA41E 
 186      E43848B3 
 186      F0F6
 187 0096 F337E000 		.ascii	"\3637\340\000*\341S\220\023*\036\221sx\262\371'\330"
 187      2AE15390 
 187      132A1E91 
 187      7378B2F9 
 187      27D8
 188 00a8 F8701B08 		.ascii	"\370p\033\010E\030\017r\004$\010\344g06\036\344:\264"
 188      45180F72 
 188      042408E4 
 188      6730361E 
 188      E43AB4
 189 00bb BB04C6FD 		.ascii	"\273\004\306\375\036\350\"\210\0361^\022\327\317\241"
 189      1EE82288 
 189      1E315E12 
 189      D7CFA1
 190 00ca 0D7FC254 		.ascii	"\015\177\302T\364&\367\027\240\3538\267\314Ex\010L\266"
 190      F426F717 
 190      A0EB38B7 
 190      CC457808 
 190      4CB6
 191 00dc 27730AD6 		.ascii	"'s\012\326\330\221\307\371\037\304\205\344\270x~~\303"
 191      D891C7F9 
 191      1FC485E4 
 191      B8787E7E 
 191      C3
 192 00ed E309D3F0 		.ascii	"\343\011\323\360~\3059\265|S\177\202\223\344{\006\347"
ARM GAS  C:\Users\CYIRKO~1\AppData\Local\Temp\ccjwg12x.s 			page 14


 192      7EC539B5 
 192      7C537F82 
 192      93E47B06 
 192      E7
 193 00fe 9CA9E1DC 		.ascii	"\234\251\341\334\206Q\345\327\307k\305K\350\002\002"
 193      8651E5D7 
 193      C76BC54B 
 193      E80202
 194 010d 2C1A4B7B 		.ascii	",\032K{\021b\277\210\012U\207\345\007!\332\017\275\242"
 194      1162BF88 
 194      0A5587E5 
 194      0721DA0F 
 194      BDA2
 195 011f C049E52E 		.ascii	"\300I\345.$[p]\344\252\310)\351\0377F*F6\314<\311\017"
 195      245B705D 
 195      E4AAC829 
 195      E91F3746 
 195      2A4636CC 
 196 0136 9B036B50 		.ascii	"\233\003kP3\331\032\211\212\003\204\324\006*B\0266\037"
 196      33D91A89 
 196      8A0384D4 
 196      062A4216 
 196      361F
 197 0148 77C72728 		.ascii	"w\307'(\223C\362\354\037f\264\3350\364\242\213\2447"
 197      9343F2EC 
 197      1F66B4DD 
 197      30F4A28B 
 197      A437
 198 015a 7B0EA27D 		.ascii	"{\016\242}k\313\357\367\3521,\023h\367>/\370CH\221\304"
 198      6BCBEFF7 
 198      EA312C13 
 198      68F73E2F 
 198      F8434891 
 199 016f 1EEF5F28 		.ascii	"\036\357_(ik\032~\346\032\263\001#\243\001\211\240v"
 199      696B1A7E 
 199      E61AB301 
 199      23A30189 
 199      A076
 200 0181 F6B7EDF4 		.ascii	"\366\267\355\364\005u\274\001\215\005up\365\231z\303"
 200      0575BC01 
 200      8D057570 
 200      F5997AC3 
 201 0191 C4746AE5 		.ascii	"\304tj\345\224\306\212\350\323\011\250\010MB\205h\022"
 201      94C68AE8 
 201      D309A808 
 201      4D428568 
 201      12
 202 01a2 382F4613 		.ascii	"8/F\023\341w\231\2161\271\022\267\024\217\232\234-e"
 202      E177998E 
 202      31B912B7 
 202      148F9A9C 
 202      2D65
 203 01b4 F749AEAE 		.ascii	"\367I\256\256\304_\247;\245\002\260\012 (\264\017a\264"
 203      C45FA73B 
 203      A502B00A 
 203      2028B40F 
 203      61B4
ARM GAS  C:\Users\CYIRKO~1\AppData\Local\Temp\ccjwg12x.s 			page 15


 204 01c6 1F859088 		.ascii	"\037\205\220\210\241\011\277\005\250\027\241\275\350"
 204      A109BF05 
 204      A817A1BD 
 204      E8
 205 01d3 12CCE700 		.ascii	"\022\314\347\000\232\014\326\316\242\363)z<\227\006"
 205      9A0CD6CE 
 205      A2F3297A 
 205      3C9706
 206 01e2 9B37F4A2 		.ascii	"\2337\364\242\037C\020S\015hx\030CG\311\335\352\347"
 206      1F431053 
 206      0D687818 
 206      4347C9DD 
 206      EAE7
 207 01f4 FEAC838C 		.ascii	"\376\254\203\214\327\235<\221\357\207\027\223\266\270"
 207      D79D3C91 
 207      EF871793 
 207      B6B8
 208 0202 29A7709D 		.ascii	")\247p\235\0172\004'KR\"\211Q\037,\270#D\007Q0\261!"
 208      0F320427 
 208      4B522289 
 208      511F2CB8 
 208      23440751 
 209 0219 9E511974 		.ascii	"\236Q\031t\226Bg>\231\213\353\273\254\251\333\326J\222"
 209      9642673E 
 209      998BEBBB 
 209      ACA9DBD6 
 209      4A92
 210 022b 882A9001 		.ascii	"\210*\220\001\225+\321M5\260\311\034K\355\271a\300."
 210      952BD14D 
 210      35B0C91C 
 210      4BEDB961 
 210      C02E
 211 023d 447DBC74 		.ascii	"D}\274t\246?\320\241`\0037\255\016;\376%1\255\002\323"
 211      A63FD0A1 
 211      600337AD 
 211      0E3BFE25 
 211      31AD02D3 
 212 0251 438A2930 		.ascii	"C\212)0\301?\217qTz\210\003\234l<\324\363r\014\316\243"
 212      C13F8F71 
 212      547A8803 
 212      9C6C3CD4 
 212      F3720CCE 
 213 0266 15120B76 		.ascii	"\025\022\013vf\335\363r;\031n\237\221O\235\034\001'"
 213      66DDF372 
 213      3B196E9F 
 213      914F9D1C 
 213      0127
 214 0278 87152755 		.ascii	"\207\025'U#;\251\366\354\244\270\336\325\346\257#\233"
 214      233BA9F6 
 214      ECA4B8DE 
 214      D5E6AF23 
 214      9B
 215 0289 825041B1 		.ascii	"\202PA\261H\237s8y\364\210e=J\313Z\203x]\235\335\251"
 215      489F7338 
 215      79F48865 
 215      3D4ACB5A 
 215      83785D9D 
ARM GAS  C:\Users\CYIRKO~1\AppData\Local\Temp\ccjwg12x.s 			page 16


 216 029f 654A5D83 		.ascii	"eJ]\203.\227K\022D&\351\010\016\225(\241\225h\013[K"
 216      2E974B12 
 216      4426E908 
 216      0E9528A1 
 216      95680B5B 
 217 02b4 0B7BE245 		.ascii	"\013{\342E\371h|\235\255\302[\203\005\315~\234\252\363"
 217      F9687C9D 
 217      ADC25B83 
 217      05CD7E9C 
 217      AAF3
 218 02c6 9719920B 		.ascii	"\227\031\222\013f\001s$+\344\230BtLKTG\2116W<\333\245"
 218      66017324 
 218      2BE49842 
 218      744C4B54 
 218      47893657 
 219 02dd C70F19D3 		.ascii	"\307\017\031\323\320\217'\033\2748S\303\257\334L$$\227"
 219      D08F271B 
 219      BC3853C3 
 219      AFDC4C24 
 219      2497
 220 02ef C2E4D232 		.ascii	"\302\344\3222\325S\246\242\307\035\345\376\370%c*(\314"
 220      D553A6A2 
 220      C71DE5FE 
 220      F825632A 
 220      28CC
 221 0301 937CD5B9 		.ascii	"\223|\325\271 iR\222\321\370\306\032\357\311\313-\224"
 221      20695292 
 221      D1F8C61A 
 221      EFC9CB2D 
 221      94
 222 0312 DD36EF9A 		.ascii	"\3356\357\232\220*\257q@\241\006\305o\203\326\357q\352"
 222      902AAF71 
 222      40A106C5 
 222      6F83D6EF 
 222      71EA
 223 0324 F7E1FA07 		.ascii	"\367\341\372\007\331c\360ZL\375\356\252\330\260\321"
 223      D963F05A 
 223      4CFDEEAA 
 223      D8B0D1
 224 0333 1FA8FAA0 		.ascii	"\037\250\372\240\332\275\267\177\273\253\364\232\224"
 224      DABDB77F 
 224      BBABF49A 
 224      94
 225 0340 6CA07B0A 		.ascii	"l\240{\0125)LM\204\2114\232)\303\367I\245;0\333\255"
 225      35294C4D 
 225      8489349A 
 225      29C3F749 
 225      A53B30DB 
 226 0355 3A42D89E 		.ascii	":B\330\236yu4\333\255\001d\223\017v]\362\363K!\213c"
 226      797534DB 
 226      AD016493 
 226      0F765DF2 
 226      F34B218B 
 227 036a 9353F2F9 		.ascii	"\223S\362\371#%k\201\251|K\247r\002\371\311\264\320"
 227      23256B81 
 227      A97C4BA7 
 227      7202F9C9 
ARM GAS  C:\Users\CYIRKO~1\AppData\Local\Temp\ccjwg12x.s 			page 17


 227      B4D0
 228 037c 047CD5E5 		.ascii	"\004|\325\345\264:\037\306v\216\204\224Y\363\270U\317"
 228      B43A1FC6 
 228      768E8494 
 228      59F3B855 
 228      CF
 229 038d 746F327C 		.ascii	"to2|\277\260\312\237\261\273\310\360\351\0339I~l\270"
 229      BFB0CA9F 
 229      B1BBC8F0 
 229      E91B3949 
 229      7E6CB8
 230 03a0 83E88D67 		.ascii	"\203\350\215g\277\355\327\341sl:\027[\366\025\222\310"
 230      BFEDD7E1 
 230      736C3A17 
 230      5BF61592 
 230      C8
 231 03b1 82C89E1D 		.ascii	"\202\310\236\035\036\036\243\332\265Al\327vn\034\330"
 231      1E1EA3DA 
 231      B5416CD7 
 231      766E1CD8 
 232 03c1 330A5FA2 		.ascii	"3\012_\242p1\243\265\253A\265\245\262fg\014\220<\236"
 232      7031A3B5 
 232      AB41B5A5 
 232      B266670C 
 232      903C9E
 233 03d4 86DC7FAF 		.ascii	"\206\334\177\257\314>\310\275\330\351|\004\367dP',\366"
 233      CC3EC8BD 
 233      D8E97C04 
 233      F7645027 
 233      2CF6
 234 03e6 20BED83B 		.ascii	" \276\330;\240\363;\266\330\367\355I\335\355\205o1\037"
 234      A0F33BB6 
 234      D8F7ED49 
 234      DDED856F 
 234      311F
 235 03f8 CDC77ACE 		.ascii	"\315\307z\316\351\344W\203\226\340\254\007\002y\177"
 235      E9E45783 
 235      96E0AC07 
 235      02797F
 236 0407 4F6EA65B 		.ascii	"On\246[\357\014\004\363\203\022\314i\304\337\015\311"
 236      EF0C04F3 
 236      8312CC69 
 236      C4DF0DC9 
 237 0417 451B1AB1 		.ascii	"E\033\032\261!\231,\227\177\207\025,\332\332^\264\353"
 237      21992C97 
 237      7F87152C 
 237      DADA5EB4 
 237      EB
 238 0428 F100CBD4 		.ascii	"\361\000\313\324\272\246C\315\274\206-D\337z\244\261"
 238      BAA643CD 
 238      BC862D44 
 238      DF7AA4B1 
 239 0438 C6173F61 		.ascii	"\306\027?a\203WS\2564z\341!\246\310\0050\362\002\354"
 239      835753AE 
 239      347AE121 
 239      A6C80530 
 239      F202EC
ARM GAS  C:\Users\CYIRKO~1\AppData\Local\Temp\ccjwg12x.s 			page 18


 240 044b EA79D28A 		.ascii	"\352y\322\212\360k6XSu\264\231\027k\232\352\305md/\356"
 240      F06B3658 
 240      5375B499 
 240      176B9AEA 
 240      C56D642F 
 241 0460 CA1B279A 		.ascii	"\312\033'\232\015\254v\022\002\275\266\363\302\034\354"
 241      0DAC7612 
 241      02BDB6F3 
 241      C21CEC
 242 046f D451CB86 		.ascii	"\324Q\313\206\201\322\275\274\216\344\345\232\2341\320"
 242      81D2BDBC 
 242      8EE4E59A 
 242      9C31D0
 243 047e 31864C47 		.ascii	"1\206LG\342\253\206\004\346^4W\311\254Q\350$t\205M\245"
 243      E2AB8604 
 243      E65E3457 
 243      C9AC51E8 
 243      2474854D 
 244 0493 7BB0E9BC 		.ascii	"{\260\351\274\336\270\211\242\241b:\232\245>\200\367"
 244      DEB889A2 
 244      A1623A9A 
 244      A53E80F7 
 245 04a3 52F83564 		.ascii	"R\3705d\224\215\350\351\222v\177\264\032\334\365.\360"
 245      948DE8E9 
 245      92767FB4 
 245      1ADCF52E 
 245      F0
 246 04b4 81DCBC6D 		.ascii	"\201\334\274m\006\274\226\005\231\365\350\342-\2766"
 246      06BC9605 
 246      99F5E8E2 
 246      2DBE36
 247 04c3 8341CD7F 		.ascii	"\203A\315\177Z\343\364\306\353\330\330\226c;\333G\341"
 247      5AE3F4C6 
 247      EBD8D896 
 247      633BDB47 
 247      E1
 248 04d4 8D4C91F7 		.ascii	"\215L\221\367\200\221\355\201\304\256\217\360\0266R"
 248      8091ED81 
 248      C4AE8FF0 
 248      163652
 249 04e3 97BAF922 		.ascii	"\227\272\371\"\314\220)\367\223\256\367\361\374L\004"
 249      CC9029F7 
 249      93AEF7F1 
 249      FC4C04
 250 04f2 35EDE49D 		.ascii	"5\355\344\235 \274\203\015\275ni\014\302\273Y\273\271"
 250      20BC830D 
 250      BD6E690C 
 250      C2BB59BB 
 250      B9
 251 0503 B2602FC2 		.ascii	"\262`/\302\005L\031\310l\276c\300EL\311\356\334q\330"
 251      054C19C8 
 251      6CBE63C0 
 251      454CC9EE 
 251      DC71D8
 252 0516 1B973025 		.ascii	"\033\2270%\1770\035N\240\203L\371\241\372L\262/\256"
 252      7F301D4E 
 252      A0834CF9 
ARM GAS  C:\Users\CYIRKO~1\AppData\Local\Temp\ccjwg12x.s 			page 19


 252      A1FA4CB2 
 252      2FAE
 253 0528 664A7259 		.ascii	"fJrY\331v_\\\313\224\304\232\356T~\270\366\021\375Z"
 253      D9765F5C 
 253      CB94C49A 
 253      EE547EB8 
 253      F611FD5A 
 254 053c DEB56C1F 		.ascii	"\336\265l\037^\025/\320S:\333\236!\\\317\300)\225\247"
 254      5E152FD0 
 254      533ADB9E 
 254      215CCFC0 
 254      2995A7
 255 054f 2FE946AC 		.ascii	"/\351F\254\303s\271\016\323h\031\322j\323\016\215\326"
 255      C373B90E 
 255      D36819D2 
 255      6AD30E8D 
 255      D6
 256 0560 96A10DD0 		.ascii	"\226\241\015\320')z\210f\366\271\234\331\216\353\271"
 256      27297A88 
 256      66F6B99C 
 256      D98EEBB9 
 257 0570 793A6D1D 		.ascii	"y:m\035FBOx\220R\377\304\037\005\006\006\216\013T=\301"
 257      46424F78 
 257      9052FFC4 
 257      1F050606 
 257      8E0B543D 
 258 0585 F477B794 		.ascii	"\364w\267\224\344\224\\\317\266\343\233\305\247\326"
 258      E4945CCF 
 258      B6E39BC5 
 258      A7D6
 259 0593 4BD90D88 		.ascii	"K\331\015\210RA\232\3210\032\247\354\203\013\224\267"
 259      52419AD1 
 259      301AA7EC 
 259      830B94B7 
 260 05a3 85FC0ACC 		.ascii	"\205\374\012\314\344J\034\274\244\2230\205\237\322\302"
 260      E44A1CBC 
 260      A4933085 
 260      9FD2C2
 261 05b2 DBDF82B7 		.ascii	"\333\337\202\267\252\340=Zx7\205\233\010:\225\317i\216"
 261      AAE03D5A 
 261      7837859B 
 261      083A95CF 
 261      698E
 262 05c4 4E40CF60 		.ascii	"N@\317`\374)\035\"h\330\203h\275\030\214V\213\201H\002"
 262      FC291D22 
 262      68D88368 
 262      BD188C56 
 262      8B814802 
 263 05d8 4906F912 		.ascii	"I\006\371\022$\021d\023H\022\310:\2205 _\201|\015\262"
 263      24116413 
 263      4812C83A 
 263      9035205F 
 263      817C0DB2 
 264 05ec 01642D48 		.ascii	"\001d-H*\310K\024\210^\203\244@\333\011\362\012\332"
 264      2AC84B14 
 264      885E83A4 
 264      40DB09F2 
ARM GAS  C:\Users\CYIRKO~1\AppData\Local\Temp\ccjwg12x.s 			page 20


 264      0ADA
 265 05fe 1BC540FA 		.ascii	"\033\305@\3726f1\236\217Qb|\254\2151T;\243N\025\372"
 265      3666319E 
 265      8F51627C 
 265      AC8D3154 
 265      3BA34E15 
 266 0613 8947B449 		.ascii	"\211G\264I\001\017\250\300\017\265\340^\244A\237W%\353"
 266      010FA8C0 
 266      0FB5E05E 
 266      A4419F57 
 266      25EB
 267 0625 9CE7DCAA 		.ascii	"\234\347\334\252\320\015\261\012\372\201\026}O\213\276"
 267      D00DB10A 
 267      FA81167D 
 267      4F8BBE
 268 0634 AD8A6440 		.ascii	"\255\212d@\213>\371V\335:U\344w\265\360\333Z\362\001"
 268      8B3EF956 
 268      DD3A55E4 
 268      77B5F0DB 
 268      5AF201
 269 0647 15FA8616 		.ascii	"\025\372\206\026}I\213\276\242\012\345\221\347P\324"
 269      7D498BBE 
 269      A20AE591 
 269      E750D4
 270 0656 495171DF 		.ascii	"IQq\337\361\034\311\033\201\253rx\336\363\202{c}\252"
 270      F11CC91B 
 270      81AB7278 
 270      DEF3827B 
 270      637DAA
 271 0669 D8EF7B4E 		.ascii	"\330\357{N\"\203\2633\345\324]\343jIB\004&\360\363D"
 271      2283B333 
 271      E5D45DE3 
 271      6A494204 
 271      26F0F344 
 272 067d 594737EE 		.ascii	"YG7\356\031\2678\245\226i\224\354\226\226\354\307\267"
 272      19B738A5 
 272      966994EC 
 272      9696ECC7 
 272      B7
 273 068e 2AA2727D 		.ascii	"*\242r}\3233\332\035\351j\200\307\255\246\360\027\310"
 273      D333DA1D 
 273      E96A80C7 
 273      ADA6F017 
 273      C8
 274 069f 8806395C 		.ascii	"\210\0069\\\336\372\250UK>\244\312q\277\347\205\247"
 274      DEFAA855 
 274      4B3EA4CA 
 274      71BFE785 
 274      A7
 275 06b0 261F8A65 		.ascii	"&\037\212e\344\327\201\3742\207\313\357w^@\006'7\204"
 275      E4D781FC 
 275      3287CBEF 
 275      775E4006 
 275      273784
 276 06c3 B6B305A3 		.ascii	"\266\263\005\243q\212\236\236\315\015\337\034\315\200"
 276      718A9E9E 
 276      CD0DDF1C 
ARM GAS  C:\Users\CYIRKO~1\AppData\Local\Temp\ccjwg12x.s 			page 21


 276      CD80
 277 06d1 F37F1C4B 		.ascii	"\363\177\034K\317\323\373^\360U\202\266\212\343\320"
 277      CFD3FB5E 
 277      F05582B6 
 277      8AE3D0
 278 06e0 66D17DE0 		.ascii	"f\321}\340\222dy\336\341h\013l\354\377\367&''\303\255"
 278      926479DE 
 278      E1680B6C 
 278      ECFFF726 
 278      2727C3AD 
 279 06f4 8D9745F5 		.ascii	"\215\227E\365\205\212D\250\274\223\323D?z7\203\377\000"
 279      858A44A8 
 279      BC93D344 
 279      3F7A3783 
 279      FF00
 280 0706 CEA9789C 		.ascii	"\316\251x\234\351\217\323\365\354\034?\333\332\203\340"
 280      E98FD3F5 
 280      EC1C3FDB 
 280      DA83E0
 281 0715 76E7EA23 		.ascii	"v\347\352#\267\273\300\302s\327$\011x\222\020\2736\247"
 281      B7BBC0C2 
 281      73D72409 
 281      789210BB 
 281      36A7
 282 0727 2BB384E6 		.ascii	"+\263\204\346\233w\305m\"\275+\2768\272~\014\336\307"
 282      9B77C56D 
 282      22BD2BBE 
 282      38BA7E0C 
 282      DEC7
 283 0739 D8726F57 		.ascii	"\330roW7\362\263\336\037\324\013\273\267\346\351\330"
 283      37F2B3DE 
 283      1FD40BBB 
 283      B7E6E9D8 
 284 0749 3172930C 		.ascii	"1r\223\014\347\264?J7\340*\206}qsk7bX\022U\343\335\203"
 284      E7B43F4A 
 284      37E02A86 
 284      7D71736B 
 284      37625812 
 285 0761 CF463EDD 		.ascii	"\317F>\335w\212\374T\331!\322c\345\314`\355\220\037"
 285      778AFC54 
 285      D921D263 
 285      E5CC60ED 
 285      901F
 286 0773 7651265D 		.ascii	"vQ&]_\356\300\035\370\"\231\204\220\001$_\376x\024P"
 286      5FEEC01D 
 286      F8229984 
 286      9001245F 
 286      FE781450 
 287 0787 8E6840DF 		.ascii	"\216h@\337\210X\376\370\316\224\200\276\377\013\322"
 287      8858FEF8 
 287      CE9480BE 
 287      FF0BD2
 288 0796 CD2E6BFD 		.ascii	"\315.k\375\273%<Q@\323\351a\205vA}r\250\237\335\342"
 288      BB253C51 
 288      40D3E961 
 288      8576417D 
 288      72A89FDD 
ARM GAS  C:\Users\CYIRKO~1\AppData\Local\Temp\ccjwg12x.s 			page 22


 289 07ab 24940D8E 		.ascii	"$\224\015\2162\241\326\244\007\034\036\356\250\316\362"
 289      32A1D6A4 
 289      071C1EEE 
 289      A8CEF2
 290 07ba 554E2644 		.ascii	"UN&D\2713\001\227!\222\370rE\243\034%Aoj\317\311\362"
 290      B9330197 
 290      2192F872 
 290      45A31C25 
 290      416F6ACF 
 291 07d0 31701FC9 		.ascii	"1p\037\311\357\364\001\350\212\3565\333}\324\334{\336"
 291      EFF401E8 
 291      8AEE35DB 
 291      7DD4DC7B 
 291      DE
 292 07e1 C55D97E5 		.ascii	"\305]\227\345*\367\233\222+u\270\3403\247!\250,\321"
 292      2AF79B92 
 292      2B75B8E0 
 292      33A721A8 
 292      2CD1
 293 07f3 2539E7A0 		.ascii	"%9\347\240<\321\210\262\240X\360-\2432\335\016=KE\001"
 293      3CD188B2 
 293      A058F02D 
 293      A332DD0E 
 293      3D4B4501 
 294 0807 E58B53C8 		.ascii	"\345\213S\310G\301pu\266?nb\351_\223\222X\346\345.\374"
 294      47C17075 
 294      B63F6E62 
 294      E95F9392 
 294      58E6E52E 
 295 081c 8C2255E1 		.ascii	"\214\"U\341\311m|\257R\370\275\332\302\027\320\302\327"
 295      C96D7CAF 
 295      52F8BDDA 
 295      C217D0C2 
 295      D7
 296 082d DDDA93A9 		.ascii	"\335\332\223\251\303]\234m\177G\311(\316\326\032\302"
 296      C35D9C6D 
 296      7F47C928 
 296      CED61AC2 
 297 083d 3E7372D8 		.ascii	">sr\330g\316>\205i\237\226i?e\352\251\251\205\320o2"
 297      67CE3E85 
 297      699F9669 
 297      3F65EAA9 
 297      A985D06F 
 298 0852 A6AEEEA4 		.ascii	"\246\256\356\244j\276,|UW\377\361\374\352\377\252\277"
 298      6ABE2C7C 
 298      5557FFF1 
 298      FCEAFFAA 
 298      BF
 299 0863 E315BF13 		.ascii	"\343\025\277\023\032@=\222X\332\253\037q\325\224\310"
 299      1A403D92 
 299      58DAAB1F 
 299      71D594C8 
 300 0873 ABE6004B 		.ascii	"\253\346\000Kt\367\206\247\027t\332\"\026C\266\212h"
 300      74F786A7 
 300      1774DA22 
 300      1643B68A 
 300      68
ARM GAS  C:\Users\CYIRKO~1\AppData\Local\Temp\ccjwg12x.s 			page 23


 301 0884 B64A69A2 		.ascii	"\266Ji\242K\344D7v?>\352\257-\313\210\350\035\025u\375"
 301      4BE44437 
 301      763F3EEA 
 301      AF2DCB88 
 301      E81D1575 
 302 0899 4A5966F2 		.ascii	"JYf\362\262\224\361\262\300\367\234\312\264\220\227"
 302      B294F1B2 
 302      C0F79CCA 
 302      B49097
 303 08a8 A59C96A5 		.ascii	"\245\234\226\245r[\332l\374\224\315\276q{E\203\250T"
 303      725BDA6C 
 303      FC94CDBE 
 303      717B4583 
 303      A854
 304 08ba A56440A9 		.ascii	"\245d@\251\012\371t\253PrY\241\315\345A\232\313\356"
 304      0AF974AB 
 304      507259A1 
 304      CDE5419A 
 304      CBEE
 305 08cc 8E8AAA51 		.ascii	"\216\212\252Qx\255\027e\223\232\272_\217r\3074[\023"
 305      78AD1765 
 305      939ABA5F 
 305      8F72C734 
 305      5B13
 306 08de D3F13762 		.ascii	"\323\3617b:\304c\252\024\247\010^v\307\302\270h\207"
 306      3AC463AA 
 306      14A7085E 
 306      76C7C2B8 
 306      6887
 307 08f0 F782C57F 		.ascii	"\367\202\305\177\0160\233LB\310\374\017\303\315+\242"
 307      0E309B4C 
 307      42C8FC0F 
 307      C3CD2BA2 
 308 0900 97452F71 		.ascii	"\227E/q\254\212\212\216\017\217$\355x\273i\326\314\320"
 308      AC8A8A8E 
 308      0F8F24ED 
 308      78BB69D6 
 308      CCD0
 309 0912 787BE88A 		.ascii	"x{\350\212\210\230P{B$\371o\265;B\"\005?\273c\211#\""
 309      8898507B 
 309      4224F96F 
 309      B53B4222 
 309      053FBB63 
 310 0929 C1313726 		.ascii	"\30117&\"!\326`\265\256\212\216s\230fZ\035\313m\037"
 310      2221D660 
 310      B5AE8A8E 
 310      7398665A 
 310      1DCB6D1F 
 311 093d 32533BA3 		.ascii	"2S;\243q\304\307\307\330\303?\213[\025@[\001\200\016"
 311      71C4C7C7 
 311      D8C33F8B 
 311      5B15405B 
 311      01800E
 312 0950 B0C52EB3 		.ascii	"\260\305.\263EE\331\242\302g\206L\017\010\233f\232\365"
 312      4545D9A2 
 312      C267864C 
 312      0F089B66 
ARM GAS  C:\Users\CYIRKO~1\AppData\Local\Temp\ccjwg12x.s 			page 24


 312      9AF5
 313 0962 775338F4 		.ascii	"wS8\364\277\037\027\037g{\337\026\261,:<:.2fU\224-<"
 313      BF1F171F 
 313      677BDF16 
 313      B12C3A3C 
 313      3A2E3266 
 314 097a 3602B8E2 		.ascii	"6\002\270\342l\341\326(\333\362\210U1\016\253\343\363"
 314      6CE1D628 
 314      DBF28855 
 314      310EABE3 
 314      F3
 315 098b 95367BC8 		.ascii	"\2256{\310\012\301[\366\367\327\377\251?\373\347\366"
 315      0AC15BF6 
 315      F7D7FFA9 
 315      3FFBE7F6 
 316 099b 70985F14 		.ascii	"p\230_\024\220\203\023\037P\035\321\2616\253\343\203"
 316      9083131F 
 316      501DD1B1 
 316      36ABE383 
 317 09ab 772627C1 		.ascii	"w&'\301\021\312\011B#W\020\033\036\244/\311Q\374J\226"
 317      11CA0942 
 317      2357101B 
 317      1EA42FC9 
 317      51FC4A96 
 318 09bf 2268DB1C 		.ascii	"\"h\333\034rs\001o\002\302\032\023\023e\215\206J\314"
 318      7273016F 
 318      02C21A13 
 318      13658D86 
 318      4ACC
 319 09d1 FBC902AC 		.ascii	"\373\311\002\254\214Op\330C\227,]4=,\364\343\217\347"
 319      8C4F70D8 
 319      43972C5D 
 319      343D2CF4 
 319      E38FE7
 320 09e4 852E5DB8 		.ascii	"\205.]\270\350\037&^\022B\003.\365f\363\"\313t^\217"
 320      E81F265E 
 320      1242032E 
 320      F566F322 
 320      CB745E8F 
 321 09f8 E9615687 		.ascii	"\351aV\207\267\334\020?\261\350\346-\232k\301\363\314"
 321      B7DC103F 
 321      B1E8E62D 
 321      9A6BC1F3 
 321      CC
 322 0a09 16DD47F3 		.ascii	"\026\335G\363\226Z\260\331l\301\026\220\271\026\013"
 322      965AB0D9 
 322      6CC11690 
 322      B9160B
 323 0a18 FED31233 		.ascii	"\376\323\02236/^\2523\233\347[(G\030\3755\341\371\013"
 323      362F5EAA 
 323      339BE75B 
 323      284718FD 
 323      35E1F90B 
 324 0a2c 2CE212B0 		.ascii	",\342\022\260\\8\337\242[\262\010\320fK\030\210\011"
 324      5C38DFA2 
 324      5BB208D0 
 324      664B1888 
ARM GAS  C:\Users\CYIRKO~1\AppData\Local\Temp\ccjwg12x.s 			page 25


 324      09
 325 0a3d 907FB198 		.ascii	"\220\177\261\230\377\313\220\355\216X\022Rt,K\022W\254"
 325      FFCB90ED 
 325      8E581252 
 325      742C4B12 
 325      57AC
 326 0a4f 0E234F87 		.ascii	"\016#O\207\235\254,k\004\311\220\277\325\272|U\\\244"
 326      9DAC2C6B 
 326      04C990BF 
 326      D5BA7C55 
 326      5CA4
 327 0a61 D51A326B 		.ascii	"\325\0322k\326\357gx\313\232.rED\302{nx\374J\206\036"
 327      D6EF6778 
 327      CB9A2E72 
 327      4544C27B 
 327      6E78FC4A 
 328 0a77 2BF7D8DE 		.ascii	"+\367\330\3366\377\3354\223<\374\231\307\341\017\376"
 328      36FFDD34 
 328      933CFC99 
 328      C7E10FFE 
 329 0a87 054AFE6C 		.ascii	"\005J\376l0"
 329      30
 330              		.text
 331              		.section	.gnu.lto_.symtab.956e02f4,"",%progbits
 332 0000 7374496E 		.ascii	"stInit\000"
 332      697400
 333 0007 00       		.ascii	"\000"
 334 0008 00       		.ascii	"\000"
 335 0009 00       		.ascii	"\000"
 336 000a 00000000 		.ascii	"\000\000\000\000\000\000\000\000"
 336      00000000 
 337 0012 AE000000 		.ascii	"\256\000\000\000"
 338 0016 73745374 		.ascii	"stStartAlarm\000"
 338      61727441 
 338      6C61726D 
 338      00
 339 0023 00       		.ascii	"\000"
 340 0024 00       		.ascii	"\000"
 341 0025 00       		.ascii	"\000"
 342 0026 00000000 		.ascii	"\000\000\000\000\000\000\000\000"
 342      00000000 
 343 002e BD000000 		.ascii	"\275\000\000\000"
 344 0032 73745374 		.ascii	"stStopAlarm\000"
 344      6F70416C 
 344      61726D00 
 345 003e 00       		.ascii	"\000"
 346 003f 00       		.ascii	"\000"
 347 0040 00       		.ascii	"\000"
 348 0041 00000000 		.ascii	"\000\000\000\000\000\000\000\000"
 348      00000000 
 349 0049 BF000000 		.ascii	"\277\000\000\000"
 350 004d 73745365 		.ascii	"stSetAlarm\000"
 350      74416C61 
 350      726D00
 351 0058 00       		.ascii	"\000"
 352 0059 00       		.ascii	"\000"
 353 005a 00       		.ascii	"\000"
ARM GAS  C:\Users\CYIRKO~1\AppData\Local\Temp\ccjwg12x.s 			page 26


 354 005b 00000000 		.ascii	"\000\000\000\000\000\000\000\000"
 354      00000000 
 355 0063 C1000000 		.ascii	"\301\000\000\000"
 356 0067 73744765 		.ascii	"stGetAlarm\000"
 356      74416C61 
 356      726D00
 357 0072 00       		.ascii	"\000"
 358 0073 00       		.ascii	"\000"
 359 0074 00       		.ascii	"\000"
 360 0075 00000000 		.ascii	"\000\000\000\000\000\000\000\000"
 360      00000000 
 361 007d C4000000 		.ascii	"\304\000\000\000"
 362 0081 73745F6C 		.ascii	"st_lld_init\000"
 362      6C645F69 
 362      6E697400 
 363 008d 00       		.ascii	"\000"
 364 008e 02       		.ascii	"\002"
 365 008f 00       		.ascii	"\000"
 366 0090 00000000 		.ascii	"\000\000\000\000\000\000\000\000"
 366      00000000 
 367 0098 C6000000 		.ascii	"\306\000\000\000"
 368              		.text
 369              		.section	.gnu.lto_.opts,"",%progbits
 370 0000 272D666D 		.ascii	"'-fmath-errno' '-fsigned-zeros' '-ftrapping-math' '"
 370      6174682D 
 370      6572726E 
 370      6F272027 
 370      2D667369 
 371 0033 2D666E6F 		.ascii	"-fno-trapv' '-fno-openmp' '-fno-openacc' '-mcpu=cor"
 371      2D747261 
 371      70762720 
 371      272D666E 
 371      6F2D6F70 
 372 0066 7465782D 		.ascii	"tex-m7' '-mno-thumb-interwork' '-mthumb' '-ggdb' '-"
 372      6D372720 
 372      272D6D6E 
 372      6F2D7468 
 372      756D622D 
 373 0099 4F322720 		.ascii	"O2' '-fomit-frame-pointer' '-falign-functions=16' '"
 373      272D666F 
 373      6D69742D 
 373      6672616D 
 373      652D706F 
 374 00cc 2D666675 		.ascii	"-ffunction-sections' '-fdata-sections' '-fno-common"
 374      6E637469 
 374      6F6E2D73 
 374      65637469 
 374      6F6E7327 
 375 00ff 2720272D 		.ascii	"' '-flto'\000"
 375      666C746F 
 375      2700
 376              		.text
 377              		.comm	__gnu_lto_v1,1,1
 378              		.comm	__gnu_lto_slim,1,1
 379              		.ident	"GCC: (GNU Tools for ARM Embedded Processors 6-2017-q1-update) 6.3.1 20170215 (release) [AR
ARM GAS  C:\Users\CYIRKO~1\AppData\Local\Temp\ccjwg12x.s 			page 27


DEFINED SYMBOLS
                            *ABS*:00000000 hal_st.c
                            *COM*:00000001 __gnu_lto_v1
                            *COM*:00000001 __gnu_lto_slim

NO UNDEFINED SYMBOLS
