ARM GAS  C:\Users\CYIRKO~1\AppData\Local\Temp\ccBbbNPC.s 			page 1


   1              		.cpu cortex-m7
   2              		.eabi_attribute 20, 1
   3              		.eabi_attribute 21, 1
   4              		.eabi_attribute 23, 3
   5              		.eabi_attribute 24, 1
   6              		.eabi_attribute 25, 1
   7              		.eabi_attribute 26, 1
   8              		.eabi_attribute 30, 2
   9              		.eabi_attribute 34, 1
  10              		.eabi_attribute 18, 4
  11              		.file	"hal.c"
  12              		.text
  13              	.Ltext0:
  14              		.section	.gnu.lto_.profile.95a0dcf8,"",%progbits
  15 0000 789C6365 		.ascii	"x\234ce`b`a```d\260\347\000\000\001\006\000T"
  15      60626061 
  15      60606064 
  15      B0E70000 
  15      01060054 
  16              		.text
  17              		.section	.gnu.lto_.icf.95a0dcf8,"",%progbits
  18 0000 789C6365 		.ascii	"x\234ce`b\340`@\000F\206\267\217\026m\345c\000\000\020"
  18      6062E060 
  18      40004686 
  18      B78F166D 
  18      E5630000 
  19 0015 1F0345   		.ascii	"\037\003E"
  20              		.text
  21              		.section	.gnu.lto_.jmpfuncs.95a0dcf8,"",%progbits
  22 0000 789C6365 		.ascii	"x\234ce`b\320`@\000F(\315\3048\235\231\261\371\327\376"
  22      6062D060 
  22      40004628 
  22      CDC4389D 
  22      99B1F9D7 
  23 0015 CF7CF57F 		.ascii	"\317|\365\177\033$\34633,f\006\311.g\254g`d\001\262"
  23      1B24E633 
  23      332C6606 
  23      C92E67AC 
  23      67606401 
  24 002a 00B87808 		.ascii	"\000\270x\010\225"
  24      95
  25              		.text
  26              		.section	.gnu.lto_.inline.95a0dcf8,"",%progbits
  27 0000 789C6365 		.ascii	"x\234ce`b0f@\000F\006\006.{F\240 \003\003\333\002y&"
  27      60623066 
  27      40004606 
  27      062E7B46 
  27      A0200303 
  28 0018 B0101726 		.ascii	"\260\020\027&\301\304\015R\012f2\000\000?\336\001\224"
  28      C1C40D52 
  28      0A663200 
  28      003FDE01 
  28      94
  29              		.text
  30              		.section	.gnu.lto_.pureconst.95a0dcf8,"",%progbits
  31 0000 789C6365 		.ascii	"x\234ce`b`f```d\220\000\000\000\204\000$"
  31      60626066 
ARM GAS  C:\Users\CYIRKO~1\AppData\Local\Temp\ccBbbNPC.s 			page 2


  31      60606064 
  31      90000000 
  31      840024
  32              		.text
  33              		.section	.gnu.lto_halInit.95a0dcf8,"",%progbits
  34 0000 789C7590 		.ascii	"x\234u\2201HBa\020\307\357\377>}\032\22444\0246\264"
  34      31484261 
  34      10C7EFFF 
  34      3E7D1A94 
  34      34341436 
  35 0015 4A94B414 		.ascii	"J\224\264\024\264FKk\253K\331\240\024\010Y\363{f!\030"
  35      B4464B6B 
  35      AB4BD9A0 
  35      140859F3 
  35      7B662118 
  36 0029 548B9941 		.ascii	"T\213\231A<)B\313\322\024\032\234z8\325RPcS\021\015"
  36      3C2942CB 
  36      D2141A9C 
  36      7A38D552 
  36      50635311 
  37 003e 5910444B 		.ascii	"Y\020DK\241v\237F8\274\016\216\273\357\356\307\335\377"
  37      A1769F46 
  37      38BC0E8E 
  37      BBEFEEC7 
  37      DDFF
  38 0050 3B3B2974 		.ascii	";;)t\011\242!\"r\263C\020\224\255k\242\210S\001d\242"
  38      09A22122 
  38      72B34310 
  38      94AD6BA2 
  38      88530164 
  39 0065 3B419A02 		.ascii	";A\232\002\015\233\")P\211=\227\025OFg3\223\357}z\326"
  39      0D9B2229 
  39      50893D97 
  39      154F4667 
  39      3393EF7D 
  40 007b 84218852 		.ascii	"\204!\210R\354\322\220\201\207\030{,\326\023]\252\255"
  40      ECD29081 
  40      87187B2C 
  40      D6135DAA 
  40      AD
  41 008c 5547162A 		.ascii	"UG\026*\257\240\302-L\275\336\210\351\346\323>\356\246"
  41      AFA0C22D 
  41      4CBDDE88 
  41      E9E6D33E 
  41      EEA6
  42 009e 9C44716E 		.ascii	"\234Dqn\313\035\353B\221QT\021M\177\273%/\207\224\313"
  42      CB1DEB42 
  42      91515411 
  42      4D7FBB25 
  42      2F8794CB 
  43 00b2 AFF70EAD 		.ascii	"\257\367\016\255\246;\015\201\224\340\0118\202F\006"
  43      A63B0D81 
  43      94E00938 
  43      824606
  44 00c1 B355ACA6 		.ascii	"\263U\254\246\017;-8\221\342.\341\2309nl\257Un\034\033"
  44      0F3B2D38 
  44      91E22EE1 
ARM GAS  C:\Users\CYIRKO~1\AppData\Local\Temp\ccBbbNPC.s 			page 3


  44      98396E6C 
  44      AF556E1C 
  45 00d6 C21036C8 		.ascii	"\302\0206\310g\364\353\342\303\305\\/\027\016\2440\256"
  45      67F4EBE2 
  45      C3C55C2F 
  45      170EA430 
  45      AE
  46 00e7 5DEDE6E6 		.ascii	"]\355\346\346\015\354E\272\015a\307\011\3772\207\376"
  46      0DEC45BA 
  46      0D61C709 
  46      FF3287FE 
  47 00f7 66A3F152 		.ascii	"f\243\361R\312w0\274\243\353\003r\300)\0144\027\"\017"
  47      CA7730BC 
  47      A3EB0372 
  47      C0290C34 
  47      17220F
  48 010a CD102A49 		.ascii	"\315\020*I\255\237V\032X+\017G\341Ok4}\356\262\346l"
  48      AD9F561A 
  48      582B0F47 
  48      E14F6B34 
  48      7DEEB2E6 
  49 011f CC9DB571 		.ascii	"\314\235\265q\017=\326\234\235\271b\033W\373\207S\231"
  49      0F3DD69C 
  49      9DB9621B 
  49      57FB8753 
  49      99
  50 0130 2BFD726F 		.ascii	"+\375roXIg\022-\315\322\342|A\2761\237gpr\3347\021\010"
  50      58496712 
  50      2DCDD2E2 
  50      7C41BE31 
  50      9F677072 
  51 0148 CE06A797 		.ascii	"\316\006\247\227\226\347\202!\237_\346\241\360\310\330"
  51      96E78221 
  51      9F5FE6A1 
  51      F0C8D8
  52 0157 A83714F6 		.ascii	"\2507\024\366\006f\026\274\341E\277\214\303~\372\001"
  52      066616BC 
  52      E145BF8C 
  52      C37EFA01 
  53 0167 C6D6A4EB 		.ascii	"\306\326\244\353"
  54              		.text
  55              		.section	.gnu.lto_.symbol_nodes.95a0dcf8,"",%progbits
  56 0000 789C55C9 		.ascii	"x\234U\311\273\021\2030\024D\321\253\025\302m\270\024"
  56      BB118330 
  56      1444D1AB 
  56      15C26DB8 
  56      14
  57 0011 53D95340 		.ascii	"S\331S@\001.\300\177S\001!1\261k\200\031\327\341\341"
  57      012EC07F 
  57      53012131 
  57      B16B8019 
  57      D7E1E1
  58 0024 5911DAE4 		.ascii	"Y\021\332\344\314\334M\210\021\237.28\177\300\231r\007"
  58      CCDC4D88 
  58      119F2E32 
  58      387FC099 
  58      7207
ARM GAS  C:\Users\CYIRKO~1\AppData\Local\Temp\ccBbbNPC.s 			page 4


  59 0036 E92E8EFE 		.ascii	"\351.\216\376\204\267,\224\007r>yx\311T\205\247,V\341"
  59      84B72C94 
  59      07723E79 
  59      78C95485 
  59      A72C56E1 
  60 004a 216BAA70 		.ascii	"!k\252p\223\245*\\e\355>D\016\014\313/DZ\346b\342[l"
  60      93A52A5C 
  60      65ED3E44 
  60      0E0CCB2F 
  60      445AE662 
  61 0061 E8D7BF91 		.ascii	"\350\327\277\221\241(f\227\015W\235,/"
  61      A1286697 
  61      0D579D2C 
  61      2F
  62              		.text
  63              		.section	.gnu.lto_.refs.95a0dcf8,"",%progbits
  64 0000 789C6365 		.ascii	"x\234ce`b`c```d`bdb\000\000\000\275\000\024"
  64      60626063 
  64      60606064 
  64      60626462 
  64      000000BD 
  65              		.text
  66              		.section	.gnu.lto_.decls.95a0dcf8,"",%progbits
  67 0000 789CAD56 		.ascii	"x\234\255V}P\024G\026\237\236^\226\335aQ\013Rw\376a"
  67      7D501447 
  67      169F9E5E 
  67      96DD6151 
  67      0B5277FE 
  68 0015 5D288B94 		.ascii	"](\213\224T]\002\001\023\261\362\307]\014\212\232\020"
  68      545D0201 
  68      13B1F2C7 
  68      5D0C8A9A 
  68      10
  69 0026 A52A97FC 		.ascii	"\245*\227\374q\331\252\255\205]e\253\200\345v\227\224"
  69      71D9AAAD 
  69      855D65AB 
  69      80E57697 
  69      94
  70 0037 A9FB6708 		.ascii	"\251\373g\010 h\016\320\230x\267\226x\032\270\023\324"
  70      20680ED0 
  70      9878B796 
  70      781AB813 
  70      D4
  71 0048 08C1CFF8 		.ascii	"\010\301\317\370\271j$\270\001!z\202$|\005\021cD\344"
  71      B96A24B8 
  71      01217A82 
  71      247C0511 
  71      6344E4
  72 005b 43C387C0 		.ascii	"C\303\207\300\336\353\356\031f\030HY\324\335\324\276"
  72      DEEBEE19 
  72      66184859 
  72      D4DDD4BE 
  73 006b E979FD7E 		.ascii	"\351y\375~\375{\257\373\275\356\355 \216\347zM\034\227"
  73      FD7BAFFB 
  73      BDEEED20 
  73      8EE77A4D 
  73      1C97
ARM GAS  C:\Users\CYIRKO~1\AppData\Local\Temp\ccBbbNPC.s 			page 5


  74 007d 8239AE9C 		.ascii	"\2029\256\234\343\270\000<<\264_\200 \220A\216=\301"
  74      E3B8003C 
  74      3CB45F80 
  74      2090418E 
  74      3DC1
  75 008f 20A320E3 		.ascii	" \243 \343 \023 S\034\003\350@\364\210a\015\210\233"
  75      20132053 
  75      1C03E840 
  75      F488610D 
  75      889B
  76 00a1 F10C2236 		.ascii	"\361\014\"6\356=\020#|\217@+ \3069\000\202\321Ln\275"
  76      EE3D1023 
  76      7C8F402B 
  76      20C63900 
  76      82D14C6E 
  77 00b6 C447C8A6 		.ascii	"\304G\310\246$?\343\334\334\334\177\307\350\273\274"
  77      243FE3DC 
  77      DCDC7FC7 
  77      E8BBBC
  78 00c5 EABDB818 		.ascii	"\352\275\270\030\2430\001\351@\035l\330sg\001\250\317"
  78      A33001E9 
  78      401D6CD8 
  78      736701A8 
  78      CF
  79 00d6 092802D4 		.ascii	"\011(\002\324\242\312\251\347\231\361\037<\250\247\317"
  79      A2CAA9E7 
  79      99F11F3C 
  79      A8A7CF
  80 00e5 3F8C63EA 		.ascii	"?\214c\352\022\320\316\264\017\372B\030\266\013\221"
  80      12D0CEB4 
  80      0FFA4218 
  80      B60B91
  81 00f4 B1625181 		.ascii	"\261bQ\201\211\231G\211~\255\271\264_\300<\"n\372\363"
  81      89994789 
  81      7EADB9B4 
  81      5FC03C22 
  81      6EFAF3
  82 0107 EE768530 		.ascii	"\356v\2050\333bPo\014\324\227J\352\"P\333\266m\335\247"
  82      DB62506F 
  82      0CD4974A 
  82      EA2250DB 
  82      B66DDDA7 
  83 011b C7468A6C 		.ascii	"\307F\212l\257\253<L\002Z& \262\214\013\241\253\252"
  83      AFAB3C4C 
  83      025A2620 
  83      B28C0BA1 
  83      ABAA
  84 012d EFABB150 		.ascii	"\357\253\261P\326E\020\235c\025\211\321GD\366\030~\247"
  84      D645109D 
  84      631589D1 
  84      4744F618 
  84      7EA7
  85 013f CCE546C9 		.ascii	"\314\345F\311Py0\376-\001\361^\177\313e\035\212\022"
  85      507930FE 
  85      2D01F15E 
  85      7FCB651D 
  85      8A12
ARM GAS  C:\Users\CYIRKO~1\AppData\Local\Temp\ccBbbNPC.s 			page 6


  86 0151 FE4D40BE 		.ascii	"\376M@\276\226\307\313v\026\210\"\217N\"\001\035G\030"
  86      96C7CB76 
  86      1688228F 
  86      4E22011D 
  86      4718
  87 0163 1D43D164 		.ascii	"\035C\321dM\226\011\360.\024\305\217\304\035\271\242"
  87      4D9609F0 
  87      2E14C58F 
  87      C41DB9A2 
  88 0173 711D872A 		.ascii	"q\035\207*\320\022t\020-\341\320\011\024E\374\021\034"
  88      D0127410 
  88      2DE1D009 
  88      1445FC11 
  88      1C
  89 0184 AA81CE2F 		.ascii	"\252\201\316/\241\023\\T\226\357\374\\\217\267!\352"
  89      A1135C54 
  89      96EFFC5C 
  89      8FB721EA 
  90 0194 A3F6C20F 		.ascii	"\243\366\302\017\267uH\210\232\223\340\2539\010\244"
  90      B7754888 
  90      9A93E0AB 
  90      3908A4
  91 01a3 600E2DAD 		.ascii	"`\016-\255\315'\301\234\206`N)\301@ll\036\335g\332r"
  91      CD27C19C 
  91      86604E29 
  91      C1406C6C 
  91      1EDD67DA 
  92 01b8 78DC4F9D 		.ascii	"x\334O\235\240=g\037\373\203\330R\031@}\264\353j\003"
  92      A03D671F 
  92      FB83D852 
  92      19407DB4 
  92      EB6A03
  93 01cb 8F8798AD 		.ascii	"\217\207\230\255\367v\256W\217G\231\262c\262U\324c\221"
  93      F776AE57 
  93      8F4799B2 
  93      63B255D4 
  93      6391
  94 01dd AD77D1A3 		.ascii	"\255w\321\243\321\003:\\\300\224\326\334\221\346P\\"
  94      D1033A5C 
  94      C094D6DC 
  94      91E6505C 
  95 01ed 4415E3D6 		.ascii	"D\025\343\326\252\323\307M(\222<\341\221\221Q\237\223"
  95      AAD3C74D 
  95      28923CE1 
  95      9191519F 
  95      93
  96 01fe D87D2DFE 		.ascii	"\330}-\376\027\353\206zD\361\023\023\015\312\007A\325"
  96      17EB867A 
  96      44F11313 
  96      0DCA0741 
  96      D5
  97 020f A2706532 		.ascii	"\242pe2G\341\305\241Xxql\300\370\037\274\242/\017S\364"
  97      47E1C5A1 
  97      5878716C 
  97      C0F81FBC 
  97      A22F0F53 
  98 0224 452D3A46 		.ascii	"E-:F\003\376\371\217\012\370\234\026|\226RW \025\267"
ARM GAS  C:\Users\CYIRKO~1\AppData\Local\Temp\ccBbbNPC.s 			page 7


  98      03FEF98F 
  98      0AF89C16 
  98      7C965257 
  98      2015B7
  99 0237 0A7E460B 		.ascii	"\012~F\013\257\322F\362\275\012}~nr\212\336I\326~\207"
  99      AFD246F2 
  99      BD0A7D7E 
  99      6E728ADE 
  99      49D67E87 
 100 024b 28BEAEE3 		.ascii	"(\276\256\343\320a\260\037\242&\202\206\345G\327 [\227"
 100      D061B01F 
 100      A2268286 
 100      E547D720 
 100      5B97
 101 025d 5124FA06 		.ascii	"Q$\372\006\344*\310\025\220\257A\352@.\241HZa\314\237"
 101      E42AC815 
 101      90AF41EA 
 101      402EA148 
 101      5A61CC9F 
 102 0271 5FE5EFC2 		.ascii	"_\345\357\302\2343W\317\305\277NAW\317=\027\006g\245"
 102      9C3357CF 
 102      C5BF4E41 
 102      57CF3D17 
 102      0667A5
 103 0284 D17F212C 		.ascii	"\321\177!,G\024\021\201qRYH\265}q*\257I\217[i\016\371"
 103      47141181 
 103      71525948 
 103      B57D712A 
 103      AF498F5B 
 104 029b F2EDF527 		.ascii	"\362\355\365'\015(<j\2569\241z\230\312|\246\305<\367"
 104      0D283C6A 
 104      AE39A17A 
 104      98CA7CA6 
 104      C53CF7
 105 02ae D6E96133 		.ascii	"\326\351a3\241oa\240_)I\022\007u/\357\3650i\257\027"
 105      A16F61A0 
 105      5F294912 
 105      07752FEF 
 105      F53069AF 
 106 02c3 343C39C8 		.ascii	"4<9\310\343>V_\325\347\362\036.`F\0371~\234_\262-\030"
 106      E33E565F 
 106      D5E7F21E 
 106      2E60461F 
 106      317E9C5F 
 107 02da 0F33E370 		.ascii	"\0173\343pE\315>\0033V\020\343\375\311\332\007Ax\234"
 107      45CD3E03 
 107      335610E3 
 107      FDC9DA07 
 107      41789C
 108 02ed 198F347C 		.ascii	"\031\2174|\323&\235>\205\304xs\244\251@\3009\230\032"
 108      D3269D3E 
 108      85C47873 
 108      A4A940C0 
 108      39981A
 109 0300 03F75BCB 		.ascii	"\003\367[\313\214\3148@\364\355'v\225-\304\205\314x"
 109      8CCC3840 
 109      F4ED2776 
ARM GAS  C:\Users\CYIRKO~1\AppData\Local\Temp\ccBbbNPC.s 			page 8


 109      952DC485 
 109      CC78
 110 0312 B3F7409E 		.ascii	"\263\367@\236t\3304\021\275\270\344\330\227\002.a\306"
 110      74D83411 
 110      BDB8E4D8 
 110      97022E61 
 110      C6
 111 0323 8ADEBDC5 		.ascii	"\212\336\275\305\222q%\250'\032Nw\004\341\335\314\326"
 111      927125A8 
 111      271A4E77 
 111      04E1DDCC 
 111      D6
 112 0334 36D45C10 		.ascii	"6\324\\\020\202K\231R5\361\351A=.gJ\323\336Ry\247\035"
 112      824B9952 
 112      35F1E941 
 112      3D2E674A 
 112      D3DE5279 
 113 034a 27A75D51 		.ascii	"'\247]QU\300\300\216\267\375\341\304\203\267\275Z\300"
 113      55C0C08E 
 113      B7FDE1C4 
 113      83B7BD5A 
 113      C0
 114 035b 87293674 		.ascii	"\207)6t\262\363\361\305\020\024\0369\375DE\252\223\321"
 114      B2F3F1C5 
 114      10141E39 
 114      FD4445AA 
 114      93D1
 115 036d 01C968A7 		.ascii	"\001\311h\247\331\355\2222\361\0002\321\015\253\336"
 115      D9ED9232 
 115      F10032D1 
 115      0DABDE
 116 037c 0BF213C8 		.ascii	"\013\362\023\310]\220\036\220\373 ?\203\364\201\334"
 116      5D901E90 
 116      FB203F83 
 116      F481DC
 117 038b 03F911E4 		.ascii	"\003\371\021\344\216Rp$3\327\303v\211b\335\31347_@n"
 117      8E527024 
 117      33D7C376 
 117      8962DDCB 
 117      34375F40 
 118 03a0 08E574B6 		.ascii	"\010\345t\266\217\314\334>\200\277\374f\016-9\002o\323"
 118      8FCCDC3E 
 118      80BFFC66 
 118      0E2D3902 
 118      6FD3
 119 03b2 C2676C4D 		.ascii	"\302glM\002\336\250\200;\265\340J\244E')\350f-\372\226"
 119      02DEA880 
 119      3BB5E04A 
 119      A4452729 
 119      E8662DFA 
 120 03c7 16DDFD96 		.ascii	"\026\335\375\226\202\276\255E\267\314\212\273[\025\367"
 120      82BEAD45 
 120      B7CC8ABB 
 120      5B15F7
 121 03d6 0F5AF8D1 		.ascii	"\017Z\370\321\331\323\334\240\300\257k\341\015\263\""
 121      D9D3DCA0 
 121      C0AF6BE1 
ARM GAS  C:\Users\CYIRKO~1\AppData\Local\Temp\ccBbbNPC.s 			page 9


 121      0DB322
 122 03e5 57C5F2BD 		.ascii	"W\305\362\275\026\335:+r\325<\377\243E\337\234\035\312"
 122      16DD3A2B 
 122      72D53CFF 
 122      A345DF9C 
 122      1DCA
 123 03f7 DB0AFC86 		.ascii	"\333\012\374\206\026\376\235B.\355\361kl\217w\315\334"
 123      16FE9D42 
 123      2EEDF16B 
 123      6C8F77CD 
 123      DC
 124 0408 E352B21B 		.ascii	"\343R\262\033T\311n\322r5\252\\CE^\032\353\313_\210"
 124      54C96ED2 
 124      7235AA5C 
 124      43455E1A 
 124      EBCB5F88 
 125 041c 6B6845F2 		.ascii	"khE\362\223m=\257j\216\004\271\012\321#(\276\377\245"
 125      936D3DAF 
 125      6A8E04B9 
 125      0AD12328 
 125      BEFFA5
 126 042f 1059E0CD 		.ascii	"\020Y\340\315\215\364\210\350\007\242\207\312\021\321"
 126      8DF488E8 
 126      07A287CA 
 126      11D1
 127 043d 251F11A5 		.ascii	"%\037\021\245]\276;A\341\222\377\302_\363\317\315\333"
 127      5DBE3B41 
 127      E192FFC2 
 127      5FF3CFCD 
 127      DB
 128 044e 39F96B7B 		.ascii	"9\371k{r\3663l\332>\3757\213\006T\307(\207\006\221\211"
 128      72F6336C 
 128      DA3EFD37 
 128      8B0654C7 
 128      28870691 
 129 0463 5EA4A005 		.ascii	"^\244\240\005\360\311\242\257\317\363\035P\372p\003"
 129      F0C9A2AF 
 129      CFF31D50 
 129      FA7003
 130 0472 438B2805 		.ascii	"C\213(\005B\354\215\250P5 ?\010\321~\350\3459\351\012"
 130      42EC8DA8 
 130      5035203F 
 130      08D17EE8 
 130      E539E90A 
 131 0486 26772179 		.ascii	"&w!y\204\244\363\222\312K\224\364'\015F*Fff\236\344"
 131      84A4F392 
 131      CA4B94F4 
 131      270D462A 
 131      4666669E 
 132 049b 87DDC0D8 		.ascii	"\207\335\300\330\007\035&\217F\274\342\000!\365\000"
 132      071D268F 
 132      46BCE200 
 132      21F500
 133 04aa 15210B5B 		.ascii	"\025!\013[\262O\307\307)\223C\362R\015z\353{\205NXv"
 133      B24FC7C7 
 133      299343F2 
 133      520D7AEB 
ARM GAS  C:\Users\CYIRKO~1\AppData\Local\Temp\ccBbbNPC.s 			page 10


 133      7B854E58 
 134 04bf E8D9FF3A 		.ascii	"\350\331\377:\242}\003\307\304n\001\237c\247\334\325"
 134      A27D03C7 
 134      C46E019F 
 134      63A7DCD5 
 135 04cf C0886F21 		.ascii	"\300\210o!;\345x\325M\3549v\023\033\315\271uIX\274\233"
 135      3BE578D5 
 135      4DEC3976 
 135      131BCDB9 
 135      754958BC 
 136 04e4 5EAD72C5 		.ascii	"^\255r\305E<z\3577\350\027X\350't\241G\320bx\247\350"
 136      453C7AEF 
 136      37E81758 
 136      E82774A1 
 136      47D06278 
 137 04fa A4F26B2A 		.ascii	"\244\362k*:+,\335/\356\357\022}\367F#\356\325\210\""
 137      3A2B2CDD 
 137      2FEEEF12 
 137      7DF74623 
 137      EED58822 
 138 050e 5C6B441D 		.ascii	"\\kD\035\201\241\307J\205\300'\274\207\341|ACP\023\034"
 138      81A1C74A 
 138      85C027BC 
 138      87E17C41 
 138      4350131C 
 139 0522 DC0E9792 		.ascii	"\334\016\227\222\277\220\232\376\316 <\300\242\332Y"
 139      BF909AFE 
 139      CE203CC0 
 139      A2DA59
 140 0531 D3D48D81 		.ascii	"\323\324\215\201\253\013\352,0\265rOu\217X(P\207hLa"
 140      AB0BEA2C 
 140      30B5724F 
 140      758F5828 
 140      5087684C 
 141 0546 1A234CE4 		.ascii	"\032#L\344c\2342\324\367\266\377\025\037\322Q\202\243"
 141      639C32D4 
 141      F7B6FF15 
 141      1FD25182 
 141      A3
 142 0557 9F353E0A 		.ascii	"\2375>\012\226\010\356\024\343\007c\012\301S\205\340"
 142      9608EE14 
 142      E307630A 
 142      C15385E0 
 143 0567 A94C3041 		.ascii	"\251L0A\011\032\375e\023\241x\2141\354>w\351[\243\304"
 143      091AFD65 
 143      13A1788C 
 143      31EC3E77 
 143      E95BA3C4 
 144 057b 70A50257 		.ascii	"p\245\002WVn\365%3\202I\205`R&\230\242\004e?}:\304\343"
 144      566EF525 
 144      33824985 
 144      60522698 
 144      A204653F 
 145 0593 534194A0 		.ascii	"SA\224\240\256g\310\267@\"xZ\205\213\3775M\020P\010"
 145      AE67C8B7 
 145      4022785A 
 145      858BFF35 
ARM GAS  C:\Users\CYIRKO~1\AppData\Local\Temp\ccBbbNPC.s 			page 11


 145      4D105008 
 146 05a7 023281C8 		.ascii	"\0022\201\310\023\202CG\274w\215x\230\021xo\215\364"
 146      13824347 
 146      BC778D78 
 146      9811786F 
 146      8DF4
 147 05b9 E9753CAB 		.ascii	"\351u<\253d\262\314\320w\345\306\355\022\335\257&$\227"
 147      64B2CCD0 
 147      77E5C6ED 
 147      12DDAF26 
 147      2497
 148 05cb 2709F988 		.ascii	"'\011\371\210\2272R\3368y\312 Ep\323\377\342\337\312"
 148      973252DE 
 148      3879CA20 
 148      4570D3FF 
 148      E2DFCA
 149 05de 68040042 		.ascii	"h\004\000Bp\237\224#\200O\026A\036\215\300\273\257\244"
 149      709F9423 
 149      804F1641 
 149      1E8DC0BB 
 149      AFA4
 150 05f0 1AE31C3D 		.ascii	"\032\343\034=\215\340\223=\023\327y\211`\370\032\236"
 150      8DE0933D 
 150      13D77989 
 150      60F81A9E 
 151 0600 0A28AB98 		.ascii	"\012(\253\230\2570\344\313\014[)C\335\225\243\277\204"
 151      AF30E4CB 
 151      0C5B2943 
 151      DD95A3BF 
 151      84
 152 0611 E026C6D0 		.ascii	"\340&\306\320Q[\347\325\275P&\016\220\213\256\177\345"
 152      515BE7D5 
 152      BD50260E 
 152      908BAE7F 
 152      E5
 153 0622 C7B9D745 		.ascii	"\307\271\327E\361\000O7l\001cP\3759\026\020\"T\310\277"
 153      F1004F37 
 153      6C016350 
 153      FD391610 
 153      2254C8BF 
 154 0636 406EF5A3 		.ascii	"@n\365\243-\035&\365\036'N\225=\276\2157\311\356\341"
 154      2D1D26F5 
 154      1E274E95 
 154      3DBE8D37 
 154      C9EEE1
 155 0649 939E09FF 		.ascii	"\223\236\011\377l\326\251\361d\232\012~;\317\316\004"
 155      6CD6A9F1 
 155      649A0A7E 
 155      3BCFCE04 
 156 0659 D2EA93DF 		.ascii	"\322\352\223\337\\m\365Xu\326M\256t\303\332\015\357"
 156      5C6DF558 
 156      75D64DAE 
 156      74C3DA0D 
 156      EF
 157 066a 4624C4C6 		.ascii	"F$\304\306r\202\305\222\355\310\364,\217\263x6\331_"
 157      7282C592 
 157      EDC8F42C 
ARM GAS  C:\Users\CYIRKO~1\AppData\Local\Temp\ccBbbNPC.s 			page 12


 157      8FB37836 
 157      D95F
 158 067c 33A7A639 		.ascii	"3\247\2469R\034nO\266\315\3414{\234\316t\267ysfv\004"
 158      521C6E4F 
 158      B6CDE134 
 158      7B9CCE74 
 158      B7797366 
 159 0692 FD8AB0BA 		.ascii	"\375\212\260\2722\"\354\031)v\233\315n3\257\210^\036"
 159      3222EC19 
 159      29769BCD 
 159      6E33AF88 
 159      5E1E
 160 06a4 11F7726C 		.ascii	"\021\367rl\374_b\315\320\377R\2463\323\376\222\335\232"
 160      FC5F62CD 
 160      D0FF52A6 
 160      33D3FE92 
 160      DD9A
 161 06b6 E2303B32 		.ascii	"\3420;2S\323\263mvs\206\025\2702\355f\213\315\276\311"
 161      53D3B36D 
 161      76738615 
 161      B832ED66 
 161      8BCDBEC9 
 162 06ca 9A9DEEB1 		.ascii	"\232\235\356\261x>\314\262\273\243\3238\203\354\357"
 162      783ECCB2 
 162      BBA3D338 
 162      83ECEF
 163 06d9 FDFFAB3F 		.ascii	"\375\377\253?\367\207n\263\305\355\261\00198\301N\233"
 163      F7876EB3 
 163      C5EDB101 
 163      3938C14E 
 163      9B
 164 06ea 2B282B3B 		.ascii	"+(+;\313\346\012v\272\263\354v\233K\357$\001\270\202"
 164      CBE60A76 
 164      BAB3EC76 
 164      9B4BEF24 
 164      01B882
 165 06fd 329C36BB 		.ascii	"2\2346\273\213\254AZ\342\232\327\314\011\304\377;\314"
 165      8BAC415A 
 165      E29AD7CC 
 165      09C4FF3B 
 165      CC
 166 070e 3F8DC5E9 		.ascii	"?\215\305\351\216\215_\021\343t\307\244Y\323c\262\234"
 166      8E8D5F11 
 166      E374C7A4 
 166      59D363B2 
 166      9C
 167 071f 2E8F3BE6 		.ascii	".\217;\346\235?\275\275<.&)iu\314\332\344\365\033?\210"
 167      9D3FBDBD 
 167      3C2E2629 
 167      6975CCDA 
 167      E4F51B3F 
 168 0734 23264B16 		.ascii	"#&K\026Hz\272\015\\\205\271=\0310\235\315Y\016\247\305"
 168      487ABA0D 
 168      5C85B93D 
 168      19309DCD 
 168      590EA7C5 
 169 0748 6DF76467 		.ascii	"m\367dgY<\372\344\365d\245\365\311\353X\263\2265\211"
ARM GAS  C:\Users\CYIRKO~1\AppData\Local\Temp\ccBbbNPC.s 			page 13


 169      593CFAE4 
 169      F564A5F5 
 169      C9EB58B3 
 169      963589
 170 075b AC59C39A 		.ascii	"\254Y\303\232\325\254I`\315\033\254Y\305\232\267HcL"
 170      D5AC4960 
 170      CD1BAC59 
 170      C59AB748 
 170      634C
 171 076d 5E9594E0 		.ascii	"^\225\224\340\314\334\344\330\034\014\036\327g:<\277"
 171      CCDCE4D8 
 171      1C0C1ED7 
 171      673A3CBF 
 172 077d 7F66C46E 		.ascii	"\177f\304nW*i\243S9\275\333C\206\304=s\210\264\200t"
 172      572A69A3 
 172      5339BDDB 
 172      4386C43D 
 172      7388B480 
 173 0792 566EB276 		.ascii	"Vn\262v\306\024\247\325e#\203W?s0\205\222%\262lx7!i"
 173      C614A7D5 
 173      65238357 
 173      3F733085 
 173      9225B26C 
 174 07aa CDC6D857 		.ascii	"\315\306\330W^\261$\306\257\210\377\363zf\002:\275\233"
 174      5EB124C6 
 174      AF88FFF3 
 174      7A66023A 
 174      BD9B
 175 07bc 72AD985F 		.ascii	"r\255\230_ v\227\003\246\221\306\005\333\267\320y,\237"
 175      20769703 
 175      A691C605 
 175      DBB7D079 
 175      2C9F
 176 07ce D770     		.ascii	"\327p"
 177 07d0 18046343 		.ascii	"\030\004cC\345,Y\034\300`JS)\253\346\225{\372N\214\337"
 177      E52C591C 
 177      C0604A53 
 177      29ABE695 
 177      7BFA4E8C 
 178 07e5 B225264D 		.ascii	"\262%&MI;\341\226k;\225\246\351\277\314\204\324\346"
 178      493BE196 
 178      6B3B95A6 
 178      E9BFCC84 
 178      D4E6
 179              		.text
 180              		.section	.gnu.lto_.symtab.95a0dcf8,"",%progbits
 181 0000 68616C49 		.ascii	"halInit\000"
 181      6E697400 
 182 0008 00       		.ascii	"\000"
 183 0009 00       		.ascii	"\000"
 184 000a 00       		.ascii	"\000"
 185 000b 00000000 		.ascii	"\000\000\000\000\000\000\000\000"
 185      00000000 
 186 0013 F8000000 		.ascii	"\370\000\000\000"
 187 0017 70616C5F 		.ascii	"pal_default_config\000"
 187      64656661 
 187      756C745F 
ARM GAS  C:\Users\CYIRKO~1\AppData\Local\Temp\ccBbbNPC.s 			page 14


 187      636F6E66 
 187      696700
 188 002a 00       		.ascii	"\000"
 189 002b 02       		.ascii	"\002"
 190 002c 00       		.ascii	"\000"
 191 002d 00000000 		.ascii	"\000\000\000\000\000\000\000\000"
 191      00000000 
 192 0035 08010000 		.ascii	"\010\001\000\000"
 193 0039 7374496E 		.ascii	"stInit\000"
 193      697400
 194 0040 00       		.ascii	"\000"
 195 0041 02       		.ascii	"\002"
 196 0042 00       		.ascii	"\000"
 197 0043 00000000 		.ascii	"\000\000\000\000\000\000\000\000"
 197      00000000 
 198 004b FA000000 		.ascii	"\372\000\000\000"
 199 004f 626F6172 		.ascii	"boardInit\000"
 199      64496E69 
 199      7400
 200 0059 00       		.ascii	"\000"
 201 005a 02       		.ascii	"\002"
 202 005b 00       		.ascii	"\000"
 203 005c 00000000 		.ascii	"\000\000\000\000\000\000\000\000"
 203      00000000 
 204 0064 FC000000 		.ascii	"\374\000\000\000"
 205 0068 7364496E 		.ascii	"sdInit\000"
 205      697400
 206 006f 00       		.ascii	"\000"
 207 0070 02       		.ascii	"\002"
 208 0071 00       		.ascii	"\000"
 209 0072 00000000 		.ascii	"\000\000\000\000\000\000\000\000"
 209      00000000 
 210 007a FE000000 		.ascii	"\376\000\000\000"
 211 007e 65787449 		.ascii	"extInit\000"
 211      6E697400 
 212 0086 00       		.ascii	"\000"
 213 0087 02       		.ascii	"\002"
 214 0088 00       		.ascii	"\000"
 215 0089 00000000 		.ascii	"\000\000\000\000\000\000\000\000"
 215      00000000 
 216 0091 00010000 		.ascii	"\000\001\000\000"
 217 0095 5F70616C 		.ascii	"_pal_lld_init\000"
 217      5F6C6C64 
 217      5F696E69 
 217      7400
 218 00a3 00       		.ascii	"\000"
 219 00a4 02       		.ascii	"\002"
 220 00a5 00       		.ascii	"\000"
 221 00a6 00000000 		.ascii	"\000\000\000\000\000\000\000\000"
 221      00000000 
 222 00ae 04010000 		.ascii	"\004\001\000\000"
 223 00b2 68616C5F 		.ascii	"hal_lld_init\000"
 223      6C6C645F 
 223      696E6974 
 223      00
 224 00bf 00       		.ascii	"\000"
 225 00c0 02       		.ascii	"\002"
ARM GAS  C:\Users\CYIRKO~1\AppData\Local\Temp\ccBbbNPC.s 			page 15


 226 00c1 00       		.ascii	"\000"
 227 00c2 00000000 		.ascii	"\000\000\000\000\000\000\000\000"
 227      00000000 
 228 00ca 06010000 		.ascii	"\006\001\000\000"
 229              		.text
 230              		.section	.gnu.lto_.opts,"",%progbits
 231 0000 272D666D 		.ascii	"'-fmath-errno' '-fsigned-zeros' '-ftrapping-math' '"
 231      6174682D 
 231      6572726E 
 231      6F272027 
 231      2D667369 
 232 0033 2D666E6F 		.ascii	"-fno-trapv' '-fno-openmp' '-fno-openacc' '-mcpu=cor"
 232      2D747261 
 232      70762720 
 232      272D666E 
 232      6F2D6F70 
 233 0066 7465782D 		.ascii	"tex-m7' '-mno-thumb-interwork' '-mthumb' '-ggdb' '-"
 233      6D372720 
 233      272D6D6E 
 233      6F2D7468 
 233      756D622D 
 234 0099 4F322720 		.ascii	"O2' '-fomit-frame-pointer' '-falign-functions=16' '"
 234      272D666F 
 234      6D69742D 
 234      6672616D 
 234      652D706F 
 235 00cc 2D666675 		.ascii	"-ffunction-sections' '-fdata-sections' '-fno-common"
 235      6E637469 
 235      6F6E2D73 
 235      65637469 
 235      6F6E7327 
 236 00ff 2720272D 		.ascii	"' '-flto'\000"
 236      666C746F 
 236      2700
 237              		.text
 238              		.comm	__gnu_lto_v1,1,1
 239              		.comm	__gnu_lto_slim,1,1
 240              		.ident	"GCC: (GNU Tools for ARM Embedded Processors 6-2017-q1-update) 6.3.1 20170215 (release) [AR
ARM GAS  C:\Users\CYIRKO~1\AppData\Local\Temp\ccBbbNPC.s 			page 16


DEFINED SYMBOLS
                            *ABS*:00000000 hal.c
                            *COM*:00000001 __gnu_lto_v1
                            *COM*:00000001 __gnu_lto_slim

NO UNDEFINED SYMBOLS
