ARM GAS  C:\Users\CYIRKO~1\AppData\Local\Temp\ccuPVEnr.s 			page 1


   1              		.cpu cortex-m7
   2              		.eabi_attribute 20, 1
   3              		.eabi_attribute 21, 1
   4              		.eabi_attribute 23, 3
   5              		.eabi_attribute 24, 1
   6              		.eabi_attribute 25, 1
   7              		.eabi_attribute 26, 1
   8              		.eabi_attribute 30, 2
   9              		.eabi_attribute 34, 1
  10              		.eabi_attribute 18, 4
  11              		.file	"hal_pal.c"
  12              		.text
  13              	.Ltext0:
  14              		.section	.gnu.lto_.profile.95a0d808,"",%progbits
  15 0000 789C6365 		.ascii	"x\234ce`b`a```d\320\220\001\000\000\354\000Q"
  15      60626061 
  15      60606064 
  15      D0900100 
  15      00EC0051 
  16              		.text
  17              		.section	.gnu.lto_.icf.95a0d808,"",%progbits
  18 0000 789C6365 		.ascii	"x\234ce`b\020a@\000f\206\343\227n\235fc\334\276\377"
  18      60621061 
  18      40006686 
  18      E3976E9D 
  18      6663DCBE 
  19 0015 D00F76A6 		.ascii	"\320\017v\246u;\036\256\342e\000\000hQ\011\233"
  19      753B1EAE 
  19      E2650000 
  19      6851099B 
  20              		.text
  21              		.section	.gnu.lto_.jmpfuncs.95a0d808,"",%progbits
  22 0000 789C6365 		.ascii	"x\234ce`bPb@\000f\006FF\306zF&FF\346\372z&0\305\310"
  22      60625062 
  22      40006606 
  22      4646C67A 
  22      46264646 
  23 001b 069162AA 		.ascii	"\006\221b\252d\004Q\0009\324\002\300"
  23      64045100 
  23      39D402C0 
  24              		.text
  25              		.section	.gnu.lto_.inline.95a0d808,"",%progbits
  26 0000 789C6365 		.ascii	"x\234ce`b\370\316\200\000\314\014\014\234\034\214\314"
  26      6062F8CE 
  26      8000CC0C 
  26      0C9C1C8C 
  26      CC
  27 0011 0C0A8C20 		.ascii	"\014\012\214 &\210t\000\223\012\034l\037\364\030\330"
  27      26887400 
  27      930A1C6C 
  27      1FF418D8 
  28 0021 16C83331 		.ascii	"\026\310310\276`g\201\220 \202\003\314\344\000\021\002"
  28      30BE6067 
  28      81902082 
  28      03CCE400 
  28      1102
  29 0033 60A600C8 		.ascii	"`\246\000\310\030F\006>^F\026\210)\214@\022b\224\002"
ARM GAS  C:\Users\CYIRKO~1\AppData\Local\Temp\ccuPVEnr.s 			page 2


  29      1846063E 
  29      5E461688 
  29      298C4012 
  29      629402
  30 0046 C4406EA6 		.ascii	"\304@n\246\013\374\030F\001\305P\014aY /\001b)010\357"
  30      0BFC1846 
  30      01C5500C 
  30      6159202F 
  30      01622930 
  31 005d 10576000 		.ascii	"\020W`\000Zo\0012\231\211\201[\030\305}PC9\201r\304"
  31      5A6F0132 
  31      9989815B 
  31      18C57D50 
  31      43398172 
  32 0072 390F6893 		.ascii	"9\017h\223\004\310$\026^\240w'\370\201 \003\000\006"
  32      04C82416 
  32      5EA07727 
  32      F8812003 
  32      0006
  33 0084 0820CB   		.ascii	"\010 \313"
  34              		.text
  35              		.section	.gnu.lto_.pureconst.95a0d808,"",%progbits
  36 0000 789C6365 		.ascii	"x\234ce`b`g```f\220b\224b\222\004\000\001\307\000b"
  36      60626067 
  36      60606066 
  36      90629462 
  36      92040001 
  37              		.text
  38              		.section	.gnu.lto_palReadBus.95a0d808,"",%progbits
  39 0000 789C9591 		.ascii	"x\234\225\221\277O\024Q\020\307\347\373fowO\320\177"
  39      BF4F1451 
  39      10C7E7FB 
  39      666F774F 
  39      D07F
  40 0012 408A2B4C 		.ascii	"@\212+L\010\215\033M\320\304\226\350?`KB\340,\270\204"
  40      088D1B4D 
  40      D0C496E8 
  40      3F604B42 
  40      E02CB884 
  41 0026 E48C2B35 		.ascii	"\344\214+5\357V@\205(\306\250\207\302\271\205\022D\345"
  41      EF564085 
  41      28C6A887 
  41      C2B98512 
  41      44E5
  42 0038 A73F0AAA 		.ascii	"\247?\012\252\013\230\230\220\250@ce$hs\211\026^cc\320"
  42      0B989890 
  42      A8406365 
  42      24687389 
  42      165E6363 
  43 004d 9977905C 		.ascii	"\231w\220\\aC\261\363f\336\314|f\276\3732d(6D\235Dt"
  43      6143B1F3 
  43      66DECC7C 
  43      66BEFB32 
  43      64283644 
  44 0064 5C3E30C1 		.ascii	"\\>0\301\334\371HT\012\015\240\216\015AC\006C\230\340"
  44      DCF94854 
  44      0A0DA08E 
ARM GAS  C:\Users\CYIRKO~1\AppData\Local\Temp\ccuPVEnr.s 			page 3


  44      0D414306 
  44      4398E0
  45 0077 32636B78 		.ascii	"2ckxi\232os*e\236\204\277><\372vLC '\341\224\335\276"
  45      699A6F73 
  45      2A659E84 
  45      BF3E3CFA 
  45      764C4320 
  46 0090 1974CC5A 		.ascii	"\031t\314Z\233\330j\371\256\377xe\323fS6\364P\312\237"
  46      9BD86AF9 
  46      AEFF7865 
  46      D3665336 
  46      F450CA9F 
  47 00a4 A10DB368 		.ascii	"\241\015\263h\323\031s\350\220\342\221\255\362(\363"
  47      D31973E8 
  47      90E291AD 
  47      F228F3
  48 00b3 6990F85F 		.ascii	"i\220\370_\276\356\314\205\3553\256\361\335=\266'Rf"
  48      BEEECC85 
  48      ED33AEF1 
  48      DD3DB627 
  48      5266
  49 00c5 3C073737 		.ascii	"<\00777\312\025\341\005\332\265~wy\357\376Q\337{\302"
  49      CA15E105 
  49      DAB57E77 
  49      79EFFE51 
  49      DF7BC2
  50 00d8 A46C41BE 		.ascii	"\244lA\276\204\0179\027\267Q\265{\177\257\333\352\217"
  50      840F3917 
  50      B751B57B 
  50      7FAFDBEA 
  50      8F
  51 00e9 A7A85CC8 		.ascii	"\247\250\\\310\212\006\351`\351\365<1\231\214\030\337"
  51      8A06E960 
  51      E9F53C31 
  51      998C18DF 
  52 00f9 572F5013 		.ascii	"W/P\023\222nGc\202P\251\343\022\310\3115$\253\265[\353"
  52      926E4763 
  52      8250A9E3 
  52      12C8C935 
  52      24ABB55B 
  53 010e BE522BAC 		.ascii	"\276R+\254\262\037\214\254}\012T'\273u\177\277\337\270"
  53      B21F8CAC 
  53      7D0A5427 
  53      BB757FBF 
  53      DFB8
  54 0120 D19AA252 		.ascii	"\321\232\242R\262\326\346R\016*l0\257\332$7\363=Y\010"
  54      B2D6E652 
  54      0E2A6C30 
  54      AFDA2437 
  54      F33D5908 
  55 0134 A279DB48 		.ascii	"\242y\333H\205X@\212I\335\221\260\210\210jX[\3156\300"
  55      8558408A 
  55      49DD91B0 
  55      88886A58 
  55      5BCD36C0 
  56 0148 5E3338FC 		.ascii	"^38\374\0378+\323\261\264\017\376\\\257\257\267\012"
  56      1F382BD3 
ARM GAS  C:\Users\CYIRKO~1\AppData\Local\Temp\ccuPVEnr.s 			page 4


  56      B1B40FFE 
  56      5CAFAFB7 
  56      0A
  57 0159 78B8A4A9 		.ascii	"x\270\244\251#Xv`U\215\025\007N\016\300\231C\255\330"
  57      23587660 
  57      558D1507 
  57      4E0EC099 
  57      43ADD8
  58 016c 82578E64 		.ascii	"\202W\216d\224\364\332\221\256\325G\321@\351\232\002"
  58      94F4DA91 
  58      AED547D1 
  58      40E99A02 
  59 017c 6CA60787 		.ascii	"l\246\007\207\242\033\274qt\367Jo\033\364?\007\364\320"
  59      A21BBC71 
  59      74F74A6F 
  59      1BF43F07 
  59      F4D0
  60 018e 0D08E827 		.ascii	"\015\010\350'\222\334\376\215\376\2501Q%\357 \013E\347"
  60      92DCFE8D 
  60      FEA83151 
  60      25EF200B 
  60      45E7
  61 01a0 CF7577F5 		.ascii	"\317uw\365\027\372\012\027\257\016^*\024\273\363\352"
  61      17FA0A17 
  61      AF0E5E2A 
  61      14BBF3EA 
  62 01b0 17E35367 		.ascii	"\027\343Sg\317D\3058\352\357\035\210\342+y={.\367\016"
  62      CF44C538 
  62      EAEF1D88 
  62      E22B793D 
  62      7B2EF70E 
  63 01c4 9CCC13F7 		.ascii	"\234\314\023\367\015\306\377\000\237i\317\302"
  63      0DC6FF00 
  63      9F69CFC2 
  64              		.text
  65              		.section	.gnu.lto_palWriteBus.95a0d808,"",%progbits
  66 0000 789C9553 		.ascii	"x\234\225SMh\023A\024\236og\263?\311F=\012\366\320\203"
  66      4D681341 
  66      149E6F67 
  66      B33FC946 
  66      3D0AF6D0 
  67 0015 107A71D1 		.ascii	"\020zq\321C\205^E\217^\274\026\244\211\207\006\012\021"
  67      43855E45 
  67      8F5EBC16 
  67      A4898706 
  67      0A11
  68 0027 D39EBB89 		.ascii	"\323\236\273\211M*-UA\232T\351\262\242\324\032\265\177"
  68      4D2A2D55 
  68      419A54E9 
  68      B2A2D41A 
  68      B57F
  69 0039 FEA70709 		.ascii	"\376\247\007\011\361P\220\252\264\007\275(\212V\241"
  69      F15090AA 
  69      B407BD28 
  69      8A56A1
  70 0048 07A11641 		.ascii	"\007\241\026A\017\222\370\336l\243U\274t`\336\314\373"
  70      0F92F8DE 
ARM GAS  C:\Users\CYIRKO~1\AppData\Local\Temp\ccuPVEnr.s 			page 5


  70      6CA355BC 
  70      7460DECC 
  70      FB
  71 0059 FBE6BDEF 		.ascii	"\373\346\275\357\355F\204&\216K!\272\204\020\373hC\012"
  71      ED468426 
  71      8E4B21BA 
  71      8410FB68 
  71      430A
  72 006b 68175F08 		.ascii	"h\027_\010\221\2634\200/\236\0051\250a\020\027dY\242"
  72      91B33480 
  72      2F9E0531 
  72      A8611017 
  72      6459A2
  73 007e 3EFCB9AA 		.ascii	">\374\271\252uL{\264j\345oF\321+\354\015(\3752m^\230"
  73      754C7BB4 
  73      6AE56F46 
  73      D12BEC0D 
  73      28FD326D 
  74 0094 460745AD 		.ascii	"F\007E\255\014\315O\312\3632\220\200N\352\327\347W>"
  74      0CCD4FCA 
  74      F3329080 
  74      4EEAD7E7 
  74      573E
  75 00a6 EE625543 		.ascii	"\356bUC;\251\205\225rQ\312C\020t\177\373\356}\305JL"
  75      3BA98595 
  75      7251CA43 
  75      10747FFB 
  75      EE7DC54A 
  76 00bb 795EDEAB 		.ascii	"y^\336\253-_\222\336\376@J\334\202$@T\320\206\233h\023"
  76      2D5F92DE 
  76      FE404ADC 
  76      82244054 
  76      D0869B68 
  77 00d0 6412B88D 		.ascii	"d\022\270\215\004\205\373\215kK1\331\251R\253\301d\305"
  77      0485FB8D 
  77      6B4B31D9 
  77      A952ABC1 
  77      64C5
  78 00e2 D84A7D33 		.ascii	"\330J}3\256Ru\334\3717U\027\230A\202\343?,4\306\343"
  78      AE5275DC 
  78      F9375517 
  78      984182E3 
  78      3F2C34C6 
  79 00f7 867EBD55 		.ascii	"\206~\275U.fa\200\316\271U\324\274Fs\230\012\270\201"
  79      2E666180 
  79      CEB955D4 
  79      BC467398 
  79      0AB881
  80 010a E6B1DDD4 		.ascii	"\346\261\335\3247=&)7\242\203\223#t5\014\026&\013\213"
  80      373D2629 
  80      37A28393 
  80      2374350C 
  80      16260B8B 
  81 011e 8469B388 		.ascii	"\204i\263\210\262\032c\341\260\210\263\020b\204\300"
  81      B21A63E1 
  81      B088B310 
  81      6284C0
ARM GAS  C:\Users\CYIRKO~1\AppData\Local\Temp\ccuPVEnr.s 			page 6


  82 012d 99B851A9 		.ascii	"\231\270Q\251\361)\327\221_\\\177\222\342\347|\311\034"
  82      F129D791 
  82      5F5C7F92 
  82      E2E77CC9 
  82      1C
  83 013e 960AF597 		.ascii	"\226\012\365\227&\323!U\037\337\227\236\235s\002\370"
  83      26D32155 
  83      1FDF979E 
  83      9D7302F8 
  84 014e 39E2B43D 		.ascii	"9\342\264=\220\226O4\315Q\355\354\233Z\313\317\232\356"
  84      90964F34 
  84      CD51EDEC 
  84      9B5ACBCF 
  84      9AEE
  85 0160 8C17BA6C 		.ascii	"\214\027\272l\314#\300\204\342\032\013p\005A7\212\010"
  85      CC23C084 
  85      E21A0B70 
  85      0541378A 
  85      08
  86 0171 91233EF5 		.ascii	"\221#>\365\312o\331\241n\354\010Z\307]\005\315\204\340"
  86      CA6FD9A1 
  86      6EEC085A 
  86      C75D05CD 
  86      84E0
  87 0183 9E823EFB 		.ascii	"\236\202>\373\263\005m*tc;\272\265#\364(\356+t\215\321"
  87      B3056D2A 
  87      74633BBA 
  87      B523F428 
  87      EE2B748D 
  88 0198 1F84E8A5 		.ascii	"\037\204\350\245\026\272\035\242\255n,\3731f\305\304"
  88      16BA1DA2 
  88      AD6E2CFB 
  88      3166C5C4 
  89 01a8 1E3C2418 		.ascii	"\036<$\030\212\331h\305DU\021\366_U\305\250\341\260"
  89      8AD968C5 
  89      445511F6 
  89      5F55C5A8 
  89      E1B0
  90 01ba AA3F718E 		.ascii	"\252?q\2162[l\373\321\262\305U\272C\266zIU\277}\004"
  90      325B6CFB 
  90      D1B2C555 
  90      BA43B67A 
  90      4955BF7D 
  91 01cf F6FF4640 		.ascii	"\366\377F@\020\022\217\266:y\275\271\371\324\241N\206"
  91      10128FB6 
  91      3A79BDB9 
  91      F9D4A14E 
  91      86
  92 01e0 72EC72F0 		.ascii	"r\354r\360Xu\3023 \347\350\332\247W\221\337\3168\252"
  92      5875C233 
  92      20E7E8DA 
  92      A75791DF 
  92      CE38AA
  93 01f3 7027680C 		.ascii	"p'h\014\324\345\"\\zZ|A\376jsLU\242~\220\021b\230>\012"
  93      D4E5225C 
  93      7A5A7C41 
  93      FE6A734C 
ARM GAS  C:\Users\CYIRKO~1\AppData\Local\Temp\ccuPVEnr.s 			page 7


  93      55A27E90 
  94 020c 22C23DDA 		.ascii	"\"\302=\332\325}\2447\235L\237\350\0378\225\316t\247"
  94      D57DA437 
  94      9D4C9FE8 
  94      1F3895CE 
  94      74A7
  95 021e F89EC91E 		.ascii	"\370\236\311\036<\334\351f\262noO\237\233=\223\342\363"
  95      3CDCE966 
  95      B26E6F4F 
  95      9F9B3D93 
  95      E2F3
  96 0230 E4E99EBE 		.ascii	"\344\351\236\276\003)!\223\003Y=\231\356\317\376\002"
  96      03292193 
  96      03593D99 
  96      EECFFE02 
  97 0240 F9EC1011 		.ascii	"\371\354\020\021"
  98              		.text
  99              		.section	.gnu.lto_palSetBusMode.95a0d808,"",%progbits
 100 0000 789C9592 		.ascii	"x\234\225\222\315kSA\024\305\357\231\373\222\367b[\327"
 100      CD6B5341 
 100      14C5EF99 
 100      FB92F762 
 100      5BD7
 101 0012 825D6421 		.ascii	"\202]d!\204n|\350\242B\267\"\376\001n\\\024\244M\204"
 101      846E7CE8 
 101      A242B722 
 101      FE016E5C 
 101      14A44D84 
 102 0026 065A22C6 		.ascii	"\006Z\"\306\2563\215&\225\012\255Pj\254\030^\241\204"
 102      AE338D26 
 102      950AAD50 
 102      6AAC185E 
 102      A184
 103 0038 5AB5DF2A 		.ascii	"Z\265\337*\304R\010\335\010~\322n\265(*B\321\202\342"
 103      C45208DD 
 103      087ED26E 
 103      B5282A42 
 103      D182E2
 104 004b C28DADDE 		.ascii	"\302\215\255\336;\321\205\356:03wf\356\371\315\235\303"
 104      3BD185EE 
 104      3A303377 
 104      66EEF9CD 
 104      9DC3
 105 005d C4C850C6 		.ascii	"\304\310P\306\020u\021\321a\351`\202\271\376\222h(0"
 105      107511D1 
 105      61E96082 
 105      B9FE9268 
 105      2830
 106 006f 80063600 		.ascii	"\200\0066\000\025\014\012\030\343\012c}\370S\335t\314"
 106      150C0A18 
 106      E30A637D 
 106      F853DD74 
 106      CC
 107 0080 58698DCA 		.ascii	"Xi\215\312\246_\266\245C\021\023MJ\327\206\031tH\326"
 107      A65FB6A5 
 107      4311134D 
 107      4AD78619 
ARM GAS  C:\Users\CYIRKO~1\AppData\Local\Temp\ccuPVEnr.s 			page 8


 107      7448D6
 108 0093 C695C5DB 		.ascii	"\306\225\305\333<\312\021\003\236,\277\275\270\365\341"
 108      3CCA1103 
 108      9E2CBFBD 
 108      B8F5E1
 109 00a2 A02E0D92 		.ascii	"\240.\015\222\262,mT\312\314\307A\022o\275}7\033\244"
 109      B22C6D54 
 109      CACCC741 
 109      126FBD7D 
 109      371BA4
 110 00b5 6AD6166D 		.ascii	"j\326\026m\343\3158\333#\0213\356\202\005\210Y\264\343"
 110      E3CD38DB 
 110      231133EE 
 110      82058859 
 110      B4E3
 111 00c7 0EDA49B6 		.ascii	"\016\332I\266\010\367\220\222\364\357+\265\361\026\356"
 111      08F79092 
 111      F4EF2BB5 
 111      F116EE
 112 00d6 74D267A3 		.ascii	"t\322g\243kg\377(\237O8\245\207\373\377+=\302\034R\232"
 112      6B67FF28 
 112      9F4F38A5 
 112      87FBFF2B 
 112      3DC21C52 
 113 00eb FE7E696F 		.ascii	"\376~io\242-\356M\377\255\026\363\210C\346\205M4\354"
 113      A22DEE4D 
 113      FFAD16F3 
 113      8843E685 
 113      4D34EC
 114 00fe DEAF61DB 		.ascii	"\336\257a\333\370Y\303\326\351\204<[\356b\321\306<\031"
 114      F859C3D6 
 114      E9843C5B 
 114      EE62D1C6 
 114      3C19
 115 0110 E23119FC 		.ascii	"\3421\031\374\270F>\034\213FD\256\316\\c\2433o\243\370"
 115      B8463E1C 
 115      8B4644AE 
 115      CE5C63A3 
 115      336FA3F8 
 116 0124 787B27AD 		.ascii	"x{'\255\300*\253I7J\353\257|}/\273B\177<yz\2655BuHL"
 116      C02AAB49 
 116      374AEBAF 
 116      7C7D2FBB 
 116      427F3C79 
 117 013f 4B461C54 		.ascii	"KF\034T\305\207\005\251N\317j\037\213\363~8g\233G\011"
 117      C58705A9 
 117      4ECF6A1F 
 117      8BF37E38 
 117      679B4709 
 118 0153 2C22C24D 		.ascii	",\"\302Mg&\226\020\222\242\023M\260\267/\322\001,;\222"
 118      67269610 
 118      92A2134D 
 118      B0B72FD2 
 118      012C3B92 
 119 0167 BE102BFF 		.ascii	"\276\020+\377\222b\373\"\265\340\201#\031%=t\244\313"
 119      9262FB22 
 119      B5E08123 
ARM GAS  C:\Users\CYIRKO~1\AppData\Local\Temp\ccuPVEnr.s 			page 9


 119      19253D74 
 119      A4CB
 120 0179 5FCB68A2 		.ascii	"_\313h\242\264.\001\322g\224\223\272\243\362z\375\313"
 120      B42E01D2 
 120      679493BA 
 120      A3F27AFD 
 120      CB
 121 018a 6BBFB06B 		.ascii	"k\277\260k\203\210['\265\000<B\201\304\031\227\356G"
 121      83885B27 
 121      B5003C42 
 121      81C41997 
 121      EE47
 122 019c DC463B28 		.ascii	"\334F;(N\255\2169\206\3736#\222&N\312\025\341\251\256"
 122      4EAD8E39 
 122      86FB3623 
 122      92264ECA 
 122      15E1A9AE 
 123 01b0 EE937DD9 		.ascii	"\356\223}\331\336\354\231K\203\231l\256;\255q.\177\354"
 123      DEEC994B 
 123      83996CAE 
 123      3BAD712E 
 123      7FEC
 124 01c2 446798CB 		.ascii	"Dg\230\313\207}=\375a\376bZ\347s\027z\372\217\246\211"
 124      877D3DFD 
 124      61FE625A 
 124      E773177A 
 124      FA8FA689 
 125 01d6 7B07F3DE 		.ascii	"{\007\363\336@.s\3767\254/\315\203"
 125      402E73FE 
 125      37AC2FCD 
 125      83
 126              		.text
 127              		.section	.gnu.lto_.symbol_nodes.95a0d808,"",%progbits
 128 0000 789C6365 		.ascii	"x\234ce`b\010d\000\002\2469L\365\014\014\023\31610\000"
 128      60620864 
 128      0002A639 
 128      4CF50C0C 
 128      13CE3130 
 129 0015 A95D0D8E 		.ascii	"\251]\015\216@\221\271L\365\214\250\"\363\230\352\231"
 129      4091B94C 
 129      F58CA822 
 129      F398EA99 
 130 0025 50441817 		.ascii	"PD\030\0272\3253\203E\030\030\032\032\034\030\030\230"
 130      32D53383 
 130      4518181A 
 130      1A1C1818 
 130      98
 131 0036 99981996 		.ascii	"\231\230\031\226<\374\307\310\000\000A\023\024\024"
 131      3CFCC7C8 
 131      00004113 
 131      1414
 132              		.text
 133              		.section	.gnu.lto_.refs.95a0d808,"",%progbits
 134 0000 789C6365 		.ascii	"x\234ce`b`d\000\002\000\000I\000\011"
 134      60626064 
 134      00020000 
 134      490009
ARM GAS  C:\Users\CYIRKO~1\AppData\Local\Temp\ccuPVEnr.s 			page 10


 135              		.text
 136              		.section	.gnu.lto_.decls.95a0d808,"",%progbits
 137 0000 789CAD58 		.ascii	"x\234\255XyP\024W\032\357\257\337\014\014\315\200\026"
 137      79501457 
 137      1AEFAFDF 
 137      0C0CCD80 
 137      16
 138 0011 B859AB62 		.ascii	"\270Y\253bRl\212\350\354\326*\202U\232\312Q\345&\232"
 138      526C8AE8 
 138      ECD62A82 
 138      559ACA51 
 138      E5269A
 139 0024 A3D62CD6 		.ascii	"\243\326,\326\230c\267\226\252)\2041R\213\214\313\014"
 139      9863B796 
 139      AA298431 
 139      528B8CCB 
 139      0C
 140 0035 5B95BFB6 		.ascii	"[\225\277\266aH\360\006\324\240\340\021\004/\300\003"
 140      6148F006 
 140      D4A0E011 
 140      042FC003 
 141 0045 8D1702CA 		.ascii	"\215\027\002\312\002\242\202x\020\225C.E<\002QD\202"
 141      02A28278 
 141      1095432E 
 141      453C0251 
 141      4482
 142 0057 4854F67B 		.ascii	"HT\366{\357\365L\267\223\231d\2536]\274~\375^\377\276"
 142      EFF54CB7 
 142      939964AB 
 142      365DBC7E 
 142      FD5EFFBE 
 143 006b EFFB7DC7 		.ascii	"\357\373}\307{\375\006\275 \012\201\241\202\340O\004"
 143      7BFD06BD 
 143      200A81A1 
 143      82E04F04 
 144 007b 41064118 		.ascii	"A\006A\030\303K'\010\302^A\275\3508\020\337\215\307"
 144      C34B2708 
 144      C25E41BD 
 144      E83810DF 
 144      8DC7
 145 008d 3611DBCB 		.ascii	"6\021\333\313 \374\344\372\255(\010F\354C\260M\300V"
 145      20FCE4FA 
 145      AD280846 
 145      EC43B04D 
 145      C056
 146 009f 86CD80B8 		.ascii	"\206\315\200\270!\354\247`\213\306\346\217\343G\330"
 146      21ECA760 
 146      8BC6E68F 
 146      E347D8
 147 00ae 0F623B81 		.ascii	"\017b;\201\355\231\242\033p\276\217*\301^\004\3261{"
 147      ED99A21B 
 147      70BE8F2A 
 147      C15E04D6 
 147      317B
 148 00c0 B49FEA61 		.ascii	"\264\237\352a\353wh'\030\373O4\266\250\035j\317\233"
 148      EB776827 
 148      18FB4F34 
ARM GAS  C:\Users\CYIRKO~1\AppData\Local\Temp\ccuPVEnr.s 			page 11


 148      B6A81D6A 
 148      CF9B
 149 00d2 AD678ABD 		.ascii	"\255g\212\275V\305\246^\261G\355P\003\367\260k\341\217"
 149      56C5A65E 
 149      B147ED50 
 149      03F7B06B 
 149      E18F
 150 00e4 CC3FDA47 		.ascii	"\314?\332Gy\330\214\364a3\324\207\177e\212\335\0318"
 150      79D88CF4 
 150      6133D487 
 150      7F658ADD 
 150      1938
 151 00f6 7E091BF1 		.ascii	"~\011\033\361\260\211\352\334q\244Sox\330\333@\340\310"
 151      B089EADC 
 151      71A4536F 
 151      78D8DB40 
 151      E0C8
 152 0108 EADA4AB1 		.ascii	"\352\332J\261\023\332\001\2610\236\315\002\360;\260"
 152      13DA01B1 
 152      309ECD02 
 152      F03BB0
 153 0117 C68663AE 		.ascii	"\306\206c\256\013\200\315\343\254((J]S\340\222P\306"
 153      0B80CDE3 
 153      AC28284A 
 153      5D53E092 
 153      50C6
 154 0129 A2321415 		.ascii	"\2422\024\025\225\354O\021\006\215F\376\232[r]\234>"
 154      95EC4F11 
 154      068D46FE 
 154      9A5B725D 
 154      9C3E
 155 013b 7F60622E 		.ascii	"\177`b.i\020U\003\000Z\001\215BN[y\357\346'\250\316"
 155      69105503 
 155      005A018D 
 155      424E5B79 
 155      EFE627A8 
 156 0150 81CBFB07 		.ascii	"\201\313\373\007\271\347nI]\320Ag\363g\003\233\273\336"
 156      B9E76E49 
 156      5DD04167 
 156      F367039B 
 156      BBDE
 157 0162 54F1D440 		.ascii	"T\361\324@0\204\370\334\365x\367\273\323\366\310\374"
 157      3084F8DC 
 157      F578F7BB 
 157      D3F6C8FC 
 158 0172 32BCA486 		.ascii	"2\274\244\206\355Rz\351f\262\206@\210\004:\252\2471"
 158      ED527AE9 
 158      66B28640 
 158      88043AAA 
 158      A731
 159 0184 AF271887 		.ascii	"\257'\030\207\023$\010\303a^\371P\275\236\2775\340p"
 159      132408C3 
 159      615EF950 
 159      BD9EBF35 
 159      E070
 160 0196 6C67E972 		.ascii	"lg\351r\003y\201i\3548STB\005\247H@\311\216\303\251"
 160      03798169 
ARM GAS  C:\Users\CYIRKO~1\AppData\Local\Temp\ccuPVEnr.s 			page 12


 160      EC385354 
 160      4205A748 
 160      40C98EC3 
 161 01ab FDFD658F 		.ascii	"\375\375e\217\203\370\024E4e\016n\367'/\322g1\267\276"
 161      83F81445 
 161      34650E6E 
 161      F7272FD2 
 161      6731B7BE 
 162 01bf B95A0726 		.ascii	"\271Z\007&i'\265_\365hhJv\206,\213\360\015Hp\000\010"
 162      6927B55F 
 162      F568684A 
 162      76862C8B 
 162      F00D4870 
 163 01d5 14C334EA 		.ascii	"\024\3034\352\315\024\011\357\313d9M\316r\312\001\357"
 163      CD1409EF 
 163      CB64394D 
 163      CE72CA01 
 163      EF
 164 01e6 0BB00726 		.ascii	"\013\260\007&A\011L\022\340 \230\250Z\212\203R\234\334"
 164      41094C12 
 164      E02098A8 
 164      5A8A8352 
 164      9CDC
 165 01f8 8F9368A2 		.ascii	"\217\223h\242h{v\201\037Y\015\314F\335\211k-:\220L^"
 165      687B7681 
 165      1F590DCC 
 165      46DD896B 
 165      2D3A904C 
 166 020d 151CF1A2 		.ascii	"\025\034\361\242@!S\374J\335\027\224\314a$sH%\203\334"
 166      402153FC 
 166      4ADD1794 
 166      CC612473 
 166      482583DC 
 167 0221 7888D26B 		.ascii	"x\210\322k\207\263\203\310 7\262\346\324\351\307z\267"
 167      87B383C8 
 167      2037B2E6 
 167      D4E9C77A 
 167      B7
 168 0232 236327DF 		.ascii	"#c'\337\274pY\226\303\240\014e\217\252\262\207\301\247"
 168      BC705996 
 168      C3A00C65 
 168      8FAAB287 
 168      C1A7
 169 0244 27C7BC7B 		.ascii	"'\307\274{r\345\301`N0\251\343\331\332\364\260\343n"
 169      72E5C160 
 169      4E30A9E3 
 169      D9DAF4B0 
 169      E36E
 170 0256 000FBB49 		.ascii	"\000\017\273I\223\224\020\236\224\221m7\327\212\244"
 170      9394109E 
 170      94916D37 
 170      D78AA4
 171 0265 914397ED 		.ascii	"\221C\227\355YSC$\264\344\374\237\\F\211\322\261\365"
 171      59534324 
 171      B4E4FC9F 
 171      5C4689D2 
 171      B1F5
ARM GAS  C:\Users\CYIRKO~1\AppData\Local\Temp\ccuPVEnr.s 			page 13


 172 0277 DD41A489 		.ascii	"\335A\244\211\213\337K\357\355\016\344\252'\342p\357"
 172      8BDF4BEF 
 172      ED0EE4AA 
 172      27E270EF 
 173 0287 48D7113D 		.ascii	"H\327\021=i\346\357V\257\257\256\326\221v>(\314\315"
 173      69E6EF56 
 173      AFAFAED6 
 173      91763E28 
 173      CCCD
 174 0299 CED093EB 		.ascii	"\316\320\223\353|P\2646\253T\"=|\3204pnK /\231\3618"
 174      7C50B436 
 174      AB54223D 
 174      7CD03470 
 174      6E4B202F 
 175 02b0 3C35F6A8 		.ascii	"<5\366\250j\034\327(\342pcq\363h\000\351\345\320\035"
 175      6A1CD728 
 175      E2706371 
 175      F36800E9 
 175      E5D01D
 176 02c3 A33F0ED0 		.ascii	"\243?\016\320\232\231Lk\206h*f2\257\230\223\015gw\032"
 176      9A994C6B 
 176      86682A66 
 176      32AF9893 
 176      0D67771A 
 177 02d7 491F038B 		.ascii	"I\037\003\213Y\333JV\006\270\322\211\356\351M\002\234"
 177      59DB4A56 
 177      06B8D289 
 177      EEE94D02 
 177      9C
 178 02e8 4237EAA8 		.ascii	"B7\352\250o\347\320\267\311\212ogq\362\214\232\316C"
 178      6FE7D0B7 
 178      C98A6F67 
 178      71F28C9A 
 178      CE43
 179 02fa 2F97C9F2 		.ascii	"/\227\311\362xh\300\214\324\253\031\231\254$\363D\366"
 179      7868C08C 
 179      D4AB1999 
 179      AC24F344 
 179      F6
 180 030b B55B1219 		.ascii	"\265[\022\031\346&\2368s\356k\252\2628\252\226\025\302"
 180      E6269E38 
 180      73EE6BAA 
 180      B238AA96 
 180      15C2
 181 031d 05146D54 		.ascii	"\005\024mTE\033\324dz\3228\357\205\006\032I\033)\250"
 181      451BD464 
 181      7AD238EF 
 181      85061A49 
 181      1B29A8
 182 0330 30903166 		.ascii	"0\2201fD\367pxU\233\004\241\341\341\246lj&K\226g\213"
 182      44F77078 
 182      559B04A1 
 182      E1E1A66C 
 182      6A264B96 
 183 0346 6A9604B8 		.ascii	"j\226\004\270\004\241T\001\\F]\337B84A8[\234\005\324"
 183      04A15401 
 183      5C465DDF 
ARM GAS  C:\Users\CYIRKO~1\AppData\Local\Temp\ccuPVEnr.s 			page 14


 183      42383441 
 183      385B9C05 
 184 035b 20565878 		.ascii	" VXx\345`\267,\25702Z\247\221\026\025p3\210\240*NQE"
 184      E560B72C 
 184      AF30325A 
 184      A7911615 
 184      703388A0 
 185 0373 8A40F55B 		.ascii	"\212@\365[\033\345\2524\302\320\027\275\242#)\230\273"
 185      1BE5AA34 
 185      C2D017BD 
 185      A2232998 
 185      BB
 186 0384 FCAC42C2 		.ascii	"\374\254B\302\355\200b\004\305[\276-\350.w\336[\013"
 186      ED806204 
 186      C55BBE2D 
 186      E82E77DE 
 186      5B0B
 187 0396 103EC114 		.ascii	"\020>\301\024^\300\200W+\203S\231Z\252\256\026\325^"
 187      5EC08057 
 187      2B835399 
 187      5AAAAE16 
 187      D55E
 188 03a8 85096AA5 		.ascii	"\205\011j\245\251j\3272\027\235\362l\235\326E\012\246"
 188      A96AD732 
 188      179DF26C 
 188      9DD6450A 
 188      A6
 189 03b9 2E36A38B 		.ascii	".6\243\213-\350\342\025\305EN\342^\305\304TY\006\212"
 189      2DE8E215 
 189      C5454EE2 
 189      5EC5C454 
 189      59068A
 190 03cc D2B2E0EE 		.ascii	"\322\262\340\356\014W\204\254s\312g\246\263\325Y\343"
 190      0C5784AC 
 190      73CA67A6 
 190      B3D559E3 
 191 03dc DB30467D 		.ascii	"\3330F}\260\242\341\2348\001\031\244\372d <g^S\274!"
 191      B0A2E19C 
 191      380119A4 
 191      FA64203C 
 191      675E53BC 
 192 03f1 BC78D36B 		.ascii	"\274x\323k\256\0346\022'a\325\330\333\260?\315@2\370"
 192      AE1C3612 
 192      2761D5D8 
 192      DBB03FCD 
 192      4032F8
 193 0404 606BE3BE 		.ascii	"`k\343\276\006=Y\311\007\345%\373\232D\222\315\007{"
 193      063D59C9 
 193      07E525FB 
 193      9A4492CD 
 193      077B
 194 0416 CA065602 		.ascii	"\312\006V\002\311\345\203\007\031\373\035$\237?\247"
 194      C9E58307 
 194      19FB1D24 
 194      9F3FA7
 195 0425 6FC9BA20 		.ascii	"o\311\272 r\335\177\304a\316\362\315\335:\276N\272\351"
 195      72DD7FC4 
ARM GAS  C:\Users\CYIRKO~1\AppData\Local\Temp\ccuPVEnr.s 			page 15


 195      61CEF2CD 
 195      DD3ABE4E 
 195      BAE9
 196 0437 CA387875 		.ascii	"\3128xuw\271\201\354d\330\240\254\242\254\243\022\204"
 196      77B981EC 
 196      64D8A0AC 
 196      A2ACA312 
 196      84
 197 0448 E3151ACE 		.ascii	"\343\025\032\316/S\201\234\356\304t\276\231+W\245c\335"
 197      2F53819C 
 197      EEC474BE 
 197      992B57A5 
 197      63DD
 198 045a A2FB5DE8 		.ascii	"\242\373]\350\376\035\214\377\363\356\357Q\222O\321"
 198      FE1D8CFF 
 198      F3EEEF51 
 198      924FD1
 199 0469 A36FA9E8 		.ascii	"\243o\251\350\036Ot9\270\243\305\321\337i\320'=\321"
 199      1E4F7439 
 199      B8A3C5D1 
 199      DF69D027 
 199      3DD1
 200 047b 159EE841 		.ascii	"\025\236\350A\015\272\322;\232Sq\2279f\340\006\002\256"
 200      0DBAD23B 
 200      9A537197 
 200      3966E006 
 200      02AE
 201 048d B3777794 		.ascii	"\263ww\2242\037\300\032\350\307$\334\304v\027\333\367"
 201      321FC01A 
 201      E8C724DC 
 201      C47617DB 
 201      F7
 202 049e D8FAB0DD 		.ascii	"\330\372\260\335\307v\017\333w\330na\273\215\255\327"
 202      C7760FDB 
 202      77D86E61 
 202      BB8DADD7 
 203 04ae BD142881 		.ascii	"\275\024(\201zM(:=\011\354\365\244{CC\367?\236\350*"
 203      7A4D283A 
 203      3D09ECF5 
 203      A47B4343 
 203      F73F9EE8 
 204 04c3 F08C5C9B 		.ascii	"\360\214\\\233Fy\273'\274\315S\371\350\033*\272\333"
 204      4679BB27 
 204      BCCD53F9 
 204      E81B2ABA 
 204      DB
 205 04d4 6B5634E0 		.ascii	"kV4\340&\215\352\016\357\274\335Lp\221uVJ\034\337\212"
 205      268DEA0E 
 205      EFBCDD4C 
 205      70917556 
 205      4A1CDF8A 
 206 04e8 355BED9D 		.ascii	"5[\355\235\271F\373-\327\002\241\352\257yg\316\325+"
 206      B946FB2D 
 206      D702A1EA 
 206      AF7967CE 
 206      D52B
 207 04fa ABAD3C84 		.ascii	"\253\255<\204\255\266;\236k\036\252\032G\016\351I1+"
ARM GAS  C:\Users\CYIRKO~1\AppData\Local\Temp\ccuPVEnr.s 			page 16


 207      ADB63B9E 
 207      6B1EAA1A 
 207      470EE949 
 207      312B
 208 050c 48F1EEA6 		.ascii	"H\361\356\246;%\376\020j\362\226Lx\2109\374\177\362"
 208      3B25FE10 
 208      6AF2964C 
 208      788839FC 
 208      7FF2
 209 051e C999D49D 		.ascii	"\311\231\324\235\360\243\233\317 *z\240\356\266\224"
 209      F0A39BCF 
 209      202A7AA0 
 209      EEB694
 210 052d 17A3B3A2 		.ascii	"\027\243\263\242\276-3\330\270\302\375\015e@uE\017\201"
 210      BE2D33D8 
 210      B8C2FD0D 
 210      65407545 
 210      0F81
 211 053f 511141EC 		.ascii	"Q\021A\354\321\345\033o\007\221\243\234\372\225\363"
 211      D1E51B6F 
 211      0791A39C 
 211      FA95F3
 212 054e 0FCA82C1 		.ascii	"\017\312\202\301d\344V\316\267\215wR\177\037!\376\007"
 212      64E456CE 
 212      B78D7752 
 212      7F1F21FE 
 212      07
 213 055f D50C8A63 		.ascii	"\325\014\212c\347C;\014\243S\317\031\370\361\316\372"
 213      E7433B0C 
 213      A353CF19 
 213      F8F1CEFA 
 214 056f 56E06BD9 		.ascii	"V\340k\331H7\370\362\326\354q\312Z\246\257\207\326\265"
 214      4837F8F2 
 214      D6EC71CA 
 214      5AA6AF87 
 214      D6B5
 215 0581 7505936A 		.ascii	"u\005\223j\362\334\311(\372\247'\243h\376\235\353\277"
 215      F2DCC928 
 215      FAA727A3 
 215      68FE9DEB 
 215      BF
 216 0592 78E15B20 		.ascii	"x\341[ g9\335\332\255=\007\375|\035[\306\220H\264\362"
 216      6739DDDA 
 216      AD3D07FD 
 216      7C1D5BC6 
 216      9048B4F2 
 217 05a6 81798293 		.ascii	"\201y\202\223?\252\337\271\321\250av\206z\206y\177\252"
 217      3FAADFB9 
 217      D1A86176 
 217      867A8679 
 217      7FAA
 218 05b8 3A16CD3F 		.ascii	":\026\315?t\372\313\225\365\033\365tG\0115\361\235\364"
 218      74FACB95 
 218      F51BF574 
 218      470935F1 
 218      9DF4
 219 05ca FE6A726C 		.ascii	"\376jrl\307\371Ur~50\231Q\224q\212\276\226\020\225\030"
ARM GAS  C:\Users\CYIRKO~1\AppData\Local\Temp\ccuPVEnr.s 			page 17


 219      C7F95572 
 219      7E353099 
 219      5194718A 
 219      BE961095 
 220 05df FC3D2F44 		.ascii	"\374=/D\032\272\343\236\350\010\017\360\215?p0=\011"
 220      1ABAE39E 
 220      E8080FF0 
 220      8D3F7030 
 220      3D09
 221 05f1 EDF30AFE 		.ascii	"\355\363\012\376\351\356\360\030\337\2170\253\024M\253"
 221      E9EEF018 
 221      DF8F30AB 
 221      144DAB
 222 0600 295D3441 		.ascii	")]4A\252\030\016i\330dQ[-W\213x\335\"\322\243n\037\027"
 222      AA180E69 
 222      D864515B 
 222      2D578B78 
 222      DD22D2A3 
 223 0617 3D1C22E4 		.ascii	"=\034\"\344\272\216\237\317\356\215\344\031\300\024"
 223      BA8E9FCF 
 223      EE8DE419 
 223      C014
 224 0625 AA24BF84 		.ascii	"\252$\277\204\225X\006j\377Bt\207\210\252\360N\004\276"
 224      9558066A 
 224      FF427487 
 224      88AAF04E 
 224      04BE
 225 0637 44FB3FC7 		.ascii	"D\373?\307\005\315]\315Z\263;P[\227\031\242\266.\227"
 225      05CD5DCD 
 225      5AB33B50 
 225      5B9719A2 
 225      B62E97
 226 064a 89460578 		.ascii	"\211F\005x\274\245\357\246\250\023\371\034,\324\321"
 226      BCA5EFA6 
 226      A813F91C 
 226      2CD4D1
 227 0659 B9959995 		.ascii	"\271\225\231\225\333\003&\346\260c\270S\036/\262p\271"
 227      DB0326E6 
 227      B063B853 
 227      1E2FB270 
 227      B9
 228 066a 3ECF02AC 		.ascii	">\317\002\254\020'\342}\271\250\343\032\226\265\037"
 228      1027E27D 
 228      B9A8E31A 
 228      96B51F
 229 0679 3B0DAFE4 		.ascii	";\015\257\344\313\371\335x\020\330L\226\327\234\306"
 229      CBF9DD78 
 229      10D84C96 
 229      D79CC6
 230 0688 F4C16C0A 		.ascii	"\364\301l\012\203\"5\345\370\210\367\335\370}\200]\270"
 230      832235E5 
 230      F888F7DD 
 230      F87D805D 
 230      B8
 231 0699 330AB052 		.ascii	"3\012\260R|\005\245wmt6\004\222\015zVry\035\3557%F\206"
 231      7C05A577 
 231      6D743604 
ARM GAS  C:\Users\CYIRKO~1\AppData\Local\Temp\ccuPVEnr.s 			page 18


 231      920D7A56 
 231      72791DED 
 232 06b1 5AE4642E 		.ascii	"Z\344d.u\234;\253s\023\\-\262\311o\313wU\031\264\014"
 232      759C3BAB 
 232      73135C2D 
 232      B2C96FCB 
 232      775519B4 
 233 06c6 3F794143 		.ascii	"?yAC0\223\021\\\343\"x%\255\241\214(\004\257n2b\005"
 233      3093115C 
 233      E3227825 
 233      ADA18C28 
 233      04AF6E32 
 234 06dc E019096B 		.ascii	"\340\031\011k\022a\260J\0158>>O0\213\021|\332\3313("
 234      1261B04A 
 234      0D383E3E 
 234      4F308B11 
 234      7CDAD933 
 235 06f1 92424EB0 		.ascii	"\222BN\260\270\261\350\211\216\034`\003qu\365\346~\243"
 235      B8B1E889 
 235      8E1C6003 
 235      7175F5E6 
 235      7EA3
 236 0703 AF35B15E 		.ascii	"\2575\261^\364u\224\037;9\275\205\035\307\327\211\022"
 236      F475941F 
 236      3B39BD85 
 236      1DC7D789 
 236      12
 237 0714 AC153D8E 		.ascii	"\254\025=\216\3434%\231;F\010\363\230\"x\024\272\344"
 237      E3342599 
 237      3B4608F3 
 237      98227814 
 237      BAE4
 238 0726 C17EE28E 		.ascii	"\301~\342\216\302W<\012\275\367G7\370\373\214\302\006"
 238      C2573C0A 
 238      BDF74737 
 238      F8FB8CC2 
 238      06
 239 0737 16851C57 		.ascii	"\026\205\034W\024\216mj\337\352\257\246\351nM\257,K"
 239      148E6D6A 
 239      DFEAAFA6 
 239      E96E4DAF 
 239      2C4B
 240 0749 3A8A826C 		.ascii	":\212\202l\225D\266g\0206\262 |\277\303\271n\0349\316"
 240      9544B667 
 240      1036B220 
 240      7CBFC3B9 
 240      6E1C39CE 
 241 075d 83E08DDF 		.ascii	"\203\340\215\337\017\031\275\347\301\235\271<\316o["
 241      0F19BDE7 
 241      C19DB93C 
 241      CE6F5B
 242 076c 4BCF9660 		.ascii	"K\317\226`6I\027\347&>y>gG=\361Iz\013#\275\331E\372"
 242      364917E7 
 242      263E793E 
 242      67473DF1 
 242      497A0B23 
 243 0784 C1A5FEBD 		.ascii	"\301\245\376\275~H\272\233\307m\225\263n\225\274\015"
ARM GAS  C:\Users\CYIRKO~1\AppData\Local\Temp\ccuPVEnr.s 			page 19


 243      7E48BA9B 
 243      C76D95B3 
 243      6E95BC0D 
 244 0794 180C7255 		.ascii	"\030\014rU\326\271\2245}\330\312\330\236J\357:\030H"
 244      D6B99435 
 244      7DD8CAD8 
 244      9E4AEF3A 
 244      1848
 245 07a6 2E72B6CD 		.ascii	".r\266\315\255\351e\312\246\030H7\341\353_\235\014\340"
 245      ADE965CA 
 245      A6184837 
 245      E1EB5F9D 
 245      0CE0
 246 07b8 9B620BE3 		.ascii	"\233b\013\343\330\3700G\"\235\034\373t\340\342S#\307"
 246      D8F83047 
 246      229D1CFB 
 246      74E0E253 
 246      23C7
 247 07ca 4AD4D1B4 		.ascii	"J\324\321\264\322."
 247      D22E
 248 07d0 3DFDD922 		.ascii	"=\375\331\"+\213\010\347\3255\264]\304|\341\246\001"
 248      2B8B08E7 
 248      D535B45D 
 248      C47CE1A6 
 248      01
 249 07e1 8522FF71 		.ascii	"\205\"\377q4R9j$\267\231&]w\341`\237\037\230&\001H\330"
 249      3452396A 
 249      24B79926 
 249      5D77E160 
 249      9F1F9826 
 250 07f8 76BA7ED3 		.ascii	"v\272~\323bh1d;\024\272x\345\311\250~\340\337t\232\037"
 250      62683164 
 250      3B14BA78 
 250      E5C9A87E 
 250      E0DF749A 
 251 080d DE070A64 		.ascii	"\336\007\012d2Q\200\031\223`:V\321N\254\242\335\314"
 251      32518019 
 251      93603A56 
 251      D14EACA2 
 251      DDCC
 252 081f 4E913809 		.ascii	"N\2218\011v\241\241<\334)\350\014\032l]3\334\256\013"
 252      76A1A13C 
 252      DC29E80C 
 252      1A6C5D33 
 252      DCAE0B
 253 0832 C9527688 		.ascii	"\311Rv\2100`\272\267!._\244\374\212\305\020\027K\212"
 253      3060BAB7 
 253      212E5FA4 
 253      FC8AC510 
 253      174B8A
 254 0845 CE6ADCB6 		.ascii	"\316j\334\266)@Rl,\373Y\033\210\256i\035\252\010\322"
 254      2940526C 
 254      2CFB591B 
 254      88AE691D 
 254      AA08D2
 255 0858 EA2EF939 		.ascii	"\352.\3719\335\267R\373\316\300\253\205\362\305*V[+"
 255      DDB752FB 
ARM GAS  C:\Users\CYIRKO~1\AppData\Local\Temp\ccuPVEnr.s 			page 20


 255      CEC0AB85 
 255      F2C52A56 
 255      5B2B
 256 086a 7BD2E5D4 		.ascii	"{\322\345\324/q\033\334#\206@\001\246\011\227\272F\370"
 256      2F711BDC 
 256      23864001 
 256      A60997BA 
 256      46F8
 257 087c 6B9CF908 		.ascii	"k\234\371\010\177]\354\025_\245g\326\222\214\314q\244"
 257      7F5DEC15 
 257      5FA567D6 
 257      928CCC71 
 257      A4
 258 088d 9F2720AB 		.ascii	"\237' \253\241\353\257>\003\276\337\025\360|\3161\365"
 258      A1EBAF3E 
 258      03BEDF15 
 258      F07CCE31 
 258      F5
 259 089e 61615F90 		.ascii	"aa_\220\247\377\352n]\3128\356wql\316\277]k\364\364"
 259      A7FFEA6E 
 259      5DCA38EE 
 259      77716CCE 
 259      BF5D6BF4 
 260 08b3 C827BAE6 		.ascii	"\310'\272\346\314\372N\242xt\343\305\324\374\252\324"
 260      CCFA4EA2 
 260      7874E3C5 
 260      D4FCAAD4 
 261 08c3 3038A078 		.ascii	"08\240x\203\373\202Fp\237\342\315A\346\315\231\323\325"
 261      83FB8246 
 261      709FE2CD 
 261      41E6CD99 
 261      D3D5
 262 08d5 578876DF 		.ascii	"W\210v\337\245\225\252\272\360\015\337wi\217\340\303"
 262      A595AABA 
 262      F00DDF77 
 262      698FE0C3 
 263 08e5 75CB6EEB 		.ascii	"u\313n\353\311\250R{\355\251\317\224\203x0\375/\306"
 263      C9A8527B 
 263      EDA9CF94 
 263      837830FD 
 263      2FC6
 264 08f7 DDD642A5 		.ascii	"\335\326B\245N\007\330O\333\357\312j\224\177r\004\341"
 264      4E07D84F 
 264      DBEFCA6A 
 264      947F7204 
 264      E1
 265 0908 F059ED40 		.ascii	"\360Y\355@s\220\317H\035sE\352(\217TfsGZ\200g\244\216"
 265      7390CF48 
 265      1D7345EA 
 265      288F5466 
 265      73475A80 
 266 091f 60420EB3 		.ascii	"`B\016\263\204\2241\337\217\271|\257\275\234~\215xF"
 266      849431DF 
 266      8FB97CAF 
 266      BD9C7E8D 
 266      7846
 267 0931 CA27FAEB 		.ascii	"\312'\372\353'y\367\015J\244\332^\346\221:\256D\012"
ARM GAS  C:\Users\CYIRKO~1\AppData\Local\Temp\ccuPVEnr.s 			page 21


 267      2779F70D 
 267      4AA4DA5E 
 267      E6913AAE 
 267      440A
 268 0943 370F8DE0 		.ascii	"7\017\215\340!%R\345\342\253\202\26446\321l\215\215"
 268      212552E5 
 268      E2AB82B4 
 268      3436D16C 
 268      8D8D
 269 0955 7F3BC56E 		.ascii	"\177;\305nx\357/\037\207\275\023\031)\350\226\304\332"
 269      78EF2F1F 
 269      87BD1319 
 269      29E896C4 
 269      DA
 270 0966 FF21592C 		.ascii	"\377!Y,)\011I\216\031Q\026\307\"\353\3531q\213\023\026"
 270      2909498E 
 270      195116C7 
 270      22EBEB31 
 270      718B1316 
 271 097a 26D81D29 		.ascii	"&\330\035)\361\011\266\030\207\315\226h\217\371,)%\214"
 271      F109B618 
 271      87CD9668 
 271      8FF92C29 
 271      258C
 272 098c 3D85C526 		.ascii	"=\205\305&/\011\263.Yh\215\217\267\306\307\314\2346"
 272      2F09B32E 
 272      59688D8F 
 272      B7C6C7CC 
 272      9C36
 273 099e 232C6A7A 		.ascii	"#,jz\344\254\177F\306\340\374\324$[\222u\2525vaBLBR"
 273      E4AC7F46 
 273      C6E0FCD4 
 273      245B9275 
 273      AA357661 
 274 09b6 5C624ABC 		.ascii	"\\bJ\2745fI,\352J\262\306X\342\255\213bS\022\035\026"
 274      3566492C 
 274      EA4AB2C6 
 274      58E2AD8B 
 274      6253121D 
 275 09cb C7E74BAD 		.ascii	"\307\347K\255\366i\213\005\203\313\336\337\177U{\366"
 275      F6698B05 
 275      83CBDEDF 
 275      7F557BF6 
 276 09db CFED3116 		.ascii	"\317\3551\026\273#\036\225\243\021c\202m\251-\331A="
 276      BB231E95 
 276      A3116382 
 276      6DA92DD9 
 276      413D
 277 09ed B438DE9D 		.ascii	"\2648\336\235\373z\314;\324\320\002n\210\031\265\331"
 277      FB7ACC3B 
 277      D4D0026E 
 277      8819B5D9 
 278 09fd 2367CD8C 		.ascii	"#g\315\214\260\331#\026\307&FP\254=b\301G\037\316\210"
 278      B0D92316 
 278      C7264650 
 278      AC3D62C1 
 278      471FCE88 
ARM GAS  C:\Users\CYIRKO~1\AppData\Local\Temp\ccuPVEnr.s 			page 22


 279 0a11 8A98376F 		.ascii	"\212\2307oN\304{\363?\210\376W\024}e\301\300Y\022\023"
 279      4EC47BF3 
 279      3F88FE57 
 279      147D65C1 
 279      C0591213 
 280 0a25 E351A71F 		.ascii	"\343Q\247\037E%\304\353\376\364\256\371}z\233\247\233"
 280      4525C4EB 
 280      FEF4AEF9 
 280      7D7A9BA7 
 280      9B
 281 0a36 F7CE9FCD 		.ascii	"\367\316\237\315\272\267\027\230\315\360)\274\257\217"
 281      BAB71798 
 281      CDF029BC 
 281      AF8F
 282 0a44 4BB4C626 		.ascii	"K\264\306&+\361\214\234iq\030\\\017\304nu\220\3509f"
 282      2BF18C9C 
 282      6971185C 
 282      0FC46E75 
 282      90E83966 
 283 0a58 F2C11CB3 		.ascii	"\362\301\034\263~\376\307\363\347\230\375\243\027\314"
 283      7EFEC7F3 
 283      E798FDA3 
 283      17CC
 284 0a66 9F3B778E 		.ascii	"\237;w\216\331/\372\243\277\315\237k\326\177\030=g\256"
 284      D92FFAA3 
 284      BFCD9F6B 
 284      D67F183D 
 284      67AE
 285 0a78 99BC6D36 		.ascii	"\231\274m6\033\355\216%\030\233\317\226&\330,\016\211"
 285      1BED8E25 
 285      189BCF96 
 285      26D82C0E 
 285      89
 286 0a89 3B91106F 		.ascii	";\221\020oq\370\331\026-B-F\252\322\262(\326\356x\315"
 286      71F8D916 
 286      2D422D46 
 286      AAD2B228 
 286      D6EE78CD 
 287 0a9d E2F8E4D7 		.ascii	"\342\370\344\327\215\237+t3~1Z\212\210+<(\243\377 \032"
 287      8D9F2B74 
 287      337E315A 
 287      8A882B3C 
 287      28A3FF20 
 288 0ab2 2B2BE217 		.ascii	"++\342\027%\355\311qn\2518!\020\273O\223\023\034V\224"
 288      25EDC971 
 288      6EA93821 
 288      10BB4F93 
 288      131C5694 
 289 0ac6 0DC2E705 		.ascii	"\015\302\347\005V\007>}h\213\267\032\022lK\260\2638"
 289      56073E7D 
 289      688BB71A 
 289      126C4BB0 
 289      B338
 290 0ad8 7EE38ABF 		.ascii	"~\343\212\277\005\275\377,\331\226\262\224\316\007Y"
 290      05BDFF2C 
 290      D996B294 
 290      CE0759
ARM GAS  C:\Users\CYIRKO~1\AppData\Local\Temp\ccuPVEnr.s 			page 23


 291 0ae7 2C8B5292 		.ascii	",\213R\222\342,\226i\263f\316\232ip\215tq\213c\223\265"
 291      E22C9669 
 291      B366CE9A 
 291      69708D74 
 291      718B6393 
 292 0afc EF5E8B7C 		.ascii	"\357^\213|n4\363\277\331\012`\037"
 292      6E34F3BF 
 292      D90A601F 
 293              		.text
 294              		.section	.gnu.lto_.symtab.95a0d808,"",%progbits
 295 0000 70616C52 		.ascii	"palReadBus\000"
 295      65616442 
 295      757300
 296 000b 00       		.ascii	"\000"
 297 000c 00       		.ascii	"\000"
 298 000d 00       		.ascii	"\000"
 299 000e 00000000 		.ascii	"\000\000\000\000\000\000\000\000"
 299      00000000 
 300 0016 0B010000 		.ascii	"\013\001\000\000"
 301 001a 70616C57 		.ascii	"palWriteBus\000"
 301      72697465 
 301      42757300 
 302 0026 00       		.ascii	"\000"
 303 0027 00       		.ascii	"\000"
 304 0028 00       		.ascii	"\000"
 305 0029 00000000 		.ascii	"\000\000\000\000\000\000\000\000"
 305      00000000 
 306 0031 10010000 		.ascii	"\020\001\000\000"
 307 0035 70616C53 		.ascii	"palSetBusMode\000"
 307      65744275 
 307      734D6F64 
 307      6500
 308 0043 00       		.ascii	"\000"
 309 0044 00       		.ascii	"\000"
 310 0045 00       		.ascii	"\000"
 311 0046 00000000 		.ascii	"\000\000\000\000\000\000\000\000"
 311      00000000 
 312 004e 18010000 		.ascii	"\030\001\000\000"
 313 0052 5F70616C 		.ascii	"_pal_lld_setgroupmode\000"
 313      5F6C6C64 
 313      5F736574 
 313      67726F75 
 313      706D6F64 
 314 0068 00       		.ascii	"\000"
 315 0069 02       		.ascii	"\002"
 316 006a 00       		.ascii	"\000"
 317 006b 00000000 		.ascii	"\000\000\000\000\000\000\000\000"
 317      00000000 
 318 0073 1E010000 		.ascii	"\036\001\000\000"
 319              		.text
 320              		.section	.gnu.lto_.opts,"",%progbits
 321 0000 272D666D 		.ascii	"'-fmath-errno' '-fsigned-zeros' '-ftrapping-math' '"
 321      6174682D 
 321      6572726E 
 321      6F272027 
 321      2D667369 
 322 0033 2D666E6F 		.ascii	"-fno-trapv' '-fno-openmp' '-fno-openacc' '-mcpu=cor"
ARM GAS  C:\Users\CYIRKO~1\AppData\Local\Temp\ccuPVEnr.s 			page 24


 322      2D747261 
 322      70762720 
 322      272D666E 
 322      6F2D6F70 
 323 0066 7465782D 		.ascii	"tex-m7' '-mno-thumb-interwork' '-mthumb' '-ggdb' '-"
 323      6D372720 
 323      272D6D6E 
 323      6F2D7468 
 323      756D622D 
 324 0099 4F322720 		.ascii	"O2' '-fomit-frame-pointer' '-falign-functions=16' '"
 324      272D666F 
 324      6D69742D 
 324      6672616D 
 324      652D706F 
 325 00cc 2D666675 		.ascii	"-ffunction-sections' '-fdata-sections' '-fno-common"
 325      6E637469 
 325      6F6E2D73 
 325      65637469 
 325      6F6E7327 
 326 00ff 2720272D 		.ascii	"' '-flto'\000"
 326      666C746F 
 326      2700
 327              		.text
 328              		.comm	__gnu_lto_v1,1,1
 329              		.comm	__gnu_lto_slim,1,1
 330              		.ident	"GCC: (GNU Tools for ARM Embedded Processors 6-2017-q1-update) 6.3.1 20170215 (release) [AR
ARM GAS  C:\Users\CYIRKO~1\AppData\Local\Temp\ccuPVEnr.s 			page 25


DEFINED SYMBOLS
                            *ABS*:00000000 hal_pal.c
                            *COM*:00000001 __gnu_lto_v1
                            *COM*:00000001 __gnu_lto_slim

NO UNDEFINED SYMBOLS
