ARM GAS  C:\Users\CYIRKO~1\AppData\Local\Temp\ccY2auei.s 			page 1


   1              		.cpu cortex-m7
   2              		.eabi_attribute 20, 1
   3              		.eabi_attribute 21, 1
   4              		.eabi_attribute 23, 3
   5              		.eabi_attribute 24, 1
   6              		.eabi_attribute 25, 1
   7              		.eabi_attribute 26, 1
   8              		.eabi_attribute 30, 2
   9              		.eabi_attribute 34, 1
  10              		.eabi_attribute 18, 4
  11              		.file	"hal_ext.c"
  12              		.text
  13              	.Ltext0:
  14              		.section	.gnu.lto_.profile.95a0cd91,"",%progbits
  15 0000 789C6365 		.ascii	"x\234ce`b`a```dH\325\000\000\001r\000\232"
  15      60626061 
  15      60606064 
  15      48D50000 
  15      0172009A 
  16              		.text
  17              		.section	.gnu.lto_.icf.95a0cd91,"",%progbits
  18 0000 789C6365 		.ascii	"x\234ce`b\320f@\000v\206\205??\354\345a\234\374\367"
  18      6062D066 
  18      40007686 
  18      853F3FEC 
  18      E5619CFC 
  19 0015 D30B4EA6 		.ascii	"\323\013N\246\353\033\327\356ag\276\276\377\002;\313"
  19      EB1BD7EE 
  19      6167BEBE 
  19      FF023BCB 
  20 0025 9353134F 		.ascii	"\223S\023O0\261\202I\266\356u\223n\3610\000\000\350"
  20      30B18249 
  20      B6EE7593 
  20      6EF13000 
  20      00E8
  21 0037 D3153D   		.ascii	"\323\025="
  22              		.text
  23              		.section	.gnu.lto_.jmpfuncs.95a0cd91,"",%progbits
  24 0000 789C6D8B 		.ascii	"x\234m\2131\016\000 \010\003)\202>\324W8\365\353\202"
  24      310E0020 
  24      08032982 
  24      3ED45738 
  24      F5EB82
  25 0013 0CC6C40E 		.ascii	"\014\306\304\016m9R\027\225)W#\015!\252\002\215\021"
  25      6D395217 
  25      95295723 
  25      0D21AA02 
  25      8D11
  26 0025 2B512B74 		.ascii	"+Q+t\272\345\007\260\272t!\334?\254\347h\220|\250l\232"
  26      BAE507B0 
  26      BA7421DC 
  26      3FACE768 
  26      907CA86C 
  27 003a A50817   		.ascii	"\245\010\027"
  28              		.text
  29              		.section	.gnu.lto_.inline.95a0cd91,"",%progbits
  30 0000 789C6365 		.ascii	"x\234ce`b8\312\200\000\354\014\014,<\214@A\006\006\266"
ARM GAS  C:\Users\CYIRKO~1\AppData\Local\Temp\ccY2auei.s 			page 2


  30      606238CA 
  30      8000EC0C 
  30      0C2C3C8C 
  30      40410606 
  31 0015 05F2208A 		.ascii	"\005\362 \212\201\221\013D0\260\262\000\205\231.\360"
  31      81910B44 
  31      30B0B200 
  31      85992EF0 
  32 0025 33707CD0 		.ascii	"3p|\320\003\21331p\012\002\205\330>\350!\204\270\201"
  32      038B3331 
  32      700A0285 
  32      D83EE821 
  32      84B881
  33 0038 2A27F831 		.ascii	"*'\3701\343\224aa\340\020\000\312\260,\220\207\033\317"
  33      E3946161 
  33      E01000CA 
  33      B02C9087 
  33      1BCF
  34 004a CC03949D 		.ascii	"\314\003\224\235\3407\301\217\025\217\034\033\003\267"
  34      E037C18F 
  34      158F1C1B 
  34      03B7
  35 0058 30232383 		.ascii	"0##\203\002#\003\263\002\013\307\001;\210\012\306\027"
  35      022303B3 
  35      020BC701 
  35      3B880AC6 
  35      17
  36 0069 EC2C1012 		.ascii	"\354,\020\022E1\003\000T&\027]"
  36      45310300 
  36      5426175D 
  37              		.text
  38              		.section	.gnu.lto_.pureconst.95a0cd91,"",%progbits
  39 0000 789C6365 		.ascii	"x\234ce`b\020f```g\220`\224b\332\305\310\274\213\221"
  39      60621066 
  39      60606067 
  39      90609462 
  39      DAC5C8BC 
  40 0016 651723EB 		.ascii	"e\027#\353.F6)\000\037\252\003o"
  40      2E463629 
  40      001FAA03 
  40      6F
  41              		.text
  42              		.section	.gnu.lto_extInit.95a0cd91,"",%progbits
  43 0000 789C6365 		.ascii	"x\234ce`bX\314\300\300`\010\304\322@\314\310\314\300"
  43      606258CC 
  43      C0C06008 
  43      C4D240CC 
  43      C8CCC0
  44 0013 C834E11C 		.ascii	"\3104\341\034\003C#\007\023##\210\321\300\301\310P\317"
  44      03432307 
  44      13232388 
  44      D1C0C1C8 
  44      50CF
  45 0025 C458CFD8 		.ascii	"\304X\317\330\317<\235\231\361P\373\263\235L\232\313"
  45      CF3C9D99 
  45      F150FBB3 
  45      9D4C9ACB 
ARM GAS  C:\Users\CYIRKO~1\AppData\Local\Temp\ccY2auei.s 			page 3


  46 0035 1B80E0C0 		.ascii	"\033\200\340\300\364\017\222\015+\0160\316gf`\230\011"
  46      F40F920D 
  46      2B0E30CE 
  46      67666098 
  46      09
  47 0046 C420C0B8 		.ascii	"\304 \300\270\234Q\223\001\250\354\321\306\177Sy\331"
  47      9C519301 
  47      A8ECD1C6 
  47      7F5379D9 
  48 0056 5820E28C 		.ascii	"X \342\214+\030\331\030\201\364\372K\214\007\032\376"
  48      2B18D918 
  48      81F4FA4B 
  48      8C071AFE 
  49 0066 FD6F6F38 		.ascii	"\375oo8\360d\021\343wV\240T\027\020\203\354\350ff\002"
  49      F06411E3 
  49      7756A054 
  49      171083EC 
  49      E8666602 
  50 007a D1CCAF19 		.ascii	"\321\314\257\031\233\027\274\226\006\251\007\031\262"
  50      9B17BC96 
  50      06A90719 
  50      B2
  51 0087 73E79BDB 		.ascii	"s\347\233\333\354\365\177\0338\34633\316d\006\232\300"
  51      ECF57F1B 
  51      38E63333 
  51      CE64069A 
  51      C0
  52 0098 B892B19E 		.ascii	"\270\222\261\236a>P\355[\306\246\005\357\271\301\352"
  52      613E50ED 
  52      5BC6A605 
  52      EFB9C1EA 
  53 00a8 40A00B28 		.ascii	"@\240\013(\011\324\316\304\300\240\357j\025\343\234"
  53      09D4CEC4 
  53      C0A0EF6A 
  53      15E39C
  54 00b7 91999419 		.ascii	"\221\231\224\031\\R\232\222\231\037\223\014b\347\027"
  54      5C529A92 
  54      991F930C 
  54      62E717
  55 00c6 1B9A9BE9 		.ascii	"\033\232\233\351\347\027\353g$\346\350\027\027%\203"
  55      E717EB67 
  55      24E6E817 
  55      172583
  56 00d5 E8F8D48A 		.ascii	"\350\370\324\212\022\275d\006\000b\205HF"
  56      12BD6406 
  56      00628548 
  56      46
  57              		.text
  58              		.section	.gnu.lto_extObjectInit.95a0cd91,"",%progbits
  59 0000 789C9550 		.ascii	"x\234\225PM+\204Q\024>\317{\346+a\255L\262P\262\361"
  59      4D2B8451 
  59      143ECF7B 
  59      E62B61AD 
  59      4CB250B2 
  60 0015 C66294AD 		.ascii	"\306b\224\255\370\003\266Sb(Sjd(;\327\370\030\015\231"
  60      F803B653 
  60      6228536A 
ARM GAS  C:\Users\CYIRKO~1\AppData\Local\Temp\ccY2auei.s 			page 4


  60      64283BD7 
  60      F8180D99 
  61 0029 2931E3AB 		.ascii	")1\343\253w\026&\3373\206,\254L6J>bco$\212\205R6\302"
  61      771626DF 
  61      33862CAC 
  61      4C364A3E 
  61      62636F24 
  62 0042 B9AF9ABD 		.ascii	"\271\257\232\275[\247s\316\275\317y\316\363\\'\031\224"
  62      5BA773CE 
  62      BDCF79CE 
  62      F35C2719 
  62      94
  63 0053 01918F88 		.ascii	"\001\221\217\210\252%\300\004#qM4\3561\000](\017h\314"
  63      AA25C004 
  63      23714D34 
  63      EE31005D 
  63      280F68CC 
  64 0067 C018E29C 		.ascii	"\300\030\342\234d\234E\237N\214\206M%\247\220L\271\246"
  64      649C459F 
  64      4E8C864D 
  64      25A7904C 
  64      B9A6
  65 0079 D55495C5 		.ascii	"\325T\225\305D\313\022\372`\023\015\202\272\235<X\343"
  65      44CB12FA 
  65      60130D82 
  65      BA9D3C58 
  65      E3
  66 008a 79B61870 		.ascii	"y\266\030pH\373~\265R\254\324\255\201Zi\255\351\267"
  66      48FB7EB5 
  66      52ACD4AD 
  66      815A69AD 
  66      E9B7
  67 009c 55E66690 		.ascii	"U\346f\220\324\367\211\323\326\372\214R\021U\370Z`U"
  67      D4F789D3 
  67      D6FA8C52 
  67      1155F85A 
  67      6055
  68 00ae 67316307 		.ascii	"g1c\007,|\330\206\027[\360\222\\\021vQ\257\341\017\371"
  68      2C7CD886 
  68      175BF092 
  68      5C117651 
  68      AFE10FF9 
  69 00c2 EFC50A97 		.ascii	"\357\305\012\227\343o\037\366\340\022\351\224\273CA"
  69      E36F1FF6 
  69      E012E994 
  69      BB4341
  70 00d1 7DFF4455 		.ascii	"}\377DU\341u\003\371\016\247\010\327p\212\011H;\230"
  70      E17503F9 
  70      0EA708D7 
  70      708A0948 
  70      3B98
  71 00e3 6543677E 		.ascii	"eCg~A\344\343y~\242L\317\011\327\322\324\331\215[\253"
  71      41E4E379 
  71      7EA24CCF 
  71      09D7D2D4 
  71      D98D5BAB 
  72 00f7 625BC9E7 		.ascii	"b[\311\347\371\305L\271\205\365q\261\226\256\261\330"
ARM GAS  C:\Users\CYIRKO~1\AppData\Local\Temp\ccY2auei.s 			page 5


  72      F9C54CB9 
  72      85F571B1 
  72      96AEB1D8 
  73 0107 B12E72F7 		.ascii	"\261.r\367e\277~\314<F\262ns_\333\256\265\330\211,,"
  73      65BF7ECC 
  73      3C46B26E 
  73      735FDBAE 
  73      B5D8892C 
  74 011c A46CCFC8 		.ascii	"\244l\317\310\301\024\300q\3642_\246\311\234\000\016"
  74      C114C071 
  74      F4325FA6 
  74      C99C000E 
  75 012c 64CA5E16 		.ascii	"d\312^\026/-\373\007\273\013y\233][\303\241\315^\222"
  75      2F2DFB07 
  75      BB0B799B 
  75      5D5BC3A1 
  75      CD5E92
  76 013f 2A7E7124 		.ascii	"*~q$So\210\244\213s\320\344\366\277\307\004-\026\015"
  76      536F88A4 
  76      8B73D0E4 
  76      F6BFC704 
  76      2D160D
  77 0152 22B3BDD5 		.ascii	"\"\263\275\325\337\326\037\354\011v\016\217\364\006"
  77      DFD61FEC 
  77      09760E8F 
  77      F406
  78 0160 43FE80AE 		.ascii	"C\376\200\256C\341\246\026\237\031\012\233\375\335\003"
  78      43E1A616 
  78      9F190A9B 
  78      FDDD03
  79 016f 667828A0 		.ascii	"fx(\240sW\337\350pc\200\034\222\006\177\001\274\321"
  79      7357DFE8 
  79      7063801C 
  79      92067F01 
  79      BCD1
  80 0181 998D     		.ascii	"\231\215"
  81              		.text
  82              		.section	.gnu.lto_extStart.95a0cd91,"",%progbits
  83 0000 789C9553 		.ascii	"x\234\225SohUe\030\177~\347=\367\217\233\205\037\203"
  83      6F685565 
  83      187F7EE7 
  83      3DF78F9B 
  83      851F83
  84 0013 24CEA831 		.ascii	"$\316\2501\205\360\230H\003\011\241FA\037\366!\367U"
  84      85F09848 
  84      0309A146 
  84      411FF621 
  84      F755
  85 0025 18F378F3 		.ascii	"\030\363x\363^\330\335\031\367l\242\037\342\036o\323"
  85      5ED8DD19 
  85      F76CA21F 
  85      E21E6FD3 
  86 0035 855A0996 		.ascii	"\205Z\011\226\336m]\316Hd[\265?\256,onw\267iijE\262"
  86      DE6D5DCE 
  86      48645BB5 
  86      3FAE2C6F 
  86      6E77B769 
ARM GAS  C:\Users\CYIRKO~1\AppData\Local\Temp\ccY2auei.s 			page 6


  87 004d 4810A2B6 		.ascii	"H\020\242\266\326ZiX\006\025\325\354y\336\266\241w\340"
  87      D65A6958 
  87      0615D5EC 
  87      79DEB6A1 
  87      77E0
  88 005f EA857BDF 		.ascii	"\352\205{\337?\317\357\367\274\317\363{\177'D\006u\232"
  88      3FCFEFF7 
  88      BCCFF37B 
  88      7F274406 
  88      759A
  89 0071 443520BA 		.ascii	"D5 \272\237\210\240\010\306\241O\211\366D\015@\026~"
  89      9F88A008 
  89      C6A14F89 
  89      F6440D40 
  89      167E
  90 0083 14943690 		.ascii	"\024\2246\220\306\313\352\250\302x\373wycm\217\317\243"
  90      C6CBEAA8 
  90      C278FB77 
  90      79636D8F 
  90      CFA3
  91 0095 78F44A78 		.ascii	"x\364Jx\237\277\367\276@\021u\360O\006z\260\226Q\237"
  91      9FBFF7BE 
  91      401175F0 
  91      4F067AB0 
  91      96519F
  92 00a8 B70DBDA6 		.ascii	"\267\015\275\246^R\201\002L\336\376\374I\347\324\275"
  92      5E528102 
  92      4CDEFEFC 
  92      49E7D4BD 
  93 00b8 B23560F1 		.ascii	"\2625`\3616\330w\275K\251\015 ^\177yhlS\325q\337\317"
  93      36D877BD 
  93      4BA90D20 
  93      5E7F7968 
  93      6C53D571 
  94 00ce F8C589C3 		.ascii	"\370\305\211\303\312\177(P\012o@q>\364a5z\261\232\370"
  94      CA7F2850 
  94      0A6F4071 
  94      3EF46135 
  94      7AB19AF8 
  95 00e2 88F026AA 		.ascii	"\210\360&\252\030=;78c\252j\315\354\373\252\353\231"
  95      183D3B37 
  95      3863AA6A 
  95      CDECFBAA 
  95      EB99
  96 00f4 79E6A523 		.ascii	"y\346\245#\232i\342\255R\246I\350G\225\300'O\314\275"
  96      9A69E2AD 
  96      52A649E8 
  96      4795C027 
  96      4FCCBD
  97 0107 7A4FD83C 		.ascii	"zO\330<\266P,\006\020\346\236i\3602\212\376\334\255"
  97      B6502C06 
  97      10E69E69 
  97      F0328AFE 
  97      DCAD
  98 0119 76CED283 		.ascii	"v\316\322\203[O\255\340\256\371..\\x\264\237\241\"\302"
  98      5B4FADE0 
  98      AEF92E2E 
ARM GAS  C:\Users\CYIRKO~1\AppData\Local\Temp\ccY2auei.s 			page 7


  98      5C78B49F 
  98      A122C2
  99 012c 0165C8AC 		.ascii	"\001e\310\254\246aH\262\231\221\366\011\250\315\272"
  99      A66148B2 
  99      9991F609 
  99      A8CDBA
 100 013b 8E93852B 		.ascii	"\216\223\205+\331\262\312c\272\220\231\354\232\316\347"
 100      D9B2CA63 
 100      BA9099EC 
 100      9ACEE7
 101 014a 2F1EF4BB 		.ascii	"/\036\364\2733\253\002\025\302\340\235\345h\201\206"
 101      33AB0215 
 101      C2E09DE5 
 101      688186
 102 0159 50C9A4F6 		.ascii	"P\311\244\366Y\177\324\024EB\260p\202c? 39\370\312\320"
 102      597FD414 
 102      4542B070 
 102      82633F20 
 102      3339F8CA 
 103 016e 652C96DA 		.ascii	"e,\226\332\2465>|#\254K\355P\240\222\320\315S\033\237"
 103      A6353E7C 
 103      23AC4BED 
 103      50A092D0 
 103      CD531B9F 
 104 0182 230C4BCC 		.ascii	"#\014K\314(\215\375Y\260\352\011oKL\225\306\246\262"
 104      288DFD59 
 104      B0EA096F 
 104      4B4C95C6 
 104      A6B2
 105 0194 6BBA94D4 		.ascii	"k\272\224\324AxG\000\346m\362\020N\"\314U\276+\342\200"
 105      41784700 
 105      E66DF210 
 105      4E22CC55 
 105      BE2BE280 
 106 01a8 7A0D0EBD 		.ascii	"z\015\016\275\036\014\377^V\2217\002?k\005*,\350\376"
 106      1E0CFF5E 
 106      56913702 
 106      3F6B052A 
 106      2CE8FE
 107 01bb A9D37ED4 		.ascii	"\251\323~\3244\030\370\036*HNn\\\233\270j\360\011N\301"
 107      3418F81E 
 107      2A484E6E 
 107      5C9BB86A 
 107      F0094EC1 
 108 01cf D40D11F2 		.ascii	"\324\015\021\362\372\355{\013g\246WV\214\314\263#\202"
 108      FAED7B0B 
 108      67A65756 
 108      8CCCB323 
 108      82
 109 01e0 FD6560F8 		.ascii	"\375e`\370\213r\315~_\3308\015\223\246\221\261\2648"
 109      8B72CD7E 
 109      5FD8380D 
 109      93A691B1 
 109      B438
 110 01f2 44B3C874 		.ascii	"D\263\310t\3761\371S\321\220\276\031~d\357\370g\021"
 110      FE31F953 
 110      D190BE19 
ARM GAS  C:\Users\CYIRKO~1\AppData\Local\Temp\ccY2auei.s 			page 8


 110      7E64EFF8 
 110      6711
 111 0204 D1EA5F09 		.ascii	"\321\352_\011~;w\341\205\225\001r{\270\227\356\007\002"
 111      7E3B77E1 
 111      85950172 
 111      7BB897EE 
 111      0702
 112 0216 15CDB1AD 		.ascii	"\025\315\261\255F\344F\016\036\37763\020\261\373\245"
 112      46E4460E 
 112      1EFF3633 
 112      10B1FBA5 
 113 0226 4F4B0C31 		.ascii	"OK\0141\212\000Y\355M\024`\347X\214\037\321\326}\363"
 113      8A0059ED 
 113      4D1460E7 
 113      588C1FD1 
 113      D67DF3
 114 0239 4525B985 		.ascii	"E%\271\205\220\317_\273\032I\377\355G\003\265\242C\205"
 114      90CF5FBB 
 114      1A49FFED 
 114      4703B5A2 
 114      4385
 115 024b 18378634 		.ascii	"\0307\2064q\312@\225I%\277~?:\025\231/\344\177\334\\"
 115      71CA4095 
 115      4925BF7E 
 115      3F3A1599 
 115      2FE47FDC 
 116 0260 8EA2BE59 		.ascii	"\216\242\276Y\034\206\017`3`$8\330W&m\224\303\3008\263"
 116      1C860F60 
 116      33602438 
 116      D857266D 
 116      94C3C038 
 117 0275 E6BD54E2 		.ascii	"\346\275T\342\237\3342\3769\243\375\263\250I\210\237"
 117      9FDC32FE 
 117      39A3FDB3 
 117      A849889F 
 118 0285 E9ECDDFC 		.ascii	"\351\354\335\374\363\327\202\177\302K\375c\245\011\037"
 118      F3D7827F 
 118      C24BFD63 
 118      A5091F
 119 0294 4A2C7287 		.ascii	"J,r\207\005>\022\013,1\324c\011\3029\001G\227\032jc"
 119      053E120B 
 119      2C31D463 
 119      09C23901 
 119      47971A6A 
 120 02a9 4E496184 		.ascii	"NIa\204\363K\015\365\2616\324\205\333\0145\027|S(_\360"
 120      F34B0DF5 
 120      B136D485 
 120      DB0C3517 
 120      7C53285F 
 121 02be CA59ED95 		.ascii	"\312Y\355\225\213\332+\245\306\270\264h\014IN\327\221"
 121      8BDA2BA5 
 121      C6B8B468 
 121      0C494ED7 
 121      91
 122 02cf F9FAC0D8 		.ascii	"\371\372\300\330\203\372\351d\354gy\371\243d\274\375"
 122      83FAE964 
 122      EC6779F9 
ARM GAS  C:\Users\CYIRKO~1\AppData\Local\Temp\ccY2auei.s 			page 9


 122      A364BCFD 
 123 02df E4A6AD35 		.ascii	"\344\246\2555\361\304\266D]K\353\366\204\273\325\221"
 123      F1C4B644 
 123      5D4BEBF6 
 123      84BBD591 
 124 02ef B5EB3D52 		.ascii	"\265\353=R\375\250\355zv\274\241\321\366R\216\314\365"
 124      FDA8ED7A 
 124      76BCA1D1 
 124      F6528ECC 
 124      F5
 125 0300 B15D2DEB 		.ascii	"\261]-\353\0342yj\016;n\323\263\211\035\241\235\015"
 125      1C32796A 
 125      0E3B6ED3 
 125      B3891DA1 
 125      9D0D
 126 0312 8DADB1CD 		.ascii	"\215\255\261\315w\315\340\270\311\244\333d7\273\251"
 126      77CDE0B8 
 126      C9A4DB64 
 126      37BBA9
 127 0321 16CF7E7C 		.ascii	"\026\317~|KmM\355.\333\211;n*V\277\263:\271.NO\374\027"
 127      4B6D4DED 
 127      2EDB893B 
 127      6E2A56BF 
 127      B33AB92E 
 128 0339 3A5F6AD7 		.ascii	":_j\327\324\326=]g'\232\234\306\326\3551\333Iz\011\257"
 128      D4D63D5D 
 128      67279A9C 
 128      C6D6ED31 
 128      DB497A09 
 129 034e 7E87E370 		.ascii	"~\207\343p\212\365\313\366\340z\374\227j\321\363\262"
 129      8AF5CBF6 
 129      E07AFC97 
 129      6AD1F3B2 
 130 035e 04C62DDE 		.ascii	"\004\306-\336\022\367v{LXU[\267\305\332\326\340\305"
 130      12F7767B 
 130      4C58555B 
 130      B7C5DAD6 
 130      E0C5
 131 0370 9A538987 		.ascii	"\232S\211\207\255\312\365d\244(\222\214%\335\324n\372"
 131      ADCAF564 
 131      A428928C 
 131      25DDD46E 
 131      FA
 132 0381 07A868E9 		.ascii	"\007\250h\351Q"
 132      51
 133              		.text
 134              		.section	.gnu.lto_extStop.95a0cd91,"",%progbits
 135 0000 789C9553 		.ascii	"x\234\225SmhSg\024>\317}o\223,U\331\317\311DR\\\021"
 135      6D685367 
 135      143ECF7D 
 135      6F932C55 
 135      D9CFC944 
 136 0017 65F4BA31 		.ascii	"e\364\2721,\024\021f\031c?\372\307\376\025J\275\006"
 136      2C141166 
 136      19633FFA 
 136      C7FE154A 
 136      BD06
ARM GAS  C:\Users\CYIRKO~1\AppData\Local\Temp\ccY2auei.s 			page 10


 137 0029 1368BC25 		.ascii	"\023h\274%\267\025\375!\271\306j\234\302\024Em\247r"
 137      B715FD21 
 137      B9C66A9C 
 137      C214456D 
 137      A772
 138 003b 378BD4AF 		.ascii	"7\213\324\257~\272nVk\214\355\266n\316M&\216\211E\250"
 138      7EBA6E56 
 138      6B8CEDB6 
 138      6ECE4D26 
 138      8E8945A8 
 139 004f D56EABD5 		.ascii	"\325n\253\325}\012\016\346\272\235\363\316\206~\200"
 139      7D0A0EE6 
 139      BA9DF3CE 
 139      867E80
 140 005e 752F24EF 		.ascii	"u/$\357\307y\236s\236s\362\244\200\014Zo\022\255\000"
 140      C7799E73 
 140      9E73F2A4 
 140      800C5A6F 
 140      12AD00
 141 0071 D1CB4404 		.ascii	"\321\313D\004E0\366~C\2645d\000r\360B\240\224\201\024"
 141      4530F67E 
 141      43B43564 
 141      0072F042 
 141      A0948114 
 142 0085 F6A8430A 		.ascii	"\366\250C\012}\231\037z\214%-\036\257\334\241\216\340"
 142      7D991F7A 
 142      8C252D1E 
 142      AFDCA18E 
 142      E0
 143 0096 0E6FFB4B 		.ascii	"\016o\373K\276\"j\342\217,\264`\011\243\276m\3508\242"
 143      BE226AE2 
 143      8F2CB460 
 143      09A3BE6D 
 143      E838A2
 144 00a9 DE53BE02 		.ascii	"\336S\276\002L\276\376\366\365\373w\347\311\325@\204"
 144      4CBEFEF6 
 144      F5FB77E7 
 144      C9D54084 
 145 00b9 AFFE8E87 		.ascii	"\257\376\216\207\207\225z\035\304\347\357\367^*[|\334"
 145      87957A1D 
 145      C4E7EFF7 
 145      5E2A5B7C 
 145      DC
 146 00ca F3D25EEE 		.ascii	"\363\322^\356\352~\345\275\342+\205SP\234\017'\261\000"
 146      EA7EE5BD 
 146      E22B8553 
 146      509C0F27 
 146      B100
 147 00dc 27B080F8 		.ascii	"'\260\200\370\211p\032\213\005>\3349~`n\300l\236(\211"
 147      89701A8B 
 147      053EDC39 
 147      7E606EC0 
 147      6C9E2889 
 148 00f0 3308B072 		.ascii	"3\010\260rj\277\216\2347\376O\306\313=i\306\355\267"
 148      6ABF8E9C 
 148      37FE4FC6 
 148      CB3D69C6 
ARM GAS  C:\Users\CYIRKO~1\AppData\Local\Temp\ccY2auei.s 			page 11


 148      EDB7
 149 0102 45BB3068 		.ascii	"E\2730h\027\203\244\211\335\312\220]\215\300\2204?\366"
 149      1783A489 
 149      DDCA905D 
 149      8DC09034 
 149      3FF6
 150 0114 666E4095 		.ascii	"fn@\225j\005\335\331\233\215\341\342f-\341\227\201\245"
 150      6A05DDD9 
 150      9B8DE1E2 
 150      662DE197 
 150      81A5
 151 0126 4D37EF79 		.ascii	"M7\357y\336>\017\2762\321:U\210n\260\015\305L\312\214"
 151      DE3E0FBE 
 151      32D13A55 
 151      886EB00D 
 151      C54CCA8C 
 152 013a 7A174DE9 		.ascii	"z\027M\351\310D\004\355\034\273\217\364\360\037{:\256"
 152      C84404ED 
 152      1CBB8FF4 
 152      F01F7B3A 
 152      AE
 153 014b 232FB241 		.ascii	"#/\262A\317h\377\271\240\026\331\244@\323B\177\265\277"
 153      CF68FFB9 
 153      A016D9A4 
 153      40D3427F 
 153      B5BF
 154 015d B185D021 		.ascii	"\261\205\320!1cz\254?\033\251\"tJLM\217\215\015\224"
 154      31637AAC 
 154      3F1BA922 
 154      744A4C4D 
 154      8F8D0D94 
 155 0171 CC171984 		.ascii	"\314\027\031\204.\211\233\223\346B8\213\000\213\374"
 155      2E899B93 
 155      E642388B 
 155      008BFC
 156 0180 48A602FA 		.ascii	"H\246\002\372\320\340\3201\277\353\317pQ\227\341{\215"
 156      D0E0D031 
 156      BFEBCF70 
 156      5197E17B 
 156      8D
 157 0191 115F1508 		.ascii	"\021_\025\010\272\365\356\005/d\032\014\354F\021\311"
 157      BAF5EE05 
 157      2F641A0C 
 157      EC4611C9 
 158 01a1 CBAF0F6E 		.ascii	"\313\257\017n\014\032\374\202\217a\352~\010\237\350"
 158      0C1AFC82 
 158      8F61EA7E 
 158      089FE8
 159 01b0 9FEE44B6 		.ascii	"\237\356D\266\177dNQ\367Sv@\260\277\267u}W\250\331\347"
 159      7F644E51 
 159      F7537640 
 159      B0BFB775 
 159      7D57A8D9 
 160 01c5 848D1E98 		.ascii	"\204\215\036\2304\202tD\317\206h\014\015C\357\216*i"
 160      34827444 
 160      CF86680C 
 160      0D43EF8E 
ARM GAS  C:\Users\CYIRKO~1\AppData\Local\Temp\ccY2auei.s 			page 12


 160      2A69
 161 01d7 5AD03D3D 		.ascii	"Z\320==\017\006\203\251\277\275\220\257\202M\\\236p"
 161      0F0683A9 
 161      BFBD90AF 
 161      824D5C9E 
 161      70
 162 01e8 1E293AAA 		.ascii	"\036):\252\014_\205h\024\351G?\335\337\026\0260c\017"
 162      0C5F8568 
 162      14E9473F 
 162      DDDF1616 
 162      30630F
 163 01fb 6EEFBB16 		.ascii	"n\357\273\026\224\251\3767\254\307\003Wv\316\361qt+"
 163      94A9FE37 
 163      ACC70357 
 163      76CEF171 
 163      742B
 164 020d 77FDC142 		.ascii	"w\375\301B_\275\300,\\\020q\034<~/\335\026\264Ze\","
 164      5FBDC02C 
 164      5C10711C 
 164      3C7E2FDD 
 164      16B45A65 
 165 0223 2C8C5EF8 		.ascii	",\214^\370h\324.\304EX\223\223\205y\024Yf\351bc\371"
 165      68D42EC4 
 165      45589393 
 165      85791459 
 165      66E96263 
 166 0238 62FF237B 		.ascii	"b\377#{!.\351\354\3424\344t\366\356\314\325\316\260"
 166      212EE9EC 
 166      E234E474 
 166      F6EECCD5 
 166      CEB0
 167 024a 642F0470 		.ascii	"d/\004p\231YO\2355\325M\313gsS\237vS^\252\311R\373\237"
 167      99594F9D 
 167      35D54DCB 
 167      6773539F 
 167      76535EAA 
 168 0262 E5A65B13 		.ascii	"\345\246[\023n\012\314tS$E\370Tb\301)\216\370L\0341"
 168      6E0ACC74 
 168      532445F8 
 168      5462C129 
 168      8EF84C1C 
 169 0277 C35E2BE2 		.ascii	"\303^+\342\204\317\005\034\232a\257\226\322\371\242"
 169      84CF051C 
 169      9A61AF96 
 169      D2F9A2
 170 0286 8B3030D3 		.ascii	"\21300\323^_h{}9\311^\343\376\235l\341\204s\372\265"
 170      5E5F687B 
 170      7D39C95E 
 170      E3FE9D6C 
 170      E18473FA 
 171 029b 73AE68E7 		.ascii	"s\256h\347L\267\311Wy\233Hrz\210\364\320\356\237\027"
 171      4CB7C957 
 171      799B4872 
 171      7A88F4D0 
 171      EE9F17
 172 02ae 699BC8DA 		.ascii	"i\233\310\332\305\323\345\177(\343\255\267\312\326\224"
 172      C5D3E57F 
ARM GAS  C:\Users\CYIRKO~1\AppData\Local\Temp\ccY2auei.s 			page 13


 172      28E3ADB7 
 172      CAD694
 173 02bd C7E26BE3 		.ascii	"\307\342k\343\225u\365\353\342\316\032[\316\216\373"
 173      9575F5EB 
 173      E2CE1A5B 
 173      CE8EFB
 174 02cc 5AE972CB 		.ascii	"Z\351r\313q\255Xu\215\345&m\331\253\242\233\352Jl2y"
 174      71AD5875 
 174      8DE5266D 
 174      D9ABA29B 
 174      EA4A6C32 
 175 02e1 AB2DD858 		.ascii	"\253-\330X]S\037]\371L\252\355$\022\316\006\253\326"
 175      5D531F5D 
 175      F94CAAED 
 175      2412CE06 
 175      ABD6
 176 02f3 49D6B9D6 		.ascii	"I\326\271\326\233\253+\312+6Yv\314v\222\321\252\215"
 176      9BAB2BCA 
 176      2B365976 
 176      CC7692D1 
 176      AA8D
 177 0305 A5899218 		.ascii	"\245\211\222\030\255z\036:W\263\312+*\337\251\264\342"
 177      AD7A1E3A 
 177      57B3CA2B 
 177      2ADFA9B4 
 177      E2
 178 0316 1BEC9AFA 		.ascii	"\033\354\232\372uQ\313N\270q\267j\275ms\212e\263\212"
 178      7551CB4E 
 178      B871B76A 
 178      BD6D738A 
 178      65B38A
 179 0329 775CFE4A 		.ascii	"w\\\376J\326\351}V\002\343\362Ub\356f\227\011/VT\256"
 179      D6E97D56 
 179      02E3F255 
 179      62EE6697 
 179      092F5654 
 180 033e 8EACAD76 		.ascii	"\216\254\255v\243\265\311\370\253\221\342ed$)\230\210"
 180      A3B5C9F8 
 180      AB91E265 
 180      64242998 
 180      88
 181 034f 269CE466 		.ascii	"&\234\344f\372\027|\313\327}"
 181      FA177CCB 
 181      D77D
 182              		.text
 183              		.section	.gnu.lto_extChannelEnable.95a0cd91,"",%progbits
 184 0000 789C8D52 		.ascii	"x\234\215R[HTQ\024\335\373\236;\017\307\012?\203\374"
 184      5B485451 
 184      14DDFB9E 
 184      3B0FC70A 
 184      3F83FC
 185 0013 18A14185 		.ascii	"\030\241A\205\360ZH\202DQ\326G\201?\372+\014\343uh\006"
 185      F05A4882 
 185      4451D647 
 185      813FFA2B 
 185      0CE37568 
 186 0028 1CAFCC55 		.ascii	"\034\257\314U\321\217\230\333\344\2034J\312|\313\215"
ARM GAS  C:\Users\CYIRKO~1\AppData\Local\Temp\ccY2auei.s 			page 14


 186      D18F98DB 
 186      E483344A 
 186      CA7CCB8D 
 187 0038 24D4F26D 		.ascii	"$\324\362m\232\2439NZ\375\364\"1\012\2140\305\242\324"
 187      9AA3394E 
 187      5AFDF422 
 187      310A8C30 
 187      C5A2D4
 188 004b 5E440491 		.ascii	"^D\004\221u\316IEG\320\016\314\234\307^k\237u\326\272"
 188      75CE4945 
 188      47D00ECC 
 188      9CC75E6B 
 188      9F75D6BA 
 189 005f 06106096 		.ascii	"\006\020`\226\000\034G\200=\000\200\004P\250z\012p\326"
 189      001C4780 
 189      3D008004 
 189      50A87A0A 
 189      70D6
 190 0071 2C20B285 		.ascii	", \262\205fF\360\011\350\303K\244\226\340x\371\273\200"
 190      6646F009 
 190      E8C34BA4 
 190      96E078F9 
 190      BB80
 191 0083 10DFAAD1 		.ascii	"\020\337\252\321\021\252\275l)\323Jw\353\224^O\177l"
 191      11AABD6C 
 191      29D34A77 
 191      EB945E4F 
 191      7F6C
 192 0095 602BC653 		.ascii	"`+\306S\324\363\222\236&r\221\350\004Q\244\333\257O"
 192      D4F3929E 
 192      267291E8 
 192      0451A4DB 
 192      AF4F
 193 00a7 1AE676B1 		.ascii	"\032\346v\261\255\200V\272\325\313\226\032\0119\200"
 193      AD8056BA 
 193      D5CB961A 
 193      093980
 194 00b6 40D72FAB 		.ascii	"@\327/\253\306Rboh\232_\013MU\023m\257N\010\336DB\373"
 194      C652626F 
 194      689A5F0B 
 194      4D55136D 
 194      AF4E08DE 
 195 00cd 613B4663 		.ascii	"a;Fc\033F\003=\002\274\205\261\024\335\361z\342\215"
 195      1B46033D 
 195      02BC85B1 
 195      14DDF17A 
 195      E28D
 196 00df 912473E6 		.ascii	"\221$s\346\247\307?\002\021+\324\305\032N\025\261#\234"
 196      A7C73F02 
 196      112BD4C5 
 196      1A4E15B1 
 196      239C
 197 00f1 2A027662 		.ascii	"*\002vb,\303\317\366._\335i\024[V\325b\027\032\351\243"
 197      2CC3CFF6 
 197      2E5FDD69 
 197      145B56D5 
 197      62171AE9 
ARM GAS  C:\Users\CYIRKO~1\AppData\Local\Temp\ccY2auei.s 			page 15


 198 0106 A17B1243 		.ascii	"\241{\022C\332\362\237r-\364\275\025\003\247L\364\331"
 198      DAF29F72 
 198      2DF4BD15 
 198      03A74CF4 
 198      D9
 199 0117 F432AA9C 		.ascii	"\3642\252\234\361\240\202B\231\013\225D`3\231G\2015"
 199      F1A08242 
 199      990B9544 
 199      60339947 
 199      8135
 200 0129 7B7FB77C 		.ascii	"{\177\267|\012\311\021.d \370\252\316bk\341B>\327\305"
 200      0AC9112E 
 200      6420F8AA 
 200      CE626BE1 
 200      423ED7C5 
 201 013d 359C7B74 		.ascii	"5\234{tA\273\346\217\322\211\001\2737\312\341\016\365"
 201      41BBE68F 
 201      D28901BB 
 201      37CAE10E 
 201      F5
 202 014e A08D92CA 		.ascii	"\240\215\222\312?h\243\"\263\304\200V\354\245\265\217"
 202      3F68A322 
 202      B3C48056 
 202      ECA5B58F 
 203 015e E89FEDAF 		.ascii	"\350\237\355\257\356\231\3045\251%\334\344+\015\026"
 203      EE99C435 
 203      A925DCE4 
 203      2B0D16
 204 016d 2EB59E20 		.ascii	".\265\236 \204\225~\015%\235\001\354c5!\27461f\265\003"
 204      84957E0D 
 204      259D01EC 
 204      633521BC 
 204      363166B5 
 205 0182 F6B31A09 		.ascii	"\366\263\032\011\257-\324\3055\022\246\003\3606\003"
 205      AF2DD4C5 
 205      3512A603 
 205      F03603
 206 0191 88EBEC01 		.ascii	"\210\353\354\001\034@#U9\310\314Ah\027h\351\272\336"
 206      1C402355 
 206      39C8CC41 
 206      681768E9 
 206      BADE
 207 01a3 F7D31233 		.ascii	"\367\323\0223,\350Z\235U'F\206\356\234\033\321\314\242"
 207      2CE85A9D 
 207      55274686 
 207      EE9C1BD1 
 207      CCA2
 208 01b5 40817730 		.ascii	"@\201w0\006\330\311\227\305\251i\201\236\340\020\212"
 208      06D8C997 
 208      C5A96981 
 208      9EE0108A 
 209 01c5 FC418001 		.ascii	"\374A\200\001\036~[pb~G\314\350\012\333\304\260\337"
 209      1E7E5B70 
 209      627E47CC 
 209      E80ADBC4 
 209      B0DF
 210 01d7 BAFA5E44 		.ascii	"\272\372^Dr\3660c\343\010\2120\217~+7\007`\001Kg\316"
ARM GAS  C:\Users\CYIRKO~1\AppData\Local\Temp\ccY2auei.s 			page 16


 210      72F63063 
 210      E3088A30 
 210      8F7E2B37 
 210      0760014B 
 211 01ed 3718D8AB 		.ascii	"7\030\330\253\031:\020X\2346\371~kf\235\230\353\211"
 211      193A1058 
 211      9C36F97E 
 211      6B669D98 
 211      EB89
 212 01ff 81E2EFA2 		.ascii	"\201\342\357\242\017\232\211\320L\250\177\021\260\022"
 212      0F9A89D0 
 212      4CA87F11 
 212      B012
 213 020d 49580CCD 		.ascii	"IX\014\315\333\3040\312c\250)\035\177f\372\027\003`"
 213      DBC430CA 
 213      63A8291D 
 213      7F66FA17 
 213      0360
 214 021f 70AB1806 		.ascii	"p\253\030\006Wc0n\216\301\352\003\034c5\323\006'C\314"
 214      5763306E 
 214      8EC1EA03 
 214      1C6335D3 
 214      062743CC 
 215 0233 C94DB91C 		.ascii	"\311M\271\034r\003\336c`\363\346\\\222\232\011\023\006"
 215      7203DE63 
 215      60F3E65C 
 215      929A0913 
 215      06
 216 0244 38BE3997 		.ascii	"8\2769\227\011\236\313\375u\271,\353o\203\221\253\226"
 216      099ECBFD 
 216      75B92CEB 
 216      6F8391AB 
 216      96
 217 0255 07B9E50F 		.ascii	"\007\271\345\017\270\345\341\376>\\\363\2275\207%\364"
 217      B8E5E1FE 
 217      3E5CF397 
 217      358725F4 
 218 0265 CF5436D9 		.ascii	"\317T6\331\270\277lT\320O\213~\333\024/\235H\311Lu\271"
 218      B8BF6C54 
 218      D04F8B7E 
 218      DB142F9D 
 218      48C94C75 
 219 027a B3DC19F9 		.ascii	"\263\334\031\371\005\331n%SfkE\335\237|PRT\311\345\310"
 219      05D96E25 
 219      53666B45 
 219      DD9F7C50 
 219      5254C9E5 
 220 028f 9154AFCC 		.ascii	"\221T\257\314f\273\263(?A\006\221Ny&\331\345\310\315"
 220      66BBB328 
 220      3F410691 
 220      4E7926D9 
 220      E5C8CD
 221 02a2 75E6180A 		.ascii	"u\346\030\012\0359\005\316\303[\266\220\025\217G\311"
 221      1D3905CE 
 221      C35BB690 
 221      158F47C9 
 222 02b2 95F2146F 		.ascii	"\225\362\024o\276*\035MOKM+\222d\227\254x\235\366\302"
ARM GAS  C:\Users\CYIRKO~1\AppData\Local\Temp\ccY2auei.s 			page 17


 222      BE2A1D4D 
 222      4F4B4D2B 
 222      926497AC 
 222      789DF6C2 
 223 02c6 644F820B 		.ascii	"dO\202\013\216\375\017\235\336*\245\246e\234\314\220"
 223      8EFD0F9D 
 223      DE2AA5A6 
 223      659CCC90 
 224 02d6 DCB9724E 		.ascii	"\334\271rNA\266S\222=\252[\265\237\226e\332\"q\333G"
 224      41B65392 
 224      3DAA5BB5 
 224      9F9665DA 
 224      2271DB47 
 225 02ea 282AFDF3 		.ascii	"(*\375\363\346\363y[\002\305\255\335\342R\213UJ\210"
 225      E6F3795B 
 225      02C5ADDD 
 225      E2528B55 
 225      4A88
 226 02fc 4ACB48B7 		.ascii	"J\313H\267f9Tg\236\327\275\317jK\004\301\013&\217\323"
 226      66395467 
 226      9ED7BDCF 
 226      6A4B04C1 
 226      0B268FD3 
 227 0310 A3788BE1 		.ascii	"\243x\213\341/\031\300\253\307"
 227      2F19C0AB 
 227      C7
 228              		.text
 229              		.section	.gnu.lto_extChannelDisable.95a0cd91,"",%progbits
 230 0000 789C8D52 		.ascii	"x\234\215R[HTQ\024\335\373\236;\017\265\302\317 ?FH"
 230      5B485451 
 230      14DDFB9E 
 230      3B0FB5C2 
 230      CF203F46 
 231 0015 5408AF85 		.ascii	"T\010\257\205$H\024e}D\370\243\277\202\350uh\006\034"
 231      24481465 
 231      7D44F8A3 
 231      BF82E875 
 231      68061C
 232 0028 AFCC1D45 		.ascii	"\257\314\035E?bn\223\017\322()\337&7\222P\313\267Y\216"
 232      3F626E93 
 232      0FD22829 
 232      DF263792 
 232      50CBB759 
 233 003d 8F71D28A 		.ascii	"\217q\322\212\350Ib\024(b\212E\251\275\010\011*\353"
 233      E8496214 
 233      28628A45 
 233      A9BD0809 
 233      2AEB
 234 004f 9C938A8E 		.ascii	"\234\223\212\216\240\035\2309\217\275\326>\353\254u"
 234      A01D9839 
 234      8FBDD63E 
 234      EBAC75
 235 005e 0D20C00C 		.ascii	"\015 \300\014\0018\216\000{\000\000\011\240P\376\034"
 235      01388E00 
 235      7B000009 
 235      A050FE1C 
 236 006e E0AC5940 		.ascii	"\340\254Y@d\013\315\214\340\026\320\215\227H5\301\221"
ARM GAS  C:\Users\CYIRKO~1\AppData\Local\Temp\ccY2auei.s 			page 18


 236      640BCD8C 
 236      E016D08D 
 236      974835C1 
 236      91
 237 007f 92775E21 		.ascii	"\222w^!\272I\243\303_=\025\\\254\025\355\326)\275\226"
 237      BA49A3C3 
 237      5F3D155C 
 237      AC15EDD6 
 237      29BD96
 238 0092 FED8C026 		.ascii	"\376\330\300&\214\246\250\227\205\235W\311E\242\023"
 238      8CA6A897 
 238      859D57C9 
 238      45A213
 239 00a1 44916EBF 		.ascii	"D\221n\277>\253\233\335\305\266\002Z\350V/^\254'\344"
 239      3EAB9BDD 
 239      C5B6025A 
 239      E8562F5E 
 239      AC27E4
 240 00b4 00025DBF 		.ascii	"\000\002]\277.\037N\210\274\241i\036\315?YA\264\275"
 240      2E1F4E88 
 240      BCA1691E 
 240      CD3F5941 
 240      B4BD
 241 00c6 3A217813 		.ascii	":!x\023\011\355\207-\030\206\315\030\006\364\010\360"
 241      09ED872D 
 241      1886CD18 
 241      06F408F0 
 242 00d6 16465274 		.ascii	"\026FRt\353\344\350\224\221\304s\346\247\247K\336\240"
 242      EBE4E894 
 242      91C473E6 
 242      A7A74BDE 
 242      A0
 243 00e7 15EAF72A 		.ascii	"\025\352\367*N\025\2615\220*\002\266a$\303\317t-W\356"
 243      4E15B135 
 243      902A02B6 
 243      6124C3CF 
 243      742D57EE 
 244 00fb 348A8DAB 		.ascii	"4\212\215\253j\261\035\215\364\321\3201\206~m\371O\211"
 244      6AB11D8D 
 244      F4D1D031 
 244      867E6DF9 
 244      4F89
 245 010d E6FFD584 		.ascii	"\346\377\325\204\225\247L\364\331\3642\252\234\361\240"
 245      95A74CF4 
 245      D9F432AA 
 245      9CF1A0
 246 011c 9442990B 		.ascii	"\224B\231\013eD`3\231C\2015{?X2\216\344\010\027\322"
 246      65446033 
 246      99438135 
 246      7B3F5832 
 246      8EE40817 
 247 0131 EB7B5313 		.ascii	"\353{S\023\034\321\310\205|\256\211\252;\367\344\202"
 247      1CD1C885 
 247      7CAE89AA 
 247      3BF7E482 
 248 0141 76CD13AA 		.ascii	"v\315\023\252\023\003vl\224\303\035\352\304\010J*\371"
 248      1303766C 
ARM GAS  C:\Users\CYIRKO~1\AppData\Local\Temp\ccY2auei.s 			page 19


 248      94C31DEA 
 248      C4084A2A 
 248      F9
 249 0152 A00D89CC 		.ascii	"\240\015\211\314\022\003Z\260\213\326>\242g\246\247"
 249      12035AB0 
 249      8BD63EA2 
 249      67A6A7
 250 0161 A2730CD7 		.ascii	"\242s\014\327\244\026r\223\257,\005s\251\265\004!\240"
 250      A4167293 
 250      AF2C0573 
 250      A9B50421 
 250      A0
 251 0172 F4B32FEE 		.ascii	"\364\263/\356\014`7\253\011\201\265\321aK\032`\017\253"
 251      0C6037AB 
 251      0981B5D1 
 251      614B1A60 
 251      0FAB
 252 0184 91C0DA7C 		.ascii	"\221\300\332|MT=a:\000o3\200\270\316\036\300^4R\225"
 252      4D543D61 
 252      3A006F33 
 252      80B8CE1E 
 252      C05E3452 
 253 0199 77983908 		.ascii	"w\2309\010-\002-]\327\273\177\004\207\367\013\272Vc"
 253      2D022D5D 
 253      D7BB7F04 
 253      87F70BBA 
 253      5663
 254 01ab D18991A1 		.ascii	"\321\211\221\241\333f\0074\263(P\340]\014\007v\362e"
 254      DB660734 
 254      B32850E0 
 254      5D0C0776 
 254      F265
 255 01bd 617C42A0 		.ascii	"a|B\240'\330\207\"\177\020\240\227\207\337\354\033\235"
 255      27D88722 
 255      7F10A097 
 255      87DFEC1B 
 255      9D
 256 01ce DB113EB4 		.ascii	"\333\021>\264\30261\354\267\366\356W!\234\335\317\330"
 256      C23631EC 
 256      B7F6EE57 
 256      219CDDCF 
 256      D8
 257 01df 388022CC 		.ascii	"8\200\"\314\241\307\302\315\001\230\307\242\351\363"
 257      A1C7C2CD 
 257      0198C7A2 
 257      E9F3
 258 01ed 8F0CECD5 		.ascii	"\217\014\354\325\014\355\365.L\230\334\2775\263N\314"
 258      0CEDF52E 
 258      4C98DCBF 
 258      35B34ECC 
 259 01fd B5C440F1 		.ascii	"\265\304@\361\203\350\206\006\"4\020\352_\020\254D\022"
 259      83E88606 
 259      223410EA 
 259      5F10AC44 
 259      12
 260 020e 1043C336 		.ascii	"\020C\30361\014\361\030\252\212F^\230\376\305\000\350"
 260      310CF118 
ARM GAS  C:\Users\CYIRKO~1\AppData\Local\Temp\ccY2auei.s 			page 20


 260      AA8A465E 
 260      98FEC500 
 260      E8
 261 021f DB2A86CB 		.ascii	"\333*\206\313!+1\0307\307`q\003\016\263\232i\203\223"
 261      212B3118 
 261      37C76071 
 261      030EB39A 
 261      698393
 262 0232 7EE6E4A6 		.ascii	"~\346\344\246\\\016\331\001\3571\260ys.q\015\204\011"
 262      5C0ED901 
 262      EF31B079 
 262      732E710D 
 262      8409
 263 0244 031CD99C 		.ascii	"\003\034\331\234\313(\317\345\376\272\\\226\365\267"
 263      CB28CFE5 
 263      FEBA5C96 
 263      F5B7
 264 0252 BE9055CB 		.ascii	"\276\220U\313}\334\362\007\334\362@\177\037\256\371"
 264      7DDCF207 
 264      DCF2407F 
 264      1FAEF9
 265 0261 CB9AC322 		.ascii	"\313\232\303\"z\246\313\036Gp\177\331(\245\237\026\375"
 265      7AA6CB1E 
 265      47707FD9 
 265      28A59F16 
 265      FD
 266 0272 B6295E3A 		.ascii	"\266)^:\221\220\232h\263g\330S\\\271\231v%UfkE\335\037"
 266      91909A68 
 266      B367D853 
 266      5CB99976 
 266      2555666B 
 267 0289 7F505254 		.ascii	"\177PRT\311\226\236%\251N\231\315i\326|W\214\014\"\235"
 267      C9969E25 
 267      A94E99CD 
 267      69D67C57 
 267      8C0C229D 
 268 029d 724CB22D 		.ascii	"rL\262-=;\333\232e\310K\317\312\265\036\336\262\205"
 268      3D3BDB9A 
 268      65C84BCF 
 268      CAB51EDE 
 268      B285
 269 02af AC381C4A 		.ascii	"\2548\034J\266\224\2438]\252t49)1)_\222m\262\342\264"
 269      B694A338 
 269      5DAA7434 
 269      39293129 
 269      5F926DB2 
 270 02c5 A6E5C53B 		.ascii	"\246\345\305;blp\354\177\350\364V)1)\345d\212d\317\226"
 270      626C70EC 
 270      7FE8F456 
 270      293129E5 
 270      648A64CF 
 271 02da B37233AD 		.ascii	"\263r3\255\222\354P\355j\332iY\246-b\267}\204\242\322"
 271      92EC50ED 
 271      6ADA6959 
 271      A62D62B7 
 271      7D84A2D2 
 272 02ee 3FA78BCF 		.ascii	"?\247\213\317\333\022(n\355\026\233Z\240RBhRJ\262%#"
ARM GAS  C:\Users\CYIRKO~1\AppData\Local\Temp\ccY2auei.s 			page 21


 272      DB12286E 
 272      ED169B5A 
 272      A0524268 
 272      524AB225 
 273 0303 5DB5E638 		.ascii	"]\265\3468\355\373,\021\261 8\301\344\260:\024g\001"
 273      EDFB2C11 
 273      B12038C1 
 273      E4B03A14 
 273      6701
 274 0315 FC0535D1 		.ascii	"\374\0055\321\254\235"
 274      AC9D
 275              		.text
 276              		.section	.gnu.lto_extSetChannelModeI.95a0cd91,"",%progbits
 277 0000 789C7D52 		.ascii	"x\234}RMHTQ\030\275\347\335\367\346\215\251\263\310"
 277      4D485451 
 277      18BDE7DD 
 277      F7E68DA9 
 277      B3C8
 278 0012 4D940B17 		.ascii	"M\224\013\027\211\350\302\307\264Hp\323\"\204h\333V"
 278      89E8C2C7 
 278      B44870D3 
 278      228468DB 
 278      56
 279 0023 081B9511 		.ascii	"\010\033\225\021\304\2214h7\317\361/\224L\312\324\251"
 279      C4913468 
 279      37CFF12F 
 279      944CCAD4 
 279      A9
 280 0034 99DE9088 		.ascii	"\231\336\220\210\226:\243e\345X\3514B\251dRD\201E\213"
 280      963AA365 
 280      E558E934 
 280      42A96452 
 280      4481458B 
 281 0048 B41F3103 		.ascii	"\264\0371\003\0214\244\254\357^'1\205.<\356\275\357"
 281      1134A4AC 
 281      EF5E2731 
 281      852E3CEE 
 281      BDEF
 282 005a BBE79EF3 		.ascii	"\273\347\236\363\235s5\246\260\036\316\330I\306\330"
 282      9D7335A6 
 282      B01ECED8 
 282      49C6D8
 283 0069 21FAC019 		.ascii	"!\372\300\031\224\326\027\214\325\330\025@,L;\230W\201"
 283      94D6178C 
 283      D5D81540 
 283      2C4C3B98 
 283      5781
 284 007b 17977807 		.ascii	"\027\227x\007G\274\361sT\311\3561i\304:\346\222\033"
 284      47BCF173 
 284      54C9EE31 
 284      69C43AE6 
 284      921B
 285 008d CCFA0316 		.ascii	"\314\372\003\026\301\375\364\211\201\036d\323\251\227"
 285      C1FDF489 
 285      811E64D3 
 285      A997
 286 009b 758301DE 		.ascii	"u\203\001\336\302-\016\250\264]\231\2716\357\020[\005"
ARM GAS  C:\Users\CYIRKO~1\AppData\Local\Temp\ccY2auei.s 			page 22


 286      C22D0EA8 
 286      B45D99B9 
 286      36EF105B 
 286      05
 287 00ac 19B4B51A 		.ascii	"\031\264\265\032\226\257s~\004\214\326o[\307\363\263"
 287      96AF737E 
 287      048CD66F 
 287      5BC7F3B3 
 288 00bc BA4DD367 		.ascii	"\272M\323g\306\026\332\270y\330\342\034\267\301\351"
 288      C616DAB8 
 288      79D8E21C 
 288      B7C1E9
 289 00cb 3EDC423A 		.ascii	">\334B:z\221\316\350\027C\037\262\350t\377\373\211\017"
 289      7A91CEE8 
 289      17431FB2 
 289      E874FFFB 
 289      890F
 290 00dd 369E2791 		.ascii	"6\236'\221\337\237\257E\223\022\320\265pz[\255y\302"
 290      DF9FAF45 
 290      9312D0B5 
 290      707A5BAD 
 290      79C2
 291 00ef E22AFA77 		.ascii	"\342*\372w\203U\206\001\011^\2117\257;\3701\011\236"
 291      83558601 
 291      095E8937 
 291      AF3BF831 
 291      099E
 292 0101 9EECFD69 		.ascii	"\236\354\375iO\2007\303\373\333%XCx7Xc\210 K Z\2727"
 292      4F8037C3 
 292      FBDB2558 
 292      43783758 
 292      6388204B 
 293 0119 BEDA7981 		.ascii	"\276\332y\201D\257\365\205\353R3\273$\372i\344\340\345"
 293      44AFF585 
 293      EB5233BB 
 293      24FA69E4 
 293      E0E5
 294 012b 5A73D254 		.ascii	"Zs\322T-n\303\340\277x1\350\370\307\241\315\253\251"
 294      2D6EC3E0 
 294      BF7831E8 
 294      F8C7A1CD 
 294      ABA9
 295 013d 361543C8 		.ascii	"6\025C\310\354\372\353\025\356\300\006\232#\257\020"
 295      ECFAEB15 
 295      EEC0069A 
 295      23AF10
 296 014c 33377F37 		.ascii	"37\1777\222\214\334\037\3033i\302u\352\225\023\267\256"
 296      928CDC1F 
 296      C33369C2 
 296      75EA9513 
 296      B7AE
 297 015e 4228D720 		.ascii	"B(\327 %\260&\202\211<\232\271\"f\276\010\337\350bs"
 297      25B02682 
 297      893C9AB9 
 297      2266BE08 
 297      DFE86273 
 298 0172 639AB829 		.ascii	"c\232\270)\310E6\355\365\361Y]\330\314\245\312\365g"
ARM GAS  C:\Users\CYIRKO~1\AppData\Local\Temp\ccY2auei.s 			page 23


 298      C84536ED 
 298      F5F1595D 
 298      D8CCA5CA 
 298      F567
 299 0184 D317522C 		.ascii	"\323\027R,\004k(\253\014\213\333\203d\377]\241\212j"
 299      046B28AB 
 299      0C8BDB83 
 299      64FF5DA1 
 299      8A6A
 300 0196 DD0BBEB0 		.ascii	"\335\013\276\260n\014\230[%\035\303\260\320)3\304=\030"
 300      6E0C985B 
 300      251DC3B0 
 300      D02933C4 
 300      3D18
 301 01a8 EC137CA1 		.ascii	"\354\023|\241Rq\261H\350\346\330\025GN\257L\374MT\361"
 301      5271B148 
 301      E8E6D815 
 301      474EAF4C 
 301      FC4D54F1 
 302 01bc 87ECC296 		.ascii	"\207\354\302\226D\334\367\221\263\223X\337C\034\212"
 302      44DCF791 
 302      B39358DF 
 302      431C8A
 303 01cb 040AA997 		.ascii	"\004\012\251\227$R\210\007\011\362\033\235#\253\016"
 303      24528807 
 303      09F21B9D 
 303      23AB0E
 304 01da 226F95E4 		.ascii	"\"o\225\344\3730\"\311\261e\326\324\324\312k\305\031"
 304      FB3022C9 
 304      B165D6D4 
 304      D4CA6BC5 
 304      19
 305 01eb 11C5D028 		.ascii	"\021\305\320(]\231\214(\214 \245\270U\236\230\363\317"
 305      5D998C28 
 305      8C20A5B8 
 305      559E98F3 
 305      CF
 306 01fc 6ADE5FB2 		.ascii	"j\336_\262\\*\"\033\205S\010ex\010\257\320\235!\235"
 306      5C2A221B 
 306      85530865 
 306      7808AFD0 
 306      9D219D
 307 020f 25AB8536 		.ascii	"%\253\2056F&m4]\\u'z\331\026j\373G(\022\002\037\355"
 307      46266D34 
 307      5D5C7527 
 307      7AD9166A 
 307      FB472812 
 308 0226 1528F40B 		.ascii	"\025(\364\013\215\217\377\257ql[#\306\341\334\311\244"
 308      8D8FFFAF 
 308      716C5B23 
 308      C6E1DCC9 
 308      A4
 309 0237 EDB5643E 		.ascii	"\355\265d> \236Vr\220j1\301\210't9[B}\350K\200\313f"
 309      209E5672 
 309      906A31C1 
 309      88277439 
 309      5B427DE8 
ARM GAS  C:\Users\CYIRKO~1\AppData\Local\Temp\ccY2auei.s 			page 24


 310 024f 08118D7E 		.ascii	"\010\021\215~{\247S\243\344v\212_\020#N\015R\206\304"
 310      7BA753A3 
 310      E4768A5F 
 310      10234E0D 
 310      5286C4
 311 0262 63F154B6 		.ascii	"c\361T\266L\021-\005 \217\213\321Dg\350Y(\214\031\005"
 311      4C112D05 
 311      208F8BD1 
 311      4467E859 
 311      288C1905 
 312 0276 F985C7DD 		.ascii	"\371\205\307\335eg\312NU\237+.\363\024\272\304\332S"
 312      6567CA4E 
 312      559F2B2E 
 312      F314BAC4 
 312      DA53
 313 0288 E5CC3B6A 		.ascii	"\345\314;jx\252\014wQ\271Qu\326%\346\323%\347\253s]"
 313      78AA0C77 
 313      51B95175 
 313      D625E6D3 
 313      25E7AB73 
 314 029d 4CA5A952 		.ascii	"L\245\251Rw\271\213**J\3125\332\270*5Oy\261\253\362"
 314      77B98B2A 
 314      2A4ACA35 
 314      DAB82A35 
 314      4F79B1AB 
 315 02b2 0FB09348 		.ascii	"\017\260\223H\020"
 315      10
 316              		.text
 317              		.section	.gnu.lto_.symbol_nodes.95a0cd91,"",%progbits
 318 0000 789C55C9 		.ascii	"x\234U\311\313\015\3020\024D\321\3618\316\307i\212T"
 318      CB0DC230 
 318      1444D1F1 
 318      38CEC769 
 318      8A54
 319 0012 365E5000 		.ascii	"6^P\000\005\360\307\022Bt@\021\251\001\032A\030g\223"
 319      05F0C712 
 319      42744011 
 319      A9011A41 
 319      186793
 320 0025 B7BAD2B9 		.ascii	"\267\272\322\271\001Dp\000\270\247\200\335\014\224\274"
 320      01447000 
 320      B8A780DD 
 320      0C94BC
 321 0034 D254E440 		.ascii	"\322T\344@9+G\212VN\224\267r\246\032+\027*X\271R\255"
 321      392B478A 
 321      564E94B7 
 321      72A61A2B 
 321      172A58B9 
 322 004a 1177A3BA 		.ascii	"\021w\243\272*@J\233\002\231\352\015\334\251\301\300"
 322      2A404A9B 
 322      0299EA0D 
 322      DCA9C1C0 
 323 005a 838A069E 		.ascii	"\203\212\006\236\324\270\006\217\016\371\375u\236=\362"
 323      D4B8068F 
 323      0EF9FD75 
 323      9E3DF2
 324 0069 A7D40FD8 		.ascii	"\247\324\017\330\376\333\304\245a\\\332\306\372\361"
ARM GAS  C:\Users\CYIRKO~1\AppData\Local\Temp\ccY2auei.s 			page 25


 324      FEDBC4A5 
 324      615CDAC6 
 324      FAF1
 325 0077 03A63741 		.ascii	"\003\2467A\234"
 325      9C
 326              		.text
 327              		.section	.gnu.lto_.refs.95a0cd91,"",%progbits
 328 0000 789C6365 		.ascii	"x\234ce`b`d\000\002\000\000I\000\011"
 328      60626064 
 328      00020000 
 328      490009
 329              		.text
 330              		.section	.gnu.lto_.decls.95a0cd91,"",%progbits
 331 0000 789CAD58 		.ascii	"x\234\255XyP\024W\032\357\327=\3000\014G\320$\226!\273"
 331      79501457 
 331      1AEFD73D 
 331      C0300C47 
 331      D0249621 
 332 0015 AC4B366C 		.ascii	"\254K6lR\021\324T\314\246jS&\306$l\305\\\230\354\326"
 332      5211D454 
 332      CCA66A53 
 332      26C6246C 
 332      C55C98EC 
 333 002a 2E5B5330 		.ascii	".[S0\214\221\015\207\313\214\331\370\3276 \212\027\240"
 333      8C910D87 
 333      CB8CD9F8 
 333      D736208A 
 333      17A0
 334 003c 10028880 		.ascii	"\020\002\210\200\"\010\202\034\236A\024\021\221KA@\021"
 334      2208821C 
 334      9E411411 
 334      914B4140 
 334      11
 335 004d 41E5F040 		.ascii	"A\345\360@\024OP\016/\366{GO7\343L\314nm\227\217\351"
 335      144F500E 
 335      2FF67B47 
 335      4F37E34C 
 335      CC6E6D97 
 336 0063 F7FAFB7E 		.ascii	"\367\372\373~\337\357\367}\357\275~\255\035\307s\037"
 336      DFEFF77D 
 336      EFBD7EAD 
 336      1DC7731F 
 337 0073 BDC87141 		.ascii	"\275\310qA*\216\363\0208n\002.5\307q;9\371\322B+\206"
 337      2A8EF310 
 337      386E022E 
 337      35C7713B 
 337      39F9D242 
 338 0089 360AED11 		.ascii	"6\012\355\021\264'x\020q\034\017M\003M\013\315\005\232"
 338      B4277810 
 338      711C0F4D 
 338      034D0BCD 
 338      059A
 339 009b 1B347768 		.ascii	"\0334whS\021\367\324\365w\030\003x\356kh\317#\031\237"
 339      5311F7D4 
 339      F5771803 
 339      78EE6B68 
 339      CF23199F 
ARM GAS  C:\Users\CYIRKO~1\AppData\Local\Temp\ccY2auei.s 			page 26


 340 00af 67D85A2B 		.ascii	"g\330Z+>\267a\314\201\371\270C\233\012\255\007Z/\264"
 340      3EB761CC 
 340      81F9B843 
 340      9B0AAD07 
 340      5A2FB4
 341 00c2 C3D0AE30 		.ascii	"\303\320\2560\377K\320\372(%\302\321\362\032GT\203%"
 341      FF4BD0FA 
 341      2825C2D1 
 341      F21A4754 
 341      8325
 342 00d4 0EF66F85 		.ascii	"\016\366o\205\346\001\317\177\203(\356\014\370\035a"
 342      E601CF7F 
 342      8328EE0C 
 342      F81D61
 343 00e3 F83CC3C5 		.ascii	"\370<\303\305\370\216L\273\027<\377\0354oh3\231n_h\263"
 343      F88E4CBB 
 343      173CFF1D 
 343      346F6833 
 343      996E5F68 
 344 00f8 A1BD8928 		.ascii	"\241\275\211(\207?Zhyl#\2762\266\024\267\227\361\262"
 344      873F5A68 
 344      796C23BE 
 344      32B614B7 
 344      97F1B2
 345 010b 16FF8995 		.ascii	"\026\377\211\225\370nV\342\277o\021\037\001\220\306"
 345      F86E56E2 
 345      BF6F111F 
 345      0190C6
 346 011a 4AFC760B 		.ascii	"J\374v\013\016\347\341\376\002\363q\344hB-\343\271["
 346      0EE7E1FE 
 346      02F371E4 
 346      68422DE3 
 346      B95B
 347 012c 89F7278B 		.ascii	"\211\367'\213xv\377c<\336J\274\251V\342}a\021\357y\210"
 347      7876FF63 
 347      3CDE4ABC 
 347      A956E27D 
 347      6111EF79 
 348 0141 E762239E 		.ascii	"\347b#\236\035\330~\211hNqn\373\241\371C_\245\210/\345"
 348      1DD87E89 
 348      684E716E 
 348      FBA1F943 
 348      5FA5882F 
 349 0156 F92ABBD7 		.ascii	"\371*\273\3270\2358\314_-b\375(\240}\353k\016\361\335"
 349      309D38CC 
 349      5F2D62FD 
 349      28A07DEB 
 349      6B0EF1DD 
 350 016a E83C4E2B 		.ascii	"\350<N+r\243\031F\364/\"\215t'\244\013!2N\312\300@\245"
 350      72A31946 
 350      F42F228D 
 350      7427A40B 
 350      21324ECA 
 351 0181 212479B0 		.ascii	"!$y\260>\317\272<\203$\377\2303R \322\3074\222t\321"
 351      3ECFBA3C 
 351      8324FF98 
 351      335220D2 
ARM GAS  C:\Users\CYIRKO~1\AppData\Local\Temp\ccY2auei.s 			page 27


 351      C7349274 
 352 0196 72D11BE2 		.ascii	"r\321\033\342&y#^\016\200\220\322A\001Hi\263\347f~\234"
 352      2679235E 
 352      0E8090D2 
 352      41014869 
 352      B3E7667E 
 353 01ab 2C0E49EA 		.ascii	",\016I\352\357\246\235\350\327\364\240\013x4{\036\""
 353      EFA69DE8 
 353      D7F4A00B 
 353      78347B1E 
 353      22
 354 01bc 633903C9 		.ascii	"c9\003\311C\274\000\345\203\373\236\361\374\017g\026"
 354      43BC00E5 
 354      83FB9EF1 
 354      FC0F6716 
 355 01cc 89F4524F 		.ascii	"\211\364RO\227\323vlb\264\3125^@\356\032\304C\267\355"
 355      97D3766C 
 355      62B4CA35 
 355      5E40EE1A 
 355      C443B7ED 
 356 01e0 CE89CD4E 		.ascii	"\316\211\315N\320\235\252An\320\035\213j?\242\231\226"
 356      D09DAA41 
 356      6ED01D8B 
 356      6A3FA299 
 356      96
 357 01f1 42BC6244 		.ascii	"B\274bD7\036}\375\002*B\036\250\020y@\360\235h\032\374"
 357      371E7DFD 
 357      022A421E 
 357      A8107940 
 357      F09D681A 
 358 0206 C57B1446 		.ascii	"\305{\024F\032\271\232\262[=#[\314\356\025\253z\242"
 358      1AB99AB2 
 358      5B3D235B 
 358      CCEE15AB 
 358      7AA2
 359 0218 7F951223 		.ascii	"\177\225\022#\346\203\227'\266B\005H@;\320L\314\030"
 359      E6839727 
 359      B6420548 
 359      403BD04C 
 359      CC18
 360 022a 6EE16F3E 		.ascii	"n\341o>\352Ah;\352\006=\305h\006xW\327v\256\327\010"
 360      EA41683B 
 360      EA063DC5 
 360      68067857 
 360      D776AED7 
 361 023f F309D9D6 		.ascii	"\363\011\331\326\025\245\031\002\345\244\302\332\232"
 361      15A51902 
 361      E5A4C2DA 
 361      9A
 362 024c D22FB950 		.ascii	"\322/\271PN\236\320\275\260\371\366\260J\370\202X\226"
 362      4E9ED0BD 
 362      B0F9F6B0 
 362      4AF88258 
 362      96
 363 025d C45E2E50 		.ascii	"\304^.P\303#\017\015\232@\270\177\243|\334\231\366\225"
 363      C3230F0D 
 363      9A40B87F 
ARM GAS  C:\Users\CYIRKO~1\AppData\Local\Temp\ccY2auei.s 			page 28


 363      A37CDC99 
 363      F695
 364 026f E23EA7E2 		.ascii	"\342>\247\342\326\\*\331\340(\374\231<\272\\\275\261"
 364      D65C2AD9 
 364      E028FC99 
 364      3CBA5CBD 
 364      B1
 365 0280 CF4905B5 		.ascii	"\317I\005\265\337\007\324\366b90\230Vw\277\302I\010"
 365      DF07D4F6 
 365      62393098 
 365      5677BFC2 
 365      4908
 366 0292 22062787 		.ascii	"\"\006'\207\3726\250\260\301O`\360\272\007\332\217T"
 366      FA36A8B0 
 366      C14F60F0 
 366      BA07DA8F 
 366      54
 367 02a3 78F85647 		.ascii	"x\370VG\337\260Z\370\226\230\254\354\351I\341\261\311"
 367      DFB05AF8 
 367      9698ACEC 
 367      E949E1B1 
 367      C9
 368 02b4 013079CD 		.ascii	"\0010y\315\003\225\023\023>id[\246\006y\253\363p\326"
 368      03951313 
 368      3E69645B 
 368      A60679AB 
 368      F370D6
 369 02c7 AA46333D 		.ascii	"\252F3=S\017\342<\034Bj\216%\001_+E1Z\274\023\035%L"
 369      530FE23C 
 369      1C426A8E 
 369      25015F2B 
 369      45315ABC 
 370 02df E3D01C0F 		.ascii	"\343\320\034\017\344\213\023\012&\330\002\035D\336\250"
 370      E48B130A 
 370      26D8021D 
 370      44DEA8
 371 02ee 02A9D01E 		.ascii	"\002\251\320\036H\365n\340\006\261\372.mM\324\010;\020"
 371      48F56EE0 
 371      06B1FA2E 
 371      6D4DD408 
 371      3B10
 372 0300 0ECC0FE6 		.ascii	"\016\314\017\346&\255u@j\357\2471P\025\270\332\202\241"
 372      26AD7540 
 372      6AEFA731 
 372      5015B8DA 
 372      82A1
 373 0312 84FA53ED 		.ascii	"\204\372S\355a\012\240\303`T)\227\005\263#9\350\317"
 373      610AA0C3 
 373      60542997 
 373      05B32339 
 373      E8CF
 374 0324 E9EA570B 		.ascii	"\351\352W\013{I \224^q\257\321\216VB\015\335\375\267"
 374      7B492094 
 374      5E71AFD1 
 374      8E56420D 
 374      DDFDB7
 375 0337 0AF73BD3 		.ascii	"\012\367;\323JT\341\307\327\236\224\\U\011\207\251m"
ARM GAS  C:\Users\CYIRKO~1\AppData\Local\Temp\ccY2auei.s 			page 29


 375      4A54E1C7 
 375      D79E945C 
 375      550987A9 
 375      6D
 376 0348 E9C11537 		.ascii	"\351\301\0257]\250m\025\256E\335\2153\015\016\324X\324"
 376      5DA86D15 
 376      AE45DD8D 
 376      330D0ED4 
 376      58D4
 377 035a E2DA0C15 		.ascii	"\342\332\014\025\3448\010\265\324x\370\307\330\325j"
 377      E43808B5 
 377      D478F8C7 
 377      D8D56A
 378 0369 6AFC2274 		.ascii	"j\374\"t\3537e\374J\023\207\351%\306\210\216\037\343"
 378      EB3765FC 
 378      4A1387E9 
 378      25C6888E 
 378      1FE3
 379 037b E132205D 		.ascii	"\3412 ]J\246Y\003\202m\013\371x\240z\232\212\341\335"
 379      4AA65903 
 379      826D0BF9 
 379      78A07A9A 
 379      8AE1DD
 380 038e B9494EC2 		.ascii	"\271IN\302I\012t\241\276\240\020\317\225Wa\006\300\345"
 380      490A74A1 
 380      BEA010CF 
 380      95576106 
 380      C0E5
 381 03a0 AA9804AF 		.ascii	"\252\230\004\257\322I\320\2260\264\315A8M3\227\326\330"
 381      D249D096 
 381      30B4CD41 
 381      384D3397 
 381      D6D8
 382 03b2 51AD42DE 		.ascii	"Q\255B\336\032\232\212\211\212w\323\206pmN\"\015j\222"
 382      1A9A8A89 
 382      8A77D386 
 382      706D4E22 
 382      0D6A92
 383 03c5 93F12ADE 		.ascii	"\223\361*\336'\343pr\011\035\316L\0065CJ\001\027\333"
 383      27E37072 
 383      091DCE4C 
 383      0635434A 
 383      0117DB
 384 03d8 A1133078 		.ascii	"\241\0230x\234R*\330\266a\253\275PK\326\032_[y\356\254"
 384      9C522AD8 
 384      B661ABBD 
 384      504BD61A 
 384      5F5B79EE 
 385 03ed 0A69BCAD 		.ascii	"\012i\274\255\002\264Y\001`d:g\324\306\212\"\217Z\201"
 385      02B45901 
 385      60643A67 
 385      D4C68A22 
 385      8F5A81
 386 0400 4C8B4CE6 		.ascii	"L\213L\346$\226\217\203T\267\254Nq\025\012\005\242j"
 386      24968F83 
 386      54B7AC4E 
 386      71150A05 
ARM GAS  C:\Users\CYIRKO~1\AppData\Local\Temp\ccY2auei.s 			page 30


 386      A26A
 387 0412 55CA8962 		.ascii	"U\312\211b\265PL:\374\336\215\035wx[\021\317\330\214"
 387      B5504C3A 
 387      FCDE8D1D 
 387      77785B11 
 387      CFD88C
 388 0425 D873DB2B 		.ascii	"\330s\333+\3554\226\337\016\021O\313\021[\245\210\217"
 388      ED3496DF 
 388      0E114FCB 
 388      115BA588 
 388      8F
 389 0436 AED4BFA4 		.ascii	"\256\324\277\244\302\373)6\010\"\363\377v\371\232\021"
 389      C2FB2936 
 389      0822F3FF 
 389      76F99A11 
 390 0446 27215A45 		.ascii	"'!ZE\327W\322\252iB\"\275\317\277\320\032\255\025\266"
 390      D757D2AA 
 390      694222BD 
 390      CFBFD01A 
 390      AD15B6
 391 0459 90CEF49E 		.ascii	"\220\316\364\236\236\306\325Z\344\255\235\246\322N\361"
 391      9EC6D55A 
 391      E4AD9DA6 
 391      D24EF1
 392 0468 9AE2E58D 		.ascii	"\232\342\345\215\377z\273\323[o\357)\3364~s\272[\264"
 392      FF7ABBD3 
 392      5B6FEF29 
 392      DE347E73 
 392      BA5BB4
 393 047b 28227407 		.ascii	"(\"t\007i\321Y9\374y\204_\313k\314Z`W\233\246\230\016"
 393      69D15939 
 393      FC79845F 
 393      CB6BCC5A 
 393      60579BA6 
 394 0491 F09859DA 		.ascii	"\360\230Y\332\332\227.\220}\251\033\251\350\233\003"
 394      DA972E90 
 394      7DA91BA9 
 394      E89B03
 395 04a0 B61A2DEA 		.ascii	"\266\032-\352\200\236\002\262\027MQ@\366\220\210\334"
 395      809E02B2 
 395      174D5140 
 395      F69088DC 
 396 04b0 06320145 		.ascii	"\0062\001Eq\236\212CG\341a5N\337=H\337E\260\306\013"
 396      719E8A43 
 396      47E16135 
 396      4EDF3D48 
 396      DF45B0C6 
 397 04c5 EA32DC5F 		.ascii	"\3522\334_B^\250\017y\2215\274\025\003Vugy$\305\210"
 397      425EA80F 
 397      799135BC 
 397      15035675 
 397      677924C5 
 398 04da F5BEE80A 		.ascii	"\365\276\350\012\304\251\001\035\027\025\3400o9R\014"
 398      C4A9011D 
 398      1715E030 
 398      6F39520C 
 399 04ea 5BF84798 		.ascii	"[\370G\230\203m\374'\231\323\207\243\305T_\262dw1s\266"
ARM GAS  C:\Users\CYIRKO~1\AppData\Local\Temp\ccY2auei.s 			page 31


 399      836DFC27 
 399      99D387A3 
 399      C5545FB2 
 399      64773173 
 400 04ff DC09FA2C 		.ascii	"\334\011\372,\014NS\332\235\351\026\205S\012&\312\315"
 400      0C4E53DA 
 400      9DE91685 
 400      530A26CA 
 400      CD
 401 0510 46A1BC7F 		.ascii	"F\241\274\177\222\362+\223\224\307af\265\360\360\030"
 401      92F22B93 
 401      94C76166 
 401      B5F0F018 
 402 0520 6636046C 		.ascii	"f6\004l\006(3\016]\225)\341=d\263{\222\210%_G\356\250"
 402      0628330E 
 402      5D9529E1 
 402      3D64B37B 
 402      9288255F 
 403 0537 0E28613B 		.ascii	"\016(a;\263\243LJ\251Xz\314I\240\350\032\004\220p)\375"
 403      B3A34C4A 
 403      A9587ACC 
 403      49A0E81A 
 403      04907029 
 404 054c DACDEE84 		.ascii	"\332\315\356\204\376\300d\372\211\014\306S\205\006\025"
 404      FEC064FA 
 404      890CC653 
 404      850615
 405 055b 81381C5E 		.ascii	"\2018\034^\332 \254g\367.\204\270\311\302\335\206\373"
 405      DA20AC67 
 405      F72E84B8 
 405      C9C2DD86 
 405      FB
 406 056c 5B90DD1B 		.ascii	"[\220\335\033\223\262\333\234\341N\253\207g\341)\220"
 406      93B2DB9C 
 406      E14EAB87 
 406      67E12990 
 407 057c 72F3BFA8 		.ascii	"r\363\277\250\036\367\014\360\266\227\322\304\252\025"
 407      1EF70CF0 
 407      B697D2C4 
 407      AA15
 408 058a 0259D28D 		.ascii	"\002Y\322\215V\261\025\265\033I\247\342o\332\254\235"
 408      56B115B5 
 408      1B49A7E2 
 408      6FDAAC9D 
 409 059a 7221A073 		.ascii	"r!\240s\020Q^\013\024\342L\006\331\333q\222:\345\005"
 409      10515E0B 
 409      14E24C06 
 409      D9DB7192 
 409      3AE505
 410 05ad 8501258B 		.ascii	"\205\001%\213\241\227\261\3010\030t\311\006\003\304"
 410      A197B1C1 
 410      301874C9 
 410      0603C4
 411 05bc C05AB194 		.ascii	"\300Z\261\224\223\300J\275F3\275\322\356\341\035\004"
 411      93C04ABD 
 411      4633BDD2 
 411      EEE11D04 
ARM GAS  C:\Users\CYIRKO~1\AppData\Local\Temp\ccY2auei.s 			page 32


 412 05cc AFA72332 		.ascii	"\257\247#2\340E\002\210_\012Go\374\344\250\222\026!"
 412      E0450288 
 412      5F0A476F 
 412      FCE4A892 
 412      1621
 413 05de DD420E57 		.ascii	"\335B\016W\036\231n\363L1B\326\356}\304\016\025C\235"
 413      1E996EF3 
 413      4C3142D6 
 413      EE7DC40E 
 413      15439D
 414 05f1 B16D2AF3 		.ascii	"\261m*\363\241\342\267}\273D\021\366HQ\205\355P\211"
 414      A1E2B77D 
 414      BB4411F6 
 414      485185ED 
 414      5089
 415 0603 1CB0C4F2 		.ascii	"\034\260\304\362T1JN\025\025\335cY\032\241\220\356P"
 415      54314A4E 
 415      1515DD63 
 415      591AA190 
 415      EE50
 416 0615 897B7615 		.ascii	"\211{v\025\331\023.W\314\\\3666\344x\231\351\215\323"
 416      D9132E57 
 416      CC5CF636 
 416      E47899E9 
 416      8DD3
 417 0627 57FC606E 		.ascii	"W\374`nz>o\223\340CB\360\201D\360aeG\274+#xq:T\033v"
 417      7A3E6F93 
 417      E04342F0 
 417      8144F061 
 417      6547BC2B 
 418 0642 34D8C3C1 		.ascii	"4\330\303\301\012\215\311\364\306,\351=\"\364z\236\024"
 418      0A8DC9F4 
 418      C62CE93D 
 418      22F47A9E 
 418      14
 419 0653 F43A0B7B 		.ascii	"\364:\013{(\275\261\013w\307y\206T\375\262\031\011\013"
 419      28BDB10B 
 419      77C77986 
 419      54FDB219 
 419      090B
 420 0665 7D2C233D 		.ascii	"},#=\266DzB\220\266\325l\352u\022\016R\244\330\361\276"
 420      B6447A42 
 420      90B6D56C 
 420      EA75120E 
 420      52A4D8F1 
 421 067a F50E0CA9 		.ascii	"\365\016\014\251\321\333\214\204g\317\204\2144a\211"
 421      D1DB8C84 
 421      67CF848C 
 421      346189
 422 0689 24F21869 		.ascii	"$\362\030im\313\325\033\202\320D\221r\023\332\223\021"
 422      6DCBD51B 
 422      82D04491 
 422      7213DA93 
 422      11
 423 069a 437AF0DA 		.ascii	"Cz\360\332$\244(\336\214\004\267\223\221\242\011Rb["
 423      24A428DE 
 423      8C04B793 
ARM GAS  C:\Users\CYIRKO~1\AppData\Local\Temp\ccY2auei.s 			page 33


 423      91A20952 
 423      625B
 424 06ac 74ADA3D0 		.ascii	"t\255\243\320C\221\266\327\016\264\252\246(\367\031"
 424      4391B6D7 
 424      0EB4AAA6 
 424      28F719
 425 06bb 6B6B949B 		.ascii	"kk\224\233\264\206\360\211\243\350|\224\213V\261\004"
 425      B486F089 
 425      A3E87C94 
 425      8B56B104 
 426 06cb 56F0CAED 		.ascii	"V\360\312\355+\226\3272\303\274{\031\343ZRI\030c\305"
 426      2B96D732 
 426      C3BC7B19 
 426      E35A5249 
 426      1863C5
 427 06de 6D8AEA28 		.ascii	"m\212\352(V\231\337_+y2\270\245a\240\010\231K\276\212"
 427      5699DF5F 
 427      2B7932B8 
 427      A561A008 
 427      994BBE8A 
 428 06f2 0E668D74 		.ascii	"\016f\215t\377`\273\344\253y\\\3628\236\225|\240\262"
 428      FF60BBE4 
 428      AB795CF2 
 428      389E957C 
 428      A0B2
 429 0704 66AB9494 		.ascii	"f\253\224\224\3533\315I\001+\024#'%\3062)kHR\304\241"
 429      EB33CD49 
 429      012B1423 
 429      2725C632 
 429      296B4852 
 430 071a BB1B9C84 		.ascii	"\273\033\234\204!\232\224\373\225G\263\354\000\251\227"
 430      219A94FB 
 430      9547B3EC 
 430      00A997
 431 0729 BC8CDF2E 		.ascii	"\274\214\337.(\275,\306i\310\271\032\255\225\221\326"
 431      28BD2CC6 
 431      69C8B91A 
 431      AD9591D6 
 432 0739 62247CB3 		.ascii	"b$|\263\216 \354N\216\316r\021&(Bg\366\325D'\206\360"
 432      8E20EC4E 
 432      8ECE7211 
 432      26284267 
 432      F6D54427 
 433 074f E0F76962 		.ascii	"\340\367ib5\2350\353e\357\365\222w<\361\316\330\022"
 433      359D30EB 
 433      65EFF592 
 433      773CF1CE 
 433      D812
 434 0761 FD6B61BD 		.ascii	"\375ka\275\035q^\323p\375\2063s\256~\315\354\234 ;'"
 434      1D715ED3 
 434      70FD8633 
 434      73AE7ECD 
 434      EC9C203B 
 435 0776 48CE89C4 		.ascii	"H\316\211\304\271\250\370\336e'!\235z\267&\367\226\""
 435      B9A8F8DE 
 435      6527219D 
 435      7AB726F7 
ARM GAS  C:\Users\CYIRKO~1\AppData\Local\Temp\ccY2auei.s 			page 34


 435      9622
 436 0788 E6DD48BD 		.ascii	"\346\335H\275\361\274\330 {o\220\2747R\357\372\364\022"
 436      F1BCD820 
 436      7B6F90BC 
 436      3752EFFA 
 436      F412
 437 079a 47A18C7A 		.ascii	"G\241\214z\337m\331y\335\225y\267\311\336I\262w\222"
 437      DF6DD979 
 437      DD9579B7 
 437      C9DE49B2 
 437      7792
 438 07ac E49D4CBC 		.ascii	"\344\235L\274{\306:\272\265\312\231\260s\322\251\340"
 438      7BC63ABA 
 438      B5CA99B0 
 438      73D2A9E0 
 439 07bc 075EDA09 		.ascii	"\007^\332\011\361-\026\267\357T\267\312\346\2312\205"
 439      F12D16B7 
 439      EF54B7CA 
 439      E6993285 
 440 07cc 67674A5F 		.ascii	"ggJ_"
 441 07d0 727E6B1F 		.ascii	"r~k\037;\364@+4\020j\252\336\234\241A{\344\355\201\220"
 441      3BF4402B 
 441      34106AAA 
 441      DE9CA141 
 441      7BE4ED81 
 442 07e5 065A9EF4 		.ascii	"\006Z\236\364\321\304\241t^\203~d\254\340J\027\001\375"
 442      D1C4A174 
 442      5E837E64 
 442      ACE04A17 
 442      01FD
 443 07f7 CEBFF130 		.ascii	"\316\277\3610=,\336\331**N\342\251\2747y\304\241M\274"
 443      3D2CDED9 
 443      2A2A4EE2 
 443      A9BC3779 
 443      C4A14DBC 
 444 080b 074AE33D 		.ascii	"\007J\343=\300AMF \340\272\233\255\251Zw\363{\015\021"
 444      C0414D46 
 444      20E0BA9B 
 444      ADA95A77 
 444      F37B0D11 
 445 081f 6C79C665 		.ascii	"ly\306e\360\356\022I\322\301\037,\017w\036`\307k{\350"
 445      F0EE1249 
 445      D2C11F2C 
 445      0F771E60 
 445      C76B7BE8 
 446 0833 8E966437 		.ascii	"\216\226d7;\333\224\227)\311\333\314\023}\367\326\304"
 446      3BDB9497 
 446      29C9DBCC 
 446      137DF7D6 
 446      C4
 447 0844 8EB22F2A 		.ascii	"\216\262/*\007|V\353\317\210\327\322\243\371\333\320"
 447      077C56EB 
 447      CF88D7D2 
 447      A3F9DBD0 
 448 0854 3DD75254 		.ascii	"=\327RT\353lI&\033Hg\361\030l\013!\223I\311l!d6\236"
 448      EB6C4926 
 448      1B4867F1 
ARM GAS  C:\Users\CYIRKO~1\AppData\Local\Temp\ccY2auei.s 			page 35


 448      186C0B21 
 448      9349C96C 
 449 086c 2AAFE095 		.ascii	"*\257\340\225\305\030\231T\214\255tY\342_L5\246\367"
 449      C5189954 
 449      8CAD7459 
 449      E25F4C35 
 449      A6F7
 450 087e 9483D04C 		.ascii	"\224\203\320L\353\236\371x\337\017x\302V\301\342\351"
 450      EB9EF978 
 450      DF0F78C2 
 450      56C1E2E9 
 451 088e A810CE25 		.ascii	"\250\020\316%\034_'fG\211\363h=s\344\362\347X\256\237"
 451      1C5F2766 
 451      4789F368 
 451      3D73E4F2 
 451      E758AE9F 
 452 08a2 6D641AAC 		.ascii	"md\032\254\213\335\021\345 \254\265'`\015\311y\311Z"
 452      8BDD11E5 
 452      20ACB527 
 452      600DC979 
 452      C95A
 453 08b4 0636D828 		.ascii	"\0066\330(\334*\\)\266\210b\366\307t\011\345\312`\271"
 453      DC2A5C29 
 453      B68862F6 
 453      C77409E5 
 453      CA60B9
 454 08c7 96607904 		.ascii	"\226`y\004,otl\255\213PK\301b\037\017\365\2720\260\243"
 454      2C6F746C 
 454      AD8B504B 
 454      C1621F0F 
 454      F5BA30B0 
 455 08dc 5DC28EDD 		.ascii	"]\302\216\335\227E\021\024\256\200\017(\214\266]F\333"
 455      97451114 
 455      AE800F28 
 455      8CB65D46 
 455      DB
 456 08ed 6E89964F 		.ascii	"n\211\226O\320:\372\253\203\205\004\007\002\266cgf\251"
 456      D03AFAAB 
 456      83850407 
 456      02B66367 
 456      66A9
 457 08ff 8BB09976 		.ascii	"\213\260\231v\326V\037\315\300/\036\264\203L\036|\224"
 457      D6561FCD 
 457      C02F1EB4 
 457      834C1E7C 
 457      94
 458 0910 1FEF7123 		.ascii	"\037\357q#{P\253\371`]SZ\370\330\305\366\2476\331\202"
 458      7B50ABF9 
 458      605D535A 
 458      F8D8C5F6 
 458      A736D982 
 459 0924 8AA42DA8 		.ascii	"\212\244-\250\177SJ\251\224\305\236\233B|A7\315b=\217"
 459      7F534AA9 
 459      94C59E9B 
 459      427C4137 
 459      CD623D8F 
 460 0938 2D5181C4 		.ascii	"-Q\201\304\025\025\362*\334\263\370\342&t;w\364]\261"
ARM GAS  C:\Users\CYIRKO~1\AppData\Local\Temp\ccY2auei.s 			page 36


 460      1515F22A 
 460      DCB3F8E2 
 460      26743B77 
 460      F45DB1
 461 094b 176E518A 		.ascii	"\027nQ\212\273\366\247\2269\313e\2715\271,%\262\366"
 461      BBF6A796 
 461      39CB65B9 
 461      35B92C25 
 461      B2F6
 462 095d 124BB052 		.ascii	"\022K\260R\002\326r\253b\235\223\360\210\202\345\257"
 462      02D672AB 
 462      629D93F0 
 462      8882E5AF 
 463 096d 889FB097 		.ascii	"\210\237\260\227\313\262f\347\244\262\224\311`e\226"
 463      CBB266E7 
 463      A4B294C9 
 463      606596
 464 097c 60BB0858 		.ascii	"`\273\010Xo\326\325$g!NM\300\216W\346\264\333\311e\351"
 464      6FD6D524 
 464      67214E4D 
 464      C08E57E6 
 464      B4DBC965 
 465 0991 B228CB6E 		.ascii	"\262(\313n\031m\267%\332\036\202\226\263\275.W-$S\264"
 465      196DB725 
 465      DA1E8296 
 465      B3BD2E57 
 465      2D2453B4 
 466 09a5 C27DB907 		.ascii	"\302}\271\007\020]\010\216\2702\307\366\326\012t!\324"
 466      105D088E 
 466      B832C7F6 
 466      D60A7421 
 466      D4
 467 09b6 939743D3 		.ascii	"\223\227C\323p\212F\330Jm\317\345\234\311@6\227X\271"
 467      708A46D8 
 467      4A6DCFE5 
 467      9CC94036 
 467      9758B9
 468 09c9 B4C4AAE9 		.ascii	"\264\304\252\351'`\312\246\326\207\032\313E\264\037"
 468      2760CAA6 
 468      D6871ACB 
 468      45B41F
 469 09d8 16D13EB2 		.ascii	"\026\321>\262\210\016\220ED\234\310Y\244i\313&G\015"
 469      880E9045 
 469      449CC859 
 469      A469CB26 
 469      470D
 470 09ea DB35E27E 		.ascii	"\3335\342~v\327\300\0119\225\020\254\204\256\3709\350"
 470      76D7C009 
 470      399510AC 
 470      84AEF839 
 470      E8
 471 09fb 92DAF27E 		.ascii	"\222\332\362~\227Wr\304\226*\230\033\325\257\227EW\211"
 471      975772C4 
 471      962A981B 
 471      D5AF9745 
 471      5789
 472 0a0d 31F3D041 		.ascii	"1\363\320A\336\035\375\004\271\202\203\207\302u/\214"
ARM GAS  C:\Users\CYIRKO~1\AppData\Local\Temp\ccY2auei.s 			page 37


 472      DE1DFD04 
 472      B9828387 
 472      C2752F8C 
 473 0a1d 2C828979 		.ascii	",\202\211y\210\177\005\377\367Gs\347\200\243PH\325w"
 473      887F05FF 
 473      F74773E7 
 473      80A35048 
 473      D577
 474 0a2f 6CB932A6 		.ascii	"l\2712\246\261\251\376\260\244>\2132\274\226\337R\313"
 474      B1A9FEB0 
 474      A43E8B32 
 474      BC96DF52 
 474      CB
 475 0a40 5BAA974F 		.ascii	"[\252\227O\311U\204\342a\211b\343q\361\254\203\245 "
 475      C95584E2 
 475      618962E3 
 475      71F1AC83 
 475      A520
 476 0a52 9BD6B94D 		.ascii	"\233\326\271M\325\210\351i{9*\273*\312\023\035aj\340"
 476      D588E969 
 476      7B392ABB 
 476      2ACA131D 
 476      616AE0
 477 0a65 F0A3F0AB 		.ascii	"\360\243\360\253dj\252\211\232\301s\307V9\013\345TM"
 477      646AAA89 
 477      9AC173C7 
 477      56390BE5 
 477      544D
 478 0a77 5C5D773B 		.ascii	"\\]w;\253\373s\370U\324Tw\236\325=\016)\376\333\313"
 478      ABFB73F8 
 478      55D45477 
 478      9ED53D0E 
 478      29FEDBCB 
 479 0a8b 9DFEB757 		.ascii	"\235\376\267WY\336\223\363.6\265\327I\332k\251\366\266"
 479      59DE93F3 
 479      2E36B5D7 
 479      49DA6BA9 
 479      F6B6
 480 0a9d 9273898E 		.ascii	"\222s\211\216\226\332\217A\216kH\216\353\211\232:I\315"
 480      96DA8F41 
 480      8E6B488E 
 480      EB899A3A 
 480      49CD
 481 0aaf FDC3F1F7 		.ascii	"\375\303\361\367\355-\265\333\264N\217\037*qf\342\273"
 481      ED2DB5DB 
 481      B44E8F1F 
 481      2A7166E2 
 481      BB
 482 0ac0 BCA9F806 		.ascii	"\274\251\370\006&\036\316k\012\307\243L|#\021\237]\221"
 482      261ECE6B 
 482      0AC7A34C 
 482      7C23119F 
 482      5D91
 483 0ad2 98A516EA 		.ascii	"\230\245\026\352\250\370\262\336G\007UT\035\336\274"
 483      A8F8B2DE 
 483      47075554 
 483      1DDEBC
ARM GAS  C:\Users\CYIRKO~1\AppData\Local\Temp\ccY2auei.s 			page 38


 484 0ae1 876BF287 		.ascii	"\207k\362\207]\251\370D,>\257\262q\324v\245\233%\265"
 484      5DA9F844 
 484      2C3EAFB2 
 484      71D476A5 
 484      9B25B5
 485 0af4 3554ED68 		.ascii	"5T\355h\343\346\302\247^\026M@\343\004\241q\222\360"
 485      E3E6C2A7 
 485      5E164D40 
 485      E304A171 
 485      92F0
 486 0b06 6F96F897 		.ascii	"o\226\370\227%\036\235n)\326\246qEt\253\027\323\332"
 486      251E9D6E 
 486      29D6A671 
 486      4574AB17 
 486      D3DA
 487 0b18 F83AD5DA 		.ascii	"\370:\325\332\302\264\302\211R\341w\234im%ZK\212o^\266"
 487      C2B4C289 
 487      52E1779C 
 487      696D255A 
 487      4B8A6F5E 
 488 0b2d 53BE8C06 		.ascii	"S\276\214\006'}\342\266\261\227Q\033y\031\355M=\273"
 488      277DE2B6 
 488      B197511B 
 488      7919ED4D 
 488      3DBB
 489 0b3f DFC95DF1 		.ascii	"\337\311]\361A\211\017\224\326?(\321)\362\256;\330u"
 489      41890F94 
 489      D63F28D1 
 489      29F2AE3B 
 489      D875
 490 0b51 60C85568 		.ascii	"`\310Uh\247\251\274W\276\362\001{\013O\301/\240\350"
 490      A7A9BC57 
 490      BEF2017B 
 490      0B4FC12F 
 490      A0E8
 491 0b63 F5DBD98B 		.ascii	"\365\333\331\2134\025\247\362Zq\315\001\333\023\247"
 491      3415A7F2 
 491      5A71CD01 
 491      DB13A7
 492 0b72 434AE509 		.ascii	"CJ\345\011\232\312\2243]\011O-\2323\240\262\235\250"
 492      9ACA9433 
 492      5D094F2D 
 492      9A33A0B2 
 492      9DA8
 493 0b84 3C4BB2D3 		.ascii	"<K\262\323!e\347t\373`\276\253e.mZ\327\\\332~@\220V"
 493      2165E774 
 493      FB60BEAB 
 493      652E6D5A 
 493      D75CDA7E 
 494 0b9b 8D0F4D66 		.ascii	"\215\017Mf'K&\234D\025\216\247Y2\273\370W8\007\303\367"
 494      274B269C 
 494      44158EA7 
 494      5932BBF8 
 494      573807C3 
 495 0bb0 26BFF010 		.ascii	"&\277\360\020\223\372\243O\277\362\234?k\026\347\263"
 495      93FAA34F 
 495      BFF29C3F 
ARM GAS  C:\Users\CYIRKO~1\AppData\Local\Temp\ccY2auei.s 			page 39


 495      6B16E7B3 
 496 0bc0 E09D80F9 		.ascii	"\340\235\200\371KB\202B\374M\313\202C\"\002\364\370"
 496      4B428242 
 496      FC4DCB82 
 496      432202F4 
 496      F8
 497 0bd1 3EC2386B 		.ascii	">\3028k\356[>\021F\237%\201\241>\306H=\376\325\201\347"
 497      EE5B3E11 
 497      469F2581 
 497      A13EC648 
 497      3DFED581 
 498 0be6 4C3DE70C 		.ascii	"L=\347\014?\237\005\375\303\240'0vFS\240\311\240Y\360"
 498      3F9F05FD 
 498      C3A02730 
 498      764653A0 
 498      C9A059F0 
 499 0bfa 9745BAF7 		.ascii	"\227E\272\367\346/\362\373z\201\032\337\372/\372\354"
 499      E62FF2FB 
 499      7A811ADF 
 499      FA2FFAEC 
 500 0c0a 7332F6D5 		.ascii	"s2\366\325\247~\237\372-\232\363\314\020!\341\372\320"
 500      A77E9FFA 
 500      2D9AF3CC 
 500      1021E1FA 
 500      D0
 501 0c1b 65C10673 		.ascii	"e\301\006s\230%\234\006~\010\266\316\344\010H\037D\206"
 501      98259C06 
 501      7E08B6CE 
 501      E408481F 
 501      4486
 502 0c2d 7C6788B4 		.ascii	"|g\210\264\327G\204/\016\371F\255_\022\030\036n\010"
 502      D747842F 
 502      0EF946AD 
 502      5F12181E 
 502      6E08
 503 0c3f 35AAC222 		.ascii	"5\252\302\"\202\015\032\235nYH\270i\316l\235i\261\341"
 503      820D1A9D 
 503      6E5948B8 
 503      69CE6C9D 
 503      69B1E1
 504 0c52 1D0A6EA4 		.ascii	"\035\012n\244\201L\021\021\241\306\200o\302\227y\222"
 504      814C1111 
 504      A1C6806F 
 504      C2977992 
 505 0c62 3BCFC0C8 		.ascii	";\317\300\3100OCX\220!8\330\020\034\360\326\3149\236"
 505      304F4358 
 505      902138D8 
 505      101CF0D6 
 505      CC399E
 506 0c75 B37D67CD 		.ascii	"\263}g\315\375\347\254\000\030\177#<\"\334\360\206!"
 506      FDE7AC00 
 506      187F233C 
 506      22DCF086 
 506      21
 507 0c86 30282480 		.ascii	"0($\200\221\011\010\013\004\254pC\200.\330\2608pY\250"
 507      9109080B 
 507      04AC7043 
ARM GAS  C:\Users\CYIRKO~1\AppData\Local\Temp\ccY2auei.s 			page 40


 507      802ED8B0 
 507      387059A8 
 508 0c9a 49675ABE 		.ascii	"IgZ\276\324`\004nj)\336\337\376\257\361\214\313\215"
 508      D460046E 
 508      6A29DEDF 
 508      FEAFF18C 
 508      CB8D
 509 0cac 013AA329 		.ascii	"\001:\243)\030\300!\010\257\017\322\032\276_\312\244"
 509      18C02108 
 509      AF0FD21A 
 509      BE5FCAA4 
 510 0cbc EA4C1F3E 		.ascii	"\352L\037>3\211K#\"MF\037\377E\013\347\314\366\371\344"
 510      33894B23 
 510      224D461F 
 510      FF450BE7 
 510      CCF6F9E4 
 511 0cd0 930F7C20 		.ascii	"\223\017| m~\337\315\222r\252\013\015\015\006X\\>}`"
 511      6D7EDFCD 
 511      9272AA0B 
 511      0D0D0658 
 511      5C3E7D60 
 512 0ce4 686850A0 		.ascii	"hhP\240\376[\235\311\015l\346\323\010\363Ijq\256\351"
 512      FE5B9DC9 
 512      0D6CE6D3 
 512      08F3496A 
 512      71AEE9
 513 0cf7 9D1A0CFD 		.ascii	"\235\032\014\375M\201\221&\007r\023\261\324\015~\231"
 513      4D819126 
 513      077213B1 
 513      D40D7E99 
 514 0d07 ED82F0C0 		.ascii	"\355\202\360\300\240P\303s\362\300\007!F<\342\216M\015"
 514      A050C373 
 514      F2C00721 
 514      463CE28E 
 514      4D0D
 515 0d19 D2E04228 		.ascii	"\322\340B(\216\237\226\205\326\205\300lq\226:F\014\254"
 515      8E9F9685 
 515      D685C06C 
 515      71963A46 
 515      0CAC
 516 0d2b 957B114B 		.ascii	"\225{\021K_\220:\222`\003\211\361\242\345p0\215\244"
 516      5F903A92 
 516      600389F1 
 516      A2E57030 
 516      8DA4
 517 0d3d 827EA453 		.ascii	"\202~\244S\20410\324\177\271\361\223\010\375\267\276"
 517      843130D4 
 517      7FB9F193 
 517      08FDB7BE 
 518 0d4d CF4C0F36 		.ascii	"\317L\0176\366\2114\221_H\204\243~\311/r\005\017iv\352"
 518      F6893491 
 518      5F4884A3 
 518      7EC92F72 
 518      050F6976 
 519 0d62 974089B0 		.ascii	"\227@\211\260+\316\264.\024\\\337\375YW}DXXD8\253\313"
 519      2BCEB42E 
 519      145CDFFD 
ARM GAS  C:\Users\CYIRKO~1\AppData\Local\Temp\ccY2auei.s 			page 41


 519      59577D44 
 519      58584438 
 520 0d78 7B5F2E9C 		.ascii	"{_.\234\277\360{\300\320GD\032t\337\315\015\303\305"
 520      BFF07BC0 
 520      D047441A 
 520      74DFCD0D 
 520      C3C5
 521 0d8a D0E98C06 		.ascii	"\320\351\214\006\223\356\375\367\374\027|\376\245\237"
 521      93EEFDF7 
 521      FC177CFE 
 521      A59F
 522 0d98 7360E8BF 		.ascii	"s`\350\277\002\227\033!S\2410\355\336\377%\320\220\035"
 522      02971B21 
 522      53A130ED 
 522      DEFF25D0 
 522      901D
 523 0daa 9FF90BFD 		.ascii	"\237\371\013\375\375\374e\216a\306\020\243\356\033\275"
 523      FDFC658E 
 523      61C610A3 
 523      EE1BBD
 524 0db9 1EC3B3FC 		.ascii	"\036\303\263\374|\025\216\271:\021\301\354\236(XF\356"
 524      7C158EB9 
 524      3A11C1EC 
 524      9E285846 
 524      EE
 525 0dca 81C4E265 		.ascii	"\201\304\342e\341z\235n\346\334\267\336\236\243\226"
 525      E17A9D6E 
 525      E6DCB7DE 
 525      9EA396
 526 0dd9 7A9386E7 		.ascii	"z\223\206\347*{\177\230=\251\247|6\327\367\315\377\000"
 526      2A7B7F98 
 526      3DA9A77C 
 526      36D7F7CD 
 526      FF00
 527 0deb 0EB44EA7 		.ascii	"\016\264N\247"
 528              		.text
 529              		.section	.gnu.lto_.symtab.95a0cd91,"",%progbits
 530 0000 65787449 		.ascii	"extInit\000"
 530      6E697400 
 531 0008 00       		.ascii	"\000"
 532 0009 00       		.ascii	"\000"
 533 000a 00       		.ascii	"\000"
 534 000b 00000000 		.ascii	"\000\000\000\000\000\000\000\000"
 534      00000000 
 535 0013 AE000000 		.ascii	"\256\000\000\000"
 536 0017 6578744F 		.ascii	"extObjectInit\000"
 536      626A6563 
 536      74496E69 
 536      7400
 537 0025 00       		.ascii	"\000"
 538 0026 00       		.ascii	"\000"
 539 0027 00       		.ascii	"\000"
 540 0028 00000000 		.ascii	"\000\000\000\000\000\000\000\000"
 540      00000000 
 541 0030 F7000000 		.ascii	"\367\000\000\000"
 542 0034 65787453 		.ascii	"extStart\000"
 542      74617274 
ARM GAS  C:\Users\CYIRKO~1\AppData\Local\Temp\ccY2auei.s 			page 42


 542      00
 543 003d 00       		.ascii	"\000"
 544 003e 00       		.ascii	"\000"
 545 003f 00       		.ascii	"\000"
 546 0040 00000000 		.ascii	"\000\000\000\000\000\000\000\000"
 546      00000000 
 547 0048 FC000000 		.ascii	"\374\000\000\000"
 548 004c 65787453 		.ascii	"extStop\000"
 548      746F7000 
 549 0054 00       		.ascii	"\000"
 550 0055 00       		.ascii	"\000"
 551 0056 00       		.ascii	"\000"
 552 0057 00000000 		.ascii	"\000\000\000\000\000\000\000\000"
 552      00000000 
 553 005f FE000000 		.ascii	"\376\000\000\000"
 554 0063 65787443 		.ascii	"extChannelEnable\000"
 554      68616E6E 
 554      656C456E 
 554      61626C65 
 554      00
 555 0074 00       		.ascii	"\000"
 556 0075 00       		.ascii	"\000"
 557 0076 00       		.ascii	"\000"
 558 0077 00000000 		.ascii	"\000\000\000\000\000\000\000\000"
 558      00000000 
 559 007f 00010000 		.ascii	"\000\001\000\000"
 560 0083 65787443 		.ascii	"extChannelDisable\000"
 560      68616E6E 
 560      656C4469 
 560      7361626C 
 560      6500
 561 0095 00       		.ascii	"\000"
 562 0096 00       		.ascii	"\000"
 563 0097 00       		.ascii	"\000"
 564 0098 00000000 		.ascii	"\000\000\000\000\000\000\000\000"
 564      00000000 
 565 00a0 02010000 		.ascii	"\002\001\000\000"
 566 00a4 65787453 		.ascii	"extSetChannelModeI\000"
 566      65744368 
 566      616E6E65 
 566      6C4D6F64 
 566      654900
 567 00b7 00       		.ascii	"\000"
 568 00b8 00       		.ascii	"\000"
 569 00b9 00       		.ascii	"\000"
 570 00ba 00000000 		.ascii	"\000\000\000\000\000\000\000\000"
 570      00000000 
 571 00c2 0A010000 		.ascii	"\012\001\000\000"
 572 00c6 6578745F 		.ascii	"ext_lld_init\000"
 572      6C6C645F 
 572      696E6974 
 572      00
 573 00d3 00       		.ascii	"\000"
 574 00d4 02       		.ascii	"\002"
 575 00d5 00       		.ascii	"\000"
 576 00d6 00000000 		.ascii	"\000\000\000\000\000\000\000\000"
 576      00000000 
ARM GAS  C:\Users\CYIRKO~1\AppData\Local\Temp\ccY2auei.s 			page 43


 577 00de 0C010000 		.ascii	"\014\001\000\000"
 578 00e2 6578745F 		.ascii	"ext_lld_start\000"
 578      6C6C645F 
 578      73746172 
 578      7400
 579 00f0 00       		.ascii	"\000"
 580 00f1 02       		.ascii	"\002"
 581 00f2 00       		.ascii	"\000"
 582 00f3 00000000 		.ascii	"\000\000\000\000\000\000\000\000"
 582      00000000 
 583 00fb 0E010000 		.ascii	"\016\001\000\000"
 584 00ff 6578745F 		.ascii	"ext_lld_stop\000"
 584      6C6C645F 
 584      73746F70 
 584      00
 585 010c 00       		.ascii	"\000"
 586 010d 02       		.ascii	"\002"
 587 010e 00       		.ascii	"\000"
 588 010f 00000000 		.ascii	"\000\000\000\000\000\000\000\000"
 588      00000000 
 589 0117 10010000 		.ascii	"\020\001\000\000"
 590 011b 6578745F 		.ascii	"ext_lld_channel_enable\000"
 590      6C6C645F 
 590      6368616E 
 590      6E656C5F 
 590      656E6162 
 591 0132 00       		.ascii	"\000"
 592 0133 02       		.ascii	"\002"
 593 0134 00       		.ascii	"\000"
 594 0135 00000000 		.ascii	"\000\000\000\000\000\000\000\000"
 594      00000000 
 595 013d 12010000 		.ascii	"\022\001\000\000"
 596 0141 6578745F 		.ascii	"ext_lld_channel_disable\000"
 596      6C6C645F 
 596      6368616E 
 596      6E656C5F 
 596      64697361 
 597 0159 00       		.ascii	"\000"
 598 015a 02       		.ascii	"\002"
 599 015b 00       		.ascii	"\000"
 600 015c 00000000 		.ascii	"\000\000\000\000\000\000\000\000"
 600      00000000 
 601 0164 14010000 		.ascii	"\024\001\000\000"
 602              		.text
 603              		.section	.gnu.lto_.opts,"",%progbits
 604 0000 272D666D 		.ascii	"'-fmath-errno' '-fsigned-zeros' '-ftrapping-math' '"
 604      6174682D 
 604      6572726E 
 604      6F272027 
 604      2D667369 
 605 0033 2D666E6F 		.ascii	"-fno-trapv' '-fno-openmp' '-fno-openacc' '-mcpu=cor"
 605      2D747261 
 605      70762720 
 605      272D666E 
 605      6F2D6F70 
 606 0066 7465782D 		.ascii	"tex-m7' '-mno-thumb-interwork' '-mthumb' '-ggdb' '-"
 606      6D372720 
ARM GAS  C:\Users\CYIRKO~1\AppData\Local\Temp\ccY2auei.s 			page 44


 606      272D6D6E 
 606      6F2D7468 
 606      756D622D 
 607 0099 4F322720 		.ascii	"O2' '-fomit-frame-pointer' '-falign-functions=16' '"
 607      272D666F 
 607      6D69742D 
 607      6672616D 
 607      652D706F 
 608 00cc 2D666675 		.ascii	"-ffunction-sections' '-fdata-sections' '-fno-common"
 608      6E637469 
 608      6F6E2D73 
 608      65637469 
 608      6F6E7327 
 609 00ff 2720272D 		.ascii	"' '-flto'\000"
 609      666C746F 
 609      2700
 610              		.text
 611              		.comm	__gnu_lto_v1,1,1
 612              		.comm	__gnu_lto_slim,1,1
 613              		.ident	"GCC: (GNU Tools for ARM Embedded Processors 6-2017-q1-update) 6.3.1 20170215 (release) [AR
ARM GAS  C:\Users\CYIRKO~1\AppData\Local\Temp\ccY2auei.s 			page 45


DEFINED SYMBOLS
                            *ABS*:00000000 hal_ext.c
                            *COM*:00000001 __gnu_lto_v1
                            *COM*:00000001 __gnu_lto_slim

NO UNDEFINED SYMBOLS
