ARM GAS  C:\Users\CYIRKO~1\AppData\Local\Temp\ccprnUnC.s 			page 1


   1              		.cpu cortex-m7
   2              		.eabi_attribute 20, 1
   3              		.eabi_attribute 21, 1
   4              		.eabi_attribute 23, 3
   5              		.eabi_attribute 24, 1
   6              		.eabi_attribute 25, 1
   7              		.eabi_attribute 26, 1
   8              		.eabi_attribute 30, 2
   9              		.eabi_attribute 34, 1
  10              		.eabi_attribute 18, 4
  11              		.file	"hal_st.c"
  12              		.text
  13              	.Ltext0:
  14              		.section	.gnu.lto_.profile.95a0c3e1,"",%progbits
  15 0000 789C6365 		.ascii	"x\234ce`b`a```d\220\342\001\000\000\300\0003"
  15      60626061 
  15      60606064 
  15      90E20100 
  15      00C00033 
  16              		.text
  17              		.section	.gnu.lto_.icf.95a0c3e1,"",%progbits
  18 0000 789C6365 		.ascii	"x\234ce`bP`@\000V\206\205??\354\345a|\177c\371J\026"
  18      60625060 
  18      40005686 
  18      853F3FEC 
  18      E5617C7F 
  19 0018 A67D171E 		.ascii	"\246}\027\036\254ga~\177\256\367/;\313\211\217\213\026"
  19      AC67617E 
  19      7FAEF72F 
  19      3BCB898F 
  19      8B16
  20 002a F0320000 		.ascii	"\3602\000\000\0217\020\034"
  20      1137101C 
  21              		.text
  22              		.section	.gnu.lto_.jmpfuncs.95a0c3e1,"",%progbits
  23 0000 789C6365 		.ascii	"x\234ce`b\020c@\000V\020\301\010\004\365L\014\014\314"
  23      60621063 
  23      40005610 
  23      C10804F5 
  23      4C0C0CCC 
  24 0014 209A0528 		.ascii	" \232\005(\000\000\016\012\0011"
  24      00000E0A 
  24      0131
  25              		.text
  26              		.section	.gnu.lto_.inline.95a0c3e1,"",%progbits
  27 0000 789C6365 		.ascii	"x\234ce`b\310g@\000V\006\006\026\036F\240 \003\003\333"
  27      6062C867 
  27      40005606 
  27      06161E46 
  27      A0200303 
  28 0015 027910C5 		.ascii	"\002y\020\305\300\310\005\"\030\330X\031\031\031\004"
  28      C0C80522 
  28      18D85819 
  28      191904
  29 0024 18191898 		.ascii	"\030\031\030\230\330>\350\301%\231\030X\230\201\312"
  29      D83EE8C1 
  29      25991858 
ARM GAS  C:\Users\CYIRKO~1\AppData\Local\Temp\ccprnUnC.s 			page 2


  29      9881CA
  30 0033 992EF0C3 		.ascii	"\231.\360\303\205\230ABP\245\310\342,\230J\031\000\312"
  30      85984142 
  30      50A5C8E2 
  30      2C984A19 
  30      00CA
  31 0045 39089E   		.ascii	"9\010\236"
  32              		.text
  33              		.section	.gnu.lto_.pureconst.95a0c3e1,"",%progbits
  34 0000 789C6365 		.ascii	"x\234ce`b\340f```e\220`\224b\222b\226b\221\002\000\004"
  34      6062E066 
  34      60606065 
  34      90609462 
  34      92629662 
  35 0018 1000A2   		.ascii	"\020\000\242"
  36              		.text
  37              		.section	.gnu.lto_stInit.95a0c3e1,"",%progbits
  38 0000 789C6365 		.ascii	"x\234ce`bX\314\300\300`\000\304\322@\314\310\314\300"
  38      606258CC 
  38      C0C06000 
  38      C4D240CC 
  38      C8CCC0
  39 0013 C834E11C 		.ascii	"\3104\341\034\003C#\007\023##\210\321\300\301\310P\317"
  39      03432307 
  39      13232388 
  39      D1C0C1C8 
  39      50CF
  40 0025 C458CFD8 		.ascii	"\304X\317\330\317<\235\231\361P\373\263\235L\232\313"
  40      CF3C9D99 
  40      F150FBB3 
  40      9D4C9ACB 
  41 0035 1B80E0C0 		.ascii	"\033\200\340\300\364\037\222\015+\0160\316gf`\230\011"
  41      F41F920D 
  41      2B0E30CE 
  41      67666098 
  41      09
  42 0046 C420C0B8 		.ascii	"\304 \300\270\234Q\223\001\250\354\321\306\177Sy\331"
  42      9C519301 
  42      A8ECD1C6 
  42      7F5379D9 
  43 0056 5820E28C 		.ascii	"X \342\214+\030\331\030\201\364\372K\214\007\032\376"
  43      2B18D918 
  43      81F4FA4B 
  43      8C071AFE 
  44 0066 FD6F6F38 		.ascii	"\375oo8pg\021\343\177V\240T\027\020\203\354\350ff\002"
  44      706711E3 
  44      7F56A054 
  44      171083EC 
  44      E8666602 
  45 007a D1CCAF19 		.ascii	"\321\314\257\031\233\027\374\226\006\251\007\031\262"
  45      9B17FC96 
  45      06A90719 
  45      B2
  46 0087 73E79BDB 		.ascii	"s\347\233\333\354\365\177\0338\34633\316d\006\232\300"
  46      ECF57F1B 
  46      38E63333 
  46      CE64069A 
ARM GAS  C:\Users\CYIRKO~1\AppData\Local\Temp\ccprnUnC.s 			page 3


  46      C0
  47 0098 B892B19E 		.ascii	"\270\222\261\236a>P\355[\306\246\005\377\271\301\352"
  47      613E50ED 
  47      5BC6A605 
  47      FFB9C1EA 
  48 00a8 40A00B28 		.ascii	"@\240\013(\011\324\316\304\300\240\347j\025\343\234"
  48      09D4CEC4 
  48      C0A0E76A 
  48      15E39C
  49 00b7 91999419 		.ascii	"\221\231\224\031\\R\232\222\231\037\223\014b\347\027"
  49      5C529A92 
  49      991F930C 
  49      62E717
  50 00c6 1B9A9BE9 		.ascii	"\033\232\233\351\347\027\353g$\346\350\027\027%\203"
  50      E717EB67 
  50      24E6E817 
  50      172583
  51 00d5 E8F8E212 		.ascii	"\350\370\342\022\275d\006\000)uH\002"
  51      BD640600 
  51      29754802 
  52              		.text
  53              		.section	.gnu.lto_stStartAlarm.95a0c3e1,"",%progbits
  54 0000 789C9D52 		.ascii	"x\234\235RMh\023A\024\236o'\335\015\361\247\036<\010"
  54      4D681341 
  54      149E6F27 
  54      DD0DF1A7 
  54      1E3C08
  55 0013 E6204229 		.ascii	"\346 B)\365\220%\012\376]\255\202\320\236\332c\241\264"
  55      F590250A 
  55      FE5DAD82 
  55      D09EDA63 
  55      A1B4
  56 0025 A9904024 		.ascii	"\251\220@$\322D\217v\033\033\203\251\177\227&\315!n"
  56      D2448F76 
  56      1B1B83A9 
  56      7F9726CD 
  56      216E
  57 0037 314ADA68 		.ascii	"1J\332h\232\246\376\265Za\011\212\027M\245=x\320\202"
  57      9AA6FEB5 
  57      5A61098A 
  57      174DA53D 
  57      78D082
  58 004a 082D0A15 		.ascii	"\010-\012\025K\015\026\021\022\337L\242\324\223\342"
  58      4B0D1611 
  58      12DF4CA2 
  58      D493E2
  59 0059 C0EC9BF7 		.ascii	"\300\354\233\367\366{\337\373\336\314k`\012+)\214\205"
  59      F67BDFFB 
  59      DECC6B60 
  59      0A2B298C 
  59      85
  60 006a 1963BB69 		.ascii	"\031c\273i\2033(\327K\214\015\332\025@\034\014;\330"
  60      833328D7 
  60      4B8C0DDA 
  60      15401C0C 
  60      3BD8
  61 007c 8082015C 		.ascii	"\200\202\001\\\343\011\216bteVi\311\030\264\254\304"
ARM GAS  C:\Users\CYIRKO~1\AppData\Local\Temp\ccprnUnC.s 			page 4


  61      E3098E62 
  61      74655669 
  61      C918B4AC 
  61      C4
  62 008d 8C7AD188 		.ascii	"\214z\321\210\35429cI\332b!\203\026B=\257nX\215W\271"
  62      EC323963 
  62      49DA6221 
  62      8316423D 
  62      AF6E588D 
  63 00a3 C90185DC 		.ascii	"\311\001\205\334\205\265\227\251-\302U\260\203\334\037"
  63      85B597A9 
  63      2DC255B0 
  63      83DC1F
  64 00b2 D9A9778D 		.ascii	"\331\251w\215\334\015F\347\365\033\326\336\346\333\206"
  64      DC0D46E7 
  64      F51BD6DE 
  64      E6DB86
  65 00c1 1136ACD5 		.ascii	"\0216\254\325\013\334\330ir\216,8\361a\002N\214\303"
  65      0BDCD869 
  65      728E2C38 
  65      F161024E 
  65      8CC3
  66 00d3 C928C470 		.ascii	"\311(\304p\007\315\002\376\241P\031\331\246\332\322"
  66      07CD02FE 
  66      A15019D9 
  66      A6DAD2
  67 00e2 BF4AE22E 		.ascii	"\277J\342.T\220\315/\3002*\325\250a\225oa\361\204F\332"
  67      5490CD2F 
  67      C0322AD5 
  67      A861956F 
  67      61F18446 
  68 00f7 298353AE 		.ascii	")\203S\256\215\261\030!E'\303\\\021\226/C\021\\\227"
  68      8DB11821 
  68      4527C35C 
  68      11962F43 
  68      115C97
  69 010a ACD83307 		.ascii	"\254\3303\007?\"e\274y\233J8\232\322R\307Jr\353\250"
  69      3F2265BC 
  69      799B4A38 
  69      9AD252C7 
  69      4A72EBA8 
  70 011e 6185F708 		.ascii	"a\205\367\010)\271?\245\310\026'\321\224\"\246O\010"
  70      29B93FA5 
  70      C81627D1 
  70      9422A64F 
  70      08
  71 012f AF47BFCC 		.ascii	"\257G\277\314/\335\324~\353\032\252]\313k\225\013\220"
  71      2FDDD47E 
  71      EB1AAA5D 
  71      CB6B950B 
  71      90
  72 0140 1497E4D8 		.ascii	"\024\227\344\330\244\233!\017\225(\246\240\2468\257"
  72      A49B210F 
  72      9528A6A0 
  72      A638AF
  73 014f B114E3DF 		.ascii	"\261\024\343\337+\253#\207E\214\200\361Hq^\023W\325"
  73      2BAB2387 
ARM GAS  C:\Users\CYIRKO~1\AppData\Local\Temp\ccprnUnC.s 			page 5


  73      458C80F1 
  73      48715E13 
  73      57D5
  74 0161 20F34AB9 		.ascii	" \363J\271\2155G\315\025\3346\012\245'\277\275\260\233"
  74      8D3547CD 
  74      15DC360A 
  74      A527BFBD 
  74      B09B
  75 0173 48C1E42A 		.ascii	"H\301\344*\246IXA\010\243\037\331W\345\257\232\2363"
  75      A6495841 
  75      08A31FD9 
  75      57E5AF9A 
  75      9E33
  76 0185 86068DB1 		.ascii	"\206\006\215\261\363&\327p\017&F\251wY\224\000\325x"
  76      F326D770 
  76      0F2646A9 
  76      77599400 
  76      D578
  77 0197 614975E7 		.ascii	"aIu\347%`\232\322\355\270\017\035\373\234u\004\036\300"
  77      25609AD2 
  77      EDB80F1D 
  77      FB9C7504 
  77      1EC0
  78 01a9 4DAA84A4 		.ascii	"M\252\204\244\362\307\271\310\366\272\242\177\255g\307"
  78      F2C7B9C8 
  78      F6BAA27F 
  78      AD67C7
  79 01b8 43590F75 		.ascii	"CY\017u\266G\3207\367CS\204\031\312\224\354O\377\203"
  79      B647D037 
  79      F7435384 
  79      19CA94EC 
  79      4FFF83
  80 01cb 7D56B22B 		.ascii	"}V\262+u\366\307\222}\316\274<\341\250\261+xB\231\313"
  80      75F6C792 
  80      7DCEBC3C 
  80      E1A8B12B 
  80      784299CB 
  81 01df 08BF1F1E 		.ascii	"\010\277\037\036\367\310\261\020O\300>#<\226\271\002"
  81      F7C8B110 
  81      4FC03E23 
  81      3C96B902 
  82 01ef 1190AF17 		.ascii	"\021\220\257\027#}4\0034\361\256\343G\273\216y}\275"
  82      237D3403 
  82      34F1AEE3 
  82      47BB8E79 
  82      7DBD
  83 0201 BE8ED0D9 		.ascii	"\276\216\320\331>_\240\313#\316\201\240\373\320A=\020"
  83      3E5FA0CB 
  83      23CE81A0 
  83      FBD0413D 
  83      10
  84 0212 D4BD3D7E 		.ascii	"\324\275=~=\330\357\021\266;\030ry\230\326\323\033\014"
  84      3DD8EF11 
  84      B63B1872 
  84      7998D6D3 
  84      1B0C
  85 0224 F94E9FB2 		.ascii	"\371N\237\262\211O\353_s\317\004\372CA\275\243\263\375"
ARM GAS  C:\Users\CYIRKO~1\AppData\Local\Temp\ccprnUnC.s 			page 6


  85      894FEB5F 
  85      73CF04FA 
  85      4341BDA3 
  85      B3FD
  86 0236 C07EBDAD 		.ascii	"\300~\275\255\255U\357<\331~\316]g\353\366\373\373\\"
  86      AD55EF3C 
  86      D97ECE5D 
  86      67EBF6FB 
  86      FB5C
  87 0248 5EF61375 		.ascii	"^\366\023u\355\024\325"
  87      ED14D5
  88              		.text
  89              		.section	.gnu.lto_stStopAlarm.95a0c3e1,"",%progbits
  90 0000 789C8550 		.ascii	"x\234\205P\277KBQ\024>\337\273\366\224\240\275\310\255"
  90      BF4B4251 
  90      143EDFBB 
  90      F694A0BD 
  90      C8AD
  91 0012 C9E53D2C 		.ascii	"\311\345=,(h\315\202@'\035\005)\035\024\004\303\247"
  91      2868CD82 
  91      40271D05 
  91      291D1404 
  91      C3A7
  92 0024 AD3E4313 		.ascii	"\255>C\023\024\252%\315!\336\340`Y*\215A\201H\320\224"
  92      14AA25CD 
  92      21DEE060 
  92      592A8D41 
  92      8148D094 
  93 0038 417F8134 		.ascii	"A\177\2014\004\016A\244\224\020X\367>#\334:p8\277\276"
  93      040E41A4 
  93      941058F7 
  93      3E23DC3A 
  93      7038BFBE 
  94 004c F37DE7DE 		.ascii	"\363}\347\336)\222H\001Q\222\210\346\271\203\021\244"
  94      29924801 
  94      519288E6 
  94      B98311A4 
  95 005c A30E51DA 		.ascii	"\243\016Q\332&\001\"\321m\240\224\204\024\016Y\211\241"
  95      260122D1 
  95      6DA09484 
  95      140E5989 
  95      A1
  96 006d 9D7BB996 		.ascii	"\235{\271\226\034U\235[\2534\220\367\365\354\254\301"
  96      1C559D5B 
  96      AB3490F7 
  96      F5ECACC1 
  97 007d 88CADC85 		.ascii	"\210\312\334\205\241\012\007q\330\363\325\350xF\266"
  97      A10A0771 
  97      D8F3D5E8 
  97      7846B6
  98 008c 8CFB3883 		.ascii	"\214\3738\203\314%\250\371\204\226>\372\316\351\255"
  98      CC25A8F9 
  98      84963EFA 
  98      CEE9AD
  99 009b BB0ABE36 		.ascii	"\273\012\2766\370(\317]h\024\230$\"\353\241=\030\366"
  99      F828CF5D 
  99      68149824 
ARM GAS  C:\Users\CYIRKO~1\AppData\Local\Temp\ccprnUnC.s 			page 7


  99      22EBA13D 
  99      18F6
 100 00ad 6E8ACA1F 		.ascii	"n\212\312\037Ef\2544\224\231ISf\230\244\3079d\316_\203"
 100      4566AC34 
 100      94994953 
 100      6698A4C7 
 100      3964CE5F 
 101 00c2 CC9BC56C 		.ascii	"\314\233\305l\373\321z\300\014\006\023\323\251\177\276"
 101      FBD17AC0 
 101      0C0613D3 
 101      A97FBE
 102 00d1 4D8F4BC1 		.ascii	"M\217K\301a\341\255J\343\343\336f\340\024\006\223p\011"
 102      61E1AD4A 
 102      E3E3DE66 
 102      E0140693 
 102      7009
 103 00e3 3B2E6027 		.ascii	";.`'\201\255=\014\372V\265\256g\322z\267\332\237{\347"
 103      81AD3D0C 
 103      FA56B5AE 
 103      67D27AB7 
 103      DA9F7BE7 
 104 00f7 5B0C7518 		.ascii	"[\014u\0308\341\007\232\"h@\235\324\340w\240\311\267"
 104      38E1079A 
 104      2268409D 
 104      D4E077A0 
 104      C9B7
 105 0109 5FB1D72D 		.ascii	"_\261\327-\334.\210\333\314\017\310\363\001\177\211"
 105      DC2E88DB 
 105      CC0FC8F3 
 105      017F89
 106 0118 44A4ACAF 		.ascii	"D\244\254\257\372\327\302\221\355\2107\221\014Eb\376"
 106      FAD7C291 
 106      ED883791 
 106      0C4562FE 
 107 0128 A0C8639A 		.ascii	"\240\310c\232seY\215ijx+\252j\361\240\210\001-\241\004"
 107      7365598D 
 107      696A782B 
 107      AA6AF1A0 
 107      88012DA1 
 108 013d C9F52F7C 		.ascii	"\311\365/|'\026Oh\252\327\347YZT\335n\227\352\333\364"
 108      27164F68 
 108      AAD7E759 
 108      5A54DD6E 
 108      97EADBF4 
 109 0151 EC3A7F09 		.ascii	"\354:\177\011\002\321hH\011\323\017\206\007\216\322"
 109      02D16848 
 109      09D30F86 
 109      078ED2
 110              		.text
 111              		.section	.gnu.lto_stSetAlarm.95a0c3e1,"",%progbits
 112 0000 789C8552 		.ascii	"x\234\205RMh\023A\024~\337N\262\033\242R\021\017\202"
 112      4D681341 
 112      147EDF4E 
 112      B21BA252 
 112      110F82
 113 0013 3988504A 		.ascii	"9\210PJ=d\211\202\177W+\"\264\247\366X(m*$\020\2114"
 113      3D648982 
ARM GAS  C:\Users\CYIRKO~1\AppData\Local\Temp\ccprnUnC.s 			page 8


 113      7F572B22 
 113      B4A7F658 
 113      286D2A24 
 114 002a D1633B5D 		.ascii	"\321c;][\203-T/&\355a\335b\224jl\232\244*(^\226\340"
 114      5B832D54 
 114      2F26ED61 
 114      DD62946A 
 114      6C9AA42A 
 115 0042 CF455BE8 		.ascii	"\317E[\350\305\203\021D\254\340A,\365'\210\220\370f"
 115      C5831144 
 115      ACE0412C 
 115      F5278890 
 115      F866
 116 0054 53454F0E 		.ascii	"SEO\016\314\274\237\371\3367\337{\214\2374\332\245\021"
 116      CCBC9FF9 
 116      DE37DF7B 
 116      8C9F34DA 
 116      A511
 117 0066 5944B497 		.ascii	"YD\264\2277\004A\273\272B4\036\320\000\345\310\000h"
 117      370441BB 
 117      BA42341E 
 117      D000E5C8 
 117      0068
 118 0078 4CC318AE 		.ascii	"L\303\030\256\210\234@5\363\341\221\326\271 y\271\271"
 118      889C4035 
 118      F3E191D6 
 118      B92079B9 
 118      B9
 119 0089 B271494E 		.ascii	"\262qIN\356q\004\321\034o\265\260\200NF=m\326\335\266"
 119      EE7104D1 
 119      1C6FB5B0 
 119      804E463D 
 119      6DD6DDB6 
 120 009d 19E10840 		.ascii	"\031\341\010@\343pm\343\205\275M\205\032vr\370\263P"
 120      E3706DE3 
 120      85BD4D85 
 120      1A7672F8 
 120      B350
 121 00af AEB58908 		.ascii	"\256\265\211\010\210\375\315\353\356\376\216[RZ\322"
 121      88FDCDEB 
 121      EEFE8E5B 
 121      525AD2
 122 00be AD5D1472 		.ascii	"\255]\024r\267#\004\012\020\314\207;\010\3416B\304)"
 122      B723040A 
 122      10CC873B 
 122      08E13642 
 122      C429
 123 00d0 C25D7428 		.ascii	"\302]t(\370\273J\343\332\016\335\227\377\375$\026\241"
 123      F8BB4AE3 
 123      DA0EDD97 
 123      FFFD2416 
 123      A1
 124 00e1 836D690D 		.ascii	"\203mi\015\256l43\322}\177\023\217O\371Y;W\010\256\365"
 124      AE6C3433 
 124      D27D7F13 
 124      8F4FF959 
 124      3B5708AE 
ARM GAS  C:\Users\CYIRKO~1\AppData\Local\Temp\ccprnUnC.s 			page 9


 125 00f6 114D3152 		.ascii	"\021M1Ru2-4e\305:4\305u\331\235z\022\024\307<\031\257"
 125      75322D34 
 125      65C53A34 
 125      C575D99D 
 125      7A1214C7 
 126 010d 5EDBB960 		.ascii	"^\333\271`{\336\323\361\314\336>+]k\237\222R\374W\212"
 126      7BDED3F1 
 126      CCDE3E2B 
 126      5D6B9F92 
 126      52FC578A 
 127 0121 D7E212DA 		.ascii	"\327\342\022\332mf\372\010k3\363y\365\333\015\343\217"
 127      6D66FA08 
 127      6B33F379 
 127      F5DB0DE3 
 127      8F
 128 0132 AE89D658 		.ascii	"\256\211\326X\036\032B\201<qs\002\177\351&\224\2403"
 128      1E1A4281 
 128      3C717302 
 128      7FE92694 
 128      A033
 129 0144 4519BA2D 		.ascii	"E\031\272-D\213\245\232\375\321X\314\035U9\006f'\253"
 129      448BA59A 
 129      FDD158CC 
 129      1D553906 
 129      6627AB
 130 0157 AB861A95 		.ascii	"\253\206\032\225\337\253[)\3267\202\255Pq\3738\225_"
 130      DFAB5B29 
 130      D63782AD 
 130      5071FB38 
 130      955F
 131 0169 FAFE3CE0 		.ascii	"\372\376<\340\300\206#t,\263\260\212\022\306\027\205"
 131      C0862374 
 131      2CB3B08A 
 131      12C61785 
 132 0179 975FBF18 		.ascii	"\227_\277\030fQN\214\313\371QG\030\270\007\007\263\334"
 132      66514E8C 
 132      CBF95147 
 132      18B80707 
 132      B3DC
 133 018b BBF72803 		.ascii	"\273\367(\003\232\331\312\033=R\362\000\313\\\036\300"
 133      9AD9CA1B 
 133      3D52F200 
 133      CB5C1EC0 
 134 019b 7D983810 		.ascii	"}\2308\020\332B\340\001\"\254\212\326a\275\235\256E"
 134      DA42E001 
 134      22AC8AD6 
 134      61BD9DAE 
 134      45
 135 01ac BDD1AA36 		.ascii	"\275\321\2526\350\023\254\371\372\014T\302\233\300\024"
 135      E813ACF9 
 135      FA0C54C2 
 135      9BC014
 136 01bb F7C473E4 		.ascii	"\367\304s\344_\023>y\274\377D,>\024\357M\237\037\216"
 136      5F133E79 
 136      BCFF442C 
 136      3E14EF4D 
 136      9F1F8E
ARM GAS  C:\Users\CYIRKO~1\AppData\Local\Temp\ccprnUnC.s 			page 10


 137 01ce 27FBA3CA 		.ascii	"'\373\243\312O\246\"G\016\233\311\224\031\033L\230\251"
 137      4FA62247 
 137      0E9BC994 
 137      191B4C98 
 137      A9
 138 01df 91A8B203 		.ascii	"\221\250\262\003\251t8J\306\340P*\035?{\306\247\216"
 138      A974384A 
 138      C6E0502A 
 138      1D3F7BC6 
 138      A78E
 139 01f1 AEFFD69E 		.ascii	"\256\377\326\236K\216\244Sfo_\317\241\203fww\227\331"
 139      4B8EA453 
 139      666F5FCF 
 139      A1836677 
 139      7797D9
 140 0204 77BAE742 		.ascii	"w\272\347Bd\213m \221\030\016\307\350\027K\002\327@"
 140      648B6D20 
 140      91180EC7 
 140      E8174B02 
 140      D740
 141              		.text
 142              		.section	.gnu.lto_stGetAlarm.95a0c3e1,"",%progbits
 143 0000 789C8590 		.ascii	"x\234\205\220MH\033Q\024\205\357\231\233\314\214\212"
 143      4D481B51 
 143      1485EF99 
 143      9BCC8C8A 
 144 0010 B46B0DB8 		.ascii	"\264k\015\270\326E\206(X\350\266\026\021\324\215.\005"
 144      D6458628 
 144      58E8B616 
 144      11D48D2E 
 144      05
 145 0021 B1719140 		.ascii	"\261q\221@ \305\211\335\372\014Zi\013*\202F\2210B\204"
 145      20C589DD 
 145      FA0C5A69 
 145      0B2A8246 
 145      91304284 
 146 0035 F8D318B3 		.ascii	"\370\323\030\263u!\203 \335\264*\356\013R\334dQ\010"
 146      75218320 
 146      DDB42AEE 
 146      0B52DC64 
 146      5108
 147 0047 2A5A518C 		.ascii	"*ZQ\214\367E)\335\365\301\373\271\227\217s\317yA2\350"
 147      F74529DD 
 147      F5C1FBB9 
 147      978F73CF 
 147      794132E8 
 148 005b 2388C689 		.ascii	"#\210\306\211\250Y6\230`\314\037\021M\332\006\240\037"
 148      A8593698 
 148      60CC1F11 
 148      4DDA06A0 
 148      1F
 149 006c CA064D18 		.ascii	"\312\006M\030\230\300\034g\030\207\325\033\377\305,"
 149      98C01C67 
 149      1887D51B 
 149      FFC52C
 150 007b 7B1A93F2 		.ascii	"{\032\223\362\264\362=\333\240K\340\245\224[\353\305"
 150      B4F23DDB 
ARM GAS  C:\Users\CYIRKO~1\AppData\Local\Temp\ccprnUnC.s 			page 11


 150      A04BE0A5 
 150      945BEBC5 
 151 008b 0BBB35AF 		.ascii	"\013\2735\257TZ\371\231\212\265\272{\242\202\036\033"
 151      545AF999 
 151      8AB5BA7B 
 151      A2821E1B 
 152 009b B422F806 		.ascii	"\264\"\370\006B\310#\244gl\242\225\204\376UzXl4\003"
 152      42C823A4 
 152      676CA295 
 152      84FE557A 
 152      586C3403 
 153 00af 39260D48 		.ascii	"9&\015H\177\013\246X\241\342)|\365P\235Q\376y\016w\335"
 153      7F0BA658 
 153      A1E2297C 
 153      F5509D51 
 153      FE790E77 
 154 00c4 01833C66 		.ascii	"\001\203<f\226#@\364Y@\355\352\213\250\312\315e\034"
 154      962340F4 
 154      5940EDEA 
 154      8BA8CACD 
 154      651C
 155 00d6 ECDF96EF 		.ascii	"\354\337\226\3573\375\177\365\246\224,?\363\307j\252"
 155      33FD7FF5 
 155      A6942C3F 
 155      F3C76AAA 
 156 00e6 09AE30FE 		.ascii	"\011\2560\376\231E\330\206)\223\276\302\314\262\016"
 156      9945D886 
 156      2993BEC2 
 156      CCB20E
 157 00f5 B0347D70 		.ascii	"\2604}pl\351\000\301\032vT\270\251\324?\225Z& \255\334"
 157      6CE900C1 
 157      1A7654B8 
 157      A9D43F95 
 157      5A2620AD 
 158 010a CEF537DB 		.ascii	"\316\3657\333C\026\036\233\330\221\020\005\035B\207"
 158      43161E9B 
 158      D8911005 
 158      1D4287
 159 0119 FD717569 		.ascii	"\375qui9\00555\251\316\362\227-\013u\036[(\302\303\262"
 159      39053535 
 159      A9CEF297 
 159      2D0B751E 
 159      5B28C2C3 
 160 012e 78ACCD11 		.ascii	"x\254\315\021\250\272T\372iF\212\032Z\3333<\266\261"
 160      A8BA54FA 
 160      69468A1A 
 160      5ADB333C 
 160      B6B1
 161 0140 0B076DA1 		.ascii	"\013\007m\241g\002%D\250\214\364\305\314&?\231b\361"
 161      67022544 
 161      A88CF4C5 
 161      CC263F99 
 161      62F1
 162 0152 45BF913E 		.ascii	"E\277\221>\373t\317\332\277t\344K$7t^\203(\374\366\365"
 162      FB74CFDA 
 162      BF74E44B 
 162      2437745E 
ARM GAS  C:\Users\CYIRKO~1\AppData\Local\Temp\ccprnUnC.s 			page 12


 162      8328FCF6 
 163 0167 D09B58FC 		.ascii	"\320\233X\374]| 5>\032O\016E\365;\351F^u:I\327\211\215"
 163      5D7C2035 
 163      3E1A4F0E 
 163      45F53BE9 
 163      465E753A 
 164 017f 241C772C 		.ascii	"$\034w,\252\357a7\025\216R\327\177\361\367\311\261\224"
 164      AAEF6137 
 164      158E52D7 
 164      7FF1F7C9 
 164      B194
 165 0191 EB0C0CF6 		.ascii	"\353\014\014\366u\264;\275\275]\316`O\337\207\310\263"
 165      75B43BBD 
 165      BD5DCE60 
 165      4FDF87C8 
 165      B3
 166 01a2 C0702231 		.ascii	"\300p\"1\032\216\321#Eq\252\206"
 166      1A8ED123 
 166      4571AA86 
 167              		.text
 168              		.section	.gnu.lto_.symbol_nodes.95a0c3e1,"",%progbits
 169 0000 789C55C8 		.ascii	"x\234U\310K\015\200@\014\006\341\351\277\254/\020\305"
 169      4B0D8040 
 169      0C06E1E9 
 169      BFAC2F10 
 169      C5
 170 0011 B92B0101 		.ascii	"\271+\001\001<\023T \002\015(!4\334:\227I\276\212\030"
 170      3C135420 
 170      020D2821 
 170      34DC3A97 
 170      49BE8A18 
 171 0025 8934CB61 		.ascii	"\2114\313a\272!v\265!d\221[\226U\256,\233\274d\331\345"
 171      BA2176B5 
 171      2164915B 
 171      9655AE2C 
 171      9BBC64D9 
 172 003a 5D123BE4 		.ascii	"]\022;\344\365\027h\255\207B\345|^\343\003\325E\035"
 172      F51768AD 
 172      8742E57C 
 172      5EE303D5 
 172      451D
 173 004c 35       		.ascii	"5"
 174              		.text
 175              		.section	.gnu.lto_.refs.95a0c3e1,"",%progbits
 176 0000 789C6365 		.ascii	"x\234ce`b`d\000\002\000\000I\000\011"
 176      60626064 
 176      00020000 
 176      490009
 177              		.text
 178              		.section	.gnu.lto_.decls.95a0c3e1,"",%progbits
 179 0000 789CB557 		.ascii	"x\234\265WkPT\311\025\276}{\006ax\350\216\306\230\212"
 179      6B5054C9 
 179      15BE7D7B 
 179      066178E8 
 179      8EC6988A 
 180 0014 A950160A 		.ascii	"\251P\026\012\225\312\202\240\301\354\376\260tG\263"
 180      95CA82A0 
ARM GAS  C:\Users\CYIRKO~1\AppData\Local\Temp\ccprnUnC.s 			page 13


 180      C1ECFEB0 
 180      7447B3
 181 0023 B16A7553 		.ascii	"\261juS\203\331JUHM!\214+U<\2143\246j+?\366\312\240"
 181      83D94A55 
 181      484D218C 
 181      2B553C8C 
 181      33A66A2B 
 182 003b 22BA2A2A 		.ascii	"\"\272**(\240+\210 \010\010\210\240\210\350\010\312"
 182      28A02B88 
 182      20080888 
 182      A088E808 
 182      CA
 183 004c 0A82CBE2 		.ascii	"\012\202\313\342*\"\012\370\302\267\"\276\020\037\344"
 183      2A220AF8 
 183      C2B722BE 
 183      101FE4
 184 005b F4E3CEBD 		.ascii	"\364\343\316\275^\0077I%\2678C\237\356\357|\347\364"
 184      5E073749 
 184      25B73843 
 184      9FEEEF7C 
 184      E7F4
 185 006d 39DDB7FB 		.ascii	"9\335\267\373\352\005Q\3107\012\3028,\010\345H\020\206"
 185      EA0551C8 
 185      370AC238 
 185      2C08E548 
 185      1086
 186 007f E1F11004 		.ascii	"\341\361\020\004\241TP\036\242\357\003\251\0039\006"
 186      A154501E 
 186      A2EF03A9 
 186      033906
 187 008e 721CE404 		.ascii	"r\034\344\004H\243\360\356\3637\340\000*\341\013\220"
 187      48A3F0EE 
 187      F337E000 
 187      2AE10B90 
 188 009e 26158FC8 		.ascii	"&\025\217\3109\334\331\374\023l\274\270\015\204\"\214"
 188      39DCD9FC 
 188      136CBCB8 
 188      0D84228C 
 189 00ae 03390C12 		.ascii	"\0039\014\022\010\3623\030\033\007r\003\332\035\002"
 189      08F23318 
 189      1B077203 
 189      DA1D02
 190 00bd E3FE0074 		.ascii	"\343\376\000t\021D\217\030/\211\353\347\320\206?a\012"
 190      11448F18 
 190      2F89EBE7 
 190      D0863F61 
 190      0A
 191 00ce 7A9BFB6B 		.ascii	"z\233\373k\320u\234[\346\"<\004&\333\2239\005i\354\310"
 191      D0759C5B 
 191      E6223C04 
 191      26DB9339 
 191      0569ECC8 
 192 00e2 E3F80FE2 		.ascii	"\343\370\017\342Br\\<?\277\341\361\204ix\327pN-\337"
 192      42725C3C 
 192      3FBFE1F1 
 192      846978D7 
 192      704E2DDF 
ARM GAS  C:\Users\CYIRKO~1\AppData\Local\Temp\ccprnUnC.s 			page 14


 193 00f6 949FE024 		.ascii	"\224\237\340$\371\236\3169\3035\234[1\252\376\346D\235"
 193      F99ECE39 
 193      C3359C5B 
 193      31AAFEE6 
 193      449D
 194 0108 D88D2E21 		.ascii	"\330\215.!\300\2421\264\027!\366\213\250PuX~\020\242"
 194      C0A231B4 
 194      1721F68B 
 194      A8507558 
 194      7E10A2
 195 011b FDD02B0A 		.ascii	"\375\320+\012\234T\356B\262\005\327E\256\212\234\222"
 195      9C54EE42 
 195      B205D745 
 195      AE8A9C92 
 196 012b FE7163A4 		.ascii	"\376qc\244bd\303\314\223\374\2609\260\0065\223\255\221"
 196      6264C3CC 
 196      93FCB039 
 196      B0063593 
 196      AD91
 197 013d A8384048 		.ascii	"\2508@Hm\240\"da\363qW|\20229$\317\376QfK\237\241\007"
 197      6DA02264 
 197      61F37157 
 197      7C823239 
 197      24CFFE51 
 198 0156 5D26BD39 		.ascii	"]&\2759\263\020\355[\275\377A\217\036\3032\201v\317"
 198      B310ED5B 
 198      BDFF418F 
 198      1EC33281 
 198      76CF
 199 0168 8BC23F04 		.ascii	"\213\302?\004\227H\354\361\374\205\222\266\223\303\317"
 199      9748ECF1 
 199      FC8592B6 
 199      93C3CF
 200 0177 9DA3D763 		.ascii	"\235\243\327cd4 \021\324\366\376\226\035\336\240\216"
 200      64342011 
 200      D4F6FE96 
 200      1DDEA08E 
 201 0187 33A031A0 		.ascii	"3\2401\240\016\2568w\3340!\203Z9\2441\"\372b<*A\023"
 201      0EAE3877 
 201      DC302183 
 201      5A39A431 
 201      22FA623C 
 202 019e 51319A08 		.ascii	"Q1\232\010\316K\321\004\370]\244cL\316\244\315\245\243"
 202      CE4BD104 
 202      F85DA463 
 202      4CCEA4CD 
 202      A5A3
 203 01b0 26E54839 		.ascii	"&\345H9\275\222\263#\351\327\031\016\251\020\254\374"
 203      BD92B323 
 203      E9D7190E 
 203      A910ACFC 
 204 01c0 090A1521 		.ascii	"\011\012\025!\214\366\242`\02214\341\267\020\365 \264"
 204      8CF6A260 
 204      123134E1 
 204      B710F520 
 204      B4
 205 01d1 0775C37C 		.ascii	"\007u\303|\366\241I`\355(\271\230\252\307\263i\260\371"
ARM GAS  C:\Users\CYIRKO~1\AppData\Local\Temp\ccprnUnC.s 			page 15


 205      F6A14960 
 205      ED28B998 
 205      AAC7B369 
 205      B0F9
 206 01e3 432FFB31 		.ascii	"C/\3731\0041\305\200\206\2071t\224\335\253y\341\313"
 206      0431C580 
 206      86873174 
 206      94DDAB79 
 206      E1CB
 207 01f5 3AC8F8B1 		.ascii	":\310\370\261\323M\005>x\001i\213\033s\213\327z!CP\212"
 207      D34D053E 
 207      7801698B 
 207      1B738BD7 
 207      7A214350 
 208 020a 24259118 		.ascii	"$%\221\030\365A\202+Bt\000\005\021\033\342\031U@g9t"
 208      F541822B 
 208      42740005 
 208      111BE219 
 208      55406739 
 209 021f 1690B938 		.ascii	"\026\220\2718\277\317\236\262u\265$\211\250\022\031"
 209      BFCF9EB2 
 209      75B52489 
 209      A81219
 210 022e D07E25BA 		.ascii	"\320~%\272)\0066\231\243i]}\006\354D\324\307+G\306C"
 210      29063699 
 210      A3695D7D 
 210      06EC44D4 
 210      C72B47C6 
 211 0243 1D0A3270 		.ascii	"\035\0122p\323\232\260\023+\211\351A0\255RL\201\011"
 211      D39AB013 
 211      2B89E941 
 211      30AD524C 
 211      8109
 212 0255 FEB98DA3 		.ascii	"\376\271\215\243\332M\034\340dCU\327\253\3218\237VH"
 212      DA4D1CE0 
 212      644355D7 
 212      ABD1389F 
 212      5648
 213 0267 2CDC917D 		.ascii	",\334\221}\337\303\345d\270uz\001ur\030\234\034R\234"
 213      DFC3E564 
 213      B8757A01 
 213      7572189C 
 213      1C529C
 214 027a 1C1CD949 		.ascii	"\034\034\331I\215{'\245\307\235-\276:\262)\010\025\024"
 214      8D7B27A5 
 214      C79D2DBE 
 214      3AB22908 
 214      1514
 215 028c 8BF43986 		.ascii	"\213\3649\206S\374F,\353\021Z\326Z\304\353\352\350L"
 215      53FC462C 
 215      EB115AD6 
 215      5AC4EBEA 
 215      E84C
 216 029e AB50EA1A 		.ascii	"\253P\352\032xe\277$Ad\222\216\340P\231\022Z\231\266"
 216      7865BF24 
 216      4164928E 
 216      E0509912 
ARM GAS  C:\Users\CYIRKO~1\AppData\Local\Temp\ccprnUnC.s 			page 16


 216      5A99B6
 217 02b1 B075B4B0 		.ascii	"\260u\264\260M/\367\373\341\033l\025\336\036,l\364\341"
 217      4D2FF7FB 
 217      E11B6C15 
 217      DE1E2C6C 
 217      F4E1
 218 02c3 54EDBFCC 		.ascii	"T\355\277\314\224\2340\013\230#Y!G\025\242\243Z\242"
 218      949C300B 
 218      98235921 
 218      4715A2A3 
 218      5AA2
 219 02d5 63946853 		.ascii	"c\224hS\345\363\235z\374\2101\015\335<]\357\301\231"
 219      E5F39D7A 
 219      FC88310D 
 219      DD3C5DEF 
 219      C199
 220 02e7 EA7FE562 		.ascii	"\352\177\345b\"!9\025&\247\226\3518e*y\322\266\337\027"
 220      22213915 
 220      26A796E9 
 220      38652A79 
 220      D2B6DF17 
 221 02fb BF624C85 		.ascii	"\277bL\205\305\371\222\267:\027$MJ2\032\336Z\343]\371"
 221      C5F992B7 
 221      3A17244D 
 221      4A321ADE 
 221      5AE35DF9 
 222 030f 79C5B2DB 		.ascii	"y\305\262\333\306\235\343\323\3445\016(T\257\370\255"
 222      C69DE3D3 
 222      E4350E28 
 222      54AFF8AD 
 223 031f D7FA3D41 		.ascii	"\327\372=A\375>Z\3670g4^\215\251\337\235\225\3537\370"
 223      FD3E5AF7 
 223      3067345E 
 223      8DA9DF9D 
 223      95EB37F8 
 224 0333 02552F54 		.ascii	"\002U/T\273\347\316ow\226_\227R\014tO\241\223\012\323"
 224      BBE7CE6F 
 224      77965F97 
 224      520C744F 
 224      A1930AD3 
 225 0347 49C2441A 		.ascii	"I\302D\032\215\224\341\207\344\362\355\230\355V\035"
 225      8D94E187 
 225      E4F2ED98 
 225      ED561D
 226 0356 216CCDBA 		.ascii	"!l\315\272\346\307v\253?\331\344\203\035\335>>\251d"
 226      E6C776AB 
 226      3FD9E483 
 226      1DDD3E3E 
 226      A964
 227 0368 716C7448 		.ascii	"qltH^\177\244d\247`*\337\321\2514!\037\231\026\232\200"
 227      5E7FA464 
 227      A7602ADF 
 227      D1A93421 
 227      1F99169A 
 228 037d 3F7825FD 		.ascii	"?x%\375\230\027c\273@B\312\252}\322\254g\272'\031~P"
 228      981763BB 
 228      4042CAAA 
ARM GAS  C:\Users\CYIRKO~1\AppData\Local\Temp\ccprnUnC.s 			page 17


 228      7DD2AC67 
 228      BA27197E 
 229 0392 7CD097B1 		.ascii	"|\320\227\261;\311\360\331\276\334d\0376\334F\364\206"
 229      3BC9F0D9 
 229      BEDC641F 
 229      36DC46F4 
 229      86
 230 03a3 F3DFF5EB 		.ascii	"\363\337\365\353\360\0056\235\313\247\212\212Id\201"
 230      F005369D 
 230      CBA78A8A 
 230      496481
 231 03b2 64CF0E0F 		.ascii	"d\317\016\017\217V\355\332@\266k\3337\014\354\036\205"
 231      8F56EDDA 
 231      40B66BDB 
 231      370CEC1E 
 231      85
 232 03c3 BB295CCC 		.ascii	"\273)\\\314l\356\250Wm\251\354\231\231\003$\217g!\367"
 232      6CEEA857 
 232      6DA9EC99 
 232      9903248F 
 232      6721F7
 233 03d6 3F28B30F 		.ascii	"?(\263\017t-v:\037\3015\031\324\016\213=\220/\3666\350"
 233      742D763A 
 233      1FC13519 
 233      D40E8B3D 
 233      902FF636 
 234 03eb FC9E2DF6 		.ascii	"\374\236-\366\242\335i\273<\360m\346\243\361h\327\005"
 234      A2DD69BB 
 234      3CF06DE6 
 234      A3F168D7 
 234      05
 235 03fc 9DFC6AD0 		.ascii	"\235\374j\320\022\234wC \357\357I\215t\353\235\203`"
 235      129C7743 
 235      20EFEF49 
 235      8D74EB9D 
 235      8360
 236 040e 7E548239 		.ascii	"~T\2029\213\370\273!\245d}\0036\244\220\345\362\357"
 236      8BF8BB21 
 236      A5647D03 
 236      36A490E5 
 236      F2EF
 237 0420 B082454B 		.ascii	"\260\202EK\313\313V=\036`\231Z{\262\252\221\327\360"
 237      CBCB563D 
 237      1E60995A 
 237      7BB2AA91 
 237      D7F0
 238 0432 14D1B71C 		.ascii	"\024\321\267\034n\250\365\306O\331\340\265\324\253\015"
 238      6EA8F5C6 
 238      4FD9E0B5 
 238      D4AB0D
 239 0441 1E788829 		.ascii	"\036x\210)r\001\214\274\000;\273\2366#\374\206\015\326"
 239      72018CBC 
 239      003BBB9E 
 239      3623FC86 
 239      0DD6
 240 0453 1E3CD2C8 		.ascii	"\036<\322\310\2135U\365\3426\262\027wu_S\243\201\325"
 240      8B3555F5 
ARM GAS  C:\Users\CYIRKO~1\AppData\Local\Temp\ccprnUnC.s 			page 18


 240      E236B217 
 240      77755F53 
 240      A381D5
 241 0466 4E42A0D7 		.ascii	"NB\240\327\265_\232\205\035:jY?P\276\207\327\221\274"
 241      B55F9A85 
 241      1D3A6A59 
 241      3F50BE87 
 241      D791BC
 242 0479 5C533207 		.ascii	"\\S2\007\332F\223\351H|\325\220\300\\\213\346\032\231"
 242      DA4693E9 
 242      487CD590 
 242      C05C8BE6 
 242      1A99
 243 048b 350A9988 		.ascii	"5\012\231\210\256\262\251t\016\236\274\2507n\244h\250"
 243      AEB2A974 
 243      0E9EBCA8 
 243      376EA468 
 243      A8
 244 049c 988E66A9 		.ascii	"\230\216f\251\027\340=\024~\035\031e#z\272\244?\360"
 244      17E03D14 
 244      7E1D1965 
 244      237ABAA4 
 244      3FF0
 245 04ae 53833BDE 		.ascii	"S\203;\336\007\336\227\227\277\325\200W\263 \263\037"
 245      07DE9797 
 245      BFD58057 
 245      B320B31F 
 246 04be 5FBECDD7 		.ascii	"_\276\315\327f\020\250\005\317j\035\236x-\033\333|t"
 246      6610A805 
 246      CF6A1D9E 
 246      782D1BDB 
 246      7C74
 247 04d0 47EB28BC 		.ascii	"G\353(\274\201)\362\0360\262=\220\324\361\011\336\314"
 247      8129F21E 
 247      30B23D90 
 247      D4F109DE 
 247      CC
 248 04e1 468EA56D 		.ascii	"F\216\245m\272\0143d\312\203\344\033\275<?\023@M?}7"
 248      BA0C3364 
 248      CA83E41B 
 248      BD3C3F13 
 248      404D3F7D 
 249 04f6 106F6743 		.ascii	"\020ogCoN5\004\342]\254\335X]\270\007\341B\246\014d"
 249      6F4E3504 
 249      E25DACDD 
 249      585DB807 
 249      E142A60C 
 250 050b 35DE35E0 		.ascii	"5\3365\340\022\246\344\264o?\344\211\313\230R0\230\001"
 250      12A6E4B4 
 250      6F3FE489 
 250      CB985230 
 250      9801
 251 051d 27D001A6 		.ascii	"'\320\001\246\374Xs.\305\033\3270%\245\242b\2337\256"
 251      FC58732E 
 251      C51BD730 
 251      25A5A262 
 251      9B37AE
ARM GAS  C:\Users\CYIRKO~1\AppData\Local\Temp\ccprnUnC.s 			page 19


 252 0530 634A526D 		.ascii	"cJRmg\032?\\{\211~=\377z\216\027\257\212\007\350\251"
 252      671A3F5C 
 252      7B897E3D 
 252      FF7A8E17 
 252      AF8A07E8 
 253 0545 ED2DCF11 		.ascii	"\355-\317\021>\316\300\251\325g\273u#\326\341\205\\"
 253      3ECEC0A9 
 253      D567BB75 
 253      23D6E185 
 253      5C
 254 0556 87A9B40C 		.ascii	"\207\251\264\014\351u\351U~\3322\264\000\3724E\017\321"
 254      E975E955 
 254      7EDA32B4 
 254      00FA3445 
 254      0FD1
 255 0568 CCBE9033 		.ascii	"\314\276\2203\333v#/_\247\255\303H\350\361\017S\217"
 255      DB76232F 
 255      5FA7ADC3 
 255      48E8F10F 
 255      538F
 256 057a 3FF54501 		.ascii	"?\365E\001\001\001c\003TO\020\375\335%%;$\347\363m\370"
 256      01016303 
 256      544F10FD 
 256      DD25253B 
 256      24E7F36D 
 257 058f 56E99975 		.ascii	"V\351\231uRN=\242T\220f4\214\306*\373\340\022\345=E"
 257      524E3DA2 
 257      54906634 
 257      8CC62AFB 
 257      E012E53D 
 258 05a4 7E056672 		.ascii	"~\005fr5\001^\322\311\230\302\317h\341\255\357\300\233"
 258      35015ED2 
 258      C998C2CF 
 258      68E1ADEF 
 258      C09B
 259 05b6 55F02E2D 		.ascii	"U\360.-\274\223\302C\011:\215\317i\226N@\317a\374\031"
 259      BC93C243 
 259      093A8DCF 
 259      69964E40 
 259      CF61FC19 
 260 05ca 1D2268D8 		.ascii	"\035\"h\330\203h\235\030\204V\210\001H\002I\001Y\011"
 260      83689D18 
 260      84568801 
 260      48024901 
 260      5909
 261 05dc 9204B211 		.ascii	"\222\004\262\021$\031d-\310*\2205 \337\200\254\007Y"
 261      2419642D 
 261      C82A9035 
 261      20DF80AC 
 261      0759
 262 05ee 0D9206F2 		.ascii	"\015\222\006\362\012\005\2407 \251\320v\200\274\206"
 262      0A05A037 
 262      20A9D076 
 262      80BC86
 263 05fd F6063180 		.ascii	"\366\0061\200\276\215Y\214\027\343\224\030\237hc\014"
 263      BE8D598C 
 263      17E39418 
ARM GAS  C:\Users\CYIRKO~1\AppData\Local\Temp\ccprnUnC.s 			page 20


 263      9F68630C 
 264 060d D1CEA85D 		.ascii	"\321\316\250]\205~\352\026\035\252\200\007T\340GZp\017"
 264      857EEA16 
 264      1DAA8007 
 264      54E0475A 
 264      700F
 265 061f D2A02FAA 		.ascii	"\322\240/\252\222u\301}nU\350\372x\005\375P\213\276"
 265      9275C17D 
 265      6E55E8FA 
 265      7805FD50 
 265      8BBE
 266 0631 AF45DF51 		.ascii	"\257E\337QE2\240E\237~\247n\355*\362{Z\370\035-\371"
 266      4532A045 
 266      9F7EA76E 
 266      ED2AF27B 
 266      5AF81D2D 
 267 0646 800ADDA7 		.ascii	"\200\012\335\247Ewk\321WU\241<v\037\212:)*\356\273\356"
 267      45776BD1 
 267      5755A13C 
 267      761F8A3A 
 267      292AEEBB 
 268 065b 23792B70 		.ascii	"#y+pU\016/\272_po\255O\025\373\003\367Idpv\246\234\271"
 268      550E2FBA 
 268      5F706FAD 
 268      4F15FB03 
 268      F7496470 
 269 0673 675C2149 		.ascii	"g\\!I\210\300\004~\236(\353\250\357\276q\263C:5\225"
 269      88C0047E 
 269      9E28EBA8 
 269      EFBE71B3 
 269      433A3595 
 270 0687 92DDD692 		.ascii	"\222\335\326\222\335|\247\"*\327\267\334\243]\221\256"
 270      DD7CA722 
 270      2AD7B7DC 
 270      A35D91AE 
 271 0697 0078C20A 		.ascii	"\000x\302\012\012\177\211\214h\220\303\345\255\217\232"
 271      0A7F898C 
 271      6890C3E5 
 271      AD8F9A
 272 06a6 B5E443AA 		.ascii	"\265\344C\252\034\367\273_xj\362\241xF~\003\310\257"
 272      1CF7BB5F 
 272      786AF2A1 
 272      78467E03 
 272      C8AF
 273 06b8 70B8FC7E 		.ascii	"p\270\374~\347\005dprCh9_\350\207S\365\364l\256\377"
 273      E7056470 
 273      72436839 
 273      5FE88753 
 273      F5F46CAE 
 274 06cd F648269C 		.ascii	"\366H&\234\377cYz\236=\360\200\257\022\264E\034\213"
 274      FF63597A 
 274      9E3DF080 
 274      AF12B445 
 274      1C8B
 275 06df 3689AE03 		.ascii	"6\211\256\003\227$\313\375\016G\233ac\377\277799\031"
 275      9724CBFD 
 275      0E479B61 
ARM GAS  C:\Users\CYIRKO~1\AppData\Local\Temp\ccprnUnC.s 			page 21


 275      63FFBF37 
 275      393919
 276 06f2 6E6FB822 		.ascii	"no\270\"\252/T$B\345\235\234.\372\320\273\031\374\007"
 276      AA2F5424 
 276      42E59D9C 
 276      2EFAD0BB 
 276      19FC07
 277 0705 706EE593 		.ascii	"pn\345\223,_\234\241g\347\370\371\346.\004\267;g/\271"
 277      2C5F9CA1 
 277      67E7F8F9 
 277      E62E04B7 
 277      3B672FB9 
 278 0719 DD05145F 		.ascii	"\335\005\024_\270.I\300\223\214\330\2659C\231%4\337"
 278      B82E49C0 
 278      938CD8B5 
 278      39439925 
 278      34DF
 279 072b BE2B6E15 		.ascii	"\276+n\025\311M\357f\355\360J\017\\\304\330\362\356"
 279      C94DEF66 
 279      EDF04A0F 
 279      5CC4D8F2 
 279      EE
 280 073c D434F0B3 		.ascii	"\3244\360\263\336\027\324K\273\266\344\353\3301r\213"
 280      DE17D44B 
 280      BBB6E4EB 
 280      D831728B 
 281 074c 0CE7B63E 		.ascii	"\014\347\266>\3160\340\203\014\373\362\326\226N\304"
 281      CE30E083 
 281      0CFBF2D6 
 281      964EC4
 282 075b B024AA86 		.ascii	"\260$\252\206{\007\236\217|\272\357\020\371\251\262"
 282      7B079E8F 
 282      7CBAEF10 
 282      F9A9B2
 283 076a 5DA4C7CA 		.ascii	"]\244\307\312\271\301\272!\037\354\244L\272\336\274"
 283      B9C1BA21 
 283      1FECA44C 
 283      BADEBC
 284 0779 81BBF045 		.ascii	"\201\273\360E2\021!\003H\201\374\361(\240\\\321\200"
 284      32112103 
 284      4881FCF1 
 284      28A05CD1 
 284      80
 285 078a BE15B1FC 		.ascii	"\276\025\261\374\361\235%\001}\377\327\244\233]\326"
 285      F19D2501 
 285      7DFFD7A4 
 285      9B5DD6
 286 0799 FA774978 		.ascii	"\372wIx\202\200\246\321\303\012\355\204\372\344R?\273"
 286      8280A6D1 
 286      C30AED84 
 286      FAE4523F 
 286      BB
 287 07aa C4892807 		.ascii	"\304\211(\007\034eA\255I\0178<\324V\223\355\255\234"
 287      1C6541AD 
 287      490F383C 
 287      D45693ED 
 287      AD9C
ARM GAS  C:\Users\CYIRKO~1\AppData\Local\Temp\ccprnUnC.s 			page 22


 288 07bc 4C887267 		.ascii	"L\210rg\001.S$\361\345\211F9J\202\336\330\232\233\355"
 288      012E5324 
 288      F1E58946 
 288      394A82DE 
 288      D89A9BED 
 289 07d0 65E03E52 		.ascii	"e\340>R\336\353\003\320\225\235\253\266y\251\271w\277"
 289      DEEB03D0 
 289      959DABB6 
 289      79A9B977 
 289      BF
 290 07e1 8FBBAB69 		.ascii	"\217\273\253iM\225\337\344<\251\315\011\2379\365\201"
 290      4D95DFE4 
 290      3CA9CD09 
 290      9F39F581 
 291 07f1 15494EC9 		.ascii	"\025IN\3111\013\345\213F\224\015\305\202o\031\225\351"
 291      310BE58B 
 291      46940DC5 
 291      826F1995 
 291      E9
 292 0802 36E85928 		.ascii	"6\350Y(\012\250@\234L,\207kr|\361I\226\376U\251I\025"
 292      0AA8409C 
 292      4C2C876B 
 292      727CF149 
 292      96FE55A9 
 293 0818 1EAEC24F 		.ascii	"\036\256\302O/Q\025\236\334\306\367(\205\337\243-|!"
 293      2F51159E 
 293      DCC6F728 
 293      85DFA32D 
 293      7C21
 294 082a 2DFCB1DB 		.ascii	"-\374\261\333\273\263t\270\203\263\355m+\033\305\331"
 294      BBB374B8 
 294      83B3ED6D 
 294      2B1BC5D9 
 295 083a 9A83D967 		.ascii	"\232\203\331gN.\373\314)R\230\212\264L{)SUc\312M=\276"
 295      4E2EFBCC 
 295      2952988A 
 295      B44C7B29 
 295      535563CA 
 296 0851 C5983A3A 		.ascii	"\305\230::\223k\370\262\360V]\375\307\361\253\377\353"
 296      936BF8B2 
 296      F0565DFD 
 296      C7F1ABFF 
 296      EB
 297 0862 FEB6D7FC 		.ascii	"\376\266\327\374Nh\000\365pRy\217~\304US&\257\232},"
 297      4E6800F5 
 297      7052798F 
 297      7EC45553 
 297      26AF9A7D 
 298 0877 D19DEB9F 		.ascii	"\321\235\353\237]\322i\213X\012\331*\241\331*\247\211"
 298      5DD2698B 
 298      580AD92A 
 298      A1D92AA7 
 298      89
 299 0888 2E9313DD 		.ascii	".\223\023\335\320\371\344\210\257\266,#\242K\357\325"
 299      D0F9E488 
 299      AFB62C23 
 299      A24BEFD5 
ARM GAS  C:\Users\CYIRKO~1\AppData\Local\Temp\ccprnUnC.s 			page 23


 300 0898 AFD2B9CA 		.ascii	"\257\322\271\312\022\316\313R\301\313\002\337s*\323"
 300      12CECB52 
 300      C1CB02DF 
 300      732AD3
 301 08a7 625E96FD 		.ascii	"b^\226\375\264,\325[\323g\342gl\366\015\333*\353E\245"
 301      B42CD55B 
 301      D367E267 
 301      6CF60DDB 
 301      2AEB45A5 
 302 08bb 2A65034A 		.ascii	"*e\003JU\310\247[\245\222\313Jm.\017\320\\f9\373{}\361"
 302      55C8A75B 
 302      A592CB4A 
 302      6D2E0FD0 
 302      5C6639FB 
 303 08d2 6A0F7681 		.ascii	"j\017v\201.n:\353\343\212i\246&\246\023o\305T\305c\252"
 303      2E6E3AEB 
 303      E38A69A6 
 303      26A6136F 
 303      C554C563 
 304 08e7 16270B1E 		.ascii	"\026'\013\0366\373\274\204X\273\347\247\013\376\354"
 304      36FBBC84 
 304      58BBE7A7 
 304      0BFEEC
 305 08f6 6F0A0D15 		.ascii	"o\012\015\025\202\347~\034iZ\022\273(6\302\276<&612"
 305      82E77E1C 
 305      695A12BB 
 305      2836C2BE 
 305      3C263631 
 306 090b 9AB4136D 		.ascii	"\232\264\023m\2413\302C\022m!K\242\342Bl\313\242\311"
 306      A133C243 
 306      126D214B 
 306      A2E2426C 
 306      CBA2C9
 307 091e 7F8BCD1E 		.ascii	"\177\213\315\036\034-\370\330\354\021\366\250e\366\331"
 307      1C2DF8D8 
 307      EC11F6A8 
 307      65F6D9
 308 092d 7151CBE2 		.ascii	"qQ\313\342\015\026\313\362\330\004{h\270\305\276\330"
 308      0D16CBF2 
 308      D8047B68 
 308      B8C5BED8 
 309 093d FA3133B5 		.ascii	"\37213\2651\032{bb\234-\362\313\204\345\376\264\345"
 309      311A7B62 
 309      629C2DF2 
 309      CB84E5FE 
 309      B4E5
 310 094f 0F687F6B 		.ascii	"\017h\177k\374\"kL\2145&2<x\232\177\330\324\320\031"
 310      FC226B4C 
 310      8C352632 
 310      3C789A7F 
 310      D8D4D019 
 311 0963 7F0F8D84 		.ascii	"\177\017\215\204\376\017\023\022\023\254\037Z\243\026"
 311      FE0F1312 
 311      13AC1F5A 
 311      A316
 312 0971 C546C626 		.ascii	"\305F\306&D\307-\217\261F\306G\001W\2025\322\022c]\034"
 312      44C72D8F 
ARM GAS  C:\Users\CYIRKO~1\AppData\Local\Temp\ccprnUnC.s 			page 24


 312      B146C647 
 312      01578235 
 312      D212635D 
 313 0986 B53CCE6E 		.ascii	"\265<\316n\261\177\265\324j\013^\"x\312\376\376\372"
 313      B17FB5D4 
 313      6A0B5E22 
 313      78CAFEFE 
 313      FA
 314 0997 3FF567FB 		.ascii	"?\365g\373\312\026\011\363\213\001rp\342\005\252=6\336"
 314      CA1609F3 
 314      8B017270 
 314      E205AA3D 
 314      36DE
 315 09a9 6AB1FFEE 		.ascii	"j\261\377\356\275\311Yf\017\341\004!\321K\210\015\017"
 315      BDC95966 
 315      0FE10421 
 315      D14B880D 
 315      0F
 316 09ba D29BE428 		.ascii	"\322\233\344(q)K\021\264\255v\271\371)o\002\302\022"
 316      71294B11 
 316      B4AD76B9 
 316      F9296F02 
 316      C212
 317 09cc 17176389 		.ascii	"\027\027c\211\205J\314\371\311\002,M\\f\267\205D,\234"
 317      854ACCF9 
 317      C9022C4D 
 317      5C66B785 
 317      442C9C
 318 09df 3F2D2CE4 		.ascii	"?-,\344\263\317\346\204,\2347\377\037\241\274$\204\006"
 318      B3CFE684 
 318      2C9C37FF 
 318      1FA1BC24 
 318      8406
 319 09f1 5CEA4DA6 		.ascii	"\\\352M\246\371\346i\274\036\323\302,vO\271!~n\326\315"
 319      F9E669BC 
 319      1ED3C22C 
 319      764FB921 
 319      7E6ED6CD 
 320 0a05 993FDB8C 		.ascii	"\231?\333\214\347\230\314\272O\346,4c\223\311\214\315"
 320      E798CCBA 
 320      4FE62C34 
 320      6393C98C 
 320      CD
 321 0a16 20B3CD66 		.ascii	" \263\315f\374\247\010\0236-X\2503\231\346\232)G\030"
 321      FCA70813 
 321      362D58A8 
 321      3399E69A 
 321      294718
 322 0a29 FD0DC573 		.ascii	"\375\015\305s?5\213\021`9o\256Y\0271\037\320&s\030H"
 322      3F358B11 
 322      60396FAE 
 322      5917311F 
 322      D0267318 
 323 0a3e 2820FF62 		.ascii	"( \377b6\375\227!\333\354\361$\244\330x\226$\256X\354"
 323      36FD9721 
 323      DBECF124 
 323      A4D87896 
ARM GAS  C:\Users\CYIRKO~1\AppData\Local\Temp\ccprnUnC.s 			page 25


 323      24AE58EC 
 324 0a52 469E0E1B 		.ascii	"F\236\016\033YY\226(\222!_\213e\361\362\204h\213%xF"
 324      59599628 
 324      92215F8B 
 324      65F1F284 
 324      688B2578 
 325 0a67 F88C8F3C 		.ascii	"\370\214\217<eM\027\275$j\331\007.x\342R\206\036#\367"
 325      654D17BD 
 325      246AD907 
 325      2E78E252 
 325      861E23F7 
 326 0a7b 58DD98FF 		.ascii	"X\335\230\377>\\\036\376\322\335\360GS\377\005\320\274"
 326      3E5C1EFE 
 326      D2DDF047 
 326      53FF05D0 
 326      BC
 327 0a8c 6C29     		.ascii	"l)"
 328              		.text
 329              		.section	.gnu.lto_.symtab.95a0c3e1,"",%progbits
 330 0000 7374496E 		.ascii	"stInit\000"
 330      697400
 331 0007 00       		.ascii	"\000"
 332 0008 00       		.ascii	"\000"
 333 0009 00       		.ascii	"\000"
 334 000a 00000000 		.ascii	"\000\000\000\000\000\000\000\000"
 334      00000000 
 335 0012 AE000000 		.ascii	"\256\000\000\000"
 336 0016 73745374 		.ascii	"stStartAlarm\000"
 336      61727441 
 336      6C61726D 
 336      00
 337 0023 00       		.ascii	"\000"
 338 0024 00       		.ascii	"\000"
 339 0025 00       		.ascii	"\000"
 340 0026 00000000 		.ascii	"\000\000\000\000\000\000\000\000"
 340      00000000 
 341 002e BD000000 		.ascii	"\275\000\000\000"
 342 0032 73745374 		.ascii	"stStopAlarm\000"
 342      6F70416C 
 342      61726D00 
 343 003e 00       		.ascii	"\000"
 344 003f 00       		.ascii	"\000"
 345 0040 00       		.ascii	"\000"
 346 0041 00000000 		.ascii	"\000\000\000\000\000\000\000\000"
 346      00000000 
 347 0049 BF000000 		.ascii	"\277\000\000\000"
 348 004d 73745365 		.ascii	"stSetAlarm\000"
 348      74416C61 
 348      726D00
 349 0058 00       		.ascii	"\000"
 350 0059 00       		.ascii	"\000"
 351 005a 00       		.ascii	"\000"
 352 005b 00000000 		.ascii	"\000\000\000\000\000\000\000\000"
 352      00000000 
 353 0063 C1000000 		.ascii	"\301\000\000\000"
 354 0067 73744765 		.ascii	"stGetAlarm\000"
 354      74416C61 
ARM GAS  C:\Users\CYIRKO~1\AppData\Local\Temp\ccprnUnC.s 			page 26


 354      726D00
 355 0072 00       		.ascii	"\000"
 356 0073 00       		.ascii	"\000"
 357 0074 00       		.ascii	"\000"
 358 0075 00000000 		.ascii	"\000\000\000\000\000\000\000\000"
 358      00000000 
 359 007d C4000000 		.ascii	"\304\000\000\000"
 360 0081 73745F6C 		.ascii	"st_lld_init\000"
 360      6C645F69 
 360      6E697400 
 361 008d 00       		.ascii	"\000"
 362 008e 02       		.ascii	"\002"
 363 008f 00       		.ascii	"\000"
 364 0090 00000000 		.ascii	"\000\000\000\000\000\000\000\000"
 364      00000000 
 365 0098 C6000000 		.ascii	"\306\000\000\000"
 366              		.text
 367              		.section	.gnu.lto_.opts,"",%progbits
 368 0000 272D666D 		.ascii	"'-fmath-errno' '-fsigned-zeros' '-ftrapping-math' '"
 368      6174682D 
 368      6572726E 
 368      6F272027 
 368      2D667369 
 369 0033 2D666E6F 		.ascii	"-fno-trapv' '-fno-openmp' '-fno-openacc' '-mcpu=cor"
 369      2D747261 
 369      70762720 
 369      272D666E 
 369      6F2D6F70 
 370 0066 7465782D 		.ascii	"tex-m7' '-mno-thumb-interwork' '-mthumb' '-ggdb' '-"
 370      6D372720 
 370      272D6D6E 
 370      6F2D7468 
 370      756D622D 
 371 0099 4F322720 		.ascii	"O2' '-fomit-frame-pointer' '-falign-functions=16' '"
 371      272D666F 
 371      6D69742D 
 371      6672616D 
 371      652D706F 
 372 00cc 2D666675 		.ascii	"-ffunction-sections' '-fdata-sections' '-fno-common"
 372      6E637469 
 372      6F6E2D73 
 372      65637469 
 372      6F6E7327 
 373 00ff 2720272D 		.ascii	"' '-flto'\000"
 373      666C746F 
 373      2700
 374              		.text
 375              		.comm	__gnu_lto_v1,1,1
 376              		.comm	__gnu_lto_slim,1,1
 377              		.ident	"GCC: (GNU Tools for ARM Embedded Processors 6-2017-q1-update) 6.3.1 20170215 (release) [AR
ARM GAS  C:\Users\CYIRKO~1\AppData\Local\Temp\ccprnUnC.s 			page 27


DEFINED SYMBOLS
                            *ABS*:00000000 hal_st.c
                            *COM*:00000001 __gnu_lto_v1
                            *COM*:00000001 __gnu_lto_slim

NO UNDEFINED SYMBOLS
