ARM GAS  C:\Users\CYIRKO~1\AppData\Local\Temp\ccaKwdSs.s 			page 1


   1              		.cpu cortex-m7
   2              		.eabi_attribute 20, 1
   3              		.eabi_attribute 21, 1
   4              		.eabi_attribute 23, 3
   5              		.eabi_attribute 24, 1
   6              		.eabi_attribute 25, 1
   7              		.eabi_attribute 26, 1
   8              		.eabi_attribute 30, 2
   9              		.eabi_attribute 34, 1
  10              		.eabi_attribute 18, 4
  11              		.file	"main.c"
  12              		.text
  13              	.Ltext0:
  14              		.section	.gnu.lto_.profile.95d13625,"",%progbits
  15 0000 789C6365 		.ascii	"x\234ce`b`a```d\360\220\004\000\001)\000n"
  15      60626061 
  15      60606064 
  15      F0900400 
  15      0129006E 
  16              		.text
  17              		.section	.gnu.lto_.icf.95d13625,"",%progbits
  18 0000 789C6365 		.ascii	"x\234ce`bP`@\000V\206\253K:\033Y\030\327\374\275q\235"
  18      60625060 
  18      40005686 
  18      AB4B3A1B 
  18      5918D7FC 
  19 0017 8D69F19C 		.ascii	"\215i\361\234\251\327Y\231o-\331>\207\203\265\375\304"
  19      A9D75999 
  19      6F2DD93E 
  19      8783B5FD 
  19      C4
  20 0028 FB93BC0C 		.ascii	"\373\223\274\014\000\363\236\016\272"
  20      00F39E0E 
  20      BA
  21              		.text
  22              		.section	.gnu.lto_.jmpfuncs.95d13625,"",%progbits
  23 0000 789C6365 		.ascii	"x\234ce`bHe@\000f fbbd\204\262\231\030\24733\316h\271"
  23      60624865 
  23      40006620 
  23      66626264 
  23      84B29918 
  24 001a F48CA98F 		.ascii	"\364\214\251\217y>3\003\343\011F\306\345\2142\014\014"
  24      793E3303 
  24      E30946C6 
  24      E58C320C 
  24      0C
  25 002b 2C20F19D 		.ascii	", \361\235;\337\334f\257\377\333\3001\237\231q1H#\343"
  25      3BDFDC66 
  25      AFFFDBC0 
  25      319F9971 
  25      314823E3 
  26 003f 0AC67A06 		.ascii	"\012\306z\006F\026\006\220d\363\257\375\237\371\200"
  26      46160690 
  26      64F3AFFD 
  26      9FF980
  27 004e 9212F399 		.ascii	"\222\022\363\231\231\0263\003\315c\\\011\221\004\002"
  27      99163303 
ARM GAS  C:\Users\CYIRKO~1\AppData\Local\Temp\ccaKwdSs.s 			page 2


  27      CD635C09 
  27      910402
  28 005d 006DC417 		.ascii	"\000m\304\027q"
  28      71
  29              		.text
  30              		.section	.gnu.lto_.inline.95d13625,"",%progbits
  31 0000 789C6365 		.ascii	"x\234ce`b\210`@\000f\006\0066VF\006&\266\017z\014l\013"
  31      60628860 
  31      40006606 
  31      06365646 
  31      0626B60F 
  32 0018 E4994062 		.ascii	"\344\231@bL\014\234\274@!\256\011~p!F.\260Z\201\025"
  32      4C0C9CBC 
  32      4021AE09 
  32      7E702146 
  32      2EB05A81 
  33 002d 7C4009BE 		.ascii	"|@\011\276\003;C\031X\030 j\271\031\031\030\031\230"
  33      033B4319 
  33      5818206A 
  33      B9191918 
  33      1998
  34 003f 7940BA20 		.ascii	"y@\272 \252\300\004\003\000\216'\007\025"
  34      AAC00403 
  34      008E2707 
  34      15
  35              		.text
  36              		.section	.gnu.lto_.pureconst.95d13625,"",%progbits
  37 0000 789C6365 		.ascii	"x\234ce`b`g```f\220`\222b6\005\000\001\337\000~"
  37      60626067 
  37      60606066 
  37      90609262 
  37      36050001 
  38              		.text
  39              		.section	.gnu.lto_EXT_CB.part.0.95d13625,"",%progbits
  40 0000 789C8D92 		.ascii	"x\234\215\222\317KTQ\024\307\317\367\235;\363\306\201"
  40      CF4B5451 
  40      14C7CFF7 
  40      9D3BF3C6 
  40      81
  41 0011 465A5931 		.ascii	"FZY1\204\233A\024\212\250]KW\375\033\"Bb\015-Z\264\233"
  41      849B4114 
  41      8AA85D4B 
  41      57FD1B22 
  41      42620D2D 
  42 0028 EB602318 		.ascii	"\353`#\030\224\0209L%oJ\304)\315_\331\217I\230\206\261"
  42      9410394C 
  42      256F4AC4 
  42      29CD5FD9 
  42      8F499886 
  43 003d 85911545 		.ascii	"\205\221\025E\021\244\264hP0\322\020#\"h\354\334\373"
  43      11A4B468 
  43      5030D210 
  43      232268EC 
  43      DCFB
  44 004f 66A62217 		.ascii	"f\246\"\027=\270\357\376\340|?\337s\317\271\001rh\037"
  44      3DB8EFFE 
  44      E07C3FDF 
ARM GAS  C:\Users\CYIRKO~1\AppData\Local\Temp\ccaKwdSs.s 			page 3


  44      73CFB901 
  44      72681F
  45 0062 131D20A2 		.ascii	"\023\035 \242C2\020 \250\301\027\262Pp\354\354\200\315"
  45      43321020 
  45      A8C117B2 
  45      5070ECEC 
  45      80CD
  46 0074 DC1B62C0 		.ascii	"\334\033b\300,t\010\224P\016#\201K\234f\224\372\327"
  46      2C740894 
  46      500E2381 
  46      4B9C6694 
  46      FAD7
  47 0086 F24EEB98 		.ascii	"\362N\353\230\226\257\230\236tu\256\010O\200\031\031"
  47      96AF989E 
  47      7475AE08 
  47      4F801919 
  48 0096 E6C3185A 		.ascii	"\346\303\030ZI\302^\365M_\347\213\354\011E\311v\353"
  48      49C25EF5 
  48      4D5FE78B 
  48      EC0945C9 
  48      76EB
  49 00a8 F9D572C4 		.ascii	"\371\325r\304l\0354\313\326Km\\c\016\303D\226K\345\257"
  49      6C1D34CB 
  49      D64B6D5C 
  49      630EC344 
  49      964BE5AF 
  50 00bc 1C1BD13A 		.ascii	"\034\033\321:\251\213\213X\324\312c\306m\260\020q\013"
  50      A98B8B58 
  50      D4CA63C6 
  50      6DB01071 
  50      0B
  51 00cd 51E410B5 		.ascii	"Q\344\020\265d\011\235XY\370\020\344F+\333\236\235\377"
  51      64099D58 
  51      59F810E4 
  51      462BDB9E 
  51      9DFF
  52 00df DEF8B74C 		.ascii	"\336\370\267LabW\331\227\225\354^n\262\252|j\271\275"
  52      616257D9 
  52      9795EC5E 
  52      6EB2AA7C 
  52      6AB9BD
  53 00f2 2ADABCC1 		.ascii	"*\332\274\301i]\354m\3668\200I_w,\212#u\325\307\231"
  53      695DEC6D 
  53      F6388049 
  53      5F772C8A 
  53      2375D5C7 
  54 0107 CA953D41 		.ascii	"\312\225=A\205)\304pG\3068b\376-1\215 \210T\355TbG\237"
  54      8529C470 
  54      47C63862 
  54      FE2D318D 
  54      208854ED 
  55 011f 2D1422BC 		.ascii	"-\024\"\274\337Z\274\321s;\250z\254m\0052\272\330'\036"
  55      DF5ABCD1 
  55      733BA87A 
  55      AC6D0532 
  55      BAD8271E 
  56 0133 41CCFC9B 		.ascii	"A\314\374\233\033f\205 \374\251\327\320\272\262\323"
ARM GAS  C:\Users\CYIRKO~1\AppData\Local\Temp\ccaKwdSs.s 			page 4


  56      1B668520 
  56      FCA9D7D0 
  56      BAB2D3
  57 0142 AFF5FB30 		.ascii	"\257\365\3730\002 I\3111?\242\00114]\270\300\312\314"
  57      022049C9 
  57      313FA201 
  57      31345DB8 
  57      C0CACC
  58 0155 BC8AA435 		.ascii	"\274\212\2445yw\263p9\322\226\263]\370\221\346v\251"
  58      7977B370 
  58      39D296B3 
  58      5DF891E6 
  58      76A9
  59 0167 19551B70 		.ascii	"\031U\033p\027m&`\360\361\361\226Q\233D\341\204\344"
  59      176D2660 
  59      F0F1F196 
  59      519B44E1 
  59      84E4
  60 0179 F0BBAAA8 		.ascii	"\360\273\252\250\247`D\230C\013\255\302!s\023\243\245"
  60      A7604498 
  60      430BADC2 
  60      217313A3 
  60      A5
  61 018a DD2C2A4D 		.ascii	"\335,*M\231lH\012\\\363\270g=6\227\276\345\033j&=\276"
  61      996C480A 
  61      5CF3B867 
  61      3D3697BE 
  61      E51B6A26 
  62 01a0 49B5077F 		.ascii	"I\265\007\177\232(\302\375\232\211)\231\210\311\334"
  62      9A28C2FD 
  62      9A892999 
  62      88C9DC
  63 01af C8B1375A 		.ascii	"\310\2617ZGrh=w\324\024u\230!\324\241\363\245\227\256"
  63      4772683D 
  63      77D41475 
  63      9821D4A1 
  63      F3A597AE 
  64 01c3 792AAEDF 		.ascii	"y*\256\337\261\374\347e7\361S\213\275;\302~k>-\275}"
  64      B1FCE765 
  64      37F1538B 
  64      BD3BC27E 
  64      6B3E2DBD 
  65 01d8 12F6300C 		.ascii	"\022\3660\014\323\273\207\3622\037\230\202\"\017\017"
  65      D3BB87F2 
  65      321F9882 
  65      220F0F
  66 01e7 24BC4A0A 		.ascii	"$\274J\012>\316\021\2429\030zz\320\034\374\017\355Q"
  66      3ECE11A2 
  66      39187A7A 
  66      D01CFC0F 
  66      ED51
  67 01f9 9D362F34 		.ascii	"\2356/4A\330T\331\246\272\201dv\274\301\220l\025\006"
  67      41D854D9 
  67      A6BA8164 
  67      76BCC190 
  67      6C1506
  68 020c 042EC712 		.ascii	"\004.\307\022\341\236\356\350\216\037\356$\325u\356"
ARM GAS  C:\Users\CYIRKO~1\AppData\Local\Temp\ccaKwdSs.s 			page 5


  68      E19EEEE8 
  68      8E1FEE24 
  68      D575EE
  69 021b EC19B7F3 		.ascii	"\354\031\267\363dG<\336u\012=\350\376\005\"V\372\227"
  69      64473CDE 
  69      750A3DE8 
  69      FE052256 
  69      FA97
  70              		.text
  71              		.section	.gnu.lto_EXT_CB.95d13625,"",%progbits
  72 0000 789C6D52 		.ascii	"x\234mRKO\023Q\024\276\337\275\323\231i\241\030VD\323"
  72      4B4F1351 
  72      14BEDFBD 
  72      D39969A1 
  72      185644D3 
  73 0014 18161202 		.ascii	"\030\026\022\002\013k\242+\027.\374'\206\220\210\012"
  73      0B6BA22B 
  73      172EFC27 
  73      8690880A 
  74 0024 71E1C25D 		.ascii	"q\341\302]o\001\213\202Q\214\010Vm\246J\010\005\201"
  74      6F018B82 
  74      518C0856 
  74      6DA64A08 
  74      0581
  75 0036 82E06310 		.ascii	"\202\340c\020\261i\211\022\337\232&$B\\\250\240\310"
  75      B1698912 
  75      DF9A2624 
  75      425CA8A0 
  75      C8
  76 0047 C3F808D1 		.ascii	"\303\370\010\321D\301s\357\324\005\306If\356\234s\276"
  76      44C173EF 
  76      D405C649 
  76      66EE9C73 
  76      BE
  77 0058 73BE73CE 		.ascii	"s\276s\316\375|\214\263S\202\261m\214\261=\364\302\307"
  77      FD7C8CB3 
  77      5382B16D 
  77      8CB13DF4 
  77      C2C7
  78 006a C0DB9F31 		.ascii	"\300\333\2371\026\2659\027\3710\223\001cb;\223\305\002"
  78      16B53917 
  78      F9309301 
  78      63623B93 
  78      C502
  79 007c 8672C300 		.ascii	"\206r\303\000\324)m\260\010\027\006\"<rVt\011d[\026"
  79      D4296DB0 
  79      08170622 
  79      3C725674 
  79      09645B16 
  80 0090 5C5ED52B 		.ascii	"\\^\325+\351\311t\015Y2\225\201Cu\343\364\252\007\275"
  80      E9C9740D 
  80      59329581 
  80      4375E3F4 
  80      AA07BD
  81 00a3 A822D4CB 		.ascii	"\250\"\324\313\346\341+\342\214p\004`\220\371\345\351"
  81      E6E12BE2 
  81      8C700460 
ARM GAS  C:\Users\CYIRKO~1\AppData\Local\Temp\ccaKwdSs.s 			page 6


  81      90F9E5E9 
  82 00b3 A57725CA 		.ascii	"\245w%\312\344('\323\211\255\\\026\"\000F\3773\355\367"
  82      E42827D3 
  82      89AD5C16 
  82      220046FF 
  82      33EDF7
  83 00c6 F756F648 		.ascii	"\367V\366H\331(3S\035B\356p\204@?\004\325C\037BH!\304"
  83      D9283353 
  83      1D42EE70 
  83      84403F04 
  83      D5431F42 
  84 00dd C8C5701D 		.ascii	"\310\305p\035\225\204\036\230\313\2751\305\026\235\271"
  84      95841E98 
  84      CBBD31C5 
  84      169DB9
  85 00ec FA64CDF5 		.ascii	"\372d\315\365\027R\347:u\252\201\201\177S\015\206AT"
  85      1752E73A 
  85      75AA8181 
  85      7F530D86 
  85      4154
  86 00fe 2AFCE7B9 		.ascii	"*\374\347\271d\251(\323\251nlv\177E\267\316\\\275*\272"
  86      64A928D3 
  86      A96E6C76 
  86      7F45B7CE 
  86      5CBD2ABA 
  87 0112 64265AEE 		.ascii	"d&Z\356\010\037\206\274\344\335!\354\012\351i\010\372"
  87      081F86BC 
  87      E4DD21EC 
  87      0AE96908 
  87      FA
  88 0123 7664FD42 		.ascii	"vd\375B\3204\220F\2057$\206a\202\316\364+d\344\372F"
  88      D0349046 
  88      85372486 
  88      6182CEF4 
  88      2B64E4FA 
  89 0138 8BCC3C28 		.ascii	"\213\314<(}\024\360s\250\026i^b3\211\327\264\324\307"
  89      7D14F073 
  89      A816695E 
  89      623389D7 
  89      B4D4C7
  90 014b 561FC65A 		.ascii	"V\037\306Z)Qm\263Mpu\212y4&?\274\200.EY\011r+\327\322"
  90      29516DB3 
  90      4D70758A 
  90      7934263F 
  90      BC802E45 
  91 0165 47CF35A8 		.ascii	"G\3175\250\\B\273\276\375\340\252\213\236\307\271\311"
  91      5C42BBBE 
  91      FDE0AA8B 
  91      9EC7B9C9 
  92 0175 12B15537 		.ascii	"\022\261U7\237\227c\033(t?\215ii8\302\302\310\346\271"
  92      9F97631B 
  92      28743F8D 
  92      696938C2 
  92      C2C8E6B9 
  93 0189 F555DC40 		.ascii	"\365U\334@\005\301\323\313\356\317\240\332\275\005\206"
  93      05C1D3CB 
  93      EECFA0DA 
ARM GAS  C:\Users\CYIRKO~1\AppData\Local\Temp\ccaKwdSs.s 			page 7


  93      BD0586
  94 0198 518ACD83 		.ascii	"Q\212\315\203\353\2306\026\221\035_L\354S\264\011a\022"
  94      EB983616 
  94      911D5F4C 
  94      EC53B409 
  94      6112
  95 01aa BCF344F6 		.ascii	"\274\363D\366\271\245\340\266&\353\310\306\363A\317"
  95      B9A5E0B6 
  95      26EBC8C6 
  95      F341CF
  96 01b9 94ED27A5 		.ascii	"\224\355'\245\272\314\231\205\356s\001\007\211(I\200"
  96      BACC9985 
  96      EE730107 
  96      89284980 
  97 01c9 D6E6C74D 		.ascii	"\326\346\307M\"\035S\244\024\354\377~z\324\037\036\224"
  97      221D53A4 
  97      14ECFF7E 
  97      7AD41F1E 
  97      94
  98 01da CD51150B 		.ascii	"\315Q\025\013\340\026\034\\\324\332\300m\204\211\256"
  98      E0161C5C 
  98      D4DAC06D 
  98      8489AE
  99 01e9 E96B0C1E 		.ascii	"\351k\014\036\233\345\021v\177rs>\305P\204 \356\350"
  99      9BE51176 
  99      7F72733E 
  99      C5508420 
  99      EEE8
 100 01fb 969A7EFD 		.ascii	"\226\232~\375\305\330\004#\314\330\324\303\230\2550"
 100      C5D80423 
 100      CCD8D4C3 
 100      98AD30
 101 020a 260057CF 		.ascii	"&\000W\317\320\230<\244w\225\336<\244\251\273~\275\230"
 101      D0983CA4 
 101      7795DE3C 
 101      A4A9BB7E 
 101      BD98
 102 021c 6A2AAA5F 		.ascii	"j*\252_\222^\207>\252\203qj\222\360\014wQ\317\336\243"
 102      925E873E 
 102      AA83716A 
 102      92F00C77 
 102      51CFDEA3 
 103 0230 7936B716 		.ascii	"y6\267\026\025\005\022\025\324+k\243\255\347\303t=\\"
 103      15051215 
 103      D42B6BA3 
 103      ADE7C374 
 103      3D5C
 104 0242 45D4ACD7 		.ascii	"E\324\254\327&\317\227T\247\264\332\327\313\342I[i\261"
 104      26CF9754 
 104      A7B4DAD7 
 104      CBE2495B 
 104      69B1
 105 0254 A0F40954 		.ascii	"\240\364\011T{\027\367?\360t\224C\211\257\200\275\247"
 105      7B17F73F 
 105      F0749443 
 105      89AF80BD 
 105      A7
ARM GAS  C:\Users\CYIRKO~1\AppData\Local\Temp\ccaKwdSs.s 			page 8


 106 0265 B0822D41 		.ascii	"\260\202-ASj\011\272\313\263V\344\267\244\212\305qA"
 106      536A09BA 
 106      CBB356E4 
 106      B7A48AC5 
 106      7141
 107 0277 82C22422 		.ascii	"\202\302$\"\244\226\240n\303\3202Y\241)\373\364&t\225"
 107      A496A06E 
 107      C3D03259 
 107      A129FBF4 
 107      267495
 108 028a 5682919B 		.ascii	"V\202\221\2333f\325\037\250k\330Y\303\214\332\343\307"
 108      3366D51F 
 108      A86BD859 
 108      C38CDAE3 
 108      C7
 109 029b 8E5A3507 		.ascii	"\216Z5\007\01744\324\036\301a\324\375\001\340\330\035"
 109      0F3434D4 
 109      1EC161D4 
 109      FD01E0D8 
 109      1D
 110 02ac B6       		.ascii	"\266"
 111              		.text
 112              		.section	.gnu.lto_main.95d13625,"",%progbits
 113 0000 789C9553 		.ascii	"x\234\225SMO\023Q\024\275g\336t\332\251mE\024\342\202"
 113      4D4F1351 
 113      14BD67DE 
 113      74DAA96D 
 113      4514E282 
 114 0014 44B6B8B0 		.ascii	"D\266\270\260K6n\374\005\376\006\343\312\030\375\005"
 114      4B366EFC 
 114      05FE06E3 
 114      CA18FD05 
 115 0024 26334081 		.ascii	"&3@\201\006\022u\241\320\222\3424i\014(\362)* J-U4Q"
 115      061275A1 
 115      D092E234 
 115      690C28F2 
 115      292A204A 
 116 003c 8984AE58 		.ascii	"\211\204\256X\371\021\222\002J\010\306D\010\340\275"
 116      F9119202 
 116      4A08C644 
 116      08E0BD
 117 004b 33B516D3 		.ascii	"3\265\026\323\015\223\314\314}\357\2369\347\334\373"
 117      0D93CCCC 
 117      7DEF9E39 
 117      E7DCFB
 118 005a EEF848A3 		.ascii	"\356\370H\243Z\235\310$\242\213|\303O\320n\177$j\011"
 118      5A9DC824 
 118      A28B7CC3 
 118      4FD06E7F 
 118      246A09
 119 006d 6830BC40 		.ascii	"h0\274@y\301\005C\323\227\353\311\016\372f\233\311\016"
 119      79C10543 
 119      D397EBC9 
 119      0EFA669B 
 119      C90E
 120 007f E9505EDA 		.ascii	"\351P^\332\3677\000Y\2322t\037,\315 \357\272\245z\025"
 120      F7370059 
ARM GAS  C:\Users\CYIRKO~1\AppData\Local\Temp\ccaKwdSs.s 			page 9


 120      9A32741F 
 120      2CCD20EF 
 120      BAA57A15 
 121 0093 3EC5C652 		.ascii	">\305\306R\352\246r\024A\347\345\326\207\276\257\021"
 121      EAA67214 
 121      41E7E5D6 
 121      87BEAF11 
 122 00a3 59028DBC 		.ascii	"Y\002\215\274,\334\031\031\0125\015\330|e{\247\352\222"
 122      2CDC1919 
 122      0A350DD8 
 122      7C657BA7 
 122      EA92
 123 00b5 8359DD51 		.ascii	"\203Y\335Q\032%\031=\210\006\014\240Al=@\0231\370\313"
 123      1A25193D 
 123      88060CA0 
 123      416C3D40 
 123      1331F8CB 
 124 00c9 F8FEDDB0 		.ascii	"\370\376\335\260\241K\2267\037\302\000\277G\227\220"
 124      A14B9637 
 124      1FC200BF 
 124      479790
 125 00d8 B5F70F3A 		.ascii	"\265\367\017:\355\354\217\272\2653a\203\034\245L~\350"
 125      EDEC8FBA 
 125      B5336183 
 125      1CA54C7E 
 125      E8
 126 00e9 41791075 		.ascii	"Ay\020u1\030\324\315\244P\353hK\357\236\225/\205nzz"
 126      3118D4CD 
 126      A450EB68 
 126      4BEF9E95 
 126      2F856E7A 
 127 00fe 63C56FED 		.ascii	"c\305o\355\331\001G\371\222\212\2710\004\213?2Hp{Zu"
 127      D90147F9 
 127      928AB930 
 127      048B3F32 
 127      48707B5A 
 128 0113 9CC6B847 		.ascii	"\234\306\270Ge\\{\372\276\252\202\363'\225\310\0163"
 128      655C7BFA 
 128      BEAA82F3 
 128      2795C80E 
 128      33
 129 0124 8E133DED 		.ascii	"\216\023=\355\271E\277\324\314M:\214\013d\244\024\336"
 129      B945BFD4 
 129      CC4D3A8C 
 129      0B64A414 
 129      DE
 130 0135 5B7B5FC8 		.ascii	"[{_\310\007\035\364\303Q&FaaD*\347Dz\347w!\304\340\270"
 130      071DF4C3 
 130      51264661 
 130      61442AE7 
 130      447AE777 
 131 014d 6D370AC1 		.ascii	"m7\012\301\030\034\270\202\030\207U\311\035t\271\333"
 131      181CB882 
 131      188755C9 
 131      1D74B9DB 
 132 015d 76E6B623 		.ascii	"v\346\266#\014?\315\033\031\251\211\367\336\365\015"
 132      0C3FCD1B 
ARM GAS  C:\Users\CYIRKO~1\AppData\Local\Temp\ccaKwdSs.s 			page 10


 132      19A989F7 
 132      DEF50D
 133 016c 5D65EA96 		.ascii	"]e\352\226\032G\035\303c\346\236(q\037\254M\214\230"
 133      1A471DC3 
 133      63E69E28 
 133      711FAC4D 
 133      8C98
 134 017e 0C4EB8DC 		.ascii	"\014N\270\334AL\226\271\237\300rT\210\255us\035|\276"
 134      414C96B9 
 134      9FC07254 
 134      88AD7573 
 134      1D7CBE
 135 0191 4A224322 		.ascii	"J\"C\"\024\321\332S\374~^p\375\312\250t\020\376\277"
 135      14D1DA53 
 135      FC7E5E70 
 135      FDCAA874 
 135      10FEBF
 136 01a4 BA7046BA 		.ascii	"\272pF\272u\270:\205g\354\340\2518\300\024\353\3217"
 136      75B83A85 
 136      67ECE0A9 
 136      38C014EB 
 136      D137
 137 01b6 C456E637 		.ascii	"\304V\3467P\205\217\355c\332\035\000Q\327i\271^\025"
 137      50858FED 
 137      63DA1D00 
 137      51D769B9 
 137      5E15
 138 01c8 919B296E 		.ascii	"\221\233)n\226\304\315Jp\304\025\357\313\355\316\233"
 138      96C4CD4A 
 138      70C415EF 
 138      CBEDCE9B 
 139 01d8 DED28EC7 		.ascii	"\336\322\216\307m\031\270\326B\377fX\312\267\335*\217"
 139      6D19B8D6 
 139      42FF6658 
 139      CAB7DD2A 
 139      8F
 140 01e9 E339CFD5 		.ascii	"\3439\317\325L\251\003\253\371\316{zt\330\216\265H\256"
 140      4CA903AB 
 140      F9CE7B7A 
 140      74D88EB5 
 140      48AE
 141 01fb 06B3EC28 		.ascii	"\006\263\354(!GBx\201(\025\271\237\035%kAOp2\277\320"
 141      21474278 
 141      812815B9 
 141      9F1D256B 
 141      414F7032 
 142 0211 1110051D 		.ascii	"\021\020\005\035\300K\246aK=\246@\216\2525\367O+\213"
 142      C04BA661 
 142      4B3DA640 
 142      8EAA35F7 
 142      4F2B8B
 143 0224 280BF038 		.ascii	"(\013\3608\305\322\237\253\215\323\211\244L2^y\343\224"
 143      C5D29FAB 
 143      8DD389A4 
 143      4C325E79 
 143      E394
 144 0236 882DAD6A 		.ascii	"\210-\255jb\241\026o\201\034\032\034u\322m\221\217f"
ARM GAS  C:\Users\CYIRKO~1\AppData\Local\Temp\ccaKwdSs.s 			page 11


 144      62A1166F 
 144      811C1A1C 
 144      75D26D91 
 144      8F66
 145 0248 9BA5453F 		.ascii	"\233\245E?\007o\034\335\320)\314\273\206\340\015\344"
 145      076F1CDD 
 145      D029CCBB 
 145      86E00DE4 
 146 0258 FAAFC5A5 		.ascii	"\372\257\305\245H9Y\207<\242\0119M\311m\245vRf9W\217"
 146      48395987 
 146      3CA20939 
 146      4DC96DA5 
 146      76526639 
 147 026e D79273FF 		.ascii	"\327\222s\377\3117\210V\366\250\226{\264\340\236`\227"
 147      C9378856 
 147      F6A8967B 
 147      B4E09E60 
 147      97
 148 027f CB4BE4BF 		.ascii	"\313K\344\277v\351\312\365s\227\351\017\221\222S\212"
 148      76E9CAF5 
 148      7397E90F 
 148      9192538A 
 149              		.text
 150              		.section	.gnu.lto_EXTcfg.95d13625,"",%progbits
 151 0000 789CAD90 		.ascii	"x\234\255\220\273K\303P\034\205\363\313mZZ\333\352\344"
 151      BB4BC350 
 151      1C85F3CB 
 151      6D5A5ADB 
 151      EAE4
 152 0012 20195C5C 		.ascii	" \031\\\\\005u\351\277#N\016\372/\030A\241(8\211V\021"
 152      0575E9BF 
 152      234E0EFA 
 152      2F1841A1 
 152      28388956 
 153 0027 22A8D467 		.ascii	"\"\250\324g\255\257h\352+\326g\360=i\261\212\210\203"
 153      ADAF68EA 
 153      2BD667F0 
 153      3D69B18A 
 153      8883
 154 0039 48075B0A 		.ascii	"H\007[\012\242\265\352\2117\213\223w0C>\016\367\343"
 154      A2B5EA89 
 154      378B9377 
 154      30433E0E 
 154      F7E3
 155 004b 70EE5524 		.ascii	"p\356U$Y\262\231$\371%\376\0152\032\350N\237\373\372"
 155      59B29924 
 155      F925FE0D 
 155      321AE84E 
 155      9FFBFA
 156 005e 98CE2472 		.ascii	"\230\316$r\342|\316|\0139\221~\342C\326\032f\021C\213"
 156      E27CCE7C 
 156      0B39917E 
 156      E243D61A 
 156      6611438B 
 157 0072 8E6AB53A 		.ascii	"\216j\265:\223c\260&I\215\3414N\252#$\012\305\204\327"
 157      9363B026 
 157      498DE134 
ARM GAS  C:\Users\CYIRKO~1\AppData\Local\Temp\ccaKwdSs.s 			page 12


 157      4EAA2324 
 157      0AC584D7 
 158 0086 F119558A 		.ascii	"\361\031U\212\370\345l\347\247\314\3750\242i\346n|\035"
 158      F8E56CE7 
 158      A7CCFD30 
 158      A269E66E 
 158      7C1D
 159 0098 652DAA69 		.ascii	"e-\252i\367\275'\3255\2301\304\370\260;\353\354\332"
 159      F7BD27D5 
 159      359831C4 
 159      F8B03BEB 
 159      ECDA
 160 00aa CB97D421 		.ascii	"\313\227\324!\346\363\203\266\377ws\2027\317Q\207\343"
 160      E6F383B6 
 160      FF777382 
 160      37CF5187 
 160      E3
 161 00bb 8F3D9BBB 		.ascii	"\217=\233\273\012o\016\211,)=\365g\210\373A\021\377"
 161      0A6F0E89 
 161      2C293DF5 
 161      6788FB41 
 161      11FF
 162 00cd 2AD365BA 		.ascii	"*\323e\272~\205\320M_.\312A\356\007D\374\031c\"\345"
 162      7E85D04D 
 162      5F2ECA41 
 162      EE0744FC 
 162      196322E5 
 163 00e1 F6FB45FC 		.ascii	"\366\373E\374?\205bO\367+\343\205>\021\377\2614\227"
 163      3F85624F 
 163      F72BE385 
 163      3E11FFB1 
 163      3497
 164 00f3 0A73DF2B 		.ascii	"\012s\337+\342\333\343\251\017\367\202\212\210\177\331"
 164      E2DBE3A9 
 164      0FF7828A 
 164      887FD9
 165 0102 951C71F7 		.ascii	"\225\034q\367xD\374t!\031w\373\231\210\277\377\365j"
 165      7844FC74 
 165      211977FB 
 165      9988BFFF 
 165      F56A
 166 0114 55725FFE 		.ascii	"Ur_\376\227\007\\\212\336\276\007\270\240):\363P\203"
 166      97075C8A 
 166      DEBE07B8 
 166      A0293AF3 
 166      5083
 167 0126 4A8714A1 		.ascii	"J\207\024\241F\225\016\200}Ri\017\334\005\323\340\016"
 167      46950E80 
 167      7D52690F 
 167      DC05D3E0 
 167      0E
 168 0137 6881DBE0 		.ascii	"h\201\333\340\026\270\011n\200\353`\012lR\311\004\326"
 168      16B8096E 
 168      80EB600A 
 168      6C52C904 
 168      D6
 169 0148 10574103 		.ascii	"\020WA\003\\\001\227\301%p\021\\\000\223\340<8\013\316"
ARM GAS  C:\Users\CYIRKO~1\AppData\Local\Temp\ccaKwdSs.s 			page 13


 169      5C0197C1 
 169      2570115C 
 169      0093E03C 
 169      380BCE
 170 015b 80D3E014 		.ascii	"\200\323\340\024E\234A\307\247\206\207\357\251\322\231"
 170      459C41C7 
 170      A78687EF 
 170      A9D299
 171 016a 1263321D 		.ascii	"\022c2\035\341\200l\374|m\315\255\355\365-\3227\247"
 171      E1806CFC 
 171      7C6DCDAD 
 171      EDF52DD2 
 171      37A7
 172 017c 3C307F   		.ascii	"<0\177"
 173              		.text
 174              		.section	.gnu.lto_.symbol_nodes.95d13625,"",%progbits
 175 0000 789C558C 		.ascii	"x\234U\214\273\015\302@\020Dgg\271\003J CTBKT\260\007"
 175      BB0DC240 
 175      10446767 
 175      B9034A20 
 175      4354424B 
 176 0017 01A414C0 		.ascii	"\001\244\024\300\307\206s\017\340\314\222cj 0m \316"
 176      C786730F 
 176      E0CC9263 
 176      6A20306D 
 176      20CE
 177 0029 2790F026 		.ascii	"'\220\360&#\275y\263\016D\213t\254h\300\376\001\030"
 177      23BD79B3 
 177      0E448B74 
 177      AC68C0FE 
 177      0118
 178 003b E41E9AB0 		.ascii	"\344\036\232\260\004\334\201\\/\372\362H\223o\211[\321"
 178      04DC815C 
 178      2FFAF248 
 178      936F895B 
 178      D1
 179 004c 049FD899 		.ascii	"\004\237\330\231\306\037\253C)\311\277\022\363\244\273"
 179      C61FAB43 
 179      29C9BF12 
 179      F3A4BB
 180 005b 1325A49D 		.ascii	"\023%\244\235J\244iv\200\320\177\224\013m4\000%\315"
 180      4AA46976 
 180      80D07F94 
 180      0B6D3400 
 180      25CD
 181 006d 0D4041F3 		.ascii	"\015@A\363\377@\011lv\257\231\352\024\361\371\026\325"
 181      FF40096C 
 181      76AF99EA 
 181      14F1F916 
 181      D5
 182 007e 09DA9C63 		.ascii	"\011\332\234ct9=\342\266\253W\370\000950\340"
 182      74393DE2 
 182      B6AB57F8 
 182      00393530 
 182      E0
 183              		.text
 184              		.section	.gnu.lto_.refs.95d13625,"",%progbits
ARM GAS  C:\Users\CYIRKO~1\AppData\Local\Temp\ccaKwdSs.s 			page 14


 185 0000 789C0DC4 		.ascii	"x\234\015\304\261\021\0000\014\002\261\007\314y\205"
 185      B1110030 
 185      0C02B107 
 185      CC7985
 186 000f EC3F69AC 		.ascii	"\354?i\254B\305<\270Q\245M<q\203F\265\371\006W\000Y"
 186      42C53CB8 
 186      51A54D3C 
 186      718346B5 
 186      F9065700 
 187              		.text
 188              		.section	.gnu.lto_.decls.95d13625,"",%progbits
 189 0000 789CAD58 		.ascii	"x\234\255X{PT\327\031\277\337=\273\354\262.H\300&6!"
 189      7B5054D7 
 189      19BFDF3D 
 189      BBECB22E 
 189      48C02636 
 190 0015 1DEA10DC 		.ascii	"\035\352\020\334i\032\020m\223\231\264\351$\012\211"
 190      691A106D 
 190      9399B4E9 
 190      240A89
 191 0024 4E8C50C0 		.ascii	"N\214P\300\264\2352\263\203\260\012S\004\013k&\376\325"
 191      B49D32B3 
 191      83B00A53 
 191      040B6B26 
 191      FED5
 192 0036 2B200F9F 		.ascii	"+ \017\237<\022\025\004E\361\001\3622*\032\003\352\212"
 192      3C121504 
 192      45F101F2 
 192      322A1A03 
 192      EA8A
 193 0048 226FDFD1 		.ascii	"\"o\337\321\210\312\303\007j\214\212\240\004\037\321"
 193      88CAC307 
 193      6A8C8AA0 
 193      041FD1
 194 0057 7EE79CBB 		.ascii	"~\347\234\273{/diL\333;\234\275\347\234\373;\277\357"
 194      7B2F6469 
 194      4CDB3B9C 
 194      BDE79CFB 
 194      3BBFEF
 195 006a 77BEEF3C 		.ascii	"w\276\357<\321\012\242\340\375\242 \264\022Ax\002\202"
 195      D10AA2E0 
 195      FDA220B4 
 195      12417802 
 195      82
 196 007b F00C1FAD 		.ascii	"\360\014\037\255 \010\225\230\260J\360\303t\036S\227"
 196      20089598 
 196      B04AF0C3 
 196      741E5397 
 197 008b C01F1DA6 		.ascii	"\300\037\035\246\001L\0170\015\3212\2661b\032\213\351"
 197      014C0F30 
 197      0DD132B6 
 197      31621A8B 
 197      E9
 198 009c 05E06DBC 		.ascii	"\005\340m\274\360\375\013L\336 \014{\256cY\217\357\217"
 198      F0FD0B4C 
 198      DE200C7B 
 198      AE63598F 
ARM GAS  C:\Users\CYIRKO~1\AppData\Local\Temp\ccaKwdSs.s 			page 15


 198      EF8F
 199 00ae 3179621A 		.ascii	"1yb\032's\267c\372%~\013\301\367\253r\033Qe\207V\215"
 199      2773B763 
 199      FA257E0B 
 199      C1F7AB72 
 199      1B516587 
 200 00c4 E4BA8565 		.ascii	"\344\272\205e\367\377\3005Q\340|\037a\376CL\277\306"
 200      F7FFC035 
 200      51E07C1F 
 200      61FE434C 
 200      BFC6
 201 00d6 148AE559 		.ascii	"\024\212\345Y\370\356\2279\203\200\333y \333\032\371"
 201      F8EE9739 
 201      8380DB79 
 201      20DB1AF9 
 202 00e6 DCC3EF2F 		.ascii	"\334\303\357/\251\370C\325\334\324>\345\004n\267C\366"
 202      A9F843D5 
 202      DCD43EE5 
 202      046EB743 
 202      F6
 203 00f7 5137A631 		.ascii	"Q7\2461\300\373\241\266\375g\340\276t\301\367dLa\230"
 203      C0FBA1B6 
 203      FD67E0BE 
 203      74C1F764 
 203      4C6198
 204 010a C23169B0 		.ascii	"\3021i\260n:\276?\300\344\217\351uLZ\331\267/\310~\245"
 204      6E3ABE3F 
 204      C0E48FE9 
 204      754C5AD9 
 204      B72FC87E 
 205 011f FED5FD84 		.ascii	"\376\325\375\204o_\307\216\270\340\373\254\300\365]"
 205      6F5FC78E 
 205      B8E0FBAC 
 205      C0F55D
 206 012e 93355F95 		.ascii	"\2235_\2255\321\26670\365b\352\221\373\377\300I\237"
 206      35D1B637 
 206      30F562EA 
 206      91FBFFC0 
 206      499F
 207 0140 D7103899 		.ascii	"\327\0208\231\266\243\220\254$\340i\000\015\026\357"
 207      B6A390AC 
 207      24E06900 
 207      0D16EF
 208 014f B5175C71 		.ascii	"\265\027\\q\307\3428\003\370`\361R\321\335\001\015\021"
 208      C7E23803 
 208      F860F152 
 208      D1DD010D 
 208      11
 209 0160 8122AB97 		.ascii	"\201\"\253\227\\-\323\343'o\003<\003Z\376n\337C7^\246"
 209      5C2DD3E3 
 209      276F033C 
 209      035AFE6E 
 209      DF43375E 
 210 0175 9F1B9E7D 		.ascii	"\237\033\236}o\033\213\305P\003\210X\\z\245:\307\225"
 210      6F1B8BC5 
 210      50038858 
 210      5C7AA53A 
ARM GAS  C:\Users\CYIRKO~1\AppData\Local\Temp\ccaKwdSs.s 			page 16


 210      C795
 211 0187 E8D9A7AB 		.ascii	"\350\331\247\253\365\271=c4\242\000\225@\240\002\274"
 211      F5B93D63 
 211      34A20095 
 211      40A002BC 
 212 0197 99E1FCC6 		.ascii	"\231\341\374\306\007\265c\210\027\003\034\357\357\311"
 212      07B56388 
 212      17031CEF 
 212      EFC9
 213 01a5 D1504035 		.ascii	"\321P@5\002^\367\206*\320\320\352;\347z\006\364\304"
 213      025EF786 
 213      2AD0D0EA 
 213      3BE77A06 
 213      F4C4
 214 01b7 9B41D2BB 		.ascii	"\233A\322\273\272V\213\024\362\005B~\343\015;8\244\353"
 214      BA568B14 
 214      F205427E 
 214      E30D3B38 
 214      A4EB
 215 01c9 61E9FBFE 		.ascii	"a\351\373\376\025\022\177\364!\216~\211y\203\233\327"
 215      15127FF4 
 215      218E7E89 
 215      79839BD7 
 216 01d9 1BC0A4DF 		.ascii	"\033\300\244\337J?\330\032\323'\364\244J\222\0105\240"
 216      4A3FD81A 
 216      D327F4A4 
 216      4A920835 
 216      A0
 217 01ea 176017F8 		.ascii	"\027`\027\370\313\300tIJ\221\372R\026\223\361\002L\361"
 217      CBC07449 
 217      4A91FA52 
 217      1693F102 
 217      4CF1
 218 01fc 8649288D 		.ascii	"\206I(\215B(\002v\203\011v\202\006\312\301\033\266\243"
 218      42280276 
 218      83097682 
 218      06CAC11B 
 218      B6A3
 219 020e 68B4D673 		.ascii	"h\264\326seS\266\201\304PA\342\255-y\313t\2407\375\230"
 219      6553B681 
 219      C45041E2 
 219      AD2D79CB 
 219      74A037FD 
 220 0223 02BEC496 		.ascii	"\002\276\304\226\243\261p=\275k]P.\354E\320\036\354"
 220      A3B1703D 
 220      BD6B5D50 
 220      2EEC45D0 
 220      1EEC
 221 0235 0F17C4C4 		.ascii	"\017\027\304\3041\337\364\226t\364\352I\"\353xA\355"
 221      31DFF496 
 221      74F4EA49 
 221      22EB7841 
 221      ED
 222 0246 FD162D0F 		.ascii	"\375\026-\017\220\036\213{\357\224\357u\343\001\262"
 222      901E8B7B 
 222      EF94EF75 
 222      E301B2
ARM GAS  C:\Users\CYIRKO~1\AppData\Local\Temp\ccaKwdSs.s 			page 17


 223 0255 D1CF379F 		.ascii	"\321\3177\237V_\327\220E\014\272\243.\355\266;\207\332"
 223      565FD790 
 223      450CBAA3 
 223      2EEDB63B 
 223      87DA
 224 0267 68841ABF 		.ascii	"h\204\032\277;\333\254\343X\311H#\326_V\242#\0220\360"
 224      3BDBACE3 
 224      58C94823 
 224      D65F56A2 
 224      231230F0 
 225 027b C09A2559 		.ascii	"\300\232%Yz\016~\011\213M\353\012\177e\310\244\342\262"
 225      7A0E7E09 
 225      8B4DEB0A 
 225      7F65C8A4 
 225      E2B2
 226 028d 5325D7E9 		.ascii	"S%\327\351\264\272\024%o\243\321\202C`\300\337\000o"
 226      B4BA1425 
 226      6FA3D182 
 226      4360C0DF 
 226      006F
 227 029f A4657E18 		.ascii	"\244e~\030\330\265%o\014\311\342D\227\232\312\312\351"
 227      D8B5256F 
 227      0CC9E244 
 227      979ACACA 
 227      E9
 228 02b0 089A88E3 		.ascii	"\010\232\210\343\002\237\261\252\2411\221\017\215S\253"
 228      029FB1AA 
 228      A131910F 
 228      8D53AB
 229 02bf FA37EBC8 		.ascii	"\3727\353\310J\006\027\363[\316\325k\300d\340\2168^"
 229      4A0617F3 
 229      5BCED56B 
 229      C064E08E 
 229      385E
 230 02d1 FEA7FC7E 		.ascii	"\376\247\374~I\362\201F0@\203\342\212\211hP\310\244"
 230      49F28146 
 230      304083E2 
 230      8A896850 
 230      C8A4
 231 02e3 AE657204 		.ascii	"\256er\004\207\0308\212\016E^\212\203#Xy\230K*\333\234"
 231      8718388A 
 231      0E455E8A 
 231      83235879 
 231      984B2ADB 
 232 02f8 B3C98548 		.ascii	"\263\311\205Hl\250\212G\017\\\370F\003\006\223S\202"
 232      6CA88A47 
 232      0F5CF846 
 232      03069353 
 232      82
 233 0309 162704B2 		.ascii	"\026'\004\262\230\346\011G\227\320Q\322\214b\232\024"
 233      98E60947 
 233      97D051D2 
 233      8C629A14 
 234 0319 318DB4FB 		.ascii	"1\215\264\373\324H\375\211\254\325c\3115>\0372V\267"
 234      D448FD89 
 234      ACD563C9 
 234      353E1F32 
ARM GAS  C:\Users\CYIRKO~1\AppData\Local\Temp\ccaKwdSs.s 			page 18


 234      56B7
 235 032b 55E9C90D 		.ascii	"U\351\311\015n\261&\367\\\2378\232\305c\243Z\274\333"
 235      6EB126F7 
 235      5C9F389A 
 235      C563A35A 
 235      BCDB
 236 033d E99B7F86 		.ascii	"\351\233\177\206v\277\035-\266)\026\233\355\026\237"
 236      76BF1D2D 
 236      B629169B 
 236      ED169F
 237 034c 5C6B7A05 		.ascii	"\\kz\005G\275\300\000s4\352\211\346\311'\332\251\276"
 237      47BDC000 
 237      7334EA89 
 237      E6C927DA 
 237      A9BE
 238 035e B6A2313C 		.ascii	"\266\2421<\310\036X\274\273o\351\340\030RG\370\234\314"
 238      C81E58BC 
 238      BB6FE9E0 
 238      185247F8 
 238      9CCC
 239 0370 CB184F5A 		.ascii	"\313\030OZx\276\364\322\311\024#\271\300\012/wu\265"
 239      78BEF4D2 
 239      C91423B9 
 239      C00A2F77 
 239      75B5
 240 0382 6419C164 		.ascii	"d\031\301d\034\2571z\371z\371\232\350\257\311\223gM"
 240      1CAF317A 
 240      F97AF99A 
 240      E8AFC993 
 240      674D
 241 0394 262F1357 		.ascii	"&/\023Ww\254\300#E\302\341\362-\030\341\224\"\356,\030"
 241      77ACC023 
 241      45C2E1F2 
 241      2D18E194 
 241      22EE2C18 
 242 03a8 F1B5D4D1 		.ascii	"\361\265\324\321S8\007\343U\203\005?\313\310\325lV\246"
 242      533807E3 
 242      5583053F 
 242      CBC8D56C 
 242      56A6
 243 03ba 4A1E227C 		.ascii	"J\036\"|\374\"\234D\304\011\206@<\376~\003\032\276\364"
 243      FC229C44 
 243      C4098640 
 243      3CFE7E03 
 243      1ABEF4
 244 03cd C3796C71 		.ascii	"\303ylq\034K*\312\016\360RQ\236g\026\205\0346<%\351"
 244      1C4B2ACA 
 244      0EF05251 
 244      9E671685 
 244      1C363C25 
 245 03e2 5D8D00B5 		.ascii	"]\215\000\265\370\361+\352\334;\350\334\213\210\246"
 245      F8F12BEA 
 245      DC3BE8DC 
 245      8B88A6
 246 03f1 93AD13F3 		.ascii	"\223\255\023\363\227\300\027.\200/\233\336\233(\241"
 246      97C0172E 
 246      802F9BDE 
ARM GAS  C:\Users\CYIRKO~1\AppData\Local\Temp\ccaKwdSs.s 			page 19


 246      9B28A1
 247 0400 AD738377 		.ascii	"\255s\203w^\252\3244\011\272\320N\035\366\343\242\212"
 247      5EAAD434 
 247      09BAD04E 
 247      1DF6E3A2 
 247      8A
 248 0411 1C47B5C0 		.ascii	"\034G\265\300B5\032\377>\271\301\350\374O\327\277<\220"
 248      42351AFF 
 248      3EB9C1E8 
 248      FC4FD7BF 
 248      3C90
 249 0423 22AD9DC4 		.ascii	"\"\255\235\304\246s\231\014\227\227\002\306\036H\311"
 249      A673990C 
 249      979702C6 
 249      1E48C9
 250 0432 B94B3BD7 		.ascii	"\271K;\327{,\246.E\210z\035R\365\274{X\317\273\206\365"
 250      7B2CA62E 
 250      45887A1D 
 250      52F5BC7B 
 250      58CFBB86 
 251 0447 3C932A3B 		.ascii	"<\223*;\200\037\367Se\337\241\232\313\\\231\000=\212"
 251      801FF753 
 251      65DFA19A 
 251      CB5C9900 
 251      3D8A
 252 0459 24BABE14 		.ascii	"$\272\276\024y\346I\264\313W\301\023\016\242$\212s4"
 252      79E649B4 
 252      CB57C113 
 252      0EA2248A 
 252      7334
 253 046b 5444A97B 		.ascii	"TD\251{l\377,\330I\341\012\032\260\363r\371G\213<\231"
 253      6CFF2CD8 
 253      49E10A1A 
 253      B0F372F9 
 253      478B3C99 
 254 047f FCCBC3E5 		.ascii	"\374\313\303\345g\3134>\032\270\2462$P\363\366\345\303"
 254      67CB343E 
 254      1AB8A632 
 254      2450F3F6 
 254      E5C3
 255 0491 B9776FA1 		.ascii	"\271wo\241\211\353\262\271\233\230\277\201\336\355\035"
 255      89EBB2B9 
 255      9B98BF81 
 255      DEED1D
 256 04a0 E6DD6385 		.ascii	"\346\335c\205\236<zt\024\266bW\256\377\214\350\011?"
 256      9E3C7A74 
 256      14B66257 
 256      AEFF8CE8 
 256      093F
 257 04b2 417EEA95 		.ascii	"A~\352\225|\311\226F\330\204\257w\312\255\212\335`\001"
 257      7CC99646 
 257      D884AF77 
 257      CAAD8ADD 
 257      6001
 258 04c4 EFFCF551 		.ascii	"\357\374\365Qc\247\236\010\3605ZT\346\002\2478[\310"
 258      63A79E08 
 258      F0355A54 
ARM GAS  C:\Users\CYIRKO~1\AppData\Local\Temp\ccaKwdSs.s 			page 20


 258      E602A738 
 258      5BC8
 259 04d6 D67DEAA4 		.ascii	"\326}\352\244\323\312\204\242\204vD\377\253\024p\033"
 259      D3CA84A2 
 259      847644FF 
 259      AB14701B 
 260 04e6 016714C0 		.ascii	"\001g\024\300e\006p\026,\365 p\022\257\306\255~\033"
 260      65067016 
 260      2CF52070 
 260      12AFC6AD 
 260      7E1B
 261 04f8 33E88A46 		.ascii	"3\350\212F\347\323>\205\360\"#\244\363\012W\206=+\216"
 261      E7D33E85 
 261      F02223A4 
 261      F30A5786 
 261      3D2B8E
 262 050b EC173BB1 		.ascii	"\354\027;\261\216\316E\017\326\032\200\377\002K\254"
 262      8ECE450F 
 262      D61A80FF 
 262      024BAC
 263 051a F8CCFE00 		.ascii	"\370\314\376\000\260z\254\025\331/\007\262*\260\267"
 263      B07AAC15 
 263      D92F07B2 
 263      2AB0B7
 264 0529 90CBA25C 		.ascii	"\220\313\242\\\024eJ\366'7\006\025#\377\314-\331\037"
 264      14654AF6 
 264      27370615 
 264      23FFCC2D 
 264      D91F
 265 053b 7E6CE119 		.ascii	"~l\341\031\326\314\336\032D\305\000\200\272\201\212"
 265      D6CCDE1A 
 265      44C50080 
 265      BA818A
 266 054a 90CB96BF 		.ascii	"\220\313\226\277;\364\011J\347\300~\000\272\227\337"
 266      3BF4094A 
 266      E7C07E00 
 266      BA97DF
 267 0559 D66BE8C2 		.ascii	"\326k\350\302i\2155\305\357\002\253\333\335\377\315"
 267      698D35C5 
 267      EF02ABDB 
 267      DDFFCD
 268 0568 A0815CE3 		.ascii	"\240\201\\\343\013\347\320\342\257\017\031\306\217\266"
 268      0BE7D0E2 
 268      AF0F19C6 
 268      8FB6
 269 0576 96F5B3B5 		.ascii	"\226\365\263\265l\216\206\223m8\270\256D7\241X\262u"
 269      6C8E8693 
 269      6D38B8AE 
 269      4437A158 
 269      B275
 270 0588 4BB6AEA7 		.ascii	"K\266\256\247\336E;m\022n(\222\013\205\301=\305\377"
 270      DE453B6D 
 270      126E2892 
 270      0B85C13D 
 270      C5FF
 271 059a 98C5DF3E 		.ascii	"\230\305\337>\234\336p\027W\025\001\006`\0026\317\353"
 271      9CDE7017 
ARM GAS  C:\Users\CYIRKO~1\AppData\Local\Temp\ccaKwdSs.s 			page 21


 271      57150106 
 271      600236CF 
 271      EB
 272 05ab C8DC2F92 		.ascii	"\310\334/\222\307\334\356\246\274\333\353\335d\256&"
 272      C7DCEEA6 
 272      BCDBEBDD 
 272      64AE26
 273 05ba 28C5D0FB 		.ascii	"(\305\320\373\260\001v_\241\271?\222\346\001\243\311"
 273      B001765F 
 273      A1B93F92 
 273      E601A3C9 
 274 05ca 6F6BCD23 		.ascii	"ok\315#$E\343\\>\036\320\024\371\337\017\223\337}\257"
 274      2445E35C 
 274      3E1ED014 
 274      F9DF0F93 
 274      DF7DAF
 275 05dd F9733D9A 		.ascii	"\371s=\232,\356\301%d6N\015\\\376q\360 \010\006\025"
 275      2CEEC125 
 275      64364E0D 
 275      5CFE71F0 
 275      20080615 
 276 05f1 AB8323AD 		.ascii	"\253\203#\255\0161\253\005\331YM\356$\203[\335\362\350"
 276      0E31AB05 
 276      D9594DEE 
 276      24835BDD 
 276      F2E8
 277 0603 711F3D14 		.ascii	"q\037=\024\370\321C\001Q\035\011\374\370\221\340`k\363"
 277      F8D14301 
 277      511D09FC 
 277      F891E060 
 277      6BF3
 278 0615 5623C965 		.ascii	"V#\311e`1{c\3712W\373\346\211\"\265&\301!\021\236\342"
 278      60317B63 
 278      F93257FB 
 278      E68922B5 
 278      26C12111 
 279 062b A0F69337 		.ascii	"\240\366\2237\317\307X\371H\331\256\313\375\326\260"
 279      CFC758F9 
 279      48D9AECB 
 279      FDD6B0
 280 063a C1FD03CE 		.ascii	"\301\375\003\316\336'\212>?y\357<\220s\241\327@\212"
 280      DE278A3E 
 280      3F79EF3C 
 280      9073A1D7 
 280      408A
 281 064c B88D27A9 		.ascii	"\270\215'\251\253\357\252\216\035\315\223\217\260\235"
 281      ABEFAA8E 
 281      1DCD938F 
 281      B09D
 282 065a 7EB1484F 		.ascii	"~\261HO\263\216\246?\200\343\3341R\207$\376X\007\032"
 282      B38EA63F 
 282      80E3DC31 
 282      528724FE 
 282      58071A
 283 066d 595573E1 		.ascii	"YUs\341\311X\262\225\033)-Zw\333\305a\244q%\271\315"
 283      C958B295 
 283      1B292D5A 
ARM GAS  C:\Users\CYIRKO~1\AppData\Local\Temp\ccaKwdSs.s 			page 22


 283      77DBC561 
 283      A47125B9 
 284 0682 36F73434 		.ascii	"6\36744\222\":\214\240\315\321\214\244:7Ry\310\326\346"
 284      92223A8C 
 284      A0CDD18C 
 284      A43A3752 
 284      79C8D6E6 
 285 0696 C68E0194 		.ascii	"\306\216\001\224\212\037\003*S\237e\272\217:,\323E\032"
 285      8A1F032A 
 285      539F65BA 
 285      8F3A2CD3 
 285      451A
 286 06a8 D725A21C 		.ascii	"\327%\242\034\330\235\253jn\0301\260\335(\353\373B\222"
 286      D89DAB6A 
 286      6E1831B0 
 286      DD28EBFB 
 286      4292
 287 06ba 9F7574B9 		.ascii	"\237ut\271\264\021\030\014\036*\335\177H#K3\031\"\215"
 287      B411180C 
 287      1E2ADD7F 
 287      48234B33 
 287      19228D
 288 06cd 686DE7D0 		.ascii	"hm\347\320\006\003Y\247e\021\313\336\275\263\302\205"
 288      060359A7 
 288      6511CBDE 
 288      BDB3C285 
 289 06dd 69A0DB28 		.ascii	"i\240\333(\327P\323\\\342\253\261\357\340Y\"\253\273"
 289      D750D35C 
 289      E2ABB1EF 
 289      E05922AB 
 289      BB
 290 06ee B5A5A054 		.ascii	"\265\245\240T\034U\3272\246k\251]W\355\305\246\016\255"
 290      1C55D732 
 290      A66BA95D 
 290      57EDC5A6 
 290      0EAD
 291 0700 ACEB70BA 		.ascii	"\254\353p\272_nj\261\211B S\361\026f\271\246\345LS\337"
 291      5F6E6AB1 
 291      89422053 
 291      F11666B9 
 291      A6E54C53 
 292 0715 2EE9B281 		.ascii	".\351\262\201l\326>\307\324\\)\252\307ve_\375i\235l"
 292      6CD63EC7 
 292      D45C29AA 
 292      C776655F 
 292      FD699D6C 
 293 0729 EA4A2539 		.ascii	"\352J%9\277-\335\026\3120\260B1\266\302nl\0253\266\377"
 293      BF2DDD16 
 293      CA30B042 
 293      31B6C26E 
 293      6C1533B6 
 294 073e 7E438391 		.ascii	"~C\203\221\\\344\306R{\273.\2102\301@\035\271Y\346 "
 294      5CE4C652 
 294      7BBB2E88 
 294      32C1401D 
 294      B959E620 
 295 0752 C85608B2 		.ascii	"\310V\010\262\355\0049\234\340X\311iw\262\306\205\021"
ARM GAS  C:\Users\CYIRKO~1\AppData\Local\Temp\ccaKwdSs.s 			page 23


 295      ED04399C 
 295      E058C969 
 295      77B2C685 
 295      11
 296 0763 2CDEB5FC 		.ascii	",\336\265\374\013\355k%\214\340n\247O\331\2314)\323"
 296      0BED6B25 
 296      8CE06EA7 
 296      4FD99934 
 296      29D3
 297 0775 93ADCCB9 		.ascii	"\223\255\314\271\234@\265m\345R\036\310\023_\243N\272"
 297      9C40B56D 
 297      E5521EC8 
 297      135FA34E 
 297      BA
 298 0786 9F9E2E92 		.ascii	"\237\236.\222\"N\3226\270\367\274\021IN\330\350\012"
 298      224ED236 
 298      B8F7BC11 
 298      494ED8E8 
 298      0A
 299 0797 3329651B 		.ascii	"3)e\033\256\013\300\016\015\237\311$\312\356Kk\"p\221"
 299      AE0BC00E 
 299      0D9FC924 
 299      CAEE4B6B 
 299      227091
 300 07aa FE9CD1B4 		.ascii	"\376\234\321\2647\234^\253#\233\031\215\346\306\301"
 300      379C5EAB 
 300      239B198D 
 300      E6C6C1
 301 07b9 7E1171F4 		.ascii	"~\021q\364\317\325T\200;N\276\350*\024H8(=X6\203\337"
 301      CFD55480 
 301      3B4EBEE8 
 301      2A144838 
 301      283D5836 
 302 07cf 6A       		.ascii	"j"
 303 07d0 B23DC071 		.ascii	"\262=\300q\253)\300\261I?\011\260F\364\206\265\242<"
 303      AB29C0B1 
 303      493F09B0 
 303      46F486B5 
 303      A23C
 304 07e2 0DE9BD4B 		.ascii	"\015\351\275K\240\037`\265\334w\356\357\322K5\377\""
 304      A01F60B5 
 304      DC77EEEF 
 304      D24B35FF 
 304      22
 305 07f3 DBB9E8C7 		.ascii	"\333\271\350\307W\2577\214E\321\305\365\222\255jP\224"
 305      57AF378C 
 305      45D1C5F5 
 305      92AD6A50 
 305      94
 306 0804 8C0CBF4E 		.ascii	"\214\014\277N\026l\277x\3212R\013P\310\364v}\265\354"
 306      166CBF78 
 306      D132520B 
 306      50C8F476 
 306      7DB5EC
 307 0817 ACC1A8DA 		.ascii	"\254\301\250\332]i\033\345dT$\262\223\021}#x\335\300"
 307      5D691BE5 
 307      645424B2 
ARM GAS  C:\Users\CYIRKO~1\AppData\Local\Temp\ccaKwdSs.s 			page 24


 307      93117D23 
 307      78DDC0
 308 082a A59BAEFC 		.ascii	"\245\233\256\374PlR]c=\3715vh\343Uth5\027\223Y\261\362"
 308      506C525D 
 308      633DF935 
 308      7668E355 
 308      74683517 
 309 0842 30A1579D 		.ascii	"0\241W\235\324\347\272\032\320{\325\263\317\272\335"
 309      D4E7BA1A 
 309      D07BD5B3 
 309      CFBADD
 310 0851 C86EDEFC 		.ascii	"\310n\336\374N\332\265\3561\234z<\035VC]{\264d\037\377"
 310      4EDAB5EE 
 310      319C7A3C 
 310      1D56435D 
 310      7BB4641F 
 311 0866 B6E2B3FA 		.ascii	"\266\342\263\372z\0159\300\013%\3719\031Zr\230\027\312"
 311      7A0D39C0 
 311      0B25F939 
 311      195A7298 
 311      17CA
 312 0878 72B37718 		.ascii	"r\263w\030H\003/\254\335~\356\221+i\344\205\224\241"
 312      48032FAC 
 312      DD7EEE91 
 312      2B69E485 
 312      94A1
 313 088a 4D757AD2 		.ascii	"Muz\322\316\30320\270\274\303\000^\276\276&\307f/\012"
 313      CEC33230 
 313      B8BCC300 
 313      5EBEBE26 
 313      C7662F0A 
 314 089e AA4E6F17 		.ascii	"\252No\027\371N_\211\261\250\020}\241\\T\237f\216w\340"
 314      F94E5F89 
 314      B1A8107D 
 314      A15C549F 
 314      668E77E0 
 315 08b2 B05EB95C 		.ascii	"\260^\271\\*>\004la+E\207\322\026\216\345\205\235hN"
 315      2A3E046C 
 315      612B4587 
 315      D2168EE5 
 315      859D684E 
 316 08c6 B2D3126F 		.ascii	"\262\323\022oQ\377\316Z\\\344\011C\2279E\253\316?O\353"
 316      51FFCE5A 
 316      5CE40943 
 316      973945AB 
 316      CE3F4FEB 
 317 08da 0CF46C82 		.ascii	"\014\364l\202\030\365\361\007U\237\351\274\223\013\340"
 317      18F5F107 
 317      559FE9BC 
 317      930BE0
 318 08e9 3BCEE4CB 		.ascii	";\316\344\313O\237g\367\273/f\264\224n\033\322V\213"
 318      4F9F67F7 
 318      BB2F66B4 
 318      946E1BD2 
 318      568B
 319 08fb E39C1DAB 		.ascii	"\343\234\035\253r\345\353&=\320(}\244`\332\307\035\330"
 319      72E5EB26 
ARM GAS  C:\Users\CYIRKO~1\AppData\Local\Temp\ccaKwdSs.s 			page 25


 319      3DD0287D 
 319      A460DAC7 
 319      1DD8
 320 090d C72FB08F 		.ascii	"\307/\260\217U\242\372Ds\247n<;\204!J\255\202wg\260"
 320      55A2FA44 
 320      73A76E3C 
 320      3B84214A 
 320      AD827767 
 321 0922 4E3E2BD2 		.ascii	"N>+\322\363\334\326\321\015\243\333\373\353Z\333\304"
 321      F3DCD6D1 
 321      0DA3DBFB 
 321      EB5ADBC4 
 322 0932 71A860F1 		.ascii	"q\250`\361\250\012\204a\346UW-O~\325J;\374u\215\221"
 322      A80A8461 
 322      E655572D 
 322      4F7ED54A 
 322      3BFC758D 
 323 0947 ACD5B130 		.ascii	"\254\325\2610^k\255N\321\223B^X\337^\325\252%\305\274"
 323      5E6BAD4E 
 323      D193425E 
 323      58DF5ED5 
 323      AA25C5BC 
 324 095b 505B5E75 		.ascii	"P[^uJ$[y\241b_\3372 U\274p/\243\332Jjx>\255(\373\270"
 324      4A245B79 
 324      A1625FDF 
 324      322055BC 
 324      702FA3DA 
 325 0977 C8B97F8B 		.ascii	"\310\271\177\213\305\325Y\205\335\032~\253\353\246\267"
 325      C5D55985 
 325      DD1A7EAB 
 325      EBA6B7
 326 0986 BC9D674B 		.ascii	"\274\235gKk\365\244\226a\335\262\313\262\367\032\300"
 326      6BF5A496 
 326      61DDB2CB 
 326      B2F71AC0 
 327 0996 171F2F5F 		.ascii	"\027\037/_\376\2306Ii\251\030\316?\362\343\354F\014"
 327      FE983649 
 327      69A918CE 
 327      3FF2E3EC 
 327      460C
 328 09a8 E797D8FD 		.ascii	"\347\227\330\375C\242\363\2432G?zGA\327\215D\257\027"
 328      43A2F3A3 
 328      32473F7A 
 328      4741D78D 
 328      44AF17
 329 09bb 1DDEE2E8 		.ascii	"\035\336\342\350oU\350M#\321\033F\242\373U\350b\347"
 329      6F55E84D 
 329      23D11B46 
 329      A2FB55E8 
 329      62E7
 330 09cd 6827A776 		.ascii	"h'\247v\\W\276b\337\016\311\343\274\031\307@\003\006"
 330      5C57BE62 
 330      DF0EC9E3 
 330      BC19C740 
 330      0306
 331 09df 613FA67A 		.ascii	"a?\246zLG1\035\301\324\204\251\021\323aL\0071\3310\035"
 331      4C47311D 
ARM GAS  C:\Users\CYIRKO~1\AppData\Local\Temp\ccaKwdSs.s 			page 26


 331      C1D484A9 
 331      11D3614C 
 331      0731D930 
 332 09f4 70CC052A 		.ascii	"p\314\005*\240E\345\212\275#\005\3605V%\367\262J\356"
 332      A045E58A 
 332      BD2305F0 
 332      355625F7 
 332      B24AEE
 333 0a07 E691E812 		.ascii	"\346\221\350\022q\244\347:T\3445#\341\273F\372\342\321"
 333      71A4E73A 
 333      54E43523 
 333      E1BB46FA 
 333      E2D1
 334 0a19 1F14F43E 		.ascii	"\037\024\364>\247QQ\201O\251\250\3678\327\355P\202\223"
 334      A7515181 
 334      4FA9A8F7 
 334      38D7ED50 
 334      8293
 335 0a2b AC73BF81 		.ascii	"\254s\277\201\343w\342\230\335\342\\\271\212\275\327"
 335      E377E298 
 335      DDE25CB9 
 335      8ABDD7
 336 0a3a 3E4128FD 		.ascii	">A(\375n\347\3129\275<\333j\371\225\347\320\3109\017"
 336      6EE7CA39 
 336      BD3CDB6A 
 336      F995E7D0 
 336      C8390F
 337 0a4d B6F6A1DD 		.ascii	"\266\366\241\335Zr\220\015H\361\346\272\033\345:\360"
 337      5A72900D 
 337      48F1E6BA 
 337      1BE53AF0 
 338 0a5d 32390B26 		.ascii	"29\013&\264a\014\377\227x\3127\317\003\354\346\324\212"
 338      B4610CFF 
 338      9778CA37 
 338      CF03ECE6 
 338      D48A
 339 0a6f 442DCA76 		.ascii	"D-\312vKu19K[:V\271\2537\213VQ}\215n\027\355\3670\232"
 339      4B753139 
 339      4B5B3A56 
 339      B9AB378B 
 339      56517D8D 
 340 0a89 A59BCBD0 		.ascii	"\245\233\313\320\271N\243\032\337?\354\177\030\307\344"
 340      B94EA31A 
 340      DF3FEC7F 
 340      18C7E4
 341 0a98 CDE59873 		.ascii	"\315\345\230s0\335\364\025\360q\205\3748\303\237\376"
 341      30DDF415 
 341      F07185FC 
 341      38C39FFE 
 342 0aa8 B6E2C8B0 		.ascii	"\266\342\310\260\235k\3310\374\011\231\374\004\003\247"
 342      9D6BD930 
 342      FC0999FC 
 342      0403A7
 343 0ab7 6D2F3EA2 		.ascii	"m/>\242S\203\323\207\201O\312\340\223\014\\V\322pP\347"
 343      5383D387 
 343      814FCAE0 
 343      930C5C56 
ARM GAS  C:\Users\CYIRKO~1\AppData\Local\Temp\ccaKwdSs.s 			page 27


 343      D27050E7 
 344 0acb 95C356AD 		.ascii	"\225\303V\255Q\366\006a\330\306\000\247D/z\364x\\\265"
 344      51F60661 
 344      D8C600A7 
 344      442F7AF4 
 344      785CB5
 345 0ade D285EF79 		.ascii	"\322\205\357y\317s\256\205\323xD\325&[\243\254\026C"
 345      CF73AE85 
 345      D37844D5 
 345      265BA3AC 
 345      1643
 346 0af0 F05F23CC 		.ascii	"\360_#\314\357M\213\230\361q\260\236f\303#BBY\335\354"
 346      EF4D8B98 
 346      F171B09E 
 346      66C32342 
 346      4259DDEC 
 347 0b04 593366CD 		.ascii	"Y3f\315\210\320\1770k\266\317\264\300@aJ\360\333\221"
 347      88D07F30 
 347      6BB6CFB4 
 347      C040614A 
 347      F0DB91
 348 0b17 D362E3E6 		.ascii	"\323b\343\346\304\205[\027\306\304%FF\323|br\340[o\006"
 348      C4855B17 
 348      C6C42546 
 348      46D37C62 
 348      72E05B6F 
 349 0b2c 242607C4 		.ascii	"$&\007\304F\305\007\304%D\307/\214\261\320\274\331\362"
 349      46C507C4 
 349      2544C72F 
 349      8CB1D0BC 
 349      D9F2
 350 0b3e A9D53F56 		.ascii	"\251\325?V0\340\213\0311[]\2212()\356\023K\222Ktb\302"
 350      30E08B19 
 350      315B5D91 
 350      322829EE 
 350      134B924B 
 351 0b55 DCB879FA 		.ascii	"\334\270y\372\350\330\250\204\004K|\262f~b\214\305`"
 351      E8D8A884 
 351      044B7CB2 
 351      667E628C 
 351      C560
 352 0b67 362F8C4B 		.ascii	"6/\214K\260N\231l\266\316\265\274\315\311\223\271!k"
 352      B04E996C 
 352      B6CEB5BC 
 352      CDC993B9 
 352      216B
 353 0b79 62627C72 		.ascii	"bb|r\344\274\204\205>,\347\023\2254\337\3072\177\216"
 353      E4BC8485 
 353      3E2CE713 
 353      9534DFC7 
 353      327F8E
 354 0b8c 2526C612 		.ascii	"%&\306\022\023\371\246\377\024\237\311\223\002\337\372"
 354      13F9A6FF 
 354      149FC993 
 354      02DFFA
 355 0b9b 676024D6 		.ascii	"g`$\326\277\221\220\230`y\303\0225'.R\026\0239?\012"
 355      BF919098 
ARM GAS  C:\Users\CYIRKO~1\AppData\Local\Temp\ccaKwdSs.s 			page 28


 355      6079C312 
 355      35272E52 
 355      1613393F 
 356 0bb0 B9122C91 		.ascii	"\271\022,\221\346\030\313\334\250\205\361V\263u\321"
 356      E618CBDC 
 356      A885F156 
 356      B375D1
 357 0bbf 024B326A 		.ascii	"\002K2j\323\333\355\375\375\377j/yQr\2449\331\032\203"
 357      D3DBEDFD 
 357      FDFF6A2F 
 357      795172A4 
 357      39D91A83 
 358 0bd3 E468448C 		.ascii	"\344hD\214\236c\264|\272@\356\252\331\372\376O:qAb\222"
 358      9E63B47C 
 358      BA40EEAA 
 358      D9FAFE4F 
 358      3A714162 
 359 0be8 3539203C 		.ascii	"59 <\342\243)\223\003f\316\014\012@\267\315\370$\320"
 359      E2A32993 
 359      0366CE0C 
 359      0A40B7CD 
 359      F824D0
 360 0bfb EE53737C 		.ascii	"\356Ss||\014\322\272a6:*>~NT\364?\314V\017\304L\343"
 360      7C0CD2BA 
 360      61363A2A 
 360      3E7E4E54 
 360      F43FCC56 
 361 0c13 16A631D7 		.ascii	"\026\2461\327R_\363\234\033\015\344\264\251\376\013"
 361      525FF39C 
 361      1B0DE4B4 
 361      A9FE0B
 362 0c22 A292ACFE 		.ascii	"\242\222\254\376\223t\363\243\342\022\374\243\005\027"
 362      9374F3A3 
 362      E212FCA3 
 362      0517
 363 0c30 5EABA145 		.ascii	"^\253\241ECtlDlLx\274\305\262@\216A\340\233f\253\336"
 363      43746C44 
 363      6C4C78BC 
 363      C5B2408E 
 363      41E09B66 
 364 0c46 9E71C5FE 		.ascii	"\236q\305\376X\343\346c\000\177\377\037\245'Y\035\341"
 364      58E3E663 
 364      007FFF1F 
 364      A527591D 
 364      E1
 365 0c57 8F8EA56D 		.ascii	"\217\216\245md/\377\356\371[Yc\223,Q1,4\330\275p+J\326"
 365      642FFFEE 
 365      F95B5963 
 365      932C5131 
 365      2C34D8BD 
 366 0c6f 61B76724 		.ascii	"a\267g$\304Y\003~\316\330C\002\327\350\330\360E\311"
 366      C459037E 
 366      CED84302 
 366      D7E8D8F0 
 366      45C9
 367 0c81 B4E5A49F 		.ascii	"\264\345\244\237\245\032\233j\3518\015\244\036\212\236"
 367      A51A9B6A 
ARM GAS  C:\Users\CYIRKO~1\AppData\Local\Temp\ccaKwdSs.s 			page 29


 367      E9380DA4 
 367      1E8A9E
 368 0c90 3B4F6B9E 		.ascii	";Ok\236\212C@37>j\236\346\275\367\303\246\323\237\231"
 368      8A434033 
 368      373E6A9E 
 368      E6BDF7C3 
 368      A6D39F99 
 369 0ca4 9A99D33E 		.ascii	"\232\231\323>\014\323L\015\017\013\203\277\300tmt\274"
 369      0CD34C0D 
 369      0F0B83BF 
 369      C0746D74 
 369      BC
 370 0cb5 252A8924 		.ascii	"%*\211$[\376\213\330~\020:#\344\223\311,\266\0130\361"
 370      5BFE8BD8 
 370      7E103A23 
 370      E493C92C 
 370      B60B30F1 
 371 0cc9 D89290A0 		.ascii	"\330\222\220\24002#(L\033:;4(L\027\022\036\032\034\034"
 371      30322328 
 371      4C1B3A3B 
 371      34284C17 
 371      121E1A1C 
 372 0cde 14E61212 		.ascii	"\024\346\022\022\361\267\320\3400\355G!A\301adjX\230"
 372      F1B7D0E0 
 372      30ED4721 
 372      41C16164 
 372      6A5898
 373 0cf1 31D93A1F 		.ascii	"1\331:\037G\357\274\005q\211f\353\277\001\313\014op"
 373      47EFBC05 
 373      718966EB 
 373      BF01CB0C 
 373      6F70
 374              		.text
 375              		.section	.gnu.lto_.symtab.95d13625,"",%progbits
 376 0000 666C6167 		.ascii	"flag\000"
 376      00
 377 0005 00       		.ascii	"\000"
 378 0006 00       		.ascii	"\000"
 379 0007 00       		.ascii	"\000"
 380 0008 00000000 		.ascii	"\000\000\000\000\000\000\000\000"
 380      00000000 
 381 0010 1C010000 		.ascii	"\034\001\000\000"
 382 0014 6D61696E 		.ascii	"main\000"
 382      00
 383 0019 00       		.ascii	"\000"
 384 001a 00       		.ascii	"\000"
 385 001b 00       		.ascii	"\000"
 386 001c 00000000 		.ascii	"\000\000\000\000\000\000\000\000"
 386      00000000 
 387 0024 F8000000 		.ascii	"\370\000\000\000"
 388 0028 45585444 		.ascii	"EXTD1\000"
 388      3100
 389 002e 00       		.ascii	"\000"
 390 002f 02       		.ascii	"\002"
 391 0030 00       		.ascii	"\000"
 392 0031 00000000 		.ascii	"\000\000\000\000\000\000\000\000"
 392      00000000 
ARM GAS  C:\Users\CYIRKO~1\AppData\Local\Temp\ccaKwdSs.s 			page 30


 393 0039 13010000 		.ascii	"\023\001\000\000"
 394 003d 63685468 		.ascii	"chThdSleep\000"
 394      64536C65 
 394      657000
 395 0048 00       		.ascii	"\000"
 396 0049 02       		.ascii	"\002"
 397 004a 00       		.ascii	"\000"
 398 004b 00000000 		.ascii	"\000\000\000\000\000\000\000\000"
 398      00000000 
 399 0053 07010000 		.ascii	"\007\001\000\000"
 400 0057 65787453 		.ascii	"extStart\000"
 400      74617274 
 400      00
 401 0060 00       		.ascii	"\000"
 402 0061 02       		.ascii	"\002"
 403 0062 00       		.ascii	"\000"
 404 0063 00000000 		.ascii	"\000\000\000\000\000\000\000\000"
 404      00000000 
 405 006b 0C010000 		.ascii	"\014\001\000\000"
 406 006f 68616C49 		.ascii	"halInit\000"
 406      6E697400 
 407 0077 00       		.ascii	"\000"
 408 0078 02       		.ascii	"\002"
 409 0079 00       		.ascii	"\000"
 410 007a 00000000 		.ascii	"\000\000\000\000\000\000\000\000"
 410      00000000 
 411 0082 0F010000 		.ascii	"\017\001\000\000"
 412 0086 63685379 		.ascii	"chSysInit\000"
 412      73496E69 
 412      7400
 413 0090 00       		.ascii	"\000"
 414 0091 02       		.ascii	"\002"
 415 0092 00       		.ascii	"\000"
 416 0093 00000000 		.ascii	"\000\000\000\000\000\000\000\000"
 416      00000000 
 417 009b 11010000 		.ascii	"\021\001\000\000"
 418              		.text
 419              		.section	.gnu.lto_.opts,"",%progbits
 420 0000 272D666D 		.ascii	"'-fmath-errno' '-fsigned-zeros' '-ftrapping-math' '"
 420      6174682D 
 420      6572726E 
 420      6F272027 
 420      2D667369 
 421 0033 2D666E6F 		.ascii	"-fno-trapv' '-fno-openmp' '-fno-openacc' '-mcpu=cor"
 421      2D747261 
 421      70762720 
 421      272D666E 
 421      6F2D6F70 
 422 0066 7465782D 		.ascii	"tex-m7' '-mno-thumb-interwork' '-mthumb' '-ggdb' '-"
 422      6D372720 
 422      272D6D6E 
 422      6F2D7468 
 422      756D622D 
 423 0099 4F322720 		.ascii	"O2' '-fomit-frame-pointer' '-falign-functions=16' '"
 423      272D666F 
 423      6D69742D 
 423      6672616D 
ARM GAS  C:\Users\CYIRKO~1\AppData\Local\Temp\ccaKwdSs.s 			page 31


 423      652D706F 
 424 00cc 2D666675 		.ascii	"-ffunction-sections' '-fdata-sections' '-fno-common"
 424      6E637469 
 424      6F6E2D73 
 424      65637469 
 424      6F6E7327 
 425 00ff 2720272D 		.ascii	"' '-flto'\000"
 425      666C746F 
 425      2700
 426              		.text
 427              		.comm	__gnu_lto_v1,1,1
 428              		.comm	__gnu_lto_slim,1,1
 429              		.ident	"GCC: (GNU Tools for ARM Embedded Processors 6-2017-q1-update) 6.3.1 20170215 (release) [AR
ARM GAS  C:\Users\CYIRKO~1\AppData\Local\Temp\ccaKwdSs.s 			page 32


DEFINED SYMBOLS
                            *ABS*:00000000 main.c
                            *COM*:00000001 __gnu_lto_v1
                            *COM*:00000001 __gnu_lto_slim

NO UNDEFINED SYMBOLS
