ARM GAS  C:\Users\CYIRKO~1\AppData\Local\Temp\cciV5zD5.s 			page 1


   1              		.cpu cortex-m7
   2              		.eabi_attribute 20, 1
   3              		.eabi_attribute 21, 1
   4              		.eabi_attribute 23, 3
   5              		.eabi_attribute 24, 1
   6              		.eabi_attribute 25, 1
   7              		.eabi_attribute 26, 1
   8              		.eabi_attribute 30, 2
   9              		.eabi_attribute 34, 1
  10              		.eabi_attribute 18, 4
  11              		.file	"nvic.c"
  12              		.text
  13              	.Ltext0:
  14              		.section	.gnu.lto_.profile.95a0c9be,"",%progbits
  15 0000 789C6365 		.ascii	"x\234ce`b`a```d\220\022\003\000\000\312\000="
  15      60626061 
  15      60606064 
  15      90120300 
  15      00CA003D 
  16              		.text
  17              		.section	.gnu.lto_.icf.95a0c9be,"",%progbits
  18 0000 789C6365 		.ascii	"x\234ce`b\220b@\000\026\206\027\337\372'q3~\336ur'\033"
  18      60629062 
  18      40001686 
  18      17DFFA27 
  18      71337EDE 
  19 0018 D385E635 		.ascii	"\323\205\3465\217\270\231;\356\375hab\000\000\253P\014"
  19      8FB8993B 
  19      EEFD6861 
  19      620000AB 
  19      500C
  20 002a 3B       		.ascii	";"
  21              		.text
  22              		.section	.gnu.lto_.jmpfuncs.95a0c9be,"",%progbits
  23 0000 789C6365 		.ascii	"x\234ce`b\220b@\000\026\006&FF\346\372zF \250g\202\260"
  23      60629062 
  23      40001606 
  23      264646E6 
  23      FA7A4620 
  24 0018 99416C06 		.ascii	"\231Al\006\000)\250\003:"
  24      0029A803 
  24      3A
  25              		.text
  26              		.section	.gnu.lto_.inline.95a0c9be,"",%progbits
  27 0000 789C4D8C 		.ascii	"x\234M\214\321\021\2000\014B!M\323\350\217#\324\011"
  27      D1118030 
  27      0C42214D 
  27      D3E88F23 
  27      D409
  28 0012 5CD2453A 		.ascii	"\\\322E:\222\2438\202\261\236U>\270\343\036\220!\330"
  28      92A33882 
  28      B19E553E 
  28      B8E31E90 
  28      21D8
  29 0024 F1498179 		.ascii	"\361I\201y\242pe\204\333\324\316\015\326\252@\216E\021"
  29      A2706584 
  29      DBD4CE0D 
ARM GAS  C:\Users\CYIRKO~1\AppData\Local\Temp\cciV5zD5.s 			page 2


  29      D6AA408E 
  29      4511
  30 0036 C9833808 		.ascii	"\311\2038\010/d\257$m\365\251\004\325~\"\310J\366\227"
  30      2F64AF24 
  30      6DF5A904 
  30      D57E22C8 
  30      4AF697
  31 0049 14BBDF41 		.ascii	"\024\273\337A(\241\330;\035pLq\001\226\277\015\245"
  31      28A1D83B 
  31      1D704C71 
  31      0196BF0D 
  31      A5
  32              		.text
  33              		.section	.gnu.lto_.pureconst.95a0c9be,"",%progbits
  34 0000 789C6365 		.ascii	"x\234ce`b\340d```a\220b\224b\222b\226\002\000\002\321"
  34      6062E064 
  34      60606061 
  34      90629462 
  34      92629602 
  35 0017 0083     		.ascii	"\000\203"
  36              		.text
  37              		.section	.gnu.lto_nvicEnableVector.95a0c9be,"",%progbits
  38 0000 789C9D53 		.ascii	"x\234\235SML\023A\024\236o_\267\333B\251g#\021\016&"
  38      4D4C1341 
  38      149E6F5F 
  38      B7DB42A9 
  38      6723110E 
  39 0015 0D1737BD 		.ascii	"\015\0277\275hbL\014\022\274q\321+\027\255\007\232H"
  39      68624C0C 
  39      12BC71D1 
  39      2B17AD07 
  39      9A48
  40 0027 9700126F 		.ascii	"\227\000\022oL\013\226X\215\022\005*\306fk\202\362'"
  40      4C0B9658 
  40      8D12052A 
  40      C6666B82 
  40      F227
  41 0039 94222AA0 		.ascii	"\224\"*\240&MCbz@\243\361f\342A\214\246\007\0146\036"
  41      264D4362 
  41      7A40A3F1 
  41      66E2418C 
  41      A6070C36 
  42 004e 3C00FA66 		.ascii	"<\000\372f\267\211&\352A'\231\231\367\346}\337{\357"
  42      B78926EA 
  42      41279999 
  42      F7E67DDF 
  42      7BEF
  43 0060 9BD9D585 		.ascii	"\233\331\325\205&\216\223\020\255B\210}<A\002\332\360"
  43      268E9310 
  43      AD42887D 
  43      3C4102DA 
  43      F0
  44 0071 0B21E23E 		.ascii	"\013!\342>\015P\206\364A\364k\350\3075J\023\212C\037"
  44      0D5086F4 
  44      41F46BE8 
  44      C7354A13 
  44      8A431F
ARM GAS  C:\Users\CYIRKO~1\AppData\Local\Temp\cciV5zD5.s 			page 3


  45 0084 57B4A649 		.ascii	"W\264\246I\311\243\220\256\354\225S\005\330L\037\347"
  45      C9A390AE 
  45      EC955305 
  45      D84C1FE7 
  46 0094 A90626D1 		.ascii	"\251\006&\321\304\250W\203\013\267\351*\331\004x\330"
  46      C4A85783 
  46      0BB7E92A 
  46      D90478D8 
  47 00a4 FDB27E6B 		.ascii	"\375\262~k#\250\\\015\215\354\356\310\221\261 \035\203"
  47      23A85C0D 
  47      8DECEEC8 
  47      91B1201D 
  47      83
  48 00b5 607BBC38 		.ascii	"`{\2748\372\266.tW\312\204,\254\215\220<`\023a\006\304"
  48      FAB62E74 
  48      57CA842C 
  48      AC8D903C 
  48      60136106 
  49 00ca 09318D7A 		.ascii	"\0111\215zL\241^\360\221\300,B\014\237M|\332$jv\250"
  49      4CA15EF0 
  49      91C02C42 
  49      0C9F4D7C 
  49      DA246A76 
  50 00df 974A3B1B 		.ascii	"\227J;\033F\225\372a\264J\275\377\007\352\034B\012\377"
  50      4695FA61 
  50      B44ABDFF 
  50      07EA1C42 
  50      0AFF
  51 00f1 3EBF3B5A 		.ascii	">\277;Z\347\365\270\275b\036^\360\236{\215\202\334\375"
  51      E7F5B8BD 
  51      621E5EF0 
  51      9E7B8D82 
  51      DCFD
  52 0103 3E240B6F 		.ascii	">$\013o\356!}\"\000(\270\306D\017\251E\207\252l\260"
  52      EE217D22 
  52      0028B8C6 
  52      440FA945 
  52      87AA6CB0 
  53 0117 A9FBD4E2 		.ascii	"\251\373\324\342\347\305+D\212s\250\313\271L\232\332"
  53      E7C52B44 
  53      8A73A8CB 
  53      B94C9ADA 
  54 0127 A98C4465 		.ascii	"\251\214Deh'W\243\322fH\313\020D\031\003[I\270\007\304"
  54      682757A3 
  54      D26648CB 
  54      10441903 
  54      5B49B807 
  55 013c 67BF5E8B 		.ascii	"g\277^\213\027\036\344\270\2752\212c\245\006\205\341"
  55      171EE4B8 
  55      BD328A63 
  55      A50685E1 
  56 014c E8D8C5E2 		.ascii	"\350\330\305\342KCE\015G\336\322\235\317\337\002\256"
  56      4B43450D 
  56      47DED29D 
  56      CFDF02AE 
  57 015c 2B8B0332 		.ascii	"+\213\0032\310G\3277+\313A\033\2318\337~v\277M>\344"
  57      C847D737 
ARM GAS  C:\Users\CYIRKO~1\AppData\Local\Temp\cciV5zD5.s 			page 4


  57      2BCB411B 
  57      9938DF7E 
  57      76BF4D3E 
  58 0171 59E70227 		.ascii	"Y\347\002'R\204\365w\213\303{\31499\030\227\2156\371"
  58      5284F577 
  58      8BC37BCC 
  58      39391897 
  58      8D36F9
  59 0184 B1081B37 		.ascii	"\261\010\0337\235wQ\331f\276NQ8\247\202\331\230M5x\000"
  59      9D7751D9 
  59      66BE4E51 
  59      38A782D9 
  59      984D3578 
  60 0199 3343BAF3 		.ascii	"3C\272\363fK\010s\213\252\341J2\223\317V{68\314\304"
  60      664B0873 
  60      8BAAE14A 
  60      3293CF56 
  60      7B3638CC 
  61 01ae D2C4EA76 		.ascii	"\322\304\352v\300\355Y\307C\247\347\201\355\344\264"
  61      C0ED59C7 
  61      43A7E781 
  61      EDE4B4
  62 01bd DF05F95C 		.ascii	"\337\005\371\\\320\215\211\371\225:\005\322\321\200"
  62      D08D89F9 
  62      953A05D2 
  62      D180
  63 01cb 472E682B 		.ascii	"G.h+Y2\\\220_\325_{\236\364\271i\200\307\250g\252\253"
  63      59325C90 
  63      5FD55F7B 
  63      9EF4B969 
  63      80C7A867 
  64 01e1 DEACAAFF 		.ascii	"\336\254\252\377\027m\265Xv\264\341wm}6\005\260\242"
  64      176DB558 
  64      76B4E177 
  64      6D7D3605 
  64      B0A2
  65 01f3 B4198EB6 		.ascii	"\264\031\216\266U\245\315\357\224*\2476j\377\253\330"
  65      55A5CDEF 
  65      942AA736 
  65      6AFFABD8 
  66 0203 13A798F6 		.ascii	"\023\247\230\366\227bO\177\026{\346\026\333D\"\233\273"
  66      97624F7F 
  66      167BE616 
  66      DB44229B 
  66      BB
  67 0214 E25CA3F3 		.ascii	"\342\\\243\363S\244\270Q\376H8\301\321\326#\355-\035"
  67      53A4B851 
  67      FE4838C1 
  67      D1D623ED 
  67      2D1D
  68 0226 D133D153 		.ascii	"\3213\321S\275\347\317F\255\366\210\262\255\236\360"
  68      BDE7CF46 
  68      ADF688B2 
  68      AD9EF0
  69 0235 E143A6D5 		.ascii	"\341C\246\325cv\234>gvY\335\275=f\304\352\354\264bf"
  69      63769C3E 
  69      677659DD 
ARM GAS  C:\Users\CYIRKO~1\AppData\Local\Temp\cciV5zD5.s 			page 5


  69      BD3D66C4 
  69      EAECB462 
  70 024a F3C9B696 		.ascii	"\363\311\266\226\266\013f\254/\0329\030\021\210y\272"
  70      B60B66AC 
  70      2F1A3918 
  70      118879BA 
  71 025a BAA3D60F 		.ascii	"\272\243\326\017\012\032\035\333"
  71      0A1A1DDB 
  72              		.text
  73              		.section	.gnu.lto_nvicDisableVector.95a0c9be,"",%progbits
  74 0000 789C9592 		.ascii	"x\234\225\222Mh\023Q\020\307\337\177g\223lm\023\257"
  74      4D681351 
  74      10C7DF7F 
  74      67936C6D 
  74      13AF
  75 0012 82417B10 		.ascii	"\202A{\020J/.\271(\210\240R\364\326\213^{\321(4`\263"
  75      4A2F2EB9 
  75      2888A052 
  75      F4D68B5E 
  75      7BD12834 
  76 0028 626AF1D6 		.ascii	"bj\361\326\227~\244PQ\213\266\251\025\303F\2104mm\323"
  76      977EA450 
  76      518BB6A9 
  76      15C34688 
  76      346D6DD3 
  77 003c 8FA8ADA7 		.ascii	"\217\250\255\247\260\010\0220\212\202'\301\203\025\321"
  77      B0081230 
  77      8A8227C1 
  77      8315D1
  78 004b 43454B0F 		.ascii	"CEK\017\036juf\327\203\340\311\007\357c\336\376f\376"
  78      1E6A7566 
  78      D783E0C9 
  78      07EF63DE 
  78      FE66FE
  79 005e 33F336A4 		.ascii	"3\3636\244\014u\301P\352\270Rj/O\220\2021\366R\251\254"
  79      0C75C150 
  79      EAB8526A 
  79      2F4F9082 
  79      31F652A9 
  80 0073 650072D0 		.ascii	"e\000r\320\026T\277\201~\334\244I\2027\362i\315h\237"
  80      1654BF81 
  80      7EDCA449 
  80      8237F269 
  80      CD689F
  81 0086 D63C6A93 		.ascii	"\326<j\223\325pN\017\357qI\251)\23620\215v\246^\017"
  81      D5704E0F 
  81      EF7149A9 
  81      299E3230 
  81      8D76A65E 
  82 009b 2DDEA31B 		.ascii	"-\336\243\033\344\022`\262\371\275qw=&\246\201V6\177"
  82      E41260B2 
  82      F9BD7177 
  82      3D26A681 
  82      56367F
  83 00ae EAF17C8C 		.ascii	"\352\361|\214\216A\361y\312\233x\027m{\240\365\200\256"
  83      8E41F179 
  83      CA9B7817 
ARM GAS  C:\Users\CYIRKO~1\AppData\Local\Temp\cciV5zD5.s 			page 6


  83      6D7BA0F5 
  83      80AE
  84 00c0 BD18277D 		.ascii	"\275\030'}\300%\302,\210\003b\006q\224\021W|\2450\207"
  84      C025C22C 
  84      88036206 
  84      71941157 
  84      7CA53087 
  85 00d4 36E13F2C 		.ascii	"6\341?,\355LD\303f \210\207\010\203\367\312\033\324"
  85      ED4C44C3 
  85      66208887 
  85      0883F7CA 
  85      1BD4
  86 00e6 F4CEAF11 		.ascii	"\364\316\257\021]\373X\302\333S\026 \270\301\216&\311"
  86      5DFB58C2 
  86      DB531620 
  86      B8C18E26 
  86      C9
  87 00f7 62F21252 		.ascii	"b\362\022Rj\224}\244\242kd\310N_0\270\231k\254\024!"
  87      6A947DA4 
  87      A26B64C8 
  87      4E5F30B8 
  87      996BAC14 
  88 010c 710A6414 		.ascii	"q\012d\024\010\254P/=\335n\221dC\010a\236\345\031\333"
  88      08AC502F 
  88      3DDD6E91 
  88      64430861 
  88      9EE519DB 
  89 0120 CECD3405 		.ascii	"\316\3154\005\020\005\320\355\322\302ZT \023\373\261"
  89      1005D0ED 
  89      D2C25A54 
  89      2013FBB1 
  90 0130 1040DF72 		.ascii	"\020@\337r\365H\000I\315\325g\317sV\020\006\250 \316"
  90      F5480049 
  90      CDD567CF 
  90      73561006 
  90      A820CE
  91 0143 AE0C79F9 		.ascii	"\256\014y\371\272-\014\003\371a\357UD\200\260\337\210"
  91      BA2D0C03 
  91      F961EF55 
  91      4480B0DF 
  91      88
  92 0154 EAFDAF3F 		.ascii	"\352\375\257?Z\002S{\203:\306W\26766Wc.\012Ynvq\237"
  92      5A02537B 
  92      833AC657 
  92      B7363657 
  92      632E0A59 
  93 016c 4B112C71 		.ascii	"K\021,qG\026YM\034\032\357\227\307v\333\363z(\253[]"
  93      4716594D 
  93      1C1AEF97 
  93      C776DBF3 
  93      7A28AB5B 
  94 0181 B2B00C17 		.ascii	"\262\260\014\027w\374g\220h\263[eJT\344c\261\317\245"
  94      77FC6790 
  94      68B35B65 
  94      4A54E463 
  94      B1CFA5
  95 0194 26ACC0E6 		.ascii	"&\254\300\346\012\375'\252\"\301)J2[\237\313\353\221"
ARM GAS  C:\Users\CYIRKO~1\AppData\Local\Temp\cciV5zD5.s 			page 7


  95      0AFD27AA 
  95      22C1294A 
  95      325B9FCB 
  95      EB91
  96 01a6 3FE9FC8F 		.ascii	"?\351\374\217\330.<\362\305\360\257X\332\245f<\0261"
  96      D82E3CF2 
  96      C5F0AF58 
  96      DAA5663C 
  96      1631
  97 01b8 F8624F90 		.ascii	"\370bO\220\370\273\326f(\254r\314\015\014\024\347\256"
  97      F8BBD666 
  97      28AC72CC 
  97      0D0C14E7 
  97      AE
  98 01c9 FB8DF7FF 		.ascii	"\373\215\367\377\233Q\306\371I8\301\243'\217tut\247"
  98      9B51C6F9 
  98      4938C1A3 
  98      278F7475 
  98      74A7
  99 01db CEA5CEF4 		.ascii	"\316\245\316\364^9\237r\272\222rv2\211\303\207l'cw\237"
  99      5E399F72 
  99      BA927276 
  99      3289C387 
  99      6C276377 
 100 01f0 BD685F72 		.ascii	"\275h_r.\367f\354\244\323\323\343\244\355\023\247;;"
 100      2EF766EC 
 100      A4D3D3E3 
 100      A4ED13A7 
 100      3B3B
 101 0202 3AAFDAE9 		.ascii	":\257\332\351\276T\362`R!\375\033\335\"\330\350"
 101      BE54F260 
 101      5221FD1B 
 101      DD22D8E8 
 102              		.text
 103              		.section	.gnu.lto_nvicSetSystemHandlerPriority.95a0c9be,"",%progbits
 104 0000 789C6D51 		.ascii	"x\234mQMh\023Q\020\236\357\315f\263\012\366\\\264\207"
 104      4D681351 
 104      109EEFCD 
 104      66B30AF6 
 104      5CB487
 105 0013 1E84D04B 		.ascii	"\036\204\320K\227\\\024D\020\011\342Az\321k/5\025\022"
 105      975C1444 
 105      1009E241 
 105      7AD16B2F 
 105      351512
 106 0026 68B325A9 		.ascii	"h\263%\251\342\255o\223\266\301\012U\3244U\014\033("
 106      E2AD6F93 
 106      B6C10A55 
 106      D434550C 
 106      1B28
 107 0038 526D8D69 		.ascii	"Rm\215i\325K\260H\310\311\034T\364\330\223ZQ\002\006"
 107      D54BB048 
 107      C8C91C54 
 107      F4D8935A 
 107      510206
 108 004b FCE9D5EA 		.ascii	"\374\351\325\352\2745\202\007\037\274}\363\367\315~"
 108      BC358207 
ARM GAS  C:\Users\CYIRKO~1\AppData\Local\Temp\cciV5zD5.s 			page 8


 108      1FBC7DF3 
 108      F7CD7E
 109 005a DF4C8414 		.ascii	"\337L\204\024uAt\206\210\016\311\005\023\324\365WD\276"
 109      75417486 
 109      880EC905 
 109      13D4F557 
 109      44BE
 110 006c A3006368 		.ascii	"\243\000ch\0074\2430\203k\\f\264\212\237\032jhU\313"
 110      0734A330 
 110      836B5C66 
 110      B48A9F1A 
 110      6A6855CB 
 111 0080 699677ED 		.ascii	"i\226w\355y=\327\0370\321m\271\346`\025CR\365fv\343"
 111      793DD71F 
 111      30D16DB9 
 111      E6601543 
 111      52F56676 
 112 0095 2E2F72C0 		.ascii	"./r\300\200%\356\267\227wv\372\214\2530(n\341\346\363"
 112      8025EEB7 
 112      977776FA 
 112      8CAB3028 
 112      6EE1E6F3 
 113 00a9 2D874F80 		.ascii	"-\207O\200\304\356\352\266o\307\356i\235\327\315\217"
 113      C4EEEAB6 
 113      6FC7EE69 
 113      9DD7CD8F 
 114 00b9 25D68703 		.ascii	"%\326\207\003f\254\201\245!\036`\000\3671@\022\"\254"
 114      66AC81A5 
 114      211E6000 
 114      F7314012 
 114      22AC
 115 00cb 2326E5EB 		.ascii	"#&\345\353\371\317]\346\323!\364J\373\347N\264\007\335"
 115      F9CF5DE6 
 115      D321F44A 
 115      FBE74EB4 
 115      07DD
 116 00dd 2DF7A00F 		.ascii	"-\367\240\017\377\003\255!f\352?l\356\225\016\330\326"
 116      FF03AD21 
 116      66EA3F6C 
 116      EE950ED8 
 116      D6
 117 00ee CA5FBA78 		.ascii	"\312_\272x\004[\224S\375-\232z\357WQ\010\364o\377p\242"
 117      045B9453 
 117      FD2D9A7A 
 117      EF575108 
 117      F46FFF70 
 118 0103 804128C1 		.ascii	"\200A(\301Zl>\021\230\237\023-\010\310\014\344*+\363"
 118      5A6C3E11 
 118      989F132D 
 118      08C80CE4 
 118      2A2BF3
 119 0116 7207F9EF 		.ascii	"r\007\371\357\305Z\343\035L\243\012\253\012\203:(|\235"
 119      C55AE31D 
 119      4CA30AAB 
 119      0A833A28 
 119      7C9D
 120 0128 EF055862 		.ascii	"\357\005Xb\377\316\"\002\013u\341\324Ak\251=lj$\273"
ARM GAS  C:\Users\CYIRKO~1\AppData\Local\Temp\cciV5zD5.s 			page 9


 120      FFCE2202 
 120      0B75E1D4 
 120      416BA93D 
 120      6C6A24BB 
 121 013c 34D77A1D 		.ascii	"4\327z\0355Y;\324\3447\266nE\376\270z\273\240\373\014"
 121      35593BD4 
 121      E437B66E 
 121      45FEB87A 
 121      BBA0FB0C 
 122 0150 7E39FFDE 		.ascii	"~9\377\336\011P\361e\344\325\203\001G\261)\3426\244"
 122      0950F165 
 122      E4D58301 
 122      47B129E2 
 122      36A4
 123 0162 91017C29 		.ascii	"\221\001|)\275X\333\357\326\364\254\257\007\003v\360"
 123      BD58DBEF 
 123      D6F4ACAF 
 123      070376F0 
 124 0172 180196C3 		.ascii	"\030\001\226\303eHr\345F%\021\257\233\\5\033\360><\201"
 124      654872E5 
 124      462511AF 
 124      9B5C351B 
 124      F03E3C81 
 125 0186 5BE148B8 		.ascii	"[\341H\270\247\247\210\013CY}\276\372l1$\034\356oA4"
 125      A7A7880B 
 125      43597DBE 
 125      FA6C3124 
 125      1CEE6F41 
 126 019b 88364574 		.ascii	"\2106Et\374\324\261\321D*}>}n\372\342x\332\033M\032"
 126      FCD4B1D1 
 126      442A7D3E 
 126      7D6EFAE2 
 126      78DA1B4D 
 127 01b0 DBCBC58F 		.ascii	"\333\313\305\217\036q\275\234\233\032\233p\247\274\354"
 127      1E71BD9C 
 127      9B1A9B70 
 127      A7BCEC
 128 01bf 74CE4D7A 		.ascii	"t\316Mz\223\223^\306=yv$1r\331\315\\J'\207\223\024M"
 128      93935EC6 
 128      3D797624 
 128      3172D9CD 
 128      5C4A2787 
 129 01d6 8D65C627 		.ascii	"\215e\306'.d\255\251l\332\373\015\201\005\264\250"
 129      2E64ADA9 
 129      6CDAFB0D 
 129      8105B4A8 
 130              		.text
 131              		.section	.gnu.lto_nvicClearPending.95a0c9be,"",%progbits
 132 0000 789C2D51 		.ascii	"x\234-QMh\023Q\020\236og7I\241\211W\301\240=\010\245"
 132      4D681351 
 132      109E6F67 
 132      3749A189 
 132      57C1A03D 
 133 0016 085D7251 		.ascii	"\010]rQ\020A\245\210\247^\364\332\213\306C\0036+\246"
 133      1041A588 
 133      A75EF4DA 
 133      8BC64303 
ARM GAS  C:\Users\CYIRKO~1\AppData\Local\Temp\cciV5zD5.s 			page 10


 133      362BA6
 134 0029 166F7D49 		.ascii	"\026o}I\333\004+\330\242mj\305\260\021#\375\3216m\365"
 134      DB042BD8 
 134      A26D6AC5 
 134      B01123FD 
 134      D1366DF5 
 135 003d 60EB252C 		.ascii	"`\353%,^z\250R\257\212\007\005\301C\213\015\036<\264"
 135      5E7AA852 
 135      AF8A0705 
 135      C1438B0D 
 135      1E3CB4
 136 0050 D599AC0F 		.ascii	"\325\231\254\017\336{3\337\373\346\233y3\016Y\264\013"
 136      DE7B33DF 
 136      FBE69B79 
 136      330E59B4 
 136      0B
 137 0061 A20B4474 		.ascii	"\242\013DtL6\230`M~ \312\307,@\015\023\003\015[\030"
 137      4C369860 
 137      4D7E20CA 
 137      C72C400D 
 137      13030D5B 
 138 0076 C604CF30 		.ascii	"\306\004\3170\202\322\217u\253k\316\310j\314lD\213f"
 138      82D28F75 
 138      AB6BCEC8 
 138      6ACC6C44 
 138      8B66
 139 0088 ECA8CF44 		.ascii	"\354\250\317D\263\262ua\016]\302\332\036]y\312\017\330"
 139      B3B27561 
 139      0E5DC2DA 
 139      1E5D79CA 
 139      0FD8
 140 009a 67C01677 		.ascii	"g\300\026wo\353\311\367\204\272\026:\304=0S\345\004"
 140      6FEBC9F7 
 140      84BA163A 
 140      C43D3053 
 140      E504
 141 00ac 9F07893D 		.ascii	"\237\007\211=\033L\177\216w\2760\246`\032\357\247\330"
 141      1B4C7F8E 
 141      77BE30A6 
 141      601AEFA7 
 141      D8
 142 00bd 9CF499B1 		.ascii	"\234\364\231\261\010\026A, \211y$I \302Kt*\377\333\352"
 142      0816412C 
 142      20897924 
 142      4920C24B 
 142      742AFFDB 
 143 00d2 E1743C62 		.ascii	"\341t<b\207\011\361\012\021\251\235\352\237\3200\207"
 143      8709F10A 
 143      11A99DEA 
 143      9FD03087 
 144 00e2 7F4BA6F1 		.ascii	"\177K\246\361\245\206\355\3131@\351\226\004\332\254"
 144      A586EDCB 
 144      3140E996 
 144      04DAAC
 145 00f1 872D87E3 		.ascii	"\207-\207\343\250E4.\201\372\255\373l\351\315?1\322"
 145      A845342E 
 145      81FAADFB 
ARM GAS  C:\Users\CYIRKO~1\AppData\Local\Temp\cciV5zD5.s 			page 11


 145      6CE9CD3F 
 145      31D2
 146 0103 2C1EBCAB 		.ascii	",\036\274\253B\305*lU\030\222f\263\266\261\337\256\025"
 146      42C52A6C 
 146      55189266 
 146      B3B6B1DF 
 146      AE15
 147 0115 3B70B024 		.ascii	";p\260$5\010m\277x\257-$qHzT[^\217+\311\306\011,\207"
 147      35086DBF 
 147      78AF2D24 
 147      71487A54 
 147      5B5E8F2B 
 148 012e A45FC585 		.ascii	"\244_\305\205hH\262q*)T\001\013\315\322\177uG`\001\202"
 148      6848B271 
 148      2A295401 
 148      0BCDD27F 
 148      75476001 
 149 0143 F266B702 		.ascii	"\362f\267\002\242Q\036\013>FU#\322j\307\233g\273\177"
 149      A2511E0B 
 149      3E465523 
 149      D26AC79B 
 149      67BB7F
 150 0156 DA43D704 		.ascii	"\332C\327\004#&!\320\303\235\346\333\204\217J^Z^=\356"
 150      232621D0 
 150      C39DE6DB 
 150      848F4A5E 
 150      5A5E3DEE 
 151 016a 73142BD2 		.ascii	"s\024+\322\227\272\244\323\200\255\257k\223G\334%3\232"
 151      97BAA4D3 
 151      80ADAF6B 
 151      9347DC25 
 151      339A
 152 017c 371D3EC7 		.ascii	"7\035>\307\260\012\037\217[\303P\265\305\337\363\234"
 152      B00A1F8F 
 152      5BC350B5 
 152      C5DFF39C 
 153 018c AAEB6375 		.ascii	"\252\353cu\310\3476\254\301\225/\266\006\365\032)\251"
 153      C8E736AC 
 153      C1952FB6 
 153      06F51A29 
 153      A9
 154 019d 877650A8 		.ascii	"\207vP\250>\237h\225\327\032\3408C\333\"\234s\227\316"
 154      3E9F6895 
 154      D71AE038 
 154      43DB229C 
 154      7397CE
 155 01b0 F6F5F467 		.ascii	"\366\365\364g\256g\256\016\336\271\221\361\372\322j"
 155      AE67AE0E 
 155      DEB991F1 
 155      FAD26A
 156 01bf 7BB9D499 		.ascii	"{\271\324\231\323\256\227s\373\257\335toy\267\007sn"
 156      D3AE9773 
 156      FBAFDD74 
 156      6F79B707 
 156      736E
 157 01d1 DA1B18F0 		.ascii	"\332\033\030\360\262\356\305+\275=\275w\335\354P&\335"
 157      B2EEC52B 
ARM GAS  C:\Users\CYIRKO~1\AppData\Local\Temp\cciV5zD5.s 			page 12


 157      BD3DBD77 
 157      DDEC5026 
 157      DD
 158 01e2 9D2664FF 		.ascii	"\235&d\377\001P\300\260\222"
 158      0150C0B0 
 158      92
 159              		.text
 160              		.section	.gnu.lto_.symbol_nodes.95a0c9be,"",%progbits
 161 0000 789C6365 		.ascii	"x\234ce`b\360b\000\002\2469L\365\014\014\023\31610\000"
 161      6062F062 
 161      0002A639 
 161      4CF50C0C 
 161      13CE3130 
 162 0015 A95D0D8E 		.ascii	"\251]\015\216@\221\271L\365\214\250\"\363\230\352\231"
 162      4091B94C 
 162      F58CA822 
 162      F398EA99 
 163 0025 5045E633 		.ascii	"PE\3463\3253\243\2100\000\000\276\274\022:"
 163      D533A388 
 163      300000BE 
 163      BC123A
 164              		.text
 165              		.section	.gnu.lto_.refs.95a0c9be,"",%progbits
 166 0000 789C6365 		.ascii	"x\234ce`b`d\000\002\000\000I\000\011"
 166      60626064 
 166      00020000 
 166      490009
 167              		.text
 168              		.section	.gnu.lto_.decls.95a0c9be,"",%progbits
 169 0000 789CDD59 		.ascii	"x\234\335YiPTY\226\316\2337\023\222\024\320A\242\246"
 169      69505459 
 169      96CE9B37 
 169      139214D0 
 169      41A2A6
 170 0013 A6879E71 		.ascii	"\246\207\236q\034;\212\230\231\026\265jJ\243\243#FL"
 170      1C3B8A98 
 170      9916B56A 
 170      4AA3A323 
 170      464C
 171 0025 7424A2EC 		.ascii	"t$\242\354&@\355\211\030\"\010\027\252\245C\241Gp\246"
 171      2640ED89 
 171      18220817 
 171      AAA543A1 
 171      4770A6
 172 0038 AB7BA6EA 		.ascii	"\253{\246\352!\240,\212\240,&\213\242\310\"\213\200"
 172      21A02C8A 
 172      A02C268B 
 172      A2C8228B 
 172      80
 173 0049 20A080A6 		.ascii	" \240\200\246 \253\202\212\240\262/\002\"\242\262\270"
 173      20AB828A 
 173      A0B22F02 
 173      22A2B2B8 
 174 0059 02C29CBB 		.ascii	"\002\302\234\273<\362\361\3104\352G\377\352\014\316"
 174      3CF2F1C8 
 174      34EA47FF 
 174      EA0CCE
ARM GAS  C:\Users\CYIRKO~1\AppData\Local\Temp\cciV5zD5.s 			page 13


 175 0068 7BEFDCFB 		.ascii	"{\357\334\373\275s\277{\316\271\333C\255P*2\377Q\241"
 175      BD73BF7B 
 175      CEB9DB43 
 175      AD502A32 
 175      FF51A1
 176 007b F0C70AC5 		.ascii	"\360\307\012\305i\244P\314\301O\255P(r\025\306\237\012"
 176      69A450CC 
 176      C14FAD50 
 176      287215C6 
 176      9F0A
 177 008d E41AC875 		.ascii	"\344\032\310u\020\003H\245b\361\357\020\274k\003\367"
 177      100348A5 
 177      62F1EF10 
 177      BC6B03F7 
 178 009d 9D207620 		.ascii	"\235 v \366 \205 \016 _\200\374\232\224\001f9H\007<"
 178      F6208520 
 178      0E205F80 
 178      FC9A9401 
 178      66394807 
 179 00b2 B7833C07 		.ascii	"\267\203<\007\031\001\201\246\025J(\267\002\261\004"
 179      190181A6 
 179      154A28B7 
 179      02B104
 180 00c1 41BC3DF9 		.ascii	"A\274=\371\357\377\240\302\332D\033r\373\242]\261\035"
 180      EFFFA0C2 
 180      DA441B72 
 180      FBA25DB1 
 180      1D
 181 00d2 258806B1 		.ascii	"%\210\006\2616\020\357\207\374\027\010\025Z3\374\211"
 181      3610EF87 
 181      FC170815 
 181      5A33FC89 
 182 00e2 ED52A82F 		.ascii	"\355R\250/\006\371\037\304l\022;\211\334\236\201\353"
 182      06F91FC4 
 182      6C123B89 
 182      DC9E81EB 
 183 00f2 B568A1CD 		.ascii	"\265h\241\315\02036\011_7\023|\311\353V\334\246)\037"
 183      10333609 
 183      5F37137C 
 183      C9EB56DC 
 183      A6291F
 184 0105 C763547C 		.ascii	"\307cT|\374V\205\262\033u\"\350\023ZFK\021bWD\205\252"
 184      FC5685B2 
 184      1B7522E8 
 184      135A464B 
 184      11625744 
 185 011b 73E20F21 		.ascii	"s\342\017!Z\016\245J\0057,\026!\361\015\256+\271\252"
 185      5A0EA54A 
 185      05372C16 
 185      21F10DAE 
 185      2BB9AA
 186 012e E426E91F 		.ascii	"\344&\351\037\177\031I,\262j\326\222\370c\334\331\003"
 186      7F19492C 
 186      B26AD692 
 186      F863DCD9 
 186      03
 187 013f 7D4D7C1B 		.ascii	"}M|\033)\215\015 $}Ab\220\321\346\365\363\374\024\306"
ARM GAS  C:\Users\CYIRKO~1\AppData\Local\Temp\cciV5zD5.s 			page 14


 187      298D0D20 
 187      247D4162 
 187      90D1E6F5 
 187      F3FC14C6 
 188 0153 CE21B1F7 		.ascii	"\316!\261\367\343\372;C\332\036\324EJS6\"Z\226\330\322"
 188      E3FA3B43 
 188      DA1ED445 
 188      4A533622 
 188      5A96D8D2 
 189 0167 9FAAC410 		.ascii	"\237\252\304\020Zx\356\371\220\271eu\216\300~\232\177"
 189      5A78EEF9 
 189      90B96575 
 189      8EC07E9A 
 189      7F
 190 0178 36BAADAB 		.ascii	"6\272\255\253\356b6\216\304\350\013-\"m.\205\242\274"
 190      EE62368E 
 190      C4E80B2D 
 190      226D2E85 
 190      A2BC
 191 018a D1AB1F6C 		.ascii	"\321\253\037lX\021A4\237\230\270`\211\035\350\363\375"
 191      58114134 
 191      9F98B860 
 191      891DE8F3 
 191      FD
 192 019b E0FC2482 		.ascii	"\340\374$\202\266\323\"\025i\2651\341\211-\250\366Z"
 192      B6D32215 
 192      69B531E1 
 192      892DA8F6 
 192      5A
 193 01ac B4221E2B 		.ascii	"\264\"\036+\365\015\217*U\310Q\233N\0321\314\275\376"
 193      F50D8F2A 
 193      55C8519B 
 193      4E1A31CC 
 193      BDFE
 194 01be 22FAA820 		.ascii	"\"\372\250 (Q\001\322\242\\\204Q\026ZM(\177A\002\037"
 194      285101D2 
 194      A25C8451 
 194      165A4D28 
 194      7F41021F 
 195 01d2 2A088785 		.ascii	"*\010\207\205\250 \301j\253\002\345!\007t\0119(P>r$"
 195      A820C16A 
 195      AB02E521 
 195      07740939 
 195      28503E72 
 196 01e7 8D121CCA 		.ascii	"\215\022\034\312\201\302l(\204V.^\210>o\201#\021a\240"
 196      81C26C28 
 196      84562E5E 
 196      883E6F81 
 196      231161A0 
 197 01fb ACB9DEF1 		.ascii	"\254\271\336\361X\205\264\216&\015\024\2310\300\311"
 197      5885B48E 
 197      260D1499 
 197      30C0C9
 198 020a 64ADAC09 		.ascii	"d\255\254\011!d\012\201\314e#\031\340\306\374P\371\241"
 198      21640A81 
 198      CC652319 
 198      E0C6FC50 
ARM GAS  C:\Users\CYIRKO~1\AppData\Local\Temp\cciV5zD5.s 			page 15


 198      F9A1
 199 021c 67998AA4 		.ascii	"g\231\212\244\016\001\354V\221\242\360\264\372)<_v\005"
 199      0E01EC56 
 199      91A2F0B4 
 199      FA293C5F 
 199      7605
 200 022e D1C2EAB9 		.ascii	"\321\302\352\271w\206\245\314\003J\342\234\261;\311"
 200      7786A5CC 
 200      034AE29C 
 200      B13BC9
 201 023d 4B980796 		.ascii	"K\230\007\226\201z\373\376\304#\353\317\343\250\227"
 201      817AFBFE 
 201      C423EBCF 
 201      E3A897
 202 024c 8384654A 		.ascii	"\203\204eJ\264\3633T\012DJ\200\210\002]E\237\303\265"
 202      B4F33354 
 202      0A444A80 
 202      88025D45 
 202      9FC3B5
 203 025f 18A95893 		.ascii	"\030\251X\2233\217\003G-V\246\010)\275\202\241\347\372"
 203      338F0347 
 203      2D56A608 
 203      29BD82A1 
 203      E7FA
 204 0271 AAA79705 		.ascii	"\252\247\227\005\001(\012*\202C\027\215\034\341\021"
 204      01280A2A 
 204      8243178D 
 204      1CE111
 205 0280 AE99A807 		.ascii	"\256\231\250\007\241\014\324\015\031p\015\255\204\327"
 205      A10CD40D 
 205      19700DAD 
 205      84D7
 206 028e 5BBB2BC6 		.ascii	"[\273+\3060\316g\3615A\377V~\366G[\263\\*(\227r\221"
 206      30CE67F1 
 206      3541FF56 
 206      7EF6475B 
 206      B35C2A28 
 207 02a5 4BDCE5BC 		.ascii	"K\334\345\274Y%\347\322\3747z\301pX \336\002\024*32"
 207      5925E7D2 
 207      FC377AC1 
 207      705820DE 
 207      02142A33 
 208 02ba 299333B9 		.ascii	")\2233\271N\231\024\274\177\036\204q%c\222\376|\352"
 208      4E9914BC 
 208      7F1E8471 
 208      256392FE 
 208      7CEA
 209 02cc AAB568E9 		.ascii	"\252\265h\351o\347-\221>\3350Z\272!\267d\240\226*2\342"
 209      6FE72D91 
 209      3EDD305A 
 209      BA21B764 
 209      A0962A32 
 210 02e1 5D710F33 		.ascii	"]q\0173TV\332\376N\303\015\215\374t\001\245\233FC7\345"
 210      5456DAFE 
 210      4EC30D8D 
 210      FC7401A5 
 210      9B464337 
ARM GAS  C:\Users\CYIRKO~1\AppData\Local\Temp\cciV5zD5.s 			page 16


 211 02f6 862AA9A1 		.ascii	"\206*\251\241\234\326\263e\326,L\202\003\311\324\233"
 211      9CD6B365 
 211      D62C4C82 
 211      03C9D49B 
 212 0306 478BB83E 		.ascii	"G\213\270>f\011zL\356\223\022\304\364({\320\207[3\022"
 212      66097A4C 
 212      EE9312C4 
 212      F4287BD0 
 212      875B3312 
 213 031a 6C581C85 		.ascii	"lX\034\205s\010\012\222gf\202Ux\214Q\351{8{\233\247"
 213      73080A92 
 213      67668255 
 213      788C51E9 
 213      7B387B9B 
 214 032f 7D909A0C 		.ascii	"}\220\232\014\203\342g'\227hC\211gi\012\222\0121\011"
 214      83E26727 
 214      97684389 
 214      67690A92 
 214      0A3109
 215 0342 15A89EE4 		.ascii	"\025\250\236\344\024rr@u,\177';n\246h\355\242(Z\020"
 215      14727240 
 215      752C7F27 
 215      3B6EA668 
 215      EDA2285A 
 216 0357 56A8688C 		.ascii	"V\250h\214j\000^M\341\015\310N|\211\240\007\322\006"
 216      6A005E4D 
 216      E10DC84E 
 216      7C89A007 
 216      D206
 217 0369 52AC3873 		.ascii	"R\2548s\013\320\217D\367\247\332r\346\204\330\275\350"
 217      0BD08F44 
 217      F7A7DA72 
 217      E684D8BD 
 217      E8
 218 037a 63A7549C 		.ascii	"c\247T\234)\031\255\221\217\242\377\015O1\236\217\013"
 218      2919AD91 
 218      8FA2FF0D 
 218      4F319E8F 
 218      0B
 219 038b 4EE5AB19 		.ascii	"N\345\253\031\366\025\301\216\317\246\305Z\230\345y"
 219      F615C18E 
 219      CFA6C55A 
 219      98E579
 220 039a 4FE47997 		.ascii	"O\344y\227\361\314\013\031\270\250\201\267\035`*@\222"
 220      F1CC0B19 
 220      B8A881B7 
 220      1D602A40 
 220      92
 221 03ab 79C081CD 		.ascii	"y\300\201\315\003E\206\311\\\025\376H[R\026\027\015"
 221      034586C9 
 221      5C15FE48 
 221      5B521617 
 221      0D
 222 03bc 24682543 		.ascii	"$h%C\375\263RAX\206Z\241c\017\214\261q\230\037\351c"
 222      FDB35241 
 222      58865AA1 
 222      630F8CB1 
ARM GAS  C:\Users\CYIRKO~1\AppData\Local\Temp\cciV5zD5.s 			page 17


 222      71981FE9 
 223 03d1 E705FCB9 		.ascii	"\347\005\374\271\002}\351\200\326\3000m\201a\352\300"
 223      027DE980 
 223      D6C0306D 
 223      8161EAC0 
 224 03e1 876933D0 		.ascii	"\207i3\320\271\317\307\371\331\314[6\370(\246\015\350"
 224      B9CFC7F9 
 224      D9CC5B36 
 224      F828A60D 
 224      E8
 225 03f2 636F16D9 		.ascii	"co\026\331\032\033\310ZYH\207\357ch\341\241\261\205"
 225      1A1BC85A 
 225      594887EF 
 225      6368E1A1 
 225      B185
 226 0404 5664A689 		.ascii	"Vd\246\211G\246\233\230\034,/\2610\206\002Q{\215P\177"
 226      47A69B98 
 226      1C2C2FB1 
 226      30860251 
 226      7B8D507F 
 227 0418 877AA48D 		.ascii	"\207z\244\215\206\342\236\030\212\224\034\375\250%q"
 227      86E29E18 
 227      8A941CFD 
 227      A82571
 228 0427 5FD08FB3 		.ascii	"_\320\217\263\336#\204\214XJ\255\267\177\312zqOL\030"
 228      DE23848C 
 228      584AADB7 
 228      7FCA7A71 
 228      4F4C18
 229 043a 4FC91432 		.ascii	"O\311\0242\231^\353\0327,az/q\377\207\321\323\255\032"
 229      995EEB1A 
 229      372C617A 
 229      2F71FF87 
 229      D1D3AD1A 
 230 044e 1E685BD0 		.ascii	"\036h[\320\253&\223\306\255\361\011\314\306{GE(\217"
 230      AB2693C6 
 230      ADF109CC 
 230      C67B4745 
 230      288F
 231 0460 F47A500F 		.ascii	"\364zP\017\217\024$Z\231\015t\237\030\350^\3063d(\271"
 231      8F14245A 
 231      990D749F 
 231      18E85EC6 
 231      336428B9 
 232 0474 53294FC8 		.ascii	"S)O\310n\200wQx?\345\331'\362\214\177\361\341'<\037"
 232      6E807751 
 232      783FE5D9 
 232      27F28C7F 
 232      F1E1273C 
 233 0489 A573BE1D 		.ascii	"\245s\276\035\235\363\321\245\341\033IZ\316\222L\210"
 233      9DF3D1A5 
 233      E11B495A 
 233      CE924C88 
 234 0499 550F12B3 		.ascii	"U\017\022\263-\261\236\261|\035\036\362\216\217\033"
 234      2DB19EB1 
 234      7C1D1EF2 
 234      8E8F1B
ARM GAS  C:\Users\CYIRKO~1\AppData\Local\Temp\cciV5zD5.s 			page 18


 235 04a8 32E81E9D 		.ascii	"2\350\036\235\033|\2575\313rXd\371\224\261\014O:\237"
 235      1B7CAF35 
 235      CB725864 
 235      F994B10C 
 235      4F3A9F
 236 04bb 6C216739 		.ascii	"l!g9\010\360\001\012\177FY\016\213,Cs\"\2530\213\325"
 236      08F0010A 
 236      7F46590E 
 236      8B2C4373 
 236      22AB308B 
 237 04d0 8F5915E0 		.ascii	"\217Y\025\340\215\372\224b\375\202a9\362)\373\357\212"
 237      8DFA9462 
 237      FD826139 
 237      F229FBEF 
 237      8A
 238 04e1 A73B78B7 		.ascii	"\247;x\267S0\361xY[4_\007z\245\303\326\236\017\333\300"
 238      5330F178 
 238      595B345F 
 238      077AA5C3 
 238      D69E0FDB 
 239 04f6 E1FCA318 		.ascii	"\341\374\243\030\237a~\230\214\017\011\3230\360_\203"
 239      9F617E98 
 239      8C0F09D3 
 239      30F05F83 
 240 0506 5A9798F4 		.ascii	"Z\227\230\364wf\3350.\272a\214\321\274\336\324Qj%w\303"
 240      7766DD30 
 240      2EBA618C 
 240      D1BCDED4 
 240      516A2577 
 241 051b 4B80BFA0 		.ascii	"K\200\277\240\360\011Js\\\244YT1\236&\316\036\204\346"
 241      F0094A73 
 241      5CA45954 
 241      319E26CE 
 241      1E84E6
 242 052e 60767FAA 		.ascii	"`v\177\252\026g2\032Y\206\210:\036\216\024\022\253\271"
 242      1667321A 
 242      5986883A 
 242      1E8E1412 
 242      ABB9
 243 0540 C4B1646B 		.ascii	"\304\261dk\234\313*\305@\332\361@\336}V\\\240\304%\254"
 243      9CCB2AC5 
 243      40DAF140 
 243      DE7D565C 
 243      A0C425AC 
 244 0554 F2634F54 		.ascii	"\362cOT\224%\177\223\344fO[k\2015.g\225\305C\3655\342"
 244      94257F93 
 244      E4664F5B 
 244      6B81352E 
 244      6795C543 
 245 056b 9BA4322C 		.ascii	"\233\2442,\257?B\215\253Ye_\327\323p[\334\300\224\332"
 245      AF3F428D 
 245      AB59655F 
 245      D7D3705B 
 245      DCC094DA 
 246 057f 9AC3BFC3 		.ascii	"\232\303\277\303-\354\371\366\223\340\177a/\005\223"
 246      2DECF9F6 
 246      93E07F61 
ARM GAS  C:\Users\CYIRKO~1\AppData\Local\Temp\cciV5zD5.s 			page 19


 246      2F0593
 247 058e 09BAFA42 		.ascii	"\011\272\372B\301Y\314\374\227B\323\277\360fx\320R\334"
 247      C159CCFC 
 247      9742D3BF 
 247      F06678D0 
 247      52DC
 248 05a0 46C14BAB 		.ascii	"F\301K\253\3722\0225h\025\377-'\027\307U\347\205\340"
 248      FA321235 
 248      6815FF2D 
 248      2717C755 
 248      E785E0
 249 05b3 40C1F06E 		.ascii	"@\301\360nz\303tK\260 \034\261F\035\310\0165\301\344"
 249      7AC3744B 
 249      B0201CB1 
 249      461DC80E 
 249      35C1E4
 250 05c6 10AE5C3E 		.ascii	"\020\256\\>?\354\320m\352\246\265d\267\312^\250\374"
 250      3FECD06D 
 250      EAA6B564 
 250      B7CA5EA8 
 250      FC
 251 05d7 135C8231 		.ascii	"\023\\\2021z\016\350\367\034-\206\035\275[\200\016\002"
 251      7A0EE8F7 
 251      1C2D861D 
 251      BD5B800E 
 251      02
 252 05e8 F4FFEA29 		.ascii	"\364\377\352)\232$G\240\222\241\3473\253J\212&\363\324"
 252      9A2447A0 
 252      92A1E733 
 252      AB4A8A26 
 252      F3D4
 253 05fa C81F996D 		.ascii	"\310\037\231m\210\012\372\310m\213\261\342y%A7\374\311"
 253      880AFAC8 
 253      6D8BB1E2 
 253      79254137 
 253      FCC9
 254 060c 887E2B47 		.ascii	"\210~+G\277\221\363\356\377\243\221\367\254\234\267"
 254      BF91F3EE 
 254      FFA391F7 
 254      AC9CB7
 255 061b 930C3C21 		.ascii	"\223\014<!\001\317\310\301\323r\323\315\022\227\274"
 255      01CFC8C1 
 255      D372D3CD 
 255      1297BC
 256 062a 96A3278D 		.ascii	"\226\243'\215\350h\236\205\033U\012H\022\007X&H\025"
 256      E8689E85 
 256      1B550A48 
 256      12075826 
 256      4815
 257 063c 41C3E042 		.ascii	"A\303\340B'\224\216\350\250r\025\012\001\011\005\211"
 257      27948EE8 
 257      A872150A 
 257      01090589 
 258 064c 04090239 		.ascii	"\004\011\0029\002\022\006\022\001r\034$\012\3440\310"
 258      02120612 
 258      01721C24 
 258      0AE430C8 
ARM GAS  C:\Users\CYIRKO~1\AppData\Local\Temp\cciV5zD5.s 			page 20


 259 065c 319060E5 		.ascii	"1\220`\345*\272\023e\016i\2278\344\225\334!\243r\367"
 259      2ABA1365 
 259      0E699738 
 259      E495DC21 
 259      A372F7
 260 066f 4D71342C 		.ascii	"Mq4,\240\250\226\243\305e\025\335Z\344>I\037\207\344"
 260      A0A896A3 
 260      C56515DD 
 260      5AE43E49 
 260      1F87E4
 261 0682 7D7CB2C8 		.ascii	"}|\262\310\266$\220Sr&\037\214h\266<=\234\262\013\024"
 261      B6249053 
 261      72261F8C 
 261      68B63C3D 
 261      9CB20B14 
 262 0696 0444500A 		.ascii	"\004DP\012\2764\031;\365r\332\376\244 \324\255!\363"
 262      BE34193B 
 262      F572DAFE 
 262      A420D4AD 
 262      21F3
 263 06a8 2A6C5398 		.ascii	"*lS\230-q\266\205\363\312\274-H\372\331\207=\267\020"
 263      2D71B685 
 263      F3CABC2D 
 263      48FAD987 
 263      3DB710
 264 06bb 4E51D125 		.ascii	"NQ\321%0\260\374l\323\022\344\270\234\265\3214\243\201"
 264      30B0FC6C 
 264      D312E4B8 
 264      9CB5D134 
 264      A381
 265 06cd 9D3B3A05 		.ascii	"\235;:\005/G+\347\027@\322\242\351\270\240\223\020\216"
 265      2F472BE7 
 265      1740D2A2 
 265      E9B8A093 
 265      108E
 266 06df 3F4768C8 		.ascii	"?Gh\310X\215,\230\260\265\016\237\337rS\026\306)+Fi"
 266      588D2C98 
 266      B0B50E9F 
 266      DF725316 
 266      C6292B46 
 267 06f4 4D4F2470 		.ascii	"MO$p\007pMdW\014_\2322\311f\251\351IU8_\327R\210\336"
 267      07704D64 
 267      570C5F9A 
 267      32C966A9 
 267      E9495538 
 268 070d 15F6D219 		.ascii	"\025\366\322\031g\321.\242\360\342\007\335*\263S\341"
 268      67D12EA2 
 268      F0E207DD 
 268      2AB353E1 
 269 071d 69259F0A 		.ascii	"i%\237\012\235\350L8p7\277p)\237\011\203\304\231\320"
 269      9DE84C38 
 269      7037BF70 
 269      299F0983 
 269      C499D0
 270 0730 88D62BED 		.ascii	"\210\326+\355\304w\010\272?\251\377\241\015.b\355\004"
 270      C47708BA 
 270      3FA9FFA1 
ARM GAS  C:\Users\CYIRKO~1\AppData\Local\Temp\cciV5zD5.s 			page 21


 270      0D2E62ED 
 270      04
 271 0741 E77675F3 		.ascii	"\347vu\363\265\3664\341\020\222\321[\203p\031\253|w"
 271      B5F634E1 
 271      1092D15B 
 271      837019AB 
 271      7C77
 272 0753 A4BB1363 		.ascii	"\244\273\023c\003S.\216\027\006q\266Q\0049\026\035\033"
 272      03532E8E 
 272      170671B6 
 272      51043916 
 272      1D1B
 273 0765 BE14D7B2 		.ascii	"\276\024\327\262\312\244\344\351\237\340&\366\234\325"
 273      CAA4E4E9 
 273      9FE026F6 
 273      9CD5
 274 0773 957D85CF 		.ascii	"\225}\205\317\264\357\311\272\3702x\260\227\277\370"
 274      B4EFC9BA 
 274      F83278B0 
 274      97BFF8
 275 0782 39A8F9E5 		.ascii	"9\250\371\345\301/\370\321\310@\246\263\231\314\241"
 275      C12FF8D1 
 275      C840A6B3 
 275      99CCA1
 276 0791 CF702B7B 		.ascii	"\317p+{\265\376\302\265\031\316\2064\361\342d\350\210"
 276      B5FEC2B5 
 276      19CE8634 
 276      F1E264E8 
 276      88
 277 07a2 8D5927A4 		.ascii	"\215Y'\244\213NHS\262e\353\344`\206\255|=H\205\240\237"
 277      8B4E4853 
 277      B265EBE4 
 277      6086AD7C 
 277      3D4885A0 
 278 07b7 57127806 		.ascii	"W\022x\006\365B\272\350\205'\251\325\023\026|\367HX"
 278      F542BAE8 
 278      8527A9D5 
 278      13167CF7 
 278      4858
 279 07c9 1EB97FEA 		.ascii	"\036\271\177\352\357q\017"
 279      EF710F
 280 07d0 A371A625 		.ascii	"\243q\246%9T\215\207\2302\243\2172\360\015\3610\001"
 280      39548D87 
 280      9832A38F 
 280      32F00DF1 
 280      3001
 281 07e2 2654EAF7 		.ascii	"&T\352\367\341W\254nhr\340\011\302o\230\362p\244\273"
 281      E157AC6E 
 281      6872E009 
 281      C26F98F2 
 281      70A4BB
 282 07f5 872F22BD 		.ascii	"\207/\"\275\0048\374 \355\251\032\177\344\310\330\262"
 282      0438FC20 
 282      EDA91A7F 
 282      E4C8D8B2 
 283 0805 0A0D0E51 		.ascii	"\012\015\016QS\2455\346N\274\212!\037\023\344lv\332"
 283      53A535E6 
ARM GAS  C:\Users\CYIRKO~1\AppData\Local\Temp\cciV5zD5.s 			page 22


 283      4EBC8A21 
 283      1F13E46C 
 283      76DA
 284 0817 AC158E60 		.ascii	"\254\025\216`\225#\372\007)\266\370\024SR\337\026\024"
 284      9523FA07 
 284      29B6F814 
 284      5352DF16 
 284      14
 285 0828 F1C5F51E 		.ascii	"\361\305\365\036A\316U\276{l\203\023Y\345\323\226\354"
 285      41CE55BE 
 285      7B6C8313 
 285      59E5D396 
 285      EC
 286 0839 200B9CC6 		.ascii	" \013\234\306\224+\351\205Y\034YG\220/\364c-Kq.\253"
 286      942BE985 
 286      591C5947 
 286      902FF463 
 286      2D4B712E 
 287 084e 4C998D3E 		.ascii	"L\231\215>\277D\334\003\204\376\230=@M_j\002\017\242"
 287      BF44DC03 
 287      84FE983D 
 287      404D5F6A 
 287      020FA2
 288 0861 81987B5B 		.ascii	"\201\230{[n\200\266\012\2319\375\221\312\243\026\370"
 288      6E80B60A 
 288      9939FD91 
 288      CAA316F8 
 289 0871 2A534E04 		.ascii	"*SN\004u\177\317\200\277\004\355\330\351\214(\013\026"
 289      757FCF80 
 289      BF04EDD8 
 289      E98C280B 
 289      16
 290 0882 DD5EB2CC 		.ascii	"\335^\262\314~\354\014\234U\262j\262U\233>\334\035i"
 290      7EEC0C9C 
 290      55B26AB2 
 290      559B3EDC 
 290      1D69
 291 0894 3EA20631 		.ascii	">\242\0061\2427XD\357\246E\005\251\344\021\275\016\021"
 291      A2375844 
 291      EFA64505 
 291      A9E411BD 
 291      0E11
 292 08a6 ADA011BD 		.ascii	"\255\240\021\275I#j\020#\232\323X\333\311\375\037J\022"
 292      49236A10 
 292      239AD358 
 292      DBC9FD1F 
 292      4A12
 293 08b8 2BB7FC45 		.ascii	"+\267\374E\030\357\302k\262n\207\327\016\344-\345\013"
 293      18EFC26B 
 293      B26E87D7 
 293      0EE42DE5 
 293      0B
 294 08c9 29D96C64 		.ascii	")\331ld\037iK\346{\217N\362\376\263\322\033\0175f\271"
 294      1F694BE6 
 294      7B8F4EF2 
 294      FEB3D21B 
 294      0F3566B9 
ARM GAS  C:\Users\CYIRKO~1\AppData\Local\Temp\cciV5zD5.s 			page 23


 295 08dd D588DCAA 		.ascii	"\325\210\334\252\031\267\204\226[!\226rn\267\200[\025"
 295      19B78496 
 295      5B219672 
 295      6EB7805B 
 295      15
 296 08ee E5564BB9 		.ascii	"\345VK\271\325\210\334F\336\014\316i\360\015\346\261"
 296      D588DC46 
 296      DE0CCE69 
 296      F00DE6B1 
 297 08fe A4A253BF 		.ascii	"\244\242S\277\303\325\3549g<:\015\341;L\011\355;\372"
 297      C3D5EC39 
 297      673C3A0D 
 297      E13B4C09 
 297      ED3BFA
 298 0911 80EF17DE 		.ascii	"\200\357\027\336\323msDt\243-~\300*k\342\022c\255\360"
 298      D36D7344 
 298      74A32D7E 
 298      C02A6BE2 
 298      1263ADF0 
 299 0925 23A6CC3D 		.ascii	"#\246\314=kK\345}\033\243_9f\222K\270n/\331\225\330"
 299      6B4BE57D 
 299      1BA35F39 
 299      66924BB8 
 299      6E2FD995 
 300 093a F35D495F 		.ascii	"\363]I_xb<\302]\354\335\231\210\012\275\371\263O\263"
 300      78623CC2 
 300      5DECDD99 
 300      880ABDF9 
 300      B34FB3
 301 094d D8CF4B2C 		.ascii	"\330\317K,\021>\004\227\364\"y?\357A?\357\322~>\240"
 301      113E0497 
 301      F422793F 
 301      EF413FEF 
 301      D27E3EA0 
 302 0961 FD6C16FB 		.ascii	"\375l\026\373\031\326\332yy\001\372\252\362\023\350"
 302      19D6DA79 
 302      7901FAAA 
 302      F213E8
 303 0970 0743E782 		.ascii	"\007C\347\202\371p\277G?\250\360o\006v\354\233\201\270"
 303      F970BF47 
 303      3FA8F06F 
 303      0676EC9B 
 303      81B8
 304 0982 7DB2E7DB 		.ascii	"}\262\347\333\247\311\023Q\335\010\017\262^TN\344g\360"
 304      A7C91351 
 304      DD080FB2 
 304      5E544EE4 
 304      67F0
 305 0994 77499E85 		.ascii	"wI\236\205\352'\356-5\333\251v\261Sm,xm\357\253\333"
 305      EA27EE2D 
 305      35DBA976 
 305      B1536D2C 
 305      786DEFAB 
 306 09a9 D5F24E3D 		.ascii	"\325\362N=\002\232\017)\315\016J\263]\244\331]\250\037"
 306      029A0F29 
 306      CD0E4AB3 
 306      5DA4D95D 
ARM GAS  C:\Users\CYIRKO~1\AppData\Local\Temp\cciV5zD5.s 			page 24


 306      A81F
 307 09bb B29477CA 		.ascii	"\262\224w\312,:\242\372J\015O\303:\242O\027]\316R\343"
 307      2C3AA2FA 
 307      4A0D4FC3 
 307      3AA24F17 
 307      5DCE52E3 
 308 09cf 513E9E13 		.ascii	"Q>\236\0233\0134x\222)%/\263Kl\370\030\243)U\366\272"
 308      330B3478 
 308      9229252F 
 308      B34B6CF8 
 308      18A32955 
 309 09e5 81AF0F1A 		.ascii	"\201\257\017\032I\265=\257\256<\221\272\021O\251\177"
 309      49B53DAF 
 309      AE3C91BA 
 309      114FA97F 
 310 09f5 C4F23020 		.ascii	"\304\3620 vw\015\355mlE\354\225E\023c?\360\357\243\374"
 310      76770DED 
 310      6D6C45EC 
 310      95451363 
 310      3FF0EFA3 
 311 0a0a 0729FF01 		.ascii	"\007)\377\001\221\377\2457\223\327\264\362\336\232E"
 311      91FFA537 
 311      93D7B4F2 
 311      DE9A45
 312 0a19 670E2545 		.ascii	"g\016%E\3620l\000\365\364\207s#68\320\202\222|\361r"
 312      F2306C00 
 312      F5F48773 
 312      233638D0 
 312      82927CF1 
 313 0a2e 26CF161F 		.ascii	"&\317\026\037aJYIy\015\357\334\0322\370rn6-\301\021"
 313      614A5949 
 313      790DEFDC 
 313      1A32F872 
 313      6E362DC1 
 314 0a43 AC6E26EA 		.ascii	"\254n&\352l\241\025\216fJ\342d\3273\236\312\216\244"
 314      6CA1158E 
 314      664AE264 
 314      D7339ECA 
 314      8EA4
 315 0a55 D7A9674E 		.ascii	"\327\251gNZ\3418V7\027\025\252\267\304\211L\211i\212"
 315      5AE13856 
 315      371715AA 
 315      B7C4894C 
 315      89698A
 316 0a68 495D8253 		.ascii	"I]\202S\2302=\034\323\306gik\311!\304\236\037B\014\031"
 316      98323D1C 
 316      D3C66769 
 316      6BC921C4 
 316      9E1F420C 
 317 0a7d 31FF80D3 		.ascii	"1\377\200\323\031\364Q[\360U\016]\002j\324\355\236\377"
 317      19F4515B 
 317      F0550E5D 
 317      026AD4ED 
 317      9EFF
 318 0a8f 30EBC937 		.ascii	"0\353\3117\242'_\263\304i\250\273s\\%?&O\200s\306\251"
 318      A2275FB3 
 318      C469A8BB 
ARM GAS  C:\Users\CYIRKO~1\AppData\Local\Temp\cciV5zD5.s 			page 25


 318      735C253F 
 318      264F8073 
 319 0aa5 73DE52E7 		.ascii	"s\336R\347\274\021\235\223\252\017\232R\313\217\275"
 319      BC119D93 
 319      AA0F9A52 
 319      CB8FBD
 320 0ab4 66D115CD 		.ascii	"f\321\025\315\235\033q6\343\370\246\251\263\017\341"
 320      9D1B7136 
 320      E3F8A6A9 
 320      B30FE1
 321 0ac3 3CA604DF 		.ascii	"<\246\004\337\256\317\260\304\205L\031\275\330X\007"
 321      AECFB0C4 
 321      854C19BD 
 321      D85807
 322 0ad2 732F5306 		.ascii	"s/S\006\206\246J1\276\316\224\364\321\363\307\255p\025"
 322      86A64A31 
 322      BECE94F4 
 322      D1F3C7AD 
 322      7015
 323 0ae4 536A73EB 		.ascii	"Sjs\353\343\371),\207,\2453\2357^Ys\207\374\023Y\356"
 323      E3F9292C 
 323      872CA533 
 323      9D375E59 
 323      7387FC13 
 324 0afa EEDC68B4 		.ascii	"\356\334h\264\306\365\024\374Uz|N\251\345\374!\342S"
 324      C6F514FC 
 324      557A7C4E 
 324      A9E5FC21 
 324      E253
 325 0b0c BFE5ECE6 		.ascii	"\277\345\354\346(\352\354(0\033\201\263.\013B\230\005"
 325      28EAEC28 
 325      301B81B3 
 325      2E0B4298 
 325      05
 326 0b1d 3D0C5C84 		.ascii	"=\014\\\204MX\032\226\034\0062io\363\020\333D\306\300"
 326      4D581A96 
 326      1C063269 
 326      6FF310DB 
 326      44C6C0
 327 0b30 0B13A198 		.ascii	"\013\023\241\230\035\036Hnu\313\361]\013\360t\323\031"
 327      1D1E486E 
 327      75CBF15D 
 327      0BF074D3 
 327      19
 328 0b41 CEF1B095 		.ascii	"\316\361\260\225AW\344\370\242E\366\333\303%\366\313"
 328      4157E4F8 
 328      A245F6DB 
 328      C325F6CB 
 329 0b51 E4F86B0B 		.ascii	"\344\370k\013\360\244\003S\337\033\31723r\270\223\034"
 329      F0A40353 
 329      DF1BCF32 
 329      3372B893 
 329      1C
 330 0b62 3D12868D 		.ascii	"=\022\206\215\360z9\234\235!\026\340\1770\302\307\344"
 330      F07A399C 
 330      9D2116E0 
 330      7F30C2C7 
ARM GAS  C:\Users\CYIRKO~1\AppData\Local\Temp\cciV5zD5.s 			page 26


 330      E4
 331 0b73 F08145F0 		.ascii	"\360\201E\360\366\010\211\371<9\376\322\"\362\225\241"
 331      F60889F9 
 331      3C39FED2 
 331      22F295A1 
 332 0b83 12FCA81C 		.ascii	"\022\374\250\034?\242\224\235\333F\244\346s\344\360"
 332      3FA2949D 
 332      DB46A4E6 
 332      73E4F0
 333 0b92 EC45E61B 		.ascii	"\354E\346\033\244\370\313r|\301b:R|\241i\274\224\316"
 333      A4F8CB72 
 333      7CC1623A 
 333      527CA169 
 333      BC94CE
 334 0ba5 31093C41 		.ascii	"1\011<A\016\217\223\303\247\244p\001\313\340\261r\370"
 334      0E8F93C3 
 334      A7A47001 
 334      CBE0B172 
 334      F8
 335 0bb6 84C4F5AF 		.ascii	"\204\304\365\257\344\306_\310\321\225\022\364\264\034"
 335      E4C65FC8 
 335      D19512F4 
 335      B41C
 336 0bc4 DD2745D3 		.ascii	"\335'E\323$\376\336\230c\037M&\215\364D\033\216\331"
 336      24FEDE98 
 336      631F4D26 
 336      8DF4441B 
 336      8ED9
 337 0bd6 B909362D 		.ascii	"\271\0116-\364\254C\320\342V\206\237\262\244^l\226\006"
 337      F4AC43D0 
 337      E256869F 
 337      B2A45E6C 
 337      9606
 338 0be8 F599DCFA 		.ascii	"\365\231\334\372S9\227\021\351\200\3521=\240\244\247"
 338      53399711 
 338      E980EA31 
 338      3DA0A4A7 
 339 0bf8 71E978AA 		.ascii	"q\351x\252E2x\311\242\361\327\020&\301\177\224\343\233"
 339      453278C9 
 339      A2F1D710 
 339      26C17F94 
 339      E39B
 340 0c0a 16E540BF 		.ascii	"\026\345@\2774JIr:\211\213\360\315\022\307\177\220\303"
 340      344A4972 
 340      3A898BF0 
 340      CD12C77F 
 340      90C3
 341 0c1c 1F2E0AAA 		.ascii	"\037.\012\252t\374\325\311\341\225\362\316V\036\343"
 341      74FCD5C9 
 341      E195F2CE 
 341      561EE3
 342 0c2b AE871300 		.ascii	"\256\207\023\000\272\300\341\342\271\000\235[`\235\034"
 342      BAC0E1E2 
 342      B9009D5B 
 342      609D1C
 343 0c3a 877F804B 		.ascii	"\207\177\200K \034~\000=\311\321\342\234\315\217\022"
 343      201C7E00 
ARM GAS  C:\Users\CYIRKO~1\AppData\Local\Temp\cciV5zD5.s 			page 27


 343      3DC9D1E2 
 343      9CCD8F12 
 344 0c4a 122EFDD2 		.ascii	"\022.\375\322l\3175=\232\244\351+\351\350K\323\371\270"
 344      6CCF353D 
 344      9AA4E92B 
 344      E9E84BD3 
 344      F9B8
 345 0c5c C02F523F 		.ascii	"\300/R?\236\225\343\317,\036\253\022\363S\246\023x\001"
 345      9E95E3CF 
 345      2C1EAB12 
 345      F353A613 
 345      7801
 346 0c6e 5C9A64CF 		.ascii	"\\\232d\317M\317\034\322i\265_:\255\226\312\361%\362"
 346      4DCF1CD2 
 346      69B55F3A 
 346      AD96CAF1 
 346      25F2
 347 0c80 A46C0E93 		.ascii	"\244l\016\223\300\033\345\360\333\213\340R\353\345\246"
 347      C01BE5F0 
 347      DB8BE052 
 347      EBE5A6
 348 0c8f 276D892B 		.ascii	"'m\211+\333%}}o:g\030w\3517\2009\010\344,\255#p\362"
 348      DB257D7D 
 348      6F3A6718 
 348      77E93780 
 348      3908E42C 
 349 0ca7 0120073B 		.ascii	"\001 \007;\242h\274\012\205\200D\201\234\0059\015r\001"
 349      A268BC0A 
 349      85804481 
 349      9C05390D 
 349      7201
 350 0cb9 2411E428 		.ascii	"$\021\344(\310\011\220d\2200\220\024\220S y \005 1 "
 350      C8099064 
 350      90309014 
 350      90532079 
 350      20052031 
 351 0cce 8741D241 		.ascii	"\207A\322A\012A\342@\316\203\\\002\271\010r\004D\017"
 351      0A41E240 
 351      CE835C02 
 351      B9087204 
 351      440F
 352 0ce0 920F9205 		.ascii	"\222\017\222\005r\022$\025$\030\344\034H,H&H\020\310"
 352      72122415 
 352      2418E41C 
 352      482C4826 
 352      4810C8
 353 0cf3 31900890 		.ascii	"1\220\010\220\"\220P\220$\220p\220\313 \201 \011 \331"
 353      22905090 
 353      24907090 
 353      CB208120 
 353      0920D9
 354 0d06 20674072 		.ascii	" g@rA\342A\216\203d\200Db\361{Q\014\344\357T(\317\371"
 354      41E2418E 
 354      83648044 
 354      62F17B51 
 354      0CE4EF54 
 355 0d1d 4EC8E2C7 		.ascii	"N\310\342\307\334;\342\226\025\265\312\207\310\3041"
ARM GAS  C:\Users\CYIRKO~1\AppData\Local\Temp\cciV5zD5.s 			page 28


 355      DC3BE296 
 355      15B5CA87 
 355      C8C431
 356 0d2c C9F88E37 		.ascii	"\311\370\2167=\011K\023g\"\\\2228\305\246\327cId\373"
 356      3D094B13 
 356      67225C92 
 356      38C5A6D7 
 356      634964FB 
 357 0d40 A589D060 		.ascii	"\245\211\320`z\301\224N\303R\353\201r\370\0239\274A"
 357      7AC1944E 
 357      C352EB81 
 357      72F81339 
 357      BC41
 358 0d52 3A48524C 		.ascii	":HRL\017\022\311'\251\241Y\366I\012P\013?I\021[\335"
 358      0F12C927 
 358      A9A159F6 
 358      490A500B 
 358      3F49115B 
 359 0d67 C7A43B99 		.ascii	"\307\244;\231d\3233\227\244g\355\322\236\3351\235\342"
 359      64D33397 
 359      A467EDD2 
 359      9EDD319D 
 359      E2
 360 0d78 0BD676E9 		.ascii	"\013\326v\351\210\0336=\255/\330\370\204\3618\302y\222"
 360      881B363D 
 360      AD2FD8F8 
 360      84F138C2 
 360      7992
 361 0d8a 7EF82378 		.ascii	"~\370#x\361\224\311\247\272\371\021J&/1\356C\200\177"
 361      F194C9A7 
 361      BAF9114A 
 361      262F31EE 
 361      43807F
 362 0d9d C2ED8B9B 		.ascii	"\302\355\213\233w\324\273h&\225\316^Y\246\367mk\215"
 362      77D4BB68 
 362      2695CE5E 
 362      59A6F76D 
 362      6B8D
 363 0daf D62B4536 		.ascii	"\326+E6-`\375>\207\213\247;\376\331]b\275Yj=\337\364"
 363      2D60FD3E 
 363      878BA73B 
 363      FED95D62 
 363      BD596A3D 
 364 0dc5 4646FCBE 		.ascii	"FF\374\276\327\324\023\333\244\302w\351~Ty\277\357m"
 364      D7D413DB 
 364      A4C277E9 
 364      7E5479BF 
 364      EF6D
 365 0dd7 9C1A2D77 		.ascii	"\234\032-w45rQ\011\014\330\277\324\301\3132\264\346"
 365      34357251 
 365      090CD8BF 
 365      D4C1CB32 
 365      B4E6
 366 0de9 380E2219 		.ascii	"8\016\"\031Z\014\275\274\202\347\277h\222\204\245\276"
 366      5A0CBDBC 
 366      82E7BF68 
 366      9284A5BE 
ARM GAS  C:\Users\CYIRKO~1\AppData\Local\Temp\cciV5zD5.s 			page 29


 367 0df9 6A69693B 		.ascii	"jii;\256\226~t,\226\370U\201J1\373\350\010wrbI\257\032"
 367      AE967E74 
 367      2C96F855 
 367      814A31FB 
 367      E8087772 
 368 0e11 C4F8313B 		.ascii	"\304\3701;\025\234\037n\254\347\207\260\237\222\357"
 368      159C1F6E 
 368      ACE787B0 
 368      9F92EF
 369 0e20 50A74623 		.ascii	"P\247F#\021;\024\014\223\003\366\271\306\3118-\036b"
 369      113B140C 
 369      9303F6B9 
 369      C6C9382D 
 369      1E62
 370 0e32 D8D28A17 		.ascii	"\330\322\212\027\353\030\224\374\027\342\376\231\204"
 370      EB1894FC 
 370      17E2FE99 
 370      84
 371 0e3f 7E64F698 		.ascii	"~d\366\230t\035\363cR\005\246\307\244\326\367\025S\326"
 371      741DF363 
 371      5205A6C7 
 371      A4D6F715 
 371      53D6
 372 0e51 F81535A4 		.ascii	"\370\0255\244\352M\235xn\201\034\035\020\322\202\320"
 372      EA4D9D78 
 372      6E811C1D 
 372      10D282D0 
 373 0e61 2EC24F03 		.ascii	".\302O\003\351\213\265\350\006\306|\000*\022\0040?\366"
 373      E98BB5E8 
 373      06C67C00 
 373      2A120430 
 373      3FF6
 374 0e73 032936F5 		.ascii	"\003)6\365\217K\003\304\272\222\266S\205\035\320Mh("
 374      8F4B03C4 
 374      BA92B653 
 374      851DD04D 
 374      6828
 375 0e85 41D0D012 		.ascii	"A\320\320\022\362\315\361]z\232Fz\322\"\266\313\000"
 375      F2CDF15D 
 375      7A9A467A 
 375      D222B6CB 
 375      00
 376 0e96 770D137E 		.ascii	"w\015\023~\267\260\235\310\222\240\243\032\317\261\177"
 376      B7B09DC8 
 376      92A0A31A 
 376      CFB17F
 377 0ea5 0A923642 		.ascii	"\012\2226B?\331\006\240\343z\022\272\264R\333\325\237"
 377      3FD906A0 
 377      E37A12BA 
 377      B452DBD5 
 377      9F
 378 0eb6 B27D25B8 		.ascii	"\262}%\270#\316\362g\251\302=\203`\350\270\276&\361"
 378      23CEF267 
 378      A9C23D83 
 378      60E8B8BE 
 378      26F1
 379 0ec8 B04108DA 		.ascii	"\260A\010\332\210j\260\035*\207P\032\320J\311\253W\241"
ARM GAS  C:\Users\CYIRKO~1\AppData\Local\Temp\cciV5zD5.s 			page 30


 379      886AB01D 
 379      2A87501A 
 379      D04AC9AB 
 379      57A1
 380 0eda 64BB5281 		.ascii	"d\273R\201j\361\317\024\313|\377\333g\317f\337]\273"
 380      6AF1CF14 
 380      CB7CFFDB 
 380      67CF66DF 
 380      5DBB
 381 0eec F77BEFF4 		.ascii	"\367{\357\364\336\023\340wP\363\357\277\332\261B\267"
 381      DE13E077 
 381      50F3EFBF 
 381      DAB142B7 
 382 0efc 76AD42EB 		.ascii	"v\255B\353\345u\310\3077\340\313u^\001\337z\377\302"
 382      E575C8C7 
 382      37E0CB75 
 382      5E01DF7A 
 382      FFC2
 383 0f0e 73CF3E9F 		.ascii	"s\317>\237\335>\376\001\207\366\372\370y\006\370\371"
 383      DD3EFE01 
 383      87F6FAF8 
 383      7906F8F9 
 384 0f1e EDF7F7FC 		.ascii	"\355\367\367\374\255\357\241\025\364i\305\256\203\007"
 384      ADEFA115 
 384      F469C5AE 
 384      8307
 385 0f2c 56781FD8 		.ascii	"Vx\037\330\355\275w\257\367^\317\257W\177\271b\335\232"
 385      EDBD77AF 
 385      F75ECFAF 
 385      577FB962 
 385      DD9A
 386 0f3e B5EBFF6B 		.ascii	"\265\353\377k\255'\224\377\334\327\317\327\373\347\336"
 386      AD2794FF 
 386      DCD7CFD7 
 386      FBE7DE
 387 0f4d BB76FB78 		.ascii	"\273v\373x\372\370\356\331\177h\257\267\347\201]`\313"
 387      FAF8EED9 
 387      7F68AFB7 
 387      E7815D60 
 387      CB
 388 0f5e D7DBD36B 		.ascii	"\327\333\323k\257\367\267\273\016\355\017\360\012\370"
 388      AFF7B7BB 
 388      0EED0FF0 
 388      0AF8
 389 0f6c EEF7DEFE 		.ascii	"\356\367\336\376\253\367)4b{\377\371gm\317\377;\177"
 389      ABF72934 
 389      627BFFF9 
 389      676DCFFF 
 389      3B7F
 390 0f7e 4F2FFF80 		.ascii	"O/\377\200\275`\034\032\371\345\346_x\352\210m\017f"
 390      BD601C1A 
 390      F9E5E65F 
 390      78EA886D 
 390      0F66
 391 0f90 9BB6E3E7 		.ascii	"\233\266\343\347\277v\375\327N~\376N\373v\355w"
 391      BF76FDD7 
 391      4E7EFE4E 
ARM GAS  C:\Users\CYIRKO~1\AppData\Local\Temp\cciV5zD5.s 			page 31


 391      FB76ED77 
 392 0fa0 FABDDFC1 		.ascii	"\372\275\337\301\000\177\247=~\007\016\370\371:9\273"
 392      007FA73D 
 392      7E070EF8 
 392      F93A39BB 
 393 0fb0 6FD36DFB 		.ascii	"o\323m\373\203\023\361\322\352=\212\277\"w\027\037\177"
 393      8313F1D2 
 393      EA3D8ABF 
 393      2277171F 
 393      7F
 394 0fc1 A3BB1C48 		.ascii	"\243\273\034H\211\207w\200\307w\376\001\336\007\266"
 394      89877780 
 394      C777FE01 
 394      DE07B6
 395 0fd0 EEF2DDBB 		.ascii	"\356\362\335\273\337\373\240\333A\037\277\203>\001\337"
 395      DFFBA0DB 
 395      411FBF83 
 395      3E01DF
 396 0fdf 51E7EAF6 		.ascii	"Q\347\352\366{\357:\350\346\355\013\355\377\326\312"
 396      7BEF3AE8 
 396      E6ED0BED 
 396      FFD6CA
 397 0fee 7DB3C766 		.ascii	"}\263\307f\367\235\233]\376U\351\352f\305\034\274\301"
 397      F79D9B5D 
 397      FE55E9EA 
 397      66C51CBC 
 397      C1
 398 0fff 2B       		.ascii	"+"
 399 1000 C092DFE7 		.ascii	"\300\222\337\347\253\277R\271:or\237W\277T\271\352\334"
 399      ABBF52B9 
 399      3A6F729F 
 399      57BF54B9 
 399      EADC
 400 1012 8CEA3A95 		.ascii	"\214\352:\225\253\207\233\273\306\235ik\241r\263\261"
 400      AB879BBB 
 400      C69D696B 
 400      A172B3B1 
 401 1022 720D546E 		.ascii	"r\015TnvWylwuw\376dWy\007\275\377\020\340\244\333\346"
 401      7657796C 
 401      777577FE 
 401      64577907 
 401      BDFF10E0 
 402 1039 E1EAE1C4 		.ascii	"\341\352\341\304\375\005\025\007\275\275\366\034X\017"
 402      FD051507 
 402      BDBDF61C 
 402      580F
 403 1047 CEB2FAD5 		.ascii	"\316\262\372\325NW\235\327v\210\317\274\375\015\026"
 403      4E579DD7 
 403      7688CFBC 
 403      FD0D16
 404 1056 CE5B3779 		.ascii	"\316[7y\350\334U:g\235;yv\203\233\313v\3356\270\271"
 404      E8DC553A 
 404      679D3B79 
 404      76839BCB 
 404      76DD36B8 
 405 106b D2DB3C74 		.ascii	"\322\333<t\275\205\213N\347\352\361\033\015\271m\333"
 405      BD858B4E 
ARM GAS  C:\Users\CYIRKO~1\AppData\Local\Temp\cciV5zD5.s 			page 32


 405      E7EAF11B 
 405      0DB96DDB 
 406 107b E9AC53C3 		.ascii	"\351\254S\303\203\307o,\341J4~\337\001\245\256\264\224"
 406      83C76F2C 
 406      E14A347E 
 406      DF01A5AE 
 406      B494
 407 108d 622C5DE9 		.ascii	"b,]\351}\307\274\225\257I\211\3637\337\354Po\333\271"
 407      7DC7BC95 
 407      AF4989F3 
 407      37DFEC50 
 407      6FDBB9
 408 10a0 C57D1DBD 		.ascii	"\305}\035\275\256\245\3275j\235\033!\241\363\360\330"
 408      AEA5D735 
 408      6A9D1B21 
 408      A1F3F0D8 
 409 10b0 FC0DDC74 		.ascii	"\374\015\334t\036\256.\356X\267\335]\255\373\006\236"
 409      1EAE2EEE 
 409      58B7DD5D 
 409      ADFB069E 
 410 10c0 2C5D5DBC 		.ascii	",]]\274\\=\234\201\226\213\327\266-\364\346\314n.\354"
 410      5C3D9C81 
 410      968BD7B6 
 410      2DF4E6CC 
 410      6E2EEC
 411 10d3 E6B6C55D 		.ascii	"\346\266\305]\345\274\305\303]\265i\213\263\273z\333"
 411      E5BCC5C3 
 411      5DB5698B 
 411      B3BB7ADB 
 412 10e3 36B8AA5C 		.ascii	"6\270\252\\\210\276\225\\tpQ{l\325\301\243\307V7\260"
 412      88BE955C 
 412      7470517B 
 412      6CD5C1A3 
 412      C75637B0 
 413 10f7 AB73C7D0 		.ascii	"\253s\307\320o\265\263\253;\364~\347\366_\273\203\343"
 413      6FB5B3AB 
 413      3BF47EE7 
 413      F65FBB83 
 413      E3
 414 1108 01A273DB 		.ascii	"\001\242s\333\341\352\242v\336\004p\215\207n\023\365"
 414      E1EAA276 
 414      DE04708D 
 414      876E13F5 
 415 1118 968D97D7 		.ascii	"\226\215\227\327\267\207|\367xy\255^\377\365\206\257"
 415      B7877CF7 
 415      7879AD5E 
 415      FFF586AF 
 416 1128 34A2A6DA 		.ascii	"4\242\246\332\263o\327\301\377\007!p\363g"
 416      B36FD7C1 
 416      FF072170 
 416      F367
 417              		.text
 418              		.section	.gnu.lto_.symtab.95a0c9be,"",%progbits
 419 0000 6E766963 		.ascii	"nvicEnableVector\000"
 419      456E6162 
 419      6C655665 
 419      63746F72 
ARM GAS  C:\Users\CYIRKO~1\AppData\Local\Temp\cciV5zD5.s 			page 33


 419      00
 420 0011 00       		.ascii	"\000"
 421 0012 00       		.ascii	"\000"
 422 0013 00       		.ascii	"\000"
 423 0014 00000000 		.ascii	"\000\000\000\000\000\000\000\000"
 423      00000000 
 424 001c BA000000 		.ascii	"\272\000\000\000"
 425 0020 6E766963 		.ascii	"nvicDisableVector\000"
 425      44697361 
 425      626C6556 
 425      6563746F 
 425      7200
 426 0032 00       		.ascii	"\000"
 427 0033 00       		.ascii	"\000"
 428 0034 00       		.ascii	"\000"
 429 0035 00000000 		.ascii	"\000\000\000\000\000\000\000\000"
 429      00000000 
 430 003d BE000000 		.ascii	"\276\000\000\000"
 431 0041 6E766963 		.ascii	"nvicSetSystemHandlerPriority\000"
 431      53657453 
 431      79737465 
 431      6D48616E 
 431      646C6572 
 432 005e 00       		.ascii	"\000"
 433 005f 00       		.ascii	"\000"
 434 0060 00       		.ascii	"\000"
 435 0061 00000000 		.ascii	"\000\000\000\000\000\000\000\000"
 435      00000000 
 436 0069 C0000000 		.ascii	"\300\000\000\000"
 437 006d 6E766963 		.ascii	"nvicClearPending\000"
 437      436C6561 
 437      7250656E 
 437      64696E67 
 437      00
 438 007e 00       		.ascii	"\000"
 439 007f 00       		.ascii	"\000"
 440 0080 00       		.ascii	"\000"
 441 0081 00000000 		.ascii	"\000\000\000\000\000\000\000\000"
 441      00000000 
 442 0089 C2000000 		.ascii	"\302\000\000\000"
 443              		.text
 444              		.section	.gnu.lto_.opts,"",%progbits
 445 0000 272D666D 		.ascii	"'-fmath-errno' '-fsigned-zeros' '-ftrapping-math' '"
 445      6174682D 
 445      6572726E 
 445      6F272027 
 445      2D667369 
 446 0033 2D666E6F 		.ascii	"-fno-trapv' '-fno-openmp' '-fno-openacc' '-mcpu=cor"
 446      2D747261 
 446      70762720 
 446      272D666E 
 446      6F2D6F70 
 447 0066 7465782D 		.ascii	"tex-m7' '-mno-thumb-interwork' '-mthumb' '-ggdb' '-"
 447      6D372720 
 447      272D6D6E 
 447      6F2D7468 
 447      756D622D 
ARM GAS  C:\Users\CYIRKO~1\AppData\Local\Temp\cciV5zD5.s 			page 34


 448 0099 4F322720 		.ascii	"O2' '-fomit-frame-pointer' '-falign-functions=16' '"
 448      272D666F 
 448      6D69742D 
 448      6672616D 
 448      652D706F 
 449 00cc 2D666675 		.ascii	"-ffunction-sections' '-fdata-sections' '-fno-common"
 449      6E637469 
 449      6F6E2D73 
 449      65637469 
 449      6F6E7327 
 450 00ff 2720272D 		.ascii	"' '-flto'\000"
 450      666C746F 
 450      2700
 451              		.text
 452              		.comm	__gnu_lto_v1,1,1
 453              		.comm	__gnu_lto_slim,1,1
 454              		.ident	"GCC: (GNU Tools for ARM Embedded Processors 6-2017-q1-update) 6.3.1 20170215 (release) [AR
ARM GAS  C:\Users\CYIRKO~1\AppData\Local\Temp\cciV5zD5.s 			page 35


DEFINED SYMBOLS
                            *ABS*:00000000 nvic.c
                            *COM*:00000001 __gnu_lto_v1
                            *COM*:00000001 __gnu_lto_slim

NO UNDEFINED SYMBOLS
