ARM GAS  C:\Users\CYIRKO~1\AppData\Local\Temp\ccN2KYY0.s 			page 1


   1              		.cpu cortex-m7
   2              		.eabi_attribute 20, 1
   3              		.eabi_attribute 21, 1
   4              		.eabi_attribute 23, 3
   5              		.eabi_attribute 24, 1
   6              		.eabi_attribute 25, 1
   7              		.eabi_attribute 26, 1
   8              		.eabi_attribute 30, 2
   9              		.eabi_attribute 34, 1
  10              		.eabi_attribute 18, 4
  11              		.file	"Convert.c"
  12              		.text
  13              	.Ltext0:
  14              		.section	.gnu.lto_.profile.b68100e,"",%progbits
  15 0000 789C6365 		.ascii	"x\234ce`b`a```d\020\026\002\000\000\270\0002"
  15      60626061 
  15      60606064 
  15      10160200 
  15      00B80032 
  16              		.text
  17              		.section	.gnu.lto_.icf.b68100e,"",%progbits
  18 0000 789C6365 		.ascii	"x\234ce`b\340`@\000F\206\2669\027\017\2620\000\000\015"
  18      6062E060 
  18      40004686 
  18      B639170F 
  18      B2300000 
  19 0015 2302C9   		.ascii	"#\002\311"
  20              		.text
  21              		.section	.gnu.lto_.jmpfuncs.b68100e,"",%progbits
  22 0000 789C6365 		.ascii	"x\234ce`b\340d@\000F\006&FF\346\372z\006\000\004*\001"
  22      6062E064 
  22      40004606 
  22      264646E6 
  22      FA7A0600 
  23 0017 17       		.ascii	"\027"
  24              		.text
  25              		.section	.gnu.lto_.inline.b68100e,"",%progbits
  26 0000 789C6365 		.ascii	"x\234ce`bPf@\000F\006\006\221\351,\214\214\214\034@"
  26      60625066 
  26      40004606 
  26      0691E92C 
  26      8C8C8C1C 
  27 0015 16B3C282 		.ascii	"\026\263\302\202\217\366\014l\013\344\231\030\230\032"
  27      8FF60C6C 
  27      0BE49918 
  27      981A
  28 0023 E631B230 		.ascii	"\3461\2620\260\200\224\000\000Z\275\004\312"
  28      B0809400 
  28      005ABD04 
  28      CA
  29              		.text
  30              		.section	.gnu.lto_.pureconst.b68100e,"",%progbits
  31 0000 789C6365 		.ascii	"x\234ce`b`f```d`\000\000\000l\000\014"
  31      60626066 
  31      60606064 
  31      60000000 
  31      6C000C
ARM GAS  C:\Users\CYIRKO~1\AppData\Local\Temp\ccN2KYY0.s 			page 2


  32              		.text
  33              		.section	.gnu.lto_ASCIItoNUM.b68100e,"",%progbits
  34 0000 789C6D54 		.ascii	"x\234mT\357oSe\024~\317{\336\373c]\177\254]\0071\231"
  34      EF6F5365 
  34      147ECF7B 
  34      DEFB635D 
  34      7FAC5D07 
  35 0016 66519785 		.ascii	"fQ\227\205\304\030\023\277\370\335/\376\035\230\221"
  35      C41813BF 
  35      F8DD2FFE 
  35      1D9891
  36 0025 68021A14 		.ascii	"h\002\032\024\343\027\303e+\035\016tH\220Ic\031F\227"
  36      E317C365 
  36      2B1D0E74 
  36      48904963 
  36      194697
  37 0038 31140B13 		.ascii	"1\024\013\023\331&\014:\352R\004if\225\204\315\270\017"
  37      D9260C3A 
  37      EA520469 
  37      669584CD 
  37      B80F
  38 004a 38B3CC30 		.ascii	"8\263\3140\303\246#*\331\3529\347\355X\307l\322\233"
  38      C3A6232A 
  38      D9EA39E7 
  38      ED58C76C 
  38      D29B
  39 005c F79EFB3C 		.ascii	"\367\236\373<\317y\316\217{\035\245\325vW\251\247\224"
  39      CF79CE8F 
  39      7B1DA5D5 
  39      7657A9A7 
  39      94
  40 006d 52EFD01F 		.ascii	"R\357\320\037\352\024\350\303%\245\366\371\032<{@p\354"
  40      EA14E8C3 
  40      25A5F6F9 
  40      1A3C7B40 
  40      70EC
  41 007f C1D8C3B8 		.ascii	"\301\330\303\270\357hs\250\250T\020rS\236\012\302\256"
  41      EF6873A8 
  41      A8541072 
  41      539E0AC2 
  41      AE
  42 0090 458EFB9E 		.ascii	"E\216\373\236F\033\367%\356\003p<\360A\355\325h\034"
  42      461BF725 
  42      EE03703C 
  42      F041EDD5 
  42      681C
  43 00a2 D7F3612F 		.ascii	"\327\363a/z\012\362\006*\240\370\347\324\336\364`/\302"
  43      7A0AF206 
  43      2AA0F8E7 
  43      D4DEF460 
  43      2FC2
  44 00b4 0FA9B31F 		.ascii	"\017\251\263\037\343\373\330\207\012\014\335.\336\314"
  44      E3FBD887 
  44      0A0CDD2E 
  44      DECC
  45 00c2 FC1AE55B 		.ascii	"\374\032\345[\200\026~\372\373\\\252~\333@\020t\004"
  45      80167EFA 
ARM GAS  C:\Users\CYIRKO~1\AppData\Local\Temp\ccN2KYY0.s 			page 3


  45      FB5CAA7E 
  45      DB401074 
  45      04
  46 00d3 F9DE9117 		.ascii	"\371\336\221\027>\350\334\377R\037ju\234\320\247\240"
  46      3EE8DCFF 
  46      521F6A75 
  46      9CD0A7A0 
  47 00e3 1906A099 		.ascii	"\031\006\240\231\213\030\204m\204\2359u\355p\010#\240"
  47      8B18846D 
  47      849D3975 
  47      ED700823 
  47      A0
  48 00f4 E85CE93E 		.ascii	"\350\\\351>\321\215m\375\302\373\351(\006O\367!\302"
  48      D18D6DFD 
  48      C2FBE928 
  48      064FF721 
  48      C2
  49 0105 69C05A22 		.ascii	"i\300Z\"\205\024|\016m\004\237X\035>`0.\324\334\321"
  49      85147C0E 
  49      6D049F58 
  49      1D3E6030 
  49      2ED4DCD1 
  50 0119 A5AB912A 		.ascii	"\245\253\221*\365\356}\035\204\373\320\300\027\226\372"
  50      F5EE7D1D 
  50      84FBD0C0 
  50      1796FA
  51 0128 7C333CC7 		.ascii	"|3<\307D\243\340\014\2641z6\023\214;\330(\314\245\301"
  51      44A3E00C 
  51      B4317A36 
  51      138C3BD8 
  51      28CCA5C1 
  52 013c DEA2D3FA 		.ascii	"\336\242\323\372\2510\357\177\342\034\017\362\251\026"
  52      A930EF7F 
  52      E21C0FF2 
  52      A916
  53 014a 720B5F6E 		.ascii	"r\013_n\314\313?B\3379\267\372a\3045\220\203V\256\207"
  53      CCCB3F42 
  53      DF39B7FA 
  53      61C43590 
  53      8356AE87 
  54 015e CA380B2E 		.ascii	"\3128\013.5\306\341\010=\357\277Q\270\034\305\255\242"
  54      35C6E108 
  54      3DEFBF51 
  54      B81CC5AD 
  54      A2
  55 016f 3C5C9E98 		.ascii	"<\\\236\230\201\252\362\352\242\323\033\344\367\265"
  55      81AAF2EA 
  55      A2D31BE4 
  55      F7B5
  56 017d B0AD73B5 		.ascii	"\260\255s\265\266\370\007C\302\3559\262\372]\030\037"
  56      B6F80743 
  56      C2ED39B2 
  56      FA5D181F 
  57 018d 13EEA195 		.ascii	"\023\356\241\225\271\223\261*\267tg\335\325W\233]\301"
  57      B993B12A 
  57      B77467DD 
  57      D5579B5D 
ARM GAS  C:\Users\CYIRKO~1\AppData\Local\Temp\ccN2KYY0.s 			page 4


  57      C1
  58 019e 79619FB8 		.ascii	"ya\237\270\365\356\214\301'\204\2758t,\355U\331\345"
  58      F5EE8CC1 
  58      2784BD38 
  58      742CED55 
  58      D9E5
  59 01b0 23187C16 		.ascii	"#\030|\026h&\177\375?\344\013B\036)/\217E\360I!\337"
  59      68267FFD 
  59      3FE40B42 
  59      1E292F8F 
  59      45F04921 
  60 01c5 BE3E97D5 		.ascii	"\276>\227\325k\015\031\362\036\332\036\336d{\004Zse"
  60      6B0D19F2 
  60      1EDA1EDE 
  60      647B045A 
  60      7365
  61 01d7 C807AB95 		.ascii	"\310\007\253\225\256 \377G\374t\214\352\346>h\251\010"
  61      AE20FF47 
  61      FC748CEA 
  61      E63E68A9 
  61      08
  62 01e8 45DC08CC 		.ascii	"E\334\010\314\001n\275\013<9\217F\341\370|\251\023\357"
  62      016EBD0B 
  62      3C398F46 
  62      E1F87CA9 
  62      13EF
  63 01fa 213ED6F3 		.ascii	"!>\326\363%,\367\021\271Fy`1!7\210P\\\316\011\012\353"
  63      252CF711 
  63      B9467960 
  63      31213788 
  63      505CCE09 
  64 0210 46BE2425 		.ascii	"F\276$%U\223\244R\252\233f1\245\324AZ\263)\205\277A"
  64      5593A452 
  64      AA9B6631 
  64      A5D4415A 
  64      B32985BF 
  65 0225 C7C90793 		.ascii	"\307\311\007\223Zfc\347\222\273;\372O\2047T\223\305"
  65      5A6663E7 
  65      92BB3BFA 
  65      4F843754 
  65      93C5
  66 0237 512A9E21 		.ascii	"Q*\236!\225\277u\315HY\207\031T\3307\304\033\332\310"
  66      95BF75CD 
  66      48598719 
  66      54D837C4 
  66      1BDAC8
  67 024a 33C4BB28 		.ascii	"3\304\273(M;H\033\230\362$\307\300b\255\000\271f\243"
  67      4D3B481B 
  67      98F224C7 
  67      C062AD00 
  67      B966A3
  68 025d 4227914B 		.ascii	"B'\221K$B\241,\272\222l\020$b\373}\376\333b\332\267"
  68      2442A12C 
  68      BA926C10 
  68      2462FB7D 
  68      FEDB62DA 
  69 0272 7600C648 		.ascii	"v\000\306Hv\036:\226\272\306\372\033\031\223E/Ku\314"
ARM GAS  C:\Users\CYIRKO~1\AppData\Local\Temp\ccN2KYY0.s 			page 5


  69      761E3A96 
  69      BAC6FA1B 
  69      1993452F 
  69      4B75CC
  70 0285 4367260D 		.ascii	"Cg&\0156\340S\214h\231\213\177]w\230\346\200\017\227"
  70      36E0538C 
  70      68998B7F 
  70      5D7798E6 
  70      800F97
  71 0298 85D6B994 		.ascii	"\205\326\271\224\236G\013\252\243T\004\345l-\353\331"
  71      9E470BAA 
  71      A35404E5 
  71      6C2DEBD9 
  72 02a8 EBACF6CD 		.ascii	"\353\254\366\3155\355P\026\235\015\332\365\024[\023"
  72      35ED5016 
  72      9D0DDAF5 
  72      145B13
  73 02b7 BBF7502C 		.ascii	"\273\367P,,z\365\217\210\205m\306[\216\005E\004\367"
  73      2C7AF58F 
  73      88856DC6 
  73      5B8E0545 
  73      04F7
  74 02c9 2828C2A0 		.ascii	"((\302\240\217\322\013\023\211\232\346\214pc.Ic\256"
  74      8FD20B13 
  74      899AE68C 
  74      70632E49 
  74      63AE
  75 02db 30354A36 		.ascii	"05J6\252U\036K\217z6\030\24387}\377\354\240o\233^\001"
  75      AA551E4B 
  75      8F7A3618 
  75      A338377D 
  75      FFECA06F 
  76 02f2 C8DB69B5 		.ascii	"\310\333i\2650\204e\010&S0\212>c(\225\2747\020\262\002"
  76      30846508 
  76      2653308A 
  76      3E632895 
  76      BC3710B2 
  77 0307 0D59E4CF 		.ascii	"\015Y\344\317\323\312\275\311\225\260mo\010\306k\371"
  77      D3CABDC9 
  77      95B06D6F 
  77      08C66BF9 
  78 0317 1798DF60 		.ascii	"\027\230\337`\263.Ll\261\254x\2262mN\023\2274\216\242"
  78      B32E4C6C 
  78      B1AC7896 
  78      326D4E13 
  78      97348EA2 
  79 032b CF234D5B 		.ascii	"\317#M[+\0335J\316\"\204j\026R?\027\276\007\253c\252"
  79      2B1B354A 
  79      CE22846A 
  79      16523F17 
  79      BE07AB63 
  80 0340 1BA29601 		.ascii	"\033\242\226\001y\2528\335\275\225\262\231L)\271\014"
  80      79AA38DD 
  80      BD95B299 
  80      4C29B90C 
  81 0350 867CE3F4 		.ascii	"\206|\343\364\215\307I\327\224\267\220\260\313[$F\316"
  81      8DC749D7 
ARM GAS  C:\Users\CYIRKO~1\AppData\Local\Temp\ccN2KYY0.s 			page 6


  81      94B790B0 
  81      CB5B2446 
  81      CE
  82 0361 14A3B69F 		.ascii	"\024\243\266\237\011j\036\331\377\361A\317\025\260\366"
  82      096A1ED9 
  82      FFF141CF 
  82      15B0F6
  83 0370 272B954A 		.ascii	"'+\225J\014\256\332\351d\322\363\236\0056Rn\202\333"
  83      0CAEDAE9 
  83      64D2F39E 
  83      0536526E 
  83      82DB
  84 0382 3AA6AA23 		.ascii	":\246\252#Kf\021\350\321\3724r\3541iA+\205\004\357e"
  84      4B6611E8 
  84      D1FA3472 
  84      EC316941 
  84      2B8504EF 
  85 0397 169BA8EB 		.ascii	"\026\233\250\353\265\033hh\003\013k\265W\027\237PR\273"
  85      B51B6868 
  85      030B6BB5 
  85      57179F50 
  85      52BB
  86 03a9 A77EF16C 		.ascii	"\247~\361l\351\022\324\266t\221\005.\275Tx\306\212j"
  86      E912D4B6 
  86      7491052E 
  86      BD5478C6 
  86      8A6A
  87 03bb 5E2A291C 		.ascii	"^*)\034\370\355\322\323]\224&\351N\227\242\313\240\271"
  87      F8EDD2D3 
  87      5D9426E9 
  87      4E97A2CB 
  87      A0B9
  88 03cd 2BFADF22 		.ascii	"+\372\337\"\265\242\311-'H\326\347wt\201\336\211?\247"
  88      B5A2C92D 
  88      2748D6E7 
  88      777481DE 
  88      893FA7
  89 03e0 80DF3856 		.ascii	"\200\3378VS\374\016\003=\320J\205^|m\327[\355\273\337"
  89      53FC0E03 
  89      3DD04A85 
  89      5E7C6DD7 
  89      5BEDBBDF 
  90 03f4 7CF66585 		.ascii	"|\366e\205\273\366\354\204\235\270\273\375\015x\305"
  90      BBF6EC84 
  90      9DB8BBFD 
  90      0D78C5
  91 0403 6CDFB363 		.ascii	"l\337\263c\007\266\277\375:\274\372\037Dt\356\364"
  91      07B6BFFD 
  91      3ABCFA1F 
  91      4474EEF4 
  92              		.text
  93              		.section	.gnu.lto_.symbol_nodes.b68100e,"",%progbits
  94 0000 789C6365 		.ascii	"x\234ce`b\020a\000\002\2469L\365\014\014\023\31610\000"
  94      60621061 
  94      0002A639 
  94      4CF50C0C 
  94      13CE3130 
ARM GAS  C:\Users\CYIRKO~1\AppData\Local\Temp\ccN2KYY0.s 			page 7


  95 0015 A95D0D8E 		.ascii	"\251]\015\216@!\0003;\004\223"
  95      40210033 
  95      3B0493
  96              		.text
  97              		.section	.gnu.lto_.refs.b68100e,"",%progbits
  98 0000 789C6365 		.ascii	"x\234ce`b`d\000\002\000\000I\000\011"
  98      60626064 
  98      00020000 
  98      490009
  99              		.text
 100              		.section	.gnu.lto_.decls.b68100e,"",%progbits
 101 0000 789CAD52 		.ascii	"x\234\255RMHTQ\024\276\337}\243\331-SD\302\305\004\203"
 101      4D485451 
 101      14BEDF7D 
 101      A3D92D53 
 101      44C2C504 
 102 0015 1BDD3838 		.ascii	"\033\33588\012\005\255\014\241r\221\006\341\252\007"
 102      0A05AD0C 
 102      A1729106 
 102      E1AA07
 103 0024 C38CEF99 		.ascii	"\303\214\357\231\003\372\246\2347\201\273G\366\343\246"
 103      03FAA69C 
 103      3781BB47 
 103      F6E3A6
 104 0033 1F378951 		.ascii	"\0377\211Q i\345\277S\231\251`\015\375\021adm\012J-"
 104      2069E5BF 
 104      5399A960 
 104      0DFD1161 
 104      646D0A4A 
 105 0048 82564225 		.ascii	"\202VB%\241\210\013;\367\276\231FHh\323a\316\231{\276"
 105      A1880B3B 
 105      F7BE9946 
 105      4868D361 
 105      CE997BBE 
 106 005c 7BCEF9BE 		.ascii	"{\316\371\276{xY\214\263e\316\330*c\314 \337 \243\224"
 106      7B78598C 
 106      B365CED8 
 106      2A63CC20 
 106      DF20A394 
 107 0070 8DB08C81 		.ascii	"\215\260\214\201|\232\375mq\272\310\246\377\002\362"
 107      7C9AFD6D 
 107      71BAC8A6 
 107      FF02F2
 108 007f 42F23AF2 		.ascii	"B\362:\362qr/\371\321\177\364vi\230\270\370l\206/\340"
 108      71722FF9 
 108      D17FF476 
 108      6998B8F8 
 108      6C862FE0 
 109 0093 13880FF9 		.ascii	"\023\210\017\371n5\334\010\345*\335H\033\240pB\271\212"
 109      6E35DC08 
 109      E52ADD48 
 109      1BA07042 
 109      B98A
 110 00a5 6EA18290 		.ascii	"n\241\202\220\356H\345<\225\362\324H\365K5c\323D\367"
 110      EE48E53C 
 110      95F2D448 
 110      F54B3563 
ARM GAS  C:\Users\CYIRKO~1\AppData\Local\Temp\ccN2KYY0.s 			page 8


 110      D344F7
 111 00b8 DA654A9B 		.ascii	"\332eJ\233\253\331=\250\266t7x\206\000\330\334\260i"
 111      ABD93DA8 
 111      B6743778 
 111      8600D8DC 
 111      B069
 112 00ca A02B3B75 		.ascii	"\240+;u\377G\037\313<\016\351\327\377\354\236\375&\026"
 112      FF471FCB 
 112      3C0EE9D7 
 112      FFEC9EFD 
 112      2616
 113 00dc 312FD19E 		.ascii	"1/\321\236*(l\256g\345\361N\215C\236\027\327\372\017"
 113      2A286CAE 
 113      67E5F14E 
 113      8D439E17 
 113      D7FA0F
 114 00ef FA871DD7 		.ascii	"\372\207\035\327r\366d\3266:\274\236\020\036\2713\257"
 114      72F664D6 
 114      363ABC9E 
 114      101EB933 
 114      AF
 115 0100 40D823A1 		.ascii	"@\330#\241\371\227\003C\332%\015%\002RF\036AcKSk\271"
 115      F9970343 
 115      DA250D25 
 115      0252461E 
 115      41634B53 
 116 0116 2E242BDE 		.ascii	".$+\336]^\356\333\246\355V\347\267g\023\327eu\201\200"
 116      5D5EEEDB 
 116      A6ED56E7 
 116      B76713D7 
 116      65758180 
 117 012a 470A797D 		.ascii	"G\012y}\355\353.J\013\005|]\032\357~\365\376\211\007"
 117      EDEB2E4A 
 117      0B057C5D 
 117      1AEF7EF5 
 117      FE8907
 118 013d A5E2B6E4 		.ascii	"\245\342\266\344M\276\371U\322y\301q8\356A`\024\032"
 118      4DBEF955 
 118      D279C171 
 118      38EE4160 
 118      141A
 119 014f 06E197AF 		.ascii	"\006\341\227\257(\021\024;\034\347\214s\245\335\331"
 119      2811143B 
 119      1CE78C73 
 119      A5DDD9
 120 015e 7E982101 		.ascii	"~\230!\001/\306\340e\270\213RI*\3530B\3400\201\3042"
 120      2FC6E065 
 120      B88B5249 
 120      2AEB3042 
 120      E03081C4 
 121 0173 D0D77933 		.ascii	"\320\327y3[\353\200T\300_<\372\370\301\003Q\272\345"
 121      5BEB8054 
 121      C05F3CFA 
 121      F8C10351 
 121      BAE5
 122 0185 80075B0C 		.ascii	"\200\007[\014H\211\031,~qN\212\031'1\3673bH\233\273"
 122      4889192C 
ARM GAS  C:\Users\CYIRKO~1\AppData\Local\Temp\ccN2KYY0.s 			page 9


 122      7E714E8A 
 122      192731F7 
 122      3362489B 
 123 019a 9AA7EB13 		.ascii	"\232\247\353\023\275Yj5\262b\010j9\3177V\223y\356s\271"
 123      BD596A35 
 123      B262086A 
 123      39CF3756 
 123      9379EE73 
 124 01af DCC48FD9 		.ascii	"\334\304\217\331\033;\334\347\346S\272\274\2604\303"
 124      1B3BDCE7 
 124      E653BABC 
 124      B034C3
 125 01be 8BAEAA2D 		.ascii	"\213\256\252-\267;\371\034u\002\223\304\372\220X\031"
 125      B73BF91C 
 125      750293C4 
 125      FA905819 
 126 01ce A6504471 		.ascii	"\246PDq\202\006\251\371\311[+\223\271\305=N\342\263"
 126      8206A9F9 
 126      C95B2B93 
 126      B9C53D4E 
 126      E2B3
 127 01e0 93FC3E53 		.ascii	"\223\374>S\376\245\367\2743G}U\252\020\003\031Et\244"
 127      FEA5F7BC 
 127      33477D55 
 127      AA100319 
 127      4574A4
 128 01f3 D88F45E0 		.ascii	"\330\217E\340\016\026\350\023\230F1\023\007\216U\327"
 128      0E16E813 
 128      98463113 
 128      078E55D7 
 129 0203 D4D8D1DA 		.ascii	"\324\330\321\332\372#9\207j\353}\325\201\000\023\301"
 129      FA233987 
 129      6AEB7DD5 
 129      810013C1 
 130 0213 603C62D9 		.ascii	"`<b\331\225\025A\273\321\334\25774E\302\221\230\035"
 130      951541BB 
 130      D1DCAF37 
 130      3445C291 
 130      981D
 131 0225 372251DD 		.ascii	"7\"Q\335\216F\233c\372\011+\356S'_\250\265\305g\266"
 131      8E469B63 
 131      FA092BEE 
 131      53275FA8 
 131      B5C567B6 
 132 0239 844DC330 		.ascii	"\204M\3030\015}\257\277\322WQ\036\330w*\240\023^fE-"
 132      0D7DAFBF 
 132      D257511E 
 132      D8772AA0 
 132      135E6645 
 133 024e B3CC0C85 		.ascii	"\263\314\014\205#z\304jh\216\033\246\336\022\242Y\226"
 133      237AC46A 
 133      688E1BA6 
 133      DE12A259 
 133      96
 134 025f A9070DB3 		.ascii	"\251\007\015\2631\024o\266\203v\333I3\346ob9i\276\343"
 134      31146FB6 
 134      8376DB49 
ARM GAS  C:\Users\CYIRKO~1\AppData\Local\Temp\ccN2KYY0.s 			page 10


 134      33E66F62 
 134      3969BEE3 
 135 0273 FF952FD6 		.ascii	"\377\225/\326\026\323\2031\333\240\341D\"\252\243\326"
 135      16D38331 
 135      DBA0E144 
 135      22AAA3D6 
 136 0283 69B3D5F6 		.ascii	"i\263\325\3667\260\337\342F\025/"
 136      37B0DFE2 
 136      46152F
 137              		.text
 138              		.section	.gnu.lto_.symtab.b68100e,"",%progbits
 139 0000 41534349 		.ascii	"ASCIItoNUM\000"
 139      49746F4E 
 139      554D00
 140 000b 00       		.ascii	"\000"
 141 000c 00       		.ascii	"\000"
 142 000d 00       		.ascii	"\000"
 143 000e 00000000 		.ascii	"\000\000\000\000\000\000\000\000"
 143      00000000 
 144 0016 BA000000 		.ascii	"\272\000\000\000"
 145              		.text
 146              		.section	.gnu.lto_.opts,"",%progbits
 147 0000 272D666D 		.ascii	"'-fmath-errno' '-fsigned-zeros' '-ftrapping-math' '"
 147      6174682D 
 147      6572726E 
 147      6F272027 
 147      2D667369 
 148 0033 2D666E6F 		.ascii	"-fno-trapv' '-fno-openmp' '-fno-openacc' '-mcpu=cor"
 148      2D747261 
 148      70762720 
 148      272D666E 
 148      6F2D6F70 
 149 0066 7465782D 		.ascii	"tex-m7' '-mno-thumb-interwork' '-mthumb' '-ggdb' '-"
 149      6D372720 
 149      272D6D6E 
 149      6F2D7468 
 149      756D622D 
 150 0099 4F322720 		.ascii	"O2' '-fomit-frame-pointer' '-falign-functions=16' '"
 150      272D666F 
 150      6D69742D 
 150      6672616D 
 150      652D706F 
 151 00cc 2D666675 		.ascii	"-ffunction-sections' '-fdata-sections' '-fno-common"
 151      6E637469 
 151      6F6E2D73 
 151      65637469 
 151      6F6E7327 
 152 00ff 2720272D 		.ascii	"' '-flto'\000"
 152      666C746F 
 152      2700
 153              		.text
 154              		.comm	__gnu_lto_v1,1,1
 155              		.comm	__gnu_lto_slim,1,1
 156              		.ident	"GCC: (GNU Tools for ARM Embedded Processors 6-2017-q1-update) 6.3.1 20170215 (release) [AR
ARM GAS  C:\Users\CYIRKO~1\AppData\Local\Temp\ccN2KYY0.s 			page 11


DEFINED SYMBOLS
                            *ABS*:00000000 Convert.c
                            *COM*:00000001 __gnu_lto_v1
                            *COM*:00000001 __gnu_lto_slim

NO UNDEFINED SYMBOLS
