ARM GAS  C:\Users\CYIRKO~1\AppData\Local\Temp\cc97tmLP.s 			page 1


   1              		.cpu cortex-m7
   2              		.eabi_attribute 20, 1
   3              		.eabi_attribute 21, 1
   4              		.eabi_attribute 23, 3
   5              		.eabi_attribute 24, 1
   6              		.eabi_attribute 25, 1
   7              		.eabi_attribute 26, 1
   8              		.eabi_attribute 30, 2
   9              		.eabi_attribute 34, 1
  10              		.eabi_attribute 18, 4
  11              		.file	"Filter_Mediana.c"
  12              		.text
  13              	.Ltext0:
  14              		.section	.gnu.lto_.profile.ebc55ca3,"",%progbits
  15 0000 789C6365 		.ascii	"x\234ce`b`a```d\320W\001\000\001\002\000`"
  15      60626061 
  15      60606064 
  15      D0570100 
  15      01020060 
  16              		.text
  17              		.section	.gnu.lto_.icf.ebc55ca3,"",%progbits
  18 0000 789C6365 		.ascii	"x\234ce`b\340e@\000&\206\231\015\213\024\030'\177\232"
  18      6062E065 
  18      40002686 
  18      990D8B14 
  18      18277F9A 
  19 0014 3E979101 		.ascii	">\227\221\001\000 \360\004\255"
  19      0020F004 
  19      AD
  20              		.text
  21              		.section	.gnu.lto_.jmpfuncs.ebc55ca3,"",%progbits
  22 0000 789C6365 		.ascii	"x\234ce`b0d@\000&\006FF\306zF&FF\346\372z&\260\000\003"
  22      60623064 
  22      40002606 
  22      4646C67A 
  22      46264646 
  23 001b 030B1033 		.ascii	"\003\013\0203Ngf\374xv\326c\276>\346\371\314\014\214"
  23      4E6766FC 
  23      7876D663 
  23      BE3EE6F9 
  23      CC0C8C
  24 002e 0A8CCB19 		.ascii	"\012\214\313\031e@\032\000\255\275\007\311"
  24      65401A00 
  24      ADBD07C9 
  25              		.text
  26              		.section	.gnu.lto_.inline.ebc55ca3,"",%progbits
  27 0000 789C6365 		.ascii	"x\234ce`b\010f@\000&\006\006\261s\314\214\014Lj\317"
  27      60620866 
  27      40002606 
  27      06B173CC 
  27      8C0C4C6A 
  28 0015 265830B0 		.ascii	"&X0\260-\220g\002\21122\010\335a`dd\024`d``\026iZ\300"
  28      2D906702 
  28      89323208 
  28      DD616064 
  28      64146064 
  29 002f 09916159 		.ascii	"\011\221aY \317\302\300\302\000B E\023\374\230\270\301"
ARM GAS  C:\Users\CYIRKO~1\AppData\Local\Temp\cc97tmLP.s 			page 2


  29      20CFC2C0 
  29      C2004220 
  29      4513FC98 
  29      B8C1
  30 0041 14235019 		.ascii	"\024#P\031\323\004?\250\221\000\001`\012j"
  30      D3043FA8 
  30      91000160 
  30      0A6A
  31              		.text
  32              		.section	.gnu.lto_.pureconst.ebc55ca3,"",%progbits
  33 0000 789C6365 		.ascii	"x\234ce`b`c`\000\222R\2143\031\001\002R\000\305"
  33      60626063 
  33      60009252 
  33      8C331901 
  33      025200C5 
  34              		.text
  35              		.section	.gnu.lto_Sort_Func.ebc55ca3,"",%progbits
  36 0000 789C7D54 		.ascii	"x\234}T\335o\024U\024\277\277{\346{\267\333\026\355"
  36      DD6F1455 
  36      14BFBF7B 
  36      E67BB7DB 
  36      16ED
  37 0012 F641AC4D 		.ascii	"\366A\254M\264iH\214\361\331?\3007\337}STHj\210\017"
  37      B469488C 
  37      F1D93FC0 
  37      37DF7D53 
  37      54486A88 
  38 0027 4613131E 		.ascii	"F\023\023\036\230n\327]lE\014j\201\206\311\242\246)"
  38      986ED75D 
  38      6C450C6A 
  38      8186C9A2 
  38      A629
  39 0039 20D0564A 		.ascii	" \320VJ\371\222:eK\033\240@\330\020\022\214O\"\032c"
  39      F9923A65 
  39      4B1BA040 
  39      D810128C 
  39      4F221A63 
  40 004d 4C4A9386 		.ascii	"LJ\223\206/\323\365\234{\267f\253\306I\366\356\3343"
  40      2FD3F59C 
  40      7BB766AB 
  40      C649F6EE 
  40      DC33
  41 005f E7F771CE 		.ascii	"\347\367q\316=3\256\322\352uW\251.\245\324\036\376!"
  41      3D33AED2 
  41      EA7557A9 
  41      2EA5D41E 
  41      FE21
  42 0071 A3A03FBD 		.ascii	"\243\240?\275\246T\177\240\021\330\033\322\316\316^"
  42      A6547FA0 
  42      11D81BD2 
  42      CECE5E
  43 0080 1547AEAC 		.ascii	"\025G\256\254Y\007\256\015\273\360\344f6\3604}\274\240"
  43      5907AE0D 
  43      BBF0E466 
  43      36F0347D 
  43      BCA0
  44 0092 38C12FFA 		.ascii	"8\301/\372\234\340[\334l\020\350p\361%\016GsOp8\264"
ARM GAS  C:\Users\CYIRKO~1\AppData\Local\Temp\cc97tmLP.s 			page 3


  44      9CE05BDC 
  44      6C10E870 
  44      F1250E47 
  44      734F7038 
  45 00a7 E98800F9 		.ascii	"\351\210\000\371\217\003\250\035\232\034\327\363\203"
  45      8F03A81D 
  45      9A1CD7F3 
  45      83
  46 00b4 30C20E0A 		.ascii	"0\302\016\012\024R\007d\0266\242<e\257\335\264\227p"
  46      14520764 
  46      1636A23C 
  46      65AFDDB4 
  46      9770
  47 00c6 A1FCCB19 		.ascii	"\241\374\313\031\275i,\346+\335{\031\361\241\024\025"
  47      BD692CE6 
  47      2BDD7B19 
  47      F1A11415 
  48 00d6 CEDA4F36 		.ascii	"\316\332O6\007c\330\304Y7\212\023\007\350\023\252\020"
  48      0763D8C4 
  48      59378A13 
  48      07E813AA 
  48      10
  49 00e7 E0F0F6DE 		.ascii	"\340\360\366\336\325\221;9\331jt\363v\344l\271\020\321"
  49      D5913B39 
  49      D96A74F3 
  49      76E46CB9 
  49      10D1
  50 00f9 93507CFF 		.ascii	"\223P|\377\325\245\372\255\\\357h\034\027\342\364\307"
  50      D5A5FAAD 
  50      5CEF681C 
  50      17E2F4C7 
  51 0109 CF287EAE 		.ascii	"\317(~\256B\204# &\304al\304!lT\034R\370\006\275\222"
  51      42842320 
  51      26C4616C 
  51      C4216C54 
  51      1C52F806 
  52 011f 7FB17E3F 		.ascii	"\177\261~?m\265\314\232\267\265\245\305$c\231\333x\273"
  52      6DB5CC9A 
  52      B7B5A5C5 
  52      246399DB 
  52      78BB
  53 0131 7BCFEAA5 		.ascii	"{\317\352\245,\345\015\363\315\205\311\343A\317\327"
  53      2CE50DF3 
  53      CD85C9E3 
  53      41CFD7
  54 0140 8679A66B 		.ascii	"\206y\246k_\234\026\272+\344\340\270\345>\306\334G\231"
  54      5F9C16BA 
  54      2BE4E0B8 
  54      E53EC6DC 
  54      4799
  55 0152 5B2E4EFE 		.ascii	"[.N\376ir\365\213\026\317\3018zl-\230\200\007\245Dc"
  55      6972F58B 
  55      16CFC138 
  55      7A6C2D98 
  55      8007A544 
  56 0167 F44A7526 		.ascii	"\364Ju&GOY\322x\252\216\006\351\374=w\177\234\026\231"
  56      474F59D2 
ARM GAS  C:\Users\CYIRKO~1\AppData\Local\Temp\cc97tmLP.s 			page 4


  56      78AA8E06 
  56      E9FC3D77 
  56      7F9C1699 
  57 017b D5C5E47A 		.ascii	"\325\305\344z\307\246\025\337\242\207\021\247k+\347"
  57      C7A615DF 
  57      A28711A7 
  57      6B2BE7
  58 018a 5BE86983 		.ascii	"[\350i\203>\365`\240\253\001\256\365S\374y\254\305\321"
  58      3EF560A0 
  58      AB01AEF5 
  58      53FC79AC 
  58      C5D1
  59 019c 897F3BC2 		.ascii	"\211\177;\302\024z\306kH\343\325z9N\247\277\304\253"
  59      147AC66B 
  59      48E3D57A 
  59      394EA7BF 
  59      C4AB
  60 01ae 9D3084DA 		.ascii	"\2350\204\332<\362\270%^\300\213\033\312\022\231`Fn"
  60      3CF2B825 
  60      5EC08B1B 
  60      CA129960 
  60      466E
  61 01c0 B39046B5 		.ascii	"\263\220F\265H\313r\222\324\312\013\332di\227\330\006"
  61      48CB7292 
  61      D4CA0BDA 
  61      646997D8 
  61      06
  62 01d1 897598F4 		.ascii	"\211u\230\364\274\341Sj\220\253=\252\325\020i\376\243"
  62      BCE1536A 
  62      90AB3DAA 
  62      D51069FE 
  62      A3
  63 01e2 BB281CAC 		.ascii	"\273(\034\254\264\232\342\307\215\375\341\017/\\\367"
  63      B49AE2C7 
  63      8DFDE10F 
  63      2F5CF7
  64 01f1 A5C10E1B 		.ascii	"\245\301\016\0338\311\366$\343\316\003\335\3243\241"
  64      38C9F624 
  64      E3CE03DD 
  64      D433A1
  65 0200 1104DB9E 		.ascii	"\021\004\333\236f\234-{jn\241\024\010\316\005p\312\224"
  65      669C2D7B 
  65      6A6EA114 
  65      08CE0570 
  65      CA94
  66 0212 35C4C7C8 		.ascii	"5\304\307\310\343I\277a`\244t\265\0325QL\011\305\264"
  66      E349BF61 
  66      60A474B5 
  66      1A35514C 
  66      09C5B4
  67 0225 A1380D2F 		.ascii	"\2418\015/\241LBA\363\030\271pp\206I\030z\240\004\233"
  67      A14C4241 
  67      F318B970 
  67      70864918 
  67      7AA0049B 
  68 0239 D3925096 		.ascii	"\323\222P\22639Vx4\330\210\345\232\035\223\351\371\375"
  68      33395678 
ARM GAS  C:\Users\CYIRKO~1\AppData\Local\Temp\cc97tmLP.s 			page 5


  68      34D888E5 
  68      9A1D93E9 
  68      F9FD
  69 024b 85CB3BB3 		.ascii	"\205\313;\263\025$\375<\261|T>\003qV\374\340\034*\020"
  69      1524FD3C 
  69      B17C543E 
  69      037156FC 
  69      E01C2A10 
  70 025f C6E1D243 		.ascii	"\306\341\322C\327\302[Y\026/\032\231\2215\2316\016\233"
  70      D7C25B59 
  70      162F1A99 
  70      91359936 
  70      0E9B
  71 0271 336DD66E 		.ascii	"3m\326n7\332m\353\2647\374\247X{C\354;\021\373\031\305"
  71      37DA6DEB 
  71      B437FCA7 
  71      587B43EC 
  71      3B11FB19 
  72 0286 6BD539DD 		.ascii	"k\3259\335\360\312\020s\330C\344\250\371gM\353\037/"
  72      F0CA1073 
  72      D843E4A8 
  72      F9674DEB 
  72      1F2F
  73 0298 99878DDE 		.ascii	"\231\207\215\336\377\372\373\271m\333\037\306\226\313"
  73      FFFAFBB9 
  73      6DDB1FC6 
  73      96CB
  74 02a6 61843C53 		.ascii	"a\204<S8\217\355\"<|\370\031\331\377C\365\340\021\250"
  74      388FED22 
  74      3C7CF819 
  74      D9FF43F5 
  74      E011A8
  75 02b9 7555CEB0 		.ascii	"uU\316\260\260(\261\375?=\225P\243K\243\217\036/\231"
  75      B028B1FD 
  75      3F3D9550 
  75      A34BA38F 
  75      1E2F99
  76 02cc D67AA8D7 		.ascii	"\326z\250\327\011\337\233\002\013\265\301]\027s\377"
  76      09DF9B02 
  76      0BB5C15D 
  76      1773FF
  77 02db C7BA564E 		.ascii	"\307\272VNjX=\343\336];\325\341\322\261j\247-\256#!"
  77      6A583DE3 
  77      DE5D3BD5 
  77      E1D2B16A 
  77      A72DAE23 
  78 02f0 199193E5 		.ascii	"\031\221\223\345\305\311\310N\0170k\247\247\333T\310"
  78      C5C9C84E 
  78      0F306BA7 
  78      A7DB54C8 
  79 0300 27CE5906 		.ascii	"'\316Y\006\357)\376\014\341.\354l3P\234,\227o\373\226"
  79      EF29FE0C 
  79      E12EEC6C 
  79      33509C2C 
  79      976FFB96 
  80 0314 2AB09181 		.ascii	"*\260\221\201}\245\21726\022\312,$\324\350\347\"\376"
  80      7DA58F32 
ARM GAS  C:\Users\CYIRKO~1\AppData\Local\Temp\cc97tmLP.s 			page 6


  80      3612CA2C 
  80      24D4E8E7 
  80      22FE
  81 0326 CE0BA59D 		.ascii	"\316\013\245\235+\320\011E!\227\332\341\326:\231\337"
  81      2BD00945 
  81      2197DAE1 
  81      D63A99DF 
  82 0336 5745DFDA 		.ascii	"WE\337\332\333U\315\313\224%\224g\264\231J\343\2471"
  82      DB55CDCB 
  82      94259467 
  82      B4994AE3 
  82      A731
  83 0348 B51C367E 		.ascii	"\265\0346~\0025\021\222\261c\202F\346z\365y\213\204"
  83      02351192 
  83      B1638246 
  83      E67AF579 
  83      8B84
  84 035a 7C039727 		.ascii	"|\003\227'\306\262v,yc_\331\025;\346z\231G7\357\327"
  84      C6B2762C 
  84      79635FD9 
  84      153BE67A 
  84      994737EF 
  85 036f F2CC138A 		.ascii	"\362\314\023\212.?\210\244\362\340\207y\361\022\311"
  85      2E3F88A4 
  85      F2E08779 
  85      F112C9
  86 037e 4BF6079F 		.ascii	"K\366\007\237\364\211\320\2762J\336@pT+\325\376r\337"
  86      F489D0BE 
  86      324ADE40 
  86      70542BD5 
  86      FE72DF
  87 0391 B6F7B6BC 		.ascii	"\266\367\266\274\373\332+[\336\352\333\374\316\346\027"
  87      FBDA2B5B 
  87      DEEADBFC 
  87      CEE617
  88 03a0 DE54F8C0 		.ascii	"\336T\370\300y\343\375\255[\321\207\267\377\002\002"
  88      79E3FDAD 
  88      5BD187B7 
  88      FF0202
  89 03af BEA83D   		.ascii	"\276\250="
  90              		.text
  91              		.section	.gnu.lto_Filter_Mediana.ebc55ca3,"",%progbits
  92 0000 789C9555 		.ascii	"x\234\225U]l\024U\024\276g\356\314\316t\273\375\333"
  92      5D6C1455 
  92      14BE67EE 
  92      CCCE74BB 
  92      FDDB
  93 0012 421B93A2 		.ascii	"B\033\223\242\233hS \212\326\007\036\215/\030^\214\317"
  93      9B685320 
  93      8AD6071E 
  93      8D2F185E 
  93      8CCF
  94 0024 3E19223C 		.ascii	">\031\"<\224\030L\214I\025\036:\355.-l\015l-\177[\331"
  94      94184C8C 
  94      49151E3A 
  94      ED2E2D6C 
  94      0D6C2D7F 
ARM GAS  C:\Users\CYIRKO~1\AppData\Local\Temp\cc97tmLP.s 			page 7


  95 003a 4C014D7F 		.ascii	"L\001M\177\240nk\301R\372\343\266\005v\267\013mY\241"
  95      A06E6BC1 
  95      52FAE3B6 
  95      0576B70B 
  95      6D59A1
  96 004d 0A2D8A16 		.ascii	"\012-\212\026\254M\241\261\010\201\032\241\236s\357"
  96      AC4DA1B1 
  96      08811AA1 
  96      9E73EF
  97 005c 14B6B546 		.ascii	"\024\266\265F\235d&w\316=\347;\337\371\35693\032SX\217"
  97      9D642677 
  97      CE3DE73B 
  97      DFF9EE39 
  97      331A5358 
  98 0071 C1D86AC6 		.ascii	"\301\330j\306\330[x\203\203\201\022\030b\254\334P@\225"
  98      D85B7883 
  98      83811218 
  98      62ACDC50 
  98      4095
  99 0083 0B2E177D 		.ascii	"\013.\027}\206\252\360O\242\214\231N\315\2473\323\245"
  99      86AAF04F 
  99      A28C994E 
  99      CDA733D3 
  99      A5
 100 0094 0190DD34 		.ascii	"\001\220\3354\200\225)\\\325\240LQ\031DT\230\307\213"
 100      8095295C 
 100      D5A04C51 
 100      19445498 
 100      C78B
 101 00a6 33BAF6F2 		.ascii	"3\272\366\362\203\034.\371Z\017\363=\334\342\014T|\235"
 101      831C2EF9 
 101      5A0FF33D 
 101      DCE20C54 
 101      7C9D
 102 00b8 BD583791 		.ascii	"\275X7\221I\257\000\036|\375\314L\356\326\3274\230f"
 102      49AF001E 
 102      7CFDCC4C 
 102      EED6D734 
 102      9866
 103 00ca 85193938 		.ascii	"\205\03198\276\272\306\273s\243\305\025\026D\357F(\200"
 103      BEBAC6BB 
 103      73A3C515 
 103      1644EF46 
 103      2880
 104 00dc 0628205A 		.ascii	"\006( ZM\260\006}\353\316TU8\371\012`\270>\032\237\037"
 104      4DB0067D 
 104      EBCE5455 
 104      38F90A60 
 104      B83E1A9F 
 105 00f1 CD2CFA42 		.ascii	"\315,\372B\304\335\334\307\315\027,\316\241\031xj \232"
 105      C4DDDCC7 
 105      CD172CCE 
 105      A119786A 
 105      209A
 106 0103 181C8722 		.ascii	"\030\034\207\"t?7\377 \222%I(\370\232\374\355B(]\222"
 106      743F37FF 
 106      20922549 
ARM GAS  C:\Users\CYIRKO~1\AppData\Local\Temp\cc97tmLP.s 			page 8


 106      28F89AFC 
 106      ED42285D 
 107 0118 C8264E89 		.ascii	"\310&N\211\261X:\317\023\300\361C\265\207\\6\360\331"
 107      B1583ACF 
 107      13C0F143 
 107      B5875C36 
 107      F0D9
 108 012a 4A6EAEB0 		.ascii	"Jn\256\260\270\012_J\340\026\004>!\200\261\3220\024"
 108      B80A5F4A 
 108      E016043E 
 108      2180B1D2 
 108      3014
 109 013c 917FB73F 		.ascii	"\221\177\267?\361\247\301W\211\330\232pb\324YxL\304"
 109      F1A7C157 
 109      89D89A70 
 109      62D45978 
 109      4CC4
 110 014e 8E4EF0A0 		.ascii	"\216N\360\240\031\361y\260\032h]\314\213.\312z.z\314"
 110      19F179B0 
 110      1A685DCC 
 110      8B2ECA7A 
 110      2E7ACC
 111 0161 C59F1391 		.ascii	"\305\237\023\221\201\361\311:\207\0359X\313+>7\025\344"
 111      81F1C93A 
 111      871D3958 
 111      CB2B3E37 
 111      15E4
 112 0173 CA9689FA 		.ascii	"\312\226\211\372i\354J\263\341\334e\342\025\360\232"
 112      69EC4AB3 
 112      E1DC65E2 
 112      15F09A
 113 0182 691BAD54 		.ascii	"i\033\255T\0278\011N|\276\\\000\355PH\336\301\266\033"
 113      1738094E 
 113      7CBE5C00 
 113      ED5048DE 
 113      C1B61B
 114 0195 B39A8D1B 		.ascii	"\263\232\215\033\353Sb\246\372\017\260u]\367\0065)\220"
 114      EB5362A6 
 114      FA0FB075 
 114      5DF70635 
 114      2990
 115 01a7 81AF1D33 		.ascii	"\201\257\0353\307;2\244@\021\332\266\216\336=\221e\343"
 115      C73B32A4 
 115      4011DAB6 
 115      8EDE3D91 
 115      65E3
 116 01b9 8CF429BB 		.ascii	"\214\364)\273\274\257\343\226\300\351@\234\257\237\342"
 116      BCAFE396 
 116      C0E9409C 
 116      AF9FE2
 117 01c8 4CB75725 		.ascii	"L\267W%\271; \350\231\246G\245\362OC!\234B>\014:\301"
 117      B93B20E8 
 117      99A647A5 
 117      F24F4321 
 117      9C423E0C 
 118 01de BD40929C 		.ascii	"\275@\222\234\357\373;\033T\227\237PE-\264\237R\314"
 118      EFFB3B1B 
ARM GAS  C:\Users\CYIRKO~1\AppData\Local\Temp\cc97tmLP.s 			page 9


 118      54979F50 
 118      452DB49F 
 118      52CC
 119 01f0 1970D9A8 		.ascii	"\031p\331\250\345\201\271\276\005ac\345T\006m\302W\313"
 119      E581B9BE 
 119      056163E5 
 119      54066DC2 
 119      57CB
 120 0202 EA5ADD9D 		.ascii	"\352Z\335\235\230p\255?i\232\331\002\257\2132\243\271"
 120      9870AD3F 
 120      699AD902 
 120      AF8B32A3 
 120      B9
 121 0213 2171C3D4 		.ascii	"!q\303\324\370\363B\356\332\375\373\317\247!^\3044#"
 121      F8F342EE 
 121      DAFDFBCF 
 121      A7215EC4 
 121      3423
 122 0225 462CA00A 		.ascii	"F,\240\012\307\036\211\266\300\026\272a\275\215xu\244"
 122      C71E89B6 
 122      C016BA61 
 122      BD8D7875 
 122      A4
 123 0236 B53A9317 		.ascii	"\265:\223\027\212\320;MG~\324m*\375^n\356\243\223R\341"
 123      8AD03B4D 
 123      477ED46D 
 123      2AFD5E6E 
 123      EEA39352 
 124 024b 9BC51D62 		.ascii	"\233\305\035b\007\376\334\366x\177\206C\205\010b\366"
 124      07FEDCF6 
 124      787F8643 
 124      850862F6 
 125 025b E2DD86B8 		.ascii	"\342\335\206\270A\232\015\350\003\0070\306\211\035Y"
 125      419A0DE8 
 125      030730C6 
 125      891D59
 126 026a D1F774F2 		.ascii	"\321\367t\362~O\006/\022I\332\367L\306\301N2\363\273"
 126      7E4F062F 
 126      1249DAF7 
 126      4CC6C14E 
 126      32F3BB
 127 027d 66379206 		.ascii	"f7\222\006\375\177/\030\006\2400\234\204H\340\361|\225"
 127      FD7F2F18 
 127      06A0309C 
 127      8448E0F1 
 127      7C95
 128 028f 1979EC6E 		.ascii	"\031y\354n\316}\006\204Q\3036u8\200\372T\307%3\350\341"
 128      CE7D0684 
 128      51C33675 
 128      3880FA54 
 128      C72533E8 
 129 02a4 6494D185 		.ascii	"d\224\321\205K-\003h62iJ\262\360\241\347\210(7-s\311"
 129      4B2D0368 
 129      3632694A 
 129      B2F0A1E7 
 129      8828372D 
 130 02ba B8121F46 		.ascii	"\270\022\037F\036>\322\362\231 \316\374\310\034G\277"
ARM GAS  C:\Users\CYIRKO~1\AppData\Local\Temp\cc97tmLP.s 			page 10


 130      1E3ED2F2 
 130      9920CEFC 
 130      C81C47BF 
 131 02ca 1AE7D3A7 		.ascii	"\032\347\323\247\363i\360\326\367\000\025\022\342\032"
 131      F369F0D6 
 131      F7001512 
 131      E21A
 132 02d8 72EEECBC 		.ascii	"r\356\354\274=\246\227=2\015\213;\203\330\034\014\316"
 132      3DA6973D 
 132      320D8B3B 
 132      83D81C0C 
 132      CE
 133 02e9 421986A7 		.ascii	"B\031\206\247\263[PQ?1+\\I\211\020w\010\323-a\301\310"
 133      B35B5051 
 133      3F312B5C 
 133      49891077 
 133      08D32D61 
 134 02ff 23D3357B 		.ascii	"#\3235{am#\365LdfE\260\036\021\322\230\274\340\034\254"
 134      616D23F5 
 134      4C646645 
 134      B01E11D2 
 134      98BCE01C 
 135 0314 458F89C6 		.ascii	"E\217\211\306\216\207\316\035s\344Q?9\013\270\217 \024"
 135      8E87CE1D 
 135      73E4513F 
 135      390BB88F 
 135      2014
 136 0326 CDE03CEC 		.ascii	"\315\340<\354 4\317\177\300\212\012\254Gm\341\016m\303"
 136      2034CF7F 
 136      C08A0AAC 
 136      476DE10E 
 136      6DC3
 137 0338 400A1625 		.ascii	"@\012\026%\201\227\012$^\0146<\301\243)\302\210\246"
 137      81970A24 
 137      5E0C363C 
 137      C1A329C2 
 137      88A6
 138 034a E14F230E 		.ascii	"\341O#\016\231\335C\003\2028\3227\216\271\247\240\342"
 138      99DD4303 
 138      8238D237 
 138      8EB9A7A0 
 138      E2
 139 035b 6E952D83 		.ascii	"n\225-\203N\245M\201\267\256\3226\030h\023'5\015;c\252"
 139      4EA54D81 
 139      B7AED236 
 139      18681327 
 139      350D3B63 
 140 0370 B439176B 		.ascii	"\2649\027k\345\012\242\234\014\006Q+\364O\375@2\360"
 140      E50AA29C 
 140      0C06512B 
 140      F44FFD40 
 140      32F0
 141 0382 40020A2C 		.ascii	"@\002\012,\236\361\224P\027\311\347\024\362MIAe\363"
 141      9EF19450 
 141      17C9E714 
 141      F24D4941 
 141      65F3
ARM GAS  C:\Users\CYIRKO~1\AppData\Local\Temp\cc97tmLP.s 			page 11


 142 0394 1CD8D93F 		.ascii	"\034\330\331?\254S\220\202\207\177\001\023\"\255{\277"
 142      AC539082 
 142      877F0113 
 142      22AD7BBF 
 143 03a4 76BF62AB 		.ascii	"v\277b\253\222\230\037\271\354\330\303\305\320P\177"
 143      92981FB9 
 143      ECD8C3C5 
 143      D0507F
 144 03b3 5DEF6AED 		.ascii	"]\357j\355M\267 T\216CZ\237G\335\217\250p\221Z\012w"
 144      4DB72054 
 144      8E435A9F 
 144      47DD8FA8 
 144      70915A0A 
 145 03c8 C71E5AA7 		.ascii	"\307\036Z\247\234\305a\273^\005\206\300\002\374\246"
 145      9CC561BB 
 145      5E0586C0 
 145      02FCA6
 146 03d7 080D87A1 		.ascii	"\010\015\207\241X\340\023\203\007sJJ\217\017\320\314"
 146      58E01383 
 146      07734A4A 
 146      8F0FD0CC 
 147 03e7 902C0C46 		.ascii	"\220,\014F\220\327\200\340\025\276\3359'\276#\032\362"
 147      90D780E0 
 147      15BEDD39 
 147      27BE231A 
 147      F2
 148 03f8 BA245AB6 		.ascii	"\272$Z\266\032\277\312\370\037\341B\247G\223:y\207\270"
 148      1ABFCAF8 
 148      1FE142A7 
 148      47933A79 
 148      87B8
 149 040a 2BC421F5 		.ascii	"+\304!\365g\241\201\012IQ\207\3670\252)|2C<\003=\251"
 149      67A1810A 
 149      495187F7 
 149      30AA297C 
 149      32433C03 
 150 0420 B63FFCB6 		.ascii	"\266?\374\266-+\265x.\212{\020\035\334\345\022\305I"
 150      2D2BB578 
 150      2E8A7B10 
 150      1DDCE512 
 150      C549
 151 0432 FE1808DF 		.ascii	"\376\030\010\337\212\017\312e,\204\242\017\304WQ\364"
 151      8A0FCA65 
 151      2C84A20F 
 151      C45751F4 
 152 0442 5221B6B2 		.ascii	"R!\266\262\245J\214\267\374R\353HQ\342\012\002\204\250"
 152      A54A8CB7 
 152      FC52EB48 
 152      51E20A02 
 152      84A8
 153 0454 B7116C14 		.ascii	"\267\021l\024\2121=\021<Py=\352\226trd\031'\317F+\015"
 153      8A313D11 
 153      3C50793D 
 153      EA967472 
 153      641927CF 
 154 046b 5906C077 		.ascii	"Y\006\300wR.\317\202,\350%dP\031\376?\371-P\230\264"
 154      522ECF82 
ARM GAS  C:\Users\CYIRKO~1\AppData\Local\Temp\cc97tmLP.s 			page 12


 154      2CE82564 
 154      5019FE3F 
 154      F92D5098 
 155 0480 02BB09BE 		.ascii	"\002\273\011\276\241\201\027%\022\346\321)\317}D@\341"
 155      A1811725 
 155      12E6D129 
 155      CF7D4440 
 155      E1
 156 0491 94BBE918 		.ascii	"\224\273\351\030\307\223n\014\324h\374\260\214\336\251"
 156      C7936E0C 
 156      D468FCB0 
 156      8CDEA9
 157 04a0 F86BB2A7 		.ascii	"\370k\262\247\334KJ\361\374\333\221~\237r\244W\241X"
 157      DC4B4AF1 
 157      FCDB917E 
 157      9F72A457 
 157      A158
 158 04b2 76F1DB12 		.ascii	"v\361\333\022,\027\361\260a}\242\343\330\342n\315\014"
 158      2C17F1B0 
 158      617DA2E3 
 158      D8E26ECD 
 158      0C
 159 04c3 E2E931B8 		.ascii	"\342\3511\270&\2725\327\222\365\267V\266\354\326e\354"
 159      26BA35D7 
 159      92F5B756 
 159      B6ECD665 
 159      EC
 160 04d4 4A9C80D4 		.ascii	"J\234\200\324\337\255\001\012\214\311v|2%y\350F\206"
 160      DFAD010A 
 160      8CC9767C 
 160      322579E8 
 160      4686
 161 04e6 DEB81D94 		.ascii	"\336\270\035\224\377\377\017b\\\034D\236\340\177\035"
 161      FFFF0F62 
 161      5C1C449E 
 161      E07F1D
 162 04f5 F9533B3E 		.ascii	"\371S;>\2730\017\210\210\374\325e\350g\007Qu\006?\010"
 162      BB300F88 
 162      88FCD565 
 162      E8670751 
 162      75063F08 
 163 0509 FA9A8507 		.ascii	"\372\232\205\007q\007\003\333\257\331\314\362\011\317"
 163      710703DB 
 163      AFD9CCF2 
 163      09CF
 164 0517 8F07E1D3 		.ascii	"\217\007\341\323q&s\336(y\357\303-\037\274\363\346\226"
 164      712673DE 
 164      2879EFC3 
 164      2D1FBCF3 
 164      E696
 165 0529 CD259BB6 		.ascii	"\315%\233\266mZ\367.\203\217\034\245%\3336\277_\012"
 165      6D5AF72E 
 165      838F1CA5 
 165      25DB36BF 
 165      5F0A
 166 053b 1FF3EDEB 		.ascii	"\037\363\355\353^\205\355P\012[\377\002\240\302\272"
 166      5E85ED50 
ARM GAS  C:\Users\CYIRKO~1\AppData\Local\Temp\cc97tmLP.s 			page 13


 166      0A5BFF02 
 166      A0C2BA
 167 054a 67       		.ascii	"g"
 168              		.text
 169              		.section	.gnu.lto_.symbol_nodes.ebc55ca3,"",%progbits
 170 0000 789C55C8 		.ascii	"x\234U\310\273\015\2000\020\004\321\275=S\007\255@Y"
 170      BB0D8030 
 170      1004D1BD 
 170      3D5307AD 
 170      4059
 171 0012 44672144 		.ascii	"Dg!D\010\024\300/p\025\024A\015\024\340\032\020\206"
 171      0814C02F 
 171      70151441 
 171      0D14E01A 
 171      1086
 172 0024 084F32D2 		.ascii	"\010O2\322+@4Hq\246\001\323\011\244\035\276N\262\320"
 172      2B403448 
 172      71A601D3 
 172      09A41DBE 
 172      4EB2D0
 173 0037 2413D969 		.ascii	"$\023\331i\374\004\360\276J\260\3214\203\225\346\376"
 173      FC04F0BE 
 173      4AB0D134 
 173      8395E6FE 
 174 0047 A0E210AE 		.ascii	"\240\342\020\256[T\024]\037K\025\240\035\336\023a\214"
 174      5B54145D 
 174      1F4B15A0 
 174      1DDE1361 
 174      8C
 175 0058 251E0AB6 		.ascii	"%\036\012\266\035\301"
 175      1DC1
 176              		.text
 177              		.section	.gnu.lto_.refs.ebc55ca3,"",%progbits
 178 0000 789C6365 		.ascii	"x\234ce`b`d\000\002\000\000I\000\011"
 178      60626064 
 178      00020000 
 178      490009
 179              		.text
 180              		.section	.gnu.lto_.decls.ebc55ca3,"",%progbits
 181 0000 789CAD53 		.ascii	"x\234\255S[L\034U\030>\377\314R\226\351r\261A\323\007"
 181      5B4C1C55 
 181      183EFFCC 
 181      5296E972 
 181      B141D307 
 182 0014 62363C2C 		.ascii	"b6<,\274t\343\322\2445&&ML\320\027\255\211\241/n\262"
 182      BC74E3D2 
 182      A4352626 
 182      4D4CD017 
 182      AD89A12F 
 183 002a D965A776 		.ascii	"\331e\247v\023X\224\335}\350\333T\254X\024[L\304bJ\203"
 183      135894DD 
 183      7DE8DB54 
 183      AC58145B 
 183      4CC4624A 
 184 003f D8526E2D 		.ascii	"\330Rn-X\350e\227\002[n\313e)W\255I)\3244\305\304`\254"
 184      58E86597 
 184      025B6ECB 
ARM GAS  C:\Users\CYIRKO~1\AppData\Local\Temp\cc97tmLP.s 			page 14


 184      652957AD 
 184      4929D434 
 185 0057 5A63B944 		.ascii	"Zc\271D\374\347\2343;\263+}\363d\2773\347|s\376\377"
 185      FCE79C33 
 185      3BB32B7D 
 185      F364BF33 
 185      E77C73FE 
 186 006c FBF6FFCF 		.ascii	"\373\366\377\317\244\021\201\274\272\213\020+\020\262"
 186      A41181BC 
 186      BA8B102B 
 186      10B2
 187 007a 4508D9C6 		.ascii	"E\010\331\306!\342\3632\002)\262\207\260\221\206\210"
 187      21E2F332 
 187      0229B287 
 187      B0918688 
 188 008a 20628871 		.ascii	" b\210q\304\004b\222\374w\2040\310\214\317#<6\027q\015"
 188      C4046292 
 188      FC778430 
 188      C88CCF23 
 188      3C361771 
 189 009f 318C388C 		.ascii	"1\2148\214(@\364\360\263\300s\246\216\323\300b\265\370"
 189      2840F4F0 
 189      B3C073A6 
 189      8ED3C062 
 189      B5F8
 190 00b1 9E941C25 		.ascii	"\236\224\034%<\217\015\3616\"\216\230B\314\"f\020s\210"
 190      3C8F0DF1 
 190      36228E98 
 190      42CC2266 
 190      107388
 191 00c4 306211B1 		.ascii	"0b\021\261`\360\037\343\236'\270\356\370\016\332_\211"
 191      60F01FE3 
 191      9E27B8EE 
 191      F80EDA5F 
 191      89
 192 00d5 70BD76A4 		.ascii	"p\275v\244_X\206%\020\320b\016s\012l\006\012\272\335"
 192      5F588625 
 192      10D0620E 
 192      730A6C06 
 192      0ABADD
 193 00e8 D60600E5 		.ascii	"\326\006\000\345\221\025\350\314\016R\012\264\010\276"
 193      9115E8CC 
 193      0E520AB4 
 193      08BE
 194 00f6 17F856E0 		.ascii	"\027\370V\340)\351\217\007\203!#{\315\224\264\301\352"
 194      29E98F07 
 194      8321237B 
 194      CD94B4C1 
 194      EA
 195 0107 C516344C 		.ascii	"\305\0264L\213\006A\027\0000\006\030\0222\333\374}\302"
 195      8B064117 
 195      00300618 
 195      1232DBFC 
 195      7DC2
 196 0119 1FD1FF1C 		.ascii	"\037\321\377\034h\377\376\367\206\370\252\264\002\367"
 196      68FFFEF7 
 196      86F8AAB4 
ARM GAS  C:\Users\CYIRKO~1\AppData\Local\Temp\cc97tmLP.s 			page 15


 196      02F7
 197 0127 55B6E910 		.ascii	"U\266\351\020P\256e\353\344r\266(\200\272^Yo-\266w*"
 197      50AE65EB 
 197      E472B628 
 197      80BA5E59 
 197      6F2DB677 
 198 013c 6C98F3F4 		.ascii	"l\230\363\364\262\315}\324}N\374\\\204=\022\230\324"
 198      B2CD7DD4 
 198      7D4EFC5C 
 198      843D1298 
 198      D4
 199 014d 3CD35F3F 		.ascii	"<\323_?\314\302m\256\004V\334\336\037o\353P\337\026"
 199      CCC26DAE 
 199      0456DCDE 
 199      1F6FEB50 
 199      DF16
 200 015f 48A03ACA 		.ascii	"H\240:\312F\252k-\274\236\311(5~\376\364\037\027\322"
 200      46AA6B2D 
 200      BC9EC928 
 200      357EFEF4 
 200      1F17D2
 201 0172 C5E7D5B5 		.ascii	"\305\347\325\265\3200yw\310\004\205R\213*\022\215=)"
 201      D0307977 
 201      C8048552 
 201      8B2A128D 
 201      3D29
 202 0184 A8AB5614 		.ascii	"\250\253V\024\001\276\003\011\272@\204v\260\253\226"
 202      01BE0309 
 202      BA408476 
 202      B0AB96
 203 0193 0B249C3F 		.ascii	"\013$\234?Q\224\017\2253UJ\306\033\004:!\017: \217@"
 203      51940F95 
 203      33554AC6 
 203      1B043A21 
 203      0F3A208F 
 204 01a8 3714AA69 		.ascii	"7\024\252i\325sp\005\311\313H\242D\333\205\272\346]"
 204      D5737005 
 204      C9CB48A2 
 204      44DB85BA 
 204      E65D
 205 01ba 6235508D 		.ascii	"b5P\215\261\201{?\232@*\3341A\357\016\011\270\231\366"
 205      B1817B3F 
 205      9A402ADC 
 205      3141EF0E 
 205      09B899F6 
 206 01ce FCB193AA 		.ascii	"\374\261\223\252\231\0364sU7\203\336X\035\252\227\036"
 206      991E3473 
 206      553783DE 
 206      581DAA97 
 206      1E
 207 01df DD4CB3D4 		.ascii	"\335L\263\324$\262\322\203Zb\002\327\300\302\013\366"
 207      24B2D283 
 207      5A6202D7 
 207      C0C20BF6 
 208 01ef D9545B83 		.ascii	"\331T[\203h\022\030\007\036\223\312\215n\377\035\315"
 208      68121807 
 208      1E93CA8D 
ARM GAS  C:\Users\CYIRKO~1\AppData\Local\Temp\cc97tmLP.s 			page 16


 208      6EFF1DCD 
 209 01ff 664514D4 		.ascii	"fE\024\324\232<\2167\356fE\314\301\355\352\320pM\372"
 209      9A3C8E37 
 209      EE6645CC 
 209      C1EDEAD0 
 209      704DFA
 210 0212 DE7A5AFA 		.ascii	"\336zZ\372*%G\200#/\300M\314|\203f\016\303^\234\257"
 210      2A254780 
 210      232FC04D 
 210      CC7C8366 
 210      0EC35E9C 
 211 0227 8389A5AF 		.ascii	"\203\211\245\257\231\236\217\230\362\233\224\007\017"
 211      999E8F98 
 211      F29B9407 
 211      0F
 212 0234 94E8CFFD 		.ascii	"\224\350\317\375\271\365UJ+\206Y\325c\320\246\373\306"
 212      B9F5554A 
 212      2B8659D5 
 212      63D0A6FB 
 212      C6
 213 0245 25CEADB0 		.ascii	"%\316\255\260\002p\011\226\361VD \037\243766\253w\213"
 213      02700996 
 213      F1564420 
 213      1FA33736 
 213      36AB778B 
 214 0259 FFD052C1 		.ascii	"\377\320R\301\305\215\315\307j\363lj\363DC\353l\254"
 214      C58DCDC7 
 214      6AF36C6A 
 214      F34443EB 
 214      6CAC
 215 026b 75835313 		.ascii	"u\203S\023-\026\261\226^\020\341\3147\035\237fhuE\233"
 215      2D16B196 
 215      5E10E1CC 
 215      371D9F66 
 215      6875459B 
 216 027f 69852461 		.ascii	"i\205$a\022\242XW\033\257k?\222\267\364\272\366\276"
 216      12A25857 
 216      1BAF6B3F 
 216      92B7F4BA 
 216      F6BE
 217 0291 1856941C 		.ascii	"\030V\224\034\030\304j\015\350\366l\274\252\003u\367"
 217      18C46A0D 
 217      E8F66CBC 
 217      AA0375F7 
 218 02a1 5625F12C 		.ascii	"V%\361,\223\330\252\252\377\315p=\332\213FhG\2061\364"
 218      93D8AAAA 
 218      FFCD703D 
 218      DA8B4668 
 218      478631F4 
 219 02b5 B61E3A08 		.ascii	"\266\036:\010\211\373\221jch\007\033(r.\2729\232N;\242"
 219      89FB916A 
 219      6368071B 
 219      28722EBA 
 219      399A4E3B 
 220 02ca A6621DF9 		.ascii	"\246b\035\371bzq\311\222\350\322\010P2\362\303\251?"
 220      627A71C9 
 220      92E8D208 
ARM GAS  C:\Users\CYIRKO~1\AppData\Local\Temp\cc97tmLP.s 			page 17


 220      5032F2C3 
 220      A93F
 221 02dc 256323D4 		.ascii	"%c#\324\036\353\235\030\243\235\030\325:1\324\034\376"
 221      1EEB9D18 
 221      A39D18D5 
 221      3A31D41C 
 221      FE
 222 02ed 35133BD1 		.ascii	"5\023;\321D;\361r\363\267\037+\263\030x\210\036\204"
 222      443BF172 
 222      F3B71F2B 
 222      B3187888 
 222      1E84
 223 02ff 3EDD715F 		.ascii	">\335q_j/b\264\027w\232\326\353\241V\024\373L\004\306"
 223      6A2F62B4 
 223      17779AD6 
 223      EBA15614 
 223      FB4C04C6 
 224 0313 29B3F6E4 		.ascii	")\263\366\344\352\232\204\314-d&(\3630\366\345p:2\021"
 224      EA9A84CC 
 224      2D642628 
 224      F330F6E5 
 224      703A3211 
 225 0327 642629F3 		.ascii	"d&)\363\364\304\367\267\223<\226X\014\026\247\250E\017"
 225      F4C4F7B7 
 225      933C9658 
 225      0C16A7A8 
 225      450F
 226 0339 77B8F2F4 		.ascii	"w\270\362\364\356\262\305xg\361\265\341\316\306\331"
 226      EEB2C578 
 226      67F1B5E1 
 226      CEC6D9
 227 0348 9D559F78 		.ascii	"\235U\237x\370J\347f\267D+rX+\322O\227\036\2054f\232"
 227      F84AE766 
 227      B7442B72 
 227      582BD24F 
 227      971E8534 
 228 035e 95A8E6D4 		.ascii	"\225\250\346\324\352\371\254g\312\317P\371;Z\205\006"
 228      EAF9AC67 
 228      CACF50F9 
 228      3B5A8506 
 229 036e 1A277FC9 		.ascii	"\032'\177\3114\352\317$\351\317r\375Y\252\177v\375\257"
 229      34EACF24 
 229      E9CF72FD 
 229      59AA7F76 
 229      FDAF
 230 0380 F3491F58 		.ascii	"\363I\037X8\351\360\034?<\227b\266D\373\306\326z\342"
 230      38E9F01C 
 230      3F3C9762 
 230      B644FBC6 
 230      D67AE2
 231 0393 17C5677E 		.ascii	"\027\305g~E\013\324\331\274\346\254\267+\336(\031\305"
 231      450BD4D9 
 231      BCE6ACB7 
 231      2BDE2819 
 231      C5
 232 03a4 1692C416 		.ascii	"\026\222\304\026\361N\360\346\341\222d\274SQ\031t\025"
 232      F14EF0E6 
ARM GAS  C:\Users\CYIRKO~1\AppData\Local\Temp\cc97tmLP.s 			page 18


 232      E19264BC 
 232      53511974 
 232      15
 233 03b5 87FCA5E6 		.ascii	"\207\374\245\346\327\337*\261\276\346p\020\311\345\012"
 233      D7DF2AB1 
 233      BEE67010 
 233      C9E50A
 234 03c4 F9FCC1FD 		.ascii	"\371\374\301\375E\256\340Q\371\025g\3511\237\307\027"
 234      45AEE051 
 234      F91567E9 
 234      319FC717 
 235 03d4 0886BCBE 		.ascii	"\010\206\274\276\012g\260\242\242,\340|\317\037\262"
 235      0A67B0A2 
 235      A22CE07C 
 235      CF1FB2
 236 03e3 D295D55D 		.ascii	"\322\225\325]Yn\225\313=\262\327+{\235\007\354\373\255"
 236      596E95CB 
 236      3DB2D72B 
 236      7B9D07EC 
 236      FBAD
 237 03f5 452F390E 		.ascii	"E/9\016~\340p\"\277\317_\341\227\367\311n\217\317\351"
 237      7EE07022 
 237      BFCF5FE1 
 237      97F7C96E 
 237      8FCFE9
 238 0408 F3979685 		.ascii	"\363\227\226\205\274\262\263\334\215\271\374\262\323"
 238      BCB2B3DC 
 238      8DB9FCB2 
 238      D3
 239 0415 E5958FBA 		.ascii	"\345\225\217\272CeAW\360\370\373r\300~\214\2305\275"
 239      43654157 
 239      F0F8FB72 
 239      C07E8C98 
 239      35BD
 240 0427 77FF57BD 		.ascii	"w\377W\275\300\361\200\323\025\010z19\212<W\354+\013"
 240      C0F180D3 
 240      15087A31 
 240      398A3C57 
 240      EC2B0B
 241 043a CA95AE37 		.ascii	"\312\225\2567e\257\317\355w\333KIV2\303\377\267\343"
 241      65AFCFED 
 241      77DB4B49 
 241      5632C3FF 
 241      B7E3
 242 044c 802B68D6 		.ascii	"\200+h\326\026\377\002\365\010#\021"
 242      16FF02F5 
 242      082311
 243              		.text
 244              		.section	.gnu.lto_.symtab.ebc55ca3,"",%progbits
 245 0000 536F7274 		.ascii	"Sort_Func\000"
 245      5F46756E 
 245      6300
 246 000a 00       		.ascii	"\000"
 247 000b 00       		.ascii	"\000"
 248 000c 00       		.ascii	"\000"
 249 000d 00000000 		.ascii	"\000\000\000\000\000\000\000\000"
 249      00000000 
ARM GAS  C:\Users\CYIRKO~1\AppData\Local\Temp\cc97tmLP.s 			page 19


 250 0015 BA000000 		.ascii	"\272\000\000\000"
 251 0019 46696C74 		.ascii	"Filter_Mediana\000"
 251      65725F4D 
 251      65646961 
 251      6E6100
 252 0028 00       		.ascii	"\000"
 253 0029 00       		.ascii	"\000"
 254 002a 00       		.ascii	"\000"
 255 002b 00000000 		.ascii	"\000\000\000\000\000\000\000\000"
 255      00000000 
 256 0033 C7000000 		.ascii	"\307\000\000\000"
 257              		.text
 258              		.section	.gnu.lto_.opts,"",%progbits
 259 0000 272D666D 		.ascii	"'-fmath-errno' '-fsigned-zeros' '-ftrapping-math' '"
 259      6174682D 
 259      6572726E 
 259      6F272027 
 259      2D667369 
 260 0033 2D666E6F 		.ascii	"-fno-trapv' '-fno-openmp' '-fno-openacc' '-mcpu=cor"
 260      2D747261 
 260      70762720 
 260      272D666E 
 260      6F2D6F70 
 261 0066 7465782D 		.ascii	"tex-m7' '-mno-thumb-interwork' '-mthumb' '-ggdb' '-"
 261      6D372720 
 261      272D6D6E 
 261      6F2D7468 
 261      756D622D 
 262 0099 4F322720 		.ascii	"O2' '-fomit-frame-pointer' '-falign-functions=16' '"
 262      272D666F 
 262      6D69742D 
 262      6672616D 
 262      652D706F 
 263 00cc 2D666675 		.ascii	"-ffunction-sections' '-fdata-sections' '-fno-common"
 263      6E637469 
 263      6F6E2D73 
 263      65637469 
 263      6F6E7327 
 264 00ff 2720272D 		.ascii	"' '-flto'\000"
 264      666C746F 
 264      2700
 265              		.text
 266              		.comm	__gnu_lto_v1,1,1
 267              		.comm	__gnu_lto_slim,1,1
 268              		.ident	"GCC: (GNU Tools for ARM Embedded Processors 6-2017-q1-update) 6.3.1 20170215 (release) [AR
ARM GAS  C:\Users\CYIRKO~1\AppData\Local\Temp\cc97tmLP.s 			page 20


DEFINED SYMBOLS
                            *ABS*:00000000 Filter_Mediana.c
                            *COM*:00000001 __gnu_lto_v1
                            *COM*:00000001 __gnu_lto_slim

NO UNDEFINED SYMBOLS
