ARM GAS  C:\Users\CYIRKO~1\AppData\Local\Temp\ccHXSNjl.s 			page 1


   1              		.cpu cortex-m7
   2              		.eabi_attribute 20, 1
   3              		.eabi_attribute 21, 1
   4              		.eabi_attribute 23, 3
   5              		.eabi_attribute 24, 1
   6              		.eabi_attribute 25, 1
   7              		.eabi_attribute 26, 1
   8              		.eabi_attribute 30, 2
   9              		.eabi_attribute 34, 1
  10              		.eabi_attribute 18, 4
  11              		.file	"hal.c"
  12              		.text
  13              	.Ltext0:
  14              		.section	.gnu.lto_.profile.d4ec1a0f,"",%progbits
  15 0000 789C6365 		.ascii	"x\234ce`b`a```d\360\344\004\000\001\033\000_"
  15      60626061 
  15      60606064 
  15      F0E40400 
  15      011B005F 
  16              		.text
  17              		.section	.gnu.lto_.icf.d4ec1a0f,"",%progbits
  18 0000 789C6365 		.ascii	"x\234ce`b\340`@\000F\206\335\315\255\273Y\031\000\014"
  18      6062E060 
  18      40004686 
  18      DDCDADBB 
  18      5919000C 
  19 0014 A40294   		.ascii	"\244\002\224"
  20              		.text
  21              		.section	.gnu.lto_.jmpfuncs.d4ec1a0f,"",%progbits
  22 0000 789C6365 		.ascii	"x\234ce`b\320d@\000F\030\203\211q:3c\363\257\375\237"
  22      6062D064 
  22      40004618 
  22      8389713A 
  22      3363F3AF 
  23 0016 F9EAFF36 		.ascii	"\371\352\3776H\314gfX\314\014\222^\316X\317\300\310"
  23      48CC6766 
  23      58CC0C92 
  23      5ECE58CF 
  23      C0C8
  24 0028 02640100 		.ascii	"\002d\001\000\270\336\010\226"
  24      B8DE0896 
  25              		.text
  26              		.section	.gnu.lto_.inline.d4ec1a0f,"",%progbits
  27 0000 789C6365 		.ascii	"x\234ce`b\260d@\000F\006\006\356\223@\222\011\310f["
  27      6062B064 
  27      40004606 
  27      06EE9340 
  27      9209C866 
  28 0015 20CF0416 		.ascii	" \317\004\026\343\302A0q\2034\200\231\014\000f\341\002"
  28      E3C24130 
  28      71833480 
  28      990C0066 
  28      E102
  29 0027 30       		.ascii	"0"
  30              		.text
  31              		.section	.gnu.lto_.pureconst.d4ec1a0f,"",%progbits
  32 0000 789C6365 		.ascii	"x\234ce`b`f```d\220\000\000\000\204\000$"
ARM GAS  C:\Users\CYIRKO~1\AppData\Local\Temp\ccHXSNjl.s 			page 2


  32      60626066 
  32      60606064 
  32      90000000 
  32      840024
  33              		.text
  34              		.section	.gnu.lto_halInit.d4ec1a0f,"",%progbits
  35 0000 789C7591 		.ascii	"x\234u\221?HBQ\024\306\317\367\256\177!\245\241\241"
  35      3F484251 
  35      14C6CFF7 
  35      AE7F21A5 
  35      A1A1
  36 0012 B0A155A2 		.ascii	"\260\241U\242\244\245\2405ZZ[]\312\006\245@\310\232"
  36      A4A5A035 
  36      5A5A5B5D 
  36      CA06A540 
  36      C89A
  37 0024 DF330BC1 		.ascii	"\3373\013\301\240Z\254\014\342Y\021Z\226\246\321\340"
  37      A05AAC0C 
  37      E259115A 
  37      96A6D1E0 
  38 0034 D4C3ADA5 		.ascii	"\324\303\255\245\240\306\246\"\032\262@h+\324\316\325"
  38      A0C6A622 
  38      1AB24068 
  38      2BD4CED5 
  39 0044 0887D781 		.ascii	"\010\207\327\201\3139\367\234\037\347|\367\\+)T\003"
  39      CB39F79C 
  39      1FE77CF7 
  39      5C2B2954 
  39      03
  40 0055 D1101179 		.ascii	"\321\020\021y\370@\020\224\255[\242\250C\001d\2409@"
  40      F8401094 
  40      AD5BA2A8 
  40      430164A0 
  40      3940
  41 0067 AA02159B 		.ascii	"\252\002\025\233bG\240\022\177-+\336\214\306f\354\324"
  41      6247A012 
  41      7F2D2BDE 
  41      8CC666EC 
  41      D4
  42 0078 FAB4AC01 		.ascii	"\372\264\254\001]\020\245\370HC\006^b\354\271\330H\272"
  42      5D10A5F8 
  42      4843065E 
  42      62ECB9D8 
  42      48BA
  43 008a 6C96761E 		.ascii	"l\226v\036Y\330x\004\025\356ah\215f\\3^\016\3610\345"
  43      59D87804 
  43      15EE6168 
  43      8D665C33 
  43      5E0EF130 
  44 009f 244A7059 		.ascii	"$JpY\316X\027\212\364\242\212X\372\333#y\331\244\\~"
  44      CE58178A 
  44      F4A28A58 
  44      FADB2379 
  44      D9A45C7E 
  45 00b3 7FB4AB75 		.ascii	"\177\264\253u\315\241\013\244\004w\300\011T\322\231"
  45      CDA10BA4 
  45      0477C009 
ARM GAS  C:\Users\CYIRKO~1\AppData\Local\Temp\ccHXSNjl.s 			page 3


  45      54D299
  46 00c2 AD62357D 		.ascii	"\255b5}\334e\302\211\024W\011\247\314qa{\255rg\337\020"
  46      DC65C289 
  46      145709A7 
  46      CC71617B 
  46      AD7267DF 
  47 00d7 BAB0405E 		.ascii	"\272\260@^c_\327\237n\346z9q$\205q\356f/7\257c?\332"
  47      635FD79F 
  47      6EE67A39 
  47      71248571 
  47      EE662F37 
  48 00ef AD0B2BCE 		.ascii	"\255\013+\316\370\2259\364\267\012\315\267R\336\311"
  48      F89539F4 
  48      B70ACDB7 
  48      52DEC9
  49 00fe F0AEA60D 		.ascii	"\360\256\246\015\310\006\347\320\321\032\210<T]\330"
  49      C806E7D0 
  49      D11A883C 
  49      545DD8
  50 010d 486A2D9A 		.ascii	"Hj-\232i`\255\334\034\205?\255\261\364\201\313\234\263"
  50      6960ADDC 
  50      1C853FAD 
  50      B1F481CB 
  50      9CB3
  51 011f 3077D1C1 		.ascii	"0w\321\301]\271\3159+s\305\016\356\251\307\234\2631"
  51      5DB9CD39 
  51      2B73C50E 
  51      EEA9C79C 
  51      B331
  52 0131 57EAE0EA 		.ascii	"W\352\340\352\377pv\346.\177\271\017\254\2443\311\366"
  52      FF7076E6 
  52      2E7FB90F 
  52      ACA433C9 
  52      F6
  53 0142 DBA42578 		.ascii	"\333\244%x\323\374\027\274\306\301\311q\377D04\033\232"
  53      D3FC17BC 
  53      C6C1C971 
  53      FF443034 
  53      1B9A
  54 0154 5E5A9E0B 		.ascii	"^Z\236\013\205\375\001\031\207##c\243\276p\304\027\234"
  54      85FD0119 
  54      87232363 
  54      A3BE70C4 
  54      179C
  55 0166 59F04516 		.ascii	"Y\360E\026\003\322\017\007\350\007\307\311\261:"
  55      03D20F07 
  55      E807C7C9 
  55      B13A
  56              		.text
  57              		.section	.gnu.lto_.symbol_nodes.d4ec1a0f,"",%progbits
  58 0000 789C55C9 		.ascii	"x\234U\311\313\015\3020\024D\321\353q\234\244\014J\201"
  58      CB0DC230 
  58      1444D1EB 
  58      719CA40C 
  58      4A81
  59 0012 CA9E1714 		.ascii	"\312\236\027\024\220\002 \374\\\005\353\354\220\250"
  59      900220FC 
ARM GAS  C:\Users\CYIRKO~1\AppData\Local\Temp\ccHXSNjl.s 			page 4


  59      5C05EBEC 
  59      90A8
  60 0020 01A4D481 		.ascii	"\001\244\324\2010^\361fs\244;\011\361\240N\007\031L"
  60      305EF166 
  60      73A43B09 
  60      F1A04E07 
  60      194C
  61 0032 4FA8DCF3 		.ascii	"O\250\334\363\016\322Il\352\023\212,\264\007r\336\326"
  61      0ED2496C 
  61      EA138A2C 
  61      B40772DE 
  61      D6
  62 0043 7093C985 		.ascii	"p\223\311\205\253,\272p\221u.\234e\311\205Y\326\273"
  62      AB2CBA70 
  62      91752E9C 
  62      65C98559 
  62      D6BB
  63 0055 70940DFF 		.ascii	"p\224\015\377!2R^\237\020\031X\232=k3\261\177\377\354"
  63      2132525E 
  63      9F101958 
  63      9A3D6B33 
  63      B17FFFEC 
  64 0069 28CDC8D2 		.ascii	"(\315\310\322\024k\225/\275\3062\342"
  64      146B952F 
  64      BDC632E2 
  65              		.text
  66              		.section	.gnu.lto_.refs.d4ec1a0f,"",%progbits
  67 0000 789C6365 		.ascii	"x\234ce`b`c```d`bdb\000\000\000\275\000\024"
  67      60626063 
  67      60606064 
  67      60626462 
  67      000000BD 
  68              		.text
  69              		.section	.gnu.lto_.decls.d4ec1a0f,"",%progbits
  70 0000 789CAD57 		.ascii	"x\234\255WkPTG\026\276}{^\014C\260 \265\353\017k\227"
  70      6B505447 
  70      16BE7D7B 
  70      5E0C43B0 
  70      20B5EB0F 
  71 0016 B2484955 		.ascii	"\262HIU\022\010\230\025+?v\343\242\250\011Q\252\262"
  71      12089815 
  71      2B3F76E3 
  71      A2A80951 
  71      AAB2
  72 0028 C98FDDA9 		.ascii	"\311\217\335\251\232\032\230Q\246\012\230\331\231!\225"
  72      9A1A9851 
  72      A60A98D9 
  72      992195
  73 0037 D4FEB904 		.ascii	"\324\376\271\004\024P\001\215\033\263c\211\321@EP\""
  73      1450018D 
  73      1BB36389 
  73      D1404550 
  73      22
  74 0048 049FF139 		.ascii	"\004\237\3619\276\020' \250+H\344\025D\\#\" \312C`\366"
  74      BE102720 
  74      A82B48E4 
  74      15445C23 
ARM GAS  C:\Users\CYIRKO~1\AppData\Local\Temp\ccHXSNjl.s 			page 5


  74      2220CA43 
  75 005e 74F7BDDC 		.ascii	"t\367\275\334\313@\312\242voqn\337\323\347\353\357\234"
  75      CB40CAA2 
  75      766F716E 
  75      DFD3E7EB 
  75      EF9C
  76 0070 EE73BAA7 		.ascii	"\356s\272\247Qs<\267$\204\343\366b\216\253\3448\316"
  76      51733CB7 
  76      2484E3F6 
  76      628EABE4 
  76      38CE
  77 0082 0F0F0FED 		.ascii	"\017\017\017\355w \010d\220c\217\016d\024d\034d\002"
  77      77200864 
  77      90638F0E 
  77      6414641C 
  77      6402
  78 0094 648A6300 		.ascii	"d\212c\000\036D\003\242C\014\257G\334\214g\020t-\264"
  78      1E4403A2 
  78      430CAF47 
  78      DC8C6710 
  78      742DB4
  79 00a7 1F8304C3 		.ascii	"\037\203\004\303\367\010\264\006\304x\007@\324h&\277"
  79      F708B406 
  79      C4780740 
  79      D46826BF 
  80 00b7 4EE423BC 		.ascii	"N\344#\274\204pJ\3647\316\315\315\377\025F7r\253\367"
  80      84704AF4 
  80      37CECDCD 
  80      FF154637 
  80      72ABF7
  81 00ca E0228CC2 		.ascii	"\340\"\214\302\364H\005\352`\303\356{\257\200\372\252"
  81      F44805EA 
  81      60C3EE7B 
  81      AF80FAAA 
  82 00da 1E45805A 		.ascii	"\036E\200ZX1\365{f\374\027\017\352\311\263\217\343\230"
  82      5831F57B 
  82      66FC170F 
  82      EAC9B38F 
  82      E398
  83 00ec BA08B453 		.ascii	"\272\010\264S\355\203\336`\206\355Bd\254P\230g`\346"
  83      ED83DE60 
  83      86ED4264 
  83      AC509867 
  83      60E6
  84 00fe 51A25F6B 		.ascii	"Q\242_k.\351\327c\210\005\276\373s\357w\0053\333BPo"
  84      2EE9D763 
  84      8805BEFB 
  84      73EF7705 
  84      33DB4250 
  85 0113 0ED49788 		.ascii	"\016\324\227\210\352\002P\333\0126\357\325\340 \212"
  85      EA0250DB 
  85      0A36EFD5 
  85      E0208A
  86 0122 6CAFAB38 		.ascii	"l\257\2538D\002Z\242Gd9C\241\253\252\357\207\261\020"
  86      44025AA2 
  86      47643943 
  86      A1ABAAEF 
ARM GAS  C:\Users\CYIRKO~1\AppData\Local\Temp\ccHXSNjl.s 			page 6


  86      87B110
  87 0135 D645109D 		.ascii	"\326E\020\235c\345\211\321\225\002{t\277\223\347r\263"
  87      63E589D1 
  87      95027B74 
  87      BF93E772 
  87      B3
  88 0146 78A84C8B 		.ascii	"x\250L\213\177K@\274\307\327rQ\205\242\364\337\022\220"
  88      7F4B40BC 
  88      C7D77251 
  88      85A2F4DF 
  88      1290
  89 0158 B76578C9 		.ascii	"\267ex\311\216<A\340\321q\244GG\021FGP4Y\223%zx\347"
  89      8E3C41E0 
  89      D171A447 
  89      47114647 
  89      50345993 
  90 0170 0BC2E7C2 		.ascii	"\013\302\347\302\366\034!h\015\207\312\321\"t\000-\342"
  90      F61C2168 
  90      0D87CAD1 
  90      2274002D 
  90      E2
  91 0181 D0311445 		.ascii	"\3201\024E\374\021\034\252\201\316\357\241\023\\T\224"
  91      FC111CAA 
  91      81CEEFA1 
  91      135C5494 
  92 0191 EDF84683 		.ascii	"\355\370F\203\013\020\365Q{\356\356\035\025\322G\315"
  92      0B10F551 
  92      7BEEEE1D 
  92      15D247CD 
  93 01a1 49F0C31C 		.ascii	"I\360\303\034\004b0\007\027\327n\"\301\234\204`N\310"
  93      04623007 
  93      17D76E22 
  93      C19C8460 
  93      4EC8
  94 01b3 C1406C6C 		.ascii	"\301@ll\036\335\247\332\262y\334O\235\240\335\247\207"
  94      1EDDA7DA 
  94      B279DC4F 
  94      9DA0DDA7 
  94      87
  95 01c4 7D6AB654 		.ascii	"}j\266T:P\237\354\274\322\300\343!f\353\275\223\343"
  95      3A509FEC 
  95      BCD2C0E3 
  95      2166EBBD 
  95      93E3
  96 01d6 D1E051A6 		.ascii	"\321\340Q\246l\237l\0254X`\353]\370dt\277\012\3471\245"
  96      6C9F6C15 
  96      345860EB 
  96      5DF86474 
  96      BF0AE731 
  97 01eb 3567A439 		.ascii	"5g\2449\004\027R%hs\325\311\243\006\024I\236\360\310"
  97      04175225 
  97      6873D5C9 
  97      A3061449 
  97      9EF0C8
  98 01fe C8A86F48 		.ascii	"\310\250oH\354\336\026\337\033uC=\202\360\205\201\006"
  98      ECDE16DF 
  98      1B75433D 
ARM GAS  C:\Users\CYIRKO~1\AppData\Local\Temp\ccHXSNjl.s 			page 7


  98      82F08581 
  98      06
  99 020f E585A06A 		.ascii	"\345\205\240jQ\270<\231\303\360\342P,\27486`\374\217"
  99      51B83C99 
  99      C3F0E250 
  99      2CBC3836 
  99      60FC8F
 100 0222 1EC19B8B 		.ascii	"\036\301\233\213)\372| :&\000\374\313\237d\360\231@"
 100      29FA7C20 
 100      3A2600FC 
 100      CB9F64F0 
 100      9940
 101 0234 F0694A5D 		.ascii	"\360iJ]\216\024\334\012\370\251@xU`$?)\320g\347&\247"
 101      8E14DC0A 
 101      F8A94078 
 101      5560243F 
 101      29D067E7 
 102 024a E81D64ED 		.ascii	"\350\035d\355\267\013\302\273*\016\035\002\373Aj\"h"
 102      B70BC2BB 
 102      2A0E1D02 
 102      FB416A22 
 102      68
 103 025b 587E740D 		.ascii	"X~t\015\262u\021E\242\253 W@.\201\\\006\251\003\271"
 103      B2751145 
 103      A2AB2057 
 103      402E815C 
 103      06A903B9 
 104 026f 80226985 		.ascii	"\200\"i\2051\177>\205\277ss\316\\9\027\337\032\031]"
 104      317F3E85 
 104      BF7373CE 
 104      5C3917DF 
 104      1A195D
 105 0282 3DF75C18 		.ascii	"=\367\\\030\234\225F\377\271\260lA@\004\306\211e!\326"
 105      9C9546FF 
 105      B9B06C41 
 105      4004C689 
 105      6521D6
 106 0295 F6F9A9DC 		.ascii	"\366\371\251\334&\015n\2459\344\313\266\324\037\327"
 106      260D6EA5 
 106      39E4CBB6 
 106      D41FD7
 107 02a4 A1F0A8B9 		.ascii	"\241\360\250\271\346\204\352a*\363\231\026\363\334["
 107      E684EA61 
 107      2AF39916 
 107      F3DC5B
 108 02b3 A781CD84 		.ascii	"\247\201\315\204~\204\201>\271$I\034\324\275\264\327"
 108      7E84813E 
 108      B924491C 
 108      D4BDB4D7 
 109 02c3 C3C4BD9E 		.ascii	"\303\304\275\236\327\360\354\000\217\373X}U\237\311"
 109      D7F0EC00 
 109      8FFB587D 
 109      559FC9
 110 02d2 7DFC0A33 		.ascii	"}\374\0123z\211q\353\246\342\002-~\312\214O\313k\366"
 110      7A8971EB 
 110      A6E2022D 
 110      7ECA8C4F 
ARM GAS  C:\Users\CYIRKO~1\AppData\Local\Temp\ccHXSNjl.s 			page 8


 110      CB6BF6
 111 02e5 EA98B19C 		.ascii	"\352\230\261\234\030\037N\326>R\343qf\254l\270\332&"
 111      181F4ED6 
 111      3E52E371 
 111      66AC6CB8 
 111      DA26
 112 02f7 9E3EF9C4 		.ascii	"\236>\371\304xk\244)O\217\26315\372\037\266\226\006"
 112      786BA429 
 112      4F8FB331 
 112      35FA1FB6 
 112      9606
 113 0309 31E300D1 		.ascii	"1\343\000\321\267\034\333Y\032\212\363\231\361V\357"
 113      B71CDB59 
 113      1A8AF399 
 113      F156EF
 114 0318 FE5CF1B0 		.ascii	"\376\\\361\260i\"zQ\361\221\357\365\270\230\031\313"
 114      69227A51 
 114      F191EFF5 
 114      B89819CB 
 115 0328 7BF71489 		.ascii	"{\367\024\211\306\345\240\036k8\331\241\306\273\230"
 115      C6E5A01E 
 115      6B38D9A1 
 115      C6BB98
 116 0337 AD6DA839 		.ascii	"\255m\2509/\030\2270\245j\342\237\0074\270\214)M{J\244"
 116      2F189730 
 116      A56AE29F 
 116      0734B88C 
 116      294D7B4A 
 117 034c 9D76949C 		.ascii	"\235v\224\234v\205U~\035;\336\366\205\023\017\236\366"
 117      7685557E 
 117      1D3BDEF6 
 117      85130F9E 
 117      F6
 118 035d 6A3D3E44 		.ascii	"j=>D\261!\223\235\303\347\203Qx\344\364\023\025\251"
 118      B121939D 
 118      C3E78351 
 118      78E4F413 
 118      15A9
 119 036f 4C460724 		.ascii	"LF\007$\243\235f\267K\314\304#\310D7\254z/\310\177@"
 119      A39D66B7 
 119      4BCCC423 
 119      C84437AC 
 119      7A2FC87F 
 120 0384 EE83F480 		.ascii	"\356\203\364\200<\004\371\005\244\017\344\001\310\317"
 120      3C04F905 
 120      A40FE401 
 120      C8CF
 121 0392 20F7E482 		.ascii	" \367\344\202#\231\271\036\266S\020\352\336\242\271"
 121      2399B91E 
 121      B65310EA 
 121      DEA2B9
 122 03a1 F90E7243 		.ascii	"\371\016rC(\247\263]9s\373\000\376\342{\331\264\344"
 122      28A7B35D 
 122      3973FB00 
 122      FEE27BD9 
 122      B4E4
 123 03b3 08BC2D10 		.ascii	"\010\274-\020>ck\022\360z\031\334\031\010\256@\201\350"
ARM GAS  C:\Users\CYIRKO~1\AppData\Local\Temp\ccHXSNjl.s 			page 9


 123      3E636B12 
 123      F07A19DC 
 123      1908AE40 
 123      81E8
 124 03c5 2419DD1C 		.ascii	"$\031\335\034\210\276\035\210\356~_F\337\011D\267\314"
 124      88BE1D88 
 124      EE7E5F46 
 124      DF0944B7 
 124      CC
 125 03d6 8ABB5B11 		.ascii	"\212\273[\021\367\335@\370\341\331\323\\'\303\257\007"
 125      F7DD40F8 
 125      E1D9D35C 
 125      27C3AF07 
 126 03e6 C21B6645 		.ascii	"\302\033fE\256\210\345\247@t\353\254\310\025\363\374"
 126      AE88E5A7 
 126      4074EBAC 
 126      C815F3FC 
 127 03f6 7720FAD6 		.ascii	"w \372\326\354P>\220\3417\003\3417drq\217_c{\274k\346"
 127      EC503E90 
 127      E13703E1 
 127      37647271 
 127      8F5F637B 
 128 040d 1E1793DD 		.ascii	"\036\027\223\335\240HvS W\243\3025T\344\205\261\276"
 128      A0487653 
 128      2057A3C2 
 128      3554E485 
 128      B1BE
 129 041f 4DA1B886 		.ascii	"M\241\270\206V$?\331\326\363\207\200#A\252B\364\004"
 129      56243FD9 
 129      D6F38780 
 129      2341AA42 
 129      F404
 130 0431 8AEF7F29 		.ascii	"\212\357\177)D\026xs#=\"\372\201\350\261|DtIGDI\227"
 130      44167873 
 130      233D22FA 
 130      81E8B17C 
 130      44744947 
 131 0448 F79E3A5C 		.ascii	"\367\236:\\\364\237\377k\376\271y;'?m\317N\177\211\015"
 131      F49FFF6B 
 131      FEB9793B 
 131      273F6DCF 
 131      4E7F890D 
 132 045c 5BA67F66 		.ascii	"[\246\177f\321\200\342\030\345\320 2\320\013\025\264"
 132      D180E218 
 132      E5D02032 
 132      D00B15B4 
 133 046c 003E5E78 		.ascii	"\000>^x\371,\337\001\245\01771\264\200R \304\336\210"
 133      F92CDF01 
 133      A50F3731 
 133      B4805220 
 133      C4DE88
 134 047f 0A55FDD2 		.ascii	"\012U\375\322\203\020\355\207^\236\023\257aR\027\222"
 134      8310ED87 
 134      5E9E13AF 
 134      61521792 
 135 048f 46883A2F 		.ascii	"F\210:/\252\274HI\377\304\301H\301\310\314\314\223\364"
 135      AABC4849 
ARM GAS  C:\Users\CYIRKO~1\AppData\Local\Temp\ccHXSNjl.s 			page 10


 135      FFC4C148 
 135      C1C8CCCC 
 135      93F4
 136 04a1 B01B18FB 		.ascii	"\260\033\030\373\240\303\244\321\210\227\035 \244\034"
 136      A0C3A4D1 
 136      88971D20 
 136      A41C
 137 04af A0206461 		.ascii	"\240 da\213\366\351\3708yrHZ\252AO}\257\276\023\226"
 137      8BF6E9F8 
 137      38797248 
 137      5AAA414F 
 137      7DAFBE13 
 138 04c4 1D7AF6BD 		.ascii	"\035z\366\275\213h\337\300\021\241[\217\317\260S\356"
 138      8B68DFC0 
 138      11A15B8F 
 138      CFB053EE 
 139 04d4 8A7FC41B 		.ascii	"\212\177\304\033\312N9^q\023{\225\335\304F\263o_\320"
 139      CA4E395E 
 139      71137B95 
 139      DDC446B3 
 139      6F5FD0
 140 04e7 2FDC45AF 		.ascii	"/\334E\257V9\302\002\036}\374\033\364\034\026\372\031"
 140      5639C202 
 140      1E7DFC1B 
 140      F41C16FA 
 140      19
 141 04f8 5DE811B4 		.ascii	"]\350\021\264\020\336)*\261\374\232\012O\353\027\357"
 141      10DE292A 
 141      B1FC9A0A 
 141      4FEB17EF 
 142 0508 13F67509 		.ascii	"\023\366u\011\336\007\243\021\017j\004\001\2565\202"
 142      DE07A311 
 142      0F6A0401 
 142      AE3582
 143 0517 8AC0D0B0 		.ascii	"\212\300\320\260\\!\360\011\357\247p\276\240!\250\011"
 143      5C21F009 
 143      EFA770BE 
 143      A021A809 
 144 0527 0E6E878B 		.ascii	"\016n\207\213\311OHM\177\247\032\017\260\250v\3244u"
 144      C94F484D 
 144      7FA71A0F 
 144      B0A876D4 
 144      3475
 145 0539 63E0EA82 		.ascii	"c\340\352\202:\363O-\337]\335#\344\353\251C4&3\215\021"
 145      3AF34F2D 
 145      DF5DDD23 
 145      E4EBA943 
 145      3426338D 
 146 054e 26F2314E 		.ascii	"&\3621N\031\352{\333\377\201\017\252(\301\341/\033\237"
 146      19EA7BDB 
 146      FF810FAA 
 146      28C1E12F 
 146      1B9F
 147 0560 6845827B 		.ascii	"hE\202{E\370\321\230L\360B&x!\021LP\202F_\351D\010\036"
 147      45F8D198 
 147      4CF04226 
 147      7821114C 
ARM GAS  C:\Users\CYIRKO~1\AppData\Local\Temp\ccHXSNjl.s 			page 11


 147      5082465F 
 148 0578 630CBBCE 		.ascii	"c\014\273\316\\\3701Hd\270T\216+*6{\223\031\301\244"
 148      5CF83148 
 148      64B8548E 
 148      2B2A367B 
 148      9319C1A4 
 149 058c 4C302911 		.ascii	"L0)\021LQ\202\376\033=\317\265\370\204\232\022\234\032"
 149      4C5182FE 
 149      1B3DCFB5 
 149      F8849A12 
 149      9C1A
 150 059e BE5A23CD 		.ascii	"\276Z#\315\341E\025\036+\235&\360\313\004~\211@\340"
 150      E145151E 
 150      2B9D26F0 
 150      CB047E89 
 150      40E0
 151 05b0 0941D157 		.ascii	"\011A\321W\336\273\032\374\224\021l\277\334v?T$\270"
 151      DEBB1AFC 
 151      94116CBF 
 151      DC763F54 
 151      24B8
 152 05c2 7B1E8F1F 		.ascii	"{\036\217\037\230&\200\353\240D\000\237\214\340sJp\260"
 152      982680EB 
 152      A044009F 
 152      8CE0734A 
 152      70B0
 153 05d4 D2733F08 		.ascii	"\322s?\010Wi(\201\347\366H\237F\305\263\255@\362\004"
 153      57692881 
 153      E7F6489F 
 153      46C5B3AD 
 153      40F204
 154 05e7 7D976EDE 		.ascii	"}\227n\336)V\375jF7\361$\243\271\274\230\322\262\306"
 154      2956FD6A 
 154      4637F124 
 154      A3B9BC98 
 154      D2B2C6
 155 05fa C9133A31 		.ascii	"\311\023:1\202[\2767\266\261)\000\010\345\310\021\344"
 155      825BBE37 
 155      B6B12900 
 155      08E5C811 
 155      E4
 156 060b 48116CA6 		.ascii	"H\021l\246\021x\366\026Wc|\226E\360\305\356\211\353"
 156      1178F616 
 156      57637C96 
 156      45F0C5EE 
 156      89EB
 157 061d BC44D08A 		.ascii	"\274D\320\212\247\374r\032\362d\206<\211!\2372\324]"
 157      A7FC721A 
 157      F264863C 
 157      89219F32 
 157      D45D
 158 062f 3AFC3C18 		.ascii	":\374<\030o\323R\206\216\332:\217\352\265Ra\200\334"
 158      6FD35286 
 158      8EDA3A8F 
 158      EAB55261 
 158      80DC
 159 0641 947DCBB7 		.ascii	"\224}\313\267\346\\\027\204\375<\335\361\005\214A\361"
ARM GAS  C:\Users\CYIRKO~1\AppData\Local\Temp\ccHXSNjl.s 			page 12


 159      E65C1784 
 159      FD3CDDF1 
 159      058C41F1 
 160 0651 EB5A4088 		.ascii	"\353Z@\210\320\026\3765\362o\301hK\207AyH\020\247\362"
 160      D016FE35 
 160      F26FC168 
 160      4B874179 
 160      4810A7F2 
 161 0665 21B19537 		.ascii	"!\261\2257H\356\341\223\036*_7\253\224x2M\031\277\215"
 161      48EEE193 
 161      1E2A5F37 
 161      AB947832 
 161      4D19BF8D 
 162 0679 67870A69 		.ascii	"g\207\012i5\311\357\2554\273\315*\363\006g\272n\365"
 162      35C9EFAD 
 162      34BBCD2A 
 162      F30667BA 
 162      6EF5
 163 068b BA8F2212 		.ascii	"\272\217\"\022bc9\275\311\224e\313t/\2153\2717X\337"
 163      626339BD 
 163      C99465CB 
 163      742F8D33 
 163      B93758DF 
 164 069f 31A6A6D9 		.ascii	"1\246\246\331Rl.w\226\305f7\272\355\366t\227qcfV\004"
 164      526C2E77 
 164      96C56637 
 164      BAEDF674 
 164      97716366 
 165 06b5 FD8A303B 		.ascii	"\375\2120;3\"\254\031)V\213\305j1.\213^\032\021\367"
 165      3322AC19 
 165      29568BC5 
 165      6A312E8B 
 165      5E1A11F7 
 166 06c9 566CFCDF 		.ascii	"Vl\374\337c\215\320\377f\246=\323\372\246\325\234b3"
 166      638DD0FF 
 166      66A63DD3 
 166      FAA6D59C 
 166      6233
 167 06db DA3253D3 		.ascii	"\3322S\323\263,Vc\206\031\2702\255F\223\305\272\301"
 167      B32C5663 
 167      8619B832 
 167      AD4693C5 
 167      BAC1
 168 06ed 9C95EE36 		.ascii	"\234\225\3566\271?sX]\321i\234N\362\367\267\377\253"
 168      B93F7358 
 168      5DD1699C 
 168      4EF2F7B7 
 168      FFAB
 169 06ff 3FD7672E 		.ascii	"?\327g.\243\311\345\266\00098\301v\213S\355\310rX\234"
 169      A3C9E5B6 
 169      003938C1 
 169      768B53ED 
 169      C872589C 
 170 0713 5ABBCB61 		.ascii	"Z\273\313a\265Z\234\032;\011\300\251\316\260[\254N\262"
 170      B55A9C1A 
 170      3B09C0A9 
 170      CEB05BAC 
ARM GAS  C:\Users\CYIRKO~1\AppData\Local\Temp\ccHXSNjl.s 			page 13


 170      4EB2
 171 0725 066989AB 		.ascii	"\006i\211\253\3361&\020\377\0372\3774\026\273+6~Y\214"
 171      DE312610 
 171      FF1F32FF 
 171      3416BB2B 
 171      367E598C 
 172 0739 DD159366 		.ascii	"\335\025\223fN\217q\330\235nW\314\207\177\371`i\\LR"
 172      4E8F71D8 
 172      9D6E57CC 
 172      877FF960 
 172      695C4C52 
 173 074d D2CA98D5 		.ascii	"\322\312\230\325\311k\327\177\022GL&\007Hz\272\005\\"
 173      C96BD77F 
 173      12474C26 
 173      07487ABA 
 173      055C
 174 075f 85B9DC19 		.ascii	"\205\271\334\0310\235\215\016\233\335\344\262\272\263"
 174      309D8D0E 
 174      9BDDE4B2 
 174      BAB3
 175 076d 1C26B726 		.ascii	"\034&\267&y-YiM\362\032\326\254fM\"kV\261f%k\022X\363"
 175      792D5969 
 175      4DF21AD6 
 175      AC664D22 
 175      6B56B166 
 176 0786 67D6AC60 		.ascii	"g\326\254`\315\373\244\011J^\221\224`\317\334`\333\250"
 176      CDFBA409 
 176      4A5E9194 
 176      60CFDC60 
 176      DBA8
 177 0798 058F6B33 		.ascii	"\005\217k3m\356\327_\032\261\313\231J\332\350TN\343"
 177      6DEED75F 
 177      1AB1CB99 
 177      4ADAE854 
 177      4EE3
 178 07aa 72932171 		.ascii	"r\223!q/\035\". \235\225\213\254]P\212\335\354\264\220"
 178      2F1D222E 
 178      209D958B 
 178      AC5D508A 
 178      DDECB490 
 179 07be C12B5F3A 		.ascii	"\301+_:\230B\311\022\231\326}\224\220\264j}\354\333"
 179      9842C912 
 179      99D67D94 
 179      90B46A7D 
 179      ECDB
 180 07d0 6F9B12E3 		.ascii	"o\233\022\343\227\305\377u-3\001\235\306E\271\226\315"
 180      97C5FF75 
 180      2D33019D 
 180      C645B996 
 180      CD
 181 07e1 2F10ABD3 		.ascii	"/\020\253\323\006\323H\343\264\033\035t\036K\3475\034"
 181      06D348E3 
 181      B41B1D74 
 181      1E4BE735 
 181      1C
 182 07f2 0691B166 		.ascii	"\006\221\261fK\352\374\307\302 \030\033\"e\330d\003"
 182      4BEAFCC7 
ARM GAS  C:\Users\CYIRKO~1\AppData\Local\Temp\ccHXSNjl.s 			page 14


 182      C220181B 
 182      2265D864 
 182      03
 183 0803 06439A42 		.ascii	"\006C\232BY1\257\272\241\357\304\370O?\215I\223K\206"
 183      5931AFBA 
 183      A1EFC4F8 
 183      4F3F8D49 
 183      934B86
 184 0816 704BFB22 		.ascii	"pK\373\"\225\246\370\277\266\370\376}"
 184      95A6F8BF 
 184      B6F8FE7D 
 185              		.text
 186              		.section	.gnu.lto_.symtab.d4ec1a0f,"",%progbits
 187 0000 68616C49 		.ascii	"halInit\000"
 187      6E697400 
 188 0008 00       		.ascii	"\000"
 189 0009 00       		.ascii	"\000"
 190 000a 00       		.ascii	"\000"
 191 000b 00000000 		.ascii	"\000\000\000\000\000\000\000\000"
 191      00000000 
 192 0013 F8000000 		.ascii	"\370\000\000\000"
 193 0017 70616C5F 		.ascii	"pal_default_config\000"
 193      64656661 
 193      756C745F 
 193      636F6E66 
 193      696700
 194 002a 00       		.ascii	"\000"
 195 002b 02       		.ascii	"\002"
 196 002c 00       		.ascii	"\000"
 197 002d 00000000 		.ascii	"\000\000\000\000\000\000\000\000"
 197      00000000 
 198 0035 0A010000 		.ascii	"\012\001\000\000"
 199 0039 7374496E 		.ascii	"stInit\000"
 199      697400
 200 0040 00       		.ascii	"\000"
 201 0041 02       		.ascii	"\002"
 202 0042 00       		.ascii	"\000"
 203 0043 00000000 		.ascii	"\000\000\000\000\000\000\000\000"
 203      00000000 
 204 004b FA000000 		.ascii	"\372\000\000\000"
 205 004f 626F6172 		.ascii	"boardInit\000"
 205      64496E69 
 205      7400
 206 0059 00       		.ascii	"\000"
 207 005a 02       		.ascii	"\002"
 208 005b 00       		.ascii	"\000"
 209 005c 00000000 		.ascii	"\000\000\000\000\000\000\000\000"
 209      00000000 
 210 0064 FC000000 		.ascii	"\374\000\000\000"
 211 0068 7364496E 		.ascii	"sdInit\000"
 211      697400
 212 006f 00       		.ascii	"\000"
 213 0070 02       		.ascii	"\002"
 214 0071 00       		.ascii	"\000"
 215 0072 00000000 		.ascii	"\000\000\000\000\000\000\000\000"
 215      00000000 
 216 007a FE000000 		.ascii	"\376\000\000\000"
ARM GAS  C:\Users\CYIRKO~1\AppData\Local\Temp\ccHXSNjl.s 			page 15


 217 007e 67707449 		.ascii	"gptInit\000"
 217      6E697400 
 218 0086 00       		.ascii	"\000"
 219 0087 02       		.ascii	"\002"
 220 0088 00       		.ascii	"\000"
 221 0089 00000000 		.ascii	"\000\000\000\000\000\000\000\000"
 221      00000000 
 222 0091 00010000 		.ascii	"\000\001\000\000"
 223 0095 61646349 		.ascii	"adcInit\000"
 223      6E697400 
 224 009d 00       		.ascii	"\000"
 225 009e 02       		.ascii	"\002"
 226 009f 00       		.ascii	"\000"
 227 00a0 00000000 		.ascii	"\000\000\000\000\000\000\000\000"
 227      00000000 
 228 00a8 02010000 		.ascii	"\002\001\000\000"
 229 00ac 5F70616C 		.ascii	"_pal_lld_init\000"
 229      5F6C6C64 
 229      5F696E69 
 229      7400
 230 00ba 00       		.ascii	"\000"
 231 00bb 02       		.ascii	"\002"
 232 00bc 00       		.ascii	"\000"
 233 00bd 00000000 		.ascii	"\000\000\000\000\000\000\000\000"
 233      00000000 
 234 00c5 06010000 		.ascii	"\006\001\000\000"
 235 00c9 68616C5F 		.ascii	"hal_lld_init\000"
 235      6C6C645F 
 235      696E6974 
 235      00
 236 00d6 00       		.ascii	"\000"
 237 00d7 02       		.ascii	"\002"
 238 00d8 00       		.ascii	"\000"
 239 00d9 00000000 		.ascii	"\000\000\000\000\000\000\000\000"
 239      00000000 
 240 00e1 08010000 		.ascii	"\010\001\000\000"
 241              		.text
 242              		.section	.gnu.lto_.opts,"",%progbits
 243 0000 272D666D 		.ascii	"'-fmath-errno' '-fsigned-zeros' '-ftrapping-math' '"
 243      6174682D 
 243      6572726E 
 243      6F272027 
 243      2D667369 
 244 0033 2D666E6F 		.ascii	"-fno-trapv' '-fno-openmp' '-fno-openacc' '-mcpu=cor"
 244      2D747261 
 244      70762720 
 244      272D666E 
 244      6F2D6F70 
 245 0066 7465782D 		.ascii	"tex-m7' '-mno-thumb-interwork' '-mthumb' '-ggdb' '-"
 245      6D372720 
 245      272D6D6E 
 245      6F2D7468 
 245      756D622D 
 246 0099 4F322720 		.ascii	"O2' '-fomit-frame-pointer' '-falign-functions=16' '"
 246      272D666F 
 246      6D69742D 
 246      6672616D 
ARM GAS  C:\Users\CYIRKO~1\AppData\Local\Temp\ccHXSNjl.s 			page 16


 246      652D706F 
 247 00cc 2D666675 		.ascii	"-ffunction-sections' '-fdata-sections' '-fno-common"
 247      6E637469 
 247      6F6E2D73 
 247      65637469 
 247      6F6E7327 
 248 00ff 2720272D 		.ascii	"' '-flto'\000"
 248      666C746F 
 248      2700
 249              		.text
 250              		.comm	__gnu_lto_v1,1,1
 251              		.comm	__gnu_lto_slim,1,1
 252              		.ident	"GCC: (GNU Tools for ARM Embedded Processors 6-2017-q1-update) 6.3.1 20170215 (release) [AR
ARM GAS  C:\Users\CYIRKO~1\AppData\Local\Temp\ccHXSNjl.s 			page 17


DEFINED SYMBOLS
                            *ABS*:00000000 hal.c
                            *COM*:00000001 __gnu_lto_v1
                            *COM*:00000001 __gnu_lto_slim

NO UNDEFINED SYMBOLS
