ARM GAS  C:\Users\CYIRKO~1\AppData\Local\Temp\ccRGSNjl.s 			page 1


   1              		.cpu cortex-m7
   2              		.eabi_attribute 20, 1
   3              		.eabi_attribute 21, 1
   4              		.eabi_attribute 23, 3
   5              		.eabi_attribute 24, 1
   6              		.eabi_attribute 25, 1
   7              		.eabi_attribute 26, 1
   8              		.eabi_attribute 30, 2
   9              		.eabi_attribute 34, 1
  10              		.eabi_attribute 18, 4
  11              		.file	"hal_st.c"
  12              		.text
  13              	.Ltext0:
  14              		.section	.gnu.lto_.profile.d4ec01df,"",%progbits
  15 0000 789C6365 		.ascii	"x\234ce`b`a```d\220\342\001\000\000\300\0003"
  15      60626061 
  15      60606064 
  15      90E20100 
  15      00C00033 
  16              		.text
  17              		.section	.gnu.lto_.icf.d4ec01df,"",%progbits
  18 0000 789C6365 		.ascii	"x\234ce`bP`@\000V\206\205??\354\345a|\177c\371J\026"
  18      60625060 
  18      40005686 
  18      853F3FEC 
  18      E5617C7F 
  19 0018 A67D171E 		.ascii	"\246}\027\036\254ga~\177\256\367/;\313\211\217\213\026"
  19      AC67617E 
  19      7FAEF72F 
  19      3BCB898F 
  19      8B16
  20 002a F0320000 		.ascii	"\3602\000\000\0217\020\034"
  20      1137101C 
  21              		.text
  22              		.section	.gnu.lto_.jmpfuncs.d4ec01df,"",%progbits
  23 0000 789C6365 		.ascii	"x\234ce`b\020c@\000V\020\301\010\004\365L\014\014\314"
  23      60621063 
  23      40005610 
  23      C10804F5 
  23      4C0C0CCC 
  24 0014 209A0528 		.ascii	" \232\005(\000\000\016\012\0011"
  24      00000E0A 
  24      0131
  25              		.text
  26              		.section	.gnu.lto_.inline.d4ec01df,"",%progbits
  27 0000 789C6365 		.ascii	"x\234ce`b\310g@\000V\006\006\026\036F\240 \003\003\333"
  27      6062C867 
  27      40005606 
  27      06161E46 
  27      A0200303 
  28 0015 027910C5 		.ascii	"\002y\020\305\300\310\005\"\030\330X\031\031\031\004"
  28      C0C80522 
  28      18D85819 
  28      191904
  29 0024 18191898 		.ascii	"\030\031\030\230\330>\350\301%\231\030X\230\201\312"
  29      D83EE8C1 
  29      25991858 
ARM GAS  C:\Users\CYIRKO~1\AppData\Local\Temp\ccRGSNjl.s 			page 2


  29      9881CA
  30 0033 992EF0C3 		.ascii	"\231.\360\303\205\230ABP\245\310\342,\230J\031\000\312"
  30      85984142 
  30      50A5C8E2 
  30      2C984A19 
  30      00CA
  31 0045 39089E   		.ascii	"9\010\236"
  32              		.text
  33              		.section	.gnu.lto_.pureconst.d4ec01df,"",%progbits
  34 0000 789C6365 		.ascii	"x\234ce`b\340f```e\220`\224b\222b\226b\221\002\000\004"
  34      6062E066 
  34      60606065 
  34      90609462 
  34      92629662 
  35 0018 1000A2   		.ascii	"\020\000\242"
  36              		.text
  37              		.section	.gnu.lto_stInit.d4ec01df,"",%progbits
  38 0000 789C6365 		.ascii	"x\234ce`bX\314\300\300`\000\304\322@\314\310\314\300"
  38      606258CC 
  38      C0C06000 
  38      C4D240CC 
  38      C8CCC0
  39 0013 C834E11C 		.ascii	"\3104\341\034\003C#\007\023##\210\321\300\301\310P\317"
  39      03432307 
  39      13232388 
  39      D1C0C1C8 
  39      50CF
  40 0025 C458CFD8 		.ascii	"\304X\317\330\317<\235\231\361P\373\263\235L\232\313"
  40      CF3C9D99 
  40      F150FBB3 
  40      9D4C9ACB 
  41 0035 1B80E0C0 		.ascii	"\033\200\340\300\364\037\222\015+\0160\316gf`\230\011"
  41      F41F920D 
  41      2B0E30CE 
  41      67666098 
  41      09
  42 0046 C420C0B8 		.ascii	"\304 \300\270\234Q\223\001\250\354\321\306\177Sy\331"
  42      9C519301 
  42      A8ECD1C6 
  42      7F5379D9 
  43 0056 5820E28C 		.ascii	"X \342\214+\030\331\030\201\364\372K\214\007\032\376"
  43      2B18D918 
  43      81F4FA4B 
  43      8C071AFE 
  44 0066 FD6F6F38 		.ascii	"\375oo8pg\021\343\177V\240T\027\020\203\354\350ff\002"
  44      706711E3 
  44      7F56A054 
  44      171083EC 
  44      E8666602 
  45 007a D1CCAF19 		.ascii	"\321\314\257\031\233\027\374\226\006\251\007\031\262"
  45      9B17FC96 
  45      06A90719 
  45      B2
  46 0087 73E79BDB 		.ascii	"s\347\233\333\354\365\177\0338\34633\316d\006\232\300"
  46      ECF57F1B 
  46      38E63333 
  46      CE64069A 
ARM GAS  C:\Users\CYIRKO~1\AppData\Local\Temp\ccRGSNjl.s 			page 3


  46      C0
  47 0098 B892B19E 		.ascii	"\270\222\261\236a>P\355[\306\246\005\377\271\301\352"
  47      613E50ED 
  47      5BC6A605 
  47      FFB9C1EA 
  48 00a8 40A00B28 		.ascii	"@\240\013(\011\324\316\304\300\240\347j\025\343\234"
  48      09D4CEC4 
  48      C0A0E76A 
  48      15E39C
  49 00b7 91999419 		.ascii	"\221\231\224\031\\R\232\222\231\037\223\014b\347\027"
  49      5C529A92 
  49      991F930C 
  49      62E717
  50 00c6 1B9A9BE9 		.ascii	"\033\232\233\351\347\027\353g$\346\350\027\027%\203"
  50      E717EB67 
  50      24E6E817 
  50      172583
  51 00d5 E8F8E212 		.ascii	"\350\370\342\022\275d\006\000)uH\002"
  51      BD640600 
  51      29754802 
  52              		.text
  53              		.section	.gnu.lto_stStartAlarm.d4ec01df,"",%progbits
  54 0000 789C9D52 		.ascii	"x\234\235RMh\023A\024\236o'\335\015\361\247\036<\010"
  54      4D681341 
  54      149E6F27 
  54      DD0DF1A7 
  54      1E3C08
  55 0013 E6204229 		.ascii	"\346 B)\365\220%\012\376]\255\202\320\236\332c\241\264"
  55      F590250A 
  55      FE5DAD82 
  55      D09EDA63 
  55      A1B4
  56 0025 A9904024 		.ascii	"\251\220@$\322D\217v\033\033\203\251\177\227&\315!n"
  56      D2448F76 
  56      1B1B83A9 
  56      7F9726CD 
  56      216E
  57 0037 314ADA68 		.ascii	"1J\332h\232\246\376\265Za\011\212\027M\245=x\320\202"
  57      9AA6FEB5 
  57      5A61098A 
  57      174DA53D 
  57      78D082
  58 004a 082D0A15 		.ascii	"\010-\012\025K\015\026\021\022\337L\242\324\223\342"
  58      4B0D1611 
  58      12DF4CA2 
  58      D493E2
  59 0059 C0EC9BF7 		.ascii	"\300\354\233\367\366{\337\373\336\314k`\012+)\214\205"
  59      F67BDFFB 
  59      DECC6B60 
  59      0A2B298C 
  59      85
  60 006a 1963BB69 		.ascii	"\031c\273i\2033(\327K\214\015\332\025@\034\014;\330"
  60      833328D7 
  60      4B8C0DDA 
  60      15401C0C 
  60      3BD8
  61 007c 8082015C 		.ascii	"\200\202\001\\\343\011\216bteVi\311\030\264\254\304"
ARM GAS  C:\Users\CYIRKO~1\AppData\Local\Temp\ccRGSNjl.s 			page 4


  61      E3098E62 
  61      74655669 
  61      C918B4AC 
  61      C4
  62 008d 8C7AD188 		.ascii	"\214z\321\210\35429cI\332b!\203\026B=\257nX\215W\271"
  62      EC323963 
  62      49DA6221 
  62      8316423D 
  62      AF6E588D 
  63 00a3 C90185DC 		.ascii	"\311\001\205\334\205\265\227\251-\302U\260\203\334\037"
  63      85B597A9 
  63      2DC255B0 
  63      83DC1F
  64 00b2 D9A9778D 		.ascii	"\331\251w\215\334\015F\347\365\033\326\336\346\333\206"
  64      DC0D46E7 
  64      F51BD6DE 
  64      E6DB86
  65 00c1 1136ACD5 		.ascii	"\0216\254\325\013\334\330ir\216,8\361a\002N\214\303"
  65      0BDCD869 
  65      728E2C38 
  65      F161024E 
  65      8CC3
  66 00d3 C928C470 		.ascii	"\311(\304p\007\315\002\376\241P\031\331\246\332\322"
  66      07CD02FE 
  66      A15019D9 
  66      A6DAD2
  67 00e2 BF4AE22E 		.ascii	"\277J\342.T\220\315/\3002*\325\250a\225oa\361\204F\332"
  67      5490CD2F 
  67      C0322AD5 
  67      A861956F 
  67      61F18446 
  68 00f7 298353AE 		.ascii	")\203S\256\215\261\030!E'\303\\\021\226/C\021\\\227"
  68      8DB11821 
  68      4527C35C 
  68      11962F43 
  68      115C97
  69 010a ACD83307 		.ascii	"\254\3303\007?\"e\274y\233J8\232\322R\307Jr\353\250"
  69      3F2265BC 
  69      799B4A38 
  69      9AD252C7 
  69      4A72EBA8 
  70 011e 6185F708 		.ascii	"a\205\367\010)\271?\245\310\026'\321\224\"\246O\010"
  70      29B93FA5 
  70      C81627D1 
  70      9422A64F 
  70      08
  71 012f AF47BFCC 		.ascii	"\257G\277\314/\335\324~\353\032\252]\313k\225\013\220"
  71      2FDDD47E 
  71      EB1AAA5D 
  71      CB6B950B 
  71      90
  72 0140 1497E4D8 		.ascii	"\024\227\344\330\244\233!\017\225(\246\240\2468\257"
  72      A49B210F 
  72      9528A6A0 
  72      A638AF
  73 014f B114E3DF 		.ascii	"\261\024\343\337+\253#\207E\214\200\361Hq^\023W\325"
  73      2BAB2387 
ARM GAS  C:\Users\CYIRKO~1\AppData\Local\Temp\ccRGSNjl.s 			page 5


  73      458C80F1 
  73      48715E13 
  73      57D5
  74 0161 20F34AB9 		.ascii	" \363J\271\2155G\315\025\3346\012\245'\277\275\260\233"
  74      8D3547CD 
  74      15DC360A 
  74      A527BFBD 
  74      B09B
  75 0173 48C1E42A 		.ascii	"H\301\344*\246IXA\010\243\037\331W\345\257\232\2363"
  75      A6495841 
  75      08A31FD9 
  75      57E5AF9A 
  75      9E33
  76 0185 86068DB1 		.ascii	"\206\006\215\261\363&\327p\017&F\251wY\224\000\325x"
  76      F326D770 
  76      0F2646A9 
  76      77599400 
  76      D578
  77 0197 614975E7 		.ascii	"aIu\347%`\232\322\355\270\017\035\373\234u\004\036\300"
  77      25609AD2 
  77      EDB80F1D 
  77      FB9C7504 
  77      1EC0
  78 01a9 4DAA84A4 		.ascii	"M\252\204\244\362\307\271\310\366\272\242\177\255g\307"
  78      F2C7B9C8 
  78      F6BAA27F 
  78      AD67C7
  79 01b8 43590F75 		.ascii	"CY\017u\266G\3207\367CS\204\031\312\224\354O\377\203"
  79      B647D037 
  79      F7435384 
  79      19CA94EC 
  79      4FFF83
  80 01cb 7D56B22B 		.ascii	"}V\262+u\366\307\222}\316\274<\341\250\261+xB\231\313"
  80      75F6C792 
  80      7DCEBC3C 
  80      E1A8B12B 
  80      784299CB 
  81 01df 08BF1F1E 		.ascii	"\010\277\037\036\367\310\261\020O\300>#<\226\271\002"
  81      F7C8B110 
  81      4FC03E23 
  81      3C96B902 
  82 01ef 1190AF17 		.ascii	"\021\220\257\027#}4\0034\361\256\343G\273\216y}\275"
  82      237D3403 
  82      34F1AEE3 
  82      47BB8E79 
  82      7DBD
  83 0201 BE8ED0D9 		.ascii	"\276\216\320\331>_\240\313#\316\201\240\373\320A=\020"
  83      3E5FA0CB 
  83      23CE81A0 
  83      FBD0413D 
  83      10
  84 0212 D4BD3D7E 		.ascii	"\324\275=~=\330\357\021\266;\030ry\230\326\323\033\014"
  84      3DD8EF11 
  84      B63B1872 
  84      7998D6D3 
  84      1B0C
  85 0224 F94E9FB2 		.ascii	"\371N\237\262\211O\353_s\317\004\372CA\275\243\263\375"
ARM GAS  C:\Users\CYIRKO~1\AppData\Local\Temp\ccRGSNjl.s 			page 6


  85      894FEB5F 
  85      73CF04FA 
  85      4341BDA3 
  85      B3FD
  86 0236 C07EBDAD 		.ascii	"\300~\275\255\255U\357<\331~\316]g\353\366\373\373\\"
  86      AD55EF3C 
  86      D97ECE5D 
  86      67EBF6FB 
  86      FB5C
  87 0248 5EF61375 		.ascii	"^\366\023u\355\024\325"
  87      ED14D5
  88              		.text
  89              		.section	.gnu.lto_stStopAlarm.d4ec01df,"",%progbits
  90 0000 789C8550 		.ascii	"x\234\205P\277KBQ\024>\337\273\366\224\240\275\310\255"
  90      BF4B4251 
  90      143EDFBB 
  90      F694A0BD 
  90      C8AD
  91 0012 C9E53D2C 		.ascii	"\311\345=,(h\315\202@'\035\005)\035\024\004\303\247"
  91      2868CD82 
  91      40271D05 
  91      291D1404 
  91      C3A7
  92 0024 AD3E4313 		.ascii	"\255>C\023\024\252%\315!\336\340`Y*\215A\201H\320\224"
  92      14AA25CD 
  92      21DEE060 
  92      592A8D41 
  92      8148D094 
  93 0038 417F8134 		.ascii	"A\177\2014\004\016A\244\224\020X\367>#\334:p8\277\276"
  93      040E41A4 
  93      941058F7 
  93      3E23DC3A 
  93      7038BFBE 
  94 004c F37DE7DE 		.ascii	"\363}\347\336)\222H\001Q\222\210\346\271\203\021\244"
  94      29924801 
  94      519288E6 
  94      B98311A4 
  95 005c A30E51DA 		.ascii	"\243\016Q\332&\001\"\321m\240\224\204\024\016Y\211\241"
  95      260122D1 
  95      6DA09484 
  95      140E5989 
  95      A1
  96 006d 9D7BB996 		.ascii	"\235{\271\226\034U\235[\2534\220\367\365\354\254\301"
  96      1C559D5B 
  96      AB3490F7 
  96      F5ECACC1 
  97 007d 88CADC85 		.ascii	"\210\312\334\205\241\012\007q\330\363\325\350xF\266"
  97      A10A0771 
  97      D8F3D5E8 
  97      7846B6
  98 008c 8CFB3883 		.ascii	"\214\3738\203\314%\250\371\204\226>\372\316\351\255"
  98      CC25A8F9 
  98      84963EFA 
  98      CEE9AD
  99 009b BB0ABE36 		.ascii	"\273\012\2766\370(\317]h\024\230$\"\353\241=\030\366"
  99      F828CF5D 
  99      68149824 
ARM GAS  C:\Users\CYIRKO~1\AppData\Local\Temp\ccRGSNjl.s 			page 7


  99      22EBA13D 
  99      18F6
 100 00ad 6E8ACA1F 		.ascii	"n\212\312\037Ef\2544\224\231ISf\230\244\3079d\316_\203"
 100      4566AC34 
 100      94994953 
 100      6698A4C7 
 100      3964CE5F 
 101 00c2 CC9BC56C 		.ascii	"\314\233\305l\373\321z\300\014\006\023\323\251\177\276"
 101      FBD17AC0 
 101      0C0613D3 
 101      A97FBE
 102 00d1 4D8F4BC1 		.ascii	"M\217K\301a\341\255J\343\343\336f\340\024\006\223p\011"
 102      61E1AD4A 
 102      E3E3DE66 
 102      E0140693 
 102      7009
 103 00e3 3B2E6027 		.ascii	";.`'\201\255=\014\372V\265\256g\322z\267\332\237{\347"
 103      81AD3D0C 
 103      FA56B5AE 
 103      67D27AB7 
 103      DA9F7BE7 
 104 00f7 5B0C7518 		.ascii	"[\014u\0308\341\007\232\"h@\235\324\340w\240\311\267"
 104      38E1079A 
 104      2268409D 
 104      D4E077A0 
 104      C9B7
 105 0109 5FB1D72D 		.ascii	"_\261\327-\334.\210\333\314\017\310\363\001\177\211"
 105      DC2E88DB 
 105      CC0FC8F3 
 105      017F89
 106 0118 44A4ACAF 		.ascii	"D\244\254\257\372\327\302\221\355\2107\221\014Eb\376"
 106      FAD7C291 
 106      ED883791 
 106      0C4562FE 
 107 0128 A0C8639A 		.ascii	"\240\310c\232seY\215ijx+\252j\361\240\210\001-\241\004"
 107      7365598D 
 107      696A782B 
 107      AA6AF1A0 
 107      88012DA1 
 108 013d C9F52F7C 		.ascii	"\311\365/|'\026Oh\252\327\347YZT\335n\227\352\333\364"
 108      27164F68 
 108      AAD7E759 
 108      5A54DD6E 
 108      97EADBF4 
 109 0151 EC3A7F09 		.ascii	"\354:\177\011\002\321hH\011\323\017\206\007\216\322"
 109      02D16848 
 109      09D30F86 
 109      078ED2
 110              		.text
 111              		.section	.gnu.lto_stSetAlarm.d4ec01df,"",%progbits
 112 0000 789C8552 		.ascii	"x\234\205RMh\023A\024~\337N\262\033\242R\021\017\202"
 112      4D681341 
 112      147EDF4E 
 112      B21BA252 
 112      110F82
 113 0013 3988504A 		.ascii	"9\210PJ=d\211\202\177W+\"\264\247\366X(m*$\020\2114"
 113      3D648982 
ARM GAS  C:\Users\CYIRKO~1\AppData\Local\Temp\ccRGSNjl.s 			page 8


 113      7F572B22 
 113      B4A7F658 
 113      286D2A24 
 114 002a D1633B5D 		.ascii	"\321c;][\203-T/&\355a\335b\224jl\232\244*(^\226\340"
 114      5B832D54 
 114      2F26ED61 
 114      DD62946A 
 114      6C9AA42A 
 115 0042 CF455BE8 		.ascii	"\317E[\350\305\203\021D\254\340A,\365'\210\220\370f"
 115      C5831144 
 115      ACE0412C 
 115      F5278890 
 115      F866
 116 0054 53454F0E 		.ascii	"SEO\016\314\274\237\371\3367\337{\214\2374\332\245\021"
 116      CCBC9FF9 
 116      DE37DF7B 
 116      8C9F34DA 
 116      A511
 117 0066 5944B497 		.ascii	"YD\264\2277\004A\273\272B4\036\320\000\345\310\000h"
 117      370441BB 
 117      BA42341E 
 117      D000E5C8 
 117      0068
 118 0078 4CC318AE 		.ascii	"L\303\030\256\210\234@5\363\341\221\326\271 y\271\271"
 118      889C4035 
 118      F3E191D6 
 118      B92079B9 
 118      B9
 119 0089 B271494E 		.ascii	"\262qIN\356q\004\321\034o\265\260\200NF=m\326\335\266"
 119      EE7104D1 
 119      1C6FB5B0 
 119      804E463D 
 119      6DD6DDB6 
 120 009d 19E10840 		.ascii	"\031\341\010@\343pm\343\205\275M\205\032vr\370\263P"
 120      E3706DE3 
 120      85BD4D85 
 120      1A7672F8 
 120      B350
 121 00af AEB58908 		.ascii	"\256\265\211\010\210\375\315\353\356\376\216[RZ\322"
 121      88FDCDEB 
 121      EEFE8E5B 
 121      525AD2
 122 00be AD5D1472 		.ascii	"\255]\024r\267#\004\012\020\314\207;\010\3416B\304)"
 122      B723040A 
 122      10CC873B 
 122      08E13642 
 122      C429
 123 00d0 C25D7428 		.ascii	"\302]t(\370\273J\343\332\016\335\227\377\375$\026\241"
 123      F8BB4AE3 
 123      DA0EDD97 
 123      FFFD2416 
 123      A1
 124 00e1 836D690D 		.ascii	"\203mi\015\256l43\322}\177\023\217O\371Y;W\010\256\365"
 124      AE6C3433 
 124      D27D7F13 
 124      8F4FF959 
 124      3B5708AE 
ARM GAS  C:\Users\CYIRKO~1\AppData\Local\Temp\ccRGSNjl.s 			page 9


 125 00f6 114D3152 		.ascii	"\021M1Ru2-4e\305:4\305u\331\235z\022\024\307<\031\257"
 125      75322D34 
 125      65C53A34 
 125      C575D99D 
 125      7A1214C7 
 126 010d 5EDBB960 		.ascii	"^\333\271`{\336\323\361\314\336>+]k\237\222R\374W\212"
 126      7BDED3F1 
 126      CCDE3E2B 
 126      5D6B9F92 
 126      52FC578A 
 127 0121 D7E212DA 		.ascii	"\327\342\022\332mf\372\010k3\363y\365\333\015\343\217"
 127      6D66FA08 
 127      6B33F379 
 127      F5DB0DE3 
 127      8F
 128 0132 AE89D658 		.ascii	"\256\211\326X\036\032B\201<qs\002\177\351&\224\2403"
 128      1E1A4281 
 128      3C717302 
 128      7FE92694 
 128      A033
 129 0144 4519BA2D 		.ascii	"E\031\272-D\213\245\232\375\321X\314\035U9\006f'\253"
 129      448BA59A 
 129      FDD158CC 
 129      1D553906 
 129      6627AB
 130 0157 AB861A95 		.ascii	"\253\206\032\225\337\253[)\3267\202\255Pq\3738\225_"
 130      DFAB5B29 
 130      D63782AD 
 130      5071FB38 
 130      955F
 131 0169 FAFE3CE0 		.ascii	"\372\376<\340\300\206#t,\263\260\212\022\306\027\205"
 131      C0862374 
 131      2CB3B08A 
 131      12C61785 
 132 0179 975FBF18 		.ascii	"\227_\277\030fQN\214\313\371QG\030\270\007\007\263\334"
 132      66514E8C 
 132      CBF95147 
 132      18B80707 
 132      B3DC
 133 018b BBF72803 		.ascii	"\273\367(\003\232\331\312\033=R\362\000\313\\\036\300"
 133      9AD9CA1B 
 133      3D52F200 
 133      CB5C1EC0 
 134 019b 7D983810 		.ascii	"}\2308\020\332B\340\001\"\254\212\326a\275\235\256E"
 134      DA42E001 
 134      22AC8AD6 
 134      61BD9DAE 
 134      45
 135 01ac BDD1AA36 		.ascii	"\275\321\2526\350\023\254\371\372\014T\302\233\300\024"
 135      E813ACF9 
 135      FA0C54C2 
 135      9BC014
 136 01bb F7C473E4 		.ascii	"\367\304s\344_\023>y\274\377D,>\024\357M\237\037\216"
 136      5F133E79 
 136      BCFF442C 
 136      3E14EF4D 
 136      9F1F8E
ARM GAS  C:\Users\CYIRKO~1\AppData\Local\Temp\ccRGSNjl.s 			page 10


 137 01ce 27FBA3CA 		.ascii	"'\373\243\312O\246\"G\016\233\311\224\031\033L\230\251"
 137      4FA62247 
 137      0E9BC994 
 137      191B4C98 
 137      A9
 138 01df 91A8B203 		.ascii	"\221\250\262\003\251t8J\306\340P*\035?{\306\247\216"
 138      A974384A 
 138      C6E0502A 
 138      1D3F7BC6 
 138      A78E
 139 01f1 AEFFD69E 		.ascii	"\256\377\326\236K\216\244Sfo_\317\241\203fww\227\331"
 139      4B8EA453 
 139      666F5FCF 
 139      A1836677 
 139      7797D9
 140 0204 77BAE742 		.ascii	"w\272\347Bd\213m \221\030\016\307\350\027K\002\327@"
 140      648B6D20 
 140      91180EC7 
 140      E8174B02 
 140      D740
 141              		.text
 142              		.section	.gnu.lto_stGetAlarm.d4ec01df,"",%progbits
 143 0000 789C8590 		.ascii	"x\234\205\220MH\033Q\024\205\357\231\233\314\214\212"
 143      4D481B51 
 143      1485EF99 
 143      9BCC8C8A 
 144 0010 B46B0DB8 		.ascii	"\264k\015\270\326E\206(X\350\266\026\021\324\215.\005"
 144      D6458628 
 144      58E8B616 
 144      11D48D2E 
 144      05
 145 0021 B1719140 		.ascii	"\261q\221@ \305\211\335\372\014Zi\013*\202F\2210B\204"
 145      20C589DD 
 145      FA0C5A69 
 145      0B2A8246 
 145      91304284 
 146 0035 F8D318B3 		.ascii	"\370\323\030\263u!\203 \335\264*\356\013R\334dQ\010"
 146      75218320 
 146      DDB42AEE 
 146      0B52DC64 
 146      5108
 147 0047 2A5A518C 		.ascii	"*ZQ\214\367E)\335\365\301\373\271\227\217s\317yA2\350"
 147      F74529DD 
 147      F5C1FBB9 
 147      978F73CF 
 147      794132E8 
 148 005b 2388C689 		.ascii	"#\210\306\211\250Y6\230`\314\037\021M\332\006\240\037"
 148      A8593698 
 148      60CC1F11 
 148      4DDA06A0 
 148      1F
 149 006c CA064D18 		.ascii	"\312\006M\030\230\300\034g\030\207\325\033\377\305,"
 149      98C01C67 
 149      1887D51B 
 149      FFC52C
 150 007b 7B1A93F2 		.ascii	"{\032\223\362\264\362=\333\240K\340\245\224[\353\305"
 150      B4F23DDB 
ARM GAS  C:\Users\CYIRKO~1\AppData\Local\Temp\ccRGSNjl.s 			page 11


 150      A04BE0A5 
 150      945BEBC5 
 151 008b 0BBB35AF 		.ascii	"\013\2735\257TZ\371\231\212\265\272{\242\202\036\033"
 151      545AF999 
 151      8AB5BA7B 
 151      A2821E1B 
 152 009b B422F806 		.ascii	"\264\"\370\006B\310#\244gl\242\225\204\376UzXl4\003"
 152      42C823A4 
 152      676CA295 
 152      84FE557A 
 152      586C3403 
 153 00af 39260D48 		.ascii	"9&\015H\177\013\246X\241\342)|\365P\235Q\376y\016w\335"
 153      7F0BA658 
 153      A1E2297C 
 153      F5509D51 
 153      FE790E77 
 154 00c4 01833C66 		.ascii	"\001\203<f\226#@\364Y@\355\352\213\250\312\315e\034"
 154      962340F4 
 154      5940EDEA 
 154      8BA8CACD 
 154      651C
 155 00d6 ECDF96EF 		.ascii	"\354\337\226\3573\375\177\365\246\224,?\363\307j\252"
 155      33FD7FF5 
 155      A6942C3F 
 155      F3C76AAA 
 156 00e6 09AE30FE 		.ascii	"\011\2560\376\231E\330\206)\223\276\302\314\262\016"
 156      9945D886 
 156      2993BEC2 
 156      CCB20E
 157 00f5 B0347D70 		.ascii	"\2604}pl\351\000\301\032vT\270\251\324?\225Z& \255\334"
 157      6CE900C1 
 157      1A7654B8 
 157      A9D43F95 
 157      5A2620AD 
 158 010a CEF537DB 		.ascii	"\316\3657\333C\026\036\233\330\221\020\005\035B\207"
 158      43161E9B 
 158      D8911005 
 158      1D4287
 159 0119 FD717569 		.ascii	"\375qui9\00555\251\316\362\227-\013u\036[(\302\303\262"
 159      39053535 
 159      A9CEF297 
 159      2D0B751E 
 159      5B28C2C3 
 160 012e 78ACCD11 		.ascii	"x\254\315\021\250\272T\372iF\212\032Z\3333<\266\261"
 160      A8BA54FA 
 160      69468A1A 
 160      5ADB333C 
 160      B6B1
 161 0140 0B076DA1 		.ascii	"\013\007m\241g\002%D\250\214\364\305\314&?\231b\361"
 161      67022544 
 161      A88CF4C5 
 161      CC263F99 
 161      62F1
 162 0152 45BF913E 		.ascii	"E\277\221>\373t\317\332\277t\344K$7t^\203(\374\366\365"
 162      FB74CFDA 
 162      BF74E44B 
 162      2437745E 
ARM GAS  C:\Users\CYIRKO~1\AppData\Local\Temp\ccRGSNjl.s 			page 12


 162      8328FCF6 
 163 0167 D09B58FC 		.ascii	"\320\233X\374]| 5>\032O\016E\365;\351F^u:I\327\211\215"
 163      5D7C2035 
 163      3E1A4F0E 
 163      45F53BE9 
 163      465E753A 
 164 017f 241C772C 		.ascii	"$\034w,\252\357a7\025\216R\327\177\361\367\311\261\224"
 164      AAEF6137 
 164      158E52D7 
 164      7FF1F7C9 
 164      B194
 165 0191 EB0C0CF6 		.ascii	"\353\014\014\366u\264;\275\275]\316`O\337\207\310\263"
 165      75B43BBD 
 165      BD5DCE60 
 165      4FDF87C8 
 165      B3
 166 01a2 C0702231 		.ascii	"\300p\"1\032\216\321#Eq\252\206"
 166      1A8ED123 
 166      4571AA86 
 167              		.text
 168              		.section	.gnu.lto_.symbol_nodes.d4ec01df,"",%progbits
 169 0000 789C55C8 		.ascii	"x\234U\310K\015\200@\014\006\341\351\277\254/\020\305"
 169      4B0D8040 
 169      0C06E1E9 
 169      BFAC2F10 
 169      C5
 170 0011 B92B0101 		.ascii	"\271+\001\001<\023T \002\015(!4\334:\227I\276\212\030"
 170      3C135420 
 170      020D2821 
 170      34DC3A97 
 170      49BE8A18 
 171 0025 8934CB61 		.ascii	"\2114\313a\272!v\265!d\221[\226U\256,\233\274d\331\345"
 171      BA2176B5 
 171      2164915B 
 171      9655AE2C 
 171      9BBC64D9 
 172 003a 5D123BE4 		.ascii	"]\022;\344\365\027h\255\207B\345|^\343\003\325E\035"
 172      F51768AD 
 172      8742E57C 
 172      5EE303D5 
 172      451D
 173 004c 35       		.ascii	"5"
 174              		.text
 175              		.section	.gnu.lto_.refs.d4ec01df,"",%progbits
 176 0000 789C6365 		.ascii	"x\234ce`b`d\000\002\000\000I\000\011"
 176      60626064 
 176      00020000 
 176      490009
 177              		.text
 178              		.section	.gnu.lto_.decls.d4ec01df,"",%progbits
 179 0000 789CB557 		.ascii	"x\234\265WkPT\311\025\276}{\006a\000uGcL\305T(\013\205"
 179      6B5054C9 
 179      15BE7D7B 
 179      06610075 
 179      47634CC5 
 180 0018 4A6541D0 		.ascii	"JeA\320`\262?,\335\321\030\253V\223\032\315V\252Bj\012"
 180      60B23F2C 
ARM GAS  C:\Users\CYIRKO~1\AppData\Local\Temp\ccRGSNjl.s 			page 13


 180      DDD118AB 
 180      56931ACD 
 180      56AA426A 
 181 002d 615CA9E2 		.ascii	"a\\\251\342a\2341U[\371\261W\206U\026]\025\025\024P"
 181      619C3155 
 181      5BF9B157 
 181      8655165D 
 181      15151450 
 182 0041 01110401 		.ascii	"\001\021\004\001y\011\212\212\014\240\254\"(\213\253"
 182      79098A8A 
 182      0CA0AC22 
 182      288BAB
 183 0050 8828E01B 		.ascii	"\210(\340\033|\">@|\220\323\217\313\275^\0077I%\267"
 183      7C223E40 
 183      7C90D38F 
 183      CBBD5E07 
 183      374925B7 
 184 0064 38439FEE 		.ascii	"8C\237\356\357|\347\3649\335\267\373\352\005Q\3101\012"
 184      EF7CE7F4 
 184      39DDB7FB 
 184      EA0551C8 
 184      310A
 185 0076 C2442C08 		.ascii	"\302D,\010%H\020\206\341q\023\004\241HP\036\242\037"
 185      25481086 
 185      E1711304 
 185      A148501E 
 185      A21F
 186 0088 04A906A9 		.ascii	"\004\251\006\251\001\251\0059\011\322 \274\377\374\015"
 186      01A90539 
 186      09D220BC 
 186      FFFC0D
 187 0097 38804AF8 		.ascii	"8\200J\370\034\344\214\212G\344\034\256l\376\0116\036"
 187      1CE48C8A 
 187      47E41CAE 
 187      6CFE0936 
 187      1E
 188 00a8 DC064211 		.ascii	"\334\006B\021&\202\034\005\361\003\371\011\214M\004"
 188      26821C05 
 188      F103F909 
 188      8C4D04
 189 00b7 B90DED36 		.ascii	"\271\015\3556\201q\177\004\272\010\242G\214\227\304"
 189      81717F04 
 189      BA08A247 
 189      8C97C4
 190 00c6 F55368C3 		.ascii	"\365Sh\303\2370\035\275\313\375\025\350:\316-s\021\036"
 190      9F301DBD 
 190      CBFD15E8 
 190      3ACE2D73 
 190      111E
 191 00d8 0293EDC9 		.ascii	"\002\223\355\311\234\3745v\344q\374\007q!9.\236\237"
 191      9CFC3576 
 191      E471FC07 
 191      7121392E 
 191      9E9F
 192 00ea 5FF17882 		.ascii	"_\361x\2025\274\337pN-\337\364\037\341$\371\236\305"
 192      35BCDF70 
 192      4E2DDFF4 
ARM GAS  C:\Users\CYIRKO~1\AppData\Local\Temp\ccRGSNjl.s 			page 14


 192      1FE124F9 
 192      9EC5
 193 00fc 3943349C 		.ascii	"9C4\234;0\252\374\366d\265\330\211\256\"\300\242\361"
 193      3B30AAFC 
 193      F664B5D8 
 193      89AE22C0 
 193      A2F1
 194 010e B41721F6 		.ascii	"\264\027!\366\213\250PuX~\020\242\375\320+\012\234T"
 194      8BA85075 
 194      587E10A2 
 194      FDD02B0A 
 194      9C54
 195 0120 EE42B205 		.ascii	"\356B\262\005\327E\256\212\234\222\376qc\244bd\303\314"
 195      D745AE8A 
 195      9C92FE71 
 195      63A46264 
 195      C3CC
 196 0132 93FCB039 		.ascii	"\223\374\2609\260\0065\223\255\221\2508@Hm\240\"da\363"
 196      B0063593 
 196      AD91A838 
 196      40486DA0 
 196      226461F3 
 197 0146 F191F804 		.ascii	"\361\221\370\004erH\236\375\223\324\246;\206.t\215\364"
 197      6572489E 
 197      FD93D4A6 
 197      3B862E74 
 197      8DF4
 198 0158 66CE45B4 		.ascii	"f\316E\264o}\331\243.=\206e\002\355\256\227y\277\017"
 198      6F7DD9A3 
 198      2E3D8665 
 198      02EDAE97 
 198      79BF0F
 199 016b 2894D8E3 		.ascii	"(\224\330\343\3763%m\247\206\007\234\3436ad4 \021\324"
 199      FE33256D 
 199      A786079C 
 199      E3366164 
 199      342011D4 
 200 017f D6BEA6DD 		.ascii	"\326\276\246\335\236\240N4\240\361\240\016\256\275X"
 200      9EA04E34 
 200      A0F1A00E 
 200      AEBD58
 201 018e 6B989C42 		.ascii	"k\230\234B\255\034\322x\021}>\011\025\242)\250\000M"
 201      AD1CD278 
 201      117D3E09 
 201      15A229A8 
 201      004D
 202 01a0 01E74568 		.ascii	"\001\347Eh2\374.\3271&g\334\266\2421S3\245\314n\311"
 202      32FC2ED7 
 202      312667DC 
 202      B6A23153 
 202      33A5CC6E 
 203 01b5 D916F7CB 		.ascii	"\331\026\367\313\024\207\224\007V>\004\205\362\021F"
 203      14879407 
 203      563E0485 
 203      F21146
 204 01c4 07500089 		.ascii	"\007P\000\211\030\232\360\233\207\272\020\332\217:a"
 204      189AF09B 
ARM GAS  C:\Users\CYIRKO~1\AppData\Local\Temp\ccRGSNjl.s 			page 15


 204      87BA10DA 
 204      8F3A61
 205 01d3 3E07D154 		.ascii	">\007\321T\260v\024^I\324\343y4\330\234\241W}\030\202"
 205      B076145E 
 205      49D4E379 
 205      34D89CA1 
 205      577D1882 
 206 01e7 986E40C3 		.ascii	"\230n@\303\303\030:\212\037T\275\364f\035d\274\346\354"
 206      C3183A8A 
 206      1F54BDF4 
 206      661D64BC 
 206      E6EC
 207 01f9 995C2FBC 		.ascii	"\231\\/\274\204\264\305-Y\005\033<\220\301?A\222\342"
 207      84B4C52D 
 207      59051B3C 
 207      90C13F41 
 207      92E2
 208 020b 488C7A7F 		.ascii	"H\214z\177a$Bt\010\371\023\033\342\031\225Bg\011t\346"
 208      61244274 
 208      08F9131B 
 208      E2199542 
 208      670974E6 
 209 021f 92B938CF 		.ascii	"\222\2718\317\247O\337\261^\222DT\216\014\250L\211n"
 209      A74FDFB1 
 209      5E924454 
 209      8E0CA84C 
 209      896E
 210 0231 BA814DE6 		.ascii	"\272\201M\346DR\307\035\003v\"\352\343\265#\345\261"
 210      4452C71D 
 210      037622EA 
 210      E3B523E5 
 210      B1
 211 0242 0EF91BB8 		.ascii	"\016\371\033\270iU\360\311\257\211\351a0\255PL\201\011"
 211      6955F0C9 
 211      AF89E961 
 211      30AD504C 
 211      8109
 212 0254 FEB98CA3 		.ascii	"\376\271\214\243\322E\034\340dsE\307\353q8\207VH\314"
 212      D2451CE0 
 212      647345C7 
 212      EB713887 
 212      5648CC
 213 0267 DB9DFED0 		.ascii	"\333\235\376\320m\304\311p\363\254\\\352\344(89\242"
 213      6DC4C970 
 213      F3AC5CEA 
 213      E4283839 
 213      A2
 214 0278 38393CBA 		.ascii	"89<\272\223*\327N\212j\235M\336:\262)\010\025\024\213"
 214      932AD74E 
 214      8A6A9D4D 
 214      DE3AB229 
 214      0815148B 
 215 028c F4398613 		.ascii	"\3649\206\023\306\216Z\326\343\264\254\307\020\257\253"
 215      C68E5AD6 
 215      E3B4ACC7 
 215      10AFAB
 216 029b A33DA954 		.ascii	"\243=\251T\251\253\337\3652I\202\310$\035\301\241b%"
ARM GAS  C:\Users\CYIRKO~1\AppData\Local\Temp\ccRGSNjl.s 			page 16


 216      A9ABDFF5 
 216      324982C8 
 216      241DC1A1 
 216      6225
 217 02ad B4626D61 		.ascii	"\264bma\253ia\317\274*\033\213o\263U\330;\230\327\340"
 217      AB6961CF 
 217      BC2A1B8B 
 217      6FB355D8 
 217      3B98D7E0 
 218 02c1 C5A95A7F 		.ascii	"\305\251Z\177\236*9a\0260G\262BN(D'\264D5\224hk\371"
 218      9E2A3961 
 218      163047B2 
 218      424E2844 
 218      27B44435 
 219 02d9 40861E3F 		.ascii	"@\206\036?aLCw\317\326\271q\246\272_\2140\221\220\234"
 219      614C4377 
 219      CFD6B971 
 219      A6BA5F8C 
 219      3091909C 
 220 02ed 0A9353CB 		.ascii	"\012\223S\313TK\231\012\237\265\224y\343\327\214)\257"
 220      544B990A 
 220      9FB59479 
 220      E3D78C29 
 220      AF
 221 02fe 2047F254 		.ascii	" G\362T\347\202\244IIF\375;k\274#'\273@v\333\2201)I"
 221      E782A449 
 221      4946FD3B 
 221      6BBC2327 
 221      BB4076DB 
 222 0316 5EE38042 		.ascii	"^\343\200Bu\212\337:\255\337\223\324\357\223\215\217"
 222      758ADF3A 
 222      ADDF93D4 
 222      EF938D8F 
 223 0326 33C7E1F5 		.ascii	"3\307\341\365\230\372\315(\337\264\331\033\250\272\241"
 223      98FACD28 
 223      DFB4D91B 
 223      A8BAA1
 224 0335 DA5DF77E 		.ascii	"\332]\367~\235QrKJ0\320=\205N)L\247\010\023i4P\206\357"
 224      9D51724B 
 224      4A30D03D 
 224      854E294C 
 224      A7081369 
 225 034d E34B7661 		.ascii	"\343Kva\266[u\204\2609\355\346X\266[}\310&\037l\353"
 225      B65B7584 
 225      B039EDE6 
 225      58B65B7D 
 225      C8261F6C 
 226 0362 F4F24A24 		.ascii	"\364\362J$\213c\213C\362\370\003%;\015S\371\216N\345"
 226      8B638B43 
 226      F2F80325 
 226      3B0D53F9 
 226      8E4EE5
 227 0375 0CF29269 		.ascii	"\014\362\222i\241\011\370\303\327\223k<\030\333e\022"
 227      A109F8C3 
 227      D7936B3C 
 227      18DB6512 
 228 0385 52DAB167 		.ascii	"R\332\261g\215z\246\273\223\341G\005\207\275\031\273"
ARM GAS  C:\Users\CYIRKO~1\AppData\Local\Temp\ccRGSNjl.s 			page 17


 228      8D7AA6BB 
 228      93E14705 
 228      87BD19BB 
 229 0395 930C5FB8 		.ascii	"\223\014_\270\223\025\357\305\206[\210^\177\351\273"
 229      9315EFC5 
 229      865B885E 
 229      7FE9BB
 230 03a4 3E1DBECC 		.ascii	">\035\276\314\246s\355t~\001\211\314\217\354\331\341"
 230      A673ED74 
 230      7E0189CC 
 230      8FECD9E1 
 231 03b4 E171AA5D 		.ascii	"\341q\252]\353\307vm\353\346\376}cp'\205\213\251\215"
 231      EBC7766D 
 231      EBE6FE7D 
 231      63702785 
 231      8BA98D
 232 03c7 6D75AA2D 		.ascii	"mu\252-\225>'\265\237\344\361\002\344\376{e\366~#\213"
 232      953E27B5 
 232      9FE4F102 
 232      E4FE7B65 
 232      F67E238B 
 233 03db 9DCE4718 		.ascii	"\235\316G\030\231\014j\205\305\356\307\027{\013t\236"
 233      990C6A85 
 233      C5EEC717 
 233      7B0B749E 
 234 03eb 678B3D7F 		.ascii	"g\213=\177_\322^7\334\313|4\234\350\270\254\223_\015"
 234      5FD25E37 
 234      DCCB7C34 
 234      9CE8B8AC 
 234      935F0D
 235 03fe 5A824B2E 		.ascii	"Z\202K.\010\344\375=\265\201n\275\213\020\314\017J0"
 235      08E4FD3D 
 235      B5816EBD 
 235      8B10CC0F 
 235      4A30
 236 0410 17107F37 		.ascii	"\027\020\1777$\024n\252\307\206\004\262\\\376\035V\260"
 236      24146EAA 
 236      C78604B2 
 236      5CFE1D56 
 236      B0
 237 0421 686A7AD5 		.ascii	"hjz\325\254\307\375,S\033NU4\360\032\236&\372\366\243"
 237      ACC7FD2C 
 237      531B4E55 
 237      34F01A9E 
 237      26FAF6A3 
 238 0435 F5C73CF1 		.ascii	"\365\307<\361s6x3\361F\275\033\036b\212\\\000#/@F\307"
 238      73367833 
 238      F146BD1B 
 238      1E628A5C 
 238      00232F40 
 239 044b F34684DF 		.ascii	"\363F\204\337\262\301c\207\2177\360b\315P\275\270\215"
 239      B2C16387 
 239      8F37F062 
 239      CD50BDB8 
 239      8D
 240 045c ECC55D79 		.ascii	"\354\305]y\347L\203\201\325NB\240W\267^\235\213\035"
 240      E74C8381 
ARM GAS  C:\Users\CYIRKO~1\AppData\Local\Temp\ccRGSNjl.s 			page 18


 240      D54E42A0 
 240      57B75E9D 
 240      8B1D
 241 046e 3A6A59D7 		.ascii	":jY\327_\262\237\327\221\274\\\023R\373[\306\221\351"
 241      5FB29FD7 
 241      91BC5C13 
 241      52FB5BC6 
 241      91E9
 242 0480 487CD590 		.ascii	"H|\325\220\300F\026\315M2k\0248\005\335`Si\037<uEo\334"
 242      C04616CD 
 242      4D326B14 
 242      3805DD60 
 242      53691F3C 
 243 0498 42D15031 		.ascii	"B\321P1\035\315R7\300\273(\374\0262\312F\364tI~4V\015"
 243      1DCD5237 
 243      C0BB28FC 
 243      1632CA46 
 243      F474497E 
 244 04af 6EFB10F8 		.ascii	"n\373\020\370`v\316\016\003^\317\202L\177z\255\227\257"
 244      6076CE0E 
 244      035ECF82 
 244      4C7F7AAD 
 244      97AF
 245 04c1 4D7F5073 		.ascii	"M\177Ps_\034s\270\343\015ll\333\211\335\315c\360f\246"
 245      5F1C73B8 
 245      E30D6C6C 
 245      DB89DDCD 
 245      63F066A6 
 246 04d5 C87BC0C8 		.ascii	"\310{\300\310\366@\\\333\247x\033\033\251I\332z\015"
 246      F6405CDB 
 246      A7781B1B 
 246      A949DA7A 
 246      0D
 247 04e6 66C89447 		.ascii	"f\310\224G\361\267\273y~&\203\232|\366\276\037\336\305"
 247      F1B7BB79 
 247      7E26839A 
 247      7CF6BE1F 
 247      DEC5
 248 04f8 86DE9EAE 		.ascii	"\206\336\236\256\367\303{Y\273\2412o?\302yL\351Ok\270"
 248      F7C37B59 
 248      BBA1326F 
 248      3FC2794C 
 248      E94F6BB8 
 249 050c 6FC0854C 		.ascii	"o\300\205L\311l\335u\304\035\0273%w0\005N\240CL\371"
 249      C96CDD75 
 249      C41D1733 
 249      25773005 
 249      4EA0434C 
 250 0521 A1EA6282 		.ascii	"\241\352b\202'\256bJBi\351NO\\\315\224\270c\355I\374"
 250      27AE624A 
 250      4269E94E 
 250      4F5CCD94 
 250      B863ED49 
 251 0536 70ED26FA 		.ascii	"p\355&\372\255\234[\231\036\274*n\240'\2666\015 \\\313"
 251      AD9C5B99 
 251      1EBC2A6E 
 251      A027B636 
ARM GAS  C:\Users\CYIRKO~1\AppData\Local\Temp\ccRGSNjl.s 			page 19


 251      0D205CCB 
 252 054a C0899517 		.ascii	"\300\211\225\027:u\243\326\341\245\\\207\031\264\014"
 252      3A75A3D6 
 252      E1A55C87 
 252      19B40C
 253 0559 C9D5C915 		.ascii	"\311\325\311\025c\265eh\002\364Y\212\036\242\231})g"
 253      63B56568 
 253      02F4598A 
 253      1EA2997D 
 253      2967
 254 056b B6E57676 		.ascii	"\266\345vv\216N[\207\321\320\223\036'\326>\367F\276"
 254      8E4E5B87 
 254      D1D0931E 
 254      27D63EF7 
 254      46BE
 255 057d BEBE137C 		.ascii	"\276\276\023|U\217?\375\335+\305;$\347\300N\334Stn\243"
 255      558F3FFD 
 255      DD2BC53B 
 255      24E7C04E 
 255      DC53746E 
 256 0592 94598728 		.ascii	"\224Y\207(\025\244\031\015\243\011\312>\270JyO\223_"
 256      15A4190D 
 256      A309CA3E 
 256      B84A794F 
 256      935F
 257 05a4 8199DC88 		.ascii	"\201\231\334\210\201\227t<\246\360sZx\363{\360F\025"
 257      8197743C 
 257      A6F0735A 
 257      78F37BF0 
 257      4615
 258 05b6 BC430B6F 		.ascii	"\274C\013o\247\360 \202N\342s\232\253\023\320\000\214"
 258      A7F02082 
 258      4EE2739A 
 258      AB13D000 
 258      8C
 259 05c7 BFA04304 		.ascii	"\277\240C\004\015{\020m\024\375\321Z\321\027I \011 "
 259      0D7B106D 
 259      14FDD15A 
 259      D1174920 
 259      0920
 260 05d9 5F83C481 		.ascii	"_\203\304\201l\001\211\007\331\000\262\016\344\033\220"
 260      6C018907 
 260      D900B20E 
 260      E41B90
 261 05e8 6F413681 		.ascii	"oA6\201\254\007I\002y\215|\321[\220Dh;@\336@{\263\350"
 261      AC074902 
 261      798D7CD1 
 261      5B904468 
 261      3B40DE40 
 262 05ff 4BDFC62C 		.ascii	"K\337\306,\306+QJ\214\317\2641\006jg\324\252B?w\211"
 262      C62B514A 
 262      8CCFB431 
 262      066A67D4 
 262      AA423F77 
 263 0614 0E52C0FD 		.ascii	"\016R\300\375*\360\023-\270\013i\320WT\311\272\354:"
 263      2AF0132D 
 263      B80B69D0 
ARM GAS  C:\Users\CYIRKO~1\AppData\Local\Temp\ccRGSNjl.s 			page 20


 263      5754C9BA 
 263      EC3A
 264 0626 B72A745D 		.ascii	"\267*t]\264\202~\254E?\324\242\357\251\"\351\327\242"
 264      B4827EAC 
 264      453FD4A2 
 264      EFA922E9 
 264      D7A2
 265 0638 CFBE57B7 		.ascii	"\317\276W\267V\025\371\003-\374\236\226\274_\205\276"
 265      5615F903 
 265      2DFC9E96 
 265      BC5F85BE 
 266 0648 A345776A 		.ascii	"\243Ewj\3217T\241<u\035\212:)*\356\373\256#y'pU\016"
 266      D13754A1 
 266      3C751D8A 
 266      3A292AEE 
 266      FBAE2379 
 267 0660 AFB85E70 		.ascii	"\257\270^p\357\254O\025\373#\327Idpv\246\234{`\\+I\210"
 267      EFAC4F15 
 267      FB23D749 
 267      647076A6 
 267      9C7B605C 
 268 0677 C0047E9E 		.ascii	"\300\004~\236(\353\350\316C\3436\207tz\006%\353\325"
 268      28EBE8CE 
 268      43E33687 
 268      747A0625 
 268      EBD5
 269 0689 92DD7DAF 		.ascii	"\222\335}\257\"*\327=\256\321#\221\256\005x\314Z\012"
 269      222AD73D 
 269      AED12391 
 269      AE0578CC 
 269      5A0A
 270 069b 7F858C68 		.ascii	"\177\205\214h\220\303\345\255\217\032\265\344C\252\034"
 270      90C3E5AD 
 270      8F1AB5E4 
 270      43AA1C
 271 06aa F7B95E78 		.ascii	"\367\271^xj\362\241hF~\033\310\257s\270\374~\347\005"
 271      6AF2A168 
 271      467E1BC8 
 271      AF73B8FC 
 271      7EE705
 272 06bd 64707243 		.ascii	"dprCh\272\2247\026'\352\351\331\\\267\347x*\234\377"
 272      68BA9437 
 272      1627EAE9 
 272      D95CB7E7 
 272      782A9CFF 
 273 06d1 13587A5E 		.ascii	"\023Xz^<r\203\257\022\264]\234\200\266\212#\007.I\226"
 273      3C7283AF 
 273      12B45D9C 
 273      80B68A23 
 273      072E4996 
 274 06e5 EB1D8EB6 		.ascii	"\353\035\216\266\301\306\376\177orr2\364n\276.\252/"
 274      C1C6FE7F 
 274      6F727232 
 274      F46EBE2E 
 274      AA2F
 275 06f7 542442E5 		.ascii	"T$B\345\235\234,z\321\273\031\374\007pV\371\2634o\234"
 275      9D9C2C7A 
ARM GAS  C:\Users\CYIRKO~1\AppData\Local\Temp\ccRGSNjl.s 			page 21


 275      D1BB19FC 
 275      077056F9 
 275      B3346F9C 
 276 070b A267E7F8 		.ascii	"\242g\347\370\245\306\016\004\267;g7\271\335\371\026"
 276      A5C60E04 
 276      B73B6737 
 276      B9DDF916 
 277 071b 5CBE2549 		.ascii	"\\\276%I\300\023\217\330\2659E\231%4\337\275+\356\020"
 277      C0138FD8 
 277      B5394599 
 277      2534DFBD 
 277      2BEE10
 278 072e C94DEF42 		.ascii	"\311M\357B\305\353\016=\316gl\331\367\252\352\371Y\357"
 278      C5EB0E3D 
 278      CE676CD9 
 278      F7AAEAF9 
 278      59EF
 279 0740 0DEAD5BD 		.ascii	"\015\352\325\275\333st\354\030\351!\303Y\315OS\014\370"
 279      DB7374EC 
 279      18E921C3 
 279      59CD4F53 
 279      0CF8
 280 0752 30C3BEEA 		.ascii	"0\303\276\352\331\336\216\030\226DU\377\340\320\300"
 280      D9DE8E18 
 280      964455FF 
 280      E0D0C0
 281 0761 E8A7FB6E 		.ascii	"\350\247\373n\221\237*\273Dz\254\\\034\254\036\362\302"
 281      919F2ABB 
 281      447AAC5C 
 281      1CAC1EF2 
 281      C2
 282 0772 4ECAA4EB 		.ascii	"N\312\244\353\316\356\277\017_$S\0202\200\344\312\037"
 282      CEEEBF0F 
 282      5F245310 
 282      3280E4CA 
 282      1F
 283 0783 8F02CA12 		.ascii	"\217\002\312\022\015h\217\210\345\217\3574\011\350\373"
 283      0D688F88 
 283      E58FEF34 
 283      09E8FB
 284 0792 BE22DDEC 		.ascii	"\276\"\335\354\262\326\267W\302\223\0054\223\036V(\003"
 284      B2D6B757 
 284      C2930534 
 284      931E5628 
 284      03
 285 07a3 EA9345FD 		.ascii	"\352\223E\375\354\025\247\240Lp\224\006\265&=\340\360"
 285      EC15A7A0 
 285      4C709406 
 285      B5263DE0 
 285      F0
 286 07b4 484B55BA 		.ascii	"HKU\272\247r2!\312\235\006\270T\221\304\227-\032\345"
 286      A7723221 
 286      CA9D06B8 
 286      5491C497 
 286      2D1AE5
 287 07c7 28097A4B 		.ascii	"(\011zKsV\272\207\201"
 287      7356BA87 
ARM GAS  C:\Users\CYIRKO~1\AppData\Local\Temp\ccRGSNjl.s 			page 22


 287      81
 288 07d0 FB48F8A0 		.ascii	"\373H\370\240\017@\227\267\257\333\351\241\346\336\367"
 288      0F4097B7 
 288      AFDBE9A1 
 288      E6DEF7
 289 07df 21EEF6E7 		.ascii	"!\356\366\347i\215n\323\262\245\026'|\346\324\371\225"
 289      698D6ED3 
 289      B2A51627 
 289      7CE6D4F9 
 289      95
 290 07f0 C63925C7 		.ascii	"\3069%\307\\\224#\032Q:\024\013\276eT\246;\241g\231"
 290      5C94231A 
 290      513A140B 
 290      BE6554A6 
 290      3BA16799 
 291 0804 28A05C71 		.ascii	"(\240\\q\032\371(\030\256\312\364\306\247X\372\327%"
 291      1AF92818 
 291      AECAF4C6 
 291      A758FAD7 
 291      25
 292 0815 C695BA8D 		.ascii	"\306\225\272\215\024~V\241\252\360\3446\276_)\374~m"
 292      147E56A1 
 292      AAF0E436 
 292      BE5F29FC 
 292      7E6D
 293 0827 E1F368E1 		.ascii	"\341\363h\341kz\367\245\351p\033g;\320R<\206\2635\006"
 293      6B7AF7A5 
 293      E9701B67 
 293      3BD0523C 
 293      86B33506 
 294 083b B0CF9C2C 		.ascii	"\260\317\234,\366\231\223\2570\345k\231\016P\246\372"
 294      F69993AF 
 294      30E56B99 
 294      0E50A6FA 
 295 084b C28C377A 		.ascii	"\302\2147z\334\303\230\332\332\343\253\370\262\360T"
 295      DCC398DA 
 295      DAE3ABF8 
 295      B2F054
 296 085a 5DFD27F2 		.ascii	"]\375'\362\253\377\233\276\2267\374Nh\000\365h\\I\227"
 296      ABFF9BBE 
 296      9637FC4E 
 296      6800F568 
 296      5C4997
 297 086d 7ED45553 		.ascii	"~\324US,\257\232\203,\321\355\233^\\\325i\213X\004\331"
 297      2CAF9A83 
 297      2CD1ED9B 
 297      5E5CD569 
 297      8B5804D9 
 298 0881 2AA4D92A 		.ascii	"*\244\331*\241\211.\226\023]\337\376\354\270\267\266"
 298      A1892E96 
 298      135DDFFE 
 298      ECB8B7B6 
 299 0891 2CA3A27B 		.ascii	",\243\242{\022n\246)e\011\341e)\345e\201\3579\225i\001"
 299      126EA629 
 299      6509E165 
 299      29E56581 
 299      EF399569 
ARM GAS  C:\Users\CYIRKO~1\AppData\Local\Temp\ccRGSNjl.s 			page 23


 300 08a6 2F4B192D 		.ascii	"/K\031-K\345\216\3449\370\005\233}\375\316\362:Q\251"
 300      4BE58EE4 
 300      39F8059B 
 300      7DFDCEF2 
 300      3A51A9
 301 08b9 4A71BF52 		.ascii	"Jq\277R\025\362\351V\256\344\262\\\233\313C4\227\307"
 301      15F2E956 
 301      AEE4B25C 
 301      9BCB4334 
 301      97C7
 302 08cb EBF73C44 		.ascii	"\353\367<Dx\275\033\273@\337\355=\217Gb\232\243\211"
 302      78BD1BBB 
 302      40DFED3D 
 302      8F47629A 
 302      A389
 303 08dd E9E43B31 		.ascii	"\351\344;1U\360\230*\305i\202\233\315\276(&\322\356"
 303      55F0982A 
 303      C569829B 
 303      CDBE2826 
 303      D2EE
 304 08ef BE70C99F 		.ascii	"\276p\311\237}LAAB\300\202OBM+#\227G.\265\257\211\210"
 304      7D4C4141 
 304      42C0824F 
 304      424D2B23 
 304      97472EB5 
 305 0906 8C0D0D27 		.ascii	"\214\015\015'\355X[\320\354\220\300X[\340\312\260\250"
 305      ED585BD0 
 305      EC90C058 
 305      5BE0CAB0 
 305      A8
 306 0917 40DBEA70 		.ascii	"@\333\352p\362\337b\263\007\204\013^6\373R{\330j\373"
 306      F2DF62B3 
 306      07840B5E 
 306      36FB527B 
 306      D86AFB
 307 092a BCA8B0D5 		.ascii	"\274\250\260\325\321\006\213eMd\214=(\304b_a\375\204"
 307      D1068B65 
 307      4D648C3D 
 307      28C4625F 
 307      61FD84
 308 093d 99DA188D 		.ascii	"\231\332\030\215=66\312\026\372E\314\032\037\332\362"
 308      3D3636CA 
 308      16FA45CC 
 308      1A1FDAF2 
 309 094d 01B48F35 		.ascii	"\001\264\2175z\2715\"\302\032\021\032\0220\323'xF\320"
 309      7AB93522 
 309      C21A111A 
 309      1230D327 
 309      7846D0
 310 0960 ECBF0785 		.ascii	"\354\277\007\205B\377\3071\2611\326\217\255a\313#C#"
 310      42FFC731 
 310      B131D68F 
 310      AD61CB23 
 310      4323
 311 0972 63C2A3D6 		.ascii	"c\302\243\326DXC\243\303\200+\306\032j\211\260\256\010"
 311      445843A3 
 311      C3802BC6 
ARM GAS  C:\Users\CYIRKO~1\AppData\Local\Temp\ccRGSNjl.s 			page 24


 311      1A6A89B0 
 311      AE08
 312 0984 5B1365B7 		.ascii	"[\023e\267\330\277\\e\265\005\254\024\334e\177\177\375"
 312      D8BF5C65 
 312      B505AC14 
 312      DC657F7F 
 312      FD
 313 0995 9FFAB37D 		.ascii	"\237\372\263}i\013\205\371E\00098\361\000\325\036\031"
 313      690B85F9 
 313      45003938 
 313      F100D51E 
 313      19
 314 09a6 6DB5D87F 		.ascii	"m\265\330\177\363\301\344\254\266\007r\202\300\360\225"
 314      F3C1E4AC 
 314      B6077282 
 314      C0F095
 315 09b5 C48607E9 		.ascii	"\304\206\007\351Ir\024\273\212\245\010\332V\273\334"
 315      497214BB 
 315      8AA508DA 
 315      56BBDC
 316 09c4 5CC89B80 		.ascii	"\\\310\233\200\260DEEX\"\241\022\363\177\264\000\253"
 316      B0444545 
 316      5822A112 
 316      F37FB400 
 316      AB
 317 09d5 6257DB6D 		.ascii	"bW\333m\201K\227-\236\031\034\370\331g\363\003\227-"
 317      814B972D 
 317      9E191CF8 
 317      D967F303 
 317      972D
 318 09e7 5AFC8F20 		.ascii	"Z\374\217 ^\022B\003.\365&\323b\363L^\217\231\301\026"
 318      5E124203 
 318      2EF526D3 
 318      62F34C5E 
 318      8F99C116 
 319 09fb BBBBDC10 		.ascii	"\273\273\334\020\377h\326\315_<\317\214\347\233\314"
 319      FF68D6CD 
 319      5F3CCF8C 
 319      E79BCC
 320 0a0a BA4FE72F 		.ascii	"\272O\347/3c\223\311\214\315 \363\314f\374\247\245&"
 320      336393C9 
 320      8CCD20F3 
 320      CC66FCA7 
 320      A526
 321 0a1c 6C5AB24C 		.ascii	"lZ\262Lg2-0S\216`\372\033\204\027,4\213K\301r\321\002"
 321      67322D30 
 321      538E60FA 
 321      1B84172C 
 321      348B4BC1 
 322 0a33 B36EE962 		.ascii	"\263n\351b@\233\314\301 A\200\374\213\331\364_\206l"
 322      409BCCC1 
 322      204180FC 
 322      8BD9F45F 
 322      866C
 323 0a45 B3479390 		.ascii	"\263G\223\220\"\243Y\222\270b\261\033y:ldeY\302H\206"
 323      22A35992 
 323      B862B11B 
ARM GAS  C:\Users\CYIRKO~1\AppData\Local\Temp\ccRGSNjl.s 			page 25


 323      793A6C64 
 323      6559C248 
 324 0a5a BC2D9615 		.ascii	"\274-\226\025kb\302-\226\200\331\263\177\027\342.k\272"
 324      6B62C22D 
 324      9680D9B3 
 324      7F17E22E 
 324      6BBA
 325 0a6c F09561AB 		.ascii	"\360\225a\253?\032\201\307\256b\350\361r\217\365}\363"
 325      3F1A81C7 
 325      AE62E8F1 
 325      728FF57D 
 325      F3
 326 0a7d DFCE9829 		.ascii	"\337\316\230)\017\177\341rx\366\277\000\032|l\362"
 326      0F7FE172 
 326      78F6BF00 
 326      1A7C6CF2 
 327              		.text
 328              		.section	.gnu.lto_.symtab.d4ec01df,"",%progbits
 329 0000 7374496E 		.ascii	"stInit\000"
 329      697400
 330 0007 00       		.ascii	"\000"
 331 0008 00       		.ascii	"\000"
 332 0009 00       		.ascii	"\000"
 333 000a 00000000 		.ascii	"\000\000\000\000\000\000\000\000"
 333      00000000 
 334 0012 AE000000 		.ascii	"\256\000\000\000"
 335 0016 73745374 		.ascii	"stStartAlarm\000"
 335      61727441 
 335      6C61726D 
 335      00
 336 0023 00       		.ascii	"\000"
 337 0024 00       		.ascii	"\000"
 338 0025 00       		.ascii	"\000"
 339 0026 00000000 		.ascii	"\000\000\000\000\000\000\000\000"
 339      00000000 
 340 002e BD000000 		.ascii	"\275\000\000\000"
 341 0032 73745374 		.ascii	"stStopAlarm\000"
 341      6F70416C 
 341      61726D00 
 342 003e 00       		.ascii	"\000"
 343 003f 00       		.ascii	"\000"
 344 0040 00       		.ascii	"\000"
 345 0041 00000000 		.ascii	"\000\000\000\000\000\000\000\000"
 345      00000000 
 346 0049 BF000000 		.ascii	"\277\000\000\000"
 347 004d 73745365 		.ascii	"stSetAlarm\000"
 347      74416C61 
 347      726D00
 348 0058 00       		.ascii	"\000"
 349 0059 00       		.ascii	"\000"
 350 005a 00       		.ascii	"\000"
 351 005b 00000000 		.ascii	"\000\000\000\000\000\000\000\000"
 351      00000000 
 352 0063 C1000000 		.ascii	"\301\000\000\000"
 353 0067 73744765 		.ascii	"stGetAlarm\000"
 353      74416C61 
 353      726D00
ARM GAS  C:\Users\CYIRKO~1\AppData\Local\Temp\ccRGSNjl.s 			page 26


 354 0072 00       		.ascii	"\000"
 355 0073 00       		.ascii	"\000"
 356 0074 00       		.ascii	"\000"
 357 0075 00000000 		.ascii	"\000\000\000\000\000\000\000\000"
 357      00000000 
 358 007d C4000000 		.ascii	"\304\000\000\000"
 359 0081 73745F6C 		.ascii	"st_lld_init\000"
 359      6C645F69 
 359      6E697400 
 360 008d 00       		.ascii	"\000"
 361 008e 02       		.ascii	"\002"
 362 008f 00       		.ascii	"\000"
 363 0090 00000000 		.ascii	"\000\000\000\000\000\000\000\000"
 363      00000000 
 364 0098 C6000000 		.ascii	"\306\000\000\000"
 365              		.text
 366              		.section	.gnu.lto_.opts,"",%progbits
 367 0000 272D666D 		.ascii	"'-fmath-errno' '-fsigned-zeros' '-ftrapping-math' '"
 367      6174682D 
 367      6572726E 
 367      6F272027 
 367      2D667369 
 368 0033 2D666E6F 		.ascii	"-fno-trapv' '-fno-openmp' '-fno-openacc' '-mcpu=cor"
 368      2D747261 
 368      70762720 
 368      272D666E 
 368      6F2D6F70 
 369 0066 7465782D 		.ascii	"tex-m7' '-mno-thumb-interwork' '-mthumb' '-ggdb' '-"
 369      6D372720 
 369      272D6D6E 
 369      6F2D7468 
 369      756D622D 
 370 0099 4F322720 		.ascii	"O2' '-fomit-frame-pointer' '-falign-functions=16' '"
 370      272D666F 
 370      6D69742D 
 370      6672616D 
 370      652D706F 
 371 00cc 2D666675 		.ascii	"-ffunction-sections' '-fdata-sections' '-fno-common"
 371      6E637469 
 371      6F6E2D73 
 371      65637469 
 371      6F6E7327 
 372 00ff 2720272D 		.ascii	"' '-flto'\000"
 372      666C746F 
 372      2700
 373              		.text
 374              		.comm	__gnu_lto_v1,1,1
 375              		.comm	__gnu_lto_slim,1,1
 376              		.ident	"GCC: (GNU Tools for ARM Embedded Processors 6-2017-q1-update) 6.3.1 20170215 (release) [AR
ARM GAS  C:\Users\CYIRKO~1\AppData\Local\Temp\ccRGSNjl.s 			page 27


DEFINED SYMBOLS
                            *ABS*:00000000 hal_st.c
                            *COM*:00000001 __gnu_lto_v1
                            *COM*:00000001 __gnu_lto_slim

NO UNDEFINED SYMBOLS
