ARM GAS  C:\Users\CYIRKO~1\AppData\Local\Temp\ccUoBQ2G.s 			page 1


   1              		.cpu cortex-m7
   2              		.eabi_attribute 20, 1
   3              		.eabi_attribute 21, 1
   4              		.eabi_attribute 23, 3
   5              		.eabi_attribute 24, 1
   6              		.eabi_attribute 25, 1
   7              		.eabi_attribute 26, 1
   8              		.eabi_attribute 30, 2
   9              		.eabi_attribute 34, 1
  10              		.eabi_attribute 18, 4
  11              		.file	"hal_pal.c"
  12              		.text
  13              	.Ltext0:
  14              		.section	.gnu.lto_.profile.956e0432,"",%progbits
  15 0000 789C6365 		.ascii	"x\234ce`b`a```d\320\220\001\000\000\354\000Q"
  15      60626061 
  15      60606064 
  15      D0900100 
  15      00EC0051 
  16              		.text
  17              		.section	.gnu.lto_.icf.956e0432,"",%progbits
  18 0000 789C6365 		.ascii	"x\234ce`b\020a@\000f\206\343\227n\235fc\334\276\377"
  18      60621061 
  18      40006686 
  18      E3976E9D 
  18      6663DCBE 
  19 0015 D00F76A6 		.ascii	"\320\017v\246u;\036\256\342e\000\000hQ\011\233"
  19      753B1EAE 
  19      E2650000 
  19      6851099B 
  20              		.text
  21              		.section	.gnu.lto_.jmpfuncs.956e0432,"",%progbits
  22 0000 789C6365 		.ascii	"x\234ce`bPb@\000f\006FF\306zF&FF\346\372z&0\305\310"
  22      60625062 
  22      40006606 
  22      4646C67A 
  22      46264646 
  23 001b 069162AA 		.ascii	"\006\221b\252d\004Q\0009\324\002\300"
  23      64045100 
  23      39D402C0 
  24              		.text
  25              		.section	.gnu.lto_.inline.956e0432,"",%progbits
  26 0000 789C6365 		.ascii	"x\234ce`b\370\316\200\000\314\014\014\234\034\214\314"
  26      6062F8CE 
  26      8000CC0C 
  26      0C9C1C8C 
  26      CC
  27 0011 0C0A8C20 		.ascii	"\014\012\214 &\210t\000\223\012\034l\037\364\030\330"
  27      26887400 
  27      930A1C6C 
  27      1FF418D8 
  28 0021 16C83331 		.ascii	"\026\310310\276`g\201\220 \202\003\314\344\000\021\002"
  28      30BE6067 
  28      81902082 
  28      03CCE400 
  28      1102
  29 0033 60A600C8 		.ascii	"`\246\000\310\030F\006>^F\026\210)\214@\022b\224\002"
ARM GAS  C:\Users\CYIRKO~1\AppData\Local\Temp\ccUoBQ2G.s 			page 2


  29      1846063E 
  29      5E461688 
  29      298C4012 
  29      629402
  30 0046 C4406EA6 		.ascii	"\304@n\246\013\374\030F\001\305P\014aY /\001b)010\357"
  30      0BFC1846 
  30      01C5500C 
  30      6159202F 
  30      01622930 
  31 005d 10576000 		.ascii	"\020W`\000Zo\0012\231\211\201[\030\305}PC9\201r\304"
  31      5A6F0132 
  31      9989815B 
  31      18C57D50 
  31      43398172 
  32 0072 390F6893 		.ascii	"9\017h\223\004\310$\026^\240w'\370\201 \003\000\006"
  32      04C82416 
  32      5EA07727 
  32      F8812003 
  32      0006
  33 0084 0820CB   		.ascii	"\010 \313"
  34              		.text
  35              		.section	.gnu.lto_.pureconst.956e0432,"",%progbits
  36 0000 789C6365 		.ascii	"x\234ce`b`g```f\220b\224b\222\004\000\001\307\000b"
  36      60626067 
  36      60606066 
  36      90629462 
  36      92040001 
  37              		.text
  38              		.section	.gnu.lto_palReadBus.956e0432,"",%progbits
  39 0000 789C9591 		.ascii	"x\234\225\221\277O\024Q\020\307\347\373fowO\320\177"
  39      BF4F1451 
  39      10C7E7FB 
  39      666F774F 
  39      D07F
  40 0012 408A2B4C 		.ascii	"@\212+L\010\215\033M\320\304\226\350?`KB\340,\270\204"
  40      088D1B4D 
  40      D0C496E8 
  40      3F604B42 
  40      E02CB884 
  41 0026 E48C2B35 		.ascii	"\344\214+5\357V@\205(\306\250\207\302\271\205\022D\345"
  41      EF564085 
  41      28C6A887 
  41      C2B98512 
  41      44E5
  42 0038 A73F0AAA 		.ascii	"\247?\012\252\013\230\230\220\250@ce$hs\211\026^cc\320"
  42      0B989890 
  42      A8406365 
  42      24687389 
  42      165E6363 
  43 004d 9977905C 		.ascii	"\231w\220\\aC\261\363f\336\314|f\276\3732d(6D\235Dt"
  43      6143B1F3 
  43      66DECC7C 
  43      66BEFB32 
  43      64283644 
  44 0064 5C3E30C1 		.ascii	"\\>0\301\334\371HT\012\015\240\216\015AC\006C\230\340"
  44      DCF94854 
  44      0A0DA08E 
ARM GAS  C:\Users\CYIRKO~1\AppData\Local\Temp\ccUoBQ2G.s 			page 3


  44      0D414306 
  44      4398E0
  45 0077 32636B78 		.ascii	"2ckxi\232os*e\236\204\277><\372vLC '\341\224\335\276"
  45      699A6F73 
  45      2A659E84 
  45      BF3E3CFA 
  45      764C4320 
  46 0090 1974CC5A 		.ascii	"\031t\314Z\233\330j\371\256\377xe\323fS6\364P\312\237"
  46      9BD86AF9 
  46      AEFF7865 
  46      D3665336 
  46      F450CA9F 
  47 00a4 A10DB368 		.ascii	"\241\015\263h\323\031s\350\220\342\221\255\362(\363"
  47      D31973E8 
  47      90E291AD 
  47      F228F3
  48 00b3 6990F85F 		.ascii	"i\220\370_\276\356\314\205\3553\256\361\335=\266'Rf"
  48      BEEECC85 
  48      ED33AEF1 
  48      DD3DB627 
  48      5266
  49 00c5 3C073737 		.ascii	"<\00777\312\025\341\005\332\265~wy\357\376Q\337{\302"
  49      CA15E105 
  49      DAB57E77 
  49      79EFFE51 
  49      DF7BC2
  50 00d8 A46C41BE 		.ascii	"\244lA\276\204\0179\027\267Q\265{\177\257\333\352\217"
  50      840F3917 
  50      B751B57B 
  50      7FAFDBEA 
  50      8F
  51 00e9 A7A85CC8 		.ascii	"\247\250\\\310\212\006\351`\351\365<1\231\214\030\337"
  51      8A06E960 
  51      E9F53C31 
  51      998C18DF 
  52 00f9 572F5013 		.ascii	"W/P\023\222nGc\202P\251\343\022\310\3115$\253\265[\353"
  52      926E4763 
  52      8250A9E3 
  52      12C8C935 
  52      24ABB55B 
  53 010e BE522BAC 		.ascii	"\276R+\254\262\037\214\254}\012T'\273u\177\277\337\270"
  53      B21F8CAC 
  53      7D0A5427 
  53      BB757FBF 
  53      DFB8
  54 0120 D19AA252 		.ascii	"\321\232\242R\262\326\346R\016*l0\257\332$7\363=Y\010"
  54      B2D6E652 
  54      0E2A6C30 
  54      AFDA2437 
  54      F33D5908 
  55 0134 A279DB48 		.ascii	"\242y\333H\205X@\212I\335\221\260\210\210jX[\3156\300"
  55      8558408A 
  55      49DD91B0 
  55      88886A58 
  55      5BCD36C0 
  56 0148 5E3338FC 		.ascii	"^38\374\0378+\323\261\264\017\376\\\257\257\267\012"
  56      1F382BD3 
ARM GAS  C:\Users\CYIRKO~1\AppData\Local\Temp\ccUoBQ2G.s 			page 4


  56      B1B40FFE 
  56      5CAFAFB7 
  56      0A
  57 0159 78B8A4A9 		.ascii	"x\270\244\251#Xv`U\215\025\007N\016\300\231C\255\330"
  57      23587660 
  57      558D1507 
  57      4E0EC099 
  57      43ADD8
  58 016c 82578E64 		.ascii	"\202W\216d\224\364\332\221\256\325G\321@\351\232\002"
  58      94F4DA91 
  58      AED547D1 
  58      40E99A02 
  59 017c 6CA60787 		.ascii	"l\246\007\207\242\033\274qt\367Jo\033\364?\007\364\320"
  59      A21BBC71 
  59      74F74A6F 
  59      1BF43F07 
  59      F4D0
  60 018e 0D08E827 		.ascii	"\015\010\350'\222\334\376\215\376\2501Q%\357 \013E\347"
  60      92DCFE8D 
  60      FEA83151 
  60      25EF200B 
  60      45E7
  61 01a0 CF7577F5 		.ascii	"\317uw\365\027\372\012\027\257\016^*\024\273\363\352"
  61      17FA0A17 
  61      AF0E5E2A 
  61      14BBF3EA 
  62 01b0 17E35367 		.ascii	"\027\343Sg\317D\3058\352\357\035\210\342+y={.\367\016"
  62      CF44C538 
  62      EAEF1D88 
  62      E22B793D 
  62      7B2EF70E 
  63 01c4 9CCC13F7 		.ascii	"\234\314\023\367\015\306\377\000\237i\317\302"
  63      0DC6FF00 
  63      9F69CFC2 
  64              		.text
  65              		.section	.gnu.lto_palWriteBus.956e0432,"",%progbits
  66 0000 789C9553 		.ascii	"x\234\225SMh\023A\024\236og\263?\311F=\012\366\320\203"
  66      4D681341 
  66      149E6F67 
  66      B33FC946 
  66      3D0AF6D0 
  67 0015 107A71D1 		.ascii	"\020zq\321C\205^E\217^\274\026\244\211\207\006\012\021"
  67      43855E45 
  67      8F5EBC16 
  67      A4898706 
  67      0A11
  68 0027 D39EBB89 		.ascii	"\323\236\273\211M*-UA\232T\351\262\242\324\032\265\177"
  68      4D2A2D55 
  68      419A54E9 
  68      B2A2D41A 
  68      B57F
  69 0039 FEA70709 		.ascii	"\376\247\007\011\361P\220\252\264\007\275(\212V\241"
  69      F15090AA 
  69      B407BD28 
  69      8A56A1
  70 0048 07A11641 		.ascii	"\007\241\026A\017\222\370\336l\243U\274t`\336\314\373"
  70      0F92F8DE 
ARM GAS  C:\Users\CYIRKO~1\AppData\Local\Temp\ccUoBQ2G.s 			page 5


  70      6CA355BC 
  70      7460DECC 
  70      FB
  71 0059 FBE6BDEF 		.ascii	"\373\346\275\357\355F\204&\216K!\272\204\020\373hC\012"
  71      ED468426 
  71      8E4B21BA 
  71      8410FB68 
  71      430A
  72 006b 68175F08 		.ascii	"h\027_\010\221\2634\200/\236\0051\250a\020\027dY\242"
  72      91B33480 
  72      2F9E0531 
  72      A8611017 
  72      6459A2
  73 007e 3EFCB9AA 		.ascii	">\374\271\252uL{\264j\345oF\321+\354\015(\3752m^\230"
  73      754C7BB4 
  73      6AE56F46 
  73      D12BEC0D 
  73      28FD326D 
  74 0094 460745AD 		.ascii	"F\007E\255\014\315O\312\3632\220\200N\352\327\347W>"
  74      0CCD4FCA 
  74      F3329080 
  74      4EEAD7E7 
  74      573E
  75 00a6 EE625543 		.ascii	"\356bUC;\251\205\225rQ\312C\020t\177\373\356}\305JL"
  75      3BA98595 
  75      7251CA43 
  75      10747FFB 
  75      EE7DC54A 
  76 00bb 795EDEAB 		.ascii	"y^\336\253-_\222\336\376@J\334\202$@T\320\206\233h\023"
  76      2D5F92DE 
  76      FE404ADC 
  76      82244054 
  76      D0869B68 
  77 00d0 6412B88D 		.ascii	"d\022\270\215\004\205\373\215kK1\331\251R\253\301d\305"
  77      0485FB8D 
  77      6B4B31D9 
  77      A952ABC1 
  77      64C5
  78 00e2 D84A7D33 		.ascii	"\330J}3\256Ru\334\3717U\027\230A\202\343?,4\306\343"
  78      AE5275DC 
  78      F9375517 
  78      984182E3 
  78      3F2C34C6 
  79 00f7 867EBD55 		.ascii	"\206~\275U.fa\200\316\271U\324\274Fs\230\012\270\201"
  79      2E666180 
  79      CEB955D4 
  79      BC467398 
  79      0AB881
  80 010a E6B1DDD4 		.ascii	"\346\261\335\3247=&)7\242\203\223#t5\014\026&\013\213"
  80      373D2629 
  80      37A28393 
  80      2374350C 
  80      16260B8B 
  81 011e 8469B388 		.ascii	"\204i\263\210\262\032c\341\260\210\263\020b\204\300"
  81      B21A63E1 
  81      B088B310 
  81      6284C0
ARM GAS  C:\Users\CYIRKO~1\AppData\Local\Temp\ccUoBQ2G.s 			page 6


  82 012d 99B851A9 		.ascii	"\231\270Q\251\361)\327\221_\\\177\222\342\347|\311\034"
  82      F129D791 
  82      5F5C7F92 
  82      E2E77CC9 
  82      1C
  83 013e 960AF597 		.ascii	"\226\012\365\227&\323!U\037\337\227\236\235s\002\370"
  83      26D32155 
  83      1FDF979E 
  83      9D7302F8 
  84 014e 39E2B43D 		.ascii	"9\342\264=\220\226O4\315Q\355\354\233Z\313\317\232\356"
  84      90964F34 
  84      CD51EDEC 
  84      9B5ACBCF 
  84      9AEE
  85 0160 8C17BA6C 		.ascii	"\214\027\272l\314#\300\204\342\032\013p\005A7\212\010"
  85      CC23C084 
  85      E21A0B70 
  85      0541378A 
  85      08
  86 0171 91233EF5 		.ascii	"\221#>\365\312o\331\241n\354\010Z\307]\005\315\204\340"
  86      CA6FD9A1 
  86      6EEC085A 
  86      C75D05CD 
  86      84E0
  87 0183 9E823EFB 		.ascii	"\236\202>\373\263\005m*tc;\272\265#\364(\356+t\215\321"
  87      B3056D2A 
  87      74633BBA 
  87      B523F428 
  87      EE2B748D 
  88 0198 1F84E8A5 		.ascii	"\037\204\350\245\026\272\035\242\255n,\3731f\305\304"
  88      16BA1DA2 
  88      AD6E2CFB 
  88      3166C5C4 
  89 01a8 1E3C2418 		.ascii	"\036<$\030\212\331h\305DU\021\366_U\305\250\341\260"
  89      8AD968C5 
  89      445511F6 
  89      5F55C5A8 
  89      E1B0
  90 01ba AA3F718E 		.ascii	"\252?q\2162[l\373\321\262\305U\272C\266zIU\277}\004"
  90      325B6CFB 
  90      D1B2C555 
  90      BA43B67A 
  90      4955BF7D 
  91 01cf F6FF4640 		.ascii	"\366\377F@\020\022\217\266:y\275\271\371\324\241N\206"
  91      10128FB6 
  91      3A79BDB9 
  91      F9D4A14E 
  91      86
  92 01e0 72EC72F0 		.ascii	"r\354r\360Xu\3023 \347\350\332\247W\221\337\3168\252"
  92      5875C233 
  92      20E7E8DA 
  92      A75791DF 
  92      CE38AA
  93 01f3 7027680C 		.ascii	"p'h\014\324\345\"\\zZ|A\376jsLU\242~\220\021b\230>\012"
  93      D4E5225C 
  93      7A5A7C41 
  93      FE6A734C 
ARM GAS  C:\Users\CYIRKO~1\AppData\Local\Temp\ccUoBQ2G.s 			page 7


  93      55A27E90 
  94 020c 22C23DDA 		.ascii	"\"\302=\332\325}\2447\235L\237\350\0378\225\316t\247"
  94      D57DA437 
  94      9D4C9FE8 
  94      1F3895CE 
  94      74A7
  95 021e F89EC91E 		.ascii	"\370\236\311\036<\334\351f\262noO\237\233=\223\342\363"
  95      3CDCE966 
  95      B26E6F4F 
  95      9F9B3D93 
  95      E2F3
  96 0230 E4E99EBE 		.ascii	"\344\351\236\276\003)!\223\003Y=\231\356\317\376\002"
  96      03292193 
  96      03593D99 
  96      EECFFE02 
  97 0240 F9EC1011 		.ascii	"\371\354\020\021"
  98              		.text
  99              		.section	.gnu.lto_palSetBusMode.956e0432,"",%progbits
 100 0000 789C9592 		.ascii	"x\234\225\222\315kSA\024\305\357\231\373\222\367b[\327"
 100      CD6B5341 
 100      14C5EF99 
 100      FB92F762 
 100      5BD7
 101 0012 825D6421 		.ascii	"\202]d!\204n|\350\242B\267\"\376\001n\\\024\244M\204"
 101      846E7CE8 
 101      A242B722 
 101      FE016E5C 
 101      14A44D84 
 102 0026 065A22C6 		.ascii	"\006Z\"\306\2563\215&\225\012\255Pj\254\030^\241\204"
 102      AE338D26 
 102      950AAD50 
 102      6AAC185E 
 102      A184
 103 0038 5AB5DF2A 		.ascii	"Z\265\337*\304R\010\335\010~\322n\265(*B\321\202\342"
 103      C45208DD 
 103      087ED26E 
 103      B5282A42 
 103      D182E2
 104 004b C28DADDE 		.ascii	"\302\215\255\336;\321\205\356:03wf\356\371\315\235\303"
 104      3BD185EE 
 104      3A303377 
 104      66EEF9CD 
 104      9DC3
 105 005d C4C850C6 		.ascii	"\304\310P\306\020u\021\321a\351`\202\271\376\222h(0"
 105      107511D1 
 105      61E96082 
 105      B9FE9268 
 105      2830
 106 006f 80063600 		.ascii	"\200\0066\000\025\014\012\030\343\012c}\370S\335t\314"
 106      150C0A18 
 106      E30A637D 
 106      F853DD74 
 106      CC
 107 0080 58698DCA 		.ascii	"Xi\215\312\246_\266\245C\021\023MJ\327\206\031tH\326"
 107      A65FB6A5 
 107      4311134D 
 107      4AD78619 
ARM GAS  C:\Users\CYIRKO~1\AppData\Local\Temp\ccUoBQ2G.s 			page 8


 107      7448D6
 108 0093 C695C5DB 		.ascii	"\306\225\305\333<\312\021\003\236,\277\275\270\365\341"
 108      3CCA1103 
 108      9E2CBFBD 
 108      B8F5E1
 109 00a2 A02E0D92 		.ascii	"\240.\015\222\262,mT\312\314\307A\022o\275}7\033\244"
 109      B22C6D54 
 109      CACCC741 
 109      126FBD7D 
 109      371BA4
 110 00b5 6AD6166D 		.ascii	"j\326\026m\343\3158\333#\0213\356\202\005\210Y\264\343"
 110      E3CD38DB 
 110      231133EE 
 110      82058859 
 110      B4E3
 111 00c7 0EDA49B6 		.ascii	"\016\332I\266\010\367\220\222\364\357+\265\361\026\356"
 111      08F79092 
 111      F4EF2BB5 
 111      F116EE
 112 00d6 74D267A3 		.ascii	"t\322g\243kg\377(\237O8\245\207\373\377+=\302\034R\232"
 112      6B67FF28 
 112      9F4F38A5 
 112      87FBFF2B 
 112      3DC21C52 
 113 00eb FE7E696F 		.ascii	"\376~io\242-\356M\377\255\026\363\210C\346\205M4\354"
 113      A22DEE4D 
 113      FFAD16F3 
 113      8843E685 
 113      4D34EC
 114 00fe DEAF61DB 		.ascii	"\336\257a\333\370Y\303\326\351\204<[\356b\321\306<\031"
 114      F859C3D6 
 114      E9843C5B 
 114      EE62D1C6 
 114      3C19
 115 0110 E23119FC 		.ascii	"\3421\031\374\270F>\034\213FD\256\316\\c\2433o\243\370"
 115      B8463E1C 
 115      8B4644AE 
 115      CE5C63A3 
 115      336FA3F8 
 116 0124 787B27AD 		.ascii	"x{'\255\300*\253I7J\353\257|}/\273B\177<yz\2655BuHL"
 116      C02AAB49 
 116      374AEBAF 
 116      7C7D2FBB 
 116      427F3C79 
 117 013f 4B461C54 		.ascii	"KF\034T\305\207\005\251N\317j\037\213\363~8g\233G\011"
 117      C58705A9 
 117      4ECF6A1F 
 117      8BF37E38 
 117      679B4709 
 118 0153 2C22C24D 		.ascii	",\"\302Mg&\226\020\222\242\023M\260\267/\322\001,;\222"
 118      67269610 
 118      92A2134D 
 118      B0B72FD2 
 118      012C3B92 
 119 0167 BE102BFF 		.ascii	"\276\020+\377\222b\373\"\265\340\201#\031%=t\244\313"
 119      9262FB22 
 119      B5E08123 
ARM GAS  C:\Users\CYIRKO~1\AppData\Local\Temp\ccUoBQ2G.s 			page 9


 119      19253D74 
 119      A4CB
 120 0179 5FCB68A2 		.ascii	"_\313h\242\264.\001\322g\224\223\272\243\362z\375\313"
 120      B42E01D2 
 120      679493BA 
 120      A3F27AFD 
 120      CB
 121 018a 6BBFB06B 		.ascii	"k\277\260k\203\210['\265\000<B\201\304\031\227\356G"
 121      83885B27 
 121      B5003C42 
 121      81C41997 
 121      EE47
 122 019c DC463B28 		.ascii	"\334F;(N\255\2169\206\3736#\222&N\312\025\341\251\256"
 122      4EAD8E39 
 122      86FB3623 
 122      92264ECA 
 122      15E1A9AE 
 123 01b0 EE937DD9 		.ascii	"\356\223}\331\336\354\231K\203\231l\256;\255q.\177\354"
 123      DEEC994B 
 123      83996CAE 
 123      3BAD712E 
 123      7FEC
 124 01c2 446798CB 		.ascii	"Dg\230\313\207}=\375a\376bZ\347s\027z\372\217\246\211"
 124      877D3DFD 
 124      61FE625A 
 124      E773177A 
 124      FA8FA689 
 125 01d6 7B07F3DE 		.ascii	"{\007\363\336@.s\3767\254/\315\203"
 125      402E73FE 
 125      37AC2FCD 
 125      83
 126              		.text
 127              		.section	.gnu.lto_.symbol_nodes.956e0432,"",%progbits
 128 0000 789C6365 		.ascii	"x\234ce`b\010d\000\002\2469L\365\014\014\023\31610\000"
 128      60620864 
 128      0002A639 
 128      4CF50C0C 
 128      13CE3130 
 129 0015 A95D0D8E 		.ascii	"\251]\015\216@\221\271L\365\214\250\"\363\230\352\231"
 129      4091B94C 
 129      F58CA822 
 129      F398EA99 
 130 0025 50441817 		.ascii	"PD\030\0272\3253\203E\030\030\032\032\034\030\030\230"
 130      32D53383 
 130      4518181A 
 130      1A1C1818 
 130      98
 131 0036 99981996 		.ascii	"\231\230\031\226<\374\307\310\000\000A\023\024\024"
 131      3CFCC7C8 
 131      00004113 
 131      1414
 132              		.text
 133              		.section	.gnu.lto_.refs.956e0432,"",%progbits
 134 0000 789C6365 		.ascii	"x\234ce`b`d\000\002\000\000I\000\011"
 134      60626064 
 134      00020000 
 134      490009
ARM GAS  C:\Users\CYIRKO~1\AppData\Local\Temp\ccUoBQ2G.s 			page 10


 135              		.text
 136              		.section	.gnu.lto_.decls.956e0432,"",%progbits
 137 0000 789CAD58 		.ascii	"x\234\255XyP\024W\032\357\257\337\014\014\315\200\026"
 137      79501457 
 137      1AEFAFDF 
 137      0C0CCD80 
 137      16
 138 0011 B859AB62 		.ascii	"\270Y\253bRl\212\350\354\326F\004\2534\233\243\312M"
 138      526C8AE8 
 138      ECD64604 
 138      AB349BA3 
 138      CA4D
 139 0023 3447AD59 		.ascii	"4G\255Y\2541\307n-US\010c\244\026\031\227\031\266*\177"
 139      AC31C76E 
 139      2D555308 
 139      63A41619 
 139      9719B62A 
 140 0038 6DC390E0 		.ascii	"m\303\220\340-\250A\001u\021\274\000\017b\274\020P\026"
 140      2DA84101 
 140      7511BC00 
 140      0F62BC10 
 140      5016
 141 004a F002F120 		.ascii	"\360\002\361 *\207 (\342\021\010\342H\020\211\312~\357"
 141      2A872028 
 141      E21108E2 
 141      481089CA 
 141      7EEF
 142 005c BD9EE976 		.ascii	"\275\236\351v2\223l\325\246\213\327\257\337\353\337"
 142      32936CD5 
 142      A68BD7AF 
 142      DFEBDF
 143 006b F77DBFEF 		.ascii	"\367}\277\357x\257\337\240\027D!8\\\020\002\211 \310"
 143      78AFDFA0 
 143      17442138 
 143      5C100289 
 143      20C8
 144 007d 20086378 		.ascii	" \010cx\351\004A\330#\250\027\035\007\343\273\361\330"
 144      E90441D8 
 144      23A8171D 
 144      07E3BBF1 
 144      D8
 145 008e 26627B11 		.ascii	"&b{\021\204\037]\277\026\005\301\210}\030\266\011\330"
 145      841F5DBF 
 145      1605C188 
 145      7D18B609 
 145      D8
 146 009f 2AB01910 		.ascii	"*\260\031\0207\204\375\024l\261\330\002q\374\020{\027"
 146      3784FD14 
 146      6CB1D802 
 146      71FC107B 
 146      17
 147 00b0 B663D89E 		.ascii	"\266c\330\236*\272\001\347\373\250\022\354E`\035\263"
 147      2ABA01E7 
 147      FBA812EC 
 147      45601DB3 
 148 00c0 47FB57BC 		.ascii	"G\373W\274l\375\006\355\204b\377\261\306\026\265C\355"
 148      6CFD06ED 
ARM GAS  C:\Users\CYIRKO~1\AppData\Local\Temp\ccUoBQ2G.s 			page 11


 148      8462FFB1 
 148      C616B543 
 148      ED
 149 00d1 F9B2F554 		.ascii	"\371\262\365T\261\327\246\330\324+\366\250\035j`\000"
 149      B1D7A6D8 
 149      D42BF6A8 
 149      1D6A6000 
 150 00e1 BB56FEC8 		.ascii	"\273V\376\310\374\243}\214\227\315h?6\303\375\370W\241"
 150      FCA37D8C 
 150      97CD683F 
 150      36C3FDF8 
 150      57A1
 151 00f3 D89D8EE3 		.ascii	"\330\235\216\343\027\260\021/\233\250\316\023G:\365"
 151      17B0112F 
 151      9BA8CE13 
 151      473AF5
 152 0102 BA97BD0D 		.ascii	"\272\227\275\015\004\016\255\252\257\026\257A\007 \026"
 152      040EADAA 
 152      AF16AF41 
 152      072016
 153 0111 C6B35900 		.ascii	"\306\263Y\000~\007\326\330p\314}\001\260y\234\025\005"
 153      7E07D6D8 
 153      70CC7D01 
 153      B0799C15 
 153      05
 154 0122 45A97B0A 		.ascii	"E\251{\012\334\022\312XT\206\242\242\222\375)\302\240"
 154      DC12CA58 
 154      5486A2A2 
 154      92FD29C2 
 154      A0
 155 0133 D1C85F73 		.ascii	"\321\310_sK\356\213\323\347\017L\314-\015\242j\000@"
 155      4BEE8BD3 
 155      E70F4CCC 
 155      2D0DA26A 
 155      0040
 156 0145 2BA051C8 		.ascii	"+\240Q\310i+\357=\374\004\3259p{\177?\357\354-\251\013"
 156      692BEF3D 
 156      FC04D539 
 156      707B7F3F 
 156      EFEC2DA9 
 157 015a 3AE96CE1 		.ascii	":\351l\341,`s\327\233\253\236\030\010\206\020\237\273"
 157      2C6073D7 
 157      9BAB9E18 
 157      0886109F 
 157      BB
 158 016b 1EED7A67 		.ascii	"\036\355zg\352n\231_\206\027\324\260]\314,\337DV\023"
 158      EA6E995F 
 158      8617D4B0 
 158      5DCC2CDF 
 158      445613
 159 017e 08934047 		.ascii	"\010\223@G\3654\345\367\204\342p\202\004\0218\314\257"
 159      F534E5F7 
 159      84E27082 
 159      041138CC 
 159      AF
 160 018f 1C6AD0F3 		.ascii	"\034j\320\363\267\006\034\216\355(_f \3171\215\235\247"
 160      B7061C8E 
ARM GAS  C:\Users\CYIRKO~1\AppData\Local\Temp\ccUoBQ2G.s 			page 12


 160      ED285F66 
 160      20CF318D 
 160      9DA7
 161 01a1 4BCAA8E0 		.ascii	"K\312\250\340\024\011(\331q8\265\257\277\342Q\010\237"
 161      140928D9 
 161      7138B5AF 
 161      BFE25108 
 161      9F
 162 01b2 A288E635 		.ascii	"\242\210\3465\256m\201\344y\372,\3465\264\324\352\300"
 162      AE6D81E4 
 162      79FA2CE6 
 162      35B4D4EA 
 162      C0
 163 01c3 24EDA0F6 		.ascii	"$\355\240\366k\036\016M\311\311\222e\021\276\006\011"
 163      6B1E0E4D 
 163      C9C99265 
 163      11BE0609 
 164 01d3 BE0202A5 		.ascii	"\276\002\002\2450\225z3E\302\373RY\316\220\263\235r"
 164      30957A33 
 164      45C2FB52 
 164      59CE90B3 
 164      9D72
 165 01e5 D07B02EC 		.ascii	"\320{\002\354\206IP\006\223\004\330\017&\252\226\342"
 165      86495006 
 165      9304D80F 
 165      26AA96E2 
 166 01f5 A01C27F7 		.ascii	"\240\034'\367\341$\232(\331\226S\024@V\001\263q\362"
 166      E1249A28 
 166      D9965314 
 166      405601B3 
 166      71F2
 167 0207 D8D5561D 		.ascii	"\330\325V\035H&\237\012\016\371P\240\220)}\351\344\347"
 167      48269F0A 
 167      0EF950A0 
 167      90297DE9 
 167      E4E7
 168 0219 94CC4124 		.ascii	"\224\314A$s@%\203\334x\2102\353\207sB\210\213\033Y}"
 168      73402583 
 168      DC788832 
 168      EB877342 
 168      888B1B59 
 169 022e E2D423BD 		.ascii	"\342\324#\275\307\221\261\343o\234\277$\313\021P\201"
 169      C791B1E3 
 169      6F9CBF24 
 169      CB115081 
 170 023e B28755D9 		.ascii	"\262\207U\331\203\340\327\223#\276=\271|\337\225\033"
 170      83E0D793 
 170      23BE3DB9 
 170      7CDF951B 
 171 024e 4A4EF26C 		.ascii	"JN\362l\025<\350\274\033\304\303n\322$%\214'ed\353\315"
 171      153CE8BC 
 171      1BC4C36E 
 171      D224258C 
 171      276564EB 
 172 0263 B52269E2 		.ascii	"\265\"i\342\320\245\273W\327\021\011-9\377'\227Q\242"
 172      D0A5BB57 
 172      D711092D 
ARM GAS  C:\Users\CYIRKO~1\AppData\Local\Temp\ccUoBQ2G.s 			page 13


 172      39FF2797 
 172      51A2
 173 0275 7C6C7D77 		.ascii	"|l}w\010i\346\342\003\231\275\335\301\\\365D\034\356"
 173      0869E6E2 
 173      0399BDDD 
 173      C15CF544 
 173      1CEE
 174 0287 19E93AA4 		.ascii	"\031\351:\244'-\374\335\252\365\265\265:\322\301\007"
 174      272DFCDD 
 174      AAF5B5B5 
 174      3AD2C107 
 175 0297 C5793959 		.ascii	"\305y9Yzr\235\017J\326f\227K\244\207\017\232\007\317"
 175      7A729D0F 
 175      4AD66697 
 175      4BA4870F 
 175      9A07CF
 176 02aa 6E0EE625 		.ascii	"n\016\346%3\036\207'\306\036\326\214\343\032E\034n,"
 176      331E8727 
 176      C61ED68C 
 176      E31A451C 
 176      6E2C
 177 02bc 6D190D22 		.ascii	"m\031\015\"\275\034\272}\364\207AZ3\223i\315\020M\305"
 177      BD1CBA7D 
 177      F487415A 
 177      339369CD 
 177      104DC5
 178 02cf 4CE61573 		.ascii	"L\346\025s\274\361\314\016#\351c`1{k\331\212 w:\321"
 178      BCF1CC0E 
 178      23E96360 
 178      317B6BD9 
 178      8A20773A 
 179 02e4 3DBD4980 		.ascii	"=\275I\200\023\350\306I\352\333Y\364m\262\342\333\031"
 179      13E8C649 
 179      EADB59F4 
 179      6DB2E2DB 
 179      19
 180 02f5 9C3CADA6 		.ascii	"\234<\255\246\363\300\213\025\262<\036\0321#\015jF&"
 180      F3C08B15 
 180      B23C1E1A 
 180      31230D6A 
 180      4626
 181 0307 2BC93C96 		.ascii	"+\311<\226s\365\226D\206\271\211\307\316\334{\232\252"
 181      73F59644 
 181      86B989C7 
 181      CEDC7B9A 
 181      AA
 182 0318 2C8DA967 		.ascii	",\215\251g\205p\036E\233T\321F5\231\3364\316\371\240"
 182      85701E45 
 182      9B54D146 
 182      3599DE34 
 182      CEF9A0
 183 032b 81463246 		.ascii	"\201F2F\212\252\014d\214\031\321=\030^\331.Axd\244)"
 183      8AAA0C64 
 183      8C19D13D 
 183      185ED92E 
 183      417864A4 
 184 0340 879AC996 		.ascii	"\207\232\311\226\345Y\242\232%\001.B8U\000\227P\327"
ARM GAS  C:\Users\CYIRKO~1\AppData\Local\Temp\ccUoBQ2G.s 			page 14


 184      E559A29A 
 184      25012E42 
 184      38550097 
 184      50D7
 185 0352 371009CD 		.ascii	"7\020\011\315\020\311\026g\0215\210\025\026Y\355\352"
 185      10C91667 
 185      11358815 
 185      1659EDEA 
 186 0362 96E5E546 		.ascii	"\226\345\345FF\353\024\322\242\002\036\006QT\305\011"
 186      46EB14D2 
 186      A2021E06 
 186      5154C509 
 187 0372 AA4811A8 		.ascii	"\252H\021\250}s\243\\\223A\030\372\202Ot4\005s\227\237"
 187      7D73A35C 
 187      934118FA 
 187      824F7434 
 187      0573979F 
 188 0386 5649B81D 		.ascii	"VI\270\035P\214\240x\313\267\005\335\245k\003k\001\""
 188      508CA078 
 188      CBB705DD 
 188      A56B036B 
 188      0122
 189 0398 2798228B 		.ascii	"'\230\"\213\030\360Juh:SK\325\325\243\332+0A\2554U\355"
 189      18F04A75 
 189      683A534B 
 189      D5D5A3DA 
 189      2B3041AD 
 190 03af 5AE6A253 		.ascii	"Z\346\242S\236\245\323\272H\301\324\305\026t\261\025"
 190      9EA5D3BA 
 190      48C1D4C5 
 190      1674B115 
 191 03bf 5DBCACB8 		.ascii	"]\274\254\270\310I\014TML\227e\240(-\013\356\316pU\330"
 191      C8490C54 
 191      4D4C9765 
 191      A0282D0B 
 191      EECE7055 
 192 03d4 3AA77C7A 		.ascii	":\247|z\032[\235u\376\015c\324]U\215g\305\011\310 \335"
 192      1A5B9D75 
 192      FE0D63D4 
 192      5D558D67 
 192      C509C820 
 193 03e9 2F03E119 		.ascii	"/\003\341\031\363\232\342\015\343\305\233Yw\371\240"
 193      F39AE20D 
 193      E3C59B59 
 193      77F9A0
 194 03f8 913809AB 		.ascii	"\2218\011\253\306\336\306}\031\006\222\305\007[\232"
 194      C6DEC67D 
 194      190692C5 
 194      075B9A
 195 0407 F636EAC9 		.ascii	"\3666\352\311\012>\250,\333\333,\222\034>\330]1\270"
 195      0A3EA82C 
 195      DBDB2C92 
 195      1C3ED85D 
 195      31B8
 196 0419 02481E1F 		.ascii	"\002H\036\037\334\317\332\347 \205\3749ss\366y\221\353"
 196      DCCFDAE7 
 196      2085FC39 
ARM GAS  C:\Users\CYIRKO~1\AppData\Local\Temp\ccUoBQ2G.s 			page 15


 196      7373F679 
 196      91EB
 197 042b FE3D0E73 		.ascii	"\376=\016s\227m\352\326\361u\322MW\306\376+\273*\015"
 197      976DEAD6 
 197      F175D24D 
 197      57C6FE2B 
 197      BB2A0D
 198 043e 6407C386 		.ascii	"d\007\303\206d\227d\037\226 \022\257\360H~\231\212\344"
 198      6497641F 
 198      962012AF 
 198      F0487E99 
 198      8AE4
 199 0450 4C27A6F3 		.ascii	"L'\246\363\215<\271&\023\353\026\335\357B\367\357`\374"
 199      8D3CB926 
 199      13EB16DD 
 199      EF42F7EF 
 199      60FC
 200 0462 9F757FB7 		.ascii	"\237u\177\267\222|\212\036}SE\367x\243+\301\023-\216"
 200      927C8A1E 
 200      7D5345F7 
 200      78A32BC1 
 200      132D8E
 201 0475 FE56833E 		.ascii	"\376V\203>\356\215\256\362F\2734\350j\337hN\305S\346"
 201      EE8DAEF2 
 201      46BB34E8 
 201      6ADF684E 
 201      C553E6
 202 0488 98811B08 		.ascii	"\230\201\033\010\270\316\336\335Q\312|\020k\240\037"
 202      B8CEDEDD 
 202      51CA7C10 
 202      6BA01F
 203 0497 937013DB 		.ascii	"\223p\023\333]l\337a\353\303v\017\333\000\266o\261\335"
 203      5D6CDF61 
 203      EBC3760F 
 203      DB00B66F 
 203      B1DD
 204 04a9 C2761B5B 		.ascii	"\302v\033[\257g)P\002\015\232P\\\363&\260\307\233\356"
 204      AF672950 
 204      020D9A50 
 204      5CF326B0 
 204      C79BEE
 205 04bc 0D0DDDFF 		.ascii	"\015\015\335\377x\243k\300;r\355\032\345\035\336\360"
 205      78A36BC0 
 205      3B72ED1A 
 205      E51DDEF0 
 206 04cc 766FE5A3 		.ascii	"vo\345\243\257\253\350n\237Y\321\200\2335\252;}\363"
 206      AFABE86E 
 206      9F59D180 
 206      9B35AA3B 
 206      7DF3
 207 04de F630C145 		.ascii	"\3660\301Ev\255Z\342\3706\254\331Z\337\3145\332o\271"
 207      76AD5AE2 
 207      F836ACD9 
 207      5ADFCC35 
 207      DA6FB9
 208 04f1 1708557F 		.ascii	"\027\010U\177\3257s\256^Ym\225al\265\335\361^\363P\323"
 208      D53773AE 
ARM GAS  C:\Users\CYIRKO~1\AppData\Local\Temp\ccUoBQ2G.s 			page 16


 208      5E596D95 
 208      616CB5DD 
 208      F15EF350 
 209 0506 3472404F 		.ascii	"4r@OJYA\212w\013\356\224\005B\270\311W2\341\001\346"
 209      4A59418A 
 209      770BEE94 
 209      0542B8C9 
 209      5732E101 
 210 051b F0FFC927 		.ascii	"\360\377\311'gr\362X\000\335|\\\250\350\276\272\333"
 210      6772F258 
 210      00DD7C5C 
 210      A8E8BEBA 
 210      DB
 211 052c 525E8CCE 		.ascii	"R^\214\316\362\206\3665\241\306\345\236o(\003\252+z"
 211      F286F635 
 211      A1C6E59E 
 211      6F2803AA 
 211      2B7A
 212 053e 088C8A08 		.ascii	"\010\214\212\010b\017/\333x;\204\034\346\324/\237\273"
 212      620F2FDB 
 212      783B841C 
 212      E6D42F9F 
 212      BB
 213 054f 5F110A26 		.ascii	"_\021\012&#\267r\256}\274\223\372\373\020\361\337\253"
 213      23B772AE 
 213      7DBC93FA 
 213      FB10F1DF 
 213      AB
 214 0560 66501C3B 		.ascii	"fP\034;?\332a\030\235z\306\300\017w\326\267\001_\313"
 214      3FDA6118 
 214      9D7AC6C0 
 214      0F77D6B7 
 214      015FCB
 215 0573 46BAC157 		.ascii	"F\272\301W\266\345\214S\3262}=\264\256\275+\224\324"
 215      B6E58C53 
 215      D6327D3D 
 215      B4AEBD2B 
 215      94D4
 216 0585 92674E46 		.ascii	"\222gNF\261?>\031\305\362\357\\\377\205\363\337\000"
 216      B13F3E19 
 216      C5F2EF5C 
 216      FF85F3DF 
 216      00
 217 0596 39C3E9D6 		.ascii	"9\303\351\326o\351\331\037\340\357\3302\206Db\225\017"
 217      6FE9D91F 
 217      E0EFD832 
 217      86446295 
 217      0F
 218 05a7 CC639CFC 		.ascii	"\314c\234\374A\375\316\215\306\014\2633\324S\314\373"
 218      41FDCE8D 
 218      C60CB333 
 218      D453CCFB 
 219 05b7 13D5B158 		.ascii	"\023\325\261X\376\241\323_\252n\330\250\247;J\270\211"
 219      FEA1D35F 
 219      AA6ED8A8 
 219      A73B4AB8 
 219      89
ARM GAS  C:\Users\CYIRKO~1\AppData\Local\Temp\ccUoBQ2G.s 			page 17


 220 05c8 EFA4F756 		.ascii	"\357\244\367V\221#\333\317\255\224\013k\201\311\214"
 220      9123DBCF 
 220      AD940B6B 
 220      81C98C
 221 05d7 A28C53F4 		.ascii	"\242\214S\364\267\204\250\204\353\267\274\020i\350\216"
 221      B784A884 
 221      EBB7BC10 
 221      69E88E
 222 05e6 7AA3A3BC 		.ascii	"z\243\243\274\3007~\307\301\364$\264\327'\370\307\273"
 222      C0377EC7 
 222      C1F424B4 
 222      D727F8C7 
 222      BB
 223 05f7 C3237C3F 		.ascii	"\303#|?\302\254R4\255\246L\321\004\351b$d`\223Em\265"
 223      C2AC5234 
 223      ADA64CD1 
 223      04E96224 
 223      64609345 
 224 060d 5C29E175 		.ascii	"\\)\341u\213H\257\272}T\362`\210\220\353:~>\033\030"
 224      8B48AFBA 
 224      7D54F260 
 224      8890EB3A 
 224      7E3E1B18 
 225 0621 C9378029 		.ascii	"\3117\200)\\I~\031+\261,\324\376\271\350\011\021U\341"
 225      5C497E19 
 225      2BB12CD4 
 225      FEB9E809 
 225      1155E1
 226 0634 9B087C81 		.ascii	"\233\010|\201\366\177\212\013\232\273\222\275zW\260"
 226      F67F8A0B 
 226      9ABB92BD 
 226      7A57B0
 227 0643 B62EB344 		.ascii	"\266.\263Dm].\025\215\012\360hk\337MQ'\3629X\240\243"
 227      6D5D2E15 
 227      8D0AF068 
 227      6BDF4D51 
 227      27F23958 
 228 0659 732BD654 		.ascii	"s+\326To\013\232\230\313\216\341Ny\274\310\302\345\376"
 228      6F0B9A98 
 228      CB8EE14E 
 228      79BCC8C2 
 228      E5FE
 229 066b 3C0BB05C 		.ascii	"<\013\260\\\234\210\367e\242\216kX\332q\344\024\274"
 229      9C88F765 
 229      A28E6B58 
 229      DA71E414 
 229      BC
 230 067c 54281776 		.ascii	"T(\027v\343A`\023YVw\012\323\007\263(\014J\324\224\343"
 230      E3416013 
 230      5956770A 
 230      D307B328 
 230      0C4AD494 
 231 0691 23DE77E1 		.ascii	"#\336w\341\367\001v\342\316(\300\012\361%\224\336\271"
 231      F70176E2 
 231      CE28C00A 
 231      F12594DE 
 231      B9
ARM GAS  C:\Users\CYIRKO~1\AppData\Local\Temp\ccUoBQ2G.s 			page 18


 232 06a2 D1D9184C 		.ascii	"\321\331\030L6\350Y\311\345wv\334\224\030\031j\221\223"
 232      36E859C9 
 232      E57776DC 
 232      9418196A 
 232      9193
 233 06b4 B9D879F6 		.ascii	"\271\330y\366\214\316Cp\225\310&\277\251\334Yc\3202"
 233      8CCE4370 
 233      95C826BF 
 233      A9DC5963 
 233      D032
 234 06c6 FCF8390D 		.ascii	"\374\3709\015\3015\214\340j7\301\313\031\215\025D!x"
 234      C1358CE0 
 234      6A37C1CB 
 234      198D1544 
 234      2178
 235 06d8 A5C08815 		.ascii	"\245\300\210\025\200g$\254I\204\301J5\340\370\370,\301"
 235      806724AC 
 235      4984C14A 
 235      35E0F8F8 
 235      2CC1
 236 06ea 6C46F0C9 		.ascii	"lF\360\311\265\036\227H\2129\301\322\246\222\307:\362"
 236      B51E9748 
 236      8A39C1D2 
 236      A692C73A 
 236      F2
 237 06fb 151B88AB 		.ascii	"\025\033\210\253j7\365\033\375\255\211\365\242\277\243"
 237      6A37F51B 
 237      FDAD89F5 
 237      A2BFA3
 238 070a FCD8F169 		.ascii	"\374\330\361i\255\3548\276N\224`\255\350u\034\247)Y"
 238      ADEC38BE 
 238      4E9460AD 
 238      E8751CA7 
 238      2959
 239 071c B37D8430 		.ascii	"\263}\2040\217)\202G\241Kv\365\023O\024\276\344Q\350"
 239      8F298247 
 239      A14B76F5 
 239      134F14BE 
 239      E451E8
 240 072f BD37BA21 		.ascii	"\2757\272!\320o\0246\260(\344\272\243p\244\240cK\240"
 240      D06F1436 
 240      B028E4BA 
 240      A370A4A0 
 240      634BA0
 241 0742 9AA6BB75 		.ascii	"\232\246\273u\275\262,\351(\012rT\0229\336A\330\310"
 241      BDB22CE9 
 241      280A7254 
 241      1239DE41 
 241      D8C8
 242 0754 82F0DD76 		.ascii	"\202\360\335v\347\272q\344(\017\202/~\337g\365\236\003"
 242      E7BA71E4 
 242      280F822F 
 242      7EDF67F5 
 242      9E03
 243 0766 4FE6F239 		.ascii	"O\346\3629\277\255\255=\233C\331$]\234\005|\362\\\356"
 243      BFADAD3D 
 243      9B43D924 
ARM GAS  C:\Users\CYIRKO~1\AppData\Local\Temp\ccUoBQ2G.s 			page 19


 243      5D9C057C 
 243      F25CEE
 244 0779 F606E297 		.ascii	"\366\006\342\227\364fFz\223\233\364\375\213\375{\002"
 244      F466467A 
 244      939BF4FD 
 244      8BFD7B02 
 245 0789 9074378F 		.ascii	"\220t7\217\333J\347\311\225\362V`0\310SY\347Q\326\364"
 245      DB4AE7C9 
 245      95F25660 
 245      30C85359 
 245      E751D6F4 
 246 079d 610B639B 		.ascii	"a\013c\233\261\356R_\000\271\300\331\266\264eV(\233"
 246      B1EE525F 
 246      00B9C0D9 
 246      B6B46556 
 246      289B
 247 07af 6230DD84 		.ascii	"b0\335\204\257\177y<\210o\212\255\214c\323\203\\\211"
 247      AF7F793C 
 247      886F8AAD 
 247      8C63D383 
 247      5C89
 248 07c1 5CE3D827 		.ascii	"\\\343\330'\203\027\236\0309V\242\216f\224w"
 248      83179E18 
 248      3956A28E 
 248      669477
 249 07d0 E9E9CF16 		.ascii	"\351\351\317\026YYD8\257\256\241m\"\346\0137\015(\026"
 249      59594438 
 249      AFAEA16D 
 249      22E60B37 
 249      0D2816
 250 07e3 F98FA391 		.ascii	"\371\217\243\221\352Q#\271\3154\351\272\213]}\001`\232"
 250      EA5123B9 
 250      CD34E9BA 
 250      8B5D7D01 
 250      609A
 251 07f5 042061DB 		.ascii	"\004 a\333\341\376M\213\241\305\220mW\350\342\225/\243"
 251      E1FE4D8B 
 251      A1C5906D 
 251      57E8E295 
 251      2FA3
 252 0807 FAC17FD1 		.ascii	"\372\301\177\321i~x\037,\222\311D\001\246O\202iXE;\260"
 252      697E781F 
 252      2C92C944 
 252      01A64F82 
 252      6958453B 
 253 081c 8A76313B 		.ascii	"\212v1;%\342$\330\211\206\362q\247\2403h\260m\365p\207"
 253      25E224D8 
 253      8986F271 
 253      A7A03368 
 253      B06DF570 
 254 0831 2E2C5BD9 		.ascii	".,[\331!\"\200\351\336\212\270B\221\362+\025\303\334"
 254      212280E9 
 254      DE8AB842 
 254      91F22B15 
 254      C3DC
 255 0843 2C293ABB 		.ascii	",):\273ikA\220\244\330X\372\2236\020]\3276T\025\242"
 255      696B4190 
ARM GAS  C:\Users\CYIRKO~1\AppData\Local\Temp\ccUoBQ2G.s 			page 20


 255      A4D858FA 
 255      9336105D 
 255      D7365415 
 256 0858 D55DF653 		.ascii	"\325]\366S\272W\272N\324\030^.\226/\324\260\332Z\321"
 256      BA57BA4E 
 256      D4185E2E 
 256      962FD4B0 
 256      DA5AD1
 257 086b 9329A77F 		.ascii	"\223)\247\177\201\333\340n1\014\2120M\270\3245\302\377"
 257      81DBE06E 
 257      310C8A30 
 257      4DB8D435 
 257      C2FF
 258 087d C6990FF1 		.ascii	"\306\231\017\361\327\305\036\361e\272\224\017>\276\252"
 258      D7C51EF1 
 258      65BA940F 
 258      3EBEAA
 259 088c 27FD3C01 		.ascii	"'\375<\001\331\215]\177\361\033\360}\356\200\027r\216"
 259      D98D5D7F 
 259      F11BF07D 
 259      EE801772 
 259      8E
 260 089d E90F8AFB 		.ascii	"\351\017\212\373B\274\375Ww\353r\306q\237\233cK\341"
 260      42BCFD57 
 260      77EB72C6 
 260      719F9B63 
 260      4BE1
 261 08af ED7AA3B7 		.ascii	"\355z\243\267G~\321\203M\207KB\024\217n<\237^X\223\036"
 261      477ED183 
 261      4D874B42 
 261      148F6E3C 
 261      9F5E5893 
 262 08c4 015F29DE 		.ascii	"\001_)\336\340\276\240\021\334\253x\263\237ys\372T\355"
 262      E0BEA011 
 262      DCAB78B3 
 262      9F7973FA 
 262      54ED
 263 08d6 65A2DD77 		.ascii	"e\242\335wi\245\252.|\315\367]\332#\370jeu\201HF\225"
 263      69A5AA2E 
 263      7CCDF75D 
 263      DA23F86A 
 263      65758148 
 264 08ec DAEB487F 		.ascii	"\332\353H\177\252\034\304C\351\1771\356\266\025+u:\310"
 264      AA1CC443 
 264      E97F31EE 
 264      B6152B75 
 264      3AC8
 265 08fe 7EDA7E5B 		.ascii	"~\332~[Q\247\374\223#\004\207O\353\007[B\374F\352\210"
 265      51A7FC93 
 265      2304874F 
 265      EB075B42 
 265      FC46EA88 
 266 0912 3B528779 		.ascii	";R\207y\244\326\264tf\004yG\352\020&\344 KH\005\363"
 266      A4D6B474 
 266      66047947 
 266      EA1026E4 
 266      204B4805 
ARM GAS  C:\Users\CYIRKO~1\AppData\Local\Temp\ccUoBQ2G.s 			page 21


 267 0927 FD88DBF7 		.ascii	"\375\210\333\367\372K\231W\211w\244\374\242\207\017"
 267      FA4B9957 
 267      8977A4FC 
 267      A2870F
 268 0936 0CF40628 		.ascii	"\014\364\006(\221j\177\221G\352\250\022)\334<4\202\007"
 268      916A7F91 
 268      47EAA812 
 268      29DC3C34 
 268      8207
 269 0948 9448558A 		.ascii	"\224HU\212/\013\322\222\370d\2635>\361\2554\273\341"
 269      2F0BD292 
 269      F864B335 
 269      3EF1AD34 
 269      BBE1
 270 095a DD3F7F14 		.ascii	"\335?\177\024\361vt\264\240[\034o\377\273d\261\244%"
 270      F17674B4 
 270      A05B1C6F 
 270      FFBB64B1 
 270      A425
 271 096c A538A6C7 		.ascii	"\2458\246\307X\034\013\255\257\305%,JZ\220dw\244%&\331"
 271      581C0BAD 
 271      AFC5252C 
 271      4A5A9064 
 271      77A42526 
 272 0981 E21C365B 		.ascii	"\342\0346[\262=\356\323\224\264\010\366\024\021\237"
 272      B23DEED3 
 272      94B408F6 
 272      14119F
 273 0990 BA38C2BA 		.ascii	"\2728\302\272x\20151\321\232\0307c\352\364\210\230i"
 273      78813531 
 273      D19A1837 
 273      63EAF488 
 273      9869
 274 09a2 D133FF11 		.ascii	"\3213\377\021\035\207\363\257\244\330R\254\257X\343"
 274      1D87F3AF 
 274      A4D852AC 
 274      AF58E3
 275 09b1 1724C525 		.ascii	"\027$\305%\245$$\247%Z\343\026\307\243\256\024k\234"
 275      A52424A7 
 275      255AE316 
 275      C7A3AE14 
 275      6B9C
 276 09c3 25D1BA30 		.ascii	"%\321\2720>-\331aq|\266\304j\237\272H0\270\355\375\355"
 276      3E2DD961 
 276      717CB6C4 
 276      6A9FBA48 
 276      30B8EDFD 
 277 09d8 17B567FF 		.ascii	"\027\265g\377\314\036g\261;\022Q9\0321&\331\226\330"
 277      CC1E67B1 
 277      3B125139 
 277      1A3126D9 
 277      96D8
 278 09ea 521DD443 		.ascii	"R\035\324C\213\343\2359\257\305\275M\015\315\347\206"
 278      8BE39D39 
 278      AFC5BD4D 
 278      0DCDE786 
 279 09fa 98519B3D 		.ascii	"\230Q\233=z\346\214(\233=jQ|r\024\305\332\243\346\177"
ARM GAS  C:\Users\CYIRKO~1\AppData\Local\Temp\ccUoBQ2G.s 			page 22


 279      7AE68C28 
 279      9B3D6A51 
 279      7C7214C5 
 279      DAA3E67F 
 280 0a0e F8C1F498 		.ascii	"\370\301\364\230\250\271sgG\275;\357\375\330\177\306"
 280      A8B97367 
 280      47BD3BEF 
 280      FDD87FC6 
 281 0a1e D057160C 		.ascii	"\320W\026\014\234%99\021u\006PTR\242\356\217\357\230"
 281      9C253939 
 281      11750650 
 281      5452A2EE 
 281      8FEF98
 282 0a31 DFA3B7B9 		.ascii	"\337\243\267\271\272\271o\377\311\254{k\276\331\014"
 282      BAB96FFF 
 282      C9AC7B6B 
 282      BED90C
 283 0a40 9FC07BFA 		.ascii	"\237\300{\372\204dk|\252\022\317\350\031\026\207\301"
 283      84646B7C 
 283      AA12CFE8 
 283      191687C1 
 284 0a50 FD40EC56 		.ascii	"\375@\354V\007\211\235m&\357\3176\353\347}4o\26690v"
 284      07899D6D 
 284      26EFCF36 
 284      EBE77D34 
 284      6FB63930 
 285 0a65 FEBC3973 		.ascii	"\376\2749sf\233\003b?\374\353\2749f\375\007\261\263"
 285      669B0362 
 285      3FFCEBBC 
 285      3966FD07 
 285      B1B3
 286 0a77 E798C95B 		.ascii	"\347\230\311[f\263\321\356X\214\261\371tI\222\315\342"
 286      66B3D1EE 
 286      588CB1F9 
 286      744992CD 
 286      E2
 287 0a88 90B81349 		.ascii	"\220\270\023I\211\026G\200m\341B\324b\244*-\013\343"
 287      89164780 
 287      6DE142D4 
 287      62A42A2D 
 287      0BE3
 288 0a9a ED8E572D 		.ascii	"\355\216W-\216\217\177\331\370\271C7\375g\243\245\210"
 288      8E8F7FD9 
 288      F8B94337 
 288      FD67A3A5 
 288      88
 289 0aab B8C38332 		.ascii	"\270\303\2032\372\367c\261\262\242~V\322\236\232\340"
 289      FAF763B1 
 289      B2A27E56 
 289      D29E9AE0 
 290 0abb 914A1082 		.ascii	"\221J\020\202\261\373$5\311aE\331\020|\236ou\340\323"
 290      B1FB2435 
 290      C96145D9 
 290      107C9E6F 
 290      75E0D3
 291 0ace 07B644AB 		.ascii	"\007\266D\253!\311\266\030;\213\343W\356\370[\320\373"
 291      21C9B618 
ARM GAS  C:\Users\CYIRKO~1\AppData\Local\Temp\ccUoBQ2G.s 			page 23


 291      3B8BE357 
 291      EEF85BD0 
 291      FB
 292 0adf 4F536D69 		.ascii	"OSmiK\350|\210\305\2620-%\301b\231:s\346\037\242\015"
 292      4BE87C88 
 292      C5B2302D 
 292      25C16299 
 292      3A73E61F 
 293 0af5 EE912E61 		.ascii	"\356\221.aQ|\3523\357fhF\257N\213\376/\333\017av"
 293      517CEA33 
 293      EF666846 
 293      AF4E8BFE 
 293      2FDB0F61 
 294              		.text
 295              		.section	.gnu.lto_.symtab.956e0432,"",%progbits
 296 0000 70616C52 		.ascii	"palReadBus\000"
 296      65616442 
 296      757300
 297 000b 00       		.ascii	"\000"
 298 000c 00       		.ascii	"\000"
 299 000d 00       		.ascii	"\000"
 300 000e 00000000 		.ascii	"\000\000\000\000\000\000\000\000"
 300      00000000 
 301 0016 0B010000 		.ascii	"\013\001\000\000"
 302 001a 70616C57 		.ascii	"palWriteBus\000"
 302      72697465 
 302      42757300 
 303 0026 00       		.ascii	"\000"
 304 0027 00       		.ascii	"\000"
 305 0028 00       		.ascii	"\000"
 306 0029 00000000 		.ascii	"\000\000\000\000\000\000\000\000"
 306      00000000 
 307 0031 10010000 		.ascii	"\020\001\000\000"
 308 0035 70616C53 		.ascii	"palSetBusMode\000"
 308      65744275 
 308      734D6F64 
 308      6500
 309 0043 00       		.ascii	"\000"
 310 0044 00       		.ascii	"\000"
 311 0045 00       		.ascii	"\000"
 312 0046 00000000 		.ascii	"\000\000\000\000\000\000\000\000"
 312      00000000 
 313 004e 18010000 		.ascii	"\030\001\000\000"
 314 0052 5F70616C 		.ascii	"_pal_lld_setgroupmode\000"
 314      5F6C6C64 
 314      5F736574 
 314      67726F75 
 314      706D6F64 
 315 0068 00       		.ascii	"\000"
 316 0069 02       		.ascii	"\002"
 317 006a 00       		.ascii	"\000"
 318 006b 00000000 		.ascii	"\000\000\000\000\000\000\000\000"
 318      00000000 
 319 0073 1E010000 		.ascii	"\036\001\000\000"
 320              		.text
 321              		.section	.gnu.lto_.opts,"",%progbits
 322 0000 272D666D 		.ascii	"'-fmath-errno' '-fsigned-zeros' '-ftrapping-math' '"
ARM GAS  C:\Users\CYIRKO~1\AppData\Local\Temp\ccUoBQ2G.s 			page 24


 322      6174682D 
 322      6572726E 
 322      6F272027 
 322      2D667369 
 323 0033 2D666E6F 		.ascii	"-fno-trapv' '-fno-openmp' '-fno-openacc' '-mcpu=cor"
 323      2D747261 
 323      70762720 
 323      272D666E 
 323      6F2D6F70 
 324 0066 7465782D 		.ascii	"tex-m7' '-mno-thumb-interwork' '-mthumb' '-ggdb' '-"
 324      6D372720 
 324      272D6D6E 
 324      6F2D7468 
 324      756D622D 
 325 0099 4F322720 		.ascii	"O2' '-fomit-frame-pointer' '-falign-functions=16' '"
 325      272D666F 
 325      6D69742D 
 325      6672616D 
 325      652D706F 
 326 00cc 2D666675 		.ascii	"-ffunction-sections' '-fdata-sections' '-fno-common"
 326      6E637469 
 326      6F6E2D73 
 326      65637469 
 326      6F6E7327 
 327 00ff 2720272D 		.ascii	"' '-flto'\000"
 327      666C746F 
 327      2700
 328              		.text
 329              		.comm	__gnu_lto_v1,1,1
 330              		.comm	__gnu_lto_slim,1,1
 331              		.ident	"GCC: (GNU Tools for ARM Embedded Processors 6-2017-q1-update) 6.3.1 20170215 (release) [AR
ARM GAS  C:\Users\CYIRKO~1\AppData\Local\Temp\ccUoBQ2G.s 			page 25


DEFINED SYMBOLS
                            *ABS*:00000000 hal_pal.c
                            *COM*:00000001 __gnu_lto_v1
                            *COM*:00000001 __gnu_lto_slim

NO UNDEFINED SYMBOLS
