ARM GAS  C:\Users\CYIRKO~1\AppData\Local\Temp\cc5mBRYr.s 			page 1


   1              		.cpu cortex-m7
   2              		.eabi_attribute 20, 1
   3              		.eabi_attribute 21, 1
   4              		.eabi_attribute 23, 3
   5              		.eabi_attribute 24, 1
   6              		.eabi_attribute 25, 1
   7              		.eabi_attribute 26, 1
   8              		.eabi_attribute 30, 2
   9              		.eabi_attribute 34, 1
  10              		.eabi_attribute 18, 4
  11              		.file	"main.c"
  12              		.text
  13              	.Ltext0:
  14              		.section	.gnu.lto_.profile.d5812daa,"",%progbits
  15 0000 789C6365 		.ascii	"x\234ce`b`a```d(\222\000\000\001|\000\227"
  15      60626061 
  15      60606064 
  15      28920000 
  15      017C0097 
  16              		.text
  17              		.section	.gnu.lto_.icf.d5812daa,"",%progbits
  18 0000 789C6365 		.ascii	"x\234ce`b\340`@\000F\206\206\357\375o\030\031\000\016"
  18      6062E060 
  18      40004686 
  18      86EFFD6F 
  18      1819000E 
  19 0014 390304   		.ascii	"9\003\004"
  20              		.text
  21              		.section	.gnu.lto_.jmpfuncs.d5812daa,"",%progbits
  22 0000 789C6365 		.ascii	"x\234ce`b8\300\300\300 \306\000\001\214@\314\3018\235"
  22      606238C0 
  22      C0C020C6 
  22      00018C40 
  22      CCC1389D 
  23 0014 9971E7CE 		.ascii	"\231q\347\3167\267\331\353\3776p\314gfX\314\014\222"
  23      37B7D9EB 
  23      FF3670CC 
  23      676658CC 
  23      0C92
  24 0026 59CE58CF 		.ascii	"Y\316X\317\300\310\302\000\222\374\365\243w\001\217"
  24      C0C8C200 
  24      92FCF5A3 
  24      77018F
  25 0035 22E3FC86 		.ascii	"\"\343\374\206\031\012\363\231\031\031\200\"\213?M~"
  25      190AF399 
  25      19198022 
  25      8B3F4D7E 
  26 0045 CA0A542E 		.ascii	"\312\012T.1\237\231\211q\005\243\"P\375J\210z(`\002"
  26      319F9989 
  26      7105A322 
  26      50FD4A88 
  26      7A286002 
  27 0059 E9DBD5BC 		.ascii	"\351\333\325\274z\003o\037\363|ffF9\306U\2142\014\014"
  27      7A036F1F 
  27      F37C6666 
  27      4639C655 
  27      8C320C0C 
ARM GAS  C:\Users\CYIRKO~1\AppData\Local\Temp\cc5mBRYr.s 			page 2


  28 006d 6CD8ED5A 		.ascii	"l\330\355Z\215\260\353\340\203M\037\271AzX\030Y\030"
  28      8DB0EBE0 
  28      834D1FB9 
  28      417A5818 
  28      5918
  29 007f D780F480 		.ascii	"\327\200\364\200D\317.\\s\216\015\"\312\305\270\026"
  29      44CF2E5C 
  29      738E0D22 
  29      CAC5B816 
  30 008f 240A01A2 		.ascii	"$\012\001\242!\231\271\251V\032\252)\232\234n9%`\006"
  30      2199B9A9 
  30      561AAA29 
  30      9A9C6E39 
  30      256006
  31 00a2 172F0300 		.ascii	"\027/\003\000\230z6W"
  31      987A3657 
  32              		.text
  33              		.section	.gnu.lto_.inline.d5812daa,"",%progbits
  34 0000 789C6365 		.ascii	"x\234ce`b\360c@\000F\006\006\251\011V\214\014L\\\015"
  34      6062F063 
  34      40004606 
  34      06A90956 
  34      8C0C4C5C 
  35 0015 9F573132 		.ascii	"\237W12\260\000\245\201\200\225\017\304d\230\3407\301"
  35      B000A581 
  35      80950FC4 
  35      6498E037 
  35      C1
  36 0026 8F891BA8 		.ascii	"\217\211\033\250\004D0\202E\231Az\270\030A\004\003\006"
  36      04443082 
  36      4599417A 
  36      B8184104 
  36      0306
  37 0038 C1000055 		.ascii	"\301\000\000U\343\005\254"
  37      E305AC
  38              		.text
  39              		.section	.gnu.lto_.pureconst.d5812daa,"",%progbits
  40 0000 789C6365 		.ascii	"x\234ce`b`f```d0\001\000\000\240\000@"
  40      60626066 
  40      60606064 
  40      30010000 
  40      A00040
  41              		.text
  42              		.section	.gnu.lto_main.d5812daa,"",%progbits
  43 0000 789C8554 		.ascii	"x\234\205T\337OTG\024>\337\235\273\313\356]\226]@\023"
  43      DF4F5447 
  43      143EDF9D 
  43      BBCBEE5D 
  43      965D4013 
  44 0014 1F80601A 		.ascii	"\037\200`\032\022y\361\2611}\363\305\277\240\251\217"
  44      1279F1B1 
  44      317DF3C5 
  44      BFA0A98F 
  45 0024 86C89A90 		.ascii	"\206\310\232\220\200\017\206\2765\331[\240K\205`Mj\205"
  45      800F86BE 
  45      35D95BA0 
  45      4B85604D 
ARM GAS  C:\Users\CYIRKO~1\AppData\Local\Temp\cc5mBRYr.s 			page 3


  45      6A85
  46 0036 6DC5BB8A 		.ascii	"m\305\273\212\011\012* \012B\255\275(\250\030\177T#"
  46      090A2A20 
  46      0A42ADBD 
  46      28A8187F 
  46      5423
  47 0048 A6694DAC 		.ascii	"\246iM\254\2325b\225\250\211ZH\025\317\231\331 \230"
  47      9A356295 
  47      A8895A48 
  47      15CF99D9 
  47      2098
  48 005a 354EB293 		.ascii	"5N\262\22333\337\367\235\237w\003d\321\346\000\321\006"
  48      3333DFF7 
  48      9D9F7703 
  48      64D1E600 
  48      D106
  49 006c 22FA9C7F 		.ascii	"\"\372\234\177\010\020\254\335\327\210\276\015YP\306"
  49      0810ACDD 
  49      D788BE0D 
  49      5950C6
  50 007b 50B08D61 		.ascii	"P\260\215a\233\233\215\240\244\245l\360Ff\375\240:\025"
  50      9B9B8DA0 
  50      A4A56CF0 
  50      4666FDA0 
  50      3A15
  51 008d 6EB40CEE 		.ascii	"n\264\014\356S\273\224\247\0106\037\237_\375\371A\221"
  51      53BB94A7 
  51      08361F9F 
  51      5FFDF941 
  51      91
  52 009e 1C814A3E 		.ascii	"\034\201J>\316\3549\336_X\335\353\362\362;\373\220>"
  52      CEEC39DE 
  52      5F58DDEB 
  52      F2F23BFB 
  52      903E
  53 00b0 ECDB9EB2 		.ascii	"\354\333\236\262(\315\350\303(C/\312\304\373\021T\023"
  53      28CDE8C3 
  53      28432FCA 
  53      C4FB1154 
  53      13
  54 00c1 83A7165F 		.ascii	"\203\247\026_\3731#e\361\361\346\263+\335\021#\025\347"
  54      FB312365 
  54      F1F1E6B3 
  54      2BDD1123 
  54      15E7
  55 00d3 E3C1ECE4 		.ascii	"\343\301\354\344\251\210r \310{g:\266T\365\270n\223"
  55      A9887220 
  55      C87B673A 
  55      B654F5B8 
  55      6E93
  56 00e5 EBBFBAA7 		.ascii	"\353\277\272\247\272\\\277\251\322S\012G\241D\271\237"
  56      BA5CBFA9 
  56      D2530A47 
  56      A144B99F 
  57 00f5 95FBB432 		.ascii	"\225\373\2642\011\370\321\245W\331\220Z\243\211\217"
  57      09F8D1A5 
  57      57D9905A 
ARM GAS  C:\Users\CYIRKO~1\AppData\Local\Temp\cc5mBRYr.s 			page 4


  57      A3898F
  58 0104 CEEF5FB4 		.ascii	"\316\357_\264\204\311\361\314\335\010\014\273~\0133"
  58      84C9F1CC 
  58      DD080CBB 
  58      7E0B33
  59 0113 6D1C37CC 		.ascii	"m\0347\314\3671i\346N\277m\322Q\025\232yr\356\326\351"
  59      F73169E6 
  59      4EBF6DD2 
  59      51159A79 
  59      72EED6E9 
  60 0127 608E7967 		.ascii	"`\216yg(\350\036r-!\016\346%\336\037z\373S4hc\010U\030"
  60      28E81E72 
  60      2D210EE6 
  60      25DE1F7A 
  60      FB533468 
  61 013f E0DF3154 		.ascii	"\340\3371TI\316\234\352\011\004A\244\226\277\014\334"
  61      49CE9CEA 
  61      090441A4 
  61      96BF0CDC 
  62 014f 84EFBE5D 		.ascii	"\204\357\276]lu\375\221\003\370f5H\036\035\222\247("
  62      6C75FD91 
  62      03F86635 
  62      481E1D92 
  62      A728
  63 0161 792A5024 		.ascii	"y*P$[\214\004\036g\323.\326\200\0226\255R\331\210\332"
  63      5B8C041E 
  63      67D32ED6 
  63      801236AD 
  63      52D988DA 
  64 0175 581AD4CE 		.ascii	"X\032\324\316&\324\277h\316\334\265\304\217\00426\366"
  64      26D4BF68 
  64      CEDCB5C4 
  64      8F043236 
  64      F6
  65 0186 E4EF82E4 		.ascii	"\344\357\202\344\0337\344\251`Z\261g\014#\311\244\002"
  65      1B37E4A9 
  65      605AB167 
  65      0C23C9A4 
  65      02
  66 0197 125C4D7E 		.ascii	"\022\\M~\030+\342\3442X\"?L\234\236Z\006k\310\017\263"
  66      182BE2E4 
  66      3258223F 
  66      4C9C9E5A 
  66      066BC80F 
  67 01ac 19369283 		.ascii	"\0316\222\203e\321\224y\375't\0258\007\306v\336\237"
  67      65D19479 
  67      FD277415 
  67      3807C676 
  67      DE9F
  68 01be D81529FF 		.ascii	"\330\025)\377\305\015qq87\302(\312\331lgu\036:\225\205"
  68      C50D7171 
  68      3837C228 
  68      CAD96C67 
  68      751E3A95 
  69 01d3 A5B3EDE6 		.ascii	"\245\263\355\346\330\305G\3774\362{\341a\306\351\245"
  69      D8C547FF 
  69      34F27BE1 
ARM GAS  C:\Users\CYIRKO~1\AppData\Local\Temp\cc5mBRYr.s 			page 5


  69      61C6E9A5 
  70 01e3 60529981 		.ascii	"`R\231\201y]\203n\345\254\204\206\322*\310\3201\206"
  70      795D836E 
  70      E5AC8486 
  70      D22AC8D0 
  70      3186
  71 01f5 F2C3DEEF 		.ascii	"\362\303\336\357\316]/\220\021\013\343\003\311p\217"
  71      CE5D2F90 
  71      110BE303 
  71      C9708F
  72 0204 32AD7C7C 		.ascii	"2\255||ef\322\361\320\015\217g\357W$1.m\346\207\314"
  72      6566D2F1 
  72      D00D8F67 
  72      EF572431 
  72      2E6DE687 
  73 0219 C2FC4C21 		.ascii	"\302\374L!\203\277w\335\314C\210\304\031x&:\374\206"
  73      83BF77DD 
  73      CC4388C4 
  73      1978263A 
  73      FC86
  74 022b 242326FE 		.ascii	"$#&\3769\361\\\0170\177J8\2132\276\272z\340\350\265"
  74      39F15C0F 
  74      307F4A38 
  74      8B32BEBA 
  74      7AE0E8B5 
  75 023f A0B972F0 		.ascii	"\240\271r\360;\312<\025\321E9kjrL2u8\201\226\314p\336"
  75      3BCA3C15 
  75      D145396B 
  75      6A724C32 
  75      75388196 
  76 0256 4C0BD39C 		.ascii	"L\013\323\234\037\3017\341\2177\367\017FE-\212\012L"
  76      1FC137E1 
  76      8F37F70F 
  76      46452D8A 
  76      0A4C
  77 0268 885A91AE 		.ascii	"\210Z\221\256\322\350t.\371\350Jv,\255\270\3168\247"
  77      D2E8742E 
  77      F9E84A76 
  77      2CADB8CE 
  77      38A7
  78 027a EB14A759 		.ascii	"\353\024\247Y4\357M\355\014\033h\221A/I\006X\362<\247"
  78      34EF4DED 
  78      0C1B6891 
  78      412F4906 
  78      58F23CA7 
  79 028e 3A8BA6DB 		.ascii	":\213\246\333\251ye@1\306I\274\225:\332\001\2116&2\177"
  79      A9796540 
  79      31C649BC 
  79      953ADA01 
  79      89362632 
  80 02a3 A49E4E45 		.ascii	"\244\236NE\014$\316W\2543}\341\377Q\305}\345\352\304"
  80      0C24CE57 
  80      AC337DE1 
  80      FF51C57D 
  80      E5EAC4
  81 02b6 1D72736B 		.ascii	"\035rsk\001\272\307\223\334c\355|6\247[\314\375e\352"
  81      01BAC793 
ARM GAS  C:\Users\CYIRKO~1\AppData\Local\Temp\cc5mBRYr.s 			page 6


  81      DC63ED7C 
  81      36A75BCC 
  81      FD65EA
  82 02c9 7B69DDF2 		.ascii	"{i\335\362bq~+\325\321\0334\250\222\334\325\213V\230"
  82      62717E2B 
  82      D5D11B34 
  82      A892DCD5 
  82      8B5698
  83 02dc 8B5253AC 		.ascii	"\213RS\254\326\312<\225*N\2530\347:e*\365\311\316^\370"
  83      D6CA3C95 
  83      2A4EAB30 
  83      E73A652A 
  83      F5C9CE5E 
  84 02f1 4867E72C 		.ascii	"Hg\347,\351\354\305\245\316^\322\235]\370\257#S\270"
  84      E9ECC5A5 
  84      CE5ED29D 
  84      5DF8AF23 
  84      53B8
  85 0303 F633CFED 		.ascii	"\3663\317\355\342\177\217\022\341\364\274\3701\033`"
  85      E27F8F12 
  85      E1F4BCF8 
  85      311B60
  86 0312 4E1773FA 		.ascii	"N\027s\372\270|\245\230\306ZC\271\214\244\216\275\324"
  86      B87CA598 
  86      C65A43B9 
  86      8CA48EBD 
  86      D4
  87 0323 53AB885E 		.ascii	"S\253\210^\0022\343\326\370\305(\247c\377\325\036\343"
  87      0232E3D6 
  87      F8C528A7 
  87      63FFD51E 
  87      E3
  88 0334 CFD79661 		.ascii	"\317\327\226aG\233|\240\274\012\032j\352\266\257\337"
  88      479B7CA0 
  88      BC0A1A6A 
  88      EAB6AFDF 
  89 0344 4AD16D75 		.ascii	"J\321mu\365\215\211\035\211\332\257j\352\277N\004j\023"
  89      F58D891D 
  89      89DAAF6A 
  89      EABF4E04 
  89      6A13
  90 0356 F58D3576 		.ascii	"\365\2155vc]Cb\365\227\274}\261\256\252\266:\274\251"
  90      635D4362 
  90      F597BC7D 
  90      B1AEAAB6 
  90      3ABCA9
  91 0369 BE511B4E 		.ascii	"\276Q\033N\224\336\001\313\354\276\340"
  91      94DE01CB 
  91      ECBEE0
  92              		.text
  93              		.section	.gnu.lto_.symbol_nodes.d5812daa,"",%progbits
  94 0000 789C55C9 		.ascii	"x\234U\311\273\021\3020\020\204\341\325\236\345\007"
  94      BB11C230 
  94      1084E1D5 
  94      9EE507
  95 000f 55500A2D 		.ascii	"UP\012-Q\301)\320@@B\001\274\014\302E8&\246\006\230"
  95      51C129D0 
ARM GAS  C:\Users\CYIRKO~1\AppData\Local\Temp\cc5mBRYr.s 			page 7


  95      40404201 
  95      BC0CC245 
  95      3826A606 
  96 0024 711D0C42 		.ascii	"q\035\014BN\270\350\337\371\326\203\020\007\200\007"
  96      4EB8E8DF 
  96      F9D68310 
  96      078007
  97 0033 2AB07F02 		.ascii	"*\260\177\0029c\350\263\371\033\261\314\227\033\250"
  97      3963E8B3 
  97      F91BB1CC 
  97      971BA8
  98 0042 AE5C4008 		.ascii	"\256\\@\010\253\014w*\015$\252\030\270R+\003=\325\033"
  98      AB0C772A 
  98      0D24AA18 
  98      B8522B03 
  98      3DD51B
  99 0055 B8506B03 		.ascii	"\270Pk\003gjc\340Dm\015\034\251\335?\010\026H\257\217"
  99      676A63E0 
  99      446D0D1C 
  99      A9DD3F08 
  99      1648AF8F 
 100 0069 13747894 		.ascii	"\023tx\224\266\230J\033\304\367\2575\342f\032\327\002"
 100      B6984A1B 
 100      C4F7AF35 
 100      E2661AD7 
 100      02
 101 007a 8F348F0A 		.ascii	"\2174\217\012\323<\004q[\006\221vy\340\013\024\325B"
 101      D33C0471 
 101      5B069176 
 101      79E00B14 
 101      D542
 102 008c 68       		.ascii	"h"
 103              		.text
 104              		.section	.gnu.lto_.refs.d5812daa,"",%progbits
 105 0000 789C6365 		.ascii	"x\234ce`b\340d`\000\222L\214\234L\214\242\014\000\001"
 105      6062E064 
 105      6000924C 
 105      8C9C4C8C 
 105      A20C0001 
 106 0014 810037   		.ascii	"\201\0007"
 107              		.text
 108              		.section	.gnu.lto_.decls.d5812daa,"",%progbits
 109 0000 789CB55B 		.ascii	"x\234\265[\011PTY\226\315\227\357\347B\222\200\245v"
 109      09505459 
 109      96CD97EF 
 109      E7429280 
 109      A576
 110 0012 B5316174 		.ascii	"\2651at\033\025v\025\321\213\270t[5=\3233\335mu\327"
 110      1B157615 
 110      D18BB874 
 110      5B353DD3 
 110      33DD6D75 
 111 0027 D44CD732 		.ascii	"\324L\3272hu\314\3048\223\201\220*]l&i\251\035\323\321"
 111      6875CCC4 
 111      38938190 
 111      2A5D6C26 
 111      69A91DD3 
ARM GAS  C:\Users\CYIRKO~1\AppData\Local\Temp\cc5mBRYr.s 			page 8


 112 003c C9A202A2 		.ascii	"\311\242\002\242\254*  \012*\010\210,\256\240l\012("
 112      AC2A2020 
 112      0A2A0888 
 112      2CAEA06C 
 112      0A28
 113 004e 2A0A6E88 		.ascii	"*\012n\210\262\211\240(\213\240\010(0\367\275\367\177"
 113      B289A028 
 113      8BA00828 
 113      30F7BDF7 
 113      7F
 114 005f FE9FC94F 		.ascii	"\376\237\311OKkf\010of\276\377\357\273\367\334\373\356"
 114      4B6B6608 
 114      6F66BEFF 
 114      EFBBF7DC 
 114      FBEE
 115 0071 BD6FF95F 		.ascii	"\275o\371_\225B\251\350\374\225BQ\354\244PpH\241\230"
 115      9542A9E8 
 115      FC954251 
 115      ECA45070 
 115      48A198
 116 0084 823FA542 		.ascii	"\202?\245B\241\310\007R\001}\016\015O\240\345@\357C"
 116      A1C80752 
 116      017D0E0D 
 116      4FA0E540 
 116      EF43
 117 0096 7B0278C8 		.ascii	"{\002x\310\237\016\350\337\340\232?P\020\220\031\350"
 117      9F0EE8DF 
 117      E09A3F50 
 117      109019E8 
 118 00a6 CF407F01 		.ascii	"\317@\177\001\372+P\010P\030\320f \322e\253Ra\363W\310"
 118      FA2B5008 
 118      5018D066 
 118      20D265AB 
 118      5261F357 
 119 00bb 2914DF83 		.ascii	")\024\337\203\357\231@\263\201\276\344e/\203\357\017"
 119      EF9940B3 
 119      81BEE465 
 119      2F83EF0F 
 120 00cb 802280FF 		.ascii	"\200\"\200\377\277\201\"\225\014\303g@\233\200\242x"
 120      BF812295 
 120      0CC36740 
 120      9B80A278 
 121 00db 1CC1F0BD 		.ascii	"\034\301\360\275\015(\020(Z\202\321Oi\213o3\217#\204"
 121      0D281028 
 121      5A82D14F 
 121      698B6F33 
 121      8F2384
 122 00ee C7F5171E 		.ascii	"\307\365\027\036\247\231\307\355\357\000\337n\214\256"
 122      A799C7ED 
 122      EF00DF6E 
 122      8CAE
 123 00fc 851F4DC5 		.ascii	"\205\037M\305;0\232\251C\0344\237^N\271\357\012\315"
 123      3B309AA9 
 123      431C349F 
 123      5E4EB9EF 
 123      0ACD
 124 010e D93A340F 		.ascii	"\331:4\017\232':v\226;\261\273\267\011\367\305\344\261"
ARM GAS  C:\Users\CYIRKO~1\AppData\Local\Temp\cc5mBRYr.s 			page 9


 124      9A273A76 
 124      963BB1BB 
 124      B709F7C5 
 124      E4B1
 125 0120 1657AC44 		.ascii	"\026W\254D\344\367\275\272\234\\\322\363\003\035\"\376"
 125      E4F7BDBA 
 125      9C5CD2F3 
 125      031D22FE 
 126 0130 74834B05 		.ascii	"t\203K\005ON\215\271\260K\204\243m,\373\367\013\362"
 126      4F4E8DB9 
 126      B04B84A3 
 126      6D2CFBF7 
 126      0BF2
 127 0142 2CEC4F3B 		.ascii	",\354O;GT\332\0303\224\245\301\357\020&e\362\305[U\034"
 127      4754DA18 
 127      3394A5C1 
 127      EF102665 
 127      F2C55B55 
 128 0157 72D71D24 		.ascii	"r\327\035$L\025=\303\037\304m\265X\224\350(\322\241"
 128      4C153DC3 
 128      1FC46DB5 
 128      5894E828 
 128      D2A1
 129 0169 2308A37C 		.ascii	"#\010\243|\264\000\372\200D\342.\213%\324\022\033fq"
 129      B400FA80 
 129      44E22E8B 
 129      25D4121B 
 129      6671
 130 017b FA2705CA 		.ascii	"\372'\005\312Fs\321!4W\201\012\220;\321G\370P\036\\"
 130      4673D121 
 130      3457810A 
 130      903BD147 
 130      F8501E5C 
 131 018f CC858BA0 		.ascii	"\314\205\213\240\"'+n\277\032\207!\252\243\346l\313"
 131      22272B6E 
 131      BF1A8721 
 131      AAA3E66C 
 131      CB
 132 01a0 6D0EE9DC 		.ascii	"m\016\351\334e\005\024\313\010\340\301\344\274W\263"
 132      650514CB 
 132      08E0C1E4 
 132      BC57B3
 133 01af 99802902 		.ascii	"\231\200)\0020\205\"\030\300\306\354h\352\336\027\256"
 133      30852218 
 133      C0C6EC68 
 133      EADE17AE 
 134 01bf 67EEB94A 		.ascii	"g\356\271J\332y#\371\275\010?\244J\321\236\341{\217"
 134      DA7923F9 
 134      BD083FA4 
 134      4AD19EE1 
 134      7B8F
 135 01d1 78DFB94B 		.ascii	"x\337\271K<;\223y\2666\2768\014\343~\306\032\221\267"
 135      3C3B9379 
 135      B636BE38 
 135      0CE37EC6 
 135      1A91B7
 136 01e4 A31AEB00 		.ascii	"\243\032\353\000]\330\033\241\203\036;*\312~\205\207"
ARM GAS  C:\Users\CYIRKO~1\AppData\Local\Temp\cc5mBRYr.s 			page 10


 136      5DD81BA1 
 136      831E3B2A 
 136      CA7E8587 
 137 01f4 58EFFEF0 		.ascii	"X\357\376\360\007\355\316L\362\0342\242\226\275}\256"
 137      07EDCE4C 
 137      F21C32A2 
 137      96BD7DAE 
 138 0204 7884DD3B 		.ascii	"x\204\335;VRR\214\3608k4\016^J\343\031g@3t\240-^\215"
 138      5652528C 
 138      F0386B34 
 138      0E5E4AE3 
 138      19674033 
 139 021d 27D9BD9B 		.ascii	"'\331\275\233\217BB\2648\214\015mJ\351\263\213*\306"
 139      8F4242B4 
 139      388C0D6D 
 139      4AE9B38B 
 139      2AC6
 140 022f A88566D1 		.ascii	"\250\205f\321\315\354R-\216`\367\332\343\343\317:\343"
 140      CDEC522D 
 140      8E60F7DA 
 140      E3E3CF3A 
 140      E3
 141 0240 68D6B87E 		.ascii	"h\326\270~\352F\2043\216e\215\210\302\302$g\234\310"
 141      EA468433 
 141      8E658D88 
 141      C2C22467 
 141      9CC8
 142 0252 1AE169B1 		.ascii	"\032\341i\261\015J&\342\247\320\334\025\231\332\316"
 142      0D4A26E2 
 142      A7D0DC15 
 142      99DACE
 143 0261 B1B86A57 		.ascii	"\261\270jW\022)\205\265=\010'Q^\227\361\302\277\240"
 143      122985B5 
 143      3D082751 
 143      5E97F1C2 
 143      BFA0
 144 0273 F9B3E6F3 		.ascii	"\371\263\346\363\177\356\363\347\357\267\204\207\201"
 144      7FEEF3E7 
 144      EFB78487 
 144      81
 145 0280 FBEBE745 		.ascii	"\373\353\347E\036\270\030m\311\250B\350\024\214@9\214"
 145      1EB8186D 
 145      C9A842E8 
 145      148C4039 
 145      8C
 146 0291 C045344B 		.ascii	"\300E4K\364\315Y\370\240\256\202\321\210##\026k\261"
 146      F4CD59F8 
 146      A0AE82D1 
 146      88232316 
 146      6BB1
 147 02a3 FC9A53A0 		.ascii	"\374\232S\240Z`\250\241\367\010;\270\0165\201\027/\241"
 147      5A60A8A1 
 147      F7083BB8 
 147      0E358117 
 147      2FA1
 148 02b5 F9A81EE8 		.ascii	"\371\250\036\350\012\320U\240\313@\027\200\032\200n"
 148      0AD055A0 
ARM GAS  C:\Users\CYIRKO~1\AppData\Local\Temp\cc5mBRYr.s 			page 11


 148      CB401780 
 148      1A806E
 149 02c4 005D07BA 		.ascii	"\000]\007\272\006\324\210\346\3238e :#T\311\226\212"
 149      06D488E6 
 149      D3386520 
 149      3A2354C9 
 149      968A
 150 02d6 704C119C 		.ascii	"pL\021\234\263G\340!\002`\354w\244\354\347e\331\027"
 150      B347E021 
 150      0260EC77 
 150      A4ECE765 
 150      D917
 151 02e8 89DCE352 		.ascii	"\211\334\343R\356\012y\363$\354\275R\366j{\366J{\366"
 151      EE0A79F3 
 151      24ECBD52 
 151      F66A7BF6 
 151      4A7BF6
 152 02fb 8B9112F6 		.ascii	"\213\221\022\3663\366\354\245\366\354CR\351U\362\322"
 152      33F6ECA5 
 152      F6EC4352 
 152      E955F2D2 
 153 030b A5A6764A 		.ascii	"\245\246vJ\305\237\264\347?1\215\277W\312_g\317\177"
 153      C59FB4E7 
 153      3F318DBF 
 153      57CA5F67 
 153      CF7F
 154 031d 5C84C392 		.ascii	"\\\204\303\222\357\012\201c\231A\270\024|\342\211\243"
 154      EF0A8163 
 154      9941B814 
 154      7CE289A3 
 155 032d D21AA9CA 		.ascii	"\322\032\251\312)\262X\"\325T\330iy\345\022\333\032"
 155      29B25822 
 155      D554D869 
 155      79E512DB 
 155      1A
 156 033e A5BACBE4 		.ascii	"\245\272\313\344]\301\260Bl\326\335+L\304\270\233\306"
 156      5DC1B042 
 156      6CD6DD2B 
 156      4CC4B89B 
 156      C6
 157 034f A632AC3F 		.ascii	"\2462\254?\326\023\271\317b\230F\"Ua\026\013B\267\241"
 157      D613B9CF 
 157      62984622 
 157      5561160B 
 157      42B7A1
 158 0362 F74DB11E 		.ascii	"\367M\261\036\020\210\362\021\210nA\340\375o\202\020"
 158      1088F211 
 158      886E41E0 
 158      FD6F8210 
 159 0372 E064D55D 		.ascii	"\340d\325]/\324\352\243\254\245\213j\027\260+P3\322"
 159      2FD4EAA3 
 159      ACA58B6A 
 159      17B02B50 
 159      33D2
 160 0384 F38CA527 		.ascii	"\363\214\245'\312j\370\254]\010\315\321\262k\373\371"
 160      CA6AF8AC 
 160      5D08CDD1 
ARM GAS  C:\Users\CYIRKO~1\AppData\Local\Temp\cc5mBRYr.s 			page 12


 160      B26BFBF9 
 161 0394 0C9C0FCD 		.ascii	"\014\234\017\315\303\025\333\3520\313\300\014\222\201"
 161      C315DBEA 
 161      30CBC00C 
 161      9281
 162 03a2 4D7177D2 		.ascii	"Mqw\3229\374\214ek\324\203\2600=~\311\032\345\355/2"
 162      39FC8C65 
 162      6BD483B0 
 162      303D7EC9 
 162      1AE5ED2F 
 163 03b7 74189C45 		.ascii	"t\030\234E\032\005\233\273r\264\320m.Ty$)\361sY\211"
 163      1A059BBB 
 163      72B4D06D 
 163      2E547924 
 163      29F17359 
 164 03cc 2FA918CE 		.ascii	"/\251\030\316\347p4\345U\036/\351J\321IJ\371\273'\311"
 164      E77034E5 
 164      551E2FE9 
 164      4AD1494A 
 164      F9BB27C9 
 165 03e0 007681CB 		.ascii	"\000v\201\313;Eg\315\265V\362\301\375\026<G\201\226"
 165      3B4567CD 
 165      B556F2C1 
 165      FD163C47 
 165      8196
 166 03f2 CC450BC1 		.ascii	"\314E\013\301S\367\301;s\371B\327\001\326\265\363u|"
 166      53F7C13B 
 166      73F942D7 
 166      01D6B5F3 
 166      757C
 167 0404 6FF63917 		.ascii	"o\3669\027\274\213)H\336YY\342**\310y\257\230\226\347"
 167      BC8B2948 
 167      DE5959E2 
 167      2A2AC879 
 167      AF9896E7 
 168 0418 1ED0F040 		.ascii	"\036\320\360@\324\320\205\034\250\350\226W\321\3642"
 168      D4D0851C 
 168      A8E89657 
 168      D1F432
 169 0427 FEA952EA 		.ascii	"\376\251R\352`\"Ot\360C\253\203#\243\236\0259\343t\346"
 169      60224F74 
 169      F043AB83 
 169      23A39E15 
 169      39E374E6 
 170 043b 986B5113 		.ascii	"\230kQ\023\271Z|\2205z[\013\017\251p\036k\214=\210\261"
 170      B95A7C90 
 170      357A5B0B 
 170      0FA9701E 
 170      6B8C3D88 
 171 0450 B8E063D8 		.ascii	"\270\340c\330f\226\374b\372,\371\005sa\326\330\300\011"
 171      6696FC62 
 171      FA2CF905 
 171      7361D6D8 
 171      C009
 172 0462 3D2E6716 		.ascii	"=.g\026^;\323\327\241\265Z\370b\364\275\322V\213e\036"
 172      5E3BD3D7 
 172      A1B55AF8 
ARM GAS  C:\Users\CYIRKO~1\AppData\Local\Temp\cc5mBRYr.s 			page 13


 172      62F4BDD2 
 172      568B651E 
 173 0476 7A0A8806 		.ascii	"z\012\210\006D\013\277p8\033\016\202\211_\360&\366\303"
 173      440BBF70 
 173      381B0E82 
 173      895FF026 
 173      F6C3
 174 0488 C53E66E2 		.ascii	"\305>f\342x\350\345:'\371\011\306A\217\023\375\271'"
 174      78E8E53A 
 174      27F909C6 
 174      418F13FD 
 174      B927
 175 049a 5C58B854 		.ascii	"\\X\270T\220vU_l\026\306\271\034\205\034{w\254\314\031"
 175      9076555F 
 175      6C16C6B9 
 175      1C851C7B 
 175      77ACCC19 
 176 04ae 1F630D81 		.ascii	"\037c\015\201s&\317\231\335\235\272\203\237\024?\"S"
 176      7326CF99 
 176      DD9DBA83 
 176      9F143F22 
 176      53
 177 04bf C4D5D603 		.ascii	"\304\325\326\003\030\237f\274\226\304\227{]p5m(-\017"
 177      189F66BC 
 177      96C4977B 
 177      5D70356D 
 177      282D0F
 178 04d2 CE3F503A 		.ascii	"\316?P:\232\225_:\234\225\333\222qDf\214\305\302\241"
 178      9A955F3A 
 178      9C95DB92 
 178      7144668C 
 178      C5C2A1
 179 04e5 71F0CA98 		.ascii	"q\360\312\230\350\225\"aZ\276[\274\275Z\213w\252\250"
 179      E8952261 
 179      5ABE5BBC 
 179      BD5A8B77 
 179      AAA8
 180 04f7 CADC17E1 		.ascii	"\312\334\027\341\307\334p\032k\214'\234:\346\2143Y\243"
 180      C7DC701A 
 180      6B8C279C 
 180      3AE68C33 
 180      59A3
 181 0509 72A23955 		.ascii	"r\2429U\207sX\343x\367\205\032\035\263\327B\342\374"
 181      877358E3 
 181      78F7851A 
 181      1DB3D742 
 181      E2FC
 182 051b D58186DB 		.ascii	"\325\201\206\333Z\\\310n\206u\245u\270\342\323\254Q"
 182      5A5CC86E 
 182      8675A575 
 182      B8E2D3AC 
 182      51
 183 052c 13131EAD 		.ascii	"\023\023\036\255\303\325\264\241\314\335\036\361\304"
 183      C3D5B4A1 
 183      CCDD1EF1 
 183      C4
 184 0539 E1CA62B3 		.ascii	"\341\312b\263\322\221\015w\346\300\202\010\205+u(L9"
ARM GAS  C:\Users\CYIRKO~1\AppData\Local\Temp\cc5mBRYr.s 			page 14


 184      D2910D77 
 184      E6C08208 
 184      852B7528 
 184      4C39
 185 054b 1D7FCEE9 		.ascii	"\035\177\316\351\341\003j\334\300\324uNM\376\011\337"
 185      E1036ADC 
 185      C0D4754E 
 185      4DFE09DF 
 186 055b 66BF23F3 		.ascii	"f\277#\363\"k\\q;k\354//}\242\301\203\254\221\335\333"
 186      226B5C71 
 186      3B6BEC2F 
 186      2F7DA2C1 
 186      83AC91DD 
 187 0570 F60AE329 		.ascii	"\366\012\343)\326\350\270[{\324\025\207\250i\243\364"
 187      D6E8B85B 
 187      7BD41587 
 187      A869A3F4 
 188 0580 C59E5237 		.ascii	"\305\236R7\034\301\032\227\357O\015\351p\014k\234H\231"
 188      1CC11A97 
 188      EF4F0DE9 
 188      700C6B9C 
 188      4899
 189 0592 ACE0F02E 		.ascii	"\254\340\360.\326\330\274=\1777\261_\315\342T\003\227"
 189      D6D8BC3D 
 189      7F37B15F 
 189      CDE25403 
 189      97
 190 05a3 BA06C78F 		.ascii	"\272\006\307\217s\354\022\001\275\021.\245%\337-t\305"
 190      73EC1201 
 190      BD112EA5 
 190      25DF2D74 
 190      C5
 191 05b4 29B48BF2 		.ascii	")\264\213\362IGd\224\030\253=\305\037\204\320\225[\002"
 191      49476494 
 191      18AB3DC5 
 191      1F84D095 
 191      5B02
 192 05c6 5815275A 		.ascii	"X\025'Z\245\346c\3252\315=\361\340\0365\357\236X\345"
 192      A5E663D5 
 192      32CD3DF1 
 192      E01E35EF 
 192      9E58E5
 193 05d9 5C14A3A4 		.ascii	"\\\024\243\244\221746X\302\341,\246#\252ch\302\215\371"
 193      91373436 
 193      58C2E12C 
 193      A623AA63 
 193      68C28DF9 
 194 05ed 77BA805D 		.ascii	"w\272\200]2\002\204\322\260\370\030-\015;\001L\242\010"
 194      320284D2 
 194      B0F8182D 
 194      0D3B014C 
 194      A208
 195 05ff 06B03117 		.ascii	"\006\2601\027wX^&\353q\036SR\232\237\031!\326-\210\257"
 195      77585E26 
 195      EB711E53 
 195      529A9F19 
 195      21D62D88 
ARM GAS  C:\Users\CYIRKO~1\AppData\Local\Temp\cc5mBRYr.s 			page 15


 196 0614 ED2CBE92 		.ascii	"\355,\276\222\241\363n\261\363N\245CS\222\344M\331\266"
 196      A1F36EB1 
 196      F34EA543 
 196      5392E44D 
 196      D9B6
 197 0626 B3EFA02B 		.ascii	"\263\357\240+.b\036~\3710\261\031\261\274\320\223\325"
 197      2E621E7E 
 197      F930B119 
 197      B1BCD093 
 197      D5
 198 0637 5769739C 		.ascii	"Wis\234\033\277\"\242\213\263\361\210I\016\2273\336"
 198      1BBF22A2 
 198      8BB3F188 
 198      490E9733 
 198      DE
 199 0648 5BD14D2D 		.ascii	"[\321M-j\\\313\340\215\365\326\345;[\341]\244\241\223"
 199      6A5CCBE0 
 199      8DF5D6E5 
 199      3B5BE15D 
 199      A4A193
 200 065b 01D0D2DF 		.ascii	"\001\320\322\337\010\332^yh5\015\031\303Z|\231\251;"
 200      08DA5E79 
 200      68350D19 
 200      C35A7C99 
 200      A93B
 201 066d 1517DFA7 		.ascii	"\025\027\337\247\305M\254\321\232\264\255\324\031w\263"
 201      C54DACD1 
 201      9AB4ADD4 
 201      1977B3
 202 067c C6D998A1 		.ascii	"\306\331\230\241\223N\270\2175\266\216v\036u\303#j\233"
 202      934EB88F 
 202      35B68E76 
 202      1E75C323 
 202      6A9B
 203 068e C5E46CB6 		.ascii	"\305\344l\266\230\354\015\253\350\340\360\004\273\027"
 203      98EC0DAB 
 203      E8E0F004 
 203      BB17
 204 069c 9AD094E7 		.ascii	"\232\320\224\347\204C5\024~GEu<\266\302\037\322\374"
 204      84433514 
 204      7E474575 
 204      3CB6C21F 
 204      D2FC
 205 06ae 1A1D06F0 		.ascii	"\032\035\006\360\331\"\370\036G\365:G)[\257w\246t\317"
 205      D922F81E 
 205      47F53A47 
 205      295BAF77 
 205      A674CF
 206 06c1 C1515438 		.ascii	"\301QT8\332\026=Y\200q,\323\224vv<F\234\036:A\323\021"
 206      DA163D59 
 206      80712CD3 
 206      9476763C 
 206      469C1E3A 
 207 06d8 D094F706 		.ascii	"\320\224\367\006\232\362\3455\335K\033\030\346p\022"
 207      9AF2E535 
 207      DD4B1B18 
 207      E67012
ARM GAS  C:\Users\CYIRKO~1\AppData\Local\Temp\cc5mBRYr.s 			page 16


 208 06e7 5395555D 		.ascii	"S\225U]pM\203\323\231\252\373\217\212F]\254\252zAU\021"
 208      704D83D3 
 208      99AAFB8F 
 208      8A465DAC 
 208      AA7A4155 
 209 06fc A83AFA06 		.ascii	"\250:\372\006\252\012\345U\215'&-\301\207\230\246\276"
 209      AA0AE555 
 209      8D27262D 
 209      C18798A6 
 209      BE
 210 070d 03578AC8 		.ascii	"\003W\212\310\316\301]\207\376*\231/\334\331|\221\032"
 210      CEC15D87 
 210      FE2A992F 
 210      DCD97C91 
 210      1A
 211 071e D7B9DB09 		.ascii	"\327\271\333\011\037a8\322\237\334\016s\221\344\340"
 211      1F6138D2 
 211      9FDC0E73 
 211      91E4E0
 212 072d 52B67B3A 		.ascii	"R\266{:\011`\216\213`\334\255X2\302,\357\204,R\240a"
 212      09608E8B 
 212      60DCAD58 
 212      32C22CEF 
 212      842C52A0 
 213 0742 D05C4997 		.ascii	"\320\\I\227J\000\307\235\207s\014\302\243\204\205\307"
 213      4A00C79D 
 213      87730CC2 
 213      A38485C7 
 214 0752 D6F0EC18 		.ascii	"\326\360\354\030g|\212)9\337\262\345\033\311\254\273"
 214      677C8A29 
 214      39DFB2E5 
 214      1BC9ACBB 
 215 0762 B896A656 		.ascii	"\270\226\246V)\3508%\3528\251t\254\344\264\274\222\326"
 215      29E83825 
 215      EA38A974 
 215      ACE4B4BC 
 215      92D6
 216 0774 8296731C 		.ascii	"\202\226s\034\256bJ\032wo\031PY\265\014\214\341{\325"
 216      AE624A1A 
 216      776F1950 
 216      59B50C8C 
 216      E17BD5
 217 0787 512409CF 		.ascii	"Q$\011\317\202\2322QM\351k\324\234\221W\223=\360\350"
 217      829A3251 
 217      4DE96BD4 
 217      9C915793 
 217      3DF0E8
 218 079a 82AB747E 		.ascii	"\202\253t~'\"\305\371\275\\)\314\357\241\235\307aU\027"
 218      2722C5F9 
 218      BD5C29CC 
 218      EFA19DC7 
 218      615517
 219 07ad A1A56EBE 		.ascii	"\241\245n\2761zf\\\217\267\323\006\327\2369\364X\215"
 219      317A665C 
 219      8FB7D306 
 219      D79E39F4 
 219      588D
ARM GAS  C:\Users\CYIRKO~1\AppData\Local\Temp\cc5mBRYr.s 			page 17


 220 07bf DCE722A4 		.ascii	"\334\347\"\244\003:(li\025\350\034\210\252Tba"
 220      033A286C 
 220      6915E81C 
 220      88AA5462 
 220      61
 221 07d0 439D6201 		.ascii	"C\235b\001d\203\177%\227\345\306\276\012\000\222[\012"
 221      64837F25 
 221      97E5C6BE 
 221      0A00925B 
 221      0A
 222 07e1 741EE055 		.ascii	"t\036\340U\003\274\024\310er\205L\252\227\367\355\241"
 222      03BC14C8 
 222      6572854C 
 222      AA97F7ED 
 222      A1
 223 07f2 7334E915 		.ascii	"s4\351\025\361\332^\300=8|\367\272\315\242\245\306\306"
 223      F1DA5EC0 
 223      3D387CF7 
 223      BACDA2A5 
 223      C6C6
 224 0804 A85AAB51 		.ascii	"\250Z\253Q\225\227\303r\234q<3\252sb_\227\006'\261\306"
 224      9597C372 
 224      9C713C33 
 224      AA73625F 
 224      970627B1 
 225 0819 68D2852C 		.ascii	"h\322\205,\027\234\316\032\361yWo\251\361~\326h=2Y\246"
 225      179CCE1A 
 225      F179576F 
 225      A9F17ED6 
 225      683D3259 
 226 082e C6075863 		.ascii	"\306\007Xc\357\335\247\371\032\234M\033\312\312\033"
 226      EFDDA7F9 
 226      1A9C4D1B 
 226      CACA1B
 227 083d FB725C90 		.ascii	"\373r\\\220\336]\242\370\217\357\212\305\246\001\240"
 227      DE5DA2F8 
 227      8FEF8AC5 
 227      A601A0
 228 084c 7EA5E7C7 		.ascii	"~\245\347\307\212\215d\177\352\017B\310\232\371\212"
 228      8A8D647F 
 228      EA0F42C8 
 228      9AF98A
 229 085b 528F2E8B 		.ascii	"R\217.\213\343\370\225\236\301k\017\255i\202y\226\251"
 229      E3F8959E 
 229      C16B0FAD 
 229      69827996 
 229      A9
 230 086c 7ADA7FFD 		.ascii	"z\332\177\375\025\254\234X\3032v\366\216\032\237b\215"
 230      15AC9C58 
 230      C33276F6 
 230      8E1A9F62 
 230      8D
 231 087d 969DA3ED 		.ascii	"\226\235\243\355N\270\2145\352nl+\207R\311\032\207\352"
 231      4EB88C35 
 231      EA6E6C2B 
 231      8752C91A 
 231      87EA
ARM GAS  C:\Users\CYIRKO~1\AppData\Local\Temp\cc5mBRYr.s 			page 18


 232 088f DB2D2A5C 		.ascii	"\333-*\\\305\032eQ\365\257\264\370<k\244\234\336\032"
 232      C51A6551 
 232      F5AFB4F8 
 232      3C6BA49C 
 232      DE1A
 233 08a1 AAC375AC 		.ascii	"\252\303u\254\221;5\034\243\307\365\264\341\274s\377"
 233      913B351C 
 233      A3C7F5B4 
 233      E1BC73FF 
 234 08b1 B173AE88 		.ascii	"\261s\256\210\337o\316\202\035\347~bN\305T\212\352Q"
 234      DF6FCE82 
 234      1DE77E62 
 234      4EC5548A 
 234      EA51
 235 08c3 2EBFE124 		.ascii	".\277\341$p\033\001n\273\322\301\206\223ui\374/\266"
 235      701B016E 
 235      BBD2C186 
 235      937569FC 
 235      2FB6
 236 08d5 AF20ECD7 		.ascii	"\257 \354\327\354\331m\266X\204\273J\302\335$/\\\302"
 236      ECD96DB6 
 236      5884BB4A 
 236      C2DD242F 
 236      5CC2
 237 08e7 DD29E1BE 		.ascii	"\335)\341\276d\317}b\032\367\177\212\334\267\354\271"
 237      64CF7D62 
 237      1AF77F8A 
 237      DCB7ECB9 
 238 08f7 3DEC987B 		.ascii	"=\354\230{%\3147e\231\245F\216K\270\257\333sK7\206\322"
 238      25CC3765 
 238      99A5468E 
 238      4BB8AFDB 
 238      734B3786 
 239 090c 2DD05D60 		.ascii	"-\320]`h!\014\267\371\036d\013\324\011\361qO9\037\265"
 239      68210CB7 
 239      F91E640B 
 239      D409F171 
 239      4F391FB5 
 240 0920 027500B5 		.ascii	"\002u\000\265\001\265\0005\003\335\001\272\017tW)\354"
 240      01B50035 
 240      03DD01BA 
 240      0F745729 
 240      EC
 241 0931 BF89EE21 		.ascii	"\277\211\356!\211\356\033\362\272\245\233\306\226\031"
 241      89EE1BF2 
 241      BAA59BC6 
 241      9619
 242 093f 34D880CB 		.ascii	"4\330\200\313v\323HD\265\266\316\214\017\263\324-\244"
 242      76D34844 
 242      B5B6CE8C 
 242      0FB3D42D 
 242      A4
 243 0950 B2AECA0F 		.ascii	"\262\256\312\017\226u\023\230p1a\007'\315/)3\3541\254"
 243      96751398 
 243      70316107 
 243      27CD2F29 
 243      33EC31AC 
ARM GAS  C:\Users\CYIRKO~1\AppData\Local\Temp\cc5mBRYr.s 			page 19


 244 0964 F9D55AB6 		.ascii	"\371\325Z\266\377\005lP\234H`\341\206\201\3242=\232"
 244      FF056C50 
 244      9C4860E1 
 244      8681D432 
 244      3D9A
 245 0976 3FCB9D69 		.ascii	"?\313\235i\204*\226\362\240\236\005\024\364@\365\240"
 245      842A96F2 
 245      A09E0514 
 245      F440F5A0 
 246 0986 B4477E5C 		.ascii	"\264G~\\\342\370\271\233\270\316z\373\001\317O\\\367"
 246      E2F8B99B 
 246      B8CE7AFB 
 246      01CF4F5C 
 246      F7
 247 0997 105CD7CD 		.ascii	"\020\\\327\315\273\20676\207\031\333ck,\011\366\320"
 247      BB863736 
 247      8719DB63 
 247      6B2C09F6 
 247      D0
 248 09a8 9E3E8C33 		.ascii	"\236>\2143)&\364\270;\027\2068\2335R\333\252Z\371C\251"
 248      2926F4B8 
 248      3B178638 
 248      9B3552DB 
 248      AA5AF943 
 249 09bd 7374D9DB 		.ascii	"st\331\333\226\030\251\347w\205\344\374\257gd\344\246"
 249      9618A9E7 
 249      7785E4FC 
 249      AF6764E4 
 249      A6
 250 09ce 1A1731E6 		.ascii	"\032\0271\346\342\251\234-\030\237d\215s\367\233\352"
 250      E2A99C2D 
 250      189F648D 
 250      73F79BEA 
 251 09de 54B89235 		.ascii	"T\270\22252\252:~\206\033\331\357\323;\313`\361p\213"
 251      32AA3A7E 
 251      861BD9EF 
 251      D33BCB60 
 251      F1708B
 252 09f1 36FEBE23 		.ascii	"6\376\276#\352\020\254\016\351a\216~\026\377\017Z\220"
 252      EA10AC0E 
 252      E9618E7E 
 252      16FF0F5A 
 252      90
 253 0a02 63EEE40B 		.ascii	"c\356\344\013>g\263[\344\230G\257wg\347=\302\311\217"
 253      3E67B35B 
 253      E49847AF 
 253      7767E73D 
 253      C2C98F
 254 0a15 3BFCE353 		.ascii	";\374\343S\261L\365\360\374\025\3469(\320\250\030<1"
 254      B14CF5F0 
 254      FC15E639 
 254      28D0A818 
 254      3C31
 255 0a27 EC68B8A4 		.ascii	"\354h\270\244a\367\004J\344c(\221\250\227\357A|\227"
 255      61F7044A 
 255      E4632891 
 255      A897EF41 
ARM GAS  C:\Users\CYIRKO~1\AppData\Local\Temp\cc5mBRYr.s 			page 20


 255      7C97
 256 0a39 83DD5136 		.ascii	"\203\335Q6\236\217\016\001\035\004:\000\224\005\224"
 256      9E8F0E01 
 256      1D043A00 
 256      940594
 257 0a48 09340421 		.ascii	"\0114\004!\267\037\276\367\001e\000m\007\332\012d\001"
 257      B71FBEF7 
 257      0165006D 
 257      07DA0A64 
 257      01
 258 0a59 9A827B23 		.ascii	"\232\202{#@\317\201\236\331\204e\343\347,,\241\330\365"
 258      40CF819E 
 258      D98465E3 
 258      E72C2CA1 
 258      D8F5
 259 0a6b D9431BB1 		.ascii	"\331C\033\261O\315\326\3133\023h\340\221\015\313(\262"
 259      4FCDD6CB 
 259      331368E0 
 259      910DCB28 
 259      B2
 260 0a7c 637F31AD 		.ascii	"c\1771\255\250L^\232\315\370_\200\345\257\344\371\251"
 260      A84C5E9A 
 260      CDF85F80 
 260      E5AFE4F9 
 260      A9
 261 0a8d 7849788E 		.ascii	"xIx\216\332\204\347\013\026\236R\307X\3001\244\304\240"
 261      DA84E70B 
 261      169E52C7 
 261      58C031A4 
 261      C4A0
 262 0a9f 10C03BCA 		.ascii	"\020\300;\312;&\017\034\223\013\206\276\002\003\307"
 262      3B260F1C 
 262      930B86BE 
 262      0203C7
 263 0aae 6C0CACAF 		.ascii	"l\014\254\257WM\262\023\226q\000\361\034a\033\0156Y"
 263      574DB213 
 263      967100F1 
 263      1C611B0D 
 263      3659
 264 0ac0 2F41F1D2 		.ascii	"/A\361\322\006\305\370kP\344\203\346oG\321\271\033["
 264      06C5F86B 
 264      50E483E6 
 264      6F47D1B9 
 264      1B5B
 265 0ad2 B2E6A009 		.ascii	"\262\346\240\011\2000!\017\301\336\017\2236\010HG\226"
 265      8030210F 
 265      C1DE0F93 
 265      36084847 
 265      96
 266 0ae3 19B23172 		.ascii	"\031\2621r\030\024\377\377\305\010\304p]\016\037\303"
 266      1814FFFF 
 266      C508C470 
 266      5D0E1FC3 
 267 0af3 64AB176A 		.ascii	"d\253\027j\037(wlG\036R\272\361_BhX\205\340Yh\013\317"
 267      1F28776C 
 267      471E52BA 
 267      F15F4268 
ARM GAS  C:\Users\CYIRKO~1\AppData\Local\Temp\cc5mBRYr.s 			page 21


 267      5885E059 
 268 0b0a 6E5DDE1C 		.ascii	"n]\336\034w\020\362V\206-`B\030f\346l\206\337\341\000"
 268      7710F256 
 268      862D6042 
 268      1866E66C 
 268      86DFE100 
 269 0b1e 2F144B21 		.ascii	"/\024K!]9\314G\026q\314 ( \354r\205_V\376\000\337\301"
 269      5D39CC47 
 269      1671CC20 
 269      2820EC72 
 269      855F56FE 
 270 0b35 B1FCAA1F 		.ascii	"\261\374\252\037\263\264\230\340cf\272xI\261\236\344"
 270      B3B498E0 
 270      6366BA78 
 270      49B19EE4 
 271 0b45 EB173049 		.ascii	"\353\0270I\353\027\273y\253Y\225\235\031O\026\200\304"
 271      EB17BB79 
 271      AB59959D 
 271      194F1680 
 271      C4
 272 0b56 174FC585 		.ascii	"\027O\305\205\003\341\026\334\005\036\316\023<\034\001"
 272      03E116DC 
 272      051ECE13 
 272      3C1C01
 273 0b65 6C5BED3D 		.ascii	"l[\355=,9U\224-\260\321`E\024o\3216\370\035i\353\255"
 273      2C395594 
 273      2DB0D160 
 273      45146FD1 
 273      36F81D69 
 274 0b7b 1C89B788 		.ascii	"\034\211\267\2109Q\362\346\310\212\216PbY\321\314\274"
 274      3951F2E6 
 274      C88A8E50 
 274      6259D1CC 
 274      BC
 275 0b8c 1ADEF628 		.ascii	"\032\336\366(\007\266'\207Q\333\211Q\221\242\355Q\266"
 275      07B62787 
 275      51DB8951 
 275      91A2ED51 
 275      B6
 276 0b9d B6EF156C 		.ascii	"\266\357\025l\337\201g\243({\333\245'\260\3612\010\025"
 276      DF8167A3 
 276      287BDBA5 
 276      27B0F132 
 276      0815
 277 0baf B41B81B7 		.ascii	"\264\033\201\267\027\340\245\303X\246\001\245\002%\001"
 277      17E0A5C3 
 277      58A601A5 
 277      022501
 278 0bbe ED068A03 		.ascii	"\355\006\212\003\212\005\212\261\361J\357\247l\214I"
 278      8A058AB1 
 278      F14AEFA7 
 278      6C8C49
 279 0bcd 486F03A5 		.ascii	"Ho\003\245D\212\303\205F\177\235\244\224E\177\033w\347"
 279      448AC385 
 279      467F9DA4 
 279      94457F1B 
 279      77E7
ARM GAS  C:\Users\CYIRKO~1\AppData\Local\Temp\cc5mBRYr.s 			page 22


 280 0bdf 3F32D1F1 		.ascii	"?2\321\361X\217\266;f\226\244{\002\226\246;\364\263"
 280      588FB63B 
 280      6696A47B 
 280      0296A63B 
 280      F4B3
 281 0bf1 2F38A990 		.ascii	"/8\251\220\353{H\256\247\200\274\004~<v\201\301;\301"
 281      EB7B48AE 
 281      A780BC04 
 281      7E3C7681 
 281      C13BC1
 282 0c04 B044D130 		.ascii	"\260D\3210\360h\355C\325\300P\227\305\022\257\247;\377"
 282      F068ED43 
 282      D5C05097 
 282      C512AFA7 
 282      3BFF
 283 0c16 1D7C07F9 		.ascii	"\035|\007\371\003v\272\355{\227\024'\022\237\223\210"
 283      0376BAED 
 283      7B971427 
 283      129F9388 
 284 0c26 F15A53C5 		.ascii	"\361ZS\305>\326\273\267\250\310\266=\001\333\257K\330"
 284      3ED6BBB7 
 284      A8C8B63D 
 284      01DBAF4B 
 284      D8
 285 0c37 483E3EC4 		.ascii	"H>>\304\217$\331\327\247}\233\233F\316\360NM\006?\355"
 285      8F24D9D7 
 285      A77D9B9B 
 285      46CEF04E 
 285      4D063FED 
 286 0c4b 7B233FA5 		.ascii	"{#?\245\000\247\350\247d\346'\007e\023\355\001\367\210"
 286      00A7E8A7 
 286      64E62707 
 286      6513ED01 
 286      F788
 287 0c5d 95D31A93 		.ascii	"\225\323\032\223\321a\333HL\022Q\373\305\230\234\240"
 287      D161DB48 
 287      4C1251FB 
 287      C5989CA0 
 288 0c6d 45DE5AF1 		.ascii	"E\336Z\361\032jyK`f\314|\255!$\013\312\370\211\221\230"
 288      1A6A794B 
 288      6066CC7C 
 288      AD21240B 
 288      CAF88991 
 289 0c82 9DF56DDC 		.ascii	"\235\365m\334\027\377\216E\007a>\340\230\231\341\275"
 289      17FF8E45 
 289      07613EE0 
 289      9899E1BD 
 290 0c92 795A4D1C 		.ascii	"yZM\034\016<\323\027\202#\0053\207C-I\013\351A\304!"
 290      0E3CD317 
 290      82230533 
 290      87432D49 
 290      0BE941C4 
 291 0ca7 3E6FF8CD 		.ascii	">o\370\315\026\313\232\203J\321\333\027=v[*B0=K\310"
 291      16CB9A83 
 291      4AD1DB17 
 291      3D765B2A 
 291      42303D4B 
ARM GAS  C:\Users\CYIRKO~1\AppData\Local\Temp\cc5mBRYr.s 			page 23


 292 0cbc 95635E22 		.ascii	"\225c^\"YW/`\274\3440\240@\216W2\212\223y\374(\302^"
 292      59572F60 
 292      BCE430A0 
 292      408E5732 
 292      8A9379FC 
 293 0cd3 0D55C8AF 		.ascii	"\015U\310\257o\244{\207\237\212\245\265\316\236{\372"
 293      6FA47B87 
 293      9F8AA5B5 
 293      CE9E7BFA 
 294 0ce3 C664FC27 		.ascii	"\306d\374'\"\373\005yv\211k\373s\371\201 \253\315\213"
 294      22FB0579 
 294      76896BFB 
 294      73F98120 
 294      ABCD8B
 295 0cf6 F6EC95D3 		.ascii	"\366\354\225\323\244w\362\322\311\202\346\221<\273D"
 295      A477F2D2 
 295      C982E691 
 295      3CBB44
 296 0d05 FA9D9F88 		.ascii	"\372\235\237\210\263\332$\262\233\325\246\015\\.\253"
 296      B3DA24B2 
 296      9BD5A60D 
 296      5C2EAB
 297 0d14 8CC34AF9 		.ascii	"\214\303J\371\3128\365\214\034\210\223x\355\027\203"
 297      CA38F58C 
 297      1C889378 
 297      ED1783
 298 0d23 90300BDA 		.ascii	"\2200\013\332\032\352U\343C\3414\215\005\205\243\257"
 298      1AEA55E3 
 298      43E1348D 
 298      0585A3AF 
 299 0d33 5378652B 		.ascii	"Sxe+&\2212*\247\257{\227\206\334#\313\232)\361\240y"
 299      2691322A 
 299      A7AF7B97 
 299      86DC23CB 
 299      9A29F1A0 
 300 0d48 946A234F 		.ascii	"\224j#OW\267\356\213v\303\205\316t\035|~\352E\205\033"
 300      57B7EE8B 
 300      76C385CE 
 300      741D7C7E 
 300      EA45851B 
 301 0d5c 5B5AD327 		.ascii	"[Z\323'\234\217&/\251p\031\273\227p\260\255\214\303"
 301      9C8F262F 
 301      A97019BB 
 301      9770B0AD 
 301      8CC3
 302 0d6e 35AC71FC 		.ascii	"5\254q\374\302\363\247*\334@\0333\303\252\212_\250\020"
 302      C2F3A72A 
 302      DC401B33 
 302      C3AA8A5F 
 302      A810
 303 0d80 A7276B64 		.ascii	"\247'kd\275~\216\273\260\022&O\354K \323Vq\3224=fS\356"
 303      BD7E8EBB 
 303      B012264F 
 303      EC4B20D3 
 303      5671D234 
 304 0d98 4AA6973B 		.ascii	"J\246\227;\353\256\353\034\344\360\011\276\334U\303"
 304      EBAEEB1C 
ARM GAS  C:\Users\CYIRKO~1\AppData\Local\Temp\cc5mBRYr.s 			page 24


 304      E4F009BE 
 304      DC55C3
 305 0da7 EF2A2877 		.ascii	"\357*(w\225@\025@\345@g\201\316\000\235\004:nS\337_"
 305      95401540 
 305      E5406781 
 305      CE009D04 
 305      3A6E53DF 
 306 0dbc 8CABA2AB 		.ascii	"\214\253\242\253\305$.\302\230\012\222\333y\312j.\344"
 306      C5242EC2 
 306      980A92DB 
 306      79CA6A2E 
 306      E4
 307 0dcd 3BBCBDE6 		.ascii	";\274\275\346\326$>\012O\201\341\255\310N\257t\305/"
 307      D6243E0A 
 307      4F81E1AD 
 307      C84EAF74 
 307      C52F
 308 0ddf 7149299E 		.ascii	"qI)\236#\362\224\201\276\323X\250\\\016\270\024\022"
 308      23F29481 
 308      BED358A8 
 308      5C0EB814 
 308      12
 309 0df0 965DF420 		.ascii	"\226]\364 '\3142CI\3161 \355Q\001&\034\300\017\237\305"
 309      27CC3243 
 309      49CE3120 
 309      ED510126 
 309      1CC00F9F 
 310 0e05 9813C384 		.ascii	"\230\023\303\204Up\002\355(\266\206\302i,V\277\233I"
 310      557002ED 
 310      28B686C2 
 310      692C56BF 
 310      9B49
 311 0e17 7C423F44 		.ascii	"|B?Dz\324&\017_\222\320\027\347\260\034\"\334\217\354"
 311      7AD4260F 
 311      5F92D017 
 311      E7B01C22 
 311      DC8FEC
 312 0e2a B965129A 		.ascii	"\271e\022\232-\205\011w\257<\267D\366\220\310\374\330"
 312      2D850977 
 312      AF3CB744 
 312      F690C8FC 
 312      D8
 313 0e3b 9E79FA93 		.ascii	"\236y\372\223\334\376\335\032\006e\010\322\371\211<"
 313      DCFEDD1A 
 313      066508D2 
 313      F9893C
 314 0e4a BF249D3B 		.ascii	"\277$\235;\277/L{\317x^\207\271\325\312r\353\204\334"
 314      BF2F4C7B 
 314      CF785E87 
 314      B9D5CA72 
 314      EB84DC
 315 0e5d 2AE7E64E 		.ascii	"*\347\346N\232[$\244\217\210\016=\201\371\334:\330\220"
 315      9A5B24A4 
 315      8F880E3D 
 315      81F9DC3A 
 315      D890
 316 0e6f D9A0C6DB 		.ascii	"\331\240\306\333\365\364\330\251o\352`\272+\232\345"
ARM GAS  C:\Users\CYIRKO~1\AppData\Local\Temp\cc5mBRYr.s 			page 25


 316      F5F4D8A9 
 316      6FEA60BA 
 316      2B9AE5
 317 0e7e 2E1B70B5 		.ascii	".\033p\265\337!\324y\010\247\346\204\222ZS\003\275\317"
 317      DF21D479 
 317      08A7E684 
 317      925A5303 
 317      BDCF
 318 0e90 8B188E09 		.ascii	"\213\030\216\011\030\322\357\304&\351q*\305\200vw\325"
 318      18D2EFC4 
 318      26E9712A 
 318      C5807677 
 318      D5
 319 0ea1 D4723893 		.ascii	"\324r8\223\001*I\030\332\243t\004\250\376;\003j\374"
 319      012A4918 
 319      DAA37404 
 319      A8FE3B03 
 319      6AFC
 320 0eb3 2171C945 		.ascii	"!q\311E\350{A\006\216Pa\276d\025&\247)\366:T\037\206"
 320      E87B4106 
 320      8E5061BE 
 320      641526A7 
 320      29F63A54 
 321 0ec9 EE40535E 		.ascii	"\356@S^\033\346\224\012t\031:^\"1L^\302\210\253Hs\302"
 321      1BE6940A 
 321      74193A5E 
 321      22314C5E 
 321      C288AB48 
 322 0edf A719477F 		.ascii	"\247\031G\177y\326\244\232p4\000\307O\346\242+\020\334"
 322      79D6A49A 
 322      703400C7 
 322      4FE6A22B 
 322      10DC
 323 0ef1 E4786F38 		.ascii	"\344xo8q\324\015W1\236\360\334\202L\035\341\271\006"
 323      71D40D57 
 323      319EF0DC 
 323      824C1DE1 
 323      B906
 324 0f03 3C3F9E8B 		.ascii	"<?\236\213\256R\036ef\\\312a\025r\327\362'\300\311\232"
 324      AE521E65 
 324      665CCA61 
 324      1572D7F2 
 324      27C0C99A 
 325 0f17 93D55BC9 		.ascii	"\223\325[\311R\340:\326J\307u\013=\273\014\015\021\317"
 325      52E03AD6 
 325      4AC7750B 
 325      3DBB0C0D 
 325      11CF
 326 0f29 2E158485 		.ascii	".\025\204\205=\374\006?4bNz\344\2351\326\327\315\341"
 326      3DFC063F 
 326      34624E7A 
 326      E49D31D6 
 326      D7CDE1
 327 0f3c 3017EAD0 		.ascii	"0\027\352\320\027\227S\0329\244u\237.\003\335\202\256"
 327      1797531A 
 327      39A4759F 
 327      2E03DD82 
ARM GAS  C:\Users\CYIRKO~1\AppData\Local\Temp\cc5mBRYr.s 			page 26


 327      AE
 328 0f4d 8EC4F065 		.ascii	"\216\304\360ez\017\235\354o\002\323\015\321o\004\035"
 328      7A0F9DEC 
 328      6F02D30D 
 328      D16F041D 
 329 0f5d 754352C8 		.ascii	"uCR\310\304^W\274\235*B\325\217\272\"t8\2015r#\2336"
 329      C45E57BC 
 329      9D2A42D5 
 329      8FBA2274 
 329      38813572 
 330 0f74 E10C86E0 		.ascii	"\341\014\206\340\334\251\346\207\316\322\247@\321\354"
 330      DCA9E687 
 330      CED2A740 
 330      D1EC
 331 0f82 29D05DAC 		.ascii	")\320]\254Cw\260\335S:\331\347}-X\366]\235\344C\023"
 331      4377B0DD 
 331      533AD9E7 
 331      7D2D58F6 
 331      5D9DE443 
 332 0f97 5731CE67 		.ascii	"W1\316g\032\317\214\224\235"
 332      1ACF8C94 
 332      9D
 333 0fa0 77C525AC 		.ascii	"w\305%\254Q\230xmJ\215\317\260\306\323Wi'\370\243\231"
 333      5198786D 
 333      4A8DCFB0 
 333      C6D35769 
 333      27F8A399 
 334 0fb4 D9D09C68 		.ascii	"\331\320\234h\213\215\325\360'3\344\201\344\276\204"
 334      8B8DD5F0 
 334      2733E481 
 334      E4BE84
 335 0fc3 E4037A7C 		.ascii	"\344\003z|\211\3616\0246\205\270\342&\332\320\205\306"
 335      89F13614 
 335      3685B8E2 
 335      26DAD085 
 335      C6
 336 0fd4 9797E810 		.ascii	"\227\227\350\020\235@\310\021\312|iLv`\360\023D\003"
 336      9D40C811 
 336      CA7C694C 
 336      7660F013 
 336      4403
 337 0fe6 6A030BBA 		.ascii	"j\003\013\272\370\230|\0148\037A\354\365\000=\000\352"
 337      F8987C0C 
 337      381F41EC 
 337      F5003D00 
 337      EA
 338 0ff7 037A6253 		.ascii	"\003zbS\211{\3124S"
 338      897BCA34 
 338      53
 339 1000 FC52982C 		.ascii	"\374R\230,\363\357\361\235\345j\202\254\266^\320\360"
 339      F3EFF19D 
 339      E56A82AC 
 339      B65ED0F0 
 340 1010 E6DAFA0F 		.ascii	"\346\332\372\017i\304\305J\253\275.\017\331\262\337"
 340      69C4C54A 
 340      ABBD2E0F 
 340      D9B2DF
ARM GAS  C:\Users\CYIRKO~1\AppData\Local\Temp\cc5mBRYr.s 			page 27


 341 101f 6D33133E 		.ascii	"m3\023>d3!\1776\303\027?\3146m\323\205I\327\345#\264"
 341      6433217F 
 341      36C3173F 
 341      CC366DD3 
 341      8549D7E5 
 342 1035 081169F7 		.ascii	"\010\021i\367\3051\356\242\031g\263<\350\232\266r\227"
 342      C531EEA2 
 342      1967B33C 
 342      E89AB672 
 342      97
 343 1046 4E582446 		.ascii	"NX$F:\355\201O\253\312B\305'\334d%)\343R\341\374\021"
 343      3AED814F 
 343      ABCA42C5 
 343      27DC6425 
 343      29E352E1 
 344 105c BFAAB79C 		.ascii	"\277\252\267\234P\243\371\356\263xM\311\302\334\302"
 344      50A3F9EE 
 344      B3784DC9 
 344      C2DCC2
 345 106b 5B35F83A 		.ascii	"[5\370:\253n&\317\240um\320\026\264\354>\265\0313ad"
 345      AB6E26CF 
 345      A0756DD0 
 345      16B4EC3E 
 345      B5193361 
 346 1080 A80660A8 		.ascii	"\250\006`\250\372\261\365\315\223\226\361\363\241n8"
 346      FAB1F5CD 
 346      9396F1F3 
 346      A16E38
 347 108f C995A647 		.ascii	"\311\225\246G\342\341\246\323\032\361M\230d\232q\303"
 347      E2E1A6D3 
 347      1AF14D98 
 347      649A71C3 
 348 109f 646F2EFA 		.ascii	"do.\372m\020\317r\244f\010D;P\0237\225u\335\011\037"
 348      6D10CF72 
 348      A4660844 
 348      3B501337 
 348      9575DD09 
 349 10b4 72650FE5 		.ascii	"re\017\345\363B\316jq.k\034\030\1779H^\236x\237<\224"
 349      F342CE6A 
 349      712E6B1C 
 349      187F3948 
 349      5E9E789F 
 350 10ca C6924761 		.ascii	"\306\222Ga\357\263Ga\345\365\027\016\352q\021\003\030"
 350      EFB34761 
 350      E5F5170E 
 350      EA711103 
 350      18
 351 10db BB2F779B 		.ascii	"\273/w\233\223\360(\036\246t\225\273\302:\241\243qP"
 351      93F0281E 
 351      A67495BB 
 351      C23AA1A3 
 351      7150
 352 10ed F93E9F9A 		.ascii	"\371>\237\232/ JG\260\365Qq\361\017N\221\327T\306`P"
 352      2F204A47 
 352      B0F55171 
 352      F10F4E91 
 352      D754C660 
ARM GAS  C:\Users\CYIRKO~1\AppData\Local\Temp\cc5mBRYr.s 			page 28


 353 1102 464553DE 		.ascii	"FES\336\347\037\024\237\215k\351\326\3413L\305\253\260"
 353      E71F149F 
 353      8D6BE9D6 
 353      E1334CC5 
 353      ABB0
 354 1114 5D039CF4 		.ascii	"]\003\234\364I\3309\372$l\002\272\276\024\273\202$\241"
 354      49D839FA 
 354      246C02BA 
 354      BE14BB82 
 354      24A1
 355 1126 42D8C378 		.ascii	"B\330\303x%\003\003\224\304\034ky\345\206k\230\222\354"
 355      25030394 
 355      C41C6B79 
 355      E5866B98 
 355      92EC
 356 1138 B43D7D6A 		.ascii	"\264=}j\253\022X\361\366]'+^\013\247C\223\242\222\011"
 356      AB1258F1 
 356      F65D272B 
 356      5E0BA743 
 356      93A29209 
 357 114c C74AA6E4 		.ascii	"\307J\246\344\225\344WV\\r\341\310\272\222\210ZE\213"
 357      95E45756 
 357      5C72E1C8 
 357      BA92885A 
 357      458B
 358 115e FF937BAF 		.ascii	"\377\223{\257F\235\3505\362\206I\010G/\226>\035\206"
 358      469DE835 
 358      F2864908 
 358      472F963E 
 358      1D86
 359 1170 8580CC83 		.ascii	"\205\200\314\203(\007\357\317\234\254+\357\325K\217"
 359      2807EFCF 
 359      9CAC2BEF 
 359      D54B8F
 360 117f CAC338E9 		.ascii	"\312\3038\351\243\250pN8*?\026\026Jg z\015\2052mc\315"
 360      A3A8704E 
 360      382A3F16 
 360      164A6720 
 360      7A0D8532 
 361 1196 CD394A7A 		.ascii	"\3159Jz\021\026\233\233\331\265\232\354\304Wh\216dm"
 361      11169B9B 
 361      D9B59AEC 
 361      C457688E 
 361      646D
 362 11a8 46D0898B 		.ascii	"F\320\211\213\263\255\034Y\234m\3418&\366\332\376\013"
 362      B3AD1C59 
 362      9C6DE138 
 362      26F6DAFE 
 362      0B
 363 11b9 BB6D8EEA 		.ascii	"\273m\216\352\341\276D\177\204U\177\212\345\376%7|\225"
 363      E1BE447F 
 363      84557F8A 
 363      E5FE2537 
 363      7C95
 364 11cb C5969C3B 		.ascii	"\305\226\234;\242\013k'8\001K\024\303r\240\346v\221"
 364      A20B6B27 
 364      38014B14 
ARM GAS  C:\Users\CYIRKO~1\AppData\Local\Temp\cc5mBRYr.s 			page 29


 364      C372A0E6 
 364      7691
 365 11dd 0D16B2FD 		.ascii	"\015\026\262\375\024\261DS,\333\004,\273\357\244\245"
 365      14B14453 
 365      2CDB042C 
 365      BBEFA4A5 
 366 11ed 3B4BB144 		.ascii	";K\261D\333`\331n\305\222\232\024\015;\202\033\216\261"
 366      DB60D96E 
 366      C5929A14 
 366      0D3B821B 
 366      8EB1
 367 11ff D45E3CFF 		.ascii	"\324^<\377\\G\257\221\327\221b\030\230\347Ig\216X\001"
 367      5C47AF91 
 367      D7916218 
 367      98E74967 
 367      8E5801
 368 1212 C6B26BA1 		.ascii	"\306\262k\241\3659\365Z\307\000\343)\3008\001`f\337"
 368      F539F55A 
 368      C700E329 
 368      C0380160 
 368      66DF
 369 1224 D6092405 		.ascii	"\326\011$\005\030o\0030\301\012\260\340\336\376\010"
 369      186F0330 
 369      C10AB0E0 
 369      DEFE08
 370 1233 177C8701 		.ascii	"\027|\207\001<\222\367\362\250N\320\313\360\035\211"
 370      3C92F7F2 
 370      A84ED0CB 
 370      F01D89
 371 1242 ED7BD7B1 		.ascii	"\355{\327\261\326]T\353N\253[\322\217\027\331\270e\227"
 371      D65D54EB 
 371      4EAB5BD2 
 371      8F17D9B8 
 371      6597
 372 1254 8DD6DD56 		.ascii	"\215\326\335V\255S\003\303\255z\334\312\264>\255\355"
 372      AD5303C3 
 372      AD7ADCCA 
 372      B43EADED 
 373 1264 DA89AC2E 		.ascii	"\332\211\254.`j\207\367\244\226\250\004$\311\314\003"
 373      606A87F7 
 373      A496A804 
 373      24C9CC03 
 374 1274 477B630F 		.ascii	"G{c\017\350\035c\331C\261\244\010X\006_\206\235\263"
 374      E81D63D9 
 374      43B1A408 
 374      58065F86 
 374      9DB3
 375 1286 C1B2C706 		.ascii	"\301\262\307\006K\252\025K\377\226\323\367\\q'\303\222"
 375      4BAA154B 
 375      FF96D3F7 
 375      5C7127C3 
 375      92
 376 1297 5E3510A2 		.ascii	"^5\020\242\267f\012\303r\345Y\375\010\0336\262\320N"
 376      B7660AC3 
 376      72E559FD 
 376      081B36B2 
 376      D04E
ARM GAS  C:\Users\CYIRKO~1\AppData\Local\Temp\cc5mBRYr.s 			page 30


 377 12a9 6760D2EF 		.ascii	"g`\322\357\037,\267\002\334\313\256]\032\331\\\251t"
 377      1F2CB702 
 377      DCCBAE5D 
 377      1AD95CA9 
 377      74
 378 12ba 1CCFFB28 		.ascii	"\034\317\373(\300\014\001\340dMT\217F\012p\237\015\300"
 378      C00C01E0 
 378      644D548F 
 378      460A709F 
 378      0DC0
 379 12cc FD568037 		.ascii	"\375V\2007zN\2158\343\036\307\000\343\357=\271\342j"
 379      7A4E8D38 
 379      E31EC700 
 379      E3EF3DB9 
 379      E26A
 380 12de 4DB82C06 		.ascii	"M\270,\006fWch\206\223\000\360\000\273\326\323Q\277"
 380      66576368 
 380      869300F0 
 380      00BBD6D3 
 380      51BF
 381 12f0 DFCD31C0 		.ascii	"\337\3151\300C\024\340A\001`d\341\243Q\233\007\352\207"
 381      4314E041 
 381      016064E1 
 381      A3519B07 
 381      EA87
 382 1302 6C00665B 		.ascii	"l\000f[\001f\346\014\015:\343>>\206\036\226\247\012"
 382      0166E60C 
 382      0D3AE33E 
 382      3E861E96 
 382      A70A
 383 1314 6F5891E5 		.ascii	"oX\221\345kaYU\026\306\023\2163\300\2668\3451\244iC"
 383      6B615955 
 383      16C6138E 
 383      33C0B638 
 383      E531A469 
 384 1329 31636E56 		.ascii	"1cnV\237\347\263\213\221\315c\213\004\213\216\260K7"
 384      9FE7B38B 
 384      91CD638B 
 384      048B8EB0 
 384      4B37
 385 133b 8E9C3BAA 		.ascii	"\216\234;\252sl\321QjQ\201`\321PCs\213MV\034\265\261"
 385      736CD151 
 385      6A518160 
 385      D1504373 
 385      8B4D561C 
 386 1351 A850B048 		.ascii	"\250P\260Hw\260`\274\223<9\236\305?\267\342\227K\311"
 386      77B060BC 
 386      933C399E 
 386      C53FB7E2 
 386      974BC9
 387 1364 9A47F7D9 		.ascii	"\232G\367\331r\011\252\015z\016e\272\204{\335\336\257"
 387      7209AA0D 
 387      7A0E65BA 
 387      847BDDDE 
 387      AF
 388 1375 0EC1540E 		.ascii	"\016\301T\016\271\206vpv\254g\345WV\207\271\271t\343"
 388      B9867670 
ARM GAS  C:\Users\CYIRKO~1\AppData\Local\Temp\cc5mBRYr.s 			page 31


 388      76AC67E5 
 388      575687B9 
 388      B974E3
 389 1388 8D72F80E 		.ascii	"\215r\370\016d\036=\301\271\243Rn>:\006t\034\350$P1"
 389      641E3DC1 
 389      B9A3526E 
 389      3E3A0674 
 389      1CE82450 
 390 139d D069A022 		.ascii	"\320i\240\"\240S\234t\225EuB\360\2404{\235\323\036\370"
 390      A0539C74 
 390      95457542 
 390      F0A0347B 
 390      9DD31EF8 
 391 13b1 52564804 		.ascii	"RVH\004\224d\317:\355\211kM:;\256\001\256\351\353\243"
 391      9464CF3A 
 391      ED896B4D 
 391      3A3BAE01 
 391      AEE9EBA3 
 392 13c5 2BE96AB6 		.ascii	"+\351j\266\342\201\004G\211\362\262\246\351\005g\243"
 392      E2810447 
 392      89F2B2A6 
 392      E90567A3 
 393 13d5 5C7BDE52 		.ascii	"\\{\336Ry^\250\247(R\336\205\323x!,Q\246\254\351\213"
 393      795EA8A7 
 393      2852DE85 
 393      D378212C 
 393      51A6ACE9 
 394 13ea E6F2EB9D 		.ascii	"\346\362\353\235\201\304\243\332Y\274\333#\034\271]"
 394      81C4A3DA 
 394      59BCDB23 
 394      1CB95D
 395 13f9 F1463E27 		.ascii	"\361F>'\345\241$\361\256\315\274X\306I\327\254g\254"
 395      E5A124F1 
 395      AECDBC58 
 395      C649D7AC 
 395      67AC
 396 140b 69529FFA 		.ascii	"iR\237\372xL\213\303\334\330\273S\374{a3\371\367\302"
 396      784C8BC3 
 396      DCD8BB53 
 396      FC7B6133 
 396      F9F7C2
 397 141e BA0E7465 		.ascii	"\272\016te8\361i\243&o\3464\226\317\306\261\224Ww\360"
 397      38F169A3 
 397      266FE634 
 397      96CFC6B1 
 397      945777F0 
 398 1432 E8F5648C 		.ascii	"\350\365d\214fY_\234\227FL\005@/\347\210;\000z\025\037"
 398      66595F9C 
 398      97464C05 
 398      402FE788 
 398      3B007A15 
 399 1447 31172162 		.ascii	"1\027!b\316\003\312j\240\013@5@\365@\265@u@\3478\351"
 399      CE03CA6A 
 399      A00B4035 
 399      40F540B5 
 399      407540E7 
 400 145d 81F8D00F 		.ascii	"\201\370\320\017\331\350\221U\336m\314\2448\016\232"
ARM GAS  C:\Users\CYIRKO~1\AppData\Local\Temp\cc5mBRYr.s 			page 32


 400      D9E89155 
 400      DE6DCCA4 
 400      380E9A
 401 146c 93286921 		.ascii	"\223(i!-\324\225\274B\341-\256i\303\321\277wf\"]\314"
 401      2DD495BC 
 401      42E12DAE 
 401      69C3D1BF 
 401      7766225D 
 402 1481 820BD033 		.ascii	"\202\013\3203Y\301\222\343\206\221\275jv|H\266\305u"
 402      59C192E3 
 402      8691BD6A 
 402      767C48B6 
 402      C575
 403 1493 3CB775AF 		.ascii	"<\267u\257\355 \210\232\2418\034Cv\222K\344y\311\377"
 403      ED20889A 
 403      A1381C43 
 403      76924BE4 
 403      79C9FF
 404 14a6 EE386CCF 		.ascii	"\3568l\317\233c\237\262\324<\262\303$\347\272\022\363"
 404      9B639FB2 
 404      D43CB2C3 
 404      24E7BA12 
 404      F3
 405 14b7 A66544EB 		.ascii	"\246eD\353^\226\021U\3232Bj\0149r\270\207\354\214\271"
 405      5E961155 
 405      D332426A 
 405      0C3972B8 
 405      87EC8CB9 
 406 14cb 8324E1A8 		.ascii	"\203$\341\250,\217\251\336\242\265\256\270\257\244\376"
 406      2C8FA9DE 
 406      A2B5AEB8 
 406      AFA4FE
 407 14da 0D7DF7FC 		.ascii	"\015}\367\3742t C\312\257\003\211\026\333Ra\035\370"
 407      32742043 
 407      CAAF0389 
 407      16DB5261 
 407      1DF8
 408 14ec 4B30D86F 		.ascii	"K0\330o;\360\020`\003\223C=.\322\260\275l\023\266WX"
 408      3BF01060 
 408      0393433D 
 408      2ED2B0BD 
 408      6C13B657 
 409 1501 D8926F60 		.ascii	"\330\222o`\216\272P\337\301\351\304\027\017I\330\212"
 409      8EBA50DF 
 409      C1E9C417 
 409      0F49D88A 
 410 1511 BC0D1C79 		.ascii	"\274\015\034yk\311\203m\012\201\373\376\241\311\335"
 410      6BC9836D 
 410      0A81FBFE 
 410      A1C9DD
 411 1520 6A16DBDF 		.ascii	"j\026\333\337#syvQ\272\226\205v6\331\342\036\337u\364"
 411      23737976 
 411      51BA9685 
 411      7636D9E2 
 411      1EDF75F4 
 412 1534 9C7A662C 		.ascii	"\234zf,o\313<D\337\256\272\006\346\\\345\210\264Fn\246"
 412      6FCB3C44 
ARM GAS  C:\Users\CYIRKO~1\AppData\Local\Temp\cc5mBRYr.s 			page 33


 412      DFAEBA06 
 412      E65CE588 
 412      B4466EA6 
 413 1548 209336C8 		.ascii	" \2236\310\024\261e\352\201J\212\025.K\3647\361X\233"
 413      14B165EA 
 413      814A8A15 
 413      2E4BF437 
 413      F1589B
 414 155b 28D6E3DB 		.ascii	"(\326\343\333\317\235Q\266\202\267\311L1\203\232\213"
 414      CF9D51B6 
 414      82B7C94C 
 414      31839A8B 
 415 156b 10FB4494 		.ascii	"\020\373D\224hsJ\370C\210^\207\253J\372\311\030\351"
 415      68734AF8 
 415      43885E87 
 415      AB4AFAC9 
 415      18E9
 416 157d 2524F4E0 		.ascii	"%$\364\340\333J\276\251\344E\322\177|g$\221\310n3M\302"
 416      DB4ABEA9 
 416      E445D27F 
 416      7C672491 
 416      C86E334D 
 417 1592 9F82B133 		.ascii	"\237\202\2613$\012*\235\365FJQ\001B\322\016\022\201"
 417      240A2A9D 
 417      F5464A51 
 417      0142D20E 
 417      1281
 418 15a4 0C367FDF 		.ascii	"\0146\177\337\212O!\032\207\204a}\232|\251[\327\006"
 418      8A4F211A 
 418      8784617D 
 418      9A7CA95B 
 418      D706
 419 15b6 31075732 		.ascii	"1\007W2~\215\350\265\344K\365\011\030\357f\205g4\344"
 419      7E8DE8B5 
 419      E44BF509 
 419      18EF6685 
 419      6734E4
 420 15c9 46A5CD8C 		.ascii	"F\245\315\214\371\245t\302\274E'\314U\374|\331\376\364"
 420      F9A574C2 
 420      BC4527CC 
 420      55FC7CD9 
 420      FEF4
 421 15db C24EED7B 		.ascii	"\302N\355{\031\226\214\016\230\374\036kn\024Y,\260\023"
 421      19968C0E 
 421      98FC1E6B 
 421      6E14592C 
 421      B013
 422 15ed B270840D 		.ascii	"\262p\204\015\335\024\243\023~\302\347\015\256\015\241"
 422      DD14A313 
 422      7EC2E70D 
 422      AE0DA1
 423 15fc EB5C2B40 		.ascii	"\353\\+@\273\315\275G\3162\372\322\256\272\340,\246"
 423      BBCDBD47 
 423      CE32FAD2 
 423      AEBAE02C 
 423      A6
 424 160d B73FF5EA 		.ascii	"\267?\365\352\026\266\266\244/\255\301\225\2271w\353"
ARM GAS  C:\Users\CYIRKO~1\AppData\Local\Temp\cc5mBRYr.s 			page 34


 424      16B6B6A4 
 424      2FADC195 
 424      973177EB 
 425 161d 31CEA7B7 		.ascii	"1\316\247\267\325\031Y\255\273\334\310\214\353.\314"
 425      D51959AD 
 425      BBDCC88C 
 425      EB2ECC
 426 162c B603A39A 		.ascii	"\266\003\243\232\030~\266\025\246\263\3267\237\316Z"
 426      187EB615 
 426      A6B3D637 
 426      9FCE5A
 427 163b 1D4C67B2 		.ascii	"\035Lg\262o)\264\360\035H\012\265A\012u@\252\334\005"
 427      6F29B4F0 
 427      1D480AB5 
 427      410A7540 
 427      AADC05
 428 164e BA07D4CE 		.ascii	"\272\007\324\316IO\356F\222X\326\267\312\315\203\223"
 428      494FEE46 
 428      9258D6B7 
 428      CACD8393 
 429 165e 4976F3A0 		.ascii	"Iv\363\240\014\010\207\363\325t\333\204\371*\367~\332"
 429      0C0887F3 
 429      D574DB84 
 429      F92AF77E 
 429      DA
 430 166f 76279BF9 		.ascii	"v'\233\371J\016\270B\0265I\277\261\213\217\335\244\311"
 430      4A0EB842 
 430      163549BF 
 430      B18B8FDD 
 430      A4C9
 431 1681 D36993E8 		.ascii	"\323i\223\350\367\205\371\011w%\235\255u\025\317\"\256"
 431      F785F909 
 431      77259DAD 
 431      7515CF22 
 431      AE
 432 1692 A4CCDC49 		.ascii	"\244\314\334I\313\367}\276|w\313#\344\237\362'\317\244"
 432      CBF77DBE 
 432      7C77CB23 
 432      E49FF227 
 432      CFA4
 433 16a4 8EE9E6BE 		.ascii	"\216\351\346\276\365,BA%\021_?\000_w\211H\223\013N\025"
 433      F52C4241 
 433      25115F3F 
 433      005F7789 
 433      48930B4E 
 434 16b9 BBE00937 		.ascii	"\273\340\0117\366\226\357x\353.\361\350\325\356\230"
 434      F696EF78 
 434      EB2EF1E8 
 434      D5EE98
 435 16c8 E1117494 		.ascii	"\341\021t\224\023\302\227\346\024zj\361\020\030z\304"
 435      13C297E6 
 435      147A6AF1 
 435      10187AC4 
 436 16d8 20EDE6F8 		.ascii	" \355\346\370\363\325\332[\355\267m6\222\017m\034\322"
 436      F3D5DA5B 
 436      EDB76D36 
 436      920F6D1C 
ARM GAS  C:\Users\CYIRKO~1\AppData\Local\Temp\cc5mBRYr.s 			page 35


 436      D2
 437 16e9 6B9DB0E3 		.ascii	"k\235\260\343*\367U\260\215\011\\Cw\330\212\363\370"
 437      2AF755B0 
 437      8D095C43 
 437      77D88AF3 
 437      F8
 438 16fa CBDABB1A 		.ascii	"\313\332\273\032\207\371\363\204\346\317ca\301\331\034"
 438      87F9F384 
 438      E6CF6361 
 438      C1D91C
 439 1709 997ED415 		.ascii	"\231~\324\025\022\250\235l\361\243\234\232\217l\251"
 439      12A89D6C 
 439      F1A39C9A 
 439      8F6CA9
 440 1718 F89232A1 		.ascii	"\370\2222\241f\021X3\307^,E}4k\012\016]\333\245\304"
 440      66115833 
 440      C75E2C45 
 440      7D346B0A 
 440      0E5DDBA5 
 441 172d F53368D6 		.ascii	"\3653h\326\234<\324s\304E\252\255\310f};`\223\256\275"
 441      9C3CD473 
 441      C445AAAD 
 441      C8667D3B 
 441      6093AEBD 
 442 1741 39DB6FA9 		.ascii	"9\333o\251ym\265{\234\016\227tY\"t\224\011\365\213\352"
 442      796DB57B 
 442      9C0E9774 
 442      59227494 
 442      09F58BEA 
 443 1755 FA057583 		.ascii	"\372\005u\203T]Jld\235+~4\303\341\372<?l*\302u\216\243"
 443      545D4A6C 
 443      649D2B7E 
 443      34C3E1FA 
 443      3C3F6C2A 
 444 176d 2728C314 		.ascii	"'(\303\024\301\220`pQ\314\261\207z\036BO\272SrdM\264"
 444      C1906070 
 444      51CCB187 
 444      7A1E424F 
 444      BA537264 
 445 1783 651FA26C 		.ascii	"e\037\242l\350\251\210\341\251\200\341\031\3050\024"
 445      E8A988E1 
 445      A980E119 
 445      C53014
 446 1792 7A21C90D 		.ascii	"z!\311\015\347\274\303\336]\253xy^C1\220\003\027\036"
 446      E7BCC3DE 
 446      5DAB7879 
 446      5E433190 
 446      03171E
 447 17a5 4374C251 		.ascii	"Ct\302Q7\353\265\0216\022/\012\"\033\330\306\001&)\364"
 447      37EBB511 
 447      36122F0A 
 447      221BD8C6 
 447      012629F4 
 448 17b9 825D8CDE 		.ascii	"\202]\214\336\023o\263G$\374\"\3321\212vT@\373\340\302"
 448      136FB347 
 448      24FC22DA 
 448      318A7654 
ARM GAS  C:\Users\CYIRKO~1\AppData\Local\Temp\cc5mBRYr.s 			page 36


 448      40FBE0C2 
 449 17cd C97D1A   		.ascii	"\311}\032"
 450 17d0 C161054E 		.ascii	"\301a\005N\367x\207\001\027z.\202}.\200\035\247`ogo"
 450      F7788701 
 450      177A2E82 
 450      7D2E801D 
 450      A7606F67 
 451 17e5 69E370F5 		.ascii	"i\343p\365;\362\325\324\3069\257l\206\307\322v2D'\016"
 451      3BF2D5D4 
 451      C639AF6C 
 451      86C7D276 
 451      3244270E 
 452 17f9 4F4E1E0D 		.ascii	"ON\036\015\006\340A/Ee/\005e\023T\331pm\353\023=\276"
 452      06E0412F 
 452      45652F05 
 452      651354D9 
 452      706DEB13 
 453 180f C194E5DD 		.ascii	"\301\224\345\335\252\332\354\302\013\250\212\307\261"
 453      AADAECC2 
 453      0BA88AC7 
 453      B1
 454 181c B369E749 		.ascii	"\263i\347I\261\363\244\320y\212v\216>\362`X\217\273"
 454      B1F3A4D0 
 454      798A768E 
 454      3EF26058 
 454      8FBB
 455 182e 59E7BD69 		.ascii	"Y\347\275iQ\251\302\310T\0278\025\024Y\302U\264\277"
 455      51A9C2C8 
 455      54173815 
 455      1459C255 
 455      B4BF
 456 1840 4565ED0F 		.ascii	"Ee\355\017?Y\377\020\025\351?Xl\351\324\341!\326?\177"
 456      3F59FF10 
 456      15E93F58 
 456      6CE9D4E1 
 456      21D63F7F 
 457 1854 B0AA49F0 		.ascii	"\260\252I\360\325\255r\247\346\255\374\310\022\021\241"
 457      D5AD72A7 
 457      E6ADFCC8 
 457      1211A1
 458 1863 A2885041 		.ascii	"\242\210PAD\030\025q\346\331\371\363z|x&\373\3775\335"
 458      44181571 
 458      E6D9F9F3 
 458      7A7C7826 
 458      FBFF35DD 
 459 1877 6D2D4A5E 		.ascii	"m-J^\304\375+N\217r\254\016\010\027\005\204\013\002"
 459      C4FD2B4E 
 459      8F72AC0E 
 459      08170584 
 459      0B02
 460 1889 36530117 		.ascii	"6S\001\027\322[\316\272\342\007L\300\301k\371\352\037"
 460      D25BCEBA 
 460      E2074CC0 
 460      C16BF9EA 
 460      1F
 461 189a 65D2FE0D 		.ascii	"e\322\376\015\367\234b\012K\"-\261\363\351\302e\013"
 461      F79C620A 
ARM GAS  C:\Users\CYIRKO~1\AppData\Local\Temp\cc5mBRYr.s 			page 37


 461      4B222DB1 
 461      F3E9C265 
 461      0B
 462 18ab 13605D15 		.ascii	"\023`]\025)\310\025\370\334\252\372\021\364k\033\275"
 462      29C815F8 
 462      DCAAFA11 
 462      F46B1BBD 
 463 18bb D56AB344 		.ascii	"\325j\263D\177e{t\244\022\236\023\222\237\244\342\036"
 463      7F657B74 
 463      A4129E13 
 463      929FA4E2 
 463      1E
 464 18cc EC2BC652 		.ascii	"\354+\306R\3761\033\376H\025[oDR\346\360\303\031\347"
 464      FE311BFE 
 464      48155B6F 
 464      4452E6F0 
 464      C319E7
 465 18df 6CF6F1C3 		.ascii	"l\366\361\3036\314Q<s\024e~X\031;jS{\006l\230\267\361"
 465      36CC513C 
 465      7314657E 
 465      58193B6A 
 465      537B066C 
 466 18f6 CCDB2873 		.ascii	"\314\333(sfmd\246\315\262\347\211\015s4\317L\276U\336"
 466      666D64A6 
 466      CDB2E789 
 466      0D7334CF 
 466      4CBE55DE 
 467 190a 7E81DE5F 		.ascii	"~\201\336_k?\371\374\253y\313\026-R\350\014\206\365"
 467      6B3FF9FC 
 467      AB79CB16 
 467      2D52E80C 
 467      86F5
 468 191c BE01E625 		.ascii	"\276\001\346%\213\015\346\325\306_\256\364^\353\273"
 468      8B0DE6D5 
 468      C65FAEF4 
 468      5EEBBB
 469 192b CA37D8BC 		.ascii	"\3127\330\274\336\3077p\24590\320/x\345\232\200\365"
 469      DEC73770 
 469      A53930D0 
 469      2F78E59A 
 469      80F5
 470 193d F3E8AF79 		.ascii	"\363\350\257y^&\377yF\377UF\037\037\243\317\312\245"
 470      5E26FF79 
 470      46FF5546 
 470      1F1FA3CF 
 470      CAA5
 471 194f 0B96CC5B 		.ascii	"\013\226\314[\274p\321\207\353\026\255\204\353?\013"
 471      BC70D187 
 471      EB16AD84 
 471      EB3F0B
 472 195e 080C30FE 		.ascii	"\010\0140\376\314\350\265\312w\245o\200\267\337z\037"
 472      CCE8B5CA 
 472      77A56F80 
 472      B7DF7A1F 
 473 196e E34A7F2F 		.ascii	"\343J\177/\220\025`\\i\3601\256\366Z\357g6\2307\005"
 473      9015605C 
 473      69F031AE 
ARM GAS  C:\Users\CYIRKO~1\AppData\Local\Temp\cc5mBRYr.s 			page 38


 473      F65AEF67 
 473      36983705 
 474 1982 198317AC 		.ascii	"\031\203\027\254Uh\005}\377\361\177\252/xS\360JC\260"
 474      5568057D 
 474      FFF17FAA 
 474      2F7853F0 
 474      4A43B0
 475 1995 D9078483 		.ascii	"\331\007\204\203\022\325\372`/\223\031{~\354\211?]\006"
 475      12D5FA60 
 475      2F93197B 
 475      7EEC893F 
 475      5D06
 476 19a7 B4DC137B 		.ascii	"\264\334\023{\376\253'\347\271\342\013O\356\223\025"
 476      FEAB27E7 
 476      B9E20B4F 
 476      EE9315
 477 19b6 5F7AE2DF 		.ascii	"_z\342\337zz\342e\236K\200\026\003-\302+>\366\374\364"
 477      7A7AE265 
 477      9E4B8016 
 477      032DC22B 
 477      3EF6FCF4 
 478 19ca 77BF5CB9 		.ascii	"w\277\\\271\214\340Y\316\360Pl\201\301\213>\\\352\021"
 478      8CE059CE 
 478      F0506C81 
 478      C18B3E5C 
 478      EA11
 479 19dc 18ECE11D 		.ascii	"\030\354\341\035\350\357\037\030\340a\334h\366X\366"
 479      E8EF1F18 
 479      E061DC68 
 479      F658F6
 480 19eb D9F24F97 		.ascii	"\331\362O\227{,_\001\377>[\262\370\367\037n\334\350"
 480      7B2C5F01 
 480      FF3E5BB2 
 480      F8F71F6E 
 480      DCE8
 481 19fd 116CF65F 		.ascii	"\021l\366_\262x\365\207K\3417hw\371j\371o<W\030V\200"
 481      B278F587 
 481      4BE13768 
 481      77F96AF9 
 481      6F3C5718 
 482 1a13 C51F1B57 		.ascii	"\305\037\033W\253\003\327\2557\2567j\327\031\002\002"
 482      AB03D7AD 
 482      37AE376A 
 482      D7190202 
 483 1a23 CDBEAB37 		.ascii	"\315\276\2537i\326\031L>Af\223\023s\375G\006\263F\370"
 483      69D6194C 
 483      3E416693 
 483      1373FD47 
 483      06B346F8 
 484 1a37 5E67D860 		.ascii	"^g\330`\202;\252u\006s`\020tX\265~\365j\243\311i\235"
 484      823BAA75 
 484      06736010 
 484      7458B57E 
 484      F56AA3C9 
 485 1a4d C13B707D 		.ascii	"\301;p}\200\331hR\007\373\376\331h0\373|G\317\371\371"
 485      80D96852 
 485      07FBFED9 
ARM GAS  C:\Users\CYIRKO~1\AppData\Local\Temp\cc5mBRYr.s 			page 39


 485      6830FB7C 
 485      47CFF9F9 
 486 1a61 AE5AB9C6 		.ascii	"\256Z\271\306\333\333\316\203\300\260`\221\350G3\364"
 486      DBDBCE83 
 486      C0B06091 
 486      E84733F4 
 487 1a71 5A0D4680 		.ascii	"Z\015F\200\326\015^\276f\337\2005\\\000X\2555\031\275"
 487      D60D5EBE 
 487      66DF8035 
 487      5C0058AD 
 487      3519BD
 488 1a84 FC824CBE 		.ascii	"\374\202L\276\201\0323\3714\230\337\310]A\201&s\260"
 488      811A33F9 
 488      3498DFC8 
 488      5D418126 
 488      73B0
 489 1a96 C76F3C3F 		.ascii	"\307o<?[\366\331Fr-\310\327\317h\012\366\370d\3312\017"
 489      5BF6D946 
 489      722DC8D7 
 489      CF680AF6 
 489      F864D932 
 490 1aab EFB54244 		.ascii	"\357\265BDh\374\315\033\375\300\026U\340\206\000#\030"
 490      68FCCD1B 
 490      FDC01655 
 490      E0860023 
 490      18
 491 1abc 4FBCA5F1 		.ascii	"O\274\245\361_o6n4\230\265\336k\015\364\247\326\030"
 491      5F6F366E 
 491      3498B5DE 
 491      6B0DF4A7 
 491      D618
 492 1ace 640C80D1 		.ascii	"d\014\200\321]\343l\374\306\030`\366\367\012\376\032"
 492      5DE36CFC 
 492      C61860F6 
 492      F70AFE1A 
 493 1ade EEFA07AF 		.ascii	"\356\372\007\257a\354<T7`7\257\005\250>\301\006\"\322"
 493      61EC3C54 
 493      376037AF 
 493      05A83EC1 
 493      0622D2
 494 1af1 55DA3098 		.ascii	"U\3320\230\321z\265q\003\351\252\336`\006\245A\360\025"
 494      D17AB571 
 494      03E9AADE 
 494      6006A541 
 494      F015
 495 1b03 6CF40FC2 		.ascii	"l\364\017\302\336\001f\030\015>.5\374\267\012\256\032"
 495      DE016618 
 495      0D3E2E35 
 495      FCB70AAE 
 495      1A
 496 1b14 CC7A9008 		.ascii	"\314z\220\010<^Ak\003MFM0Q\035\274F\005\004\014\033"
 496      3C5E416B 
 496      034D464D 
 496      30511DBC 
 496      4605040C 
 497 1b29 CC6653D0 		.ascii	"\314fS\320L\246\302`2\302P\031\003\274a|@l\340\252?"
 497      4CA6C260 
ARM GAS  C:\Users\CYIRKO~1\AppData\Local\Temp\cc5mBRYr.s 			page 40


 497      32C25019 
 497      03BC617C 
 497      406CE0AA 
 498 1b3e 05698D1B 		.ascii	"\005i\215\033}\315\336\201>F\265\311g\023\364\340\200"
 498      7DCDDE81 
 498      3E46B5C9 
 498      6713F4E0 
 498      80
 499 1b4f 25586326 		.ascii	"%Xc&\237\320y\265\237\327\032h\371\303}h\005\233\275"
 499      9FD079B5 
 499      9FD71A68 
 499      F9C37D68 
 499      059BBD
 500 1b62 CC46AD99 		.ascii	"\314F\255\231~\021\001^\253\274\202\215|r.\3759X*\374"
 500      7E11015E 
 500      ABBC828D 
 500      7C722EFD 
 500      39582AFC 
 501 1b76 D0059BBF 		.ascii	"\320\005\233\277\366\362\363]\023`0\377\362\355G`\255"
 501      F6F2F35D 
 501      136030FF 
 501      F2ED4760 
 501      AD
 502 1b87 3758012E 		.ascii	"7X\001.\347\002\274\374\215\234\367Z/\223*\320\317\007"
 502      E702BCFC 
 502      8D9CF75A 
 502      2F932AD0 
 502      CF07
 503 1b99 9C1E60DC 		.ascii	"\234\036`\334`4ao\363Fep\220\322\317\004\243\275\006"
 503      6034616F 
 503      F3466570 
 503      90D2CF04 
 503      A3BD06
 504 1bac A2C460C6 		.ascii	"\242\304`\306\246E\213\200\026*M\177\2534}\2444}\250"
 504      A6458B80 
 504      162A4D7F 
 504      AB347DA4 
 504      347DA8
 505 1bbf 342D559A 		.ascii	"4-U\232~\2414\375\334\231H&>\203N\377\360\035\221\030"
 505      7EA134FD 
 505      DC994826 
 505      3E834EFF 
 505      F01D9118 
 506 1bd3 BEF9D01F 		.ascii	"\276\371\320\037\320\350\251(\357@\010\361\215f\216"
 506      D0E8A928 
 506      EF4008F1 
 506      8D668E
 507 1be2 84979375 		.ascii	"\204\227\223u\034U\376A\020\323Z\336\311\346\031\222"
 507      1C55FE41 
 507      10D35ADE 
 507      C9E61992 
 508 1bf2 01A6230F 		.ascii	"\001\246#\017\354\306o\334l.\031\314\213^\213\307d\366"
 508      ECC66FDC 
 508      6C2E19CC 
 508      8B5E8BC7 
 508      64F6
 509 1c04 E0A31D60 		.ascii	"\340\243\035`\004{\257\365\001\010\013\337\274\007\004"
ARM GAS  C:\Users\CYIRKO~1\AppData\Local\Temp\cc5mBRYr.s 			page 41


 509      047BAFF5 
 509      01080BDF 
 509      BC0704
 510 1c13 0E74F8C5 		.ascii	"\016t\370\305[\250\330\024,\204\372[\250\201\240\203"
 510      5BA8D814 
 510      2C84FA5B 
 510      A881A083 
 511 1c23 0E3A4835 		.ascii	"\016:H5\336(\247u\254~@0\010\027\325\353 \260\003\276"
 511      DE28A775 
 511      AC7E4030 
 511      0817D5EB 
 511      20B003BE 
 512 1c37 5EFA5AA9 		.ascii	"^\372Z\251k\275\374\254b\3417\353I\300\270\006\2567"
 512      6BBDFCAC 
 512      62E137EB 
 512      49C0B806 
 512      AE37
 513 1c49 07AD370B 		.ascii	"\007\2557\013\362\325\276\364\207\213o\200\344\242v"
 513      F2D5BEF4 
 513      878B6F80 
 513      E4A276
 514 1c58 F9C706CF 		.ascii	"\371\307\006\317\337\375\346\343\177\327\300\217\345"
 514      DFFDE6E3 
 514      7FD7C08F 
 514      E5
 515 1c65 2BBEF8D2 		.ascii	"+\276\370\322\011\276\277\372\374\323\317?]\361vZ\203"
 515      09BEBFFA 
 515      FCD3CF3F 
 515      5DF1765A 
 515      83
 516 1c76 8D265F2F 		.ascii	"\215&_/?RW\202}\370(W\321L\326\323OCp\340z\223\267\221"
 516      3F525782 
 516      7DF82857 
 516      D14CD6D3 
 516      4F4370E0 
 517 1c8e 35686A00 		.ascii	"5hj\000 \332\010\326\222\3345Bepe\234BS\275\201\362"
 517      20DA08D6 
 517      92DC3542 
 517      6570659C 
 517      4253BD81 
 518 1ca3 CDB0BD6A 		.ascii	"\315\260\275j0/ys\0373\005\304\025R\020\020\365\337"
 518      302F7973 
 518      1F3305C4 
 518      15521010 
 518      F5DF
 519 1cb5 F8430E9A 		.ascii	"\370C\016\232|\315F3\237\203\213\226\3629H~8\221\021"
 519      7CCD4633 
 519      9F838B96 
 519      F239487E 
 519      389111
 520 1cc8 F5F50746 		.ascii	"\365\365\007Fn\215\321\014\021\273\336l\306\360\013"
 520      6E8DD10C 
 520      11BBDE6C 
 520      C6F00B
 521 1cd7 C30F8E06 		.ascii	"\303\017\216\006-\355\353\266\234\332\374\261\311\367"
 521      2DEDEBB6 
 521      9CDAFCB1 
ARM GAS  C:\Users\CYIRKO~1\AppData\Local\Temp\cc5mBRYr.s 			page 42


 521      C9F7
 522 1ce5 1BA3E98F 		.ascii	"\033\243\351\217\237\255P\221[f\275\364\252\332\264"
 522      9FAD5091 
 522      5B66BDF4 
 522      AADAB4
 523 1cf4 919423CE 		.ascii	"\221\224#\316\337\3137@C>\026x+\240\344A\012\200\027"
 523      DFCB3740 
 523      433E1678 
 523      2BA0E441 
 523      0A8017
 524 1d07 BEFF5BA8 		.ascii	"\276\377[\250\001\313\2150\022\001f\350\261\034*\207"
 524      01CB8D30 
 524      120166E8 
 524      B11C2A87 
 525 1d17 973FC8F9 		.ascii	"\227?\310\371\360\355\034O\273\021#g\313\311\373\350"
 525      F0ED1C4F 
 525      BB112367 
 525      CBC9FBE8 
 526 1d27 5B85C1AC 		.ascii	"[\205\301\254\341\301\013\361\020\240\221\244\375\344"
 526      E1C10BF1 
 526      10A091A4 
 526      FDE4
 527 1d35 CB15864F 		.ascii	"\313\025\206O\214f\303\012\360\304\214\005\036\244\271"
 527      8C66C30A 
 527      F0C48C05 
 527      1EA4B9
 528 1d44 8C4D5324 		.ascii	"\214MS$n\275\327\256X\353\263\334\317h\014\372\371\233"
 528      6EBDD7AE 
 528      58EBB3DC 
 528      CF680CFA 
 528      F99B
 529 1d56 8F079FC6 		.ascii	"\217\007\237\306d@\300\2350\034\001^&\203\017\214\254"
 529      6440C09D 
 529      301C015E 
 529      26830F8C 
 529      AC
 530 1d67 6E81076D 		.ascii	"n\201\007m\300\235w$\212\014\313\3150\315\317\220^\371"
 530      C09D7724 
 530      8A0CCBCD 
 530      30CDCF90 
 530      5EF9
 531 1d79 34C0D7EC 		.ascii	"4\300\327\354\314\202\015\212\223\257Y\003&\220k\036"
 531      CC820D8A 
 531      93AF5903 
 531      26906B1E 
 532 1d89 6FE33412 		.ascii	"o\3434\022\246\336k\227o\012&=\337&g7\021\354x\371\307"
 532      A6DE6B97 
 532      6F0A263D 
 532      DF266737 
 532      11EC78F9 
 533 1d9e 4BFFF95B 		.ascii	"K\377\371[\325\261rH\227\020\036\177\370\303\307\036"
 533      D5B17248 
 533      97101E7F 
 533      F8C3C71E 
 534 1dae 74CDF0CD 		.ascii	"t\315\360\315bI\262\030\374\374Hi\372\037K\371uH"
 534      6249B218 
 534      FCFC4869 
ARM GAS  C:\Users\CYIRKO~1\AppData\Local\Temp\cc5mBRYr.s 			page 43


 534      FA1F4BF9 
 534      7548
 535              		.text
 536              		.section	.gnu.lto_.symtab.d5812daa,"",%progbits
 537 0000 6D61696E 		.ascii	"main\000"
 537      00
 538 0005 00       		.ascii	"\000"
 539 0006 00       		.ascii	"\000"
 540 0007 00       		.ascii	"\000"
 541 0008 00000000 		.ascii	"\000\000\000\000\000\000\000\000"
 541      00000000 
 542 0010 58020000 		.ascii	"X\002\000\000"
 543 0014 53443600 		.ascii	"SD6\000"
 544 0018 00       		.ascii	"\000"
 545 0019 02       		.ascii	"\002"
 546 001a 00       		.ascii	"\000"
 547 001b 00000000 		.ascii	"\000\000\000\000\000\000\000\000"
 547      00000000 
 548 0023 87020000 		.ascii	"\207\002\000\000"
 549 0027 63687072 		.ascii	"chprintf\000"
 549      696E7466 
 549      00
 550 0030 00       		.ascii	"\000"
 551 0031 02       		.ascii	"\002"
 552 0032 00       		.ascii	"\000"
 553 0033 00000000 		.ascii	"\000\000\000\000\000\000\000\000"
 553      00000000 
 554 003b 6D020000 		.ascii	"m\002\000\000"
 555 003f 4750545F 		.ascii	"GPT_Get_Time\000"
 555      4765745F 
 555      54696D65 
 555      00
 556 004c 00       		.ascii	"\000"
 557 004d 02       		.ascii	"\002"
 558 004e 00       		.ascii	"\000"
 559 004f 00000000 		.ascii	"\000\000\000\000\000\000\000\000"
 559      00000000 
 560 0057 70020000 		.ascii	"p\002\000\000"
 561 005b 63685468 		.ascii	"chThdSleep\000"
 561      64536C65 
 561      657000
 562 0066 00       		.ascii	"\000"
 563 0067 02       		.ascii	"\002"
 564 0068 00       		.ascii	"\000"
 565 0069 00000000 		.ascii	"\000\000\000\000\000\000\000\000"
 565      00000000 
 566 0071 74020000 		.ascii	"t\002\000\000"
 567 0075 6765745F 		.ascii	"get_sonar_dist\000"
 567      736F6E61 
 567      725F6469 
 567      737400
 568 0084 00       		.ascii	"\000"
 569 0085 02       		.ascii	"\002"
 570 0086 00       		.ascii	"\000"
 571 0087 00000000 		.ascii	"\000\000\000\000\000\000\000\000"
 571      00000000 
 572 008f 7A020000 		.ascii	"z\002\000\000"
ARM GAS  C:\Users\CYIRKO~1\AppData\Local\Temp\cc5mBRYr.s 			page 44


 573 0093 4750545F 		.ascii	"GPT_Counter_Start\000"
 573      436F756E 
 573      7465725F 
 573      53746172 
 573      7400
 574 00a5 00       		.ascii	"\000"
 575 00a6 02       		.ascii	"\002"
 576 00a7 00       		.ascii	"\000"
 577 00a8 00000000 		.ascii	"\000\000\000\000\000\000\000\000"
 577      00000000 
 578 00b0 7D020000 		.ascii	"}\002\000\000"
 579 00b4 4750545F 		.ascii	"GPT_Counter_Init\000"
 579      436F756E 
 579      7465725F 
 579      496E6974 
 579      00
 580 00c5 00       		.ascii	"\000"
 581 00c6 02       		.ascii	"\002"
 582 00c7 00       		.ascii	"\000"
 583 00c8 00000000 		.ascii	"\000\000\000\000\000\000\000\000"
 583      00000000 
 584 00d0 7F020000 		.ascii	"\177\002\000\000"
 585 00d4 73657269 		.ascii	"serial_init\000"
 585      616C5F69 
 585      6E697400 
 586 00e0 00       		.ascii	"\000"
 587 00e1 02       		.ascii	"\002"
 588 00e2 00       		.ascii	"\000"
 589 00e3 00000000 		.ascii	"\000\000\000\000\000\000\000\000"
 589      00000000 
 590 00eb 81020000 		.ascii	"\201\002\000\000"
 591 00ef 68616C49 		.ascii	"halInit\000"
 591      6E697400 
 592 00f7 00       		.ascii	"\000"
 593 00f8 02       		.ascii	"\002"
 594 00f9 00       		.ascii	"\000"
 595 00fa 00000000 		.ascii	"\000\000\000\000\000\000\000\000"
 595      00000000 
 596 0102 83020000 		.ascii	"\203\002\000\000"
 597 0106 63685379 		.ascii	"chSysInit\000"
 597      73496E69 
 597      7400
 598 0110 00       		.ascii	"\000"
 599 0111 02       		.ascii	"\002"
 600 0112 00       		.ascii	"\000"
 601 0113 00000000 		.ascii	"\000\000\000\000\000\000\000\000"
 601      00000000 
 602 011b 85020000 		.ascii	"\205\002\000\000"
 603              		.text
 604              		.section	.gnu.lto_.opts,"",%progbits
 605 0000 272D666D 		.ascii	"'-fmath-errno' '-fsigned-zeros' '-ftrapping-math' '"
 605      6174682D 
 605      6572726E 
 605      6F272027 
 605      2D667369 
 606 0033 2D666E6F 		.ascii	"-fno-trapv' '-fno-openmp' '-fno-openacc' '-mcpu=cor"
 606      2D747261 
ARM GAS  C:\Users\CYIRKO~1\AppData\Local\Temp\cc5mBRYr.s 			page 45


 606      70762720 
 606      272D666E 
 606      6F2D6F70 
 607 0066 7465782D 		.ascii	"tex-m7' '-mno-thumb-interwork' '-mthumb' '-ggdb' '-"
 607      6D372720 
 607      272D6D6E 
 607      6F2D7468 
 607      756D622D 
 608 0099 4F322720 		.ascii	"O2' '-fomit-frame-pointer' '-falign-functions=16' '"
 608      272D666F 
 608      6D69742D 
 608      6672616D 
 608      652D706F 
 609 00cc 2D666675 		.ascii	"-ffunction-sections' '-fdata-sections' '-fno-common"
 609      6E637469 
 609      6F6E2D73 
 609      65637469 
 609      6F6E7327 
 610 00ff 2720272D 		.ascii	"' '-flto'\000"
 610      666C746F 
 610      2700
 611              		.text
 612              		.comm	__gnu_lto_v1,1,1
 613              		.comm	__gnu_lto_slim,1,1
 614              		.ident	"GCC: (GNU Tools for ARM Embedded Processors 6-2017-q1-update) 6.3.1 20170215 (release) [AR
ARM GAS  C:\Users\CYIRKO~1\AppData\Local\Temp\cc5mBRYr.s 			page 46


DEFINED SYMBOLS
                            *ABS*:00000000 main.c
                            *COM*:00000001 __gnu_lto_v1
                            *COM*:00000001 __gnu_lto_slim

NO UNDEFINED SYMBOLS
