ARM GAS  C:\Users\CYIRKO~1\AppData\Local\Temp\ccyjyymX.s 			page 1


   1              		.cpu cortex-m7
   2              		.eabi_attribute 20, 1
   3              		.eabi_attribute 21, 1
   4              		.eabi_attribute 23, 3
   5              		.eabi_attribute 24, 1
   6              		.eabi_attribute 25, 1
   7              		.eabi_attribute 26, 1
   8              		.eabi_attribute 30, 2
   9              		.eabi_attribute 34, 1
  10              		.eabi_attribute 18, 4
  11              		.file	"nvic.c"
  12              		.text
  13              	.Ltext0:
  14              		.section	.gnu.lto_.profile.956e139d,"",%progbits
  15 0000 789C6365 		.ascii	"x\234ce`b`a```d\220\022\003\000\000\312\000="
  15      60626061 
  15      60606064 
  15      90120300 
  15      00CA003D 
  16              		.text
  17              		.section	.gnu.lto_.icf.956e139d,"",%progbits
  18 0000 789C6365 		.ascii	"x\234ce`b\220b@\000\026\206\027\337\372'q3~\336ur'\033"
  18      60629062 
  18      40001686 
  18      17DFFA27 
  18      71337EDE 
  19 0018 D385E635 		.ascii	"\323\205\3465\217\270\231;\356\375hab\000\000\253P\014"
  19      8FB8993B 
  19      EEFD6861 
  19      620000AB 
  19      500C
  20 002a 3B       		.ascii	";"
  21              		.text
  22              		.section	.gnu.lto_.jmpfuncs.956e139d,"",%progbits
  23 0000 789C6365 		.ascii	"x\234ce`b\220b@\000\026\006&FF\346\372zF \250g\202\260"
  23      60629062 
  23      40001606 
  23      264646E6 
  23      FA7A4620 
  24 0018 99416C06 		.ascii	"\231Al\006\000)\250\003:"
  24      0029A803 
  24      3A
  25              		.text
  26              		.section	.gnu.lto_.inline.956e139d,"",%progbits
  27 0000 789C4D8C 		.ascii	"x\234M\214\321\021\2000\014B!M\323\350\217#\324\011"
  27      D1118030 
  27      0C42214D 
  27      D3E88F23 
  27      D409
  28 0012 5CD2453A 		.ascii	"\\\322E:\222\2438\202\261\236U>\270\343\036\220!\330"
  28      92A33882 
  28      B19E553E 
  28      B8E31E90 
  28      21D8
  29 0024 F1498179 		.ascii	"\361I\201y\242pe\204\333\324\316\015\326\252@\216E\021"
  29      A2706584 
  29      DBD4CE0D 
ARM GAS  C:\Users\CYIRKO~1\AppData\Local\Temp\ccyjyymX.s 			page 2


  29      D6AA408E 
  29      4511
  30 0036 C9833808 		.ascii	"\311\2038\010/d\257$m\365\251\004\325~\"\310J\366\227"
  30      2F64AF24 
  30      6DF5A904 
  30      D57E22C8 
  30      4AF697
  31 0049 14BBDF41 		.ascii	"\024\273\337A(\241\330;\035pLq\001\226\277\015\245"
  31      28A1D83B 
  31      1D704C71 
  31      0196BF0D 
  31      A5
  32              		.text
  33              		.section	.gnu.lto_.pureconst.956e139d,"",%progbits
  34 0000 789C6365 		.ascii	"x\234ce`b\340d```a\220b\224b\222b\226\002\000\002\321"
  34      6062E064 
  34      60606061 
  34      90629462 
  34      92629602 
  35 0017 0083     		.ascii	"\000\203"
  36              		.text
  37              		.section	.gnu.lto_nvicEnableVector.956e139d,"",%progbits
  38 0000 789C9D53 		.ascii	"x\234\235SML\023A\024\236o_\267\333B\251g#\021\016&"
  38      4D4C1341 
  38      149E6F5F 
  38      B7DB42A9 
  38      6723110E 
  39 0015 0D1737BD 		.ascii	"\015\0277\275hbL\014\022\274q\321+\027\255\007\232H"
  39      68624C0C 
  39      12BC71D1 
  39      2B17AD07 
  39      9A48
  40 0027 9700126F 		.ascii	"\227\000\022oL\013\226X\215\022\005*\306fk\202\362'"
  40      4C0B9658 
  40      8D12052A 
  40      C6666B82 
  40      F227
  41 0039 94222AA0 		.ascii	"\224\"*\240&MCbz@\243\361f\342A\214\246\007\0146\036"
  41      264D4362 
  41      7A40A3F1 
  41      66E2418C 
  41      A6070C36 
  42 004e 3C00FA66 		.ascii	"<\000\372f\267\211&\352A'\231\231\367\346}\337{\357"
  42      B78926EA 
  42      41279999 
  42      F7E67DDF 
  42      7BEF
  43 0060 9BD9D585 		.ascii	"\233\331\325\205&\216\223\020\255B\210}<A\002\332\360"
  43      268E9310 
  43      AD42887D 
  43      3C4102DA 
  43      F0
  44 0071 0B21E23E 		.ascii	"\013!\342>\015P\206\364A\364k\350\3075J\023\212C\037"
  44      0D5086F4 
  44      41F46BE8 
  44      C7354A13 
  44      8A431F
ARM GAS  C:\Users\CYIRKO~1\AppData\Local\Temp\ccyjyymX.s 			page 3


  45 0084 57B4A649 		.ascii	"W\264\246I\311\243\220\256\354\225S\005\330L\037\347"
  45      C9A390AE 
  45      EC955305 
  45      D84C1FE7 
  46 0094 A90626D1 		.ascii	"\251\006&\321\304\250W\203\013\267\351*\331\004x\330"
  46      C4A85783 
  46      0BB7E92A 
  46      D90478D8 
  47 00a4 FDB27E6B 		.ascii	"\375\262~k#\250\\\015\215\354\356\310\221\261 \035\203"
  47      23A85C0D 
  47      8DECEEC8 
  47      91B1201D 
  47      83
  48 00b5 607BBC38 		.ascii	"`{\2748\372\266.tW\312\204,\254\215\220<`\023a\006\304"
  48      FAB62E74 
  48      57CA842C 
  48      AC8D903C 
  48      60136106 
  49 00ca 09318D7A 		.ascii	"\0111\215zL\241^\360\221\300,B\014\237M|\332$jv\250"
  49      4CA15EF0 
  49      91C02C42 
  49      0C9F4D7C 
  49      DA246A76 
  50 00df 974A3B1B 		.ascii	"\227J;\033F\225\372a\264J\275\377\007\352\034B\012\377"
  50      4695FA61 
  50      B44ABDFF 
  50      07EA1C42 
  50      0AFF
  51 00f1 3EBF3B5A 		.ascii	">\277;Z\347\365\270\275b\036^\360\236{\215\202\334\375"
  51      E7F5B8BD 
  51      621E5EF0 
  51      9E7B8D82 
  51      DCFD
  52 0103 3E240B6F 		.ascii	">$\013o\356!}\"\000(\270\306D\017\251E\207\252l\260"
  52      EE217D22 
  52      0028B8C6 
  52      440FA945 
  52      87AA6CB0 
  53 0117 A9FBD4E2 		.ascii	"\251\373\324\342\347\305+D\212s\250\313\271L\232\332"
  53      E7C52B44 
  53      8A73A8CB 
  53      B94C9ADA 
  54 0127 A98C4465 		.ascii	"\251\214Deh'W\243\322fH\313\020D\031\003[I\270\007\304"
  54      682757A3 
  54      D26648CB 
  54      10441903 
  54      5B49B807 
  55 013c 67BF5E8B 		.ascii	"g\277^\213\027\036\344\270\2752\212c\245\006\205\341"
  55      171EE4B8 
  55      BD328A63 
  55      A50685E1 
  56 014c E8D8C5E2 		.ascii	"\350\330\305\342KCE\015G\336\322\235\317\337\002\256"
  56      4B43450D 
  56      47DED29D 
  56      CFDF02AE 
  57 015c 2B8B0332 		.ascii	"+\213\0032\310G\3277+\313A\033\2318\337~v\277M>\344"
  57      C847D737 
ARM GAS  C:\Users\CYIRKO~1\AppData\Local\Temp\ccyjyymX.s 			page 4


  57      2BCB411B 
  57      9938DF7E 
  57      76BF4D3E 
  58 0171 59E70227 		.ascii	"Y\347\002'R\204\365w\213\303{\31499\030\227\2156\371"
  58      5284F577 
  58      8BC37BCC 
  58      39391897 
  58      8D36F9
  59 0184 B1081B37 		.ascii	"\261\010\0337\235wQ\331f\276NQ8\247\202\331\230M5x\000"
  59      9D7751D9 
  59      66BE4E51 
  59      38A782D9 
  59      984D3578 
  60 0199 3343BAF3 		.ascii	"3C\272\363fK\010s\213\252\341J2\223\317V{68\314\304"
  60      664B0873 
  60      8BAAE14A 
  60      3293CF56 
  60      7B3638CC 
  61 01ae D2C4EA76 		.ascii	"\322\304\352v\300\355Y\307C\247\347\201\355\344\264"
  61      C0ED59C7 
  61      43A7E781 
  61      EDE4B4
  62 01bd DF05F95C 		.ascii	"\337\005\371\\\320\215\211\371\225:\005\322\321\200"
  62      D08D89F9 
  62      953A05D2 
  62      D180
  63 01cb 472E682B 		.ascii	"G.h+Y2\\\220_\325_{\236\364\271i\200\307\250g\252\253"
  63      59325C90 
  63      5FD55F7B 
  63      9EF4B969 
  63      80C7A867 
  64 01e1 DEACAAFF 		.ascii	"\336\254\252\377\027m\265Xv\264\341wm}6\005\260\242"
  64      176DB558 
  64      76B4E177 
  64      6D7D3605 
  64      B0A2
  65 01f3 B4198EB6 		.ascii	"\264\031\216\266U\245\315\357\224*\2476j\377\253\330"
  65      55A5CDEF 
  65      942AA736 
  65      6AFFABD8 
  66 0203 13A798F6 		.ascii	"\023\247\230\366\227bO\177\026{\346\026\333D\"\233\273"
  66      97624F7F 
  66      167BE616 
  66      DB44229B 
  66      BB
  67 0214 E25CA3F3 		.ascii	"\342\\\243\363S\244\270Q\376H8\301\321\326#\355-\035"
  67      53A4B851 
  67      FE4838C1 
  67      D1D623ED 
  67      2D1D
  68 0226 D133D153 		.ascii	"\3213\321S\275\347\317F\255\366\210\262\255\236\360"
  68      BDE7CF46 
  68      ADF688B2 
  68      AD9EF0
  69 0235 E143A6D5 		.ascii	"\341C\246\325cv\234>gvY\335\275=f\304\352\354\264bf"
  69      63769C3E 
  69      677659DD 
ARM GAS  C:\Users\CYIRKO~1\AppData\Local\Temp\ccyjyymX.s 			page 5


  69      BD3D66C4 
  69      EAECB462 
  70 024a F3C9B696 		.ascii	"\363\311\266\226\266\013f\254/\0329\030\021\210y\272"
  70      B60B66AC 
  70      2F1A3918 
  70      118879BA 
  71 025a BAA3D60F 		.ascii	"\272\243\326\017\012\032\035\333"
  71      0A1A1DDB 
  72              		.text
  73              		.section	.gnu.lto_nvicDisableVector.956e139d,"",%progbits
  74 0000 789C9592 		.ascii	"x\234\225\222Mh\023Q\020\307\337\177g\223lm\023\257"
  74      4D681351 
  74      10C7DF7F 
  74      67936C6D 
  74      13AF
  75 0012 82417B10 		.ascii	"\202A{\020J/.\271(\210\240R\364\326\213^{\321(4`\263"
  75      4A2F2EB9 
  75      2888A052 
  75      F4D68B5E 
  75      7BD12834 
  76 0028 626AF1D6 		.ascii	"bj\361\326\227~\244PQ\213\266\251\025\303F\2104mm\323"
  76      977EA450 
  76      518BB6A9 
  76      15C34688 
  76      346D6DD3 
  77 003c 8FA8ADA7 		.ascii	"\217\250\255\247\260\010\0220\212\202'\301\203\025\321"
  77      B0081230 
  77      8A8227C1 
  77      8315D1
  78 004b 43454B0F 		.ascii	"CEK\017\036juf\327\203\340\311\007\357c\336\376f\376"
  78      1E6A7566 
  78      D783E0C9 
  78      07EF63DE 
  78      FE66FE
  79 005e 33F336A4 		.ascii	"3\3636\244\014u\301P\352\270Rj/O\220\2021\366R\251\254"
  79      0C75C150 
  79      EAB8526A 
  79      2F4F9082 
  79      31F652A9 
  80 0073 650072D0 		.ascii	"e\000r\320\026T\277\201~\334\244I\2027\362i\315h\237"
  80      1654BF81 
  80      7EDCA449 
  80      8237F269 
  80      CD689F
  81 0086 D63C6A93 		.ascii	"\326<j\223\325pN\017\357qI\251)\23620\215v\246^\017"
  81      D5704E0F 
  81      EF7149A9 
  81      299E3230 
  81      8D76A65E 
  82 009b 2DDEA31B 		.ascii	"-\336\243\033\344\022`\262\371\275qw=&\246\201V6\177"
  82      E41260B2 
  82      F9BD7177 
  82      3D26A681 
  82      56367F
  83 00ae EAF17C8C 		.ascii	"\352\361|\214\216A\361y\312\233x\027m{\240\365\200\256"
  83      8E41F179 
  83      CA9B7817 
ARM GAS  C:\Users\CYIRKO~1\AppData\Local\Temp\ccyjyymX.s 			page 6


  83      6D7BA0F5 
  83      80AE
  84 00c0 BD18277D 		.ascii	"\275\030'}\300%\302,\210\003b\006q\224\021W|\2450\207"
  84      C025C22C 
  84      88036206 
  84      71941157 
  84      7CA53087 
  85 00d4 36E13F2C 		.ascii	"6\341?,\355LD\303f \210\207\010\203\367\312\033\324"
  85      ED4C44C3 
  85      66208887 
  85      0883F7CA 
  85      1BD4
  86 00e6 F4CEAF11 		.ascii	"\364\316\257\021]\373X\302\333S\026 \270\301\216&\311"
  86      5DFB58C2 
  86      DB531620 
  86      B8C18E26 
  86      C9
  87 00f7 62F21252 		.ascii	"b\362\022Rj\224}\244\242kd\310N_0\270\231k\254\024!"
  87      6A947DA4 
  87      A26B64C8 
  87      4E5F30B8 
  87      996BAC14 
  88 010c 710A6414 		.ascii	"q\012d\024\010\254P/=\335n\221dC\010a\236\345\031\333"
  88      08AC502F 
  88      3DDD6E91 
  88      64430861 
  88      9EE519DB 
  89 0120 CECD3405 		.ascii	"\316\3154\005\020\005\320\355\322\302ZT \023\373\261"
  89      1005D0ED 
  89      D2C25A54 
  89      2013FBB1 
  90 0130 1040DF72 		.ascii	"\020@\337r\365H\000I\315\325g\317sV\020\006\250 \316"
  90      F5480049 
  90      CDD567CF 
  90      73561006 
  90      A820CE
  91 0143 AE0C79F9 		.ascii	"\256\014y\371\272-\014\003\371a\357UD\200\260\337\210"
  91      BA2D0C03 
  91      F961EF55 
  91      4480B0DF 
  91      88
  92 0154 EAFDAF3F 		.ascii	"\352\375\257?Z\002S{\203:\306W\26766Wc.\012Ynvq\237"
  92      5A02537B 
  92      833AC657 
  92      B7363657 
  92      632E0A59 
  93 016c 4B112C71 		.ascii	"K\021,qG\026YM\034\032\357\227\307v\333\363z(\253[]"
  93      4716594D 
  93      1C1AEF97 
  93      C776DBF3 
  93      7A28AB5B 
  94 0181 B2B00C17 		.ascii	"\262\260\014\027w\374g\220h\263[eJT\344c\261\317\245"
  94      77FC6790 
  94      68B35B65 
  94      4A54E463 
  94      B1CFA5
  95 0194 26ACC0E6 		.ascii	"&\254\300\346\012\375'\252\"\301)J2[\237\313\353\221"
ARM GAS  C:\Users\CYIRKO~1\AppData\Local\Temp\ccyjyymX.s 			page 7


  95      0AFD27AA 
  95      22C1294A 
  95      325B9FCB 
  95      EB91
  96 01a6 3FE9FC8F 		.ascii	"?\351\374\217\330.<\362\305\360\257X\332\245f<\0261"
  96      D82E3CF2 
  96      C5F0AF58 
  96      DAA5663C 
  96      1631
  97 01b8 F8624F90 		.ascii	"\370bO\220\370\273\326f(\254r\314\015\014\024\347\256"
  97      F8BBD666 
  97      28AC72CC 
  97      0D0C14E7 
  97      AE
  98 01c9 FB8DF7FF 		.ascii	"\373\215\367\377\233Q\306\371I8\301\243'\217tut\247"
  98      9B51C6F9 
  98      4938C1A3 
  98      278F7475 
  98      74A7
  99 01db CEA5CEF4 		.ascii	"\316\245\316\364^9\237r\272\222rv2\211\303\207l'cw\237"
  99      5E399F72 
  99      BA927276 
  99      3289C387 
  99      6C276377 
 100 01f0 BD685F72 		.ascii	"\275h_r.\367f\354\244\323\323\343\244\355\023\247;;"
 100      2EF766EC 
 100      A4D3D3E3 
 100      A4ED13A7 
 100      3B3B
 101 0202 3AAFDAE9 		.ascii	":\257\332\351\276T\362`R!\375\033\335\"\330\350"
 101      BE54F260 
 101      5221FD1B 
 101      DD22D8E8 
 102              		.text
 103              		.section	.gnu.lto_nvicSetSystemHandlerPriority.956e139d,"",%progbits
 104 0000 789C6D51 		.ascii	"x\234mQMh\023Q\020\236\357\315f\263\012\366\\\264\207"
 104      4D681351 
 104      109EEFCD 
 104      66B30AF6 
 104      5CB487
 105 0013 1E84D04B 		.ascii	"\036\204\320K\227\\\024D\020\011\342Az\321k/5\025\022"
 105      975C1444 
 105      1009E241 
 105      7AD16B2F 
 105      351512
 106 0026 68B325A9 		.ascii	"h\263%\251\342\255o\223\266\301\012U\3244U\014\033("
 106      E2AD6F93 
 106      B6C10A55 
 106      D434550C 
 106      1B28
 107 0038 526D8D69 		.ascii	"Rm\215i\325K\260H\310\311\034T\364\330\223ZQ\002\006"
 107      D54BB048 
 107      C8C91C54 
 107      F4D8935A 
 107      510206
 108 004b FCE9D5EA 		.ascii	"\374\351\325\352\2745\202\007\037\274}\363\367\315~"
 108      BC358207 
ARM GAS  C:\Users\CYIRKO~1\AppData\Local\Temp\ccyjyymX.s 			page 8


 108      1FBC7DF3 
 108      F7CD7E
 109 005a DF4C8414 		.ascii	"\337L\204\024uAt\206\210\016\311\005\023\324\365WD\276"
 109      75417486 
 109      880EC905 
 109      13D4F557 
 109      44BE
 110 006c A3006368 		.ascii	"\243\000ch\0074\2430\203k\\f\264\212\237\032jhU\313"
 110      0734A330 
 110      836B5C66 
 110      B48A9F1A 
 110      6A6855CB 
 111 0080 699677ED 		.ascii	"i\226w\355y=\327\0370\321m\271\346`\025CR\365fv\343"
 111      793DD71F 
 111      30D16DB9 
 111      E6601543 
 111      52F56676 
 112 0095 2E2F72C0 		.ascii	"./r\300\200%\356\267\227wv\372\214\2530(n\341\346\363"
 112      8025EEB7 
 112      977776FA 
 112      8CAB3028 
 112      6EE1E6F3 
 113 00a9 2D874F80 		.ascii	"-\207O\200\304\356\352\266o\307\356i\235\327\315\217"
 113      C4EEEAB6 
 113      6FC7EE69 
 113      9DD7CD8F 
 114 00b9 25D68703 		.ascii	"%\326\207\003f\254\201\245!\036`\000\3671@\022\"\254"
 114      66AC81A5 
 114      211E6000 
 114      F7314012 
 114      22AC
 115 00cb 2326E5EB 		.ascii	"#&\345\353\371\317]\346\323!\364J\373\347N\264\007\335"
 115      F9CF5DE6 
 115      D321F44A 
 115      FBE74EB4 
 115      07DD
 116 00dd 2DF7A00F 		.ascii	"-\367\240\017\377\003\255!f\352?l\356\225\016\330\326"
 116      FF03AD21 
 116      66EA3F6C 
 116      EE950ED8 
 116      D6
 117 00ee CA5FBA78 		.ascii	"\312_\272x\004[\224S\375-\232z\357WQ\010\364o\377p\242"
 117      045B9453 
 117      FD2D9A7A 
 117      EF575108 
 117      F46FFF70 
 118 0103 804128C1 		.ascii	"\200A(\301Zl>\021\230\237\023-\010\310\014\344*+\363"
 118      5A6C3E11 
 118      989F132D 
 118      08C80CE4 
 118      2A2BF3
 119 0116 7207F9EF 		.ascii	"r\007\371\357\305Z\343\035L\243\012\253\012\203:(|\235"
 119      C55AE31D 
 119      4CA30AAB 
 119      0A833A28 
 119      7C9D
 120 0128 EF055862 		.ascii	"\357\005Xb\377\316\"\002\013u\341\324Ak\251=lj$\273"
ARM GAS  C:\Users\CYIRKO~1\AppData\Local\Temp\ccyjyymX.s 			page 9


 120      FFCE2202 
 120      0B75E1D4 
 120      416BA93D 
 120      6C6A24BB 
 121 013c 34D77A1D 		.ascii	"4\327z\0355Y;\324\3447\266nE\376\270z\273\240\373\014"
 121      35593BD4 
 121      E437B66E 
 121      45FEB87A 
 121      BBA0FB0C 
 122 0150 7E39FFDE 		.ascii	"~9\377\336\011P\361e\344\325\203\001G\261)\3426\244"
 122      0950F165 
 122      E4D58301 
 122      47B129E2 
 122      36A4
 123 0162 91017C29 		.ascii	"\221\001|)\275X\333\357\326\364\254\257\007\003v\360"
 123      BD58DBEF 
 123      D6F4ACAF 
 123      070376F0 
 124 0172 180196C3 		.ascii	"\030\001\226\303eHr\345F%\021\257\233\\5\033\360><\201"
 124      654872E5 
 124      462511AF 
 124      9B5C351B 
 124      F03E3C81 
 125 0186 5BE148B8 		.ascii	"[\341H\270\247\247\210\013CY}\276\372l1$\034\356oA4"
 125      A7A7880B 
 125      43597DBE 
 125      FA6C3124 
 125      1CEE6F41 
 126 019b 88364574 		.ascii	"\2106Et\374\324\261\321D*}>}n\372\342x\332\033M\032"
 126      FCD4B1D1 
 126      442A7D3E 
 126      7D6EFAE2 
 126      78DA1B4D 
 127 01b0 DBCBC58F 		.ascii	"\333\313\305\217\036q\275\234\233\032\233p\247\274\354"
 127      1E71BD9C 
 127      9B1A9B70 
 127      A7BCEC
 128 01bf 74CE4D7A 		.ascii	"t\316Mz\223\223^\306=yv$1r\331\315\\J'\207\223\024M"
 128      93935EC6 
 128      3D797624 
 128      3172D9CD 
 128      5C4A2787 
 129 01d6 8D65C627 		.ascii	"\215e\306'.d\255\251l\332\373\015\201\005\264\250"
 129      2E64ADA9 
 129      6CDAFB0D 
 129      8105B4A8 
 130              		.text
 131              		.section	.gnu.lto_nvicClearPending.956e139d,"",%progbits
 132 0000 789C2D51 		.ascii	"x\234-QMh\023Q\020\236og7I\241\211W\301\240=\010\245"
 132      4D681351 
 132      109E6F67 
 132      3749A189 
 132      57C1A03D 
 133 0016 085D7251 		.ascii	"\010]rQ\020A\245\210\247^\364\332\213\306C\0036+\246"
 133      1041A588 
 133      A75EF4DA 
 133      8BC64303 
ARM GAS  C:\Users\CYIRKO~1\AppData\Local\Temp\ccyjyymX.s 			page 10


 133      362BA6
 134 0029 166F7D49 		.ascii	"\026o}I\333\004+\330\242mj\305\260\021#\375\3216m\365"
 134      DB042BD8 
 134      A26D6AC5 
 134      B01123FD 
 134      D1366DF5 
 135 003d 60EB252C 		.ascii	"`\353%,^z\250R\257\212\007\005\301C\213\015\036<\264"
 135      5E7AA852 
 135      AF8A0705 
 135      C1438B0D 
 135      1E3CB4
 136 0050 D599AC0F 		.ascii	"\325\231\254\017\336{3\337\373\346\233y3\016Y\264\013"
 136      DE7B33DF 
 136      FBE69B79 
 136      330E59B4 
 136      0B
 137 0061 A20B4474 		.ascii	"\242\013DtL6\230`M~ \312\307,@\015\023\003\015[\030"
 137      4C369860 
 137      4D7E20CA 
 137      C72C400D 
 137      13030D5B 
 138 0076 C604CF30 		.ascii	"\306\004\3170\202\322\217u\253k\316\310j\314lD\213f"
 138      82D28F75 
 138      AB6BCEC8 
 138      6ACC6C44 
 138      8B66
 139 0088 ECA8CF44 		.ascii	"\354\250\317D\263\262ua\016]\302\332\036]y\312\017\330"
 139      B3B27561 
 139      0E5DC2DA 
 139      1E5D79CA 
 139      0FD8
 140 009a 67C01677 		.ascii	"g\300\026wo\353\311\367\204\272\026:\304=0S\345\004"
 140      6FEBC9F7 
 140      84BA163A 
 140      C43D3053 
 140      E504
 141 00ac 9F07893D 		.ascii	"\237\007\211=\033L\177\216w\2760\246`\032\357\247\330"
 141      1B4C7F8E 
 141      77BE30A6 
 141      601AEFA7 
 141      D8
 142 00bd 9CF499B1 		.ascii	"\234\364\231\261\010\026A, \211y$I \302Kt*\377\333\352"
 142      0816412C 
 142      20897924 
 142      4920C24B 
 142      742AFFDB 
 143 00d2 E1743C62 		.ascii	"\341t<b\207\011\361\012\021\251\235\352\237\3200\207"
 143      8709F10A 
 143      11A99DEA 
 143      9FD03087 
 144 00e2 7F4BA6F1 		.ascii	"\177K\246\361\245\206\355\3131@\351\226\004\332\254"
 144      A586EDCB 
 144      3140E996 
 144      04DAAC
 145 00f1 872D87E3 		.ascii	"\207-\207\343\250E4.\201\372\255\373l\351\315?1\322"
 145      A845342E 
 145      81FAADFB 
ARM GAS  C:\Users\CYIRKO~1\AppData\Local\Temp\ccyjyymX.s 			page 11


 145      6CE9CD3F 
 145      31D2
 146 0103 2C1EBCAB 		.ascii	",\036\274\253B\305*lU\030\222f\263\266\261\337\256\025"
 146      42C52A6C 
 146      55189266 
 146      B3B6B1DF 
 146      AE15
 147 0115 3B70B024 		.ascii	";p\260$5\010m\277x\257-$qHzT[^\217+\311\306\011,\207"
 147      35086DBF 
 147      78AF2D24 
 147      71487A54 
 147      5B5E8F2B 
 148 012e A45FC585 		.ascii	"\244_\305\205hH\262q*)T\001\013\315\322\177uG`\001\202"
 148      6848B271 
 148      2A295401 
 148      0BCDD27F 
 148      75476001 
 149 0143 F266B702 		.ascii	"\362f\267\002\242Q\036\013>FU#\322j\307\233g\273\177"
 149      A2511E0B 
 149      3E465523 
 149      D26AC79B 
 149      67BB7F
 150 0156 DA43D704 		.ascii	"\332C\327\004#&!\320\303\235\346\333\204\217J^Z^=\356"
 150      232621D0 
 150      C39DE6DB 
 150      848F4A5E 
 150      5A5E3DEE 
 151 016a 73142BD2 		.ascii	"s\024+\322\227\272\244\323\200\255\257k\223G\334%3\232"
 151      97BAA4D3 
 151      80ADAF6B 
 151      9347DC25 
 151      339A
 152 017c 371D3EC7 		.ascii	"7\035>\307\260\012\037\217[\303P\265\305\337\363\234"
 152      B00A1F8F 
 152      5BC350B5 
 152      C5DFF39C 
 153 018c AAEB6375 		.ascii	"\252\353cu\310\3476\254\301\225/\266\006\365\032)\251"
 153      C8E736AC 
 153      C1952FB6 
 153      06F51A29 
 153      A9
 154 019d 877650A8 		.ascii	"\207vP\250>\237h\225\327\032\3408C\333\"\234s\227\316"
 154      3E9F6895 
 154      D71AE038 
 154      43DB229C 
 154      7397CE
 155 01b0 F6F5F467 		.ascii	"\366\365\364g\256g\256\016\336\271\221\361\372\322j"
 155      AE67AE0E 
 155      DEB991F1 
 155      FAD26A
 156 01bf 7BB9D499 		.ascii	"{\271\324\231\323\256\227s\373\257\335toy\267\007sn"
 156      D3AE9773 
 156      FBAFDD74 
 156      6F79B707 
 156      736E
 157 01d1 DA1B18F0 		.ascii	"\332\033\030\360\262\356\305+\275=\275w\335\354P&\335"
 157      B2EEC52B 
ARM GAS  C:\Users\CYIRKO~1\AppData\Local\Temp\ccyjyymX.s 			page 12


 157      BD3DBD77 
 157      DDEC5026 
 157      DD
 158 01e2 9D2664FF 		.ascii	"\235&d\377\001P\300\260\222"
 158      0150C0B0 
 158      92
 159              		.text
 160              		.section	.gnu.lto_.symbol_nodes.956e139d,"",%progbits
 161 0000 789C6365 		.ascii	"x\234ce`b\360b\000\002\2469L\365\014\014\023\31610\000"
 161      6062F062 
 161      0002A639 
 161      4CF50C0C 
 161      13CE3130 
 162 0015 A95D0D8E 		.ascii	"\251]\015\216@\221\271L\365\214\250\"\363\230\352\231"
 162      4091B94C 
 162      F58CA822 
 162      F398EA99 
 163 0025 5045E633 		.ascii	"PE\3463\3253\243\2100\000\000\276\274\022:"
 163      D533A388 
 163      300000BE 
 163      BC123A
 164              		.text
 165              		.section	.gnu.lto_.refs.956e139d,"",%progbits
 166 0000 789C6365 		.ascii	"x\234ce`b`d\000\002\000\000I\000\011"
 166      60626064 
 166      00020000 
 166      490009
 167              		.text
 168              		.section	.gnu.lto_.decls.956e139d,"",%progbits
 169 0000 789CDD59 		.ascii	"x\234\335YiPTY\226\316\2337\023\222\024\320A\242\246"
 169      69505459 
 169      96CE9B37 
 169      139214D0 
 169      41A2A6
 170 0013 A6879E71 		.ascii	"\246\207\236q\034;\212\230\231\026\265z\312\352\216"
 170      1C3B8A98 
 170      9916B57A 
 170      CAEA8E
 171 0022 8E18A944 		.ascii	"\216\030\251DG\"\312n\"S\355\211\030\"\010\227\254\226"
 171      4722CA6E 
 171      2253ED89 
 171      18220897 
 171      AC96
 172 0034 0E851EC1 		.ascii	"\016\205\036\301\231\256\356\231\252\207\200\262(\202"
 172      99AEEE99 
 172      AA8780B2 
 172      2882
 173 0042 82982C8A 		.ascii	"\202\230,\212\"\213,\002\202\200\002\232\242\254\012"
 173      228B2C02 
 173      8280029A 
 173      A2AC0A
 174 0051 2A82CABE 		.ascii	"*\202\312\276\210\210\210\312\342\012\010s\356\362\310"
 174      888888CA 
 174      E20A0873 
 174      EEF2C8
 175 0060 C72331EA 		.ascii	"\307#1\352G\377\352\014\316{\357\334\373\275s\277{\316"
 175      47FFEA0C 
ARM GAS  C:\Users\CYIRKO~1\AppData\Local\Temp\ccyjyymX.s 			page 13


 175      CE7BEFDC 
 175      FBBD73BF 
 175      7BCE
 176 0072 B9DB43AD 		.ascii	"\271\333C\255P*2\377Q\241\010\300\012\305\011\244P\314"
 176      502A32FF 
 176      51A108C0 
 176      0AC509A4 
 176      50CC
 177 0084 C04FAD50 		.ascii	"\300O\255P(r\025\226\237\012\3442\310\025\0203H\245"
 177      28721596 
 177      9F0AE432 
 177      C8151033 
 177      48A5
 178 0096 62FE6F1F 		.ascii	"b\376o\037\274\353\000\367\255 N \316 \205 . \237\201"
 178      BCEB00F7 
 178      AD204E20 
 178      CE208520 
 178      2E209F81 
 179 00aa FC9A9401 		.ascii	"\374\232\224\001f)H;<\267\201<\003\031\002\201\246\025"
 179      6629483B 
 179      3CB7813C 
 179      03190281 
 179      A615
 180 00bc 4A28B703 		.ascii	"J(\267\003\261\005A\274=\371\357\377\240\302\336J\033"
 180      B10541BC 
 180      3DF9EFFF 
 180      A0C2DE4A 
 180      1B
 181 00cd 72FBA25D 		.ascii	"r\373\242]\261\035%\210\006\2616\020\357\207\374\027"
 181      B11D2588 
 181      06B13610 
 181      EF87FC17 
 182 00dd 0415DA05 		.ascii	"\004\025\332\005\370\023\333\245P_\014\362?\210\331"
 182      F813DBA5 
 182      505F0CF2 
 182      3F88D9
 183 00ec 247612B9 		.ascii	"$v\022\271=3\327k\320\\\233\241\013\330$|\275\254\360"
 183      3D33D76B 
 183      D05C9BA1 
 183      0BD8247C 
 183      BDACF0
 184 00ff 25AFDB71 		.ascii	"%\257\333q\233\326|\034\217Q\361\341\033\025\312.\324"
 184      9BD67C1C 
 184      8F51F1E1 
 184      1B15CA2E 
 184      D4
 185 0110 81A04F68 		.ascii	"\201\240Oh\011-E\210]\021\025\252\316\210?\204h9\224"
 185      092D4588 
 185      5D1115AA 
 185      CE883F84 
 185      683994
 186 0123 2A15DCB0 		.ascii	"*\025\334\260X\204\3047\270\256\344\252\222\233\244"
 186      5884C437 
 186      B8AEE4AA 
 186      929BA4
 187 0132 7FFC6524 		.ascii	"\177\374e$\261\310\252YK\342\217qg\017\3645\361m\244"
 187      B1C8AA59 
ARM GAS  C:\Users\CYIRKO~1\AppData\Local\Temp\ccyjyymX.s 			page 14


 187      4BE28F71 
 187      670FF435 
 187      F16DA4
 188 0145 B4348090 		.ascii	"\2644\200\220\364\005\211AF\233\327\317\362SX:\207\304"
 188      F4058941 
 188      469BD7CF 
 188      F253583A 
 188      87C4
 189 0157 DE8F9A6E 		.ascii	"\336\217\232n\015h\273Q')MY\207hYbs_\252\022Ch\341\271"
 189      0D68BB51 
 189      27294D59 
 189      87685962 
 189      735FAA12 
 190 016f FB7DE686 		.ascii	"\373}\346\206\2259\002\373i\376\331\342\266\316\332"
 190      953902FB 
 190      69FED9E2 
 190      B6CEDA
 191 017e 73D9380A 		.ascii	"s\3318\012\243\317\264\210\264\271\030\212\362\206/"
 191      A3CFB488 
 191      B4B9188A 
 191      F2862F
 192 018d BD776045 		.ascii	"\275w`E\004\321td\354\254-v\241\317wC\362\223\010\332"
 192      04D17464 
 192      ECAC2D76 
 192      A1CF7743 
 192      F29308DA 
 193 01a1 498B54A4 		.ascii	"I\213T\244\325\206\204G\216\240:k\321\262x\2544\325"
 193      D5868447 
 193      8EA03A6B 
 193      D1B278AC 
 193      34D5
 194 01b3 3FA85421 		.ascii	"?\250T!Wm:i\304<\363\352\263\230\203\202\240D\005H\213"
 194      576D3A69 
 194      C43CF3EA 
 194      B3988382 
 194      A0440548 
 195 01c8 72114659 		.ascii	"r\021FYh%\241\374\031\011|\230 \354\027\242\203\005"
 195      6825A1FC 
 195      19097C98 
 195      20EC17A2 
 195      8305
 196 01da BB8D0A94 		.ascii	"\273\215\012\224\207\\\320y\344\242@\371\310\2254Jp"
 196      875CD079 
 196      E4A240F9 
 196      C895344A 
 196      70
 197 01eb 28070AB3 		.ascii	"(\007\012\263\241\020Z9w6\346\214\015\216B\204\201\262"
 197      A1105A39 
 197      7736E68C 
 197      0D8E4284 
 197      81B2
 198 01fd FA4AFB43 		.ascii	"\372J\373C\025\322\272Z5Pd\305\000'\223\265\274:\224"
 198      15D2BA5A 
 198      355064C5 
 198      002793B5 
 198      BC3A94
 199 0210 90290432 		.ascii	"\220)\0042\027,d\200\033\363C\345\373\356%*\222:\004"
ARM GAS  C:\Users\CYIRKO~1\AppData\Local\Temp\ccyjyymX.s 			page 15


 199      172C6480 
 199      1BF343E5 
 199      FBEE252A 
 199      923A04
 200 0223 B05D458A 		.ascii	"\260]E\212\"\322\352&\360l\331ED\013\253f\336\232\027"
 200      22D2EA26 
 200      F06CD945 
 200      440BAB66 
 200      DE9A17
 201 0236 330F2889 		.ascii	"3\017(\211sFn%/b\036X\002\352\315\273c\017\354?=N\275"
 201      73466E25 
 201      2F621E58 
 201      02EACDBB 
 201      630FEC3F 
 202 024d 1C2C2C51 		.ascii	"\034,,Q\242\255\237\240R R\002D\024\350\022\372\024"
 202      A2AD9FA0 
 202      52205202 
 202      4414E812 
 202      FA14
 203 025f AEC548C5 		.ascii	"\256\305H\305\232\234z\0304l\263<EH\351\021\314\335"
 203      9A9C7A18 
 203      346CB33C 
 203      4548E911 
 203      CCDD
 204 0271 57563CB9 		.ascii	"WV<\271 \010@QP\021\034:g\341\010\217p\315D\335\010"
 204      20084051 
 204      50111C3A 
 204      67E1088F 
 204      70CD44DD 
 205 0286 65A02EC8 		.ascii	"e\240.\310\200\313h9\274\336\322U1\202q>\213\257\025"
 205      80CB6839 
 205      BCDED255 
 205      3182713E 
 205      8BAF15
 206 0299 FA37F2B3 		.ascii	"\3727\362\263?8.\310\245\202r)\027\271\034\277\2207"
 206      3F382EC8 
 206      A5827229 
 206      17B91CBF 
 206      9037
 207 02ab ADE45C9A 		.ascii	"\255\344\\\232\376\306$\230\367\013\304[\200Be\026&"
 207      FEC62498 
 207      F70BC45B 
 207      80426516 
 207      26
 208 02bc 65722657 		.ascii	"er&W(\223\202w\317\2021\256dL\322\237M\\\262\027-\375"
 208      28938277 
 208      CF8231AE 
 208      644CD29F 
 208      4D5CB217 
 209 02d2 EDAC25D2 		.ascii	"\355\254%\322\247\253\026KW\345\226\314\324REF\274'"
 209      A7AB164B 
 209      57E596CC 
 209      D4524546 
 209      BC27
 210 02e4 EE6686CA 		.ascii	"\356f\206\312J\333\336j\270\241\241\037\317\241t\315"
 210      4ADBDE6A 
 210      B8A1A11F 
ARM GAS  C:\Users\CYIRKO~1\AppData\Local\Temp\ccyjyymX.s 			page 16


 210      CFA174CD 
 211 02f4 62E89ADC 		.ascii	"b\350\232\334P%5\224\323r\252\314\236\205Ip!\231z\355"
 211      50253594 
 211      D372AACC 
 211      9E854970 
 211      21997AED 
 212 0308 6011D747 		.ascii	"`\021\327GlA\217\315}T\202\230\036\355\014\372`KF\202"
 212      6C418FCD 
 212      7D548298 
 212      1EED0CFA 
 212      604B4682 
 213 031c 038BA370 		.ascii	"\003\213\243p\032AA\362\324T\210\012\2170*\275\367\247"
 213      1A4141F2 
 213      D454880A 
 213      8F302ABD 
 213      F7A7
 214 032e 6FF2B40F 		.ascii	"o\362\264\017V\223aP\374\364\350\"m\030\361,MAR!&\241"
 214      56936150 
 214      FCF4E822 
 214      6D18F12C 
 214      4D415221 
 215 0344 02D5919C 		.ascii	"\002\325\221\234Bn.\250\226\345\357x\373\265\024\255"
 215      426E2EA8 
 215      96E5EF78 
 215      FBB514AD 
 216 0354 5334450B 		.ascii	"S4E\013\3022\025\215Q5\300\253(\274\0369\211/\021t\177"
 216      C232158D 
 216      5135C0AB 
 216      28BC1E39 
 216      892F1174 
 217 0369 5A7F8A1D 		.ascii	"Z\177\212\035gn\003\372\201\230\276TG\316\234\020\273"
 217      676E03FA 
 217      8198BE54 
 217      47CE9C10 
 217      BB
 218 037a 1373E898 		.ascii	"\023s\350\230\2123%\2435\352A\314\277\341\011\306\363"
 218      8A3325A3 
 218      35EA41CC 
 218      BFE109C6 
 218      F3
 219 038b 61C1B17C 		.ascii	"a\301\261|5\303\276$\330\321\351\2648\233\005y\336\021"
 219      35C3BE24 
 219      D8D1E9B4 
 219      389B0579 
 219      DE11
 220 039d 79DE663C 		.ascii	"y\336f<\363B\373\317i\340m\027\230\012\220d\036pa\363"
 220      F342FBCF 
 220      69E06D17 
 220      980A9064 
 220      1E7061F3 
 221 03b1 4091793C 		.ascii	"@\221y<W\205?\320\226\224\305E\375\011Z\311P\377\244"
 221      57853FD0 
 221      9694C545 
 221      FD095AC9 
 221      50FFA4
 222 03c4 541096A0 		.ascii	"T\020\226\240\026\350\330=Kl\\fG\372\310\031\001\177"
 222      16E8D83D 
ARM GAS  C:\Users\CYIRKO~1\AppData\Local\Temp\ccyjyymX.s 			page 17


 222      4B6C5C66 
 222      47FAC819 
 222      017F
 223 03d6 AA409FBB 		.ascii	"\252@\237\273\240U0L\233a\230\272\360a\332\004t\356"
 223      A055304C 
 223      9B6198BA 
 223      F061DA04 
 223      74EE
 224 03e8 F2717E2A 		.ascii	"\362q~*\363\206\003>\210i\003\246\270kE\216\226\006"
 224      F386033E 
 224      886903A6 
 224      B86B458E 
 224      9606
 225 03fa B29617D2 		.ascii	"\262\226\027\322\341\373\020Z\270oi\241\005-\320\304"
 225      E1FB105A 
 225      B86F69A1 
 225      052DD0C4 
 226 040a 03EB4D8C 		.ascii	"\003\353M\214?./\261\261\204\002Q{\015P\177\213z\244"
 226      3F2E2FB1 
 226      B1840251 
 226      7B0D507F 
 226      8B7AA4
 227 041d 9586E28E 		.ascii	"\225\206\342\216\030\212\224\034\323\260-q_\360\017"
 227      188A941C 
 227      D3B02D71 
 227      5FF00F
 228 042c B3DE2D84 		.ascii	"\263\336-\204\016\331J\255\267}\314zqwl8O\311\0242\231"
 228      0ED94AAD 
 228      B77DCC7A 
 228      71776C38 
 228      4FC91432 
 229 0441 5EEE1C35 		.ascii	"^\356\0345/bz\017q\377\373\341\023-\032\036hG\320\257"
 229      2F627A0F 
 229      71FFFBE1 
 229      132D1A1E 
 229      6847D0AF 
 230 0455 8F278DDA 		.ascii	"\217'\215\332\343#\230\215\367\366\2120\036\351\265"
 230      E323988D 
 230      F7F68A30 
 230      1EE9B5
 231 0464 A0EE1F2A 		.ascii	"\240\356\037*H\264[0\320\275b\240{\030\317\320\201\344"
 231      48B45B30 
 231      D0BD62A0 
 231      7B18CFD0 
 231      81E4
 232 0476 0EA53C21 		.ascii	"\016\245<!\273\000\336I\341}\224g\257\3103\376\371\373"
 232      BB00DE49 
 232      E17D9467 
 232      AFC833FE 
 232      F9FB
 233 0488 1FF17C94 		.ascii	"\037\361|\224\316\371Nt\316G\347\007\257&i9K2!^\277"
 233      CEF94E74 
 233      CE47E707 
 233      AF266939 
 233      4B32215E 
 234 049d 97986D8B 		.ascii	"\227\230m\213M\214\345\253\210\320\267|\334\220A\367"
 234      4D8CE5AB 
ARM GAS  C:\Users\CYIRKO~1\AppData\Local\Temp\ccyjyymX.s 			page 18


 234      88D0B77C 
 234      DC9041F7 
 235 04ad E0F4E377 		.ascii	"\340\364\343w\332\005Y\016\212,\2370\226\021Ig\222m"
 235      DA05590E 
 235      8A2C9F30 
 235      96114967 
 235      926D
 236 04bf E42C1F03 		.ascii	"\344,\037\003\274\237\302\237R\226\203\"\313\260\234"
 236      BC9FC29F 
 236      52968322 
 236      CBB09C
 237 04ce A8EB98C5 		.ascii	"\250\353\230\305\352\207\254\012\360F]J\261i\316\260"
 237      EA87AC0A 
 237      F0465D4A 
 237      B169CEB0 
 238 04de 1CFA98FD 		.ascii	"\034\372\230\375\267\305\223\355\274\333)\230x\274\254"
 238      B7C593ED 
 238      BCDB2998 
 238      78BCAC
 239 04ed 3586AF03 		.ascii	"5\206\257\003=\322a\353\314\207m\320`\376A\214O2?\214"
 239      3DD261EB 
 239      CC876DD0 
 239      60FE418C 
 239      4F323F8C 
 240 0501 C787866B 		.ascii	"\307\207\206k\030\370\257A\255ML\372\273\005\3350*\272"
 240      18F8AF41 
 240      AD4D4CFA 
 240      BB05DD30 
 240      2ABA
 241 0513 6184D1BC 		.ascii	"a\204\321\274\322\330^j'w\303\013\200?\247\3601JsT\244"
 241      D2D85E6A 
 241      2777C30B 
 241      803FA7F0 
 241      314A7354 
 242 0528 5954319A 		.ascii	"YT1\232&\316\036\204\346\343\354\276T-\316d4\262\314"
 242      26CE1E84 
 242      E6E3ECBE 
 242      542DCE64 
 242      34B2CC
 243 053b 91B53C1C 		.ascii	"\221\265<\034)$V3\211#\311\3668\227U\212\201t\342\201"
 243      29245633 
 243      8923C9F6 
 243      3897558A 
 243      8174E281 
 244 054f BCFDB4B8 		.ascii	"\274\375\264\270@\211KX\345\207\356\350h[\376&\311\315"
 244      40894B58 
 244      E587EEE8 
 244      685BFE26 
 244      C9CD
 245 0561 EED69602 		.ascii	"\356\326\226\002{\\\316*\213\007\352\252\3057Iex^_\244"
 245      7B5CCE2A 
 245      8B07EAAA 
 245      C5374965 
 245      785E5FA4 
 246 0575 1A57B1CA 		.ascii	"\032W\261\312\336\316'\021\216\270\236)5\325\373\177"
 246      DECE2711 
 246      8EB89E29 
ARM GAS  C:\Users\CYIRKO~1\AppData\Local\Temp\ccyjyymX.s 			page 19


 246      35D5FB7F 
 247 0585 879BD9F3 		.ascii	"\207\233\331\363\315G!\377\302^\012!\023t\325\331\202"
 247      CD4721FF 
 247      C25E0A21 
 247      1374D5D9 
 247      82
 248 0596 5398F92F 		.ascii	"S\230\371/\205\246\177\341\265\210\340\305\270\225\202"
 248      85A67FE1 
 248      B588E0C5 
 248      B89582
 249 05a5 175FEFCD 		.ascii	"\027_\357\315H\324\240\025\374\267\224\\\\W\234\021"
 249      48D4A015 
 249      FCB7945C 
 249      5C579C11 
 250 05b5 428204F3 		.ascii	"B\202\004\363\333\311/'\233C\004\341\200=jGN\250\021"
 250      DBC92F27 
 250      9B4304E1 
 250      803D6A47 
 250      4EA811
 251 05c8 268708E5 		.ascii	"&\207\010\345\322\331a\207nR7\255&\273U\366B\345\237"
 251      D2D96187 
 251      6E5237AD 
 251      26BB55F6 
 251      42E59F
 252 05db E01282D1 		.ascii	"\340\022\202\3213@\277\343h1\354\350\355\034t0\240\377"
 252      3340BFE3 
 252      6831ECE8 
 252      ED1C7430 
 252      A0FF
 253 05ed D744D124 		.ascii	"\327D\321$9\202\224\014=\233Y\327\245h2O\015\375\221"
 253      3982940C 
 253      3D9B59D7 
 253      A568324F 
 253      0DFD91
 254 0600 D986A8A0 		.ascii	"\331\206\250\240\017\334\266\030+\236W\022t\375\237"
 254      0FDCB618 
 254      2B9E5712 
 254      74FD9F
 255 060f 2CE83772 		.ascii	",\3507r\364k9\357\276?ZxO\313y\273\311\300c\022\360"
 255      F46B39EF 
 255      BE3F5A78 
 255      4FCB79BB 
 255      C9C06312 
 256 0624 941C3C29 		.ascii	"\224\034<)7\335$q\311+9z\334\202\216\341Y\270N\245\200"
 256      37DD2471 
 256      C92B397A 
 256      DC828EE1 
 256      59B84EA5 
 257 0639 24718165 		.ascii	"$q\201e\202T\0214\014.tD\351\212\016*W\240P\2200\220"
 257      82541134 
 257      0C2E7444 
 257      E98A0E2A 
 257      57A05090 
 258 064f 28906090 		.ascii	"(\220`\220\003 \341 \221 \207A\242A\366\203\034\002"
 258      0320E120 
 258      91208741 
 258      A241F683 
ARM GAS  C:\Users\CYIRKO~1\AppData\Local\Temp\ccyjyymX.s 			page 20


 258      1C02
 259 0661 0951AEA0 		.ascii	"\011Q\256\240;Q\346\2206\211C^\312\0352,w\337\004G\303"
 259      3B51E690 
 259      3689435E 
 259      CA1D322C 
 259      77DF0447 
 260 0676 028A6A38 		.ascii	"\002\212j8Z\\V\321\215y\356\223\364q@\336\307G\363l"
 260      5A5C56D1 
 260      8D79EE93 
 260      F47140DE 
 260      C747F36C 
 261 068a 4B023921 		.ascii	"K\0029!g\362\336\202f\313\323\375\011\247 A@\004\245"
 261      67F2DE82 
 261      66CBD3FD 
 261      09A72041 
 261      4004A5
 262 069d E04B93A5 		.ascii	"\340K\223\245S/&\235\217\012B\355*2\257\3026\205\331"
 262      532F269D 
 262      8F0A42ED 
 262      2A32AFC2 
 262      3685D9
 263 06b0 12675B38 		.ascii	"\022g[8\257\314\332\202\244\237\276\337}\003\341\024"
 263      AFCCDA82 
 263      A49FBEDF 
 263      7D03E114 
 264 06c0 155D0283 		.ascii	"\025]\002\203\312O5.B\256KY\033\215S\032\330\271\243"
 264      CA4F352E 
 264      42AE4B59 
 264      1B8D531A 
 264      D8B9A3
 265 06d3 63F0728C 		.ascii	"c\360r\214rv\001$-Z\217\013:\012\341\370s\204\206\214"
 265      72760124 
 265      2D5A8F0B 
 265      3A0AE1F8 
 265      7384868C 
 266 06e7 D5A88231 		.ascii	"\325\250\2021G\373\210\331-7ea\231\262b\225\366\364"
 266      47FB88D9 
 266      2D376561 
 266      99B26295 
 266      F6F4
 267 06f9 44027700 		.ascii	"D\002w\000WGu\306\362\245)\223l\226\032\037]\217\340"
 267      574775C6 
 267      F2A52993 
 267      6C961A1F 
 267      5D8FE0
 268 070c EB5A0AD1 		.ascii	"\353Z\012\321;\303_\270\343,\332E\024Q|\257K\265\340"
 268      3BC35FB8 
 268      E32CDA45 
 268      14517CAF 
 268      4BB5E0
 269 071f 547842C9 		.ascii	"TxB\311\247B7:\023\366\337\316/\\\314g\302`q&\264\240"
 269      A742373A 
 269      13F6DFCE 
 269      2F5CCC67 
 269      C2607126 
 270 0735 4D4A27F1 		.ascii	"MJ'\361\035\202\356K\352\273\357\200\213X;!\271\235"
 270      1D82EE4B 
ARM GAS  C:\Users\CYIRKO~1\AppData\Local\Temp\ccyjyymX.s 			page 21


 270      EABBEF80 
 270      8B583B21 
 270      B99D
 271 0747 5D7CAD3D 		.ascii	"]|\255=A8\204f\364T#\\\306*\337\036\350\352\300\330"
 271      41388466 
 271      F454235C 
 271      C62ADF1E 
 271      E8EAC0D8 
 272 075b CC9473A3 		.ascii	"\314\224s\243\205\301\234m4A\216\304\304E,\3065\254"
 272      85C19C6D 
 272      34418EC4 
 272      C4452CC6 
 272      35AC
 273 076d 322979F2 		.ascii	"2)y\362G\270\221=guf_\3443\355;\262.\276\010y\334\303"
 273      47B8913D 
 273      6775665F 
 273      E433ED3B 
 273      B22EBE08 
 274 0784 5FFC14D4 		.ascii	"_\374\024\324\374\362\220\347\374hd&\323\331T\346\300"
 274      FCF290E7 
 274      FC686426 
 274      D3D954E6 
 274      C0
 275 0795 27B885BD 		.ascii	"'\270\205\275Zw\366\362\024gC\232x~4l\310aA'\244\213"
 275      5A77F6F2 
 275      1467439A 
 275      787E346C 
 275      C8614127 
 276 07ab 4E4853B2 		.ascii	"NHS\262e\353\350\343\014G\371z\220\012A?\243$\360\014"
 276      65EBE8E3 
 276      0C47F97A 
 276      900A413F 
 276      A324F00C 
 277 07bf EA8574D1 		.ascii	"\352\205t\321\013\217R\253\306l\370\356\221\260<p\367"
 277      0B8F52AB 
 277      C66CF8EE 
 277      91B03C70 
 277      F7
 278 07d0 D8DFE36E 		.ascii	"\330\337\343nF\343dsr\230\032\0170e\312\024m\346\033"
 278      46E36473 
 278      72981A0F 
 278      3065CA14 
 278      6DE61B
 279 07e3 E241024C 		.ascii	"\342A\002L\2504\355\302/Y\335\300x\377#\204_3\345\376"
 279      A834EDC2 
 279      2F59DDC0 
 279      78FF2384 
 279      5F33E5FE 
 280 07f7 5057375F 		.ascii	"PW7_Dz\010p\360^\332\0235\376\300\221qe\025\032\034"
 280      447A0870 
 280      F05EDA13 
 280      35FEC091 
 280      7165151A 
 281 080c AAA64A4B 		.ascii	"\252\246JK\354\255x\025C>$\310\351\354\264i;\034\311"
 281      ECAD7815 
 281      433E24C8 
 281      E9ECB469 
ARM GAS  C:\Users\CYIRKO~1\AppData\Local\Temp\ccyjyymX.s 			page 22


 281      3B1CC9
 282 081f 2A874CF7 		.ascii	"*\207L\367R\034\3611\246\244\276)(\342\213\353\035\202"
 282      521CF131 
 282      A6A4BE29 
 282      28E28BEB 
 282      1D82
 283 0831 9CA97CFB 		.ascii	"\234\251|\373\320\001'\262\312'\315\331\30168\215)\027"
 283      D00127B2 
 283      CA27CDD9 
 283      C136388D 
 283      2917
 284 0843 D30BB338 		.ascii	"\323\013\2638\262\226 \237\233F\232\027\343\\V\2312"
 284      B296209F 
 284      9B469A17 
 284      E35C5699 
 284      32
 285 0854 1D736691 		.ascii	"\035sf\221\270\007\010\373!{\200\352\336\324\004\036"
 285      B80708FB 
 285      217B80EA 
 285      DED4041E 
 286 0864 443331F7 		.ascii	"D31\367\246\334\014m\0252s\246\003\225\007m\360%\246"
 286      A6DC0C6D 
 286      153273A6 
 286      0395076D 
 286      F025A6
 287 0877 1C09EEFA 		.ascii	"\034\011\356\372\216\001\177\011\332\241\023\031\321"
 287      8E017F09 
 287      DAA11319 
 287      D1
 288 0884 362CBA3D 		.ascii	"6,\272=d\231\375\320\0214\255d\325d\2536\271\277+j\341"
 288      6499FDD0 
 288      1134AD64 
 288      D564AB36 
 288      B9BF2B6A 
 289 0899 889AC588 		.ascii	"\210\232\305\210^e\021\275\235\026\035\254\222G\364"
 289      5E6511BD 
 289      9D161DAC 
 289      9247F4
 290 08a8 0A44B482 		.ascii	"\012D\264\202F\364\032\215\250Y\214hNCM\007\367\177"
 290      46F41A8D 
 290      A8598C68 
 290      4E434D07 
 290      F77F
 291 08ba 1849ACDC 		.ascii	"\030I\254\334\362\347\341\274\013\257\310\272\035Q\323"
 291      F2E7E1BC 
 291      0BAFC8BA 
 291      1D51D3
 292 08c9 9FB7982F 		.ascii	"\237\267\230/\244d\263\221}\2405\231\357=:\310\373O"
 292      A464B391 
 292      7DA03599 
 292      EF3D3AC8 
 292      FB4F
 293 08db 4BAFDED7 		.ascii	"K\257\336\327,\310\255Z\344V\305\270%4\337\010\265\225"
 293      2CC8AD5A 
 293      E456C5B8 
 293      2534DF08 
 293      B595
ARM GAS  C:\Users\CYIRKO~1\AppData\Local\Temp\ccyjyymX.s 			page 23


 294 08ed 73BB01DC 		.ascii	"s\273\001\334\256Sn5\224[\265\310m\350\365\343\031\015"
 294      AE536E35 
 294      945BB5C8 
 294      6DE8F5E3 
 294      190D
 295 08ff BECA3C96 		.ascii	"\276\312<\226Tt\354w\270\212=\347\214\306\244!|\213"
 295      5474EC77 
 295      B88A3DE7 
 295      8CC6A421 
 295      7C8B
 296 0911 2961BD07 		.ascii	")a\275\007\357\361\375\302;\272m\216\214ip\304\367X"
 296      EFF1FDC2 
 296      3BBA6D8E 
 296      8C6970C4 
 296      F758
 297 0923 65F5F1C4 		.ascii	"e\365\361\3048;\374\200)3O[Sy\337F\350W\216\251\344"
 297      383BFC80 
 297      29334F5B 
 297      5379DF46 
 297      E8578EA9 
 298 0938 12AE3B4B 		.ascii	"\022\256;Kv%\316|W\322\033\221\030\217p'{w*\262\302"
 298      7625CE7C 
 298      57D21B91 
 298      188F7027 
 298      7B772AB2 
 299 094d B4F0D9A7 		.ascii	"\264\360\331\247I\354\347y\226\010\357CJz\220\274\237"
 299      49ECE779 
 299      9608EF43 
 299      4A7A90BC 
 299      9F
 300 095e 77A09FB7 		.ascii	"w\240\237\267i?\357\321~6\211\375\014o\351\2700\007"
 300      693FEFD1 
 300      7E3689FD 
 300      0C6FE9B8 
 300      3007
 301 0970 7D49F911 		.ascii	"}I\371\021\364\275\201\323!|\270\337\241\037T\3707\003"
 301      F4BD81D3 
 301      217CB8DF 
 301      A11F54F8 
 301      3703
 302 0982 27F6CD40 		.ascii	"'\366\315@\334>9\363\355\323\370\221\350.\204\037\263"
 302      DC3E39F3 
 302      EDD3F891 
 302      E82E841F 
 302      B3
 303 0993 5E548EE5 		.ascii	"^T\216\345g\360wI\236\205\231\306\356,^\260Smb\247Z"
 303      67F07749 
 303      9E8599C6 
 303      EE2C5EB0 
 303      536D62A7 
 304 09a8 59F05ADF 		.ascii	"Y\360Z\337U\265\251\345\235z\0004\357S\232\355\224f"
 304      55B5A9E5 
 304      9D7A0034 
 304      EF539AED 
 304      9466
 305 09ba 9B48B3AB 		.ascii	"\233H\263\253\3204`+\357\324\202\350\310\252\213\325"
 305      D034602B 
ARM GAS  C:\Users\CYIRKO~1\AppData\Local\Temp\ccyjyymX.s 			page 24


 305      EFD482E8 
 305      C8AA8BD5 
 306 09ca 3C0D6B89 		.ascii	"<\015k\211>Yt!K\215\207\371xN\314,\320\340q\246\224"
 306      3E597421 
 306      4B8D87F9 
 306      784ECC2C 
 306      D0E071A6 
 307 09df BCC82E71 		.ascii	"\274\310.q\340c\214\246T\331\253z\276>h$\325\316\274"
 307      E0638CA6 
 307      54D9AB7A 
 307      BE3E6824 
 307      D5CEBC
 308 09f2 BAF248EA 		.ascii	"\272\362H\352:<\241\376\001\313C\277\330\335U\264\267"
 308      3A3CA1FE 
 308      01CB43BF 
 308      D8DD55B4 
 308      B7
 309 0a03 71157117 		.ascii	"q\025q\027\347M\214}\300\277\227\362\177L\371\367\213"
 309      E74D8C7D 
 309      C0BF97F2 
 309      7F4CF9F7 
 309      8B
 310 0a14 FCCFBF1E 		.ascii	"\374\317\277\036\277\254\225\367vAt\346@R\024\017\303"
 310      BFAC95F7 
 310      764174E6 
 310      4052140F 
 310      C3
 311 0a25 97A09E78 		.ascii	"\227\240\236x\177z\310\001\007\331P\222\317_L\3459\342"
 311      7F7AC801 
 311      07D95092 
 311      CF5F4CE5 
 311      39E2
 312 0a37 034C292B 		.ascii	"\003L)+)\257\346\235[E\006_\316\265\306E8\222\325ME"
 312      29AFE69D 
 312      5B45065F 
 312      CEB5C645 
 312      3892D54D 
 313 0a4c 9F2AB4C3 		.ascii	"\237*\264\3031LI\034\357|\312S\331\225\364:\365\344"
 313      314C491C 
 313      EF7CCA53 
 313      D995F43A 
 313      F5E4
 314 0a5e 513B7C9C 		.ascii	"Q;|\234\325\315D\207\231lq\"Sb\033cS\027\341\024\246"
 314      D5CD4487 
 314      996C7122 
 314      53621B63 
 314      5317E114 
 315 0a73 4C0EC6B6 		.ascii	"L\016\306\266\362Y\332^r\010q\346\207\020sF\354?\340"
 315      F259DA5E 
 315      720871E6 
 315      87107346 
 315      EC3FE0
 316 0a86 74067DD0 		.ascii	"t\006}\320\032r\211C\027\201\032}\263\373?\026\364\344"
 316      1A728943 
 316      17811A7D 
 316      B3FB3F16 
 316      F4E4
ARM GAS  C:\Users\CYIRKO~1\AppData\Local\Temp\ccyjyymX.s 			page 25


 317 0a98 6BD193AF 		.ascii	"k\321\223\257X\342\324\327\336:\254\222\037\223\307"
 317      58E2D4D7 
 317      DE3AAC92 
 317      1F93C7
 318 0aa7 C039A3D4 		.ascii	"\3009\243\3249o\250s^\213\316I5\005O\250\345\307\336"
 318      396FA873 
 318      5E8BCE49 
 318      35054FA8 
 318      E5C7DE
 319 0aba 05D1154D 		.ascii	"\005\321\025M\035\353p6\343\370\272\261\243\027\341"
 319      1DEB7036 
 319      E3F8BAB1 
 319      A317E1
 320 0ac9 3CA684DC 		.ascii	"<\246\204\334\254\313\260\305\205L\031>\327P\013s/S"
 320      ACCBB0C5 
 320      854C193E 
 320      D7500B73 
 320      2F53
 321 0adb FA07264A 		.ascii	"\372\007&J1\276\302\224\364\3413\207\355\360u\246\324"
 321      31BEC294 
 321      F4E13387 
 321      EDF075A6 
 321      D4
 322 0aec E4D6C5F3 		.ascii	"\344\326\305\363SX\016YJ\247:\256\276\264\347\016\371"
 322      53580E59 
 322      4AA73AAE 
 322      BEB4E70E 
 322      F9
 323 0afd 27B2DCDD 		.ascii	"'\262\334\335\272\332`\217\353(\370g\351\3619\245\266"
 323      BADA608F 
 323      EB28F867 
 323      E9F139A5 
 323      B6
 324 0b0e B387888F 		.ascii	"\263\207\210\217\375\226\262\233\253\250\263\243\300"
 324      FD96B29B 
 324      ABA8B3A3 
 324      C0
 325 0b1b 7424CEBA 		.ascii	"t$\316\272 \010\3416\3640p\0166aiXr\030\310\244\275"
 325      2008E136 
 325      F430700E 
 325      36616958 
 325      7218C8A4 
 326 0b30 CD436C13 		.ascii	"\315Cl\023\031\013/\214\205avx \271\325%\307w\316\301"
 326      190B2F8C 
 326      85617678 
 326      20B9D525 
 326      C777CEC1 
 327 0b44 D34D6704 		.ascii	"\323Mg\004\307\303V\006]\224\343\213\346\331o\213\220"
 327      C7C35606 
 327      5D94E38B 
 327      E6D96F8B 
 327      90
 328 0b55 D82F93E3 		.ascii	"\330/\223\343/\317\301\223\016L|g9\313L\311\341nr\364"
 328      2FCFC193 
 328      0E4C7C67 
 328      39CB4CC9 
 328      E16E72F4 
ARM GAS  C:\Users\CYIRKO~1\AppData\Local\Temp\ccyjyymX.s 			page 26


 329 0b69 5038B6C0 		.ascii	"P8\266\300\353\344pv\206\230\203\377\336\002\037\221"
 329      EBE47076 
 329      869883FF 
 329      DE021F91 
 330 0b79 C3FBE7C1 		.ascii	"\303\373\347\301\333\"%\346\363\344\370\363\363\310"
 330      DB2225E6 
 330      F3E4F8F3 
 330      F3C8
 331 0b87 578649F0 		.ascii	"W\206I\360\303r\374\220Rvn\033\222\232\317\221\303\263"
 331      C372FC90 
 331      52766E1B 
 331      929ACF91 
 331      C3B3
 332 0b99 E799AF97 		.ascii	"\347\231\257\227\342/\310\361\005\363\351H\361\205\326"
 332      E22FC8F1 
 332      05F3E948 
 332      F185D6
 333 0ba8 F1523A87 		.ascii	"\361R:\207$\360\0049\374\270\034>!\205\013X\006\217"
 333      24F00439 
 333      FCB81C3E 
 333      21850B58 
 333      068F
 334 0bba 93C3C724 		.ascii	"\223\303\307$\256\177)7\376\\\216\256\224\240'\345\350"
 334      AE7F2937 
 334      FE5C8EAE 
 334      94A027E5 
 334      E8
 335 0bcb 5E299A26 		.ascii	"^)\232&\361w\226\034\373`5i\244'\332\010\314\316M\260"
 335      F177961C 
 335      FB603569 
 335      A427DA08 
 335      CCCE4DB0 
 336 0bdf 69A1671D 		.ascii	"i\241g\035\202\026\2672\374\224%\365b\2234\250O\345"
 336      8216B732 
 336      FC9425F5 
 336      629334A8 
 336      4FE5
 337 0bf1 D69FC8B9 		.ascii	"\326\237\310\271\014I\007T\267\365\001%=\215K\307S\015"
 337      0C490754 
 337      B7F50125 
 337      3D8D4BC7 
 337      530D
 338 0c03 92C14BE6 		.ascii	"\222\301K\346\215\277\372p\011\376\203\034\3378/\007"
 338      8DBFFA70 
 338      09FE831C 
 338      DF382F07 
 339 0c13 FAA4514A 		.ascii	"\372\244QJ\222\323I\234\207o\2228\376\275\034~\177^"
 339      92D3499C 
 339      876F9238 
 339      FEBD1C7E 
 339      7F5E
 340 0c25 50A5E3AF 		.ascii	"P\245\343\257V\016\257\224w\266\362\020w=\234\000\320"
 340      560EAF94 
 340      77B6F210 
 340      773D9C00 
 340      D0
 341 0c36 590E17CF 		.ascii	"Y\016\027\317\005\350\364\034\353\3448\374=\\\202\340"
ARM GAS  C:\Users\CYIRKO~1\AppData\Local\Temp\ccyjyymX.s 			page 27


 341      05E8F41C 
 341      EBE438FC 
 341      3D5C82E0 
 342 0c46 F003E871 		.ascii	"\360\003\350q\216\026\347l~\224\220p\351\223f{\256\365"
 342      8E16E76C 
 342      7E949070 
 342      E993667B 
 342      AEF5
 343 0c58 D1244D5F 		.ascii	"\321$M_IG_X\317\3079~\221\372\361\224\034\177r\376X"
 343      49475F58 
 343      CFC7397E 
 343      91FAF194 
 343      1C7F72FE 
 344 0c6d 95989FB0 		.ascii	"\225\230\237\260\236\300s\340\322${f}\346\220N\253}"
 344      9EC073E0 
 344      D2247B66 
 344      7DE6904E 
 344      AB7D
 345 0c7f D269B554 		.ascii	"\322i\265T\216/\221'eS\270\004\336 \207\337\234\007"
 345      8E2F9127 
 345      6553B804 
 345      DE2087DF 
 345      9C07
 346 0c91 975A2FB7 		.ascii	"\227Z/\267>iK\\\331&\351\353;\3539\303\270K\277\001"
 346      3E694B5C 
 346      D926E9EB 
 346      3BEB39C3 
 346      B84BBF01 
 347 0ca5 CC4020A7 		.ascii	"\314@ \247i\035\201\223\017\0009\330\025\305\340\025"
 347      691D8193 
 347      0F0039D8 
 347      15C5E015 
 348 0cb5 2814241A 		.ascii	"(\024$\032\344\024\310\011\220\263 \211 \007A\216\200"
 348      E414C809 
 348      90B32089 
 348      2007418E 
 348      80
 349 0cc6 24838483 		.ascii	"$\203\204\203\244\200\034\003\311\003)\000\211\005\331"
 349      A4801C03 
 349      C9032900 
 349      8905D9
 350 0cd5 0F920E52 		.ascii	"\017\222\016R\010r\034\344\014\310y\220s \007@L \371"
 350      08721CE4 
 350      0CC87990 
 350      73200740 
 350      4C20F9
 351 0ce8 20592047 		.ascii	" Y GARAB@N\203\304\201d\202\004\203\034\002\211\004"
 351      41524142 
 351      404E83C4 
 351      81648204 
 351      831C0289 
 352 0cfd 29020903 		.ascii	")\002\011\003I\002\211\000\271\000\022\004\222\000\222"
 352      49028900 
 352      B9001204 
 352      920092
 353 0d0c 0D721224 		.ascii	"\015r\022$\027$\036\3440H\006H\024\026\277\027\305B"
 353      17241EE4 
ARM GAS  C:\Users\CYIRKO~1\AppData\Local\Temp\ccyjyymX.s 			page 28


 353      30480648 
 353      1416BF17 
 353      C542
 354 0d1e FE4E84F1 		.ascii	"\376N\204\361\234\357\200,~\310\275#nYQ\213|\210\214"
 354      9CEF802C 
 354      7EC8BD23 
 354      6E59518B 
 354      7C888C
 355 0d31 1D928CEF 		.ascii	"\035\222\214\357x\353\223\2604q\306\"$\211Sl}=\226D"
 355      78EB93B0 
 355      3471C622 
 355      2489536C 
 355      7D3D9644 
 356 0d45 B64F9A08 		.ascii	"\266O\232\010\365\326\027L\3514,\265\036$\207?\222\303"
 356      F5D6174C 
 356      E9342CB5 
 356      1E24873F 
 356      92C3
 357 0d57 EBA58324 		.ascii	"\353\245\203$\305\372 \221|\222\032\230f\237\244\000"
 357      C5FA2091 
 357      7C921A98 
 357      669FA400 
 358 0d67 35F79314 		.ascii	"5\367\223\024\261\325uH\272\223I\266>sIz\326&\355\331"
 358      B1D57548 
 358      BA9349B6 
 358      3E73497A 
 358      D626EDD9 
 359 0d7b 2DEB293E 		.ascii	"-\353)>gm\227\216\270A\353\323\372\234\215O8\217#\234"
 359      676D978E 
 359      B841EBD3 
 359      FA9C8D4F 
 359      388F239C 
 360 0d8f 27E9873F 		.ascii	"'\351\207?\202\027O\231|\252\233\035\241d\362\022\343"
 360      82174F99 
 360      7CAA9B1D 
 360      A164F212 
 360      E3
 361 0da0 3E00F847 		.ascii	">\000\370G\334\276\270yG=\363fR\351\354\225e}\337\266"
 361      DCBEB879 
 361      473DF366 
 361      52E9EC95 
 361      657DDFB6 
 362 0db4 DA62BD52 		.ascii	"\332b\275Rd\323\014\326\357r\270x\272\343\237\335%\326"
 362      64D30CD6 
 362      EF72B878 
 362      BAE39FDD 
 362      25D6
 363 0dc6 9BA4D6F3 		.ascii	"\233\244\326\363\255od\304\357{\215\335q\215*|\233\356"
 363      AD6F64C4 
 363      EF7B8DDD 
 363      718D2A7C 
 363      9BEE
 364 0dd8 4795777B 		.ascii	"G\225w{\337\034W\243\245\256\326F.*\201\001\373\227"
 364      DF1C57A3 
 364      A5AED646 
 364      2E2A8101 
 364      FB97
ARM GAS  C:\Users\CYIRKO~1\AppData\Local\Temp\ccyjyymX.s 			page 29


 365 0dea 3A785986 		.ascii	":xY\206V\037\306\301$C\213\241\227\027\361\354\027M"
 365      561FC6C1 
 365      24438BA1 
 365      9717F1EC 
 365      174D
 366 0dfc 92B0D457 		.ascii	"\222\260\324W\315\315\255\207\325\322\217\216\305\022"
 366      CDCDAD87 
 366      D5D28F8E 
 366      C512
 367 0e0a BF2A5029 		.ascii	"\277*P)f\037\035\341N><\335<\327\256\306\017\331\251"
 367      661F1DE1 
 367      4E3E3CDD 
 367      3CD7AEC6 
 367      0FD9A9
 368 0e1d E0CC6043 		.ascii	"\340\314`C\035?\204\375\230|\207:6\034\205\330\241`"
 368      1D3F84FD 
 368      987C873A 
 368      361C85D8 
 368      A160
 369 0e2f 901CB04F 		.ascii	"\220\034\260O7\214\037\327\342\001\206-\255x\276\206"
 369      378C1FD7 
 369      E201862D 
 369      AD78BE86 
 370 0e3f 41C97F21 		.ascii	"A\311\177!\356\236L\350C\013\036\223\256`~L\252\300"
 370      EE9E4CE8 
 370      430B1E93 
 370      AE607E4C 
 370      AAC0
 371 0e51 F498D4F2 		.ascii	"\364\230\324\362\256b\302\036\277\244\206T=\251c\317"
 371      AE62C21E 
 371      BFA48654 
 371      3DA963CF 
 372 0e61 6C90AB0B 		.ascii	"l\220\253\013BZ\020\332E\370i }\261\026]\305\230\017"
 372      425A10DA 
 372      45F86920 
 372      7DB1165D 
 372      C5980F
 373 0e74 40458200 		.ascii	"@E\202\000\346G\276'\305\326\376qi\206XW\322v\256c\027"
 373      E647BE27 
 373      C5D6FE71 
 373      69865857 
 373      D276AE63 
 374 0e89 740D1A4A 		.ascii	"t\015\032J\0204\264\204|s|\233\236\246\221\236\264\210"
 374      1034B484 
 374      7C737C9B 
 374      9EA6919E 
 374      B488
 375 0e9b ED32C05D 		.ascii	"\3552\300]\306\204\337\015\354$\262$\350\350\206\323"
 375      C684DF0D 
 375      EC24B224 
 375      E8E886D3 
 376 0eab EC9F82A4 		.ascii	"\354\237\202\244\215\260\217\266\001\350\343\335\011"
 376      8DB08FB6 
 376      01E8E3DD 
 376      09
 377 0eb8 9D5AA9ED 		.ascii	"\235Z\251\355\252\217\331.l\031\033\264\375I\252p\307"
 377      AA8FD92E 
ARM GAS  C:\Users\CYIRKO~1\AppData\Local\Temp\ccyjyymX.s 			page 30


 377      6C191BB4 
 377      FD49AA70 
 377      C7
 378 0ec9 2C98DBAF 		.ascii	",\230\333\257\254J\334o\026\202\327\241j\354\204\312"
 378      AC4ADC6F 
 378      1682D7A1 
 378      6AEC84CA 
 379 0ed9 219466B4 		.ascii	"!\224f\264\\\362\352%(\331\254T\240\032\374\023\305"
 379      5CF2EA25 
 379      28D9AC54 
 379      A01AFC13 
 379      C5
 380 0eea 12BFFFF6 		.ascii	"\022\277\377\366\335\261\336o\333\366\335\306\255\306"
 380      DDB1DE6F 
 380      DBF6DDC6 
 380      ADC6
 381 0ef8 1D81FE7B 		.ascii	"\035\201\376{5\377\376\253-\313t\253W+\264>>\373|\375"
 381      35FFFEAB 
 381      2DCB74AB 
 381      572BB43E 
 381      3EFB7CFD 
 382 0f0c 023F5FE3 		.ascii	"\002?_\343\023\370\215\361\027\336;v\371n\367\015\010"
 382      13F88DF1 
 382      17DE3B76 
 382      F96EF70D 
 382      08
 383 0f1d DCB7D3D7 		.ascii	"\334\267\323\327\337;\320\337\177w\200\367o\375\366"
 383      DF3BD0DF 
 383      7F7780F7 
 383      6FFDF6
 384 0f2c 2DA34FCB 		.ascii	"-\243O\313\266\355\335\263\314\270g\273q\347N\343N\357"
 384      B6EDDDB3 
 384      CCB867BB 
 384      71E74EE3 
 384      4EEF
 385 0f3e 2F567EBE 		.ascii	"/V~\276l\315\252\325k\377k\2657\224\377\324\317\337"
 385      6CCDAAD5 
 385      6BFF6BB5 
 385      3794FFD4 
 385      CFDF
 386 0f50 CFF853E3 		.ascii	"\317\370S\343\266\355\276\336\276~;v\357\333i\364\336"
 386      B6EDBEDE 
 386      BE7E3B76 
 386      EFDB69F4 
 386      DE
 387 0f61 B30D6CF9 		.ascii	"\263\015l\371\031\275}v\032\277\331\266ow\240O\340\267"
 387      19BD7D76 
 387      1ABFD9B6 
 387      6F77A04F 
 387      E0B7
 388 0f73 BF3706AC 		.ascii	"\2777\006\254\334\245\320\210\355\375\347\237\265\275"
 388      DCA5D088 
 388      EDFDE79F 
 388      B5BD
 389 0f81 806F03BC 		.ascii	"\200o\003\274}\002\002w\202qh\344\227\353\177\341\255"
 389      7D020277 
 389      827168E4 
ARM GAS  C:\Users\CYIRKO~1\AppData\Local\Temp\ccyjyymX.s 			page 31


 389      97EB7FE1 
 389      AD
 390 0f92 23B60DCC 		.ascii	"#\266\015\3146m\307?`\365\332/\334\374"
 390      366DC73F 
 390      60F5DA2F 
 390      DCFC
 391 0fa0 03DC766D 		.ascii	"\003\334vm\333\355\366{\377\275\201\001n;\374\367\354"
 391      DBEDF67B 
 391      FFBD8101 
 391      6E3BFCF7 
 391      EC
 392 0fb1 F1F77373 		.ascii	"\361\367ss\327o\322m\372\203\033\361\322\312\035\212"
 392      D76FD26D 
 392      FA831BF1 
 392      D2CA1D8A 
 393 0fc1 BF22770F 		.ascii	"\277\"w\017\337\000\213\273\\H\211\301\030h\3706 \320"
 393      DF008BBB 
 393      5C4889C1 
 393      1868F836 
 393      20D0
 394 0fd3 B867E336 		.ascii	"\270g\3436\277\235\273\215{\275\366\372\372\357\365"
 394      BF9DBB8D 
 394      7BBDF6FA 
 394      FAEFF5
 395 0fe2 0DFC963A 		.ascii	"\015\374\226:W\267\333\270m\257\227\321\017\332\377"
 395      57B7DBB8 
 395      6DAF97D1 
 395      0FDAFF
 396 0ff1 AD9D7EBD 		.ascii	"\255\235~\275a\275~\353z\217\177Uzz\331"
 396      61BD7EEB 
 396      7A8F7F55 
 396      7A7AD9
 397 1000 31077FE9 		.ascii	"1\007\177\351\023h\313\357\263\325?Sy\272\177\245\237"
 397      1368CBEF 
 397      B3D53F53 
 397      79BA7FA5 
 397      9F
 398 1011 553F5779 		.ascii	"U?Wy\352\274,\352\032\225\247\301K\257\3213m5T\256\267"
 398      EABC2CEA 
 398      1A95A7C1 
 398      4BAFD133 
 398      6D3554AE 
 399 1026 54AE82CA 		.ascii	"T\256\202\312\365z\225a\263\247\336\375\243]\345\035"
 399      F57A9561 
 399      B3A7DEFD 
 399      A35DE51D 
 400 1036 34FE21D0 		.ascii	"4\376!\320M\267\311\340ip\343\376\202\212\275F\237\035"
 400      4DB7C9E0 
 400      6970E3FE 
 400      828ABD46 
 400      9F1D
 401 1048 7BD682B3 		.ascii	"{\326\202\263\354~\265\325S\347\263\031\3423k\377K\033"
 401      EC7EB5D5 
 401      53E7B319 
 401      E2336BFF 
 401      4B1B
 402 105a F78D5F19 		.ascii	"\367\215_\031tz\225\316]\247'\317^p\363\330\254\333"
ARM GAS  C:\Users\CYIRKO~1\AppData\Local\Temp\ccyjyymX.s 			page 32


 402      747A95CE 
 402      5DA727CF 
 402      5E70F3D8 
 402      ACDB
 403 106c 04374F7A 		.ascii	"\0047Oz\233\205\256\265\361\320\351<\015\277\321\220"
 403      9B85AEB5 
 403      F1D0E93C 
 403      0DBFD190 
 404 107c DBA6ADEE 		.ascii	"\333\246\255\356:5<\030~c\013W\242\361\373\026(\365"
 404      3A353C18 
 404      7E630B57 
 404      A2F1FB16 
 404      28F5
 405 108e A4A51463 		.ascii	"\244\245\024c\353I\357[f\255|AJ\334\277\376z\213z\323"
 405      EB49EF5B 
 405      66AD7C41 
 405      4ADCBFFE 
 405      7A8B7AD3 
 406 10a2 D60DFA35 		.ascii	"\326\015\3725\364\272\232^W\251u^\204\204\316`X\377"
 406      F4BA9A5E 
 406      57A9755E 
 406      8484CE60 
 406      58FF
 407 10b4 35DC7406 		.ascii	"5\334t\006O\017=\326m\326\253u_\303\223\255\247\207"
 407      4F0F3DD6 
 407      6DD6AB75 
 407      5FC393AD 
 407      A787
 408 10c6 8FA7C11D 		.ascii	"\217\247\301\035hy\370l\332@o\356\354\346\301n^\033"
 408      6879F86C 
 408      DA406FEE 
 408      ECE6C16E 
 408      5E1B
 409 10d8 F42AF70D 		.ascii	"\364*\367\015\006\275\352\253\015\356z\365\246MpUy\020"
 409      06BDEAAB 
 409      0DEE7AF5 
 409      A64D7055 
 409      7910
 410 10ea 7D23B9E8 		.ascii	"}#\271\350\340\2426l\324\301\243a\243\027\330\325\351"
 410      E0A2366C 
 410      D4C1A361 
 410      A317D8D5 
 410      E9
 411 10fb 31F45BED 		.ascii	"1\364[\355\356\251\207\336o\335\374k=8\036 :\257-\236"
 411      EEA987DE 
 411      6FDDFC6B 
 411      3D381E20 
 411      3AAF2D9E 
 412 110f 1E6AF7AF 		.ascii	"\036j\367\257\000\2561\350\276\242\336r\360\361\371"
 412      00AE31E8 
 412      BEA2DE72 
 412      F0F1F9
 413 111e 669FDF0E 		.ascii	"f\237\337\016\037\237\225k\327\376\374\347\032QS\355"
 413      1F9F956B 
 413      D7FEFCE7 
 413      1A5153ED 
 414 112e D8B56DEF 		.ascii	"\330\265m\357\377\003a\017\364E"
ARM GAS  C:\Users\CYIRKO~1\AppData\Local\Temp\ccyjyymX.s 			page 33


 414      FF03610F 
 414      F445
 415              		.text
 416              		.section	.gnu.lto_.symtab.956e139d,"",%progbits
 417 0000 6E766963 		.ascii	"nvicEnableVector\000"
 417      456E6162 
 417      6C655665 
 417      63746F72 
 417      00
 418 0011 00       		.ascii	"\000"
 419 0012 00       		.ascii	"\000"
 420 0013 00       		.ascii	"\000"
 421 0014 00000000 		.ascii	"\000\000\000\000\000\000\000\000"
 421      00000000 
 422 001c BA000000 		.ascii	"\272\000\000\000"
 423 0020 6E766963 		.ascii	"nvicDisableVector\000"
 423      44697361 
 423      626C6556 
 423      6563746F 
 423      7200
 424 0032 00       		.ascii	"\000"
 425 0033 00       		.ascii	"\000"
 426 0034 00       		.ascii	"\000"
 427 0035 00000000 		.ascii	"\000\000\000\000\000\000\000\000"
 427      00000000 
 428 003d BE000000 		.ascii	"\276\000\000\000"
 429 0041 6E766963 		.ascii	"nvicSetSystemHandlerPriority\000"
 429      53657453 
 429      79737465 
 429      6D48616E 
 429      646C6572 
 430 005e 00       		.ascii	"\000"
 431 005f 00       		.ascii	"\000"
 432 0060 00       		.ascii	"\000"
 433 0061 00000000 		.ascii	"\000\000\000\000\000\000\000\000"
 433      00000000 
 434 0069 C0000000 		.ascii	"\300\000\000\000"
 435 006d 6E766963 		.ascii	"nvicClearPending\000"
 435      436C6561 
 435      7250656E 
 435      64696E67 
 435      00
 436 007e 00       		.ascii	"\000"
 437 007f 00       		.ascii	"\000"
 438 0080 00       		.ascii	"\000"
 439 0081 00000000 		.ascii	"\000\000\000\000\000\000\000\000"
 439      00000000 
 440 0089 C2000000 		.ascii	"\302\000\000\000"
 441              		.text
 442              		.section	.gnu.lto_.opts,"",%progbits
 443 0000 272D666D 		.ascii	"'-fmath-errno' '-fsigned-zeros' '-ftrapping-math' '"
 443      6174682D 
 443      6572726E 
 443      6F272027 
 443      2D667369 
 444 0033 2D666E6F 		.ascii	"-fno-trapv' '-fno-openmp' '-fno-openacc' '-mcpu=cor"
 444      2D747261 
ARM GAS  C:\Users\CYIRKO~1\AppData\Local\Temp\ccyjyymX.s 			page 34


 444      70762720 
 444      272D666E 
 444      6F2D6F70 
 445 0066 7465782D 		.ascii	"tex-m7' '-mno-thumb-interwork' '-mthumb' '-ggdb' '-"
 445      6D372720 
 445      272D6D6E 
 445      6F2D7468 
 445      756D622D 
 446 0099 4F322720 		.ascii	"O2' '-fomit-frame-pointer' '-falign-functions=16' '"
 446      272D666F 
 446      6D69742D 
 446      6672616D 
 446      652D706F 
 447 00cc 2D666675 		.ascii	"-ffunction-sections' '-fdata-sections' '-fno-common"
 447      6E637469 
 447      6F6E2D73 
 447      65637469 
 447      6F6E7327 
 448 00ff 2720272D 		.ascii	"' '-flto'\000"
 448      666C746F 
 448      2700
 449              		.text
 450              		.comm	__gnu_lto_v1,1,1
 451              		.comm	__gnu_lto_slim,1,1
 452              		.ident	"GCC: (GNU Tools for ARM Embedded Processors 6-2017-q1-update) 6.3.1 20170215 (release) [AR
ARM GAS  C:\Users\CYIRKO~1\AppData\Local\Temp\ccyjyymX.s 			page 35


DEFINED SYMBOLS
                            *ABS*:00000000 nvic.c
                            *COM*:00000001 __gnu_lto_v1
                            *COM*:00000001 __gnu_lto_slim

NO UNDEFINED SYMBOLS
