ARM GAS  C:\Users\CYIRKO~1\AppData\Local\Temp\ccfmMKsk.s 			page 1


   1              		.cpu cortex-m7
   2              		.eabi_attribute 20, 1
   3              		.eabi_attribute 21, 1
   4              		.eabi_attribute 23, 3
   5              		.eabi_attribute 24, 1
   6              		.eabi_attribute 25, 1
   7              		.eabi_attribute 26, 1
   8              		.eabi_attribute 30, 2
   9              		.eabi_attribute 34, 1
  10              		.eabi_attribute 18, 4
  11              		.file	"Serial_Init.c"
  12              		.text
  13              	.Ltext0:
  14              		.section	.gnu.lto_.profile.b6e2322,"",%progbits
  15 0000 789C6365 		.ascii	"x\234ce`b`a```d\320\342\003\000\000\342\000E"
  15      60626061 
  15      60606064 
  15      D0E20300 
  15      00E20045 
  16              		.text
  17              		.section	.gnu.lto_.icf.b6e2322,"",%progbits
  18 0000 789C6365 		.ascii	"x\234ce`b\340c@\000&\206\231'O\254\345`\332\275{\375"
  18      6062E063 
  18      40002686 
  18      99274FAC 
  18      E560DABD 
  19 0016 0B2E0600 		.ascii	"\013.\006\000.\007\006\020"
  19      2E070610 
  20              		.text
  21              		.section	.gnu.lto_.jmpfuncs.b6e2322,"",%progbits
  22 0000 789C6365 		.ascii	"x\234ce`b\330\314\200\000\214@\314\3068\235\231\361"
  22      6062D8CC 
  22      80008C40 
  22      CCC6389D 
  22      99F1
  23 0012 F6FAB3AF 		.ascii	"\366\372\263\2579\372\230\3473306,\350h`a\\\316(\303"
  23      39FA98E7 
  23      33333036 
  23      2CE86860 
  23      615CCE28 
  24 0027 C0C8C100 		.ascii	"\300\310\301\000\222\333\366\354\3441.\220\034#c\003"
  24      92DBF6EC 
  24      E4312E90 
  24      1C236303 
  25 0037 23E30AA0 		.ascii	"#\343\012\240\004X\270w\343\204\013\314 a&\306&\016"
  25      0458B877 
  25      E3840BCC 
  25      206126C6 
  25      260E
  26 0049 C6952061 		.ascii	"\306\225 a6Fd}\353^\354\237\003\323\307\304\270\012"
  26      3646647D 
  26      EB5EEC9F 
  26      03D3C7C4 
  26      B80A
  27 005b AC0FA28E 		.ascii	"\254\017\242\216\005$\275s\347\233\333\354\365\177\033"
  27      0524BD73 
  27      E79BDBEC 
ARM GAS  C:\Users\CYIRKO~1\AppData\Local\Temp\ccfmMKsk.s 			page 2


  27      F57F1B
  28 006a 38E63333 		.ascii	"8\34633/f\0069f5c=\003#\013Xo\363\257\375\237\371\200"
  28      2F660639 
  28      6635633D 
  28      03230B58 
  28      6FF3AFFD 
  29 0081 9212F399 		.ascii	"\222\022\363\231Y\0263\003\235\311\270\006\"\311\000"
  29      59163303 
  29      9DC9B806 
  29      22C900
  30 0090 0064702D 		.ascii	"\000dp-f"
  30      66
  31              		.text
  32              		.section	.gnu.lto_.inline.b6e2322,"",%progbits
  33 0000 789C6365 		.ascii	"x\234ce`b\320a@\000F\006\006\001-F\006&\226\005\362"
  33      6062D061 
  33      40004606 
  33      06012D46 
  33      06269605 
  34 0015 0C6C0BE4 		.ascii	"\014l\013\344\231@b,\274\014\014\314H43\017\003\003"
  34      9940622C 
  34      BC0C0CCC 
  34      4834330F 
  34      0303
  35 0027 4802004B 		.ascii	"H\002\000K%\0025"
  35      250235
  36              		.text
  37              		.section	.gnu.lto_.pureconst.b6e2322,"",%progbits
  38 0000 789C6365 		.ascii	"x\234ce`b`f```d\220\002\000\000\206\000&"
  38      60626066 
  38      60606064 
  38      90020000 
  38      860026
  39              		.text
  40              		.section	.gnu.lto_sd7_init.b6e2322,"",%progbits
  41 0000 789C7D92 		.ascii	"x\234}\222\315k\023A\030\306\347\331\311\307&6i\320"
  41      CD6B1341 
  41      18C6E7D9 
  41      C9C72636 
  41      69D0
  42 0012 4BC11CBC 		.ascii	"K\301\034\274\346b\376\003={\366\017\020\025\017E\361"
  42      E662FE03 
  42      3D7BF60F 
  42      10150F45 
  42      F1
  43 0023 20DE7752 		.ascii	" \336wRm\033\342W\012j\223\242l `bc\023\3236\325X51"
  43      6D1BE257 
  43      0A6A93A2 
  43      6C206062 
  43      6313D336 
  44 003b 866A4553 		.ascii	"\206jES\021\213\207@\301\242A\233V\024s\260\205\246"
  44      118B8740 
  44      C1A2419B 
  44      561473B0 
  44      85A6
  45 004d BE3349C3 		.ascii	"\2763I\303*\342\300\262\313\363\274\363\274\277yw\354"
  45      2AE2C0B2 
ARM GAS  C:\Users\CYIRKO~1\AppData\Local\Temp\ccfmMKsk.s 			page 3


  45      CBF3BCF3 
  45      BCBF7977 
  45      EC
  46 005e 4C632738 		.ascii	"Lc'8c>\306\330~z\300\031\264h\215\261\220\256\001\362"
  46      633EC6D8 
  46      7E7AC019 
  46      B4688DB1 
  46      90AE01F2 
  47 0072 43E86086 		.ascii	"C\350`\206\006\003\327\3708Ge\264Q\324\002)A\253<\376"
  47      0603D7F8 
  47      384765B4 
  47      51D40229 
  47      41AB3CFE 
  48 0086 7D40A4CB 		.ascii	"}@\244\3130i{\234\036\271\220B\200Q\331j\276}\303\343"
  48      30697B9C 
  48      1EB99042 
  48      8051D96A 
  48      BE7DC3E3 
  49 009a B07574A4 		.ascii	"\260ut\244\341\000\275s\357P\026\355\235QQ\256\355\213"
  49      E100BD73 
  49      EF5016ED 
  49      9D5151AE 
  49      ED8B
  50 00ac EC753216 		.ascii	"\354u2\026!W\266\270\3045\371\346M\014'\232\001Y.3\212"
  50      2157B6B8 
  50      C435F9E6 
  50      4D0C279A 
  50      01592E33 
  51 00c1 C5F5BAD3 		.ascii	"\305\365\272\323\330\026\272\311\021\347\024\200\273"
  51      D816BAC9 
  51      11E71480 
  51      BB
  52 00ce 30A47173 		.ascii	"0\244qs\270\262\344\274\312M\256\341\257:-)\373\221"
  52      B8B2E4BC 
  52      CA4DAEE1 
  52      AF3A2D29 
  52      FB91
  53 00e0 B6F67AB9 		.ascii	"\266\366z\271\3526q\233\34082\004?\011\2772\022[\233"
  53      EA36719B 
  53      E0383204 
  53      3F09BF32 
  53      125B9B
  54 00f3 CB7D541C 		.ascii	"\313}T\034\026\342\200\014\270\007\023\252!\246`X\263"
  54      16E2800C 
  54      B80713AA 
  54      21A66058 
  54      B3
  55 0104 6D2AFBC2 		.ascii	"m*\373\302V\351\247\227\312\007HHJ\006\322\026'2\247"
  55      56E9A797 
  55      CA074848 
  55      4A06D216 
  55      2732A7
  56 0117 293AE433 		.ascii	"):\3443\271\0359\312\316v\263w\326\246\263.*\216\251"
  56      B91D39CA 
  56      CE76B377 
  56      D6A6B32E 
  56      2A8EA9
ARM GAS  C:\Users\CYIRKO~1\AppData\Local\Temp\ccfmMKsk.s 			page 4


  57 012a 6C1BEEF7 		.ascii	"l\033\356\367\262\3630L\356`M\214$6\360\217\3639\343"
  57      B2F3304C 
  57      EE604D8C 
  57      2436F08F 
  57      F339E3
  58 013d 340186E9 		.ascii	"4\001\206\351\316\371\352\2717M]2\350\020\211\260\260"
  58      CEF9EAB9 
  58      374D5D32 
  58      E81089B0 
  58      B0
  59 014e 61067E92 		.ascii	"a\006~\222\263_J\267\334RvAh\230U\332\225|\364-\227"
  59      B35F4AB7 
  59      DC527641 
  59      689855DA 
  59      957CF42D 
  60 0163 9A1B433A 		.ascii	"\232\033C:\012\360\233|\217j\363\343?m\346\250M7s\256"
  60      0AF09B7C 
  60      8F6AF3E3 
  60      3F6DE6A8 
  60      4D3773AE 
  61 0177 B1B8B09B 		.ascii	"\261\270\260\233\011<\200\1777\343+*\255\364!\231a\035"
  61      093C807F 
  61      37E32B2A 
  61      ADF42199 
  61      611D
  62 0189 8AAE86D2 		.ascii	"\212\256\206\322\252\257\326\320\345\243A\332H\012\025"
  62      AAAFD6D0 
  62      E5A341DA 
  62      480A15
  63 0198 3E8DC979 		.ascii	">\215\311y\207\204:{\037\212\024\365\260;\227\355_\037"
  63      87843A7B 
  63      1F8A14F5 
  63      B03B97ED 
  63      5F1F
  64 01aa C7FA8353 		.ascii	"\307\372\203S\342bHz\036<\242\271\304\324\205\221\027"
  64      E262487A 
  64      1E3CA2B9 
  64      C4D48591 
  64      17
  65 01bb EADBE74D 		.ascii	"\352\333\347M\275gz1\217`L\016Zz/W\356,8z^?\036KO\223"
  65      BD677A31 
  65      8F604C0E 
  65      5A7A2F57 
  65      EE2C387A 
  66 01d5 37EA0982 		.ascii	"7\352\011\202\344O\314\267^\331%\210\017:\236R7E}\270"
  66      E44FCCB7 
  66      5ED92588 
  66      0F3A9E52 
  66      37457DB8 
  67 01e9 4B7DBD12 		.ascii	"K}\275\022\177\357\351bF;\230\037\032\311?1K\026\314"
  67      7FEFE962 
  67      463B981F 
  67      1AC93F31 
  67      4B16CC
  68 01fc C9D6E519 		.ascii	"\311\326\345\031\227\005\263l\305\314\210\225\202\303"
  68      9705B36C 
  68      C5CC8895 
ARM GAS  C:\Users\CYIRKO~1\AppData\Local\Temp\ccfmMKsk.s 			page 5


  68      82C3
  69 020a 82F9CC82 		.ascii	"\202\371\314\202\331^\012\247\234\026\314J\017\363\271"
  69      D95E0AA7 
  69      9C16CC4A 
  69      0FF3B9
  70 0219 C29CADBE 		.ascii	"\302\234\255\276\030\321;\230@\225\272m`(\221t\253\037"
  70      18D13B98 
  70      4095BA6D 
  70      60289174 
  70      AB1F
  71 022b 24578482 		.ascii	"$W\204\202\350\372\323\016\357\321S\347\006\217\237"
  71      E8FAD30E 
  71      EFD153E7 
  71      068F9F
  72 023a 3976E4EC 		.ascii	"9v\344\354\340\371\203'\331o\363x\037\264"
  72      E0F98327 
  72      D96FF378 
  72      1FB4
  73              		.text
  74              		.section	.gnu.lto_UARTcfg.b6e2322,"",%progbits
  75 0000 789C6365 		.ascii	"x\234ce`b\010f```d\200\200\351\314\214\353\337\354\374"
  75      60620866 
  75      60606064 
  75      8080E9CC 
  75      8CEBDFEC 
  76 0015 C9DBC73C 		.ascii	"\311\333\307<\237\031(\010\344\356\271sb\021\033\204"
  76      9F192808 
  76      E4EEB973 
  76      62111B84 
  77 0025 DB701A24 		.ascii	"\333p\032$\360e\343\316\016\016\213m\015\035\013\032"
  77      F065E3CE 
  77      0E0E8B6D 
  77      0D1D0B1A 
  78 0035 1CE63333 		.ascii	"\034\34633\316\000J\254`\224\231\301\314\310\270\034"
  78      CE004AAC 
  78      609499C1 
  78      CCC8B81C 
  79 0045 44314128 		.ascii	"D1A(f\020\305\300\270\222\321\202\001\000\370\342\031"
  79      6610C5C0 
  79      B892D182 
  79      0100F8E2 
  79      19
  80 0056 93       		.ascii	"\223"
  81              		.text
  82              		.section	.gnu.lto_.symbol_nodes.b6e2322,"",%progbits
  83 0000 789C6365 		.ascii	"x\234ce`b\210g\000\002\246\271L\365\014\014\023\316"
  83      60628867 
  83      0002A6B9 
  83      4CF50C0C 
  83      13CE
  84 0012 313000A9 		.ascii	"10\000\251]\015\216\014\014\254\363\231\030\024\200"
  84      5D0D8E0C 
  84      0CACF399 
  84      181480
  85 0021 32AC7398 		.ascii	"2\254s\230\030\033\224\030\030\230\031\0270\3253\202"
  85      181B9418 
  85      18981917 
ARM GAS  C:\Users\CYIRKO~1\AppData\Local\Temp\ccfmMKsk.s 			page 6


  85      30D53382 
  86 0031 95303034 		.ascii	"\22500448000\316c\252gB\026`f`aX\362\340\037#3\220u"
  86      34383030 
  86      30CE63AA 
  86      67421660 
  86      66606158 
  87 004c 044A3F01 		.ascii	"\004J?\001\322\014\000\327\225\026k"
  87      D20C00D7 
  87      95166B
  88              		.text
  89              		.section	.gnu.lto_.refs.b6e2322,"",%progbits
  90 0000 789C6365 		.ascii	"x\234ce`b\340d`\000\222L\214\214LL\214\014\000\0014"
  90      6062E064 
  90      6000924C 
  90      8C8C4C4C 
  90      8C0C0001 
  91 0015 001C     		.ascii	"\000\034"
  92              		.text
  93              		.section	.gnu.lto_.decls.b6e2322,"",%progbits
  94 0000 789CB57B 		.ascii	"x\234\265{\013TTYvv\235{\356\255*\212\002\0345\023W"
  94      0B545459 
  94      76769D7B 
  94      EEAD2A8A 
  94      021C3513 
  95 0015 E24A7A4D 		.ascii	"\342JzMH\017+\223i\3336\351\236Lf\376\277;\3323\323"
  95      480F2B93 
  95      69DB36E9 
  95      9E4C66FE 
  95      BF3BDA33 
  96 002a C9F468D0 		.ascii	"\311\364h\320\236\254\254\230\260\020J%#\017\253\212"
  96      9EACAC98 
  96      B0104A25 
  96      230FAB8A 
  97 003a 6E3B6BE5 		.ascii	"n;k\345\237\342\241\202/\036\242\002\002\"\210\212\340"
  97      9FE2A182 
  97      2F1EA202 
  97      0222888A 
  97      E0
  98 004b 03451179 		.ascii	"\003E\021y\012\012\010\210\012\370\002\345%\202 oZ\004"
  98      0A0A0888 
  98      0AF802E5 
  98      2582206F 
  98      5A04
  99 005d 44F8F739 		.ascii	"D\370\3679\347V\335[\305-\333\236\374?\213]u\317\271"
  99      E756DD5B 
  99      C52DDB9E 
  99      FC3F8B5D 
  99      75CFB9
 100 0070 FBECFD9D 		.ascii	"\373\354\375\235}\366\336\347qo\011*N\265\366\023\225"
 100      7DF6DEE7 
 100      716F092A 
 100      4EB5F613 
 100      95
 101 0081 6A46AB52 		.ascii	"jF\253Ri\221J5\007\177X\245R\235\006\022\200\006\200"
 101      69914A35 
 101      077F58A5 
 101      529D0612 
ARM GAS  C:\Users\CYIRKO~1\AppData\Local\Temp\ccfmMKsk.s 			page 7


 101      800680
 102 0094 7E083404 		.ascii	"~\0104\004\3645\247RE\001\221?\302\263\027\256\223\200"
 102      F435A752 
 102      4501913F 
 102      C2B317AE 
 102      9380
 103 00a6 D2804875 		.ascii	"\322\200Hu:|d\210\367\255\177\177\012B\276\007\337\277"
 103      3A7C6488 
 103      F7AD7F7F 
 103      0A42BE07 
 103      DFBF
 104 00b8 05CAE498 		.ascii	"\005\312\344\230\214m\242\234\235@\251@\3078{=\211P"
 104      8C6DA29C 
 104      9D40A940 
 104      C7387B3D 
 104      8950
 105 00ca EE87EFDB 		.ascii	"\356\207\357\333@Yp}\034\350]Qg\017P=P\255\014C\232"
 105      4059707D 
 105      1CE85D51 
 105      670F503D 
 105      50AD0C43 
 106 00df 88C31986 		.ascii	"\210\303\031\206O\005v\217\310':y\370\376?\360\375{"
 106      4F05768F 
 106      C8273A79 
 106      F8FE3FF0 
 106      FD7B
 107 00f1 200B5098 		.ascii	" \013P\230\003\277\365\357\020F\355S'\177\361^\256\205"
 107      03BFF5EF 
 107      1046ED53 
 107      277FF15E 
 107      AE85
 108 0103 FD6939E9 		.ascii	"\375i9\351\306\235\310s)x\037F\013u\210\207\342\350"
 108      C69DC873 
 108      29781F46 
 108      0B758887 
 108      E2E8
 109 0115 CDE427EE 		.ascii	"\315\344'\356P\\\254C\357@\361\360\370\343>\027v\327"
 109      505CAC43 
 109      EF40F1F0 
 109      F8E33E17 
 109      76D7
 110 0127 4B767721 		.ascii	"Kvw!\273;y\264;\236\303\256\210\310y\\\223\235C\344"
 110      BB3B79B4 
 110      3B9EC3AE 
 110      88C8795C 
 110      939D43E4 
 111 013b FC508788 		.ascii	"\374P\207\210\351=\240\352\354@\341\224\033\253\"\034"
 111      E93DA0EA 
 111      EC40E194 
 111      1BAB221C 
 112 014b 8D3163C7 		.ascii	"\2151c\3074x\001\271\346\222j\357W\360\310Kw\234\300"
 112      347801B9 
 112      E6926AEF 
 112      57F0C84B 
 112      779CC0
 113 015e 296F1FFF 		.ascii	")o\037\377a\334N\213\205CyH\207\316\"\214N\240\367\000"
 113      61DC4E8B 
ARM GAS  C:\Users\CYIRKO~1\AppData\Local\Temp\ccfmMKsk.s 			page 8


 113      85437948 
 113      87CE228C 
 113      4EA0F700 
 114 0172 1D3484CF 		.ascii	"\0354\204\317(\213%\334\022\033aq\371\225\012e\243\245"
 114      288B25DC 
 114      121B6171 
 114      F9950A65 
 114      A3A5
 115 0184 E8245AAA 		.ascii	"\350$Z\252B\347\220\027\021K\370\320\031\250<\015\225"
 115      42E79017 
 115      114BF8D0 
 115      19A83C0D 
 115      95
 116 0195 A022FB58 		.ascii	"\240\"\373X\\\206\032\207#\252\243\252\264\365\001\217"
 116      5C861A87 
 116      23AAA3AA 
 116      B4F5018F 
 117 01a5 745E8A02 		.ascii	"t^\212\002\362\025\004\210`\262\177P\265\235\200\271"
 117      F2150488 
 117      60B27F50 
 117      B59D80B9 
 118 01b5 0060CE4B 		.ascii	"\000`\316K`\000\033\263XT\356\276J\254\003\251\021o"
 118      60001BB3 
 118      5854EEBE 
 118      4AAC03A9 
 118      116F
 119 01c7 25155A9C 		.ascii	"%\025Z\234\233K\350p\303\275\024\026\032\212|\332\341"
 119      9B4BE870 
 119      C3BD1416 
 119      1A8A7CDA 
 119      E1
 120 01d8 CA6CB804 		.ascii	"\312l\270\004\212\247'\333/\011x\200\335\333\233PQ\301"
 120      8AA727DB 
 120      2F097880 
 120      DDDB9B50 
 120      51C1
 121 01ea E35156C8 		.ascii	"\343QV\310L\212\333)\340\011V\310\216\217=\247\303\223"
 121      4C8ADB29 
 121      E00956C8 
 121      8E8F3DA7 
 121      C393
 122 01fc ACD03852 		.ascii	"\254\3208R\237\352\312\006i\001\024\257\317\275,\367"
 122      9FEACA06 
 122      690114AF 
 122      CFBD2CF7 
 123 020c 60123928 		.ascii	"`\0229(&\236\272?\355\202\247\031k\326\364\253\0212"
 123      269EBA3F 
 123      ED82A719 
 123      6BD6F4AB 
 123      1132
 124 021e 2CEF9261 		.ascii	",\357\222a\301\262Ay\227\015JY\335\215\343z\014\275"
 124      C1B24179 
 124      970D4A59 
 124      DD8DE37A 
 124      0CBD
 125 0230 25168B3D 		.ascii	"%\026\213=\232\263\333\305j1\350\236\340\245B\305\320"
 125      9AB3DBC5 
ARM GAS  C:\Users\CYIRKO~1\AppData\Local\Temp\ccfmMKsk.s 			page 9


 125      6A31E89E 
 125      E0A542C5 
 125      D0
 126 0241 8D12D2B7 		.ascii	"\215\022\322\267J\350\333\273b\337\312\241\262L\262"
 126      4AE8DBBB 
 126      62DFCAA1 
 126      B24CB2
 127 0250 D8853F2B 		.ascii	"\330\205?+\264X\026\240\0120\330U\311`\357\212\366*"
 127      B45816A0 
 127      0A30D855 
 127      C960EF8A 
 127      F62A
 128 0262 8D6BEDD1 		.ascii	"\215k\355\321\341\335L\305L\304\301a\331\300g\177p\215"
 128      E1DD4CC5 
 128      4CC4C161 
 128      D9C0677F 
 128      708D
 129 0274 DABA0A9A 		.ascii	"\332\272\012\232^\223\232V \333\310;\302\270\256\000"
 129      5E939A56 
 129      20DBC83B 
 129      C2B8AE00 
 130 0284 0394844F 		.ascii	"\003\224\204Of\024kq\002U\302\217O\354i\321\241E\236"
 130      66146B71 
 130      0255C28F 
 130      4FEC69D1 
 130      A1459E
 131 0297 9E5E7144 		.ascii	"\236^qDM\254\305\3621'\215\222\012\325\240ED\000\252"
 131      4DACC5F2 
 131      31278D92 
 131      0AD5A045 
 131      4400AA
 132 02aa 0359B5C8 		.ascii	"\003Y\265\310\023\335@\2364\0342\210\302\362\352:\317"
 132      13DD409E 
 132      341C3288 
 132      C2F2EA3A 
 132      CF
 133 02bb 92B10E8B 		.ascii	"\222\261\016\213e\227\236\302*\005X\244\201\015\301"
 133      65979EC2 
 133      2A0558A4 
 133      810DC1
 134 02ca 3222A298 		.ascii	"2\"\242\230\010\022\033T\374<\321R\036\216)w\265\"\367"
 134      08121B54 
 134      FC3CD152 
 134      1E8E2977 
 134      B522F7
 135 02dd 72C2CCBA 		.ascii	"r\302\314\272<[\254\203\000$<*\261\267,\020\371\346"
 135      3C5BAC83 
 135      00243C2A 
 135      B1B72C10 
 135      F9E6
 136 02ef B6A17884 		.ascii	"\266\241x\204<\027{yfP\306{%\356aT,\021W\004bo\242\305"
 136      3C177B79 
 136      6650C67B 
 136      25EE6154 
 136      2C115704 
 137 0307 92A74962 		.ascii	"\222\247Ib\343i\027#,\037\363\362.\022f\322\305\006"
 137      E3691723 
ARM GAS  C:\Users\CYIRKO~1\AppData\Local\Temp\ccfmMKsk.s 			page 10


 137      2C1FF3F2 
 137      2E1266D2 
 137      C506
 138 0319 E8E22DE8 		.ascii	"\350\342-\350b\275\330E\006b\250xI\230\305\202\010\227"
 138      62BDD845 
 138      0662A878 
 138      4998C582 
 138      0897
 139 032b 1C05EBCE 		.ascii	"\034\005\353\316D\361\302\375\021\226\232\367i\000\\"
 139      44F1C2FD 
 139      11969AF7 
 139      69005C
 140 033a 71AE18AC 		.ascii	"q\256\030\254>V\\W\317-\006\004aN\021\250\354\324\313"
 140      3E565C57 
 140      CF2D0604 
 140      614E11A8 
 140      ECD4CB
 141 034d 9C772173 		.ascii	"\234w!s\336\310\312\273\027\365\270\235\016\034zZw6"
 141      DEC8CABB 
 141      17F5B89D 
 141      0E1C7A5A 
 141      7736
 142 035f 5C8B9FB0 		.ascii	"\\\213\237\260Br\3217\265\002c\324B1\355\346\231:\001"
 142      4272D137 
 142      B50263D4 
 142      4231EDE6 
 142      993A01
 143 0372 F7B27B45 		.ascii	"\367\262{E9g\0329<\310\012\271\205#\273\021~\301\012"
 143      39671A39 
 143      3CC80AB9 
 143      8523BB11 
 143      7EC10A
 144 0385 A33BCF9A 		.ascii	"\243;\317\232\361\014\273\216L\215\275\3051\011\177"
 144      F10CBB8E 
 144      4C8DBDC5 
 144      31097F
 145 0394 0DC583D1 		.ascii	"\015\305\203\321)\035<\013\233\016\022(\347\357\235"
 145      291D3C0B 
 145      9B0E1228 
 145      E7EF9D
 146 03a3 2CD262B0 		.ascii	",\322b\2600\360\272\305f\307\026\350\220'\374-\362d"
 146      30F0BAC5 
 146      66C716E8 
 146      9027FC2D 
 146      F264
 147 03b5 7F5E1996 		.ascii	"\177^\031\226\310\010\030\335\237%Y\312#1\272\010\326"
 147      C80818DD 
 147      9F2559CA 
 147      2331BA08 
 147      D6
 148 03c6 B80FD6E8 		.ascii	"\270\017\326\350\200\341\260\267F\266\350\013\204{\372"
 148      80E1B0B7 
 148      46B6E80B 
 148      847BFA
 149 03d5 E71277AB 		.ascii	"\347\022w\253#\367)d3\036\343\356\227q_r\344\316q\344"
 149      23F72964 
 149      331EE3EE 
ARM GAS  C:\Users\CYIRKO~1\AppData\Local\Temp\ccfmMKsk.s 			page 11


 149      97715F72 
 149      E4CE71E4 
 150 03e9 1E9371E7 		.ascii	"\036\223q\347*s3(6\257\207\001i\001\206\207\364^\207"
 150      2A733328 
 150      36AF8701 
 150      69018687 
 150      F45E87
 151 03fc E8F5CFC0 		.ascii	"\350\365\317\300%\272aL\036\001u\002=\005z\002\324\013"
 151      25BA614C 
 151      1E017502 
 151      3D057A02 
 151      D40B
 152 040e D403D405 		.ascii	"\324\003\324\005\324\006\324\016\364\330\026\031\004"
 152      D406D40E 
 152      F4D81619 
 152      04
 153 041b 40ADCC14 		.ascii	"@\255\314\024\367\034\0014;\302\355\222\301\275\354"
 153      F71C0134 
 153      3BC2ED92 
 153      C1BDEC
 154 042a C85D801C 		.ascii	"\310]\200\034-\327\"\023\336\344\310~\307Q\370\364\337"
 154      2DD72213 
 154      DEE4C87E 
 154      C751F8F4 
 154      DF
 155 043b 4BDC0F14 		.ascii	"K\334\017\024GE\306\334(\023}W\031\267\015\011\304\\"
 155      4745C6DC 
 155      28137D57 
 155      19B70D09 
 155      C45C
 156 044d 5B898EF1 		.ascii	"[\211\216\361\337\006\027.TF.\223\336c\215\027\"\276"
 156      DF06172E 
 156      54462E93 
 156      DE638D17 
 156      22BE
 157 045f 51193913 		.ascii	"Q\0319\023/\006_\321B\032|\035\216)\000\225\337\234"
 157      2F065FD1 
 157      421A7C1D 
 157      8E290095 
 157      DF9C
 158 0471 CC17F00E 		.ascii	"\314\027\360\016\352\220\\\337\341g9\032\264\310Ki0"
 158      EA905CDF 
 158      E167391A 
 158      B4C84B69 
 158      30
 159 0482 D17318C3 		.ascii	"\321s\030\303\377\311x2$U\245j\222\213\372AP\237\224"
 159      FFC97832 
 159      2455A56A 
 159      928BFA41 
 159      509F94
 160 0495 7C092E0A 		.ascii	"|\011.\012gWmK\214\273~\227m\372\244\214R\200\017 \275"
 160      67576D4B 
 160      8CBB7E97 
 160      6DFAA48C 
 160      52800F20 
 161 04aa B5095C02 		.ascii	"\265\011\\\002\377\251\233\3313<\336\317\340\357\255"
 161      FFA99BD9 
ARM GAS  C:\Users\CYIRKO~1\AppData\Local\Temp\ccfmMKsk.s 			page 12


 161      333CDECF 
 161      E0EFAD
 162 04b9 4819D03B 		.ascii	"H\031\320;\233}\207\235\316\276=\017\026\207\023\343"
 162      9B7D879D 
 162      CEBE3D0F 
 162      168713E3 
 163 04c9 0C812D07 		.ascii	"\014\201-\007%L\027\350\204@jAOA\347\2012qQ\362\200"
 163      254C17E8 
 163      84406A41 
 163      4F41E781 
 163      327151F2 
 164 04de E0AC4D9A 		.ascii	"\340\254M\232ju\307)T/j\3529\032\251g7o\323\3440q\272"
 164      6A75C729 
 164      542F6AEA 
 164      391AA967 
 164      376FD3E4 
 165 04f5 1FE10C76 		.ascii	"\037\341\014v\263:\376B\004\306'Ya_y\361\317q.\273\276"
 165      B33AFE42 
 165      04C62759 
 165      615F79F1 
 165      CF712EBB 
 166 050a 633932E8 		.ascii	"c92\350\216\317\261\302\305\374\374\013\010\347\263"
 166      8ECFB1C2 
 166      C5FCFC0B 
 166      08E7B3
 167 0519 42F8707B 		.ascii	"B\370p{\274\032_f\205{}aaZ\\\302\012\035\361\361\245"
 167      BC1A5F66 
 167      857B7D61 
 167      615A5CC2 
 167      0A1DF1F1 
 168 052e AEB88215 		.ascii	"\256\270\202\025\232\013\357F\271\342*V\210\312\313"
 168      9A0BEF46 
 168      B9E22A56 
 168      88CACB
 169 053d 4B74C5B5 		.ascii	"Kt\305\265\"[^u/\302\015,\313L\347\3757\262%\030O/O"
 169      225B5E75 
 169      2FC20D2C 
 169      CB4CE7FD 
 169      37B22518 
 170 0554 4FE642F7 		.ascii	"O\346B\367\247\337\211\316\252\335cI\257@\324\213&\241"
 170      A7DF89CE 
 170      AADD6349 
 170      AF40D48B 
 170      26A1
 171 0566 E773CEBC 		.ascii	"\347s\316\274H9\272\347Do\210\342\274P\030\347\211,"
 171      4839BAE7 
 171      446F88E2 
 171      BC5018E7 
 171      892C
 172 0578 401140DB 		.ascii	"@\021@\333\201\302\201fa\364#\341{\027P4\320\016\240"
 172      81C28166 
 172      61F423E1 
 172      7B175034 
 172      D00EA0
 173 058b 9D9C3CBA 		.ascii	"\235\234<\272\273\242\004)L^9\"\230\227\351Z\344\354"
 173      BBA20429 
 173      4C5E3922 
ARM GAS  C:\Users\CYIRKO~1\AppData\Local\Temp\ccfmMKsk.s 			page 13


 173      9897E95A 
 173      E4EC
 174 059d 338AECF2 		.ascii	"3\212\354\362x\225sO)wO\236\030\345\354\323\216\354"
 174      7895734F 
 174      29774F9E 
 174      18E5ECD3 
 174      8EEC
 175 05af F3524D6D 		.ascii	"\363RMm\264\214\375\245#\373\274\210\035\223KoU\226"
 175      B48CFDA5 
 175      23FBBC88 
 175      1D934B6F 
 175      5596
 176 05c1 2EEF6A97 		.ascii	".\357j\227\\\3747\216\3749\363\370\373\345\374\257\035"
 176      5CFC378E 
 176      FC39F3F8 
 176      FBE5FCAF 
 176      1D
 177 05d2 F965B300 		.ascii	"\371e\263\000\363\371\006\002\007\326Os\366\011\201"
 177      F3F90602 
 177      07D64F73 
 177      F60981
 178 05e1 C96A8B16 		.ascii	"\311j\213\026\262\317[,\321j*\354\205\262ry\256\223"
 178      B2CF5B2C 
 178      D16A2AEC 
 178      85B27279 
 178      AE93
 179 05f3 EB9E5036 		.ascii	"\353\236P6\005\303\012\276Y\3638/\001\343\024\236Fl"
 179      05C30ABE 
 179      59F3382F 
 179      01E3149E 
 179      466C
 180 0605 C450AC37 		.ascii	"\304P\2547\362Z\3040MD\013\021$\016\367r\213\320n\316"
 180      F25AC430 
 180      4D440B11 
 180      240EF772 
 180      8BD06ECE 
 181 0619 16877334 		.ascii	"\026\207s47(\246\244=\340x\377\023'\0048\307j\232\363"
 181      3728A6A4 
 181      3DE078FF 
 181      13270438 
 181      C76A9AF3 
 182 062d B4F28443 		.ascii	"\264\362\204C\264K\011g\037\247\027\031\213\012\212"
 182      B44B0967 
 182      1FA71719 
 182      8B0A8A
 183 063c ABC4A5C1 		.ascii	"\253\304\245\301\373d\037R|'C\234\347=I\036*\337]\203"
 183      FB641F52 
 183      7C27439C 
 183      E73D491E 
 183      2ADF5D83 
 184 0650 D93C9F4E 		.ascii	"\331<\237N\346\371\246\270\2264\036\237\242\275D\273"
 184      E6F9A6B8 
 184      96341E9F 
 184      A2BD44BB 
 185 0660 9E4644E8 		.ascii	"\236FD\350q\036+\224u\274L\327\341+\254pv{w\266\026"
 185      711E2B94 
 185      75BC4CD7 
ARM GAS  C:\Users\CYIRKO~1\AppData\Local\Temp\ccfmMKsk.s 			page 14


 185      E12BAC70 
 185      767B77B6 
 186 0675 9A2D85A5 		.ascii	"\232-\205\2452\222\255\224\227\262\225r~\371\370i\036"
 186      3292AD94 
 186      97B29572 
 186      7EF9F869 
 186      1E
 187 0686 57305B5D 		.ascii	"W0[]\312\357N\326\311\366/\337\277L\0060\211\323\241"
 187      CAEF4ED6 
 187      C9F62FDF 
 187      BF4C0630 
 187      89D3A1
 188 0699 4392B196 		.ascii	"C\222\261\226\332\026\261#\031\026\274D\205V,E\357\203"
 188      DA16B123 
 188      1916BC44 
 188      85562C45 
 188      EF83
 189 06ab A512C13A 		.ascii	"\245\022\301:K\305\354w\220[\212\016pl\363r\344\344"
 189      4BC5EC77 
 189      905B8A0E 
 189      706CF372 
 189      E4E4
 190 06bd 35375CCF 		.ascii	"57\\\317\024$\035\270\232\357.['\377\340\002]'\247\200"
 190      14241DB8 
 190      9AEF2E5B 
 190      27FFE002 
 190      5D27A780 
 191 06d1 86644903 		.ascii	"\206dI\003(TVqXYE\323\253\370QNn`\"O2p\252\315\300\321"
 191      28545671 
 191      585945D3 
 191      ABF8514E 
 191      6E60224F 
 192 06eb BBBE39EF 		.ascii	"\273\2769\357\212\233\231a\356\354z\235\243\305\217"
 192      8A9B9961 
 192      EEEC7A9D 
 192      A3C58F
 193 06fa 58A1BF2D 		.ascii	"X\241\277-\357\204\200\273Xa\352i\214\305\015?\347\355"
 193      EF8480BB 
 193      5861EA69 
 193      8CC50D3F 
 193      E7ED
 194 070c 7680ABE7 		.ascii	"v\200\253\347\357\000W3\023\036\233\032.\320\343\027"
 194      EF005733 
 194      131E9B1A 
 194      2ED0E317 
 195 071c AC87774A 		.ascii	"\254\207wJ\006;\265\266\036\366\036\371\213\313\275"
 195      063BB5B6 
 195      1EF61EF9 
 195      8BCBBD
 196 072b BB2D161E 		.ascii	"\273-\026\036\035\007H\307\244.\256v\272\007\314\202"
 196      1D0748C7 
 196      A42EAE76 
 196      BA07CC82 
 197 073b 3EAE16FB 		.ascii	">\256\026\373\230\011}\314`}\234\016\277Y\343\242\274"
 197      98097DCC 
 197      607D9C0E 
 197      BF59E3A2 
ARM GAS  C:\Users\CYIRKO~1\AppData\Local\Temp\ccfmMKsk.s 			page 15


 197      BC
 198 074c 3D73D2A2 		.ascii	"=s\322\242`(\247\300\215\371K9)W\014\306\036\303\270"
 198      6028A7C0 
 198      8DF94B39 
 198      29570CC6 
 198      1EC3B8
 199 075f 53A09863 		.ascii	"S\240\230c\037M\025\273\342\347\254`\345\\(r\236\354"
 199      1F4D15BB 
 199      E2E7AC60 
 199      E55C2872 
 199      9EEC
 200 0771 49D9274E 		.ascii	"I\331'N6?!\223\300\355\266,\214G\030\257%\341\325\021"
 200      363F2193 
 200      C0EDB62C 
 200      8C4718AF 
 200      25E1D511 
 201 0785 373C450B 		.ascii	"7<E\013\234\345\351\365\247\234\263\331\360\034\347"
 201      9CE5E9F5 
 201      A79CB3D9 
 201      F01CE7
 202 0794 6C36BC55 		.ascii	"l6\274U\203\2432c\210U\316\202U\316p\016\363!hytao\245"
 202      83A33263 
 202      8855CE82 
 202      55CE700E 
 202      F3216879 
 203 07ac 16D7A9A9 		.ascii	"\026\327\251\251\312\234\227\221\027=p\023+L\357/\274"
 203      CA9C9791 
 203      173D7013 
 203      2B4CEF2F 
 203      BC
 204 07bd E88A1FB2 		.ascii	"\350\212\037\262\302\325\327\017St\270\235\025.\365"
 204      C2D5D70F 
 204      5374B89D 
 204      152EF5
 205 07cc DCA8D2B1 		.ascii	"\334\250\322\261"
 206 07d0 FE5A88A3 		.ascii	"\376Z\210\243\317d\335z\240\305\275\354fDwj\247;\036"
 206      CF64DD7A 
 206      A0C5BDEC 
 206      6644776A 
 206      A73B1E
 207 07e3 6185AA98 		.ascii	"a\205\252\230\310=:<E\013\\\316\336\250\001\247\373"
 207      C83D3A3C 
 207      450B5CCE 
 207      DEA801A7 
 207      FB
 208 07f4 E92B4EFB 		.ascii	"\351+N\373\320\262\204\2541\012\001\377e\005\374\331"
 208      D0B284AC 
 208      310A01FF 
 208      6505FCD9 
 209 0804 57C6B3D4 		.ascii	"W\306\263\324x\273\206\252\353\232\233\375O\274\217"
 209      78BB86AA 
 209      EB9A9BFD 
 209      4FBC8F
 210 0813 5D47E746 		.ascii	"]G\347FW\271\343\203\254\220QV4\240\301\307Y\341d\177"
 210      57B9E383 
 210      AC905156 
 210      34A0C1C7 
ARM GAS  C:\Users\CYIRKO~1\AppData\Local\Temp\ccfmMKsk.s 			page 16


 210      59E1647F 
 211 0827 FB0CC617 		.ascii	"\373\014\306\027Y\241\363Q\3659w\\\300\012E/\017\027"
 211      59A1F351 
 211      F539775C 
 211      C00A452F 
 211      0F17
 212 0839 79E05256 		.ascii	"y\340RV\270\371dnL\207\257\263BA\362l9\217\353Ya\373"
 212      B8F9646E 
 212      4C87AFB3 
 212      4241F26C 
 212      398FEB59 
 213 084f DED38748 		.ascii	"\336\323\207H\377\325\314Q5P\325=2}\211gU\004\3646\250"
 213      FFD5CC51 
 213      3550D53D 
 213      327D8967 
 213      5504F436 
 214 0864 4A4D7A94 		.ascii	"JMz\224\347\216o\323&\334@g\364.\311Y\333/\3740\214"
 214      E78E6FD3 
 214      26DC4067 
 214      F42EC959 
 214      DB2FFC30 
 215 0879 9E57D440 		.ascii	"\236W\324@\257\252\244^\251E_\265\3143O5\230G-\232\347"
 215      AFAAA45E 
 215      A9455FB5 
 215      CC334F35 
 215      98472D9A 
 216 088e 3A78DE35 		.ascii	":x\3365\346ycS#\371<na:vu\216\275\366`\366\235/\240"
 216      E6796353 
 216      23F93C6E 
 216      613A7675 
 216      8EBDF660 
 217 08a6 4E41806D 		.ascii	"NA\200m\017}\221\346\206Z\000sC\002S\303\211&\356\264"
 217      0F7D91E6 
 217      865A0073 
 217      430253C3 
 217      8926EEB4 
 218 08ba BC4AD2E3 		.ascii	"\274J\322\343.\246\244\350tf\224\224\270\300\277\366"
 218      2EA6A4E8 
 218      74669494 
 218      B8C0BFF6 
 219 08ca 32FF6A80 		.ascii	"2\377j\200\306\365R\343Z\316iWn*we\367\201\301\343\356"
 219      C6F552E3 
 219      5ACE6957 
 219      6E2A7765 
 219      F781C1E3 
 220 08df F819B3F0 		.ascii	"\370\031\263\360\253g\011\017\021\213\013\2620\014/"
 220      AB67090F 
 220      118B0BB2 
 220      300C2F
 221 08ee 7A18E721 		.ascii	"z\030\347!n\274\350\026p:j\226\307/\030\357\375=M\255"
 221      6EBCE816 
 221      703A6A96 
 221      C72F18EF 
 221      FD3D4DAD 
 222 0902 6AFC9AC1 		.ascii	"j\374\232\301\233\352\2579\355j\203WK]\347.@kz+h\315"
 222      9BEAAF39 
 222      ED6A8357 
ARM GAS  C:\Users\CYIRKO~1\AppData\Local\Temp\ccfmMKsk.s 			page 17


 222      4B5DE72E 
 222      406B7A2B 
 223 0918 CAD0AA6E 		.ascii	"\312\320\252n\245\217kq\204\226\252+\214\213\037\324"
 223      A58F6B71 
 223      8496AA2B 
 223      8C8B1FD4 
 224 0928 E2685668 		.ascii	"\342hVhK\334]\344\212SX\2414f\354\262\013\316d\205\235"
 224      4BDC5DE4 
 224      8A5358A1 
 224      3466ECB2 
 224      0BCE6485 
 225 093d 935DE73C 		.ascii	"\223]\347<p.+\364G\224w\362\370\002+\204\357o\312u\301"
 225      702E2BF4 
 225      479477F2 
 225      F8022B84 
 225      EF6FCA75 
 226 0952 976981EB 		.ascii	"\227i\201\353,\257\214\3076\274c\232\217Q\033\240}$"
 226      2CAF8CC7 
 226      36BC639A 
 226      8F511BA0 
 226      7D24
 227 0964 A14D7196 		.ascii	"\241Mq\226\241\037+g\350\003\311=Kp9\323\264{\317\354"
 227      A11F2B67 
 227      E803C93D 
 227      4B7039D3 
 227      B47BCFEC 
 228 0978 598CAB98 		.ascii	"Y\214\253\230\246\324\322\351\030iB\350\002M]\034\331"
 228      A6D4D2E9 
 228      186942E8 
 228      024D5D1C 
 228      D9
 229 0989 C77EBBA6 		.ascii	"\307~\273\246NeM\217S\207\307y\334\300T\035\253<{G\203"
 229      4E654D8F 
 229      5387C779 
 229      DCC0541D 
 229      AB3C7B47 
 230 099e 9B99AA27 		.ascii	"\233\231\252'}\347'\335l\252\372AU\017\250\352~\013"
 230      7DE727DD 
 230      6CAAFA41 
 230      550FA8EA 
 230      7E0B
 231 09b0 554F9555 		.ascii	"UO\225UM'$\256\300\217\231\246\301\254\206\363d\361"
 231      4D2724AE 
 231      C08F99A6 
 231      C1AC86F3 
 231      64F1
 232 09c2 EEA543BF 		.ascii	"\356\245C\277\227\315\020^l\206H\211\353:\344\202\273"
 232      97CD105E 
 232      6C864889 
 232      EB3AE482 
 232      BB
 233 09d3 198EB481 		.ascii	"\031\216\264\201\007\021n\262\240\373\220\035\022\016"
 233      07116EB2 
 233      A0FB901D 
 233      120E
 234 09e1 00987E09 		.ascii	"\000\230~\011\214\227\015Kz\204\345{a\313U\350$hn\246"
 234      8C970D4B 
ARM GAS  C:\Users\CYIRKO~1\AppData\Local\Temp\ccfmMKsk.s 			page 18


 234      7A84E57B 
 234      61CB55E8 
 234      24686EA6 
 235 09f5 BB2480E3 		.ascii	"\273$\200\343%\302\351\203\312g\014\316\316\310\223"
 235      25C2E983 
 235      CA670CCE 
 235      CEC893
 236 0a04 31AE7898 		.ascii	"1\256x\230)\271\336\272\343K\371yT5\215\245a\3201(\351"
 236      29B9DEBA 
 236      E34BF979 
 236      54358DA5 
 236      61D03128 
 237 0a19 18E09C2B 		.ascii	"\030\340\234+\031RV\322v\266\365\032\217'\231\222\306"
 237      195256D2 
 237      76B6F51A 
 237      8F279992 
 237      C6
 238 0a2a 433B8605 		.ascii	"C;\206\005I\313I\341q\345.\022uc\240fDR3\374\0065\243"
 238      49CB49E1 
 238      71E52E12 
 238      7563A066 
 238      445233FC 
 239 0a41 CA6A4E0E 		.ascii	"\312jN\016\367\335\260\333\243\215\331\315\350\343\266"
 239      F7DDB0DB 
 239      A38DD9CD 
 239      E8E3B6
 240 0a50 193DBCEB 		.ascii	"\031=\274\353\022l\331K]\250\231\357N\226L\353q%-\360"
 240      126CD94B 
 240      5DA899EF 
 240      4E964CEB 
 240      71252DF0 
 241 0a64 1D9963CF 		.ascii	"\035\231c\317\325\310k)B:\240\343\3263b\025\232\004"
 241      D5C86B29 
 241      423AA0E3 
 241      D6336215 
 241      9A04
 242 0a76 512F382C 		.ascii	"Q/8,.GU\311\026@6\362{R\2554\366\023\000\220\334R\241"
 242      2E4755C9 
 242      164036F2 
 242      7B52AD34 
 242      F6130090 
 243 0a8d 2980F712 		.ascii	")\200\367\022\340%C\360\222\0322\213\336<z\230N\312"
 243      E02543F0 
 243      921A328B 
 243      DE3C7A98 
 243      4ECA
 244 0a9f A455D41B 		.ascii	"\244U\324\033[\001\367\310\370\243f\273e\312\264]\247"
 244      5B01F7C8 
 244      F8A366BB 
 244      65CAB45D 
 244      A7
 245 0ab0 5ED93A75 		.ascii	"^\331:u\365fD\266+\256a\235\352z}\264[\203\033Xa2\361"
 245      F56644B6 
 245      2BAE619D 
 245      EA7A7DB4 
 245      5B831B58 
 246 0ac7 C63137DC 		.ascii	"\30617\334\314\012\361\271\267\357\253\361\003Vh;3["
ARM GAS  C:\Users\CYIRKO~1\AppData\Local\Temp\ccfmMKsk.s 			page 19


 246      CC0AF1B9 
 246      B7EFABF1 
 246      0356683B 
 246      335B
 247 0ad9 ACC6ADAC 		.ascii	"\254\306\255\254p\344\321\350i\015n\243\005\356\352"
 247      70E4D1E8 
 247      690D6EA3 
 247      05EEEA
 248 0ae8 DDA3D96E 		.ascii	"\335\243\331nH\357%S\374\333\357K\331%\002{\241/\254"
 248      48EF2553 
 248      FCDBEF4B 
 248      D925027B 
 248      A12FAC
 249 0afb 5B5E712B 		.ascii	"[^q+\237\362gt+\037\216\365(\014\333\306\361\013=\203"
 249      9FF26774 
 249      2B1F8EF5 
 249      280CDBC6 
 249      F10B3D83 
 250 0b0f D7115ED5 		.ascii	"\327\021^\325\004\023+S5:\324<\003k%V\260L\225\266\250"
 250      04132B53 
 250      353AD43C 
 250      036B2556 
 250      B04C95B6 
 251 0b24 F1302BB4 		.ascii	"\3610+\264\036\230\354p\301c\254Psww\031\344FV8Q\327"
 251      1E98EC70 
 251      C163AC50 
 251      73777719 
 251      E4465638 
 252 0b3a 6111F024 		.ascii	"a\021\360$+\024\357\252\233\321\342W\254\220|eg\270"
 252      2B14EFAA 
 252      9BD1E257 
 252      AC907C65 
 252      67B8
 253 0b4c 0ECFB242 		.ascii	"\016\317\262B\316\334x\214\036\207\321\020r=\220q\361"
 253      CEDC788C 
 253      1E87D110 
 253      723D9071 
 253      F1
 254 0b5d 9A3B1277 		.ascii	"\232;\022w\230\213<\351qb\270\245|\370\206\320\227#"
 254      988B3CE9 
 254      7162B8A5 
 254      7CF886D0 
 254      9723
 255 0b6f 6E3109DC 		.ascii	"n1\011\334\035\0007\001;\331b\262&\215\377\301v\022"
 255      1D003701 
 255      3BD962B2 
 255      268DFFC1 
 255      7612
 256 0b81 847DBB23 		.ascii	"\204}\273#\273\335\246\212\236\202\312\270w*\013\227"
 256      BBDDA68A 
 256      9E82CAB8 
 256      772A0B97 
 257 0b91 7177C9B8 		.ascii	"qw\311\270-\216\3349\363\270\377]\342\336\355\310\275"
 257      2D8EDC39 
 257      F3B8FF5D 
 257      E2DEEDC8 
 257      BD
ARM GAS  C:\Users\CYIRKO~1\AppData\Local\Temp\ccfmMKsk.s 			page 20


 258 0ba2 CC81B95F 		.ascii	"\314\201\271_\306\274K\221Y\336\311i\031w\224#\267|"
 258      C6BC4B91 
 258      59DEC969 
 258      19779423 
 258      B77C
 259 0bb4 2B28DFF4 		.ascii	"+(\337\364\304\201\257\306rd\323#\266 \233\236\203\340"
 259      C481AFC6 
 259      7264D323 
 259      B6209B9E 
 259      83E0
 260 0bc6 1F71D813 		.ascii	"\037q\330\023\305\003\035\000\332\017\024\003\264\027"
 260      C5031D00 
 260      DA0F1403 
 260      B417
 261 0bd4 681FD021 		.ascii	"h\037\320!\240X,?i\036\223\351\216V\326-\337&\266.\240"
 261      A0582C3F 
 261      691E93E9 
 261      8E56D62D 
 261      DF26B62E 
 262 0be9 CE065CF3 		.ascii	"\316\006\\\363\017m\333\332\026\306\323C(\"+Ry\260l"
 262      0F6DDBDA 
 262      16C6D343 
 262      28222B52 
 262      79B06C
 263 0bfc DBBEFDB5 		.ascii	"\333\276\375\265\373\367\361\362\370\2223\303\376\004"
 263      FBF7F1F2 
 263      F89233C3 
 263      FE04
 264 0c0a 5BE3ABAD 		.ascii	"[\343\253\2558\343%lI\250c\341[\303)\305z\344\271\310"
 264      38E3256C 
 264      49A863E1 
 264      5BC329C5 
 264      7AE4B9C8 
 265 0c1e 8B69842C 		.ascii	"\213i\204,\226\374\264\2169\024\264@s\220\307\016+\217"
 265      96FCB48E 
 265      3914B440 
 265      7390C70E 
 265      2B8F
 266 0c30 4B9CC211 		.ascii	"K\234\302\0215J\302\214\237\230.\005L\227\214\345GS"
 266      354AC28C 
 266      9F982E05 
 266      4C978CE5 
 266      4753
 267 0c42 0DD9ACB3 		.ascii	"\015\331\254\263\207\261\343!YNx\357 \306\017\331|\361"
 267      87B1E321 
 267      594E78EF 
 267      20C60FD9 
 267      7CF1
 268 0c54 BC27E71E 		.ascii	"\274'\347\036\207\333\304\311\243\275\242M<\027\272"
 268      87DBC4C9 
 268      A3BDA24D 
 268      3C17BA
 269 0c63 46D7B9ED 		.ascii	"F\327\271\355\011\321zq\037H\236m\365NL\334S\343g\214"
 269      09D17A71 
 269      1F489E6D 
 269      F54E4CDC 
 269      53E3678C 
ARM GAS  C:\Users\CYIRKO~1\AppData\Local\Temp\ccfmMKsk.s 			page 21


 270 0c77 F9C25C36 		.ascii	"\371\302\\6\204\300\020+\\{\322T#\340\227\254\220^\321"
 270      84C0102B 
 270      5C7BD254 
 270      23E097AC 
 270      905ED1
 271 0c8a F9631CC5 		.ascii	"\371c\034\305\236j]9P\014\253\205\275\264\360\263\316"
 271      9E6A5D39 
 271      500CAB85 
 271      BDB4F0B3 
 271      CE
 272 0c9b 5D2792D5 		.ascii	"]'\222\325\354\370F\277H\374\207\022\304\230\027\371"
 272      ECF846BF 
 272      48FC8712 
 272      C49817F9 
 273 0cab 82CFC5EC 		.ascii	"\202\317\305\354\0269\330\321\353\275\330\011\217\365"
 273      1639D8D1 
 273      EBBDD809 
 273      8FF5
 274 0cb9 ACC70BFE 		.ascii	"\254\307\013\376\305P|.<\273\336\300,\007\011\032\365"
 274      C5507C2E 
 274      3CBBDEC0 
 274      2C07091A 
 274      F5
 275 0cca 9219C0D9 		.ascii	"\222\031\300\331p\311\335.\035/EG00\244a\326\202\330"
 275      70C9DD2E 
 275      1D2F4547 
 275      3030A461 
 275      D682D8
 276 0cdd EE31D8EE 		.ascii	"\3561\330\356\021\270V+P\013\320C\240\007@\367\201\216"
 276      11B8562B 
 276      500BD043 
 276      A00740F7 
 276      818E
 277 0cef 03DD03BA 		.ascii	"\003\335\003\272\013\324\014t\025\250\010(\037\350\002"
 277      0BD40C74 
 277      15A80828 
 277      1FE802
 278 0cfe D029A06C 		.ascii	"\320)\240l\240\223vn\331\370\033\346\226\220\354\216"
 278      A093766E 
 278      D9F81BE6 
 278      9690EC8E 
 279 0d0e 62076839 		.ascii	"b\007h9\234C\264\265\335\024O?\311\016\345\264cOr9\307"
 279      9C43B4B5 
 279      DD144F3F 
 279      C90EE5B4 
 279      634F7239 
 280 0d23 789BAD5F 		.ascii	"x\233\255_\314\370s\300g\362\224\371\251x\231{\346\332"
 280      CCF873C0 
 280      67F294F9 
 280      A978997B 
 280      E6DA
 281 0d35 B9670E73 		.ascii	"\271g\016sO\271a.B<\222\024\203.\201\300\\\3210\035"
 281      4FB9612E 
 281      423C9214 
 281      832E81C0 
 281      5CD1301D 
 282 0d49 609876E8 		.ascii	"`\230v\350\3349\240\323v\035|5%\314\2623\2253\000\342"
ARM GAS  C:\Users\CYIRKO~1\AppData\Local\Temp\ccfmMKsk.s 			page 22


 282      DC39A0D3 
 282      761D7C35 
 282      25CCB233 
 282      953300E2 
 283 0d5d 94D84631 		.ascii	"\224\330F1\352e(\316\332\2418\363\006\024\235\240\371"
 283      EA6528CE 
 283      DAA138F3 
 283      06149DA0 
 283      F9
 284 0d6e DB51741D 		.ascii	"\333Qt\035\302\226cKP\036@8\257\014\301\321\016\347"
 284      C296634B 
 284      501E4038 
 284      AF0CC1D1 
 284      0EE7
 285 0d80 ED109086 		.ascii	"\355\020\220\206,2\024}\244\015\024\377\377\363\021"
 285      2C32147D 
 285      A40D14FF 
 285      FFF311
 286 0d8f F0E19A6C 		.ascii	"\360\341\232l\321\207\311\336\256\300q$c\354G\036B\272"
 286      D187C9DE 
 286      AEC07124 
 286      63EC471E 
 286      42BA
 287 0da1 F19FC2D8 		.ascii	"\361\237\302\330\301\024\260\025\211\354\266\345\315"
 287      C114B015 
 287      89ECB6E5 
 287      CD
 288 0dae 29272E6F 		.ascii	")'.oc\270\002](\020\273S\010\327\227\001\322%;H\015"
 288      63B8025D 
 288      2810BB53 
 288      08D79701 
 288      D2253B48 
 289 0dc3 A744CF22 		.ascii	"\247D\317\"\206\201\015<eWJ\374\212\3623\305\006\316"
 289      86810D3C 
 289      65574AFC 
 289      8AF233C5 
 289      06CE
 290 0dd5 E557FC15 		.ascii	"\345W\374\025\013\213<\321g\346\213\227?\346\023\363"
 290      0B8B3CD1 
 290      67E68B97 
 290      3FE613F3 
 291 0de5 57817DFE 		.ascii	"W\201}\376b7\253\2434'3\343\311\002\220\330\"KZ8\020"
 291      6237ABA3 
 291      342733E3 
 291      C90290D8 
 291      224B5A38 
 292 0dfa 6EABB9C0 		.ascii	"n\253\271\300\302\271V\013\027\003[\261\243\205e\347"
 292      C2B9560B 
 292      17035BB1 
 292      A38565E7 
 293 0e0a 888A09B6 		.ascii	"\210\212\011\266\034zQ*\366\250\014\256K\354\255\225"
 293      1C7A512A 
 293      F6A80CAE 
 293      4BECAD95 
 294 0e1a 2DB316E9 		.ascii	"-\263\026\351N\351w\310\335%\"\277\243h\361\261\202"
 294      4EE977C8 
 294      DD2522BF 
ARM GAS  C:\Users\CYIRKO~1\AppData\Local\Temp\ccfmMKsk.s 			page 23


 294      A368F1B1 
 294      82
 295 0e2b D8F75227 		.ascii	"\330\367R'}O\212\240}'\235*\225\026\277\245\366}?b\355"
 295      7D4F8AA0 
 295      7D279D2A 
 295      9516BFA5 
 295      F67D3F62 
 296 0e40 7B055E8C 		.ascii	"{\005^\214\312\034\373.?sU~\000J\232\021xM\000\257\021"
 296      CA1CFB2E 
 296      3F73557E 
 296      004A9A11 
 296      784D00AF 
 297 0e55 C6F20ED0 		.ascii	"\306\362\016\320m\240z\240:\240\353@\327\200*\355\254"
 297      6DA07AA0 
 297      3AA0EB40 
 297      D7802AED 
 297      AC
 298 0e66 D2FF191B 		.ascii	"\322\377\031\033c\342\322\345\240\224Hq\272\320\030"
 298      63E2D2E5 
 298      A0944871 
 298      BAD018
 299 0e75 AA91A5B2 		.ascii	"\252\221\245\262\253\337\306\335\365\277\231\350*`\256"
 299      ABDFC6DD 
 299      F5BF99E8 
 299      2A60AE
 300 0e84 70CE2C0B 		.ascii	"p\316,\013\367j\273p\257\232\237p\356\200\363\336&\313"
 300      F76ABB70 
 300      AF9A9F70 
 300      EE80F3DE 
 300      26CB
 301 0e96 905B20AF 		.ascii	"\220[ \257Z\034\217Z\350\360\015\350X\215\3241\260\350"
 301      5A1C8F5A 
 301      E8F00DE8 
 301      588DD431 
 301      B0E8
 302 0ea8 CB7D9AE1 		.ascii	"\313}\232\341\261n\213%^O\267\372\225b\003\345#u\272"
 302      B16E8B25 
 302      5E4FB7FA 
 302      956203E5 
 302      2375BA
 303 0ebb EDFB3E49 		.ascii	"\355\373>IN\304?/\210\274\266Pq\364\365\236\035\002"
 303      4EC43F2F 
 303      88BCB650 
 303      71F4F59E 
 303      1D02
 304 0ecd D9A757CF 		.ascii	"\331\247W\317[\227\260\221|~B\034I\262\221o\37463M\224"
 304      5B97B091 
 304      7C7E421C 
 304      49B2916F 
 304      FC36334D 
 305 0ee2 8846BD09 		.ascii	"\210F\275\011v\272\367Vvj\000N\331sgf''i\023\335\002"
 305      76BAF756 
 305      766A004E 
 305      D9736766 
 305      27276913 
 306 0ef8 F34899D3 		.ascii	"\363H\231\323\346\223{\"\350\341#\021u_\362\311<*\313"
 306      E6937B22 
ARM GAS  C:\Users\CYIRKO~1\AppData\Local\Temp\ccfmMKsk.s 			page 24


 306      E8E12311 
 306      755FF2C9 
 306      3C2ACB
 307 0f0b 96F16E55 		.ascii	"\226\361nU\213=\201\231\361\301\033;B\242\300\372X\220"
 307      8B3D8199 
 307      F1C11B3B 
 307      42A2C0FA 
 307      5890
 308 0f1d 74FBE1B7 		.ascii	"t\373\341\267q\327\212\3173\011s\213sf\206\367\336\025"
 308      71D78ACF 
 308      3309738B 
 308      736686F7 
 308      DE15
 309 0f2f FADC0E78 		.ascii	"\372\334\016x\024\236\336\237]8\036nI|\237\036D\264"
 309      149EDE9F 
 309      5D381E6E 
 309      497C9F1E 
 309      44B4
 310 0f41 8A71236E 		.ascii	"\212q#n\266X\324\310_]\250]v\310R\036\206\351YB\273"
 310      B658D4C8 
 310      5F5DA85D 
 310      76C8521E 
 310      86E95942 
 311 0f56 12F30AD9 		.ascii	"\022\363\012\331\272\372=\306K\016\003\236(\361\312"
 311      BAFA3DC6 
 311      4B0E039E 
 311      28F1CA
 312 0f65 46713657 		.ascii	"Fq6W\034E\330\253\241o\224\3277\362\275\303_K\251u\306"
 312      1C45D8AB 
 312      A16F94D7 
 312      37F2BDC3 
 312      5F4BA975 
 313 0f7a 917BFEC6 		.ascii	"\221{\376\306d\372G\022\373kev\231i\207r\304\201 \253"
 313      64FA4712 
 313      FB6B6576 
 313      99698772 
 313      C48120AB 
 314 0f8e CD5947F6 		.ascii	"\315YG\366\346y\322\273D\351dA\223\352\270\376\231\027"
 314      E679D2BB 
 314      44E96441 
 314      93EAB8FE 
 314      9917
 315 0fa0 272D3F92 		.ascii	"'-?\222f\265\013\216\263\332\274\201\313a\231\361\204"
 315      66B50B8E 
 315      B3DABC81 
 315      CB6199F1 
 315      84
 316 0fb1 93CC38F7 		.ascii	"\223\3148\367\215\305\362\016\365\327\014iR8!K\214s"
 316      8DC5F20E 
 316      F5D70C69 
 316      5238214B 
 316      8C73
 317 0fc3 53C2F458 		.ascii	"S\302\364X$\015c\253\302\3347)l\330\211\211\247\344"
 317      240D63AB 
 317      C2DC3729 
 317      6CD88989 
 317      A7E4
ARM GAS  C:\Users\CYIRKO~1\AppData\Local\Temp\ccfmMKsk.s 			page 25


 318 0fd5 2AE9EB39 		.ascii	"*\351\3539\250!\367\310\262&_r\371\\,>\375\275\270\363"
 318      A821F7C8 
 318      B2265F72 
 318      F95C2C3E 
 318      FDBDB8F3 
 319 0fe9 E81E0FDC 		.ascii	"\350\036\017\334\253g\0171\373f\353\005<\306\012\373"
 319      AB670F31 
 319      FB66EB05 
 319      3CC60AFB 
 320 0ff9 8FB717F3 		.ascii	"\217\267\027\363x\206\025"
 320      788615
 321 1000 2EDD7831 		.ascii	".\335x1*\340\355n\244\2600\242\342\302K\001\361z\262"
 321      2AE0ED6E 
 321      A4B030A2 
 321      E2C24B01 
 321      F17AB2
 322 1013 28D6EB97 		.ascii	"(\326\353\227xY\227\276\034\010\356\205\301\332\300"
 322      785997BE 
 322      1C08EE85 
 322      C1DAC0
 323 1022 CBE3F299 		.ascii	"\313\343\362\231]~\353\235\237\337l\333\254\227\020"
 323      5D7EEB9D 
 323      9FDF6CDB 
 323      AC9710
 324 1031 B4FD627E 		.ascii	"\264\375b~\233\200\353\027\220\337\276\001\032\007\032"
 324      9B80EB17 
 324      90DFBE01 
 324      1A071A
 325 1040 031A051A 		.ascii	"\003\032\005\032\001z\016\324g\227\320{\2635{*\245\250"
 325      017A0ED4 
 325      6797D07B 
 325      B3357B2A 
 325      A5A8
 326 1052 7D0A66ED 		.ascii	"}\012f\355w\262\325T\324\334-6\370\356\232\333\022E"
 326      77B2D554 
 326      D4DC2D36 
 326      F8EE9ADB 
 326      1245
 327 1064 B71B808E 		.ascii	"\267\033\200\216\357\347\034\364\312\227\3702\223\014"
 327      EFE71CF4 
 327      CA97F832 
 327      930C
 328 1072 E125B2A7 		.ascii	"\341%\262\247\344\240o\320\226\252\234p\251d,\007\351"
 328      E4A06FD0 
 328      96AA9C70 
 328      A9642C07 
 328      E9
 329 1083 C94D8465 		.ascii	"\311M\204e\001G\016.\254\257 \251\010?|\366`^\362\013"
 329      01470E2E 
 329      ACAF20A9 
 329      083F7CF6 
 329      605EF20B 
 330 1097 96B209B4 		.ascii	"\226\262\011\264'\222\247\015\312\322\335\275D1\202"
 330      2792A70D 
 330      CAD2DDBD 
 330      443182
 331 10a6 53218213 		.ascii	"S!\202\023\224\341\313\"\270v\011\013\032\302\235\346"
ARM GAS  C:\Users\CYIRKO~1\AppData\Local\Temp\ccfmMKsk.s 			page 26


 331      94E1CB22 
 331      B876090B 
 331      1AC29DE6 
 332 10b6 C8AD10C1 		.ascii	"\310\255\020\301l\355K\270\217(s\313d\217I\314\351\216"
 332      6CED4BB8 
 332      8F2873CB 
 332      648F49CC 
 332      E98E
 333 10c8 CCF31FD6 		.ascii	"\314\363\037\326\016\035\3220(' ~\217*\363\313\342\267"
 333      0E1DD230 
 333      2827207E 
 333      8F2AF3CB 
 333      E2B7
 334 10da EB8FADF3 		.ascii	"\353\217\255\363\\\266\310\3534\230\332X0\365+\005\323"
 334      5CB6C8EB 
 334      3498DA58 
 334      30F52B05 
 334      D3
 335 10eb BD033498 		.ascii	"\275\0034\230\210KwI\006\355\267\006\323\361[\231\267"
 335      884B7749 
 335      06EDB706 
 335      D3F15B99 
 335      B7
 336 10fc D4B89246 		.ascii	"\324\270\222F\01178w<\315\335\341\315\016\233\303M\377"
 336      09373877 
 336      3CCDDDE1 
 336      CD0E9BC3 
 336      4DFF
 337 110e 01AE2E42 		.ascii	"\001\256.B(\\B_\235\230\202\326\223\022\206gV\014i-"
 337      285C425F 
 337      9D9882D6 
 337      93128667 
 337      560C692D 
 338 1122 B1897ADC 		.ascii	"\261\211z\334H1\240C\335U\325<~\310\000\345\357\037"
 338      4831A043 
 338      DD55D53C 
 338      7EC800E5 
 338      EF1F
 339 1134 3BCC3903 		.ascii	";\3149\0034\373\007\003j\374sb\222\327\320vF\001\216"
 339      34FB0703 
 339      6AFC7362 
 339      92D7D076 
 339      46018E
 340 1147 F5ADC535 		.ascii	"\365\255\3055\354\255\305\354\246\330fH7\014]VSn;\346"
 340      ECADC5EC 
 340      A6D86648 
 340      370C5D56 
 340      536E3BE6 
 341 115b 3915B2F0 		.ascii	"9\025\262\360\030\315\301n\206TF\306\225\247\272\340"
 341      18CDC16E 
 341      865446C6 
 341      95A7BAE0 
 342 116b 11C63154 		.ascii	"\021\3061TvlVM8\302\201\343GKQ\030\317\323\363\274\361"
 342      766C564D 
 342      38C281E3 
 342      474B5118 
 342      CFD3F3BC 
ARM GAS  C:\Users\CYIRKO~1\AppData\Local\Temp\ccfmMKsk.s 			page 27


 343 1180 84490F3C 		.ascii	"\204I\017<\311x\"s\316f\352\010O$\360\374\325R\024A"
 343      C9782273 
 343      CE66EA08 
 343      4F24F0FC 
 343      D5521441 
 344 1194 79B8CCB8 		.ascii	"y\270\314\270\344S\002\362\3222\220\367k4\227+w\222"
 344      E45302F2 
 344      D23290F7 
 344      6B34972B 
 344      7792
 345 11a6 B97F27AF 		.ascii	"\271\177'\257\225\217\353\016zX\031\036&\035V\252\010"
 345      958FEB0E 
 345      7A58191E 
 345      261D56AA 
 345      08
 346 11b7 0BB5C30E 		.ascii	"\013\265\303\016\336\013m\347y\371\031w\372\324`\017"
 346      DE0B6DE7 
 346      79F91977 
 346      FAD4600F 
 347 11c7 8F0BDDA9 		.ascii	"\217\013\335\251A_\336Ln\344\221\326k\276\014\264\013"
 347      415FDE4C 
 347      6EE491D6 
 347      6BBE0CB4 
 347      0B
 348 11d8 9A3A1323 		.ascii	"\232:\023#\346\345\303tv\217\006\246(\336f7\202\216"
 348      E6E5C374 
 348      768F06A6 
 348      28DE6637 
 348      828E
 349 11ea 9A2131EC 		.ascii	"\232!1\354\365\021w\\I\025\241\312\276\356(\035\276"
 349      F511775C 
 349      4915A1CA 
 349      BEEE281D 
 349      BE
 350 11fb C10A39D1 		.ascii	"\301\0129\321M_\343{\014\301\265\302\207\317\\\345\317"
 350      4D5FE37B 
 350      0CC1B5C2 
 350      87CF5CE5 
 350      CF
 351 120c 79F6B0E7 		.ascii	"y\366\260\347<1\274\016\355\225\244^@N\037\257\356\343"
 351      3C31BC0E 
 351      ED95A45E 
 351      404E1FAF 
 351      EEE3
 352 121e 15DF654D 		.ascii	"\025\337eM:\361\3726\306O\230\306\222\211\342\353\356"
 352      3AF1FA36 
 352      C64F98C6 
 352      9289E2EB 
 352      EE
 353 122f B89F15F2 		.ascii	"\270\237\025\362\022\356\314\251\3618+\214\316\244\026"
 353      12EECCA9 
 353      F1382B8C 
 353      CEA416
 354 123e 8867318B 		.ascii	"\210g1\213\241\370\272=6V#\036\305\220G\216G\367'e\351"
 354      A1F8BA3D 
 354      3656231E 
 354      C590478E 
ARM GAS  C:\Users\CYIRKO~1\AppData\Local\Temp\ccfmMKsk.s 			page 28


 354      47F72765 
 355 1253 71B807E5 		.ascii	"q\270\007\345\275\225\327\024\346\216\243iA\027\036"
 355      BD95D714 
 355      E68EA369 
 355      41171E
 356 1262 5F964FDE 		.ascii	"_\226O\336\335\204\011\204\234\231x\312}2\201_\212\366"
 356      DD840984 
 356      9C9978CA 
 356      7D32815F 
 356      8AF6
 357 1274 F3802D1E 		.ascii	"\363\200-\036zp\210g>\231\0068SxO\224\014\224\010\224"
 357      7A708867 
 357      3E990638 
 357      53784F94 
 357      0C940894 
 358 1288 0E748497 		.ascii	"\016t\204\227g\342\373\3175s\342\332\227\254\353c\305"
 358      67E2FBCF 
 358      3573E2DA 
 358      97ACEB63 
 358      C5
 359 1299 C64A3941 		.ascii	"\306J9AQ[*hx{mC'4\322\352$\316Q\3272\305\264\237\304"
 359      515B2A68 
 359      787B6D43 
 359      2734D2EA 
 359      24CE51D7 
 360 12b2 CB67C2C3 		.ascii	"\313g\302\303\274^\022\327\310\222\037\324\321]\332"
 360      BC5E12D7 
 360      C8921FD4 
 360      D15DDA
 361 12c1 7C61F285 		.ascii	"|a\362\205\370\004MBD\332Ai\214\241\211\343z\200T\315"
 361      F8044D42 
 361      44DA4169 
 361      8CA189E3 
 361      7A8054CD 
 362 12d5 3F42B44E 		.ascii	"?B\264NX\304G\0168\002\237\227\225\255\031\237p\267"
 362      58C4470E 
 362      38029F97 
 362      95AD199F 
 362      70B7
 363 12e7 3B2293A7 		.ascii	";\"\223\247\345C\030\317\324Y\012\324\310\323k\221\250"
 363      E54318CF 
 363      D4590AD4 
 363      C8D36B91 
 363      A8
 364 12f8 29499C5B 		.ascii	")I\234[\254\275\312|S\257\356%-\240y-\323\036\264\342"
 364      ACBDCA7C 
 364      53AFEE25 
 364      2DA0792D 
 364      D31EB4E2 
 365 130c C6740FCF 		.ascii	"\306t\017\317\204\221\241\312\200\241:\312\333^.i\235"
 365      8491A1CA 
 365      80A13ACA 
 365      DB5E2E69 
 365      9D
 366 131d BE1EEE81 		.ascii	"\276\036\356\201\033\250\227q\011\247\232\256h\244\227"
 366      1BA89771 
 366      09A79AAE 
ARM GAS  C:\Users\CYIRKO~1\AppData\Local\Temp\ccfmMKsk.s 			page 29


 366      68A497
 367 132c 5D9268C4 		.ascii	"]\222h\304\035\207\206\307$\273e\362\213\234\251\311"
 367      1D8786C7 
 367      24BB65F2 
 367      8B9CA9C9 
 368 133c 02D14ED4 		.ascii	"\002\321N\324\304\315\035kv\301\217\231g_\315\015+\325"
 368      C4CD1D6B 
 368      76C18F99 
 368      675FCD0D 
 368      2BD5
 369 134e E24E5688 		.ascii	"\342NV\210\271\330:\343\201\2371\000'S\017\017\252m"
 369      B9D83AE3 
 369      819F3100 
 369      27530F0F 
 369      AA6D
 370 1360 F1094BBF 		.ascii	"\361\011K\277\301f\262\364\313\001cfK\020\252\234\277"
 370      C166B2F4 
 370      CB016366 
 370      4B10AA9C 
 370      BF
 371 1371 077D8A57 		.ascii	"\007}\212W|\017\372\364\325\362z7\236\254\267\210\250"
 371      7C0FFAF4 
 371      D5F27A37 
 371      9EACB788 
 371      A8
 372 1382 0D34290E 		.ascii	"\0154)\016<\236\231t\241u\344\335\212\\\226)\213F\307"
 372      3C9E9974 
 372      A175E4DD 
 372      8A5C9629 
 372      8B46C7
 373 1395 C790D213 		.ascii	"\307\220\322\023\031'\257\216\\\256)\353\327\313\317"
 373      1927AF8E 
 373      5CAE29EB 
 373      D7CBCF
 374 13a4 8CCFF0F2 		.ascii	"\214\317\360\362g2gy\353\231\361\305\210p\232\231i\035"
 374      67326779 
 374      EB99F1C5 
 374      88709A99 
 374      691D
 375 13b6 3ACDB44D 		.ascii	":\315\264M=|\230\315\321JX\204\235cuU'\023f\320\022"
 375      3D7C98CD 
 375      D14A5884 
 375      9D637555 
 375      271366D0 
 376 13cb D99A85A0 		.ascii	"\331\232\205\240\223\026-\347y\262h\311\343y&\366N\306"
 376      93162DE7 
 376      79B268C9 
 376      E37926F6 
 376      4EC6
 377 13dd 8D437667 		.ascii	"\215Cvg\326p_\246\377\202M\177\262\345I\275\007\036"
 377      D6705FA6 
 377      FF824D7F 
 377      B2E549BD 
 377      071E
 378 13ef 63365732 		.ascii	"c6W2\307\236\274\352\327\274\025\313E\206%\253\352\301"
 378      C79EBCEA 
 378      D7BC15CB 
ARM GAS  C:\Users\CYIRKO~1\AppData\Local\Temp\ccfmMKsk.s 			page 30


 378      458625AB 
 378      EAC1
 379 1401 793B2C77 		.ascii	"y;,w\355\260\024P,\227\254X\016\265\244\246\271\312"
 379      EDB01450 
 379      2C97AC58 
 379      0EB5A4A6 
 379      B9CA
 380 1413 B114D861 		.ascii	"\261\024\330a\271l\303\222\222\270\007V\312/\235c\251"
 380      B96CC392 
 380      92B80756 
 380      CA2F9D63 
 380      A9
 381 1424 AEBDFE42 		.ascii	"\256\275\376BG\353\310\2338W\030\230\027\211%gl\000"
 381      47EBC89B 
 381      38571898 
 381      17892567 
 381      6C00
 382 1436 8B585D78 		.ascii	"\213X]x]v\235\3269\300\022\012\260\330\0120sp\347k$"
 382      5D769DD6 
 382      39C0120A 
 382      B0D80A30 
 382      7370E76B 
 383 144b 07586207 		.ascii	"\007Xb\007\260\324\006\360\354\343\214(7<\303\000\236"
 383      B0D406F0 
 383      ECE38C28 
 383      373CC300 
 383      9E
 384 145c C97D754E 		.ascii	"\311}uNg\325\313\360\235\211\035\374\276s\255W\251\326"
 384      67D5CBF0 
 384      9D891DFC 
 384      BE73AD57 
 384      A9D6
 385 146e 729B59D2 		.ascii	"r\233Y\322.\235\2673\313U;\255\0256\255s\303\343mzl"
 385      2E9DB733 
 385      CB553BAD 
 385      1536AD73 
 385      C3E36D7A 
 386 1483 59C0668A 		.ascii	"Y\300f\212\352\356\003\310f\002\246v\374pJ\276`Er\215"
 386      EAEE03C8 
 386      6602A676 
 386      FC704ABE 
 386      6045728D 
 387 1497 59E05C7F 		.ascii	"Y\340\\\177l\226\3369\226*\212\345\272\025\313\310\253"
 387      6C96DE39 
 387      962A8AE5 
 387      BA15CBC8 
 387      AB
 388 14a8 886B7658 		.ascii	"\210kvX\252\354\260T\333\260\014\355\270\362\330\035"
 388      AAECB054 
 388      DBB00CED 
 388      B8F2D81D 
 389 14b8 47322C69 		.ascii	"G2,i\025\303az[\2440,\015\337\324M\260a#\013\320\033"
 389      15C3617A 
 389      5BA4302C 
 389      0DDFD44D 
 389      B061230B 
 390 14ce 0C4CDA93 		.ascii	"\014L\332\223\343e6\200\265\254\256~b\373U\316\271?"
ARM GAS  C:\Users\CYIRKO~1\AppData\Local\Temp\ccfmMKsk.s 			page 31


 390      E3653680 
 390      B5ACAE7E 
 390      62FB55CE 
 390      B93F
 391 14e0 D7538075 		.ascii	"\327S\200uV\200\263U\273z5r\200\365v\000o\332\000\336"
 391      5680B355 
 391      BB7A3572 
 391      80F57600 
 391      6FDA00DE 
 392 14f4 ED2D9C70 		.ascii	"\355-\234p\305\321\316\001\306?\036hp\267\005\334-\006"
 392      C5D1CE01 
 392      C63F1E68 
 392      70B705DC 
 392      2D06
 393 1506 E6606378 		.ascii	"\346`cx\272\213\025\340mV\327\333Y\227\341\341\034`"
 393      BA8B15E0 
 393      6D56D7DB 
 393      5997E1E1 
 393      1C60
 394 1518 230578C7 		.ascii	"#\005x\307\0120:\257o\322\356\311r\243\035\300&\033"
 394      0A303AAF 
 394      6FD2EEC9 
 394      72A31DC0 
 394      261B
 395 152a C0CCECB1 		.ascii	"\300\314\354\261\021W\034\303\000\236yV\226b}\267\210"
 395      11571CC3 
 395      009E7956 
 395      96627DB7 
 395      88
 396 153b 2CEBF28A 		.ascii	",\353\362\212+\216a|d\201\323\010\260ON\367\031\322"
 396      2B8E617C 
 396      6481D308 
 396      B04F4EF7 
 396      19D2
 397 154d D4B19829 		.ascii	"\324\261\230)\017\233\315\037\260\312\350\207S\313\255"
 397      0F9BCD1F 
 397      B0CAE887 
 397      53CBAD
 398 155c 3D7AC8AA 		.ascii	"=z\310\252\356\236\271vN\347\274G\255\264G-\326\036"
 398      EE9EB976 
 398      4EE7BC47 
 398      ADB4472D 
 398      D61E
 399 156e 8DDD7AD8 		.ascii	"\215\335z\330j\027\025\255v=zd\355\221\356\370\331\351"
 399      6A1715AD 
 399      763D7A64 
 399      ED91EEF8 
 399      D9E9
 400 1580 2EF20875 		.ascii	".\362\010u\221\370\000G\\F\324h\372\236\260e\004d\033"
 400      91F80047 
 400      5C46D468 
 400      FA9EB065 
 400      04641B
 401 1593 7412D274 		.ascii	"t\022\322t;\377\246=Q\015\202)\016b\015\025:\262\312"
 401      3BFFA63D 
 401      510D8229 
 401      0E620D15 
ARM GAS  C:\Users\CYIRKO~1\AppData\Local\Temp\ccfmMKsk.s 			page 32


 401      3AB2CA
 402 15a6 2653F98A 		.ascii	"&S\371\212\343.\2548r\350\364)6 \363K\027$\372\036X"
 402      E32EAC38 
 402      72E8F429 
 402      3620F34B 
 402      1724FA1E 
 403 15bb 65740075 		.ascii	"et\000u\002=\001j\003z\012\364\030\250\333n\365Au\202"
 403      023D016A 
 403      037A0AF4 
 403      18A8DB6E 
 403      F5417582 
 404 15cf F3A01A47 		.ascii	"\363\240\032G\235\363\236|RV\010\004T\351\310:\357\321"
 404      9DF39E7C 
 404      52560804 
 404      54E9C83A 
 404      EFD1
 405 15e1 63551A3B 		.ascii	"cU\032;\267hWZ74\244\251\331J\000\002\034\225)\313\232"
 405      B768575A 
 405      3734A4A9 
 405      D94A0002 
 405      1C9529CB 
 406 15f6 A7178C8D 		.ascii	"\247\027\214\215\356)[p\036/\344S\224\257l\302y\274"
 406      EE295B70 
 406      1E2FE453 
 406      94AF6CC2 
 406      79BC
 407 1608 E096A841 		.ascii	"\340\226\250A\261\353\326\337\254\264\016'\234\323."
 407      B1EBD6DF 
 407      ACB40E27 
 407      9CD32E
 408 1617 12CD1EE5 		.ascii	"\022\315\036\345\314\354\252\267\2629I\017\371\011\217"
 408      CCECAAB7 
 408      B239490F 
 408      F9098F
 409 1626 ECE6C55E 		.ascii	"\354\346\305^\273\265\3343[\230\324\245<\237\322\342"
 409      BBB5DC33 
 409      5B98D4A5 
 409      3C9FD2E2 
 410 1636 2C1609D6 		.ascii	",\026\011\3267\242\026\212oDugu\247\273\210a\243&\257"
 410      37A2168A 
 410      6F447567 
 410      75A7BB88 
 410      61A326AF 
 411 164a A834962D 		.ascii	"\2504\226-\306\347)\257\356\370\271\346$\214l\277J\261"
 411      C6E729AF 
 411      EEF8B9E6 
 411      248C6CBF 
 411      4AB1
 412 165c 5B113F07 		.ascii	"[\021?\007\350\375d\215\332\007\320\007E\217y\001\036"
 412      E8FD648D 
 412      DA07D007 
 412      458F7901 
 412      1E
 413 166d 33022887 		.ascii	"3\002(\207\200\276\001\032\005\232\000\032\003\032\007"
 413      80BE011A 
 413      059A001A 
 413      031A07
ARM GAS  C:\Users\CYIRKO~1\AppData\Local\Temp\ccfmMKsk.s 			page 33


 414 167c 1AE6E527 		.ascii	"\032\346\345'\303c\177\316F\217\254~v\213R\234;\315"
 414      C3637FCE 
 414      468FAC7E 
 414      768B529C 
 414      3BCD
 415 168e 6594F83E 		.ascii	"e\224\370>M\324\003\"\253\270j\030\2317\034CG\026&\320"
 415      4DD40322 
 415      ABB86A18 
 415      99371C43 
 415      471626D0 
 416 16a2 451E9800 		.ascii	"E\036\230\000\235P\024,\333\206O\034Q\263s4\262]|\205"
 416      9D50142C 
 416      DB864F1C 
 416      51B37334 
 416      B25D7C85 
 417 16b6 19B76D0F 		.ascii	"\031\267m\017\352\304\211\366Ar\030G\016\222\307\224"
 417      EAC489F6 
 417      41721847 
 417      0E92C794 
 418 16c6 79C98F99 		.ascii	"y\311\217\231F\035yG\034C\226v\217\354\274\310\001\247"
 418      461D7947 
 418      1C439676 
 418      8FECBCC8 
 418      01A7
 419 16d8 AC7BF322 		.ascii	"\254{\363\"\242\355\010\213\210\301y\021!\357\014\331"
 419      A2ED088B 
 419      88C17911 
 419      21EF0CD9 
 420 16e8 8AC7730E 		.ascii	"\212\307s\016\235\211\341d\356\310\225\305T\356\320"
 420      9D89E164 
 420      EEC895C5 
 420      54EED0
 421 16f7 DA56A20D 		.ascii	"\332V\242\015)\177B_\273\236\204\006}\322:p\220w|\355"
 421      297F425F 
 421      BB9E8406 
 421      7DD23A70 
 421      90777CED 
 422 170b DA36F02F 		.ascii	"\3326\360/a\260\277\353\300\203\203\015\317\216\365"
 422      61B0BFEB 
 422      C083830D 
 422      CF8EF5
 423 171a BAC9DD76 		.ascii	"\272\311\335v\322\316m\247\230\333\222o`\336^\0203\207"
 423      D2CE6DA7 
 423      98DB926F 
 423      60DE5E10 
 423      3387
 424 172c 712173DD 		.ascii	"q!s\335\222\003-\257x\\\302\012M\343c\260\267\277\312"
 424      92032DAF 
 424      785CC20A 
 424      4DE363B0 
 424      B7BFCA
 425 173f 0A2F4F5C 		.ascii	"\012/O\\\334\301\341jZP7\027\326?\022\350k(\326U\177"
 425      DCC1E16A 
 425      5A503717 
 425      D63F12E8 
 425      6B28D655 
 426 1754 6B92CB9E 		.ascii	"k\222\313\236\263;,\261\276t,f\240w\021\302\033^\343"
ARM GAS  C:\Users\CYIRKO~1\AppData\Local\Temp\ccfmMKsk.s 			page 34


 426      B33B2CB1 
 426      BE742C66 
 426      A07711C2 
 426      1B5EE3
 427 1767 A8FD9AF9 		.ascii	"\250\375\232\371%a~\245\310,\037\343~\031\367\264#w"
 427      25617EA5 
 427      C82C1FE3 
 427      7E19F7B4 
 427      2377
 428 1779 B3E330D7 		.ascii	"\263\3430\327\376\227\304\375Z\231\233\011\027\323\337"
 428      FE97C4FD 
 428      5A999B09 
 428      17D3DF
 429 1788 24FBC50E 		.ascii	"$\373\305\016\260\315\337\201\330?\373UQYd0\302\005"
 429      B0CDDF81 
 429      D83FFB55 
 429      51596430 
 429      C205
 430 179a 2F340B46 		.ascii	"/4\013F\237\003\262\010\236(L\260\031\277\276\257`\330"
 430      9F03B208 
 430      9E284CB0 
 430      19BFBEAF 
 430      60D8
 431 17ac 0D1FFC1E 		.ascii	"\015\037\374\036{\261\257\363p\223`s\200{\323t+\262"
 431      7BB1AFF3 
 431      70936073 
 431      807BD374 
 431      2BB2
 432 17be 0384440A 		.ascii	"\003\204D\012\266\361'\212\235<k\336\016j\336B\345\305"
 432      B6F1278A 
 432      9D3C6BDE 
 432      0E6ADE42 
 432      E5C5
 433 17d0 E683A51A 		.ascii	"\346\203\245\032\273\254\247$A\345\254\371\334\265\250"
 433      BBACA724 
 433      41E5ACF9 
 433      DCB5A8
 434 17df 8358EE2E 		.ascii	"\203X\356.;\005\271\273D\011\314]\340\233\034\011\357"
 434      3B05B9BB 
 434      4409CC5D 
 434      E09B1C09 
 434      EF
 435 17f0 BD56C2B5 		.ascii	"\275V\302\265\241G\210L\326\013\250\010\204\330'\242"
 435      A147884C 
 435      D60BA808 
 435      84D827A2 
 436 1800 448B73D6 		.ascii	"D\213s\326?\204h=\324r\364\2231\322*dm!\2269\261\310"
 436      3F84683D 
 436      D472F493 
 436      31D22A64 
 436      6D219639 
 437 1816 8922E9BF 		.ascii	"\211\"\351\277\330\030\311$\262\333L\223\365O\305\330"
 437      D818C924 
 437      B2DB4C93 
 437      F54FC5D8 
 438 1826 19121595 		.ascii	"\031\022\025\225\316Z#NR\200\220\274\201L \203-\336"
 438      CE5A234E 
ARM GAS  C:\Users\CYIRKO~1\AppData\Local\Temp\ccfmMKsk.s 			page 35


 438      528090BC 
 438      814C2083 
 438      2DDE
 439 1838 B7E15349 		.ascii	"\267\341SI\235CVS\215&\325\367\350\332\321cR\233\376"
 439      9D435653 
 439      8D26D5F7 
 439      E8DAD163 
 439      529BFE
 440 184b 31A27515 		.ascii	"1\242u\0259\355\375\2568\363{\354\325\264\260\273W\355"
 440      39EDFDAE 
 440      38F37BEC 
 440      D5B4B0BB 
 440      57ED
 441 185d 162D7667 		.ascii	"\026-vg\265{\004\262f\331 .Y\256<M\315\346\177\220n"
 441      B57B04B2 
 441      66D9202E 
 441      59AE3C4D 
 441      CDE67F90 
 442 1872 49EFB094 		.ascii	"I\357\260\224\367\236v\271\234\273\303r\033\232}L\371"
 442      F79E76B9 
 442      9CBBC372 
 442      1B9A7D4C 
 442      F9
 443 1883 D06EC943 		.ascii	"\320n\311C\340\022>w\011\355\010E\013m\200m\257\360"
 443      E0123E77 
 443      09ED0845 
 443      0B6D806D 
 443      AFF0
 444 1895 8343E46D 		.ascii	"\203C\344m\313\210\375\036\270\210)\276\022\2235\211"
 444      CB88FD1E 
 444      B88829BE 
 444      12933589 
 445 18a5 E90A8AFC 		.ascii	"\351\012\212\374\272\212-\277\"\257M\304\271\341;\314"
 445      BA8A2DBF 
 445      22AF4DC4 
 445      B9E13BCC 
 446 18b5 15F75DAF 		.ascii	"\025\367]\257\236\222^S\254\256\373\331-\272)\215\027"
 446      9E925E53 
 446      ACAEFBD9 
 446      2DBA298D 
 446      17
 447 18c6 74285678 		.ascii	"t(Vx\2333\2438A\361\314\350\305\316\247\015l\211OD\305"
 447      9B33A338 
 447      41F1CCE8 
 447      C5CEA70D 
 447      6C894F44 
 448 18db 08547341 		.ascii	"\010TsAtb\257\033nc\232\3576\214\026\272#/\275\230\005"
 448      7462AF1B 
 448      6E639AEF 
 448      368C16BA 
 448      232FBD98 
 449 18f0 5B16D02C 		.ascii	"[\026\320,xP\320\243\004I\361\000\"^\346\344\367h\350"
 449      7850D0A3 
 449      0449F100 
 449      225EE6E4 
 449      F768E8
 450 1903 00E8967E 		.ascii	"\000\350\226~\222F\316\230\036<Ie\353b\"g?\323\332p"
ARM GAS  C:\Users\CYIRKO~1\AppData\Local\Temp\ccfmMKsk.s 			page 36


 450      9246CE98 
 450      1E3C4965 
 450      EB622267 
 450      3FD3DA70 
 451 1917 30AB163B 		.ascii	"0\253\026;5~\"5\376!A\264\376\350\235\201\323j\260~"
 451      357E2235 
 451      FE2141B4 
 451      FEE89D81 
 451      D36AB07E 
 452 192b 07395BD9 		.ascii	"\0079[\331\203\023\317[\"\005\302\203\366I\240\366\011"
 452      8313CF5B 
 452      2205C283 
 452      F649A0F6 
 452      09
 453 193c EC054994 		.ascii	"\354\005I\224D\015>\333\026\177\320\025\3671\203\037"
 453      440D3EDB 
 453      167FD015 
 453      F731831F 
 454 194c BD7EA588 		.ascii	"\275~\245\210\255\326!0D\203?|vo\035\255\202\324\212"
 454      ADD62130 
 454      44833F7C 
 454      766F1DAD 
 454      82D48A
 455 195f 0E335055 		.ascii	"\0163PU)q\245\310)\250T\012*\305\012\252y\244b7/\202"
 455      2971A5C8 
 455      29A8540A 
 455      2AC50AAA 
 455      79A46237 
 456 1975 6AAAD15C 		.ascii	"j\252\321\\\316\336Q\276\2062\241d\011U\262\025U\032"
 456      CEDE51BE 
 456      8632A164 
 456      0955B215 
 456      551A
 457 1987 45357DB5 		.ascii	"E5}\265h\306\003\2172T\261\327\207\366\272\375e&\025"
 457      68C6038F 
 457      3254B1D7 
 457      87F6BAFD 
 457      652615
 458 199a D09EE492 		.ascii	"\320\236\344\222\234\227\037m\211\365\244\023\300\021"
 458      9C971F6D 
 458      89F5A413 
 458      C011
 459 19a8 26C136BB 		.ascii	"&\3016\273\250H\015|\246\013\177I\366w\371w\222\265"
 459      A8480D7C 
 459      A60B7F49 
 459      F677F977 
 459      92B5
 460 19ba F8059392 		.ascii	"\370\005\223\222\270\257\270P\007Rn\227S\317<2\021i"
 460      B8AFB850 
 460      07526E97 
 460      53CF3C32 
 460      1169
 461 19cc B12CA469 		.ascii	"\261,\244i\341\250(DJ\211\244f\035\004w\006\025\363"
 461      E1A82844 
 461      4A89A466 
 461      1D047706 
 461      15F3
ARM GAS  C:\Users\CYIRKO~1\AppData\Local\Temp\ccfmMKsk.s 			page 37


 462 19de BCAF23D6 		.ascii	"\274\257#\326ncA\260K\271$S\314%\2314\227\324TW\334"
 462      6E6341B0 
 462      4BB92453 
 462      CC259934 
 462      97D45457 
 463 19f3 B54B3C89 		.ascii	"\265K<\211v\314\307D\346c\2249;\363z\031MraN\177\363"
 463      76CCC744 
 463      E6639439 
 463      3BF37A19 
 463      4D72614E 
 464 1a09 ADB2FBC1 		.ascii	"\255\262\373\3017\312\022\026A\273\260Wg\366\251\331"
 464      37CA1216 
 464      41BBB057 
 464      67F6A9D9 
 465 1a19 4F46DEE6 		.ascii	"OF\336\346\347\346\350\270\240Si\177\371\233/\336Y\271"
 465      E7E6E8B8 
 465      A053697F 
 465      F99B2FDE 
 465      59B9
 466 1a2b 7CB98AFF 		.ascii	"|\271\212\377\344\027\336\277\322\371\370\204\006\004"
 466      E417DEBF 
 466      D2F9F884 
 466      0604
 467 1a39 99577CE0 		.ascii	"\231W|\340c\336h\370\351z\277\315\001\033\002L\346P"
 467      63DE68F8 
 467      E97ABFCD 
 467      011B024C 
 467      E650
 468 1a4b FF80E0F5 		.ascii	"\377\200\340\365\346\340\340-\246\365\233\202B\337\241"
 468      E6E0E02D 
 468      A6F59B82 
 468      42DFA1
 469 1a5a 57EFF81A 		.ascii	"W\357\370\032\003\3371\004n0\370\373\033\374\327\177"
 469      03DF3104 
 469      6E30F8FB 
 469      1BFCD77F 
 470 1a6a F8DE8A77 		.ascii	"\370\336\212w>x\177\371G[\227\257\207\372\037\007\005"
 470      3E787FF9 
 470      475B97AF 
 470      87FA1F07 
 470      05
 471 1a7b 07197E6C 		.ascii	"\007\031~l\360\335\020\260> \310oK\250\277a}\240/\310"
 471      F0DD10B0 
 471      3E20C86F 
 471      4BA8BF61 
 471      7DA02FC8 
 472 1a8f 0A32ACF7 		.ascii	"\0122\254\367\3617l\364\015\335b\3661\177\035b0\275"
 472      F1376CF4 
 472      0DDD62F6 
 472      317F1D62 
 472      30BD
 473 1aa1 B759A5B5 		.ascii	"\267Y\245\265\352\373\267\377\247\372L_\233\326\373"
 473      EAFBB7FF 
 473      A7FA4C5F 
 473      9BD6FB
 474 1ab0 98CCFE20 		.ascii	"\230\314\376 \034\224\220\276\375\232\377\365\312\177"
 474      1C9490BE 
ARM GAS  C:\Users\CYIRKO~1\AppData\Local\Temp\ccfmMKsk.s 			page 38


 474      FD9AFFF5 
 474      CA7F
 475 1abe F2E6FF61 		.ascii	"\362\346\377a\255\2677\372\027\364+\301o\213\301\327"
 475      ADB737FA 
 475      17F42BC1 
 475      6F8BC1D7 
 476 1ace 28F677F9 		.ascii	"(\366w\371\207>f\255\365\002\233\014\346_|\372\323\365"
 476      873E66AD 
 476      F5029B0C 
 476      E65F7CFA 
 476      D3F5
 477 1ae0 2B0998B5 		.ascii	"+\011\230\265\014\014\005\026lZ\376\321\207\313\202"
 477      0C0C0516 
 477      6C5AFED1 
 477      87CB82
 478 1aef 4DCB36FB 		.ascii	"M\3136\373nY\026\022l4\233\226\255]\367\371\212\017"
 478      6E591612 
 478      6C349B96 
 478      AD5DF7F9 
 478      8A0F
 479 1b01 96FDFAD7 		.ascii	"\226\375\372\327\253\226\375r\315g\253\277\374\200\334"
 479      AB96FD72 
 479      CD67ABBF 
 479      FC80DC
 480 1b10 F20901DA 		.ascii	"\362\011\001\332\262\305\037\364\342\325\253\274\361"
 480      B2C51FF4 
 480      E2D5ABBC 
 480      F1
 481 1b1d 67ABBC85 		.ascii	"g\253\274\2055_\254Y\345\255Y\275v\315\247\237\256\362"
 481      355FAC59 
 481      E5AD59BD 
 481      76CDA79F 
 481      AEF2
 482 1b2f 56AF5EF7 		.ascii	"V\257^\367\257k>\365\026>_\275\352So\374\017\336\336"
 482      AF6B3EF5 
 482      163E5FBD 
 482      EA536FFC 
 482      0FDEDE
 483 1b42 7A933910 		.ascii	"z\2239\020L\260)$ \030p\004\004\007\006\373\033|\314"
 483      4CB02924 
 483      20187004 
 483      040706FB 
 483      1B7CCC
 484 1b55 8030D8EF 		.ascii	"\2000\330\357wB\250\311\327h\306\336D\320J\240\265\336"
 484      7742A8C9 
 484      D768C6DE 
 484      44D04AA0 
 484      B5DE
 485 1b67 D8FB9FBD 		.ascii	"\330\373\237\275y\357u\253\275\371_\256[\343\215Wz\257"
 485      79EF75AB 
 485      BDF95FAE 
 485      5BE38D57 
 485      7AAF
 486 1b79 00FA0068 		.ascii	"\000\372\000h9^\267\312\373\2637\"\367\013\016\014\014"
 486      395EB7CA 
 486      FBB33722 
 486      F70B0E0C 
ARM GAS  C:\Users\CYIRKO~1\AppData\Local\Temp\ccfmMKsk.s 			page 39


 486      0C
 487 1b8a 0E5A66D8 		.ascii	"\016Zf\330f^\266\362\363\265\237\255\205\016\260>\374"
 487      665EB6F2 
 487      F3B59FAD 
 487      850EB03E 
 487      FC
 488 1b9b E2A36DDB 		.ascii	"\342\243m\333\226Q\030\033?\372\020\256\001\274\333"
 488      9651181B 
 488      3FFA10AE 
 488      01BCDB
 489 1baa 176B3FF1 		.ascii	"\027k?\361^\347\263\016\006j\225a\243:xk\250!\324\240"
 489      5EE7B30E 
 489      066A9561 
 489      A33A786B 
 489      A821D4A0 
 490 1bbe DDEA1314 		.ascii	"\335\352\023\024l\016\330\370\265f\253\217\321?\304"
 490      6C0ED8F8 
 490      B566AB8F 
 490      D13FC4
 491 1bcd 6C746116 		.ascii	"lta\026\374\211\217Yc\375\336\352\363\225\021\356\010"
 491      FC898F59 
 491      63FDDEEA 
 491      F39511EE 
 491      08
 492 1bde 5B7DCCC1 		.ascii	"[}\314\301!\320`C\350\306\215\006\243\313V\037\277\340"
 492      21D06043 
 492      E8C68D06 
 492      A3CB561F 
 492      BFE0
 493 1bf0 D020B3C1 		.ascii	"\320 \263\301\2506\005\374\027\364\317\377\017\034\360"
 493      A83605FC 
 493      17F4CFFF 
 493      0F1CF0
 494 1bff 2D011BD6 		.ascii	"-\001\033\326o\362\363s\030x`xo\2714\374fh\265\021:"
 494      6FF2F373 
 494      18786078 
 494      6FB934FC 
 494      6668B511 
 495 1c14 015ABFF2 		.ascii	"\001Z\277\362\0150\007\004m\342\203\240\327Z\243\301"
 495      0D300704 
 495      6DE283A0 
 495      D75AA3C1 
 496 1c24 774B8831 		.ascii	"wK\2101 Xc&\237>\346\2672\027\033\353O\274?_\371\371"
 496      20586326 
 496      9F3EE6B7 
 496      32171BEB 
 496      4FBC3F5F 
 497 1c3a 36521712 		.ascii	"6R\027\022\260\305`4-\373\345\312\225\313\3746[\035"
 497      B0C56034 
 497      2DFBE5CA 
 497      95CBFC36 
 497      5B1D
 498 1c4c 591368DE 		.ascii	"Y\023h\336\266\005\372\"\004\177\025d\200\316\023ki"
 498      B605FA22 
 498      047F1564 
 498      80CE136B 
 498      69
ARM GAS  C:\Users\CYIRKO~1\AppData\Local\Temp\ccfmMKsk.s 			page 40


 499 1c5d 0243CD86 		.ascii	"\002C\315\206m0\246~\233}\350\245\326\020b\010\002\247"
 499      6D30A67E 
 499      9B7DE8A5 
 499      D6106208 
 499      02A7
 500 1c6f DCE46AF8 		.ascii	"\334\344j\370\322\020d\016\3645\375\016\356\006\232"
 500      D210640E 
 500      F435FD0E 
 500      EE069A
 501 1c7e 36317611 		.ascii	"61v\021\252\007\260\2337\003T\177\223\017\021\351./"
 501      AA07B09B 
 501      3703547F 
 501      930F11E9 
 501      2E2F
 502 1c90 F89851A8 		.ascii	"\370\230Q\250\332\360\025i\252\376\312\014JC\340\313"
 502      DAF01569 
 502      AAFECA0C 
 502      4A43E0CB 
 503 1ca0 64080CC1 		.ascii	"d\010\014\301~Af\030\0151\2344\342\267\000\265>f=H\004"
 503      7E416618 
 503      0D319C34 
 503      E2B700B5 
 503      3E663D48 
 504 1cb5 1EDF90CD 		.ascii	"\036\337\220\315\301F\203\306DT\2336\011@\300\360\225"
 504      C14683C6 
 504      44549B36 
 504      0940C0F0 
 504      95
 505 1cc6 D96C0C59 		.ascii	"\331l\014Y\310T\370\030\0150T\206 ?\030\037\020\033"
 505      C854F818 
 505      0D305486 
 505      203F181F 
 505      101B
 506 1cd8 BCE13F43 		.ascii	"\274\341?C\264\206m\001f?\360H\265\321\377kh\301\003"
 506      B4866D01 
 506      663FF048 
 506      B5D1FF6B 
 506      68C103
 507 1ceb 8B496326 		.ascii	"\213Ic&\237\320x\343\026\337MP\022=\326d\3665\033\264"
 507      9FD078E3 
 507      16DF4D50 
 507      123DD664 
 507      F6351BB4 
 508 1cff 66FA4504 		.ascii	"f\372E\004\370n\3605\031\304\030\373\360o\304\030#\027"
 508      F86EF035 
 508      19C418FB 
 508      F06FC418 
 508      2317
 509 1d11 3A93F977 		.ascii	":\223\371w\276[\0026\005\371\230\177\372\335G`\263\037"
 509      BE5B0236 
 509      05F9987F 
 509      FADD4760 
 509      B31F
 510 1d23 F4828475 		.ascii	"\364\202\204u\220o\240\201\367\333\354k\024\202\267"
 510      906FA081 
 510      F7DBEC6B 
 510      1482B7
ARM GAS  C:\Users\CYIRKO~1\AppData\Local\Temp\ccfmMKsk.s 			page 41


 511 1d32 F883D183 		.ascii	"\370\203\321\203\014_\031\214\330\317\274\2153\205p"
 511      0C5F198C 
 511      D8CFBC8D 
 511      338570
 512 1d41 5B8C30DA 		.ascii	"[\2140\332\233\300K \244\215\313\227\003\275\317\031"
 512      9BC04B20 
 512      A48DCB97 
 512      03BDCF19 
 513 1d51 FF8E33FE 		.ascii	"\377\2163\376\2043~\304\031?\344\214\177\313\031\377"
 513      84337EC4 
 513      193FE48C 
 513      7FCB19FF 
 514 1d61 C6954826 		.ascii	"\306\225H&6\203F\377\353\017D\342\363\345G\201\200F"
 514      368346FF 
 514      EB0F44E2 
 514      F3E54781 
 514      8046
 515 1d73 4F45F905 		.ascii	"OE\371\005\203\213o3\363\304\275\\l\343(\004\206\200"
 515      838B6F33 
 515      F3C4BD5C 
 515      6CE32804 
 515      8680
 516 1d85 4F6B4523 		.ascii	"OkE#\233\027\310\006\230\216<\260\033\276\364\260\253"
 516      9B17C806 
 516      988E3CB0 
 516      1BBEF4B0 
 516      AB
 517 1d96 F2312F7F 		.ascii	"\3621/\177#\036\243y\231\350\355\000\303\344\267\231"
 517      231EA379 
 517      99E8ED00 
 517      C3E4B799 
 518 1da6 E49BF7DF 		.ascii	"\344\233\367\337\276\0058\0164\370\333\357\240\342k"
 518      BE05380E 
 518      34F8DBEF 
 518      A0E26B
 519 1db5 93D5D5BF 		.ascii	"\223\325\325\277\203\032p:h\240\203P\023;\345\262\225"
 519      831A703A 
 519      68A08350 
 519      133BE5B2 
 519      95
 520 1dc6 E50F9AE8 		.ascii	"\345\017\232\350X\245z+8v\320\357>\374\326\234k\025"
 520      58A57A2B 
 520      3876D0EF 
 520      3EFCD69C 
 520      6B15
 521 1dd8 4B922C6D 		.ascii	"K\222,mI\300\270\007\207\232CB\315V\371\352\000z\341"
 521      49C0B807 
 521      879A4342 
 521      CD56F9EA 
 521      007AE1
 522 1deb 161024AB 		.ascii	"\026\020$\253\324\256]\345\343\375\351'\253\376U\003"
 522      D4AE5DE5 
 522      E3FDE927 
 522      ABFE5503 
 523 1dfb 176BD7AD 		.ascii	"\027k\327\255^\343\002\337_\374\346\263\337|\266\356"
 523      5EE302DF 
 523      5FFCE6B3 
ARM GAS  C:\Users\CYIRKO~1\AppData\Local\Temp\ccfmMKsk.s 			page 42


 523      DF7CB6EE 
 524 1e0b BB693519 		.ascii	"\273i5\031\214\001\276[H^1\371\213^.\320H\326\323O\037"
 524      8C01BE5B 
 524      485E31F9 
 524      8B5E2ED0 
 524      48D6D34F 
 525 1e20 5370A8D1 		.ascii	"Sp\250\321\317\300\01244\000\020-\230\264$v\015\220"
 525      CFC00A34 
 525      3400102D 
 525      98B42476 
 525      0D90
 526 1e32 19DC19A7 		.ascii	"\031\334\031\247\265\250\376\212\362-\260\257\3651\257"
 526      B5A8FE8A 
 526      F22DB0AF 
 526      F531AF
 527 1e41 787B1B33 		.ascii	"x{\0333\005\304\024r\020\340\365_\006B\014\032\003\314"
 527      05C41472 
 527      10E0F55F 
 527      06420C1A 
 527      03CC
 528 1e53 06B30B19 		.ascii	"\006\263\013\031\275\200@\250\3447\031\314\340\235\241"
 528      BD8040A8 
 528      E43719CC 
 528      E09DA1
 529 1e62 6633862B 		.ascii	"f3\206+\014\027<uP\312\347\261\226\366o\2251\340K\203"
 529      0C173C75 
 529      50CAE7B1 
 529      96F66F95 
 529      31E04B83 
 530 1e76 F1B79FAF 		.ascii	"\361\267\237\257\023\310-\263^^\2536n#\251\007\373\031"
 530      13C82DB3 
 530      5E5EAB36 
 530      6E23A907 
 530      FB19
 531 1e88 3F005A2E 		.ascii	"?\000Z.\230B\014\006\177\270Z\361\217\337y\312\244\363"
 531      98420C06 
 531      7FB85AF1 
 531      8FDF79CA 
 531      A4F3
 532 1e9a 8B386732 		.ascii	"\2138g2\303\212\323\246\250pep\320\306\200MZ\223\377"
 532      C38AD3A6 
 532      A8706570 
 532      D0C6804D 
 532      5A93FF
 533 1ead 4710A001 		.ascii	"G\020\240\001fwV\353\363\031\\\277\347\247\372#\353"
 533      667756EB 
 533      F3195CBF 
 533      E7A7FA23 
 533      EB
 534 1ebe 3C0B6DCD 		.ascii	"<\013m\315\233\214\301\241!$\011\351\003\202\211\032"
 534      9B8CC1A1 
 534      212409E9 
 534      0382891A 
 535 1ece 965875AC 		.ascii	"\226Xu\254\020\000\021\2471\371\2575\223\211t\355\252"
 535      100011A7 
 535      31F9AF35 
 535      938974ED 
ARM GAS  C:\Users\CYIRKO~1\AppData\Local\Temp\ccfmMKsk.s 			page 43


 535      AA
 536 1edf 8F345F80 		.ascii	"\2174_\200^\277\215\233\376/z\370\016\271"
 536      5EBF8D9B 
 536      FE2F7AF8 
 536      0EB9
 537              		.text
 538              		.section	.gnu.lto_.symtab.b6e2322,"",%progbits
 539 0000 7364375F 		.ascii	"sd7_init\000"
 539      696E6974 
 539      00
 540 0009 00       		.ascii	"\000"
 541 000a 00       		.ascii	"\000"
 542 000b 00       		.ascii	"\000"
 543 000c 00000000 		.ascii	"\000\000\000\000\000\000\000\000"
 543      00000000 
 544 0014 8D020000 		.ascii	"\215\002\000\000"
 545 0018 53443700 		.ascii	"SD7\000"
 546 001c 00       		.ascii	"\000"
 547 001d 02       		.ascii	"\002"
 548 001e 00       		.ascii	"\000"
 549 001f 00000000 		.ascii	"\000\000\000\000\000\000\000\000"
 549      00000000 
 550 0027 A0020000 		.ascii	"\240\002\000\000"
 551 002b 5F70616C 		.ascii	"_pal_lld_setgroupmode\000"
 551      5F6C6C64 
 551      5F736574 
 551      67726F75 
 551      706D6F64 
 552 0041 00       		.ascii	"\000"
 553 0042 02       		.ascii	"\002"
 554 0043 00       		.ascii	"\000"
 555 0044 00000000 		.ascii	"\000\000\000\000\000\000\000\000"
 555      00000000 
 556 004c 99020000 		.ascii	"\231\002\000\000"
 557 0050 73645374 		.ascii	"sdStart\000"
 557      61727400 
 558 0058 00       		.ascii	"\000"
 559 0059 02       		.ascii	"\002"
 560 005a 00       		.ascii	"\000"
 561 005b 00000000 		.ascii	"\000\000\000\000\000\000\000\000"
 561      00000000 
 562 0063 9E020000 		.ascii	"\236\002\000\000"
 563              		.text
 564              		.section	.gnu.lto_.opts,"",%progbits
 565 0000 272D666D 		.ascii	"'-fmath-errno' '-fsigned-zeros' '-ftrapping-math' '"
 565      6174682D 
 565      6572726E 
 565      6F272027 
 565      2D667369 
 566 0033 2D666E6F 		.ascii	"-fno-trapv' '-fno-openmp' '-fno-openacc' '-mcpu=cor"
 566      2D747261 
 566      70762720 
 566      272D666E 
 566      6F2D6F70 
 567 0066 7465782D 		.ascii	"tex-m7' '-mno-thumb-interwork' '-mthumb' '-ggdb' '-"
 567      6D372720 
 567      272D6D6E 
ARM GAS  C:\Users\CYIRKO~1\AppData\Local\Temp\ccfmMKsk.s 			page 44


 567      6F2D7468 
 567      756D622D 
 568 0099 4F322720 		.ascii	"O2' '-fomit-frame-pointer' '-falign-functions=16' '"
 568      272D666F 
 568      6D69742D 
 568      6672616D 
 568      652D706F 
 569 00cc 2D666675 		.ascii	"-ffunction-sections' '-fdata-sections' '-fno-common"
 569      6E637469 
 569      6F6E2D73 
 569      65637469 
 569      6F6E7327 
 570 00ff 2720272D 		.ascii	"' '-flto'\000"
 570      666C746F 
 570      2700
 571              		.text
 572              		.comm	__gnu_lto_v1,1,1
 573              		.comm	__gnu_lto_slim,1,1
 574              		.ident	"GCC: (GNU Tools for ARM Embedded Processors 6-2017-q1-update) 6.3.1 20170215 (release) [AR
ARM GAS  C:\Users\CYIRKO~1\AppData\Local\Temp\ccfmMKsk.s 			page 45


DEFINED SYMBOLS
                            *ABS*:00000000 Serial_Init.c
                            *COM*:00000001 __gnu_lto_v1
                            *COM*:00000001 __gnu_lto_slim

NO UNDEFINED SYMBOLS
