ARM GAS  C:\Users\CYIRKO~1\AppData\Local\Temp\ccqhf5ce.s 			page 1


   1              		.cpu cortex-m7
   2              		.eabi_attribute 20, 1
   3              		.eabi_attribute 21, 1
   4              		.eabi_attribute 23, 3
   5              		.eabi_attribute 24, 1
   6              		.eabi_attribute 25, 1
   7              		.eabi_attribute 26, 1
   8              		.eabi_attribute 30, 2
   9              		.eabi_attribute 34, 1
  10              		.eabi_attribute 18, 4
  11              		.file	"enc.c"
  12              		.text
  13              	.Ltext0:
  14              		.section	.gnu.lto_.profile.53175a08,"",%progbits
  15 0000 789C6365 		.ascii	"x\234ce`b`a```d\260\220\000\000\001\010\000]"
  15      60626061 
  15      60606064 
  15      B0900000 
  15      0108005D 
  16              		.text
  17              		.section	.gnu.lto_.icf.53175a08,"",%progbits
  18 0000 789C6365 		.ascii	"x\234ce`b\320f@\000v\206\243\327\346\254fd\334\376\365"
  18      6062D066 
  18      40007686 
  18      A3D7E6AC 
  18      6664DCFE 
  19 0015 72333FD3 		.ascii	"r3?\323\3017W\257\2600\337\236x\352*3\353\236_\317\256"
  19      C13757AF 
  19      B030DF9E 
  19      78EA2A33 
  19      EB9E5FCF 
  20 002a F2B0BDEE 		.ascii	"\362\260\275\356\276\272\207\237\375\307\203\373\274"
  20      BEBA879F 
  20      FDC783FB 
  20      BC
  21 0037 0C00E2D2 		.ascii	"\014\000\342\322\026\005"
  21      1605
  22              		.text
  23              		.section	.gnu.lto_.jmpfuncs.53175a08,"",%progbits
  24 0000 789C6365 		.ascii	"x\234ce`b\010d@\000V fbbd\004\261\231\031\030X\030\247"
  24      60620864 
  24      40005620 
  24      66626264 
  24      04B19919 
  25 0018 3333EEDC 		.ascii	"33\356\334\371\3466{\375\337\006\216\371\314\014\213"
  25      F9E6367B 
  25      FDDF068E 
  25      F9CC0C8B 
  26 0028 81820C8C 		.ascii	"\201\202\014\214\313\031\353\031\030Y\030@\222\315\277"
  26      CB19EB19 
  26      18591840 
  26      92CDBF
  27 0037 F67FE603 		.ascii	"\366\177\346\003JJ\314gf\\\314\014\324\307\270\002\""
  27      4A4ACC67 
  27      665CCC0C 
  27      D4C7B802 
  27      22
ARM GAS  C:\Users\CYIRKO~1\AppData\Local\Temp\ccqhf5ce.s 			page 2


  28 0048 C9C6C0C0 		.ascii	"\311\306\300\300\016T\013\000\307E\0212"
  28      0E540B00 
  28      C7451132 
  29              		.text
  30              		.section	.gnu.lto_.inline.53175a08,"",%progbits
  31 0000 789C6365 		.ascii	"x\234ce`b\310e@\000V\006\0066VF\006&\266\017z\014l\013"
  31      6062C865 
  31      40005606 
  31      06365646 
  31      0626B60F 
  32 0018 E4994062 		.ascii	"\344\231@bL\014<\274@!\201;Yp!F. \301\314\300\306\007"
  32      4C0C3CBC 
  32      4021813B 
  32      59702146 
  32      2E20C1CC 
  33 002f 1407B260 		.ascii	"\024\007\262`\302\314< \325\014l\014,\314@\011\246\013"
  33      C2CC3C20 
  33      D50C6C0C 
  33      2CCC4009 
  33      A60B
  34 0041 FC701976 		.ascii	"\374p\031v\210Z\266\003\273\031\341b\014\0003\004\011"
  34      885AB603 
  34      BB19E162 
  34      0C003304 
  34      09
  35 0052 CA       		.ascii	"\312"
  36              		.text
  37              		.section	.gnu.lto_.pureconst.53175a08,"",%progbits
  38 0000 789C6365 		.ascii	"x\234ce`b\340f```e\220`\222b\226`cag\001\000\003\316"
  38      6062E066 
  38      60606065 
  38      90609262 
  38      96606361 
  39 0019 007C     		.ascii	"\000|"
  40              		.text
  41              		.section	.gnu.lto_EXT_CB_A.part.0.53175a08,"",%progbits
  42 0000 789C8D52 		.ascii	"x\234\215RMkSA\024\275g\356\344\345\003\032W\212`\027"
  42      4D6B5341 
  42      14BD67EE 
  42      E4E5031A 
  42      578A6017 
  43 0014 6E426941 		.ascii	"nBiAW\256\374\035\376\001\011\001\027\022\\\270p\227"
  43      57AEFC1D 
  43      FE010901 
  43      17125CB8 
  43      7097
  44 0026 69B40D54 		.ascii	"i\264\015T\320\202\230\022ky\305 \255Zm\023\255\032"
  44      D0829812 
  44      6B79C520 
  44      AD5A6D13 
  44      AD1A
  45 0038 040DD145 		.ascii	"\004\015\321E\027\251\242\".\024\027\015-D\254\"J\021"
  45      17A9A222 
  45      2E14170D 
  45      2D44AC22 
  45      4A11
  46 004a D1EABDF3 		.ascii	"\321\352\275\363\232\252\320\205\003\363\346\203s\317"
ARM GAS  C:\Users\CYIRKO~1\AppData\Local\Temp\ccqhf5ce.s 			page 3


  46      9AAAD085 
  46      03F3E683 
  46      73CF
  47 0058 39F7BC89 		.ascii	"9\367\274\211\221\241\272!\332MD\007d\"F\260\343Oec"
  47      91A1BA21 
  47      DA4D4407 
  47      642246B0 
  47      E34F6563 
  48 006c 61FC6AC0 		.ascii	"a\374j\300\272\016'\030\320\215K\200\012\3260\0128\317"
  48      BA0E2718 
  48      D08D4B80 
  48      0AD6300A 
  48      38CF
  49 007e 138C5669 		.ascii	"\023\214Vi\255a\006g\234\214\346\304\217C\303ndo\310"
  49      AD610667 
  49      9C8CE6C4 
  49      8F43C36E 
  49      646FC8
  50 0091 4415993A 		.ascii	"D\025\231:0\203A\022\330\3633\013\227\371\034\207\302"
  50      30834112 
  50      D8F3330B 
  50      97F91C87 
  50      C2
  51 00a2 62E5F879 		.ascii	"b\345\370y\371R'\255G\203\375r\014G\327'\231\223Pd\247"
  51      F95227AD 
  51      4783FD72 
  51      0C47D727 
  51      99935064 
  52 00b7 D5F9CA99 		.ascii	"\325\371\312\231\252sE\327\\\302\222\263!3\256\203\205"
  52      AA7345D7 
  52      5CC292B3 
  52      2133AE83 
  52      85
  53 00c8 11D7D08F 		.ascii	"\021\327\320\217Y\364{f\201\316\275}\374.\340\264/\373"
  53      59F47B66 
  53      81CEBD7D 
  53      FC2EE0B4 
  53      2FFB
  54 00da 527FF06D 		.ascii	"R\177\360m\327\277e\026s;\226\255\3246/\366\005\026"
  54      D7BF6516 
  54      733B96AD 
  54      D4362FF6 
  54      0516
  55 00ec 3791C10D 		.ascii	"7\221\301\015d\"\257\270\205\000D\246w;\377\002\316"
  55      6422AFB8 
  55      850044A6 
  55      773BFF02 
  55      CE
  56 00fd 6DFE2A39 		.ascii	"m\376*9\367}\017b\240\220cF?Dc\002\327$\316\262\325"
  56      F77D0F62 
  56      A0906346 
  56      3F446302 
  56      D724CEB2 
  57 0112 955751F4 		.ascii	"\225WQ\364\016^_yx!=4\353\223X\331W\231N\210q\332Ja"
  57      0E5E5F79 
  57      78213D34 
  57      EB9358D9 
ARM GAS  C:\Users\CYIRKO~1\AppData\Local\Temp\ccqhf5ce.s 			page 4


  57      57994E88 
  58 012a 1E438A18 		.ascii	"\036C\212\030\177tx\340\252\267\270QMV\\\363Oo\3306"
  58      7F7478E0 
  58      AAB7B851 
  58      4D565CF3 
  58      4F6FD836 
  59 013e A95558C0 		.ascii	"\251UX\300\000\255\302\220:\321b\332Idm\322x\025\333"
  59      00ADC290 
  59      3AD162DA 
  59      49646DD2 
  59      7815DB
  60 0151 53A97995 		.ascii	"S\251y\225\217\355\215F\262'\363\262/\222\331\312\342"
  60      8FED8D46 
  60      B227F3B2 
  60      2F92D9CA 
  60      E2
  61 0162 6F194BA8 		.ascii	"o\031K\250\367d\264i\251&\355\312\370\256\272(\226\273"
  61      F764B469 
  61      A926EDCA 
  61      F8AEBA28 
  61      96BB
  62 0174 CB473496 		.ascii	"\313G4\226)\206\320\226GZ\317\342\372\313\002o\244\321"
  62      2986D096 
  62      475ACFE2 
  62      FACB026F 
  62      A4D1
  63 0186 F8F0265E 		.ascii	"\370\360&^\370\351D?\250r\024\354\373\366\253'\251\020"
  63      F8E9443F 
  63      A87214EC 
  63      FBF6AB27 
  63      A910
  64 0198 5308398E 		.ascii	"S\0109\216;\362Bnk\350XD\010\352\342ty\024\021\235\211"
  64      3BF2426E 
  64      6BE85844 
  64      08EAE274 
  64      7914119D 
  65 01ad 18174BED 		.ascii	"\030\027K\355ZJ\031\343\000\356\012T5\223\012\371\037"
  65      5A4A19E3 
  65      00EE0A54 
  65      35930AF9 
  65      1F
  66 01be FE7BDBFC 		.ascii	"\376{\333\374\367\205_H\275y\366\346\327Q\234\376\224"
  66      F7855F48 
  66      BD79F6E6 
  66      D7519CFE 
  66      94
  67 01cf 52261FCC 		.ascii	"R&\037\314\030C\257\005\021\344\362\331\203Y\262\271"
  67      1843AF05 
  67      11E4F2D9 
  67      8359B2B9 
  68 01df 53274FC4 		.ascii	"S'O\304\263\307\216\346\363\271\343\277\001t\335\333"
  68      B3C78EE6 
  68      F3B9E3BF 
  68      0174DDDB 
  69 01ef 41       		.ascii	"A"
  70              		.text
  71              		.section	.gnu.lto_EXT_CB_A.53175a08,"",%progbits
ARM GAS  C:\Users\CYIRKO~1\AppData\Local\Temp\ccqhf5ce.s 			page 5


  72 0000 789C8552 		.ascii	"x\234\205RMKTa\024>\317=w\356\334;\315\270\211\242\205"
  72      4D4B5461 
  72      143ECF3D 
  72      77EEDC3B 
  72      CDB889A2 
  73 0015 888B4074 		.ascii	"\210\213@t\321\264h\025\365/\372\003!B\213\220\026-"
  73      D1B46815 
  73      F52FFA03 
  73      21428B90 
  73      162D
  74 0027 DACD3B93 		.ascii	"\332\315;\223_\030\224PM\251MW\222PKS\313>\306\314\206"
  74      5F189450 
  74      4DA94D57 
  74      92504B53 
  74      CB3EC6CC 
  75 003c 5128C88A 		.ascii	"Q(\310\212D\2110Z\364!\214\371A-\202\310\264s\356\035"
  75      4489305A 
  75      F4218CF9 
  75      412D82C8 
  75      B473EE1D 
  76 0050 2524E885 		.ascii	"%$\350\205\367}\357{\356s\236s\316sN\204,2L\264\207"
  76      F77DEF7B 
  76      EE739E73 
  76      CE734E84 
  76      2C324CB4 
  77 0065 888ECA86 		.ascii	"\210\216\312\206C\260:^\021\245]\313\342\211*21{.I&"
  77      43B03A5E 
  77      11A55DCB 
  77      E2892A32 
  77      317B2E49 
  78 007a CE88A819 		.ascii	"\316\210\250\031vx\247\335\010\240\037\306\005\245,"
  78      7678A7DD 
  78      08A01FC6 
  78      05A52C
  79 0089 B62348E1 		.ascii	"\266#H\341\002_a\024[\027\363Vm\237\221U\270\262~(m"
  79      025F6114 
  79      5B17F356 
  79      6D9F9155 
  79      B8B27E28 
  80 009e 9AF7F912 		.ascii	"\232\367\371\022\240S\266.\364\241VPo\232F\256\361y"
  80      A053B62E 
  80      F4A15650 
  80      6F9A46AE 
  80      F179
  81 00b0 F619B0E5 		.ascii	"\366\031\260\345\371\355e\327\247\012}Z\250\226\247"
  81      F9ED65D7 
  81      A70A7D5A 
  81      A896A7
  82 00bf DFB2D2CD 		.ascii	"\337\262\322\315\354\201\344\373m\307\323\30357\215"
  82      EC81E4FB 
  82      6DC7D3C3 
  82      35378D
  83 00ce C998C2DC 		.ascii	"\311\230\302\334%6\373}f\334\002\013\037\006P\211~T"
  83      2536FB7D 
  83      66DC020B 
  83      1F065089 
  83      7E54
ARM GAS  C:\Users\CYIRKO~1\AppData\Local\Temp\ccqhf5ce.s 			page 6


  84 00e0 929808B7 		.ascii	"\222\230\010\267Q#\350\301\367S\037\034\256\010<Wg~"
  84      5123E8C1 
  84      F7531F1C 
  84      AE083C57 
  84      677E
  85 00f2 E4BDB2EB 		.ascii	"\344\275\262\353r6p\2651\270\323\325&\014\241F\361\037"
  85      723670B5 
  85      31B8D3D5 
  85      260CA146 
  85      F11F
  86 0104 47372E27 		.ascii	"G7.'\034;L\025w\340@\356\341Y\024\314\306f\253)l\354"
  86      1C3B4C15 
  86      77E040EE 
  86      E15914CC 
  86      C666AB29 
  87 011a 5EDA1B07 		.ascii	"^\332\033\0074\220d->\216xG\242z\270zxr81=\210\332\205"
  87      3490642D 
  87      3E8E7847 
  87      A27AB87A 
  87      78723831 
  88 0132 42D539C7 		.ascii	"B\3259\307\226\336\374\005\231\236\336Y\004\244\342"
  88      96DEFC05 
  88      999EDE59 
  88      04A4E2
  89 0141 9F63909A 		.ascii	"\237c\220\232\372\226B\323\220\232\230J(\216\227^\034"
  89      FA9642D3 
  89      909A984A 
  89      288E975E 
  89      1C
  90 0152 54538E1D 		.ascii	"TS\216\035\311(\333\\|\035UY\242AA]\305_S^\3704mmF\205"
  90      C928DB5C 
  90      7C1D5559 
  90      A241415D 
  90      C55F535E 
  91 016c CBCCE7D6 		.ascii	"\313\314\347\326\022>ri\221\273\332g\027#R\330\260\024"
  91      123E7269 
  91      91BBDA67 
  91      172352D8 
  91      B014
  92 017e A6F8C5E9 		.ascii	"\246\370\305\351\326\353vr\3104\245\365\237\207Q\370"
  92      D6EB7672 
  92      C834A5F5 
  92      9F8751F8 
  93 018e B81AF401 		.ascii	"\270\032\364\001w\221\224pg\277\267 \214\026\015\003"
  93      77919470 
  93      67BFB720 
  93      8C160D03 
  94 019e 6EB72522 		.ascii	"n\267%\"\215\276'4\202Y\337\302\270\002\023\314\330"
  94      8DBE2734 
  94      8259DFC2 
  94      B80213CC 
  94      D8
  95 01af F4B31637 		.ascii	"\364\263\0267\304\000c\202\371\214\246\205\251#e\214"
  95      C4006382 
  95      F98CA685 
  95      A923658C 
  96 01bf 008697F3 		.ascii	"\000\206\227\363?\023!\200p_s!U\202i\242J\204\260\024"
ARM GAS  C:\Users\CYIRKO~1\AppData\Local\Temp\ccqhf5ce.s 			page 7


  96      3F132180 
  96      705F7321 
  96      558269A2 
  96      4A84B014 
  97 01d3 A87DBD31 		.ascii	"\250}\2751y\261\242\256?\230\223\305n\253\263\307\325"
  97      79B1A2AE 
  97      3F9893C5 
  97      6EABB3C7 
  97      D5
  98 01e4 369687E4 		.ascii	"6\226\207\344\001\352B\215\376\205~\236\266\240}+c\037"
  98      01EA428D 
  98      FE857E9E 
  98      B6A07D2B 
  98      631F
  99 01f6 2A96E92B 		.ascii	"*\226\351+X\261Zw>\277\274\020M\3756\302\030\353\024"
  99      58B15A77 
  99      3EBFBC10 
  99      4DFD36C2 
  99      18EB14
 100 0209 1AC223A4 		.ascii	"\032\302#\244\2441\273\202<l\232Kr\011\231l\351\335"
 100      A431BB82 
 100      3C6C9A4B 
 100      7209996C 
 100      E9DD
 101 021b B13069EF 		.ascii	"\2610i\357o\251\343\330A\021\357\325\264\304\26643?"
 101      6FA9E3D8 
 101      4111EFD5 
 101      B4C4B634 
 101      333F
 102 022d 1D13AD25 		.ascii	"\035\023\255%x\002\3432\357y\255\015\217EU\325)\273"
 102      7802E332 
 102      EF79AD0D 
 102      8F4555D5 
 102      29BB
 103 023f A5532C64 		.ascii	"\245S,d\334\034X\035w\2241!\320\211@\313L\326+\327\363"
 103      DC1C581D 
 103      77943121 
 103      D08940CB 
 103      4CD62BD7 
 104 0254 5FFE27DB 		.ascii	"_\376'\333\374\223\302/\244A\356\221`\232Vdt\326bA\265"
 104      FC93C22F 
 104      A441EE91 
 104      609A5664 
 104      74D66241 
 105 0269 BADAA544 		.ascii	"\272\332\245D1[DNCc\375\201z\262\033\316\234>\025\255"
 105      315B444E 
 105      4363FD81 
 105      7AB21BCE 
 105      9C3E15AD 
 106 027d 3F71BCB1 		.ascii	"?q\274\261\261\341\344\037\264\007\033_"
 106      B1E1E41F 
 106      B4071B5F 
 107              		.text
 108              		.section	.gnu.lto_lld_Encoder_Init.53175a08,"",%progbits
 109 0000 789C5D8F 		.ascii	"x\234]\2171K\003A\020\205\347\355\\.\247D\261T\264\260"
 109      314B0341 
 109      1085E7ED 
ARM GAS  C:\Users\CYIRKO~1\AppData\Local\Temp\ccqhf5ce.s 			page 8


 109      5C2EA744 
 109      B154B4B0 
 110 0014 4DE33FB2 		.ascii	"M\343?\262\012V\202\177\3416\312\031\211Am4F\320=I\021"
 110      0A56827F 
 110      E136CA19 
 110      89416D34 
 110      46D03D49 
 111 0029 359A18BB 		.ascii	"5\232\030\273\253\014A\004A\024\204Tv\026\212\211VV"
 111      AB0C4104 
 111      41148454 
 111      76168A89 
 111      5656
 112 003b 064C9CBD 		.ascii	"\006L\234\275\210\210\003\303.o\336~o6A\212\346A\344"
 112      888803C3 
 112      2E6FDE7E 
 112      6F36418A 
 112      E641E4
 113 004e 11D1B434 		.ascii	"\021\321\2644\230\240\266\356\210\262\236\002\354E{"
 113      98A0B6EE 
 113      88B29E02 
 113      EC457B
 114 005d 205FC1C7 		.ascii	" _\301\307&\027\031\255\334s\244\322\025-\325,\036\270"
 114      261719AD 
 114      DC73A4D2 
 114      152DD52C 
 114      1EB8
 115 006f AB3A9834 		.ascii	"\253:\2304LT\222\266\205\012\322$\266\247F\177{\314"
 115      4C5492B6 
 115      850AD224 
 115      B6A7467F 
 115      7BCC
 116 0081 75863A8E 		.ascii	"u\206:\216\340J\004\325\037\320\324\375AN7\257\247\016"
 116      E04A04D5 
 116      1FD0D4FD 
 116      414E37AF 
 116      A70E
 117 0093 5F5332CA 		.ascii	"_S2\312K\333\214uV\366\344.\202\360\245\220\260\017"
 117      4BDB8C75 
 117      56F6E42E 
 117      82F0A590 
 117      B00F
 118 00a5 2C258ADE 		.ascii	",%\212\336\036\223\376\227\366\014\243\304\202\3001"
 118      1E93FE97 
 118      F60CA3C4 
 118      82C031
 119 00b4 7C3BD809 		.ascii	"|;\330\011Z\367\311\0156\254\360\317\247\3126Q\264\316"
 119      5AF7C90D 
 119      36ACF0CF 
 119      A7CA3651 
 119      B4CE
 120 00c6 6DFB6AD4 		.ascii	"m\373j\324`\037\206\031UY\377\0043\361 \354}\266Sb^"
 120      601F8619 
 120      5559FF04 
 120      33F120EC 
 120      7DB65362 
 121 00db D37AD602 		.ascii	"\323z\326\002Na\020\007\342\014\376_\266\023\263Wz\227"
 121      4E611007 
ARM GAS  C:\Users\CYIRKO~1\AppData\Local\Temp\ccqhf5ce.s 			page 9


 121      E20CFE5F 
 121      B613B357 
 121      7A97
 122 00ed 1FE36297 		.ascii	"\037\343b\227o:e\273\203h7{\325EAg'\014'P\027v\355\207"
 122      6F3A65BB 
 122      8368377B 
 122      D5454167 
 122      270C2750 
 123 0105 3DE85CD4 		.ascii	"=\350\\\324F\304\274\033\263\035\234\377\262\033\360"
 123      46C4BC1B 
 123      B31D9CFF 
 123      B21BF0
 124 0114 0DBBF48E 		.ascii	"\015\273\364\216\345\260[\030j\266\362B\224\217+\"w"
 124      E5B05B18 
 124      6AB6F242 
 124      948F2B22 
 124      77
 125 0125 61293397 		.ascii	"a)3\227\241o4Bv\317"
 125      A16F3442 
 125      76CF
 126              		.text
 127              		.section	.gnu.lto_EXTcfg.53175a08,"",%progbits
 128 0000 789CAD92 		.ascii	"x\234\255\222MK\002A\034\306\367\277\343j\232i\247\210"
 128      4D4B0241 
 128      1CC6F7BF 
 128      E36A9A69 
 128      A788
 129 0012 D8439F20 		.ascii	"\330C\237 \250.~\037\351\332Wh\003\0051\010\202(\213"
 129      A82E7E1F 
 129      E9DA5768 
 129      03053108 
 129      82288B
 130 0025 C0A0C24A 		.ascii	"\300\240\302JS{\263v{3\313\312.\325)\"\017\025\036\""
 130      537BB376 
 130      7B33CBCA 
 130      2ED52922 
 130      0F151E22 
 131 0039 424A0C11 		.ascii	"BJ\014\0213{\266\331K\247\346\320\034\346\307\303\374"
 131      337BB6D9 
 131      4BA7E6D0 
 131      1CE6C7C3 
 131      FC
 132 004a F8F33033 		.ascii	"\370\36303\212$K\227L\222\332$\276\246\031M\005sW\216"
 132      8A244B97 
 132      4C92DA24 
 132      BEA6194D 
 132      0573578E 
 133 005e 71166512 		.ascii	"q\026e\022\2311\365\252\327;\314H?\361\251\230\235e"
 133      9931F5AA 
 133      D73BCC48 
 133      3FF1A998 
 133      9D65
 134 0070 BE8C169A 		.ascii	"\276\214\026\232\327z\243L\216\300Z&5\202\323\030\251"
 134      D77AA34C 
 134      8EC05A26 
 134      3582D318 
 134      A9
ARM GAS  C:\Users\CYIRKO~1\AppData\Local\Temp\ccqhf5ce.s 			page 10


 135 0081 A690AC54 		.ascii	"\246\220\254T\223v\323g\344\025\361\233\305\321/\231"
 135      9376D367 
 135      E415F19B 
 135      C5D12F99 
 136 0091 FB1E117F 		.ascii	"\373\036\021\177\341E?Q\270\337!\3427\236'\357\210\373"
 136      E1453F51 
 136      B8DF21E2 
 136      379E27EF 
 136      88FB
 137 00a3 6E11FFF6 		.ascii	"n\021\377\366.\240[~\273P\377\267\353\246\233\373.\021"
 137      2EA05B7E 
 137      BB50FFB7 
 137      EBA69BFB 
 137      2E11
 138 00b5 3F9E5932 		.ascii	"?\236Y2\254\371N\021\377O\241\032\016\326\030\037\350"
 138      ACF94E11 
 138      FF4FA11A 
 138      0ED6181F 
 138      E8
 139 00c6 10F14B8D 		.ascii	"\020\361K\2155\303\303};\242\256\277\336;F\232ZH\323"
 139      35C3C37D 
 139      3BA2AEBF 
 139      DE3B469A 
 139      5A48D3
 140 00d9 1EC6CADD 		.ascii	"\036\306\312\335=x\367\031\306\177\302G=\\v\362\247"
 140      3D78F719 
 140      C67FC247 
 140      3D5C76F2 
 140      A7
 141 00ea EF427C7C 		.ascii	"\357B||)\305\275\277'\037\360\311\3734b\372\205E\343"
 141      29C5BDBF 
 141      271FF0C9 
 141      FB3462FA 
 141      8545E3
 142 00fd D3BA0A45 		.ascii	"\323\272\012E\244\311M =g5\267\211\370\271J:f\315g\""
 142      A4C94D20 
 142      3D6735B7 
 142      89F8B94A 
 142      3A66CD67 
 143 0112 7EBE55CB 		.ascii	"~\276U\313z\271/\377\313U'\256\336\307]\\\320\224(\263"
 143      7AB92FFF 
 143      CB5527AE 
 143      DEC75D5C 
 143      D09428B3 
 144 0126 51BF4AE7 		.ascii	"Q\277J\347\344\243\001\225\316\200<\251t\012\236\200"
 144      E4A30195 
 144      CE803CA9 
 144      740A9E80 
 145 0136 39F018CC 		.ascii	"9\360\030\314\202G\340!\270\007\032\240\016\356\202"
 145      8247E021 
 145      B8071AA0 
 145      0EEE82
 146 0145 832AED00 		.ascii	"\203*\355\000\031\304mp\013\334\0047\300u0\015\246\300"
 146      19C46D70 
 146      0BDC0437 
 146      C075300D 
 146      A6C0
ARM GAS  C:\Users\CYIRKO~1\AppData\Local\Temp\ccqhf5ce.s 			page 11


 147 0157 24B80626 		.ascii	"$\270\006&\3008\270\012\256\220\317,4\021l\031V\241"
 147      C038B80A 
 147      AE90CF2C 
 147      34116C19 
 147      56A1
 148 0169 CE285322 		.ascii	"\316(S\"L\246\013\234P\001\233}h\330\337\347\227\276"
 148      4CA60B9C 
 148      50019B7D 
 148      68D8DFE7 
 148      97BE
 149 017b 015A7130 		.ascii	"\001Zq0\326"
 149      D6
 150              		.text
 151              		.section	.gnu.lto_get_ticks.53175a08,"",%progbits
 152 0000 789C2D4F 		.ascii	"x\234-O=KCA\020\334\271}^\236B\374\001\232\"m\032\377"
 152      3D4B4341 
 152      10DCB97D 
 152      5E9E42FC 
 152      019A226D 
 153 0016 54B0F52F 		.ascii	"T\260\365/\2743\370\001\012jc\202b8\304\"\032}\370\321"
 153      BC33F801 
 153      0A6A6382 
 153      6238C422 
 153      1A7DF8D1 
 154 002a BDEE2196 		.ascii	"\275\356!\226\032\243`egl\"\246\260\2613:\013\036,\273"
 154      1AA36065 
 154      676C22A6 
 154      B0B1333A 
 154      0B1E2CBB 
 155 003e B3373BB3 		.ascii	"\2637;\263;#N\276E$e,2\240\002\2677\020YM\035`EH!\231"
 155      3B234EBE 
 155      4524652C 
 155      32A002B7 
 155      3710594D 
 156 0058 43865DED 		.ascii	"C\206]\355(\236\326\256\216tG#i\011\341\327\303\341"
 156      289ED6AE 
 156      8E744723 
 156      6909E1D7 
 156      C3E1
 157 006a 68DE2050 		.ascii	"h\336 P'|/6&I\243\027\370\312\316\320\3477\3030\033"
 157      277C2F36 
 157      2649A317 
 157      F8CACED0 
 157      E737C330 
 158 007f D5C901E9 		.ascii	"\325\311\001\351\247\250\241\207\232y\234\241!d\277"
 158      A7A8A187 
 158      9A799CA1 
 158      2164BF
 159 008e 5D4FF7AB 		.ascii	"]O\367\253>\261_6\373\360`\276|F\031\246\277\233\241"
 159      3EB15F36 
 159      FBF060BE 
 159      7C4619A6 
 159      BF9BA1
 160 00a1 1C2C1CE7 		.ascii	"\034,\034\347U\016\233\200l\221c\333l\0230\353\030\255"
 160      550E9B80 
 160      6C9163DB 
 160      6C1330EB 
ARM GAS  C:\Users\CYIRKO~1\AppData\Local\Temp\ccqhf5ce.s 			page 12


 160      18AD
 161 00b3 F6B83FF2 		.ascii	"\366\270?\3626\326UG\265\366\372\355c\305VQ\230xQ|\276"
 161      36D65547 
 161      B5F6FAED 
 161      63C55651 
 161      9878517C 
 162 00c8 56B29F90 		.ascii	"V\262\237\220\262qb\006\354}\334\277\334\315Et\0215"
 162      B2716206 
 162      EC7DDCBF 
 162      DCCD4574 
 162      1135
 163 00da C1054F3A 		.ascii	"\301\005O:\267}\220#B&h\325\377\305H\246\037\314\207"
 163      B77D9023 
 163      422668D5 
 163      FFC548A6 
 163      1FCC87
 164 00ed B55F5E69 		.ascii	"\265_^i.5\345\017\035TR\363"
 164      2E35E50F 
 164      1D5452F3 
 165              		.text
 166              		.section	.gnu.lto_get_turnover.53175a08,"",%progbits
 167 0000 789C2D4F 		.ascii	"x\234-OKKBA\030\375\316|\327\353U0\332\253\340\326M"
 167      4B4B4241 
 167      18FDCE7C 
 167      D7EB5530 
 167      DAABE0D6 
 168 0015 3FA33F22 		.ascii	"?\243?\"m\373\013NZ\032\005\325\"\225\036r\211 {?\300"
 168      6DFB0B4E 
 168      5A1A05D5 
 168      22951E72 
 168      89207B3F 
 169 002a 45D24622 		.ascii	"E\322F\"\010\241\207\005\271iW\020\030\265\260U\233"
 169      08A18705 
 169      B9695710 
 169      18B5B055 
 169      9B
 170 003b AC33E4C0 		.ascii	"\2543\344\300<\316\2313\347\234\211\210\221I\210\004"
 170      3CCE9933 
 170      E79C8988 
 170      91498804 
 171 004b 2292E484 		.ascii	"\"\222\344\204\012\314\312\235\310L`\000w\260\001$o"
 171      0ACCCA9D 
 171      C84C6000 
 171      77B00124 
 171      6F
 172 005c 90C7B2D6 		.ascii	"\220\307\262\326\024\017\263\247\233\272\244!e\036\341"
 172      140FB3A7 
 172      9BBAA421 
 172      651EE1
 173 006b E076FD75 		.ascii	"\340v\375u\314A CX\256TW\343\331\206\345h\327\276\374"
 173      CC412043 
 173      58AE5457 
 173      E3D986E5 
 173      68D7BEFC 
 174 007f F3B7AE8D 		.ascii	"\363\267\256\215\205jd\215\362]\244\320@\312e\354!+"
 174      856A648D 
 174      F25DA4D0 
ARM GAS  C:\Users\CYIRKO~1\AppData\Local\Temp\ccqhf5ce.s 			page 13


 174      40CA65EC 
 174      212B
 175 0091 54BF9C0D 		.ascii	"T\277\234\015+\011\337s\267$\367\341\263\207\234<\242"
 175      2B09DF73 
 175      B724F7E1 
 175      B3879C3C 
 175      A2
 176 00a2 6D87BF65 		.ascii	"m\207\277e\333\356%\267\006\211\210\221PU\271x\2368"
 176      DBEE25B7 
 176      06898891 
 176      5055B978 
 176      9E38
 177 00b4 2B59A0DA 		.ascii	"+Y\240\332\365Z$\340\256}\024\252\375\213b\324\031\324"
 177      F55A24E0 
 177      AE7D14AA 
 177      FD8B62D4 
 177      19D4
 178 00c6 D5D0B73A 		.ascii	"\325\320\267:wy\037u\245\"p1\255\326\307s4\377c\003"
 178      77791F75 
 178      A5227031 
 178      ADD6C773 
 178      34FF6303 
 179 00da 12DB2E8A 		.ascii	"\022\333.\212\334\373\315\323U<D\035\241\3728\344\347"
 179      DCFBCDD3 
 179      553C441D 
 179      A1FA38E4 
 179      E7
 180 00eb 0E5C331C 		.ascii	"\016\\3\034!\204\320\260W\302\277\235\322\221D\261["
 180      2184D0B0 
 180      57C2BF9D 
 180      D29144B1 
 180      5B
 181 00fc EA8C023C 		.ascii	"\352\214\002<\2224\350\354|_kz\303\316[;\036\023;\032"
 181      9234E8EC 
 181      7C5F6B7A 
 181      C3CE5B3B 
 181      1E133B1A 
 182 0110 4DFA7982 		.ascii	"M\372y\202c\244\345\023\205\314\350\005#\331\032\256"
 182      63A4E513 
 182      85CCE805 
 182      23D91AAE 
 183 0120 2DFBFB53 		.ascii	"-\373\373S\323\271\211\234\374\001\240=jU"
 183      D3B9899C 
 183      FC01A03D 
 183      6A55
 184              		.text
 185              		.section	.gnu.lto_.symbol_nodes.53175a08,"",%progbits
 186 0000 789C558D 		.ascii	"x\234U\215\261\021\202P\020D\367\366\370\214e8V\242"
 186      B1118250 
 186      1044F7F6 
 186      F88C6538 
 186      56A2
 187 0012 95DD9110 		.ascii	"\225\335\221\020\233\003\012H\021JFDf\015T\342x0\032"
 187      9B030A48 
 187      114A4644 
 187      660D54E2 
 187      78301A
ARM GAS  C:\Users\CYIRKO~1\AppData\Local\Temp\ccqhf5ce.s 			page 14


 188 0025 B0E1DBB7 		.ascii	"\260\341\333\267\263\011D\205\010\007\032p}\003\006"
 188      B3094485 
 188      08071A70 
 188      7D0306
 189 0034 79F9E467 		.ascii	"y\371\344g \325dqZ\313\206&\277\022\317v\362<\330\235"
 189      20D56471 
 189      5ACB8626 
 189      BF12CF76 
 189      F23CD89D 
 190 0048 C63F1BFD 		.ascii	"\306?\033\375\022\372\2038\206\235n\024\217\231\262"
 190      12FA8338 
 190      869D6E14 
 190      8F99B2
 191 0057 A5E94E61 		.ascii	"\245\351NaG\313vDzZ\332\010\340\353\251\022\350\313"
 191      47CB7644 
 191      7A5ADA08 
 191      E0EBA912 
 191      E8CB
 192 0069 39573D60 		.ascii	"9W=`X>\202/\216.%("
 192      583E822F 
 192      8E2E2528 
 193              		.text
 194              		.section	.gnu.lto_.refs.53175a08,"",%progbits
 195 0000 789C0DC9 		.ascii	"x\234\015\311\261\015\000 \014\304\300\267! !\366`\377"
 195      B10D0020 
 195      0CC4C0B7 
 195      212021F6 
 195      60FF
 196 0012 0D497385 		.ascii	"\015Is\205]1/iC\301\326p\340:\234\330\245\224\025z5"
 196      5D312F69 
 196      43C1D670 
 196      E03A9CD8 
 196      A594157A 
 197 0027 F90FCD00 		.ascii	"\371\017\315\000\216"
 197      8E
 198              		.text
 199              		.section	.gnu.lto_.decls.53175a08,"",%progbits
 200 0000 789CAD58 		.ascii	"x\234\255X{P\024G\032\237\356\236\205eY\221\200\227"
 200      7B501447 
 200      1A9FEE9E 
 200      85655991 
 200      8097
 201 0012 2309B9A2 		.ascii	"#\011\271\242\254\015n]. Ze\256r\227\253$@\"u&p@\274"
 201      AC0D6E5D 
 201      2E205A65 
 201      AE7297AB 
 201      24402275 
 202 002a BB3AAAF6 		.ascii	"\273:\252\366\020V\245\202\340\301\222J\376\033\001"
 202      1056A582 
 202      E0C1924A 
 202      FE1B01
 203 0039 41F0111E 		.ascii	"A\360\021\036\036\362T\004Q\020\024\337\306\200\006"
 203      1EF25404 
 203      511014DF 
 203      C68006
 204 0048 F10508A2 		.ascii	"\361\005\010\242\030_\250<T\360\031APDc\360\276\356"
 204      185FA83C 
ARM GAS  C:\Users\CYIRKO~1\AppData\Local\Temp\ccqhf5ce.s 			page 15


 204      54F01941 
 204      504463F0 
 204      BEEE
 205 005a 9EDD1970 		.ascii	"\236\335\031p\251\344.7E\357L\367\374\372\367\375\276"
 205      A9E42E37 
 205      45EF4CF7 
 205      FCFAF7FD 
 205      BE
 206 006b AF1FF335 		.ascii	"\257\037\3635\032\001\013\370eA\360'\202\340\201\005"
 206      1A010BF8 
 206      6541F027 
 206      82E08105 
 207 007b E1395C8E 		.ascii	"\3419\\\216\202 l\203\002U\341\022\224n\201_\016P\206"
 207      82206C83 
 207      0255E112 
 207      946E815F 
 207      0E5086
 208 008e A13C8232 		.ascii	"\241<\2022J\353H\020\364P^\202\002\335\005w\270\377"
 208      4AEB4810 
 208      F4505E82 
 208      02DD0577 
 208      B8FF
 209 00a0 0A8A0712 		.ascii	"\012\212\007\022\306]7\241\256\205\373|(nP\246\311\274"
 209      C65D37A1 
 209      AE85FB7C 
 209      286E50A6 
 209      C9BC
 210 00b2 6D32E72B 		.ascii	"m2\347+\024/\367\301*\033\264i\"\327]\250\273L\3025"
 210      142FF7C1 
 210      2A1BB469 
 210      22D75DA8 
 210      BB4CC235 
 211 00c6 43E6FB0B 		.ascii	"C\346\373\013`\202\241\274\016%\024\312\220\312\006"
 211      6082A1BC 
 211      0E2514CA 
 211      90CA06
 212 00d5 BDCD45DC 		.ascii	"\275\315E\334\316#\331\226=;\017\240\356(\333\011C\334"
 212      CE23D996 
 212      3D3B0FA0 
 212      EE28DB09 
 212      43DC
 213 00e7 46A71C8B 		.ascii	"F\247\034\213\036(\256*\2754\026/\311\234\326\030\250"
 213      1E28AE2A 
 213      BD34162F 
 213      C99CD618 
 213      A8
 214 00f8 AF3731D7 		.ascii	"\25771\327u^\326\330'\353\276!s\321\330\335\202\322"
 214      755ED6D8 
 214      27EBBE21 
 214      73D1D8DD 
 214      82D2
 215 010a 0FA557D6 		.ascii	"\017\245W\326\363Hx\361\232\002<\032\225\337\"\032\037"
 215      F34878F1 
 215      9A023C1A 
 215      95DF221A 
 215      1F
 216 011b 3B7A7340 		.ascii	";zs@\366\375y\005s\177\254}u\210k\362\027^\344\320O"
ARM GAS  C:\Users\CYIRKO~1\AppData\Local\Temp\ccqhf5ce.s 			page 16


 216      F6FD7905 
 216      737FAC7D 
 216      75886BF2 
 216      175EE4D0 
 217 0130 C2B18EA0 		.ascii	"\302\261\216\2403\251;\212\311\032\202\334tH\204\352"
 217      33A93B8A 
 217      C91A82DC 
 217      744884EA 
 218 0140 83B6C2EB 		.ascii	"\203\266\302\353.P\235\246C^P\275Z20,\022\214(\262v"
 218      2E509DA6 
 218      435E50BD 
 218      5A32302C 
 218      128C28B2 
 219 0155 F98D2A2D 		.ascii	"\371\215*-\274\362\324\241\347\210\326\357\035x2\205"
 219      BCF2D4A1 
 219      E788D6EF 
 219      1D783285 
 220 0165 D7E9EB63 		.ascii	"\327\351\353c\317\0377L\205j\210\016a\250f^\257\315"
 220      CF1F374C 
 220      856A880E 
 220      61A8665E 
 220      AFCD
 221 0177 76225AF6 		.ascii	"v\"Z\366\352FcN\257\263\210\005\264\015\021T\203<\231"
 221      EA46634E 
 221      AFB38805 
 221      B40D1154 
 221      833C99
 222 018a E182138F 		.ascii	"\341\202\023\217\352\234\211;\003\264\017\365f\213\024"
 222      EA9C893B 
 222      03B40FF5 
 222      668B14
 223 0199 500B8037 		.ascii	"P\013\2007=\321v$\322\346\373\027z\207\265\304\223A"
 223      3DD17624 
 223      D2E6FB17 
 223      7A87B5C4 
 223      9341
 224 01ab D2BABBF3 		.ascii	"\322\272\273\3630\205\354\004\310o=\321\016\016\351"
 224      3085EC04 
 224      C86F3DD1 
 224      0E0EE9
 225 01ba 7E52F9A1 		.ascii	"~R\371\241O\215\304/m\260\315/\234;\262i\275\016\031"
 225      4F8DC42F 
 225      6DB0CD2F 
 225      9C3BB269 
 225      BD0E19
 226 01cd B59BE98B 		.ascii	"\265\233\351\213\206\023i\323{S$\011\243\275H+\240\335"
 226      861369D3 
 226      7B532409 
 226      A3BD482B 
 226      A0DD
 227 01df C84706A6 		.ascii	"\310G\006\246IR\2624\230\274\214x\010h\266'\232\011"
 227      4952B234 
 227      98BC8C78 
 227      0868B627 
 227      9A09
 228 01f1 D2288422 		.ascii	"\322(\204\"\320\036dD\273\220\210\252\221'\332\012\242"
 228      D01E6444 
ARM GAS  C:\Users\CYIRKO~1\AppData\Local\Temp\ccqhf5ce.s 			page 17


 228      BB9088AA 
 228      9127DA0A 
 228      A2
 229 0202 C15AEFF5 		.ascii	"\301Z\357\365\262,\035\211\246\202\360\335\212\334\225"
 229      B22C1D89 
 229      A682F0DD 
 229      8ADC95
 230 0211 8E486B7C 		.ascii	"\216Hk|\221\002}\015='c\341z\372\363\035@.\332\017\240"
 230      91027D0D 
 230      3D2763E1 
 230      7AFAF31D 
 230      402EDA0F 
 231 0226 7DE00F17 		.ascii	"}\340\017\027\304\304\261\330\364\227w\366kI<s\274\260"
 231      C4C4B1D8 
 231      F49777F6 
 231      6B493C73 
 231      BCB0
 232 0238 EE618B86 		.ascii	"\356a\213\206\017\220\026\252\373\357W\357\237\302\007"
 232      0F9016AA 
 232      FBEF57EF 
 232      9FC207
 233 0247 A881BEBE 		.ascii	"\250\201\276\276=V{S$_2\350\216\372\324\357]8\264\201"
 233      3D567B53 
 233      245F32E8 
 233      8EFAD4EF 
 233      5D38B481 
 234 025b 8ED0897B 		.ascii	"\216\320\211{\347\233\0359V\322\323\021\033\252*w$\022"
 234      E79B1D39 
 234      56D2D311 
 234      1BAA2A77 
 234      2412
 235 026d 62E0E175 		.ascii	"b\340\341u\3133\264\034\374k\2506\025\025\377F\267\202"
 235      CB33B41C 
 235      FC6BA836 
 235      1515FF46 
 235      B782
 236 027f 8ACB4A91 		.ascii	"\212\313J\221\234\346\322\346J\220\274\205\216\026:"
 236      9CE6D2E6 
 236      4A90BC85 
 236      8E163A
 237 028e 8C74F0EB 		.ascii	"\214t\360\353\353\011\264,\016\303\273+r\235I\006'\272"
 237      EB09B42C 
 237      0EC3BB2B 
 237      729D4906 
 237      27BA
 238 02a0 DA54554D 		.ascii	"\332TUMg\320\014\230\027pMUM\215\031|jt|5\264\311\221"
 238      67D00C98 
 238      17704D55 
 238      4D8D197C 
 238      6A747C35 
 239 02b7 AC61705C 		.ascii	"\254ap\\\320r\241QDF\035\017D{\365\237\012\206$\311"
 239      D072A151 
 239      44461D0F 
 239      447BF59F 
 239      0A8624C9 
 240 02cb 0B9D403A 		.ascii	"\013\235@:tL\011\305\0140(\254\240\241er\004\233\030"
 240      744C09C5 
ARM GAS  C:\Users\CYIRKO~1\AppData\Local\Temp\ccqhf5ce.s 			page 18


 240      0C3028AC 
 240      A0A16572 
 240      049B18
 241 02de 741C020A 		.ascii	"t\034\002\012\274\024\207\216B\343\021.\251jSv\231\003"
 241      BC14878E 
 241      42E3112E 
 241      A96A5376 
 241      9903
 242 02f0 91D854C5 		.ascii	"\221\330T\305\307\017]\276(\"\235\321.A\213\035\002"
 242      C70F5DBE 
 242      28229DD1 
 242      2E418B1D 
 242      02
 243 0301 594CF3F4 		.ascii	"YL\363\364\343\313\351,i\0061M\212\230\023\324}j\244"
 243      E3CBE92C 
 243      6906314D 
 243      8A9813D4 
 243      7D6AA4
 244 0314 F17446DE 		.ascii	"\361tF\336T\322\307\327Cz^\353v-\271\305-\356\315\271"
 244      54D2C7D7 
 244      437A5EEB 
 244      762DB9C5 
 244      2DEECDB9 
 245 0328 308827B3 		.ascii	"0\210'\263xjR\213\003]\206\202\357\250\373m`\261U\261"
 245      786A528B 
 245      035D8682 
 245      EFA8FB6D 
 245      60B155B1 
 246 033c D86CB5F8 		.ascii	"\330l\265\370\254\257\3515\230\365\002\003,\020\325"
 246      ACAFE935 
 246      98F50203 
 246      2C10D5
 247 034b 0BCD8D2F 		.ascii	"\013\315\215/\264\216\301\326\022g>\310\256P\0358\220"
 247      B48EC1D6 
 247      12673EC8 
 247      AE501D38 
 247      90
 248 035c 39E24CEA 		.ascii	"9\342L\352\011_\223\271\351\036\244\205?W^=\223\254"
 248      095F93B9 
 248      E91EA485 
 248      3F575E3D 
 248      93AC
 249 036e 279759E5 		.ascii	"'\227Y\345\325\356\356\226\014=2\352=D\275\273\301\335"
 249      D5EEEE96 
 249      0C3D32EA 
 249      3D44BDBB 
 249      C1DD
 250 0380 60A4BF46 		.ascii	"`\244\277F7\376h4\272\033\271\272S\205\256\311\022L"
 250      37FE6834 
 250      BA1BB9BA 
 250      5385AEC9 
 250      124C
 251 0392 973B488F 		.ascii	"\227;H\217:\024q\347\221\036n\2316O\321\005\344\241"
 251      3A1471E7 
 251      911E6E99 
 251      364FD105 
 251      E4A1
ARM GAS  C:\Users\CYIRKO~1\AppData\Local\Temp\ccqhf5ce.s 			page 19


 252 03a4 9A2CF05A 		.ascii	"\232,\360ZF\346\261U\231\"\271b4\377et\006\020\247\031"
 252      46E6B155 
 252      9922B962 
 252      34FF6574 
 252      0610A719 
 253 03b8 02F0F07B 		.ascii	"\002\360\360{\021V0\333b\321%\350\321\0165\025e'rWQ"
 253      115630DB 
 253      62D125E8 
 253      D10E3515 
 253      65277257 
 254 03cd 5E621685 		.ascii	"^b\026\205l6=%\351=Q@u\360\362\033\032\334\373\020\334"
 254      6C363D25 
 254      E93D5140 
 254      75F0F21B 
 254      1ADCFB10 
 255 03e2 2B80A68B 		.ascii	"+\200\246\213\255\013\236\257\"\003\272\214\014ly\227"
 255      AD0B9EAF 
 255      2203BA8C 
 255      0C6C7997 
 256 03f2 51C286AE 		.ascii	"Q\302\206\256\015\236\271)R\323L\324\015v\352\301\217"
 256      0D9EB929 
 256      52D34CD4 
 256      0D76EAC1 
 256      8F
 257 0403 2B2A7298 		.ascii	"+*r\230\325\002\033\252\311\370\017\310\035&\347\037"
 257      D5021BAA 
 257      C9F80FC8 
 257      1D26E71F 
 258 0413 5BFFEA70 		.ascii	"[\377\352p\262\224?\223-\347*\031.o\005\214\335\217"
 258      B2943F93 
 258      2DE72A19 
 258      2E6F058C 
 258      DD8F
 259 0425 92F39076 		.ascii	"\222\363\220v\255w]FC\012\020\365>\244\362\274g\234"
 259      AD775D46 
 259      430A10F5 
 259      3EA4F2BC 
 259      679C
 260 0437 E7DDE33C 		.ascii	"\347\335\343<_A\225\035\202\227\007\251\262{\240\346"
 260      5F41951D 
 260      829707A9 
 260      B27BA0E6 
 261 0447 1A5726A0 		.ascii	"\032W&\240^E\022\335_J\334r%\352\362\015\344\206\276"
 261      5E4512DD 
 261      5F4ADC72 
 261      25EAF20D 
 261      E486BE
 262 045a 05491467 		.ascii	"\005I\024g\353\250\210R{l}-XI\321u0`\345\345\362\217"
 262      EBA88852 
 262      7B6C7D2D 
 262      5849D175 
 262      3060E5E5 
 263 0470 97B831F9 		.ascii	"\227\2701\371\327\306\313\317\222i\274D\324\2472$P\363"
 263      D7C6CBCF 
 263      9269BC44 
 263      D4A73224 
 263      50F3
ARM GAS  C:\Users\CYIRKO~1\AppData\Local\Temp\ccqhf5ce.s 			page 20


 264 0482 D6EDC37E 		.ascii	"\326\355\303~t\357\202\211\233\262\271\333\360|\013"
 264      74EF8289 
 264      9BB2B9DB 
 264      F07C0B
 265 0491 A2DB3F2E 		.ascii	"\242\333?.\272\247\212\335\370\350\321Yx\022\\\271\371"
 265      BAA78ADD 
 265      F8E8D159 
 265      78125CB9 
 265      F9
 266 04a2 5F8C9EF0 		.ascii	"_\214\236\360\023\344\035\257\025H\015\251\204-\370"
 266      13E41DAF 
 266      15480DA9 
 266      842DF8
 267 04b1 46BBDCAA 		.ascii	"F\273\334\252\261\033)\344\316\337\234t\354\324\013"
 267      B11B29E4 
 267      CEDF9C74 
 267      ECD40B
 268 04c0 019D038B 		.ascii	"\001\235\003\213\312Z\340\024\347\213\331\276O\203t"
 268      CA5AE014 
 268      E78BD9BE 
 268      4F8374
 269 04cf 56595094 		.ascii	"VYP\224\320\212\030z\235\002\276\007\300w\012\340\032"
 269      D08A187A 
 269      9D02BE07 
 269      C0770AE0 
 269      1A
 270 04e0 03D81B2C 		.ascii	"\003\330\033,\365$\2603^'6{oL\247;\032]O\007\024\302"
 270      F524B033 
 270      5E27367B 
 270      6F4CA73B 
 270      1A5D4F07 
 271 04f6 2B8C90AE 		.ascii	"+\214\220\256+\330\031\366\255>z\020wA\033]\213\256"
 271      2BD819F6 
 271      AD3E7A10 
 271      77411B5D 
 271      8BAE
 272 0508 3C6940FC 		.ascii	"<i@\374\027\261\302\252\317\255\027B\254\035Z\2615\377"
 272      17B1C2AA 
 272      CFAD1742 
 272      AC1D5AB1 
 272      35FF
 273 051a B236216B 		.ascii	"\2626!k\017\271\216\345*\226)\331\237\334\031\251\030"
 273      0FB98EE5 
 273      2A9629D9 
 273      9FDC19A9 
 273      18
 274 052b F96B6EC9 		.ascii	"\371kn\311z\361\324\205?\260n\326\336\010+\006\020R"
 274      7AF1D485 
 274      3FB06ED6 
 274      DE082B06 
 274      1052
 275 053d 77501172 		.ascii	"wP\021r\331\362{\233>Aq\016Y\023\240\007\005\255\375"
 275      D9F27B9B 
 275      3E41710E 
 275      5913A007 
 275      05ADFD
 276 0550 BA6E58D6 		.ascii	"\272nX\326\320R\372\036bmER\352nL\372\370\3069\272\354"
ARM GAS  C:\Users\CYIRKO~1\AppData\Local\Temp\ccqhf5ce.s 			page 21


 276      D052FA1E 
 276      626D4552 
 276      EA6E4CFA 
 276      F8C639BA 
 277 0565 DC619DC7 		.ascii	"\334a\235\307d{\331\020\333\313\026\210\234\254-uC\213"
 277      647BD910 
 277      DBCB1688 
 277      9CAC2D75 
 277      438B
 278 0577 E3F452A9 		.ascii	"\343\364R\251\241\007\366\366\261\337\237-O[q\032\272"
 278      A107F6F6 
 278      B1DF9F2D 
 278      4F5B711A 
 278      BA
 279 0588 FD93E1D0 		.ascii	"\375\223\341\320\003e\000\340\021~\007a}\243\001\330"
 279      036500E0 
 279      117E0761 
 279      7DA301D8 
 280 0598 5604348C 		.ascii	"V\0044\214\246C\377\354\316\273\371:\362\214\033\336"
 280      A643FFEC 
 280      CEBBF93A 
 280      F28C1BDE 
 281 05a8 7A38EF8E 		.ascii	"z8\357\216^&kB\2250\366^l\206=Th\036N\244y\304h\356"
 281      5E266B42 
 281      9530F65E 
 281      6C863D54 
 281      681E4EA4 
 282 05c0 5E1CBE8C 		.ascii	"^\034\276\214\310r\361g\350\177<N\177o\375\350\006\021"
 282      C872F167 
 282      E87F3C4E 
 282      7F6FFDE8 
 282      0611
 283 05d2 4C9682C9 		.ascii	"L\226\202\311\261|=,\016\370\000\300\364\001\024\032"
 283      B17C3D2C 
 283      0EF800C0 
 283      F401141A 
 284 05e2 51CC8E4C 		.ascii	"Q\314\216L4;\312\314&\237\331w\024\221<nv\371\352m\353"
 284      343BCACC 
 284      269FD977 
 284      14913C6E 
 284      76F9EA6D 
 285 05f7 74F05D72 		.ascii	"t\360]r\340i\201#\315\003\007\237\356\023y\023\025\363"
 285      E0698123 
 285      CD03079F 
 285      EE137913 
 285      15F3
 286 0609 05349514 		.ascii	"\0054\225\024\\\331\351BJY\027|\2577#S\253J\015\346"
 286      5CD9E942 
 286      4A59177C 
 286      AF372353 
 286      AB4A0DE6 
 287 061d 140CD26F 		.ascii	"\024\014\322o\343\030,\316g\212q\00795\220^\370\316"
 287      E3182CCE 
 287      678A7107 
 287      3935905E 
 287      F8CE
 288 062f FE08F3DF 		.ascii	"\376\010\363\337A\376\316\376\000\215Oyj0\364dp\217"
ARM GAS  C:\Users\CYIRKO~1\AppData\Local\Temp\ccqhf5ce.s 			page 22


 288      41FECEFE 
 288      008D4F79 
 288      6A30F464 
 288      708F
 289 0641 48B6721B 		.ascii	"H\266r\033\231\275C?N\345\037\352\027\011\226\341\027"
 289      99BD433F 
 289      4EE51FEA 
 289      170996E1 
 289      17
 290 0652 09ACA9C1 		.ascii	"\011\254\251\301\254\275,5\2200M\177mb\306\254\037\352"
 290      ACBD2C35 
 290      90304D7F 
 290      6D62C6AC 
 290      1FEA
 291 0664 9C94E274 		.ascii	"\234\224\342tLvq#'\2337\025)\216<\316'E\035\324\221"
 291      4C767123 
 291      279B3715 
 291      298E3CCE 
 291      27451DD4 
 292 0679 54E89B8C 		.ascii	"T\350\233\214m}\201j2OR\354\010\001#\333\213jv8\252"
 292      6D7D816A 
 292      324F52EC 
 292      080123DB 
 292      8B6A7638 
 293 068e 8792322A 		.ascii	"\207\2222*c\271\034\253\307\362tC\317N\027y,\007\306"
 293      63B91CAB 
 293      C7F27443 
 293      CF4E1779 
 293      2C07C6
 294 06a1 BC0A3B6F 		.ascii	"\274\012;oH\222\316@A\350\211\342\300\223\211C\231\206"
 294      4892CE40 
 294      41E889E2 
 294      C0938943 
 294      9986
 295 06b3 E9503E3E 		.ascii	"\351P>>7z\301\205\264\363\241l-\031i\325\223+\334\267"
 295      377AC185 
 295      B4F3A16C 
 295      2D1969D5 
 295      932BDCB7 
 296 06c7 F68A43B5 		.ascii	"\366\212C\265.\310\350l\363\255\370\020\365-\023;\243"
 296      2EC8E86C 
 296      F3ADF810 
 296      F52D133B 
 296      A3
 297 06d8 158A6FFE 		.ascii	"\025\212o\376\316\360\233A!;\322\306\273\226\001\256"
 297      CEF09B41 
 297      213BD2C6 
 297      BB9601AE 
 298 06e8 F93B5BF7 		.ascii	"\371;[\367O`_up\363\031\244v\212R)N\255\034\347T\303"
 298      4F605F75 
 298      70F319A4 
 298      768A5229 
 298      4EAD1CE7 
 299 06fe B947D5C4 		.ascii	"\271G\325\304\346\224\241h\220;\005 \224\256X\207\307"
 299      E694A168 
 299      903B0520 
 299      94AE5887 
ARM GAS  C:\Users\CYIRKO~1\AppData\Local\Temp\ccqhf5ce.s 			page 23


 299      C7
 300 070f F14EAD62 		.ascii	"\361N\255bN\325u\215n\320\221a\356T\326\236]5\016,\265"
 300      4ED5758D 
 300      6ED09161 
 300      EE54D69E 
 300      5D350E2C 
 301 0724 A269014F 		.ascii	"\242i\001O\255\3666\227\033DkF\262\006\263\266\273\025"
 301      ADF63697 
 301      1B446B46 
 301      B206B3B6 
 301      BB15
 302 0736 859578D2 		.ascii	"\205\225x\322\345\223\305\324}\205eyuW\232:5 \257\207"
 302      E593C5D4 
 302      7D856579 
 302      75579A3A 
 302      3520AF87 
 303 074a 9D39BC93 		.ascii	"\2359\274\223\313\323\032B\030\010\255V\324\255\246"
 303      CBD31A42 
 303      1808AD56 
 303      D4ADA6
 304 0759 EAE84336 		.ascii	"\352\350C6Su\360T\371Y\027\362\214\253Z\266{\325N\315"
 304      5375F054 
 304      F95917F2 
 304      8CAB5AB6 
 304      7BD54ECD 
 305 076d 1BE58CE0 		.ascii	"\033\345\214\340\373.c\216T\312s\241\034\336]\365a\313"
 305      FB2E638E 
 305      54CA73A1 
 305      1CDE5DF5 
 305      61CB
 306 077f 613EE6E2 		.ascii	"a>\346\3427\250\331\207ii\230$k\370h\215\354\277\244"
 306      37A8D987 
 306      69699824 
 306      6BF8688D 
 306      ECBFA4
 307 0792 078AD30D 		.ascii	"\007\212\323\015l\017Z\276\005\246\027bi\305Z\231D\371"
 307      6C0F5ABE 
 307      05A61762 
 307      69C55A99 
 307      44F9
 308 07a4 3ED39670 		.ascii	">\323\226p\330\306\377\315h\012\266\324\016\320%K\347"
 308      D8C6FFCD 
 308      680AB6D4 
 308      0ED0254B 
 308      E7
 309 07b5 38655A99 		.ascii	"8eZ\231\321\226)\222\014N\373\365\255k\027E\240-\005"
 309      D1962992 
 309      0C4EFBF5 
 309      AD6B1745 
 309      A02D05
 310 07c8 DAB11C02 		.ascii	"\332\261\034\002[\203\310\200"
 310      5B83C880 
 311 07d0 EB645225 		.ascii	"\353dR%g\241-y\030\206:\237\261^\317\033\252p\326\253"
 311      67A12D79 
 311      18863A9F 
 311      B15ECF1B 
 311      AA70D6AB 
ARM GAS  C:\Users\CYIRKO~1\AppData\Local\Temp\ccqhf5ce.s 			page 24


 312 07e4 BE92B497 		.ascii	"\276\222\264\227\202.\300,\303\241w\272\363\016_\275"
 312      822EC02C 
 312      C3A177BA 
 312      F30E5FBD 
 313 07f4 EDC4935B 		.ascii	"\355\304\223[\243\3528\352\306\217\243\243\033o\200"
 313      A3EA38EA 
 313      C68FA3A3 
 313      1B6F80
 314 0803 DBB95CD0 		.ascii	"\333\271\\\320\212\2325G\010=\262\244\374\254\024\237"
 314      8A9A3547 
 314      083DB2A4 
 314      FCAC149F 
 315 0813 9E8F9EAF 		.ascii	"\236\217\236\257\355\231B\362y\367\373\251}=\316\234"
 315      ED9942F2 
 315      79F7FBA9 
 315      7D3DCE9C 
 316 0823 DA03AADB 		.ascii	"\332\003\252\333F\273\367iH\011\177\267zmc\243H\312"
 316      46BBF769 
 316      48097FB7 
 316      7A6D63A3 
 316      48CA
 317 0835 78A5BC20 		.ascii	"x\245\274 ;]C\266\360JUN\326\016\035\251\342\225\374"
 317      3B5D43B6 
 317      F04A554E 
 317      D60E1DA9 
 317      E295FC
 318 0848 AD179E3A 		.ascii	"\255\027\236:\221j^\251x\372\303 =\006y\323\375\216"
 318      916A5EA9 
 318      78FAC320 
 318      3D0679D3 
 318      FD8E
 319 085a A80E41DE 		.ascii	"\250\016A\336<\230\337\236l\336\254';\031\030gm\254"
 319      3C98DF9E 
 319      6CDEAC27 
 319      3B191867 
 319      6DAC
 320 086c 5EE9643D 		.ascii	"^\351d=.\200\003\032\243`\233T\250\012V\210\267\254"
 320      2E80031A 
 320      A3609B54 
 320      A80A5688 
 320      B7AC
 321 087e 7E33F644 		.ascii	"~3\366D\025\330\266\013U{\257c\237\363J\010\341\026"
 321      15D8B60B 
 321      557BAF63 
 321      9FF34A08 
 321      E116
 322 0890 654679CB 		.ascii	"eFy\313\233\320\241\354\313\375:R\317m<K\311\033P\035"
 322      9BD0A1EC 
 322      CBFD3A52 
 322      CF6D3C4B 
 322      C91B501D 
 323 08a4 B49A671D 		.ascii	"\264\232g\035e\033X\015t\335\252t\255\304\266\223\326"
 323      651B580D 
 323      74DDAA74 
 323      ADC4B693 
 323      D6
 324 08b5 441DD576 		.ascii	"D\035\325vt\320]~\264\254^K\2161#\342\360\310\252N\035"
ARM GAS  C:\Users\CYIRKO~1\AppData\Local\Temp\ccqhf5ce.s 			page 25


 324      74D05D7E 
 324      B4AC5E4B 
 324      8E3123E2 
 324      F0C8AA4E 
 325 08ca 7237188C 		.ascii	"r7\030\214\266\354\004\013\252\321\335\216yj\262\023"
 325      B6EC040B 
 325      AAD1DD8E 
 325      796AB213 
 326 08da B8766003 		.ascii	"\270v`\003\252\305\352\364\253\375\000\271\264e\315"
 326      AAC5EAF4 
 326      ABFD00B9 
 326      B465CD
 327 08e9 2AA9F430 		.ascii	"*\251\3640b\2726\201.\332\303&\201\245`gXz\307{4\276"
 327      62BA3681 
 327      2EDAC326 
 327      81A56067 
 327      587AC77B 
 328 08ff 9B0FDF24 		.ascii	"\233\017\337$\302\320\333\354\242U\011\333X\275\216"
 328      C2D0DBEC 
 328      A25509DB 
 328      58BD8E
 329 090e 26538051 		.ascii	"&S\200Q\347k\240\372\273\256\3739\010\031\246\031\015"
 329      E76BA0FA 
 329      BBAEFB39 
 329      0819A619 
 329      0D
 330 091f 3C5D3E7F 		.ascii	"<]>\177\320e\031\243\245t\34548x\232\275<0G\336\253"
 330      D06519A3 
 330      A574E534 
 330      38789ABD 
 330      3C3047DE 
 331 0934 6906A6F8 		.ascii	"i\006\246\370H\301\354\250\017>\356\005\037wau\012v"
 331      48C1ECA8 
 331      0F3EEE05 
 331      1F776175 
 331      0A76
 332 0946 BFDE8365 		.ascii	"\277\336\203e\215\200R\253\340\356\214\324\313\311-"
 332      8D8052AB 
 332      E0EE8CD4 
 332      CBC92D
 333 0955 4D40CB26 		.ascii	"M@\313&7L\277b\365'[\3614P\260lR\005\3028\363\252\263"
 333      374CBF62 
 333      F5275BF1 
 333      3450B06C 
 333      5205C238 
 334 096c A11B3F1B 		.ascii	"\241\033?\033\246\0369\267WO\262\034\330|\354;Y\233"
 334      A61E39B7 
 334      574FB21C 
 334      D87CEC3B 
 334      599B
 335 097e AC256B79 		.ascii	"\254%kye}\333\366\223\032\222\317+u\325\333;0Y\317+"
 335      657DDBF6 
 335      931A92CF 
 335      2B75D5DB 
 335      3B3059CF 
 336 0993 35070657 		.ascii	"5\007\006W\"\262\231W\036\244\327Z\3106\376\234Z\222"
 336      22B29957 
ARM GAS  C:\Users\CYIRKO~1\AppData\Local\Temp\ccqhf5ce.s 			page 26


 336      1EA4D75A 
 336      C836FE9C 
 336      5A92
 337 09a5 D58E39F7 		.ascii	"\325\2169\367\357\240\232\227Q\334#\362ch\017=\226\356"
 337      EFA09A97 
 337      51DC23F2 
 337      63680F3D 
 337      96EE
 338 09b7 3A5F59A7 		.ascii	":_Y\247%\273\031vJVU\326~\0352\300\345n\340\227\261"
 338      25BB1976 
 338      4A5655D6 
 338      7E1D32C0 
 338      E56EE097 
 339 09cc 4C4A4D81 		.ascii	"LJM\201\341\374#\317\277K`8\353\301\375c\330~n\317\321"
 339      E1FC23CF 
 339      BF4B6038 
 339      EBC1FD63 
 339      D87E6ECF 
 340 09e1 4FDF55D0 		.ascii	"O\337U\320\015\023\321\205\330\026-\216\276\243B\257"
 340      0D13D185 
 340      D8162D8E 
 340      BEA342AF 
 341 09f1 9F882E9A 		.ascii	"\237\210.\232\210\036R\241\213\355\243_<f|\013\253\342"
 341      881E52A1 
 341      8BEDA35F 
 341      3C667C0B 
 341      ABE2
 342 0a03 107B774C 		.ascii	"\020{wL\236\347m0\007\232a\020\016C9\016\245\005J\023"
 342      9EE76D30 
 342      079A6110 
 342      0E43390E 
 342      A5054A13 
 343 0a17 94562827 		.ascii	"\224V('\241\234\200r\004\312Q(\215\266\265@\005\264"
 343      A19C8072 
 343      04CA5128 
 343      8DB6B540 
 343      05B4
 344 0a29 A8425137 		.ascii	"\250BQ7Q\000\337\362Ur\257\251\344\226NDo\300\023#\327"
 344      5100DFF2 
 344      5572AFA9 
 344      E4964E44 
 344      6FC01323 
 345 0a3e A9223F30 		.ascii	"\251\"?0\021\276\177b,\236\376AA\037\264;**p\207\212"
 345      11BE7F62 
 345      2C9EFE41 
 345      411FB43B 
 345      2A2A7087 
 346 0a53 FA1BFBBA 		.ascii	"\372\033\373\272mJ`\221u\035\324q\374>\230\263\033\355"
 346      6D4A6091 
 346      751DD471 
 346      FC3E98B3 
 346      1BED
 347 0a65 2B57B1F7 		.ascii	"+W\261\367[\027\010\245\377\332\276rN/\257\266:~F;6"
 347      5B1708A5 
 347      FFDABE72 
 347      4E2FAFB6 
 347      3A7E463B 
ARM GAS  C:\Users\CYIRKO~1\AppData\Local\Temp\ccqhf5ce.s 			page 27


 348 0a7a 71CDA386 		.ascii	"q\315\243\206\266\321=\032\262\237MH|\273\350V\265#"
 348      B6D13D1A 
 348      B29F4D48 
 348      7CBBE856 
 348      B523
 349 0a8c 7237DA1B 		.ascii	"r7\332\033Lt\032\306\360\227\214\247|T>\304\216z\355"
 349      4C741AC6 
 349      F0978CA7 
 349      7C543EC4 
 349      8E7AED
 350 0a9f 40744AD9 		.ascii	"@tJ\331n\251.&'\263\245\363+\027\365W\261\035\253\317"
 350      6EA92E26 
 350      27B3A5F3 
 350      2B17F557 
 350      B11DABCF 
 351 0ab3 FD67B0F5 		.ascii	"\375g\260\365\340H\037\351?:G/t\351\325\370\241q\377"
 351      E0481FE9 
 351      3F3A472F 
 351      74E9D5F8 
 351      A171FF
 352 0ac6 74E990BF 		.ascii	"t\351\220\277\242\035\014|\366N\315Q\235\032L3\020\005"
 352      A21D0C7C 
 352      F64ECD51 
 352      9D1A4C33 
 352      1005
 353 0ad8 7C5606D3 		.ascii	"|V\006\323\273&\321\022i1\353\002\377\026nz\337?<h~"
 353      BB26D112 
 353      6931EB02 
 353      FF166E7A 
 353      DF3F3C68 
 354 0aed A0963E86 		.ascii	"\240\226>\206\205\007\207\260\266O?\011\372$(\\\373"
 354      850787B0 
 354      B64F3F09 
 354      FA24285C 
 354      FB
 355 0afe D1279F7A 		.ascii	"\321'\237z\371\373\371\011\263\003\337\211\360_\034"
 355      F9FBF909 
 355      B303DF89 
 355      F05F1C
 356 0b0d B32026CC 		.ascii	"\263 &\314\222\024\035\023\037\021E\237\343\023\375"
 356      92141D13 
 356      1F11459F 
 356      E313FD
 357 0b1c DE9EE31B 		.ascii	"\336\236\343\033\237\350\27382\3267&.*6)\332L\237M\346"
 357      9FE8BB38 
 357      32D63726 
 357      2E2A3629 
 357      DA4C9F4D 
 358 0b31 2F2C3E8B 		.ascii	"/,>\213\005\035\334\230\021\223\305\011(\003\022b>7"
 358      051DDC98 
 358      1193C509 
 358      28031262 
 358      3E37
 359 0b43 273844C5 		.ascii	"'8D\305\307-\214Y\244\215Z\034\031\027g\216M\024\227"
 359      C72D8C59 
 359      A48D5A1C 
 359      1917678E 
ARM GAS  C:\Users\CYIRKO~1\AppData\Local\Temp\ccqhf5ce.s 			page 28


 359      4D1497
 360 0b56 C4479B75 		.ascii	"\304G\233u&SRL\234e\366,\223e\241\371\035N\236\310\015"
 360      2653524C 
 360      9C65F62C 
 360      9365A1F9 
 360      1D4E9EC8 
 361 0b6b 59E2E363 		.ascii	"Y\342\343c\023#\026\305%y\261'\257\310\204%^\346%\013"
 361      132316C5 
 361      2579B127 
 361      AFC88425 
 361      5EE6250B 
 362 0b7f CCD1D1E6 		.ascii	"\314\321\321\346\350\2109>\263\275f\315\364{\373_~\021"
 362      E888393E 
 362      B3BD66CD 
 362      F47BFB5F 
 362      7E11
 363 0b91 D0FE565C 		.ascii	"\320\376V\\|\234\371-s\344\202\230\010YL\304\222H\340"
 363      7C9CF92D 
 363      73E48298 
 363      08594CC4 
 363      9248E0
 364 0ba4 8A334798 		.ascii	"\2123G\230\242\315\013#\223b-&\313\227K\315\211\240"
 364      A2CD0B23 
 364      93622D26 
 364      CB974BCD 
 364      89A0
 365 0bb6 4D6BB5F7 		.ascii	"Mk\265\367\217\377\253\275\304/\023#L\211\226h \007"
 365      8FFFABBD 
 365      C42F1323 
 365      4C899668 
 365      2007
 366 0bc8 23386A81 		.ascii	"#8j\201\336\374\305R\331U\223\345\303\237\014\342\322"
 366      DEFCC552 
 366      D95593E5 
 366      C39F0CE2 
 366      D2
 367 0bd9 F8044BA2 		.ascii	"\370\004K\242oX\370\307\263g\371\316\233\027\340\013"
 367      6F58F8C7 
 367      B367F9CE 
 367      9B17E00B 
 368 0be9 610BFADC 		.ascii	"a\013\372\334\317\032SSll4\320N\201\307\250\310\330"
 368      CF1A5353 
 368      6C6C34D0 
 368      4E81C7A8 
 368      C8D8
 369 0bfb D8059151 		.ascii	"\330\005\221Q\237\231,\256\200\361\347\026\374Yhi\254"
 369      9F992CAE 
 369      80F1E716 
 369      FC596869 
 369      AC
 370 0c0c F9D3543A 		.ascii	"\371\323T:\220\376\037\230\336\367Y\032\231`\361\231"
 370      90FE1F98 
 370      DEF7591A 
 370      9960F199 
 371 0c1c E9608E8B 		.ascii	"\351`\216\213\362\211\022\264\326fW\3403\005\306E\301"
 371      F28912B4 
 371      D66657E0 
ARM GAS  C:\Users\CYIRKO~1\AppData\Local\Temp\ccqhf5ce.s 			page 29


 371      3305C645 
 371      C1
 372 0c2d 08249882 		.ascii	"\010$\230\202\342b,N\213\314\020\242\230\250\317\022"
 372      E2622C4E 
 372      8BCC10A2 
 372      98A8CF12 
 373 0c3d 9D4C2639 		.ascii	"\235L&9@\216\362\335\335\314\201\341\364\365\374\310"
 373      408EF2DD 
 373      DDCC81E1 
 373      F4F5FCC8 
 374 0c4d D8241856 		.ascii	"\330$\030V\255\217/\245\\,\350Y\307\244\204\270x\030"
 374      AD8F2FA5 
 374      5C2CE859 
 374      C7A484B8 
 374      7818
 375 0c5f E297AD48 		.ascii	"\342\227\255H\271n\005\203\3540\013\010\321\320\311"
 375      B96E0583 
 375      EC300B08 
 375      D1D0C9
 376 0c6e E0E700BF 		.ascii	"\340\347\000\277Q\013\0279\001\230\233\024\337\3770"
 376      510B1739 
 376      01989B14 
 376      DFFF30
 377 0c7d 742EFD99 		.ascii	"t.\375\231'\316\363\377s\250\370AXh(\372+\232\253\211"
 377      27CEF3FF 
 377      73A8F841 
 377      586828FA 
 377      2B9AAB89 
 378 0c91 8A354726 		.ascii	"\2125G&\310S\304o\016\020Y\037H\242\371\177\210\351"
 378      C853C46F 
 378      0E10591F 
 378      48A2F97F 
 378      88E9
 379 0ca3 472141C1 		.ascii	"G!A\301\237\317b1]\012\205\307\224\004\007\204\222\240"
 379      9FCF6231 
 379      5D0A85C7 
 379      94040784 
 379      92A0
 380 0cb5 80504DC8 		.ascii	"\200PM\310\247!\001\241\216\301a!\201\201\001\241\016"
 380      A72101A1 
 380      8EC16121 
 380      818101A1 
 380      0E
 381 0cc6 C1E17F0F 		.ascii	"\301\341\177\017\011\014\325|\034\034\020\030J>\010"
 381      090CD57C 
 381      1C1C1018 
 381      4A3E08
 382 0cd5 0DD5275A 		.ascii	"\015\325'Z\226@0\026-\215\2117Y\376\003\333/C\312"
 382      96403016 
 382      2D8D8937 
 382      59FE03DB 
 382      2F43CA
 383              		.text
 384              		.section	.gnu.lto_.symtab.53175a08,"",%progbits
 385 0000 656E635F 		.ascii	"enc_ticks\000"
 385      7469636B 
 385      7300
ARM GAS  C:\Users\CYIRKO~1\AppData\Local\Temp\ccqhf5ce.s 			page 30


 386 000a 00       		.ascii	"\000"
 387 000b 00       		.ascii	"\000"
 388 000c 00       		.ascii	"\000"
 389 000d 00000000 		.ascii	"\000\000\000\000\000\000\000\000"
 389      00000000 
 390 0015 18010000 		.ascii	"\030\001\000\000"
 391 0019 6C6C645F 		.ascii	"lld_Encoder_Init\000"
 391      456E636F 
 391      6465725F 
 391      496E6974 
 391      00
 392 002a 00       		.ascii	"\000"
 393 002b 00       		.ascii	"\000"
 394 002c 00       		.ascii	"\000"
 395 002d 00000000 		.ascii	"\000\000\000\000\000\000\000\000"
 395      00000000 
 396 0035 F8000000 		.ascii	"\370\000\000\000"
 397 0039 6765745F 		.ascii	"get_ticks\000"
 397      7469636B 
 397      7300
 398 0043 00       		.ascii	"\000"
 399 0044 00       		.ascii	"\000"
 400 0045 00       		.ascii	"\000"
 401 0046 00000000 		.ascii	"\000\000\000\000\000\000\000\000"
 401      00000000 
 402 004e 06010000 		.ascii	"\006\001\000\000"
 403 0052 6765745F 		.ascii	"get_turnover\000"
 403      7475726E 
 403      6F766572 
 403      00
 404 005f 00       		.ascii	"\000"
 405 0060 00       		.ascii	"\000"
 406 0061 00       		.ascii	"\000"
 407 0062 00000000 		.ascii	"\000\000\000\000\000\000\000\000"
 407      00000000 
 408 006a 0C010000 		.ascii	"\014\001\000\000"
 409 006e 45585444 		.ascii	"EXTD1\000"
 409      3100
 410 0074 00       		.ascii	"\000"
 411 0075 02       		.ascii	"\002"
 412 0076 00       		.ascii	"\000"
 413 0077 00000000 		.ascii	"\000\000\000\000\000\000\000\000"
 413      00000000 
 414 007f 13010000 		.ascii	"\023\001\000\000"
 415 0083 65787453 		.ascii	"extStart\000"
 415      74617274 
 415      00
 416 008c 00       		.ascii	"\000"
 417 008d 02       		.ascii	"\002"
 418 008e 00       		.ascii	"\000"
 419 008f 00000000 		.ascii	"\000\000\000\000\000\000\000\000"
 419      00000000 
 420 0097 11010000 		.ascii	"\021\001\000\000"
 421              		.text
 422              		.section	.gnu.lto_.opts,"",%progbits
 423 0000 272D666D 		.ascii	"'-fmath-errno' '-fsigned-zeros' '-ftrapping-math' '"
 423      6174682D 
ARM GAS  C:\Users\CYIRKO~1\AppData\Local\Temp\ccqhf5ce.s 			page 31


 423      6572726E 
 423      6F272027 
 423      2D667369 
 424 0033 2D666E6F 		.ascii	"-fno-trapv' '-fno-openmp' '-fno-openacc' '-mcpu=cor"
 424      2D747261 
 424      70762720 
 424      272D666E 
 424      6F2D6F70 
 425 0066 7465782D 		.ascii	"tex-m7' '-mno-thumb-interwork' '-mthumb' '-ggdb' '-"
 425      6D372720 
 425      272D6D6E 
 425      6F2D7468 
 425      756D622D 
 426 0099 4F322720 		.ascii	"O2' '-fomit-frame-pointer' '-falign-functions=16' '"
 426      272D666F 
 426      6D69742D 
 426      6672616D 
 426      652D706F 
 427 00cc 2D666675 		.ascii	"-ffunction-sections' '-fdata-sections' '-fno-common"
 427      6E637469 
 427      6F6E2D73 
 427      65637469 
 427      6F6E7327 
 428 00ff 2720272D 		.ascii	"' '-flto'\000"
 428      666C746F 
 428      2700
 429              		.text
 430              		.comm	__gnu_lto_v1,1,1
 431              		.comm	__gnu_lto_slim,1,1
 432              		.ident	"GCC: (GNU Tools for ARM Embedded Processors 6-2017-q1-update) 6.3.1 20170215 (release) [AR
ARM GAS  C:\Users\CYIRKO~1\AppData\Local\Temp\ccqhf5ce.s 			page 32


DEFINED SYMBOLS
                            *ABS*:00000000 enc.c
                            *COM*:00000001 __gnu_lto_v1
                            *COM*:00000001 __gnu_lto_slim

NO UNDEFINED SYMBOLS
