ARM GAS  C:\Users\CYIRKO~1\AppData\Local\Temp\ccd46amN.s 			page 1


   1              		.cpu cortex-m7
   2              		.eabi_attribute 20, 1
   3              		.eabi_attribute 21, 1
   4              		.eabi_attribute 23, 3
   5              		.eabi_attribute 24, 1
   6              		.eabi_attribute 25, 1
   7              		.eabi_attribute 26, 1
   8              		.eabi_attribute 30, 2
   9              		.eabi_attribute 34, 1
  10              		.eabi_attribute 18, 4
  11              		.file	"ext.c"
  12              		.text
  13              	.Ltext0:
  14              		.section	.gnu.lto_.profile.15b8f0d3,"",%progbits
  15 0000 789C6365 		.ascii	"x\234ce`b`a```d\320\022\001\000\000\350\000K"
  15      60626061 
  15      60606064 
  15      D0120100 
  15      00E8004B 
  16              		.text
  17              		.section	.gnu.lto_.icf.15b8f0d3,"",%progbits
  18 0000 789C6365 		.ascii	"x\234ce`bPc@\0006\206\243\327\346\254fd\334\376\365"
  18      60625063 
  18      40003686 
  18      A3D7E6AC 
  18      6664DCFE 
  19 0015 72333FD3 		.ascii	"r3?\323\246E+\216r3\337\236x\352*3\353\236_\317\256"
  19      A6452B8E 
  19      7233DF9E 
  19      78EA2A33 
  19      EB9E5FCF 
  20 002a F2B0BDEE 		.ascii	"\362\260\275\356\276\272\207\237\001\000i\274\022\246"
  20      BEBA879F 
  20      010069BC 
  20      12A6
  21              		.text
  22              		.section	.gnu.lto_.jmpfuncs.15b8f0d3,"",%progbits
  23 0000 789C6365 		.ascii	"x\234ce`b\360c@\000\026 fbbd\004\261\231\201\\\306\351"
  23      6062F063 
  23      40001620 
  23      66626264 
  23      04B19981 
  24 0017 CC8C3B77 		.ascii	"\314\214;w\276\271\315^\377\267\201c>3\303b\240 \003"
  24      BEB9CD5E 
  24      FFB78163 
  24      3E33C362 
  24      A02003
  25 002a E372C67A 		.ascii	"\343r\306z\006F\026\006\220d\363\257\375\237\371\200"
  25      06461606 
  25      9064F3AF 
  25      FD9FF980 
  26 003a 9212F399 		.ascii	"\222\022\363\231\031\0273\003\3651\256\200H\262\001"
  26      19173303 
  26      F531AE80 
  26      48B201
  27 0049 15020092 		.ascii	"\025\002\000\222L\021'"
  27      4C1127
ARM GAS  C:\Users\CYIRKO~1\AppData\Local\Temp\ccd46amN.s 			page 2


  28              		.text
  29              		.section	.gnu.lto_.inline.15b8f0d3,"",%progbits
  30 0000 789C6365 		.ascii	"x\234ce`b\210d@\000\026\006\0066VF\006&\266\017z\014"
  30      60628864 
  30      40001606 
  30      06365646 
  30      0626B60F 
  31 0016 6C0BE499 		.ascii	"l\013\344\231@bL\014<\274@!\201;Yp!F. \301\314\300\306"
  31      40624C0C 
  31      3CBC4021 
  31      813B5970 
  31      21462E20 
  32 002e 071407B2 		.ascii	"\007\024\007\262`\302\314< \325\014l\014,\314@\011\246"
  32      60C2CC3C 
  32      20D50C6C 
  32      0C2CCC40 
  32      09A6
  33 0040 0BFC7019 		.ascii	"\013\374p\031\006\000{\316\007N"
  33      06007BCE 
  33      074E
  34              		.text
  35              		.section	.gnu.lto_.pureconst.15b8f0d3,"",%progbits
  36 0000 789C6365 		.ascii	"x\234ce`b\340d```a\220`\222b\226`c\001\000\002\267\000"
  36      6062E064 
  36      60606061 
  36      90609262 
  36      96606301 
  37 0018 6E       		.ascii	"n"
  38              		.text
  39              		.section	.gnu.lto_EXT_CB_A.part.0.15b8f0d3,"",%progbits
  40 0000 789C8D52 		.ascii	"x\234\215RAKTQ\024>\337=w\336\233\021\234V\221\013\027"
  40      414B5451 
  40      143EDF3D 
  40      77DE9B11 
  40      9C56910B 
  41 0015 6D0651A8 		.ascii	"m\006Q\250U\253\226\375\206\376@\210\320\"\244E\213"
  41      55AB96FD 
  41      86FE4088 
  41      D022A445 
  41      8B
  42 0026 76739DD2 		.ascii	"vs\235\322\001\203\022\302\031\246\222gIh\2519cY\015"
  42      018312C2 
  42      19A69267 
  42      4968A939 
  42      63590D
  43 0039 450D530B 		.ascii	"E\015S\013\027Sa\020A\205\013\007\203\211,\242\220\010"
  43      17536110 
  43      41850B07 
  43      83892CA2 
  43      9008
  44 004b B2CEB9CF 		.ascii	"\262\316\271\317\261\002\027=\270\357\334{\371\316\367"
  44      B102173D 
  44      B8EFDC7B 
  44      F9CEF7
  45 005a 7DE77B2F 		.ascii	"}\347{/A\206\312\206h/\021\035\220\205\004\301\216="
  45      4186CA86 
  45      682F111D 
ARM GAS  C:\Users\CYIRKO~1\AppData\Local\Temp\ccd46amN.s 			page 3


  45      908504C1 
  45      8E3D
  46 006c 978D85F1 		.ascii	"\227\215\205\361\325\200\265\016%\031\320\215K\202\262"
  46      D580B50E 
  46      2519D08D 
  46      4B82B2
  47 007b D630B2B8 		.ascii	"\3260\262\270\300EF=\377\276jz\247\235<\265\342\303"
  47      C045463D 
  47      FFBE6A7A 
  47      A79D3CB5 
  47      E2C3
  48 008d 43436EB8 		.ascii	"CCn\270+b\242\222,}0\215^\022\330\312\331\362\025>\317"
  48      2B62A292 
  48      2C7D308D 
  48      5E12D8CA 
  48      D9F2153E 
  49 00a2 91B05839 		.ascii	"\221\260X9~yv\251\231\326\243\301~9F#\033\227\231SP"
  49      7E7976A9 
  49      99D6A3C1 
  49      7E394623 
  49      1B979953 
  50 00b7 64B3DEFC 		.ascii	"d\263\336\374\306\231)\347r\256\266\214eg#f\334\004"
  50      C69929E7 
  50      72AEB68C 
  50      65672366 
  50      DC04
  51 00c9 0B236EA0 		.ascii	"\013#n\240\0333\350\366\314\002\235{\367d5\340\264o"
  51      1B33E8F6 
  51      CC029D7B 
  51      F76435E0 
  51      B46F
  52 00db FBBAF8E0 		.ascii	"\373\272\370\340\373\236\177\333,\346vm[\253l\215w\006"
  52      FB9E7FDB 
  52      2CE6766D 
  52      5BAB6C8D 
  52      7706
  53 00ed 16F3C860 		.ascii	"\026\363\310`\026\231\330+n!\000\221i\337.\274\204s"
  53      1699D82B 
  53      6E210091 
  53      69DF2EBC 
  53      8473
  54 00ff 5BBFF2CE 		.ascii	"[\277\362\316\375H#\001\2128a\364E4*pM\342\034[\255"
  54      FD482301 
  54      8A3861F4 
  54      45342A70 
  54      4DE21C5B 
  55 0114 BC8E9C77 		.ascii	"\274\216\234w\360\372\332\243\213\351\276\031\237\304"
  55      F0FADAA3 
  55      8BE9BE19 
  55      9FC4
  56 0122 9B221F11 		.ascii	"\233\"\037\021\337\264\035\302\002\372\0240\366\370"
  56      DFB41DC2 
  56      02FA1430 
  56      F6F8
  57 0130 70CF75EF 		.ascii	"p\317u\357p\363j\252\344j\177F\303\216G\355B\031=\264"
  57      70F36AAA 
  57      E46A7F46 
ARM GAS  C:\Users\CYIRKO~1\AppData\Local\Temp\ccd46amN.s 			page 4


  57      C38E47ED 
  57      42193DB4 
  58 0144 0E436A44 		.ascii	"\016CjD\233i7\215\325}\245\311\244L\331\026\251x\221"
  58      9B69378D 
  58      D57DA5C9 
  58      A44CD916 
  58      A97891
  59 0157 4F8DCD6A 		.ascii	"O\215\315j\252\255\262\322\031\253l'\361\267\212%,\266"
  59      AAADB2D2 
  59      19AB6C27 
  59      F1B78A25 
  59      2CB6
  60 0169 557464E9 		.ascii	"Utd\351&\235\311\370\231Z\310\025Z\363G5\224\011\206"
  60      269DC9F8 
  60      995AC815 
  60      5AF34735 
  60      940986
  61 017c D01686EB 		.ascii	"\320\026\206\353/B\375`\201\367Q\255~|\033f\177:\321"
  61      2F42FD60 
  61      81F751AD 
  61      7E7C1B66 
  61      7F3AD1
  62 018f 0FA6388E 		.ascii	"\017\2468\216\365C\343\325\323\216\010\023\2108\304"
  62      F543E3D5 
  62      D38E0813 
  62      8838C4
  63 019e 1DF93F6E 		.ascii	"\035\371?nk\344XB\004j\341La\0041\235\211\031\227\362"
  63      6BE45842 
  63      046AE14C 
  63      6104319D 
  63      891997F2 
  64 01b2 8D4A8732 		.ascii	"\215J\2072\206\000\356\012T5S\012\371\037\376{;\374"
  64      8600EE0A 
  64      5435530A 
  64      F91FFE7B 
  64      3BFC
  65 01c4 F7855F48 		.ascii	"\367\205_H\275y\366\3467\220\233\374\354\231|0\243\014"
  65      BD79F6E6 
  65      37909BFC 
  65      EC997C30 
  65      A30C
  66 01d6 BD164430 		.ascii	"\275\026D0p\372\324\301~\262RN\206\375\307\217\015\016"
  66      70FAD4C1 
  66      7EB2524E 
  66      86FDC78F 
  66      0D0E
  67 01e8 0E9CF80D 		.ascii	"\016\234\370\015 \023\331\327"
  67      2013D9D7 
  68              		.text
  69              		.section	.gnu.lto_EXT_CB_A.15b8f0d3,"",%progbits
  70 0000 789C8552 		.ascii	"x\234\205R\315KTQ\024?\277w\337{\363\33643\321\"j!\342"
  70      CD4B5451 
  70      143FBF77 
  70      DF7BF3DE 
  70      3433D122 
  71 0017 22105D34 		.ascii	"\"\020]4-ZE\375\027\375\003!B\213\220\026-\332\315\235"
  71      2D5A45FD 
ARM GAS  C:\Users\CYIRKO~1\AppData\Local\Temp\ccd46amN.s 			page 5


  71      17FD0321 
  71      428B9016 
  71      2DDACD9D 
  72 002b F1138312 		.ascii	"\361\023\203\022\252\361\243\246'Ih\251\251e\037\317"
  72      AAF1A3A6 
  72      274968A9 
  72      A9651FCF 
  73 003b 261B6684 		.ascii	"&\033f\204ZXa(\005\206\213>\204\361#\251E\020\225v\316"
  73      5A586128 
  73      05868B3E 
  73      84F123A9 
  73      45109576 
  74 0050 7BA38404 		.ascii	"{\243\204\004]\270\367\276{\336\357\374\3169\277s,2"
  74      5DB8F7BE 
  74      7BDEEFFC 
  74      CE39BF73 
  74      2C32
  75 0062 A85911ED 		.ascii	"\250Y\021\355'\242\023\274a\023\214\256WDi\3070T\276"
  75      27A213BC 
  75      61138CAE 
  75      574469C7 
  75      3054BE
  76 0075 9A74D49C 		.ascii	"\232t\324\234O\222\216)Xb\206\031\336i\307\002\344C"
  76      4F928E29 
  76      58628619 
  76      DE69C702 
  76      E443
  77 0087 3BA094A1 		.ascii	";\240\224\241L\013)\\R\335\012\305\366e\337\250\033"
  77      4C0B295C 
  77      52DD0AC5 
  77      F665DFA8 
  77      1B
  78 0098 D4BC0ADD 		.ascii	"\324\274\012\335\371\243i\335z\320\343\000\275\274e"
  78      F9A369DD 
  78      7AD0E300 
  78      BDBC65
  79 00a7 6110758C 		.ascii	"a\020u\214\232k\031\277\256.*O\001&?\277\276\354\373"
  79      9A6B19BF 
  79      AE2E2A4F 
  79      01263FBF 
  79      BEECFB
  80 00ba 9890A781 		.ascii	"\230\220\247\201\032~zm\353\327\224rA\374\375\266\353"
  80      1A7E7A6D 
  80      EBD79472 
  80      41FCFDB6 
  80      EB
  81 00cb D9B1DA5B 		.ascii	"\331\261\332[Zgta\376\212\322\207<\245p\007\212\371"
  81      5A677461 
  81      FE8AD287 
  81      3CA57007 
  81      8AF9
  82 00dd 701B5518 		.ascii	"p\033U\030B\025\261\2110\214ZF\217\274/-\331*\021x~"
  82      4215B189 
  82      308C5A46 
  82      8FBC2F2D 
  82      D92A1178 
  83 00f2 99FDEEBB 		.ascii	"\231\375\356\273\025\327\265l\340jbd\267\253I\030E\255"
ARM GAS  C:\Users\CYIRKO~1\AppData\Local\Temp\ccd46amN.s 			page 6


  83      15D7B56C 
  83      E06A6264 
  83      B7AB4918 
  83      45AD
  84 0104 E03F4C6C 		.ascii	"\340?Ll^\215\333f\230*\356\302\006\337coP\320\233[\355"
  84      5E8DDB66 
  84      982AEEC2 
  84      06DF636F 
  84      50D09B5B 
  85 0119 BAB0B96F 		.ascii	"\272\260\271o%\021\003$\020g\315>6{[\0219\0349\\9\242"
  85      25110324 
  85      1067CD3E 
  85      367B5B11 
  85      391C395C 
  86 012f 72107532 		.ascii	"r\020u2\205\250sA\031r\253\317\310\364\017\314! e\377"
  86      85A87341 
  86      1972ABCF 
  86      C8F40FCC 
  86      212065FF 
  87 0143 9C028969 		.ascii	"\234\002\211i\260\034\232F\305\244\250\214\342Ty\370"
  87      B01C9A46 
  87      C5A4A88C 
  87      E25479F8 
  88 0153 889872CA 		.ascii	"\210\230r\312\346\214\262\255\305\327\021\221\305\016"
  88      E68CB2AD 
  88      C5D71191 
  88      C50E
  89 0161 0AEA2BFE 		.ascii	"\012\352+\376,\271\341Swth\021.\263\220\333\210{\310"
  89      2CB9E153 
  89      77746811 
  89      2EB390DB 
  89      887BC8
  90 0174 A559EE1A 		.ascii	"\245Y\356\032OE0\316\205\215qa\202_\236i\277a&GuKZ\376"
  90      4F4530CE 
  90      858D7161 
  90      825F9E69 
  90      BF612647 
  91 018c 39988087 		.ascii	"9\230\200\207\236\240\017\270\207$\207k\376\326\206"
  91      9EA00FB8 
  91      8724876B 
  91      FED686
  92 019b 305A240C 		.ascii	"0Z$\014\270\323\026\227\033}\237i\030\363k\033\3430"
  92      B8D31697 
  92      1B7D9F69 
  92      18F36B1B 
  92      E330
  93 01ad 8C319333 		.ascii	"\2141\2233\317\333\034\301\360\004`\2221\237\320\262"
  93      CFDB1CC1 
  93      F0046092 
  93      319FD0B2 
  94 01bd 583A5EC1 		.ascii	"X:^\3010`l\315\377\021\017\001\204\007\222\013\211\022"
  94      30606CCD 
  94      FF110F01 
  94      8407920B 
  94      8912
  95 01cf 8AF2D52C 		.ascii	"\212\362\325,\204!@\351\353\315\351\313\211\372\241"
  95      842140E9 
ARM GAS  C:\Users\CYIRKO~1\AppData\Local\Temp\ccd46amN.s 			page 7


  95      EBCDE9CB 
  95      89FAA1
  96 01de 604E960E 		.ascii	"`N\226\016\364\366;\322\305\312\214<D}(\321\277\300"
  96      F4F63BD2 
  96      C5CA8C3C 
  96      447D28D1 
  96      BFC0
  97 01f0 2FD206A4 		.ascii	"/\322\006\244m\025\354#\301*Z\205\022\254\224\355\373"
  97      6D15EC23 
  97      C12A5A85 
  97      12AC94ED 
  97      FB
  98 0201 6B8B91D4 		.ascii	"k\213\221\324o\315\214\321^\246!<F\212\373\262'H\303"
  98      6FCD8CD1 
  98      5EA6213C 
  98      468AFBB2 
  98      2748C3
  99 0214 A4F9A42A 		.ascii	"\244\371\244*#\223-\373'\303\234\335\277\225\216a\027"
  99      23932DFB 
  99      27C39CDD 
  99      BF958E61 
  99      17
 100 0225 456C40D2 		.ascii	"El@\322b\333\312\354\302L\224\245\346\340qL\361\270"
 100      62DBCAEC 
 100      C24C94A5 
 100      E6E0714C 
 100      F1B8
 101 0237 FB521A9E 		.ascii	"\373R\032\236\260\250\"Sv[\246h\310\270\232\037\177"
 101      B0A82253 
 101      765BA668 
 101      C8B89A1F 
 101      7F
 102 0248 6709631C 		.ascii	"g\011c\034[\274\366\"\037\310\231\311\272\225\232\376"
 102      5BBCF622 
 102      1FC899C9 
 102      BA959AFE 
 103 0258 1BE3E94E 		.ascii	"\033\343\351N\214i\216\301\304A\376V0P\353<=\033\001"
 103      8C698EC1 
 103      C441FE56 
 103      3050EB3C 
 103      3D1B01
 104 026b 53A04227 		.ascii	"S\240B'\227\311f\203\310n<\177\356p\003\231|\235\215"
 104      97C96683 
 104      C86E3C7F 
 104      EE700399 
 104      7C9D8D
 105 027e 349C3ED5 		.ascii	"4\234>\325\324\324x\346\017g0\035\312"
 105      D4D478E6 
 105      0F67301D 
 105      CA
 106              		.text
 107              		.section	.gnu.lto_EXT_Start.15b8f0d3,"",%progbits
 108 0000 789C5D8F 		.ascii	"x\234]\217\275K\003A\020\305\347\355\\.\347'V\242\304"
 108      BD4B0341 
 108      10C5E7ED 
 108      5C2EE727 
 108      56A2C4
ARM GAS  C:\Users\CYIRKO~1\AppData\Local\Temp\ccd46amN.s 			page 8


 109 0013 C23608FE 		.ascii	"\3026\010\376A\266bekaw\033%D\"\250\215\306\010\262"
 109      41B66265 
 109      6B61771B 
 109      254422A8 
 109      8DC608B2 
 110 0027 0729128D 		.ascii	"\007)\022\215\346\303F\016\013\217`\243\210\202\020"
 110      E6C3460E 
 110      0B8F60A3 
 110      888210
 111 0036 1B3B8B14 		.ascii	"\033;\213\024Q++\003&\316\236\"\342\300\260\303\233"
 111      512B2B03 
 111      26CE9E22 
 111      E2C0B0C3 
 111      9B
 112 0047 C7EFCD26 		.ascii	"\307\357\315&H\321\002\210<\"JI\203\011j\347\216(\343"
 112      48D10288 
 112      3C224A49 
 112      83096AE7 
 112      8E28E3
 113 005a 29C00EDA 		.ascii	")\300\016\332\003\371\012>\266\271\300h\345:\241J\227"
 113      03F90A3E 
 113      B6B9C068 
 113      E53AA14A 
 113      97
 114 006b B5545478 		.ascii	"\265TTx\234\326\225\010\206\211\212\322\266PF\232\304"
 114      9CD69508 
 114      86898AD2 
 114      B650469A 
 114      C4
 115 007c F6DCECEF 		.ascii	"\366\334\354\357\216\271\316\267\216\012\\\211\240\372"
 115      8EB9CEB7 
 115      8E0A5C89 
 115      A0FA
 116 008a 0322DD1F 		.ascii	"\003\"\335\037\344t\324\231\274I\311&/m#6Y\331\227_"
 116      E474D499 
 116      BC49C926 
 116      2F6D2336 
 116      59D9975F 
 117 009e 900DCEE7 		.ascii	"\220\015\316\347\254\3352\302\360\365)\351\177j\317"
 117      ACDD32C2 
 117      F0F529E9 
 117      7F6ACF
 118 00ad 308A2C00 		.ascii	"0\212,\000\034\301\267\213\275l\353>\271\305\206\025"
 118      1CC1B78B 
 118      BD6CEB3E 
 118      B9C58615 
 119 00bd FEF954C9 		.ascii	"\376\371T\311\346\211\326\275m_\015\033\034\312q\214"
 119      E689D6BD 
 119      6D5F0D1B 
 119      1CCA718C 
 120 00cd AA1C7F8C 		.ascii	"\252\034\177\214\231x\021\364>\332\243b\336\320z\326"
 120      997811F4 
 120      3EDAA362 
 120      DED07AD6 
 121 00dd 024E6010 		.ascii	"\002N`\020\007\342\024\376_\266\023\263\327{\227\357"
 121      07E214FE 
 121      5FB613B3 
ARM GAS  C:\Users\CYIRKO~1\AppData\Local\Temp\ccd46amN.s 			page 9


 121      D77B97EF 
 122 00ed E3629F12 		.ascii	"\343b\237\022\241do\020\355\372\240\272,\350\314\204"
 122      A1646F10 
 122      EDFAA0BA 
 122      2CE8CC84 
 123 00fd E104EAC2 		.ascii	"\341\004\352\302\256\375\260\007\335\263\332\220\230"
 123      AEFDB007 
 123      DDB3DA90 
 123      98
 124 010a F763B683 		.ascii	"\367c\266\203\306/\273\011\337\260KoX\013.Fb\311V^\200"
 124      C62FBB09 
 124      DFB04B6F 
 124      580B2E46 
 124      62C9565E 
 125 011f F26D45E4 		.ascii	"\362mE\344.\255\256\314/\322\027\356&u\234"
 125      2EADAECC 
 125      2FD217EE 
 125      26759C
 126              		.text
 127              		.section	.gnu.lto_EXTcfg.15b8f0d3,"",%progbits
 128 0000 789CAD92 		.ascii	"x\234\255\222MK\002A\034\306\367\277\343j\232f\247\210"
 128      4D4B0241 
 128      1CC6F7BF 
 128      E36A9A66 
 128      A788
 129 0012 D8439F20 		.ascii	"\330C\237 \250.~\237\350\033t\350\346\006\012R\020\004"
 129      A82E7E9F 
 129      E81B74E8 
 129      E6060A52 
 129      1004
 130 0024 51168141 		.ascii	"Q\026\201A\205\225f\366f\355\366f\366j\020\326)\244"
 130      859566F6 
 130      66EDF666 
 130      F66A10D6 
 130      29A4
 131 0036 0E151E42 		.ascii	"\016\025\036B$*\014\0213{\266\331K\247\346\320\034\346"
 131      242A0C11 
 131      337BB6D9 
 131      4BA7E6D0 
 131      1CE6
 132 0048 C7C3FCF8 		.ascii	"\307\303\374\370\36303\212$K\227L\222\232$\276&\031"
 132      F330338A 
 132      244B974C 
 132      929A24BE 
 132      2619
 133 005a 4D043339 		.ascii	"M\00439\307(\2130\211\314\270Z\322\253\0363\322O|\272"
 133      C7288B30 
 133      89CCB85A 
 133      D2AB1E33 
 133      D24F7CBA 
 134 006e 4F4F335F 		.ascii	"OO3_J\013\315j\235\021&\207a-\222\032\306i\224TSH\274"
 134      4A0BCD6A 
 134      9D112687 
 134      612D921A 
 134      C6699454 
 135 0085 971376D3 		.ascii	"\227\023v\323g\344\025\361\353\367C_2\367[D\374\271"
 135      67E415F1 
ARM GAS  C:\Users\CYIRKO~1\AppData\Local\Temp\ccd46amN.s 			page 10


 135      EBF7435F 
 135      32F75B44 
 135      FCB9
 136 0097 A27EAC70 		.ascii	"\242~\254p\337#\342\327\236\307\363\304}\267\210\177"
 136      DF23E2D7 
 136      9EC7F3C4 
 136      7DB7887F 
 137 00a7 9B0FE896 		.ascii	"\233\017\350\226\337,\324\377\365\272\356\346\276K\304"
 137      DF2CD4FF 
 137      F5BAEEE6 
 137      BE4BC4
 138 00b6 8FA5160C 		.ascii	"\217\245\026\014k\276S\304\377S(\017\007+\214\017t\210"
 138      6BBE53C4 
 138      FF53280F 
 138      072B8C0F 
 138      7488
 139 00c8 F885DA8A 		.ascii	"\370\205\332\212\321\302};\242\256\227\356\034\376\272"
 139      D1C27D3B 
 139      A2AE97EE 
 139      1CFEBA
 140 00d7 16D2B487 		.ascii	"\026\322\264\207\221\253\366\016\274\373\024\343?\341"
 140      91ABF60E 
 140      BCFB14E3 
 140      3FE1
 141 00e5 A33AFCE2 		.ascii	"\243:\374\342\344O\337\206\370X,\304\274\277'\357\363"
 141      E44FDF86 
 141      F8582CC4 
 141      BCBF27EF 
 141      F3
 142 00f6 C97BE437 		.ascii	"\311{\3447\375\354\274\361i]\205\"\322\344&\220\234"
 142      FDECBCF1 
 142      695D8522 
 142      D2E42690 
 142      9C
 143 0107 B19ADB44 		.ascii	"\261\232\333D\374\314{2j\315g\"\376i\243\222\366r_\376"
 143      FCCC7B32 
 143      6ACD6722 
 143      FE69A392 
 143      F6725FFE 
 144 011b 97AB8EE7 		.ascii	"\227\253\216\347\336F]\\\320\224\010\263Q\267J\347\344"
 144      DE465D5C 
 144      D09408B3 
 144      51B74AE7 
 144      E4
 145 012c A31E95CE 		.ascii	"\243\036\225\316\200SR\351\004<\0063\340\021\230\006"
 145      805352E9 
 145      043C0633 
 145      E0119806 
 146 013c 0FC10370 		.ascii	"\017\301\003p\0274@\035\334\001{U\332\006R\210[\340"
 146      1734401D 
 146      DC017B55 
 146      DA065288 
 146      5BE0
 147 014e 26B801AE 		.ascii	"&\270\001\256\203k`\022\\\005\023\340\012\030\007c\340"
 147      836B6012 
 147      5C0513E0 
 147      0A180763 
ARM GAS  C:\Users\CYIRKO~1\AppData\Local\Temp\ccd46amN.s 			page 11


 147      E0
 148 015f 32B8443E 		.ascii	"2\270D>\263\320X\260aX\205Z#L\0113\231.pBYl\366\376"
 148      B3D058B0 
 148      6158855A 
 148      234C0933 
 148      992E7042 
 149 0177 C181AE3E 		.ascii	"\301\201\256>\351\033\036\2640\320"
 149      E91B1EB4 
 149      30D0
 150              		.text
 151              		.section	.gnu.lto_get_ticks.15b8f0d3,"",%progbits
 152 0000 789C2D4F 		.ascii	"x\234-O=K\003Q\020\334y\033\357\016!\266\026\006I{\215"
 152      3D4B0351 
 152      10DC791B 
 152      EF0E21B6 
 152      1606497B 
 153 0015 A5BFC1FF 		.ascii	"\245\277\301\377!\371\007\026v\367<\015\242\202\232"
 153      21F90716 
 153      76F73C0D 
 153      A2829A
 154 0024 220951C3 		.ascii	"\"\011Q\303\025\026\361\023\265Lw\210\245&$`e\027\253"
 154      1516F113 
 154      B54C7788 
 154      A5262460 
 154      6517AB
 155 0037 0405C54E 		.ascii	"\004\005\305N0:\013\026\313\356\314\233\235\2357#N\276"
 155      303A0B16 
 155      CBEECC9B 
 155      9D9D3723 
 155      4EBE
 156 0049 4424622D 		.ascii	"D$b-\260\240\002w\330\023\331\210\034`\203\217 \211"
 156      B0A00277 
 156      D813D988 
 156      1C60838F 
 156      2089
 157 005b 4382036D 		.ascii	"C\202\003m*\006[\267'\272\257\031e\005\302\317\247\243"
 157      2A065BB7 
 157      27BAAF19 
 157      6505C2CF 
 157      A7A3
 158 006d D7398340 		.ascii	"\3279\203@\231\360\330\017w\302\270\343}\352\363\346"
 158      99F0D80F 
 158      77C2B8E3 
 158      7DEAF3E6 
 159 007d 475CDBAC 		.ascii	"G\\\333\254\256d\352\244E\365\031J\350\240d'\316\021"
 159      AE64EAA4 
 159      45F5194A 
 159      E8A06427 
 159      CE11
 160 008f 0BC5A3BB 		.ascii	"\013\305\243\273i\275\030\024\354\225\344\005\002\260"
 160      69BD1814 
 160      EC95E405 
 160      02B0
 161 009d DF0C91FB 		.ascii	"\337\014\221\373\351\357\266\317{\363\223E\356\332\276"
 161      E9EFB6CF 
 161      7BF39345 
 161      EEDABE
ARM GAS  C:\Users\CYIRKO~1\AppData\Local\Temp\ccd46amN.s 			page 12


 162 00ac EC526259 		.ascii	"\354RbY\366\010\330u\214\2641\376^\266\245\266:z5\252"
 162      F608D875 
 162      8CB431FE 
 162      5EB6A5B6 
 162      3A7A35AA 
 163 00c0 F7FDD072 		.ascii	"\367\375\320r(\314\272\333}{\011\223\037\037\22185{"
 163      28CCBADB 
 163      7D7B0993 
 163      1F1F9138 
 163      357B
 164 00d2 7293C7E7 		.ascii	"r\223\307\347\207\331\014m\320\021W\374\317\245\245"
 164      87D90C6D 
 164      D01157FC 
 164      CFA5A5
 165 00e1 C13532C8 		.ascii	"\30152\310;\322\362\277\031\305<\007;\3039\250\254\257"
 165      3BD2F2BF 
 165      19C53C07 
 165      3BC339A8 
 165      ACAF
 166 00f3 2DADCA1F 		.ascii	"-\255\312\037U6Q'"
 166      55365127 
 167              		.text
 168              		.section	.gnu.lto_.symbol_nodes.15b8f0d3,"",%progbits
 169 0000 789C558D 		.ascii	"x\234U\215\273\015\302P\020\004\347\355\361L\033\210"
 169      BB0DC250 
 169      1004E7ED 
 169      F14C1B88 
 170 0010 4AA0B23B 		.ascii	"J\240\262;\022Kd\024\300\307\030\212\0002Gd\324@%\210"
 170      124B6414 
 170      C0C7188A 
 170      00324764 
 170      D4402588 
 171 0024 3382800D 		.ascii	"3\202\200\015gg\265\025\261&\243\223\0346\017p\3125"
 171      6767B515 
 171      B126A393 
 171      1C360F70 
 171      CA35
 172 0036 865840DD 		.ascii	"\206X@\335J\253\371X\356\344\345[r\351\206h\222\035"
 172      4AABF958 
 172      EEE4E55B 
 172      72E98668 
 172      921D
 173 0048 E4FAB15B 		.ascii	"\344\372\261[,S\357\305,\355\272W\211\234\231:\271\375"
 173      2C53EFC5 
 173      2CEDBA57 
 173      899C993A 
 173      B9FD
 174 005a 29E5289F 		.ascii	")\345(\237|\010\304xa\202\276\2757fS\316\317W\341\015"
 174      7C08C478 
 174      6182BEBD 
 174      376653CE 
 174      CF57E10D 
 175 006e 07742091 		.ascii	"\007t \221"
 176              		.text
 177              		.section	.gnu.lto_.refs.15b8f0d3,"",%progbits
 178 0000 789C0DC8 		.ascii	"x\234\015\310\261\015\000 \014\004\261\277\203\200\204"
 178      B10D0020 
ARM GAS  C:\Users\CYIRKO~1\AppData\Local\Temp\ccd46amN.s 			page 13


 178      0C04B1BF 
 178      838084
 179 000f 9882FD87 		.ascii	"\230\202\375\207$\215\013W\314K\332P\2605\034\270\016"
 179      248D0B57 
 179      CC4BDA50 
 179      B0351CB8 
 179      0E
 180 0020 27F694B2 		.ascii	"'\366\224\262\002\371\014M\000\177"
 180      02F90C4D 
 180      007F
 181              		.text
 182              		.section	.gnu.lto_.decls.15b8f0d3,"",%progbits
 183 0000 789CAD58 		.ascii	"x\234\255XyP\024W\032\357\257_\017\014\315x\024X\273"
 183      79501457 
 183      1AEFAF5F 
 183      0F0CCD78 
 183      1458BB
 184 0013 54C26E51 		.ascii	"T\302nQ\026\321\251\335\215\210n%[\331M*\012$\261\326"
 184      16D1A9DD 
 184      8D886E25 
 184      5BD94D2A 
 184      0A24B1D6 
 185 0027 040A89BB 		.ascii	"\004\012\211\273[K\325,\307\250T\020\\gL%\3775\207 "
 185      5B4BD52C 
 185      C7A85410 
 185      5C674C25 
 185      FF358720 
 186 003b 6A94238B 		.ascii	"j\224#\213\242\242\010\036 (\336J@\202h\024\020T4\201"
 186      A2A2081E 
 186      2028DE4A 
 186      40826814 
 186      10543481 
 187 004f 80CAA182 		.ascii	"\200\312\241\202W\342\001B\320\270\262\337{\257g\272"
 187      57E20142 
 187      D0B8B2DF 
 187      7BAF67BA 
 188 005f 990C9BEC 		.ascii	"\231\014\233\354\321\305\353y\307\357\375\276\337\373"
 188      D1C5EB79 
 188      C7EFFDBE 
 188      DFFB
 189 006d BE773506 		.ascii	"\276w5\006A\024:|\005\341\216(\010\315 \010\243\370"
 189      41143A7C 
 189      05E18E28 
 189      08CD2008 
 189      A3F8
 190 007f 780882B0 		.ascii	"x\010\202\260\027\023V\011\035\230\272\005\376\0300"
 190      17135609 
 190      1D98BA05 
 190      FE1830
 191 008e 0D621AC2 		.ascii	"\015b\032\3024\202\351{Z\211}\010\305\342\257\204\311"
 191      3482E97B 
 191      5A897D08 
 191      C5E2AF84 
 191      C9
 192 009f 138431CF 		.ascii	"\023\2041\317-,\033\361w!&\037LST\316\026L\3231\031"
 192      2D2C1BF1 
 192      7721261F 
ARM GAS  C:\Users\CYIRKO~1\AppData\Local\Temp\ccd46amN.s 			page 14


 192      4C5354CE 
 192      164CD331 
 193 00b4 B1BD51C5 		.ascii	"\261\275Q\305\212:~J\343\312u\017\313\023\377\015\327"
 193      8A3A7E4A 
 193      E3CA750F 
 193      CB13FF0D 
 193      D7
 194 00c5 9BD8FE06 		.ascii	"\233\330\376\006&\023\246\010,\317\301\337\001\235\015"
 194      2613A608 
 194      2CCFC1DF 
 194      019D0D
 195 00d4 4AF72A70 		.ascii	"J\367*p;C\252-wv\036\321q\250v\346\002\267\321\251\372"
 195      3B43AA2D 
 195      77761ED1 
 195      71A876E6 
 195      02B7D1A9 
 196 00e9 A107D3A8 		.ascii	"\241\007\323\250N\357\210\352\003Q\347\003\375\343\205"
 196      4EEF88EA 
 196      0351E703 
 196      FDE385
 197 00f8 0DD49F6D 		.ascii	"\015\324\237m\252\306>U\367M\225\213\372\3566\246~L"
 197      AAC63E55 
 197      F74D958B 
 197      FAEE36A6 
 197      7E4C
 198 010a BDAA9E21 		.ascii	"\275\252\236!\341\207\317w\224[7\356Fu\\\252y\026\013"
 198      E187CF77 
 198      945B37EE 
 198      46755CAA 
 198      79160B
 199 011d 7763D940 		.ascii	"wc\331@\2405}\377\026\262\216\200\217\014\022\026\037"
 199      A0357DFF 
 199      16B28E80 
 199      8F0C1216 
 199      1F
 200 012e B56CBA31 		.ascii	"\265l\2721\021\213Sd\010\300\342\265\302\007\203\022"
 200      118B5364 
 200      08C0E2B5 
 200      C2078312 
 201 013e 41E998AF 		.ascii	"A\351\230\257\\y\263\314\210M\3762\214\002-\177S\365"
 201      5C79B3CC 
 201      884DFE32 
 201      8C022D7F 
 201      53F5
 202 0150 64022FD3 		.ascii	"d\002/\323\346/F\277\253\233\204\305\010\031D,\256\276"
 202      E62F46BF 
 202      AB9B84C5 
 202      0819442C 
 202      AEBE
 203 0162 5199E345 		.ascii	"Q\231\343E\214\254\351f}n\257\267$\012\260\027\010T"
 203      8CACE966 
 203      7D6EAFB7 
 203      240AB017 
 203      0854
 204 0174 803F335C 		.ascii	"\200?3\\pv\250\332\233\3702\300\205\201\336\034\211"
 204      7076A8DA 
 204      9BF832C0 
ARM GAS  C:\Users\CYIRKO~1\AppData\Local\Temp\ccd46amN.s 			page 15


 204      8581DE1C 
 204      89
 205 0185 022A11F0 		.ascii	"\002*\021\360k\177\330\007\022\255\276\337\336;h$\376"
 205      6B7FD807 
 205      12ADBEDF 
 205      DE3B6824 
 205      FE
 206 0196 0C92D1DD 		.ascii	"\014\222\321\335\235/R\310\001\204\374\312\037\366s"
 206      9D2F52C8 
 206      0184FCCA 
 206      1FF673
 207 01a5 48F793D2 		.ascii	"H\367\223\322\267fT(\3741\206;\307%\346\015\357\330"
 207      B7665428 
 207      FC31863B 
 207      C725E60D 
 207      EFD8
 208 01b7 2A83D9B8 		.ascii	"*\203\331\270\2136\324\235\315\230\332\233\246(\"\034"
 208      8B36D49D 
 208      CD98DA9B 
 208      A628221C 
 209 01c7 01A30087 		.ascii	"\001\243\000\207`\206\012\314P\224T\345aj\012\361\023"
 209      60860ACC 
 209      509454E5 
 209      616A0AF1 
 209      13
 210 01d8 60B63FCC 		.ascii	"`\266?\314Di\024B\021p\030\314p\020$(\007\177\330\203"
 210      44691442 
 210      117018CC 
 210      70102428 
 210      077FD883 
 211 01ec A2D15AEF 		.ascii	"\242\321Z\357\215\342l\231\304SA\342\275\235yk<\301"
 211      8DE26C99 
 211      C45341E2 
 211      BD9D796B 
 211      3CC1
 212 01fe 68FE2105 		.ascii	"h\376!\005\034\307\236\343\261p=\375\033=P.\034C\320"
 212      1CC79EE3 
 212      B1703DFD 
 212      1B3D502E 
 212      1C43D0
 213 0211 511C0F17 		.ascii	"Q\034\017\027\304\3041\337\364\227t\366\033I2\033\370"
 213      C4C431DF 
 213      F49774F6 
 213      1B49321B 
 213      F8
 214 0222 A6EAC74D 		.ascii	"\246\352\307M\006\036 #\026\217\335/?6\201\007\250\216"
 214      061E2023 
 214      168FDD2F 
 214      3F368107 
 214      A88E
 215 0234 36DF795E 		.ascii	"6\337y^yK\"\0373\350\376\232\364o'rh\035\215\320\331"
 215      794B221F 
 215      33E8FE9A 
 215      F46F2772 
 215      681D8DD0 
 216 0249 6FDA1A3D 		.ascii	"o\332\032=9V1\321\210\015\224\225x\022\005\030xp\303"
 216      395631D1 
ARM GAS  C:\Users\CYIRKO~1\AppData\Local\Temp\ccd46amN.s 			page 16


 216      880D9495 
 216      78120518 
 216      7870C3
 217 025c CA2C2307 		.ascii	"\312,#\007\377\034\213\015\233\267\374R^E\305e\247)"
 217      FF1C8B0D 
 217      9BB7FC52 
 217      5E45C565 
 217      A729
 218 026e 5EEFD0EA 		.ascii	"^\357\320\352R\224\274\233F\013N\202\214\357 \177\244"
 218      5294BC9B 
 218      460B4E82 
 218      8CEF207F 
 218      A4
 219 027f 657E183C 		.ascii	"e~\030<\2643\317\233dq\242k\015e\345t\006M\307y\201"
 219      B433CF9B 
 219      6471A26B 
 219      0D65E574 
 219      064DC779 
 220 0294 CF24DDD4 		.ascii	"\317$\335\324\230\316\247\306\245\365\003;<\311:\006"
 220      98CEA7C6 
 220      A5F5033B 
 220      3CC93A06 
 221 02a4 170B9ADA 		.ascii	"\027\013\232\332\353%0\313\334\021\027\312\337(\030"
 221      EB2530CB 
 221      DC1117CA 
 221      DF2818
 222 02b3 50940038 		.ascii	"P\224\0008\0132|\241\271b:\032\024VQ\32729\202S\014"
 222      0B327CA1 
 222      B9623A1A 
 222      145651D7 
 222      32398253 
 223 02c8 9C418722 		.ascii	"\234A\207\"/\305\301i\254<\305%\225\355\310)\366 \012"
 223      2FC5C169 
 223      AC3CC525 
 223      95EDC829 
 223      F6200A
 224 02db 9BAAE299 		.ascii	"\233\252\342\231\332+_K \233\335\0224\271!P\3054N=\263"
 224      DA2B5F4B 
 224      209BDD12 
 224      34B92150 
 224      C5344E3D 
 225 02f0 92CE9246 		.ascii	"\222\316\222F\024\323\240\2119K\207O\215\324_\314\312"
 225      14D3A089 
 225      394B874F 
 225      8DD45FCC 
 225      CA
 226 0301 9F44FAF8 		.ascii	"\237D\372\370z\310\314o\336g$\267\271\305#\271\355\017"
 226      7AC8CC6F 
 226      DE6724B7 
 226      B9C523B9 
 226      ED0F
 227 0313 C5F12C9E 		.ascii	"\305\361,\236\037\327\342\203\256\300\202/\351\360["
 227      1FD7E283 
 227      AEC0822F 
 227      E9F05B
 228 0322 D062B366 		.ascii	"\320b\263f\261\321a\361Y_\303\2138\353\005\006\210\225"
 228      B1D161F1 
ARM GAS  C:\Users\CYIRKO~1\AppData\Local\Temp\ccd46amN.s 			page 17


 228      595FC38B 
 228      38EB0506 
 228      8895
 229 0334 F40BCD87 		.ascii	"\364\013\315\207/\264K\017\233\013\275y\220'c\361A\325"
 229      2FB44B0F 
 229      9B0BBD79 
 229      902763F1 
 229      41D5
 230 0346 EA616F52 		.ascii	"\352aoRC\370\232\314\313\364#M<_z\2555\325D\256\260"
 230      43F89ACC 
 230      CBF4234D 
 230      3C5F7AAD 
 230      35D544AE 
 231 035b C20BDDDD 		.ascii	"\302\013\335\335MY&0\233\374$\223o\240o\240\231\276"
 231      4D592630 
 231      9BFC2493 
 231      6FA06FA0 
 231      99BE
 232 036d CD3E3C6B 		.ascii	"\315><k6\373\232\271\272\363\233&\247*8]\356\202\011"
 232      36FB9AB9 
 232      BAF39B26 
 232      A72A385D 
 232      EE8209
 233 0380 2E69E2DA 		.ascii	".i\342\332\300\204?\253\235#\205v\360\323M\026lV\221"
 233      C0843FAB 
 233      9D238576 
 233      F0D34D16 
 233      6C5691
 234 0393 F96C55A6 		.ascii	"\371lU\246)\223EX\3703hE\304E\206@<\276\277\006\211"
 234      29934558 
 234      F8336845 
 234      C4458640 
 234      3CBEBF06 
 235 03a8 6F93D081 		.ascii	"o\223\320\201=.`IG\331\011\276:\312\016fQ\310a\323S"
 235      3D2E6049 
 235      47D909BE 
 235      3ACA0E66 
 235      51C861D3 
 236 03bd 51DE9404 		.ascii	"Q\336\224\004\250\306\306\317\250s\357\243s\257\"\232"
 236      A8C6C6CF 
 236      A873EFA3 
 236      73AF229A 
 237 03cd 2EB62ECC 		.ascii	".\266.\314_\203@\270\002\201ly\027S\302\272\256m\376"
 237      5F8340B8 
 237      02816C79 
 237      1753C2BA 
 237      AE6DFE
 238 03e0 79694AC3 		.ascii	"yiJ\303L\350F;58\216\253:r\234\325\002\013\325x\374"
 238      4CE8463B 
 238      35388EAB 
 238      3A729CD5 
 238      020BD578 
 239 03f5 556A87F1 		.ascii	"Uj\207\361\371\237o}a0U\3318\223-\3472\025\256n\005"
 239      F99F6F7D 
 239      613055D9 
 239      38932DE7 
 239      3215AE6E 
ARM GAS  C:\Users\CYIRKO~1\AppData\Local\Temp\ccd46amN.s 			page 18


 240 040a 8C3D9892 		.ascii	"\214=\230\222s\227vm\235\234B]\212\020\375>\244\033"
 240      7397766D 
 240      9D9C425D 
 240      8A10FD3E 
 240      A41B
 241 041c 79CF9891 		.ascii	"y\317\230\221w\217\031\371*\252\254\026\033OPe\337\240"
 241      778F19F9 
 241      2AAAAC16 
 241      1B4F5065 
 241      DFA0
 242 042e 9AEB5C99 		.ascii	"\232\353\\\231\000\275\232$\272\277\024\372\344)t\310"
 242      00BD9A24 
 242      BABF14FA 
 242      E42974C8 
 243 043e 37C1073E 		.ascii	"7\301\007>GI\024\347\354\250\211\322\217\330\321,8H"
 243      474914E7 
 243      ECA889D2 
 243      8FD8D12C 
 243      3848
 244 0450 E1061A70 		.ascii	"\341\006\032p\360r\371g\012}\230\374\353c\345g\2534"
 244      F072F967 
 244      0A7D98FC 
 244      EB63E567 
 244      AB34
 245 0462 0112F4E9 		.ascii	"\001\022\364\351\014\011\324\274c\373p\357\335{h\342"
 245      0C09D4BC 
 245      63FB70EF 
 245      DD7B68E2 
 246 0472 966AEE0E 		.ascii	"\226j\356\016\346o\243w\373\307x\367\374\026\037\036"
 246      E66FA377 
 246      FBC778F7 
 246      FC161F1E 
 247 0482 3D3A0BCF 		.ascii	"=:\013\317\341Pn\375\007\321\023~\204\374\322\213\005"
 247      E1506EFD 
 247      07D1137E 
 247      84FCD28B 
 247      05
 248 0493 4A5D3A61 		.ascii	"J]:a\013\276\336-\267.v\303\233\370\340o\215\033;\375"
 248      0BBEDE2D 
 248      B72E76C3 
 248      9BF8E06F 
 248      8D1B3BFD 
 249 04a7 4280AFD0 		.ascii	"B\200\257\320\242\266\0268E\333\026\266\357S']\326\026"
 249      A2B61638 
 249      45DB16B6 
 249      EF53275D 
 249      D616
 250 04b9 14257420 		.ascii	"\024%t \006~A\001\337\"\340K\015p\235\001\334\005K?"
 250      067E4101 
 250      DF22E04B 
 250      0D709D01 
 250      DC054B3F 
 251 04cd 09DCC4EB 		.ascii	"\011\334\304\353\354\256i\3333\351\216F\327S\225Fx\225"
 251      ECAE69DB 
 251      33E98E46 
 251      D7539546 
 251      7895
ARM GAS  C:\Users\CYIRKO~1\AppData\Local\Temp\ccd46amN.s 			page 19


 252 04df 11D27585 		.ascii	"\021\322u\205;\303\321ON\237\020\273\260\216\256\305"
 252      3BC3D14F 
 252      4E9F10BB 
 252      B08EAEC5 
 253 04ef C9FCD200 		.ascii	"\311\374\322\000\374\015,\261\342\250\343\001`\365X"
 253      FC0D2CB1 
 253      E2A8E301 
 253      60F558
 254 04fe 2BB23707 		.ascii	"+\2627\007\262*p\364P\313\242Z\024UJ\366\247v\006\035"
 254      B22A70F4 
 254      50CBA25A 
 254      14554AF6 
 254      A776061D 
 255 0512 236FE696 		.ascii	"#o\346\226\034\017\277\262\360\014\353\346\350\015\242"
 255      1C0FBFB2 
 255      F00CEBE6 
 255      E80DA2
 256 0521 660040DF 		.ascii	"f\000@\337AG\310e\253\355N}\20268p\\\200\036\0254\367"
 256      4147C865 
 256      ABED4E7D 
 256      82363870 
 256      5C801E15 
 257 0537 CBDDB8AC 		.ascii	"\313\335\270\254\261\246\210^\022\261n\263\222~H$}|"
 257      B1A6885E 
 257      12B16EB3 
 257      927E4824 
 257      7D7C
 258 0549 E31C49F9 		.ascii	"\343\034I\371\352\244\3547\336^6\300\366\262X\211\223"
 258      EAA4EC37 
 258      DE5E36C0 
 258      F6B25889 
 258      93
 259 055a B5A46F6B 		.ascii	"\265\244ok\362\234Z\244\324\365\340\336\376\374w\255"
 259      F29C5AA4 
 259      D4F5E0DE 
 259      FEFC77AD 
 260 056a 2519AB2E 		.ascii	"%\031\253.b\267\2771\034<\322\002\200Y|?\304\365\015"
 260      62B7BF31 
 260      1C3CD202 
 260      80597C3F 
 260      C4F50D
 261 057d 0F705B11 		.ascii	"\017p[\021`\020\246b\377\234\316{\033e\362\214\033\336"
 261      6010A662 
 261      FF9CCE7B 
 261      1B65F28C 
 261      1BDE
 262 058f 7332FFAE 		.ascii	"s2\377\256I%k\200R\214}\000\233a\2175\232\307\2564C"
 262      49256B80 
 262      528C7D00 
 262      9B618F35 
 262      9AC7AE34 
 263 05a4 8C664775 		.ascii	"\214fGu\375co\262R\372\011\372\277\033\243\377\342P"
 263      FD636FB2 
 263      52FA09FA 
 263      BF1BA3FF 
 263      E250
 264 05b6 77BA8426 		.ascii	"w\272\204&\213\320d\327\"\\\033\270\377\343\354A\020"
ARM GAS  C:\Users\CYIRKO~1\AppData\Local\Temp\ccd46amN.s 			page 20


 264      8BD064D7 
 264      225C1BB8 
 264      FFE3EC41 
 264      10
 265 05c7 0C6B5687 		.ascii	"\014kV\207]\255\2160\253\251\255GO\003Y\317\255\036"
 265      5DAD8E30 
 265      ABA9AD47 
 265      4F0359CF 
 265      AD1E
 266 05d9 DF7D6BDF 		.ascii	"\337}k\337\004\275U\272\3044\263O\307\230\035\332\332"
 266      04BD55BA 
 266      C434B34F 
 266      C7981DDA 
 266      DA
 267 05ea 566552CD 		.ascii	"VeR\315\236\331MT\273>\024\005O4\273O\\\355~\317\354"
 267      9ED94D54 
 267      BB3E1405 
 267      4F34BB4F 
 267      5CED7ECF 
 268 05ff 56778D6C 		.ascii	"Vw\215l\223I\001\267\233}\370`\205\007;1\351n\317O\314"
 268      934901B7 
 268      9B7DF860 
 268      85073B31 
 268      E96ECF4F 
 269 0614 238D2581 		.ascii	"#\215%\201\222\343\240\371'\2778\336\333\271\251T\034"
 269      92E3A0F9 
 269      27BF38DE 
 269      DBB9A954 
 269      1C
 270 0625 D72BA34C 		.ascii	"\327+\243L\336sP\365U_m\3504\240\276\036v\225\234\226"
 270      DE7350F5 
 270      555F6DE8 
 270      34A0BE1E 
 270      76959C96 
 271 0639 5A925117 		.ascii	"Z\222Q\027\301@\360LS\367\214\252\243\031E\244\252N"
 271      C140F04C 
 271      53F78CAA 
 271      A31945A4 
 271      AA4E
 272 064b 9C2FB93C 		.ascii	"\234/\271<\221\024sU)\207\326\0360\274T\302\010\276"
 272      91147355 
 272      2987D61E 
 272      30BC54C2 
 272      08BE
 273 065d ED32E72A 		.ascii	"\3552\347*E\374\210K\021Yw\335~\2055\370N\025_\242f"
 273      45FC884B 
 273      115977DD 
 273      7E8535F8 
 273      4E155FA2 
 274 0672 1F676488 		.ascii	"\037gd\210\244\224S4\017\037\3530!\305\305::\265~\233"
 274      A4945334 
 274      0F1FEB30 
 274      21C5C53A 
 274      3AB57E9B 
 275 0686 B61BE703 		.ascii	"\266\033\347\003\260\323\"M%\321\266]Z\023\205\2533"
 275      B0D3224D 
 275      25D1B65D 
ARM GAS  C:\Users\CYIRKO~1\AppData\Local\Temp\ccd46amN.s 			page 21


 275      5A1385AB 
 275      33
 276 0697 9DD1E47E 		.ascii	"\235\321\344~\361\274\231^\013i\004(\323\232\254\226"
 276      F1BC995E 
 276      0B690428 
 276      D39AAC96 
 277 06a7 D512A9E4 		.ascii	"\325\022\251\344\264\237\224*u\022\322\026\325\343\251"
 277      B49F942A 
 277      7512D216 
 277      D5E3A9
 278 06b6 B19DBA5E 		.ascii	"\261\235\272^b\300\014\225T;\212h\315J\021\267\234L"
 278      62C00C95 
 278      543B8A68 
 278      CD4A11B7 
 278      9C4C
 279 06c8 C69A79B5 		.ascii	"\306\232y\265\357\270\301\244\333\374h/\015\275Jd\007"
 279      EFB8C1A4 
 279      DBFC682F 
 279      0DBD4A64 
 279      07
 280 06d9 17FDA50B 		.ascii	"\027\375\245\013j\360\332\035/~g1\353\2762|\370W\306"
 280      6AF0DA1D 
 280      2F7E6731 
 280      EBBE327C 
 280      F857C6
 281 06ec C8F69BB9 		.ascii	"\310\366\233\271\"\251\342\202VU\254;E\350M4\355'\335"
 281      22A9E282 
 281      5655AC3B 
 281      45E84D34 
 281      ED27DD
 282 06ff DCE8B577 		.ascii	"\334\350\265w\364\323\236\011\244\226w\277\237\336\327"
 282      F4D39E09 
 282      A49677BF 
 282      9FDED7
 283 070e E3CDA9FD 		.ascii	"\343\315\251\375\260\270w\244\373\250\201\234R\307\372"
 283      B0B877A4 
 283      FBA8819C 
 283      52C7FA
 284 071d 697DBD44 		.ascii	"i}\275D\032x\241\244 '\323@Zx\241,7{\277L.\360\302\306"
 284      1A78A1A4 
 284      2027D340 
 284      5A78A12C 
 284      377BBF4C 
 285 0735 3DED4FBD 		.ascii	"=\355O\275H+/\354|\372\375Cz\273\235Fo\267Dw\267\235"
 285      482B2FEC 
 285      7CFAFD43 
 285      7ABB9D46 
 285      6FB74477 
 286 074b C69DF9F9 		.ascii	"\306\235\371\371\271\306]&\322\316\300b\366\366\362"
 286      B9C65D26 
 286      D2CEC062 
 286      F6F6F2
 287 075a 355E8E5B 		.ascii	"5^\216[ \016\300`\026\234\223\0126\212f\332\211\251"
 287      200EC060 
 287      169C930A 
 287      368A66DA 
 287      89A9
ARM GAS  C:\Users\CYIRKO~1\AppData\Local\Temp\ccd46amN.s 			page 22


 288 076c FF87E80F 		.ascii	"\377\207\350\017\237\212\316{g\371\264\015l\227\336"
 288      9F8ACE7B 
 288      67F9B40D 
 288      6C97DE
 289 077b 20CA902F 		.ascii	" \312\220/:g\3244\365\022X\233s\245_&\327\271\215gi"
 289      3A67D434 
 289      F512589B 
 289      73A55F26 
 289      D7B98D67 
 290 0790 F90F74F7 		.ascii	"\371\017t\367\347\306Y\247\331\225u3v-\320\272\"\223"
 290      E7C659A7 
 290      D9957533 
 290      762DD0BA 
 290      2293
 291 07a2 E302EDAA 		.ascii	"\343\002\355\252c\223\033\035t\365\216\024\327\030\311"
 291      63931B1D 
 291      74F58E14 
 291      D718C9
 292 07b1 3D66441A 		.ascii	"=fD\032\034^\333)\203o`\240\331y\350\210\202.\272\205"
 292      1C5EDB29 
 292      836F60A0 
 292      D979E888 
 292      822EBA85 
 293 07c5 223F718A 		.ascii	"\"?q\212\220k\233\030\010[E"
 293      906B9B18 
 293      085B45
 294 07d0 FDA93A5A 		.ascii	"\375\251:ZH:v\257[\253\024\235\004\246+\017u\321\036"
 294      483A76AF 
 294      5BAB149D 
 294      04A62B0F 
 294      75D11E
 295 07e3 4E09EC64 		.ascii	"N\011\354dme\2476\357Q\377\372F\\\363\204\241\267\270"
 295      6D65A736 
 295      EF51FFFA 
 295      465CF384 
 295      A1B7B8
 296 07f6 45EBCEE1 		.ascii	"E\353\316\341\34752=#\021\243?\206Q\365\227]\367s\001"
 296      E735323D 
 296      2311A33F 
 296      8651F597 
 296      5DF77301 
 297 080a 02A79803 		.ascii	"\002\247\230\003\371-\250\355\304\304\024FK\351p\206"
 297      F92DA8ED 
 297      C4C41446 
 297      4BE97086 
 298 081a 41B138C5 		.ascii	"A\2618\305\335\361\236\253~\366\320\203U\033#\005\323"
 298      DDF19EAB 
 298      7EF6D083 
 298      551B2305 
 298      D3
 299 082b 3196E018 		.ascii	"1\226\340\030w\340\030\267\213\372\223\365~\215\037"
 299      77E018B7 
 299      8BFA93F5 
 299      7E8D1F
 300 083a BB0C204A 		.ascii	"\273\014 J\257\202\017g\270F\275\263\3205\2213\276a"
 300      AF820F67 
 300      B846BDB3 
ARM GAS  C:\Users\CYIRKO~1\AppData\Local\Temp\ccd46amN.s 			page 23


 300      D0359133 
 300      BE61
 301 084c 74FB40CD 		.ascii	"t\373@\315\271fq\012*H\031W\2010\306\274\356\312\357"
 301      B966710A 
 301      2A481957 
 301      8130C6BC 
 301      EECAEF
 302 085f C3AFFCE9 		.ascii	"\303\257\374\351\247\276:b\"G\015l>\366\235\253L5\222"
 302      A7BE3A62 
 302      22470D6C 
 302      3EF69DAB 
 302      4C3592
 303 0872 CF78616B 		.ascii	"\317xak\313\276s\006R\313\013\325\345\373.\211\3444"
 303      CBBE7306 
 303      52CB0BD5 
 303      E5FB2E89 
 303      E434
 304 0884 2F54543D 		.ascii	"/TT=\\\003\244\231\027\036eV\332\311e\236O/\314\276"
 304      5C03A499 
 304      171E6556 
 304      DAC9659E 
 304      4F2FCCBE 
 305 0898 2072EEDF 		.ascii	" r\356\337`1?kK\217\304\277.z\350\327\306\301\266\322"
 305      60313F6B 
 305      4B8FC4BF 
 305      2E7AE8D7 
 305      C6C1B6D2 
 306 08ac 6A23E960 		.ascii	"j#\351`\330\011\331e\331\307d\010\304\3077\220?\346"
 306      D809D965 
 306      D9C76408 
 306      C4C73790 
 306      3FE6
 307 08be 62253D0D 		.ascii	"b%=\015\303\371\007~\255Z\213\341,\307\341\037\026\335"
 307      C3F9077E 
 307      AD5A8BE1 
 307      2CC7E11F 
 307      16DD
 308 08d0 5FD938FA 		.ascii	"_\3318\372\351\353\032\272\322\025\235%:\275\305\321"
 308      E9EB1ABA 
 308      D2159D25 
 308      3ABDC5D1 
 309 08e0 7775E84F 		.ascii	"wu\350O\\\321\253]\321\003:\364\032\367\350\037\336"
 309      5CD1AB5D 
 309      D1033AF4 
 309      1AF7E81F 
 309      DE
 310 08f1 1EF7E1AA 		.ascii	"\036\367\341\252\330\313\332\016\253\363\274\006\347"
 310      D8CBDA0E 
 310      ABF3BC06 
 310      E7
 311 08fe C0710CC2 		.ascii	"\300q\014\302~LG0Ua:\206\251\032\323g\230\216b:\210"
 311      7E4C4730 
 311      55613A86 
 311      A91AD367 
 311      988E623A 
 312 0913 E910A603 		.ascii	"\351\020\246\003\316\265@\0054\351\\\261\307U\000\337"
 312      CEB54005 
ARM GAS  C:\Users\CYIRKO~1\AppData\Local\Temp\ccd46amN.s 			page 24


 312      34E95CB1 
 312      C75500DF 
 313 0923 F27572AF 		.ascii	"\362ur\257\353\344\256wE\257\023]=\327\251#/u\205\357"
 313      EBE4AE77 
 313      45AF135D 
 313      3DD7A923 
 313      2F7585EF 
 314 0937 72F5C5D3 		.ascii	"r\365\305\323\337k\350\012\267Q\321\201/\351\250\313"
 314      DF6BE80A 
 314      B751D181 
 314      2FE9A8CB 
 315 0947 DCEB762A 		.ascii	"\334\353v*\301E\326uB\346\370\2358g\263\335+\327\261"
 315      C145D675 
 315      42E6F89D 
 315      3867B3DD 
 315      2BD7B1
 316 095a F73B1608 		.ascii	"\367;\026\010\245\337\355^9\247WW[5\277z\037v]\363P"
 316      A5DFED5E 
 316      39A75757 
 316      5B35BF7A 
 316      1F765DF3 
 317 096f D73272D8 		.ascii	"\3272r\330@\256\261\011)\336\331|\273\334\023|\315\356"
 317      40AEB109 
 317      29DED97C 
 317      BBDC137C 
 317      CDEE
 318 0981 82099F63 		.ascii	"\202\011\237c\014\377\227x\252_@\265\354\006_\213D'"
 318      0CFF9778 
 318      AA5F40B5 
 318      EC065F8B 
 318      4427
 319 0993 B4ED96EA 		.ascii	"\264\355\226\352brV7u\256\237\250?\025kE\375\347\\\235"
 319      62725637 
 319      75AE9FA8 
 319      3F156B45 
 319      FDE75C9D 
 320 09a7 E8F81EA0 		.ascii	"\350\370\036\240Y\372\377\253\221\366.\223\036?0\346"
 320      59FAFFAB 
 320      91F62E93 
 320      1E3F30E6 
 321 09b7 5BFAA47A 		.ascii	"[\372\244z\212\236d\340\313w+N\313z\360\350\030p\275"
 321      8A9E64E0 
 321      CB772B4E 
 321      CB7AF0E8 
 321      1870BD
 322 09ca 0AA6BF06 		.ascii	"\012\246\277\006\233=\306n\225\303\376\034e\231\023"
 322      9B3DC66E 
 322      95C3FE1C 
 322      659913
 323 09d9 12356F61 		.ascii	"\0225oa\230\221f\027D\205G\260\272\367\337\233\367\336"
 323      98916617 
 323      448547B0 
 323      BAF7DF9B 
 323      F7DE
 324 09eb BC28E3DB 		.ascii	"\274(\343\333\357\275\037\020\022\034,\314\016{-:dI"
 324      EFBD1F10 
 324      121C2CCC 
ARM GAS  C:\Users\CYIRKO~1\AppData\Local\Temp\ccd46amN.s 			page 25


 324      0E7B2D3A 
 324      6449
 325 09fd 426CC202 		.ascii	"Bl\302\002\373\212\370\204\344\3508\232O\266\005\277"
 325      FB8AF884 
 325      E4E8389A 
 325      4FB605BF 
 326 0a0d FA4A50B2 		.ascii	"\372JP\262-hILbPBR\\\342\212x+\315[\254\037\331g,\021"
 326      2D68494C 
 326      62504252 
 326      5CE28A78 
 326      2BCD5BAC 
 327 0a26 64FC6146 		.ascii	"d\374aF,v/\244\014]\236\360\241u\271G\\r\322\242\204"
 327      2C762FA4 
 327      0C5D9EF0 
 327      A175B947 
 327      5C72D2A2 
 328 0a3b C5C6B825 		.ascii	"\305\306\270%1II\326D\233\26449\336*[,+\022\222\354"
 328      314949D6 
 328      449BB434 
 328      39DE2A5B 
 328      2C2B1292 
 329 0a50 B36759EC 		.ascii	"\263gY\354\213\254\257qr\0337dONN\264E/NZ\021\300r\001"
 329      8BACAF71 
 329      721B3764 
 329      4F4E4EB4 
 329      452F4E5A 
 330 0a68 31CB9706 		.ascii	"1\313\227\006X\227\306Z\343\343\255\361\321\257\314"
 330      5897C65A 
 330      E3E3ADF1 
 330      D1AFCC
 331 0a77 981D306B 		.ascii	"\230\0350kf\360\253\177\017\216\306\372\227\223\222"
 331      66F0AB7F 
 331      0F8EC6FA 
 331      979392
 332 0a86 93AC2F5B 		.ascii	"\223\254/[cb\023\242U1\321Kc\220+\311\032m\211\267."
 332      636213A2 
 332      5531D14B 
 332      63902BC9 
 332      1A6D89B7 
 333 0a9b 8A599168 		.ascii	"\212Y\221h\267\330?^f\265\2416\243\303\336_\377\257"
 333      B7D83F5E 
 333      66B5A136 
 333      A3C3DE5F 
 333      FFAF
 334 0aad F66C1FDB 		.ascii	"\366l\037\333\242-6{<\222\243\0211.\326d\375h\231:T"
 334      A22D367B 
 334      3C92A311 
 334      312ED664 
 334      FD68993A 
 335 0ac2 8BFDAD1F 		.ascii	"\213\375\255\037u\342\262\344\345v[\320\202\250wg\317"
 335      75E2B2E4 
 335      E5765BD0 
 335      82A87767 
 335      CF
 336 0ad3 0A9A3F3F 		.ascii	"\012\232??4\010\3356\357\303`\207O-\211\211\361H;\001"
 336      3408DD36 
 336      EFC36087 
ARM GAS  C:\Users\CYIRKO~1\AppData\Local\Temp\ccd46amN.s 			page 26


 336      4F2D8989 
 336      F1483B01 
 337 0ae7 B3713189 		.ascii	"\263q1\211\211\2611q\037X\354\223\021\023\302-\2040"
 337      89B13171 
 337      1F58EC93 
 337      1113C22D 
 337      8430
 338 0af9 D7525FF3 		.ascii	"\327R_\363\334$\032\310\220\271\22693\226\305,\267\317"
 338      DC241AC8 
 338      90B99639 
 338      3396C52C 
 338      B7CF
 339 0b0b 98E941E3 		.ascii	"\230\351A\343\022'\030\035\325^,\342vl\363ZlE\337$\304"
 339      1227181D 
 339      D55E2CE2 
 339      766CF35A 
 339      6C45DF24 
 340 0b20 7D603322 		.ascii	"}`3\"\206U\031h\310\202=\360\035\267h\261\2275)\216"
 340      86551968 
 340      C8823DF0 
 340      1DB768B1 
 340      9735298E 
 341 0b34 B74B73DE 		.ascii	"\267Ks\336\212|\207\276\346K\363C\376\030)\315]\020"
 341      8A7C87BE 
 341      E64BF343 
 341      FE1829CD 
 341      5D10
 342 0b46 19097F82 		.ascii	"\031\011\177\202w\014q\211\326\230\345j \203_\261\330"
 342      770C7189 
 342      D698E56A 
 342      20835FB1 
 342      D8
 343 0b57 8D8E0CB1 		.ascii	"\215\216\014\261Y\377\213\221\277\0351/\374\303Yl\344"
 343      59FF8B91 
 343      BF1D312F 
 343      FCC3596C 
 343      E4
 344 0b68 CB30F191 		.ascii	"\3130\361\221\223\360\320H2/4\322\020\361~Dh\244g\370"
 344      93F0D048 
 344      322F34D2 
 344      10F17E44 
 344      68A467F8 
 345 0b7c 8288B0B0 		.ascii	"\202\210\260\260\320H\217\360\250\277D\204E\032\336"
 345      D0488FF0 
 345      A8BF4484 
 345      451ADE
 346 0b8b 0D0F0D8B 		.ascii	"\015\017\015\213$s##M6\373R\214\355\342e\011\311\026"
 346      24732323 
 346      4D36FB52 
 346      8CEDE265 
 346      09C916
 347 0b9e FBBF00E8 		.ascii	"\373\277\000\350\302\203,"
 347      C2832C
 348              		.text
 349              		.section	.gnu.lto_.symtab.15b8f0d3,"",%progbits
 350 0000 656E635F 		.ascii	"enc_ticks\000"
 350      7469636B 
ARM GAS  C:\Users\CYIRKO~1\AppData\Local\Temp\ccd46amN.s 			page 27


 350      7300
 351 000a 00       		.ascii	"\000"
 352 000b 00       		.ascii	"\000"
 353 000c 00       		.ascii	"\000"
 354 000d 00000000 		.ascii	"\000\000\000\000\000\000\000\000"
 354      00000000 
 355 0015 07010000 		.ascii	"\007\001\000\000"
 356 0019 4558545F 		.ascii	"EXT_Start\000"
 356      53746172 
 356      7400
 357 0023 00       		.ascii	"\000"
 358 0024 00       		.ascii	"\000"
 359 0025 00       		.ascii	"\000"
 360 0026 00000000 		.ascii	"\000\000\000\000\000\000\000\000"
 360      00000000 
 361 002e F8000000 		.ascii	"\370\000\000\000"
 362 0032 6765745F 		.ascii	"get_ticks\000"
 362      7469636B 
 362      7300
 363 003c 00       		.ascii	"\000"
 364 003d 00       		.ascii	"\000"
 365 003e 00       		.ascii	"\000"
 366 003f 00000000 		.ascii	"\000\000\000\000\000\000\000\000"
 366      00000000 
 367 0047 FB000000 		.ascii	"\373\000\000\000"
 368 004b 45585444 		.ascii	"EXTD1\000"
 368      3100
 369 0051 00       		.ascii	"\000"
 370 0052 02       		.ascii	"\002"
 371 0053 00       		.ascii	"\000"
 372 0054 00000000 		.ascii	"\000\000\000\000\000\000\000\000"
 372      00000000 
 373 005c 02010000 		.ascii	"\002\001\000\000"
 374 0060 65787453 		.ascii	"extStart\000"
 374      74617274 
 374      00
 375 0069 00       		.ascii	"\000"
 376 006a 02       		.ascii	"\002"
 377 006b 00       		.ascii	"\000"
 378 006c 00000000 		.ascii	"\000\000\000\000\000\000\000\000"
 378      00000000 
 379 0074 00010000 		.ascii	"\000\001\000\000"
 380              		.text
 381              		.section	.gnu.lto_.opts,"",%progbits
 382 0000 272D666D 		.ascii	"'-fmath-errno' '-fsigned-zeros' '-ftrapping-math' '"
 382      6174682D 
 382      6572726E 
 382      6F272027 
 382      2D667369 
 383 0033 2D666E6F 		.ascii	"-fno-trapv' '-fno-openmp' '-fno-openacc' '-mcpu=cor"
 383      2D747261 
 383      70762720 
 383      272D666E 
 383      6F2D6F70 
 384 0066 7465782D 		.ascii	"tex-m7' '-mno-thumb-interwork' '-mthumb' '-ggdb' '-"
 384      6D372720 
 384      272D6D6E 
ARM GAS  C:\Users\CYIRKO~1\AppData\Local\Temp\ccd46amN.s 			page 28


 384      6F2D7468 
 384      756D622D 
 385 0099 4F322720 		.ascii	"O2' '-fomit-frame-pointer' '-falign-functions=16' '"
 385      272D666F 
 385      6D69742D 
 385      6672616D 
 385      652D706F 
 386 00cc 2D666675 		.ascii	"-ffunction-sections' '-fdata-sections' '-fno-common"
 386      6E637469 
 386      6F6E2D73 
 386      65637469 
 386      6F6E7327 
 387 00ff 2720272D 		.ascii	"' '-flto'\000"
 387      666C746F 
 387      2700
 388              		.text
 389              		.comm	__gnu_lto_v1,1,1
 390              		.comm	__gnu_lto_slim,1,1
 391              		.ident	"GCC: (GNU Tools for ARM Embedded Processors 6-2017-q1-update) 6.3.1 20170215 (release) [AR
ARM GAS  C:\Users\CYIRKO~1\AppData\Local\Temp\ccd46amN.s 			page 29


DEFINED SYMBOLS
                            *ABS*:00000000 ext.c
                            *COM*:00000001 __gnu_lto_v1
                            *COM*:00000001 __gnu_lto_slim

NO UNDEFINED SYMBOLS
