ARM GAS  C:\Users\CYIRKO~1\AppData\Local\Temp\ccf36b3b.s 			page 1


   1              		.cpu cortex-m7
   2              		.eabi_attribute 20, 1
   3              		.eabi_attribute 21, 1
   4              		.eabi_attribute 23, 3
   5              		.eabi_attribute 24, 1
   6              		.eabi_attribute 25, 1
   7              		.eabi_attribute 26, 1
   8              		.eabi_attribute 30, 2
   9              		.eabi_attribute 34, 1
  10              		.eabi_attribute 18, 4
  11              		.file	"hal.c"
  12              		.text
  13              	.Ltext0:
  14              		.section	.gnu.lto_.profile.115d938e,"",%progbits
  15 0000 789C6365 		.ascii	"x\234ce`b`a```d\360\344\004\000\001\033\000_"
  15      60626061 
  15      60606064 
  15      F0E40400 
  15      011B005F 
  16              		.text
  17              		.section	.gnu.lto_.icf.115d938e,"",%progbits
  18 0000 789C6365 		.ascii	"x\234ce`b\340`@\000F\206\335\315\255\273Y\031\000\014"
  18      6062E060 
  18      40004686 
  18      DDCDADBB 
  18      5919000C 
  19 0014 A40294   		.ascii	"\244\002\224"
  20              		.text
  21              		.section	.gnu.lto_.jmpfuncs.115d938e,"",%progbits
  22 0000 789C6365 		.ascii	"x\234ce`b\320d@\000F\030\203\211q:3c\363\257\375\237"
  22      6062D064 
  22      40004618 
  22      8389713A 
  22      3363F3AF 
  23 0016 F9EAFF36 		.ascii	"\371\352\3776H\314gfX\314\014\222^\316X\317\300\310"
  23      48CC6766 
  23      58CC0C92 
  23      5ECE58CF 
  23      C0C8
  24 0028 02640100 		.ascii	"\002d\001\000\270\336\010\226"
  24      B8DE0896 
  25              		.text
  26              		.section	.gnu.lto_.inline.115d938e,"",%progbits
  27 0000 789C6365 		.ascii	"x\234ce`b\260d@\000F\006\006\356\223@\222\011\310f["
  27      6062B064 
  27      40004606 
  27      06EE9340 
  27      9209C866 
  28 0015 20CF0416 		.ascii	" \317\004\026\343\302A0q\2034\200\231\014\000f\341\002"
  28      E3C24130 
  28      71833480 
  28      990C0066 
  28      E102
  29 0027 30       		.ascii	"0"
  30              		.text
  31              		.section	.gnu.lto_.pureconst.115d938e,"",%progbits
  32 0000 789C6365 		.ascii	"x\234ce`b`f```d\220\000\000\000\204\000$"
ARM GAS  C:\Users\CYIRKO~1\AppData\Local\Temp\ccf36b3b.s 			page 2


  32      60626066 
  32      60606064 
  32      90000000 
  32      840024
  33              		.text
  34              		.section	.gnu.lto_halInit.115d938e,"",%progbits
  35 0000 789C7591 		.ascii	"x\234u\221?H\302Q\020\307\357\373{\376\205\224\206\206"
  35      3F48C251 
  35      10C7EFFB 
  35      7BFE8594 
  35      8686
  36 0012 C2865689 		.ascii	"\302\206V\211\222\226\202\326himu)\033\224\002!k\376"
  36      929682D6 
  36      68696D75 
  36      291B9402 
  36      216BFE
  37 0025 FDCC4230 		.ascii	"\375\314B0\250\0263\203\370Y\021Z\226\246\321\340\224"
  37      A8163383 
  37      F859115A 
  37      96A6D1E0 
  37      94
  38 0036 B8B514D4 		.ascii	"\270\265\024\324\330TDC\026\010\321R\250\335\323\010"
  38      D8544443 
  38      1608D152 
  38      A8DDD308 
  39 0046 875F078F 		.ascii	"\207_\007\217\273w\367\341\356\373\356\231I\241\032"
  39      BB77F7E1 
  39      EEFBEE99 
  39      49A11A
  40 0055 888688C8 		.ascii	"\210\206\210\310\305\007\202\240l\335\020\205m\012 "
  40      C50782A0 
  40      6CDD1085 
  40      6D0A20
  41 0064 03CD0652 		.ascii	"\003\315\006R\025\250\330\024\011\201J\364\245\244\270"
  41      15A8D814 
  41      09814AF4 
  41      A5A4B8
  42 0073 D31A5B39 		.ascii	"\323\032[9Q\353\3232e\350\202(\311G\032\322p\023cO\205"
  42      51EBD332 
  42      65E88228 
  42      C9471AD2 
  42      7013634F 
  43 0088 46DC6131 		.ascii	"F\334a1\265\363\310\300\302#(\177\207\262\326hF\265"
  43      B5F3C8C0 
  43      C223287F 
  43      87B2D668 
  43      46B5
  44 009a F2F301EE 		.ascii	"\362\363\001\356\247\354D1.\313\031\353B\221^T\021I"
  44      A7EC4431 
  44      2ECB19EB 
  44      42915E54 
  44      1149
  45 00ac 7DBB242F 		.ascii	"}\273$/\233\224Jo\017V\265\256\331t\201\244\340\016"
  45      9B944A6F 
  45      0F56B5AE 
  45      D97481A4 
  45      E00E
ARM GAS  C:\Users\CYIRKO~1\AppData\Local\Temp\ccf36b3b.s 			page 3


  46 00be 38864A3A 		.ascii	"8\206J:\263U\254\246\216\272\0148\221\344*\341\2049"
  46      B355ACA6 
  46      8EBA0C38 
  46      91E42AE1 
  46      8439
  47 00d0 2E6CAF55 		.ascii	".l\257Un\255\033B\027&\310k\344\353\352\303\311\\/'"
  47      6EAD1B42 
  47      1726C86B 
  47      E4EBEAC3 
  47      C95C2F27 
  48 00e4 0EA530CE 		.ascii	"\016\2450\316]\357f\347u\354\205\273ua\306)\2772\213"
  48      5DEF66E7 
  48      75EC85BB 
  48      7561C629 
  48      BF328B
  49 00f7 FE56A1F9 		.ascii	"\376V\241\371Z\314\331\031\336\321\264\001\331\340\014"
  49      5ACCD919 
  49      DED1B401 
  49      D9E00C
  50 0106 3A5A0391 		.ascii	":Z\003\221\203\252\013\013I\255\237F\032X+7G\376Ok$"
  50      83AA0B0B 
  50      49AD9F46 
  50      1A582B37 
  50      47FE4F6B 
  51 011b B5EF30E6 		.ascii	"\265\3570\346L\314\235wp\227Nc\316\314\\\241\203{\354"
  51      4CCC9D77 
  51      70974E63 
  51      CECC5CA1 
  51      837BEC
  52 012e 31E62CCC 		.ascii	"1\346,\314\025;\270\372?\234\225\271\213_\356\035+\251"
  52      153BB8FA 
  52      3F9C95B9 
  52      8B5FEE1D 
  52      2BA9
  53 0140 74BCFD36 		.ascii	"t\274\3756i1\3364\377\005\257qpr\334;\341\017\314\006"
  53      6931DE34 
  53      FF05AF71 
  53      7072DC3B 
  53      E10FCC06 
  54 0154 A69796E7 		.ascii	"\246\227\226\347\002A\257O\306\301\320\310\330\250'"
  54      0241AF4F 
  54      C6C1D0C8 
  54      D8A827
  55 0163 18F2F867 		.ascii	"\030\362\370g\026<\241E\237\364\303>\372\001\016\200"
  55      163CA145 
  55      9FF4C33E 
  55      FA010E80 
  56 0173 B17E     		.ascii	"\261~"
  57              		.text
  58              		.section	.gnu.lto_.symbol_nodes.115d938e,"",%progbits
  59 0000 789C55C9 		.ascii	"x\234U\311\313\015\3020\024D\321\353q\234\244\014J\201"
  59      CB0DC230 
  59      1444D1EB 
  59      719CA40C 
  59      4A81
  60 0012 CA9E1714 		.ascii	"\312\236\027\024\220\002 \374\\\005\353\354\220\250"
  60      900220FC 
ARM GAS  C:\Users\CYIRKO~1\AppData\Local\Temp\ccf36b3b.s 			page 4


  60      5C05EBEC 
  60      90A8
  61 0020 01A4D481 		.ascii	"\001\244\324\2010^\361fs\244;\011\361\240N\007\031L"
  61      305EF166 
  61      73A43B09 
  61      F1A04E07 
  61      194C
  62 0032 4FA8DCF3 		.ascii	"O\250\334\363\016\322Il\352\023\212,\264\007r\336\326"
  62      0ED2496C 
  62      EA138A2C 
  62      B40772DE 
  62      D6
  63 0043 7093C985 		.ascii	"p\223\311\205\253,\272p\221u.\234e\311\205Y\326\273"
  63      AB2CBA70 
  63      91752E9C 
  63      65C98559 
  63      D6BB
  64 0055 70940DFF 		.ascii	"p\224\015\377!2R^\237\020\031X\232=k3\261\177\377\354"
  64      2132525E 
  64      9F101958 
  64      9A3D6B33 
  64      B17FFFEC 
  65 0069 28CDC8D2 		.ascii	"(\315\310\322\024k\225/\275\3062\342"
  65      146B952F 
  65      BDC632E2 
  66              		.text
  67              		.section	.gnu.lto_.refs.115d938e,"",%progbits
  68 0000 789C6365 		.ascii	"x\234ce`b`c```d`bdb\000\000\000\275\000\024"
  68      60626063 
  68      60606064 
  68      60626462 
  68      000000BD 
  69              		.text
  70              		.section	.gnu.lto_.decls.115d938e,"",%progbits
  71 0000 789CAD57 		.ascii	"x\234\255WkPTG\026\276}{^\014\203Z\220\332\370\303\332"
  71      6B505447 
  71      16BE7D7B 
  71      5E0C835A 
  71      90DAF8C3 
  72 0015 A52C5252 		.ascii	"\245,RR\265\011\004\314\212\225\037\273qQ\324\204(U"
  72      B50904CC 
  72      8A951FBB 
  72      7151D484 
  72      2855
  73 0027 D9E4C7EE 		.ascii	"\331\344\307\356TM\015\314(S\005\314\354\314\2202\265"
  73      544D0DCC 
  73      285305CC 
  73      ECCC9032 
  73      B5
  74 0038 7F2E0105 		.ascii	"\177.\001\005T@c\342\356X\342j`WP\"\004\237\3619jD\234"
  74      544063E2 
  74      EE58E26A 
  74      60575022 
  74      049FF139 
  75 004f 80A04690 		.ascii	"\200\240F\220\310+\210\030#\" \312C`\366t\367\275\334"
  75      C82B8818 
  75      232220CA 
ARM GAS  C:\Users\CYIRKO~1\AppData\Local\Temp\ccf36b3b.s 			page 5


  75      4360F674 
  75      F7BDDC
  76 0062 CB40CA62 		.ascii	"\313@\312bwoqn\337\323\347\353\357\234\356s\272\247"
  76      776F716E 
  76      DFD3E7EB 
  76      EF9CEE73 
  76      BAA7
  77 0074 51733CB7 		.ascii	"Qs<\267$\204\343\366a\216\253\3408\316\017\017\017\355"
  77      2484E3F6 
  77      618EABE0 
  77      38CE0F0F 
  77      0FED
  78 0086 57200864 		.ascii	"W \010d\200c\217\016d\004d\014d\034d\222c\000\036D\003"
  78      80638F0E 
  78      6404640C 
  78      641C6492 
  78      63001E44 
  79 009b A2430CAF 		.ascii	"\242C\014\257G\334\264g\000t-\264\037\201\004\303\367"
  79      47DCB467 
  79      00742DB4 
  79      1F8104C3 
  79      F7
  80 00ac 30B406C4 		.ascii	"0\264\006\304x\373A\324h:\277N\344#\274\204pR\3647\306"
  80      78FB41D4 
  80      683ABF4E 
  80      E423BC84 
  80      7052F437 
  81 00c1 CDCEFF77 		.ascii	"\315\316\377w\214n\344T\355\305\205\030\205\352\221"
  81      8C6EE454 
  81      EDC58518 
  81      85EA91
  82 00d0 0AD481FA 		.ascii	"\012\324\201\372=\367\346\201\372\212\036\205\203ZP"
  82      3DF7E681 
  82      FA8A1E85 
  82      835A50
  83 00df 3EF91B66 		.ascii	">\371\033f\374\007\017\352\251s\217c\231\272\010\264"
  83      FC070FEA 
  83      A9738F63 
  83      99BA08B4 
  84 00ef D36D03DE 		.ascii	"\323m\003\336`\206\355Dd\254P\220k`\346\021\242_k*\356"
  84      6086ED44 
  84      64AC5090 
  84      6B60E611 
  84      A25F6B2A 
  85 0104 D3638805 		.ascii	"\323c\210\005\276\373r\356w\0063\333BPo\366\327\025"
  85      BEFB72EE 
  85      770633DB 
  85      42506FF6 
  85      D715
  86 0116 8BEA0250 		.ascii	"\213\352\002P[\363\267\354\323\340 \212l\253-?L\002"
  86      5BF3B7EC 
  86      D3E0208A 
  86      6CAB2D3F 
  86      4C02
  87 0128 5AA24764 		.ascii	"Z\242Gd9\347CWe\3577\243!\254\213 :F\313\022\242*\004"
  87      39E74357 
  87      65EF37A3 
ARM GAS  C:\Users\CYIRKO~1\AppData\Local\Temp\ccf36b3b.s 			page 6


  87      21AC8B20 
  87      3A46CB12 
  88 013f F6E87E2D 		.ascii	"\366\350~-\317\345f\321`\251\026\277J@\274\307\327|"
  88      CFE566D1 
  88      60A916BF 
  88      4A40BCC7 
  88      D77C
  89 0151 498522F5 		.ascii	"I\205\"\365\377& o\363\320\222\235\271\202\300\243\023"
  89      FF26206F 
  89      F3D0929D 
  89      B982C0A3 
  89      13
  90 0162 488F8E21 		.ascii	"H\217\216!\214\216\242(\262&K\364\360\316\023\204O\205"
  90      8C8EA228 
  90      B2264BF4 
  90      F0CE1384 
  90      4F85
  91 0174 1DD942D0 		.ascii	"\035\331B\320\032\016\225\241E\350 Z\304\241\343(\222"
  91      1A0E95A1 
  91      45E8205A 
  91      C4A1E328 
  91      92
  92 0185 F8233854 		.ascii	"\370#8T\015\235_C'\270(/\335\371\245\006\347#\352\243"
  92      0D9D5F43 
  92      27B8282F 
  92      DDF9A506 
  92      E723EAA3 
  93 0199 E6FCDD3B 		.ascii	"\346\374\335;*\244\217\234\225\340\233Y\010\304`\016"
  93      2AA48F9C 
  93      95E09B59 
  93      08C4600E 
  94 01a9 2DAED94C 		.ascii	"-\256\331L\2029\005\301\234\224\203\201\330\330<\272"
  94      823905C1 
  94      9C948381 
  94      D8D83CBA 
  95 01b9 4EB766F1 		.ascii	"N\267f\361\270\217:A{\316\014\371\324l\251t\240>\331"
  95      B88F3A41 
  95      7BCE0CF9 
  95      D46CA974 
  95      A03ED9
  96 01cc 75A59EC7 		.ascii	"u\245\236\307\203\314\326s'\333\243\301#L\3311\321\""
  96      83CCD673 
  96      27DBA3C1 
  96      234CD931 
  96      D122
  97 01de 68B0C0D6 		.ascii	"h\260\300\326\273\340\311\310\001\025\316eJK\366pS\010"
  97      BBE0C9C8 
  97      0115CE65 
  97      4A4BF670 
  97      5308
  98 01f0 2EA04AD0 		.ascii	".\240J\320\226\312S\307\014(\202<a\021\021\221_\222"
  98      96CA53C7 
  98      0C28823C 
  98      61111191 
  98      5F92
  99 0202 D8BDCDBE 		.ascii	"\330\275\315\276\327k\007\273\005\3413\003\015\312\013"
  99      D76B07BB 
ARM GAS  C:\Users\CYIRKO~1\AppData\Local\Temp\ccf36b3b.s 			page 7


  99      05E13303 
  99      0DCA0B
 100 0211 41D5A030 		.ascii	"A\325\2400y2G\340\305\241\030xql\300\330\357=\2027\007"
 100      793247E0 
 100      C5A11878 
 100      716CC0D8 
 100      EF3D8237 
 101 0226 53F48540 		.ascii	"S\364\205@tt\000\370\347?\310\340\263\201\3403\224\272"
 101      747400F8 
 101      E73FC8E0 
 101      B381E033 
 101      94BA
 102 0238 0C29B815 		.ascii	"\014)\270\025\360\323\201\360\312\300H~P\240\317\315"
 102      F0D381F0 
 102      CAC0487E 
 102      50A0CFCD 
 103 0248 4E4ED13B 		.ascii	"NN\321;\311\332\357\020\204wT\034:\014\366C\324D\320"
 103      C9DAEF10 
 103      8477541C 
 103      3A0CF643 
 103      D444D0
 104 025b B0FCE81A 		.ascii	"\260\374\350\032d\353\022\212@WA\256\200\\\006\371\026"
 104      64EB128A 
 104      405741AE 
 104      805C06F9 
 104      16
 105 026c A416E422 		.ascii	"\244\026\344\"\212\240\025\306\374\371\024\376\316\317"
 105      8AA015C6 
 105      FCF914FE 
 105      CECF
 106 027a 3A73E55C 		.ascii	":s\345\\|kdt\325\354sapV\032}\347C\263\004\001\021\030"
 106      7C6B6474 
 106      D5EC7361 
 106      70561A7D 
 106      E743B304 
 107 0291 27968558 		.ascii	"'\226\205X\333\027&s\0325\270\205\346\220/\335ZwB\207"
 107      DB172673 
 107      1A35B885 
 107      E6902FDD 
 107      5A774287 
 108 02a5 C222679B 		.ascii	"\302\"g\233\023\252\203\251\314eZ\314sO\255\0066\023"
 108      13AA83A9 
 108      CC655ACC 
 108      734FAD06 
 108      3613
 109 02b7 FA0E06FA 		.ascii	"\372\016\006\372\344\222$qP\367\322^\017\025\367zn\375"
 109      E4922471 
 109      50F7D25E 
 109      0F15F77A 
 109      6EFD
 110 02c9 B3833CEE 		.ascii	"\263\203<\356e\365Uu6\347\361<f\364\022\343\266\315"
 110      65F55575 
 110      36E7F13C 
 110      66F412E3 
 110      B6CD
 111 02db 45F95AFC 		.ascii	"E\371Z\374\224\031\237\226U\357\3231c\0311>\234\250"
 111      94199F96 
ARM GAS  C:\Users\CYIRKO~1\AppData\Local\Temp\ccf36b3b.s 			page 8


 111      55EFD331 
 111      6319313E 
 111      9CA8
 112 02ed 79A4C663 		.ascii	"y\244\306c\314XQ\177\265U<}\362\210\361\326pc\256\036"
 112      CC58517F 
 112      B5553C7D 
 112      F288F1D6 
 112      7063AE1E 
 113 0301 67616AF4 		.ascii	"gaj\364?l)\011b\306~\242o=\276\253d>\316c\306[=\007"
 113      3F6C2909 
 113      62C67EA2 
 113      6F3DBEAB 
 113      643ECE63 
 114 0319 72C4C3A6 		.ascii	"r\304\303\246\221\350\205EG\277\326\343\"f,\353\331"
 114      91E88545 
 114      47BFD6E3 
 114      22662CEB 
 114      D9
 115 032a 5B281A97 		.ascii	"[(\032\227\203z\274\376T\273\032\357f\266\326\301\246"
 115      837ABCFE 
 115      54BB1AEF 
 115      66B6D6C1 
 115      A6
 116 033b DC605CCC 		.ascii	"\334`\\\314\224\312\361\317\017jp)S\032\367\026K;\355"
 116      94CAF1CF 
 116      0F6A7029 
 116      531AF716 
 116      4B3BED
 117 034e 1839ED0A 		.ascii	"\0309\355\012*\375:v\274\355\017#\036<mUz|\230bC&:\206"
 117      2AFD3A76 
 117      BCED0F23 
 117      1E3C6D55 
 117      7A7C9862 
 118 0366 2E04A3B0 		.ascii	".\004\243\260\210\251'2B\231\214vHF\033\315n\247\230"
 118      88A92732 
 118      42998C76 
 118      48461BCD 
 118      6EA798
 119 0379 89479089 		.ascii	"\211G\220\211.X\365\036\220\237@\356\203t\203<\004\371"
 119      2E58F51E 
 119      909F40EE 
 119      8374833C 
 119      04F9
 120 038b 19A417E4 		.ascii	"\031\244\027\344\001\310\217 \367\344\202#\231\271\036"
 120      01C88F20 
 120      F7E48223 
 120      99B91E
 121 039a BA4B106A 		.ascii	"\272K\020j\337\244\271\371\012rC(\247\262]1}\373\000"
 121      DFA4B9F9 
 121      0A724328 
 121      A7B25D31 
 121      7DFB00
 122 03ad FED2BB59 		.ascii	"\376\322\273Y\264\344\010\2745\020>mk\022\360z\031\334"
 122      B4E408BC 
 122      35103E6D 
 122      6B12F07A 
 122      19DC
ARM GAS  C:\Users\CYIRKO~1\AppData\Local\Temp\ccf36b3b.s 			page 9


 123 03bf 11082E47 		.ascii	"\021\010.G\201\350D\031\335\024\210\276\035\210\356"
 123      81E84419 
 123      DD1488BE 
 123      1D88EE
 124 03ce 7A4F46DF 		.ascii	"zOF\337\011D7\317\210\273K\021\367\335@\370\221\231"
 124      094437CF 
 124      88BB4B11 
 124      F7DD40F8 
 124      9199
 125 03e0 D35C27C3 		.ascii	"\323\\'\303\257\007\302\353gD\256\210\345\207@t\313"
 125      AF07C2EB 
 125      6744AE88 
 125      E5874074 
 125      CB
 126 03f1 8CC815F3 		.ascii	"\214\310\025\363\374>\020}kf(\357\313\360\233\201\360"
 126      FC3E107D 
 126      6B6628EF 
 126      CBF09B81 
 126      F0
 127 0402 1B32B9B8 		.ascii	"\0332\271\270\307\257\261=\3369}\217\213\311\256W$\273"
 127      C7AFB13D 
 127      DE397D8F 
 127      8BC9AE57 
 127      24BB
 128 0414 3190AB41 		.ascii	"1\220\253A\341\032*\362\342h\357\346\371\270\232V$?"
 128      E11A2AF2 
 128      E268EFE6 
 128      F9B89A56 
 128      243F
 129 0426 D1DAFDBB 		.ascii	"\321\332\375\273\200#A\252B\364\004\212\357\177)D\026"
 129      802341AA 
 129      42F4048A 
 129      EF7F2944 
 129      16
 130 0437 7853033D 		.ascii	"xS\003=\"\372\200\350\261|DtJGDq\247\367\236:L\364\237"
 130      22FA80E8 
 130      B17C4474 
 130      4A474471 
 130      A7F79E3A 
 131 044e F74BFEB9 		.ascii	"\367K\376\2719;'?m\317\316|\201\015[\247~fQ\277\342"
 131      393B273F 
 131      6DCFCE7C 
 131      810D5BA7 
 131      7E6651BF 
 132 0463 18E5D000 		.ascii	"\030\345\320\0002\320\013\025\264\000>Q\360\3559\276"
 132      32D00B15 
 132      B4003E51 
 132      F0ED39BE 
 133 0473 1D4A1F6E 		.ascii	"\035J\037nbh\001\245@\210\275\021\025\252\372\245\007"
 133      626801A5 
 133      4088BD11 
 133      15AAFAA5 
 133      07
 134 0484 21DA0FBD 		.ascii	"!\332\017\275<'^\303\244.$\215\020u^Ty\221\222\376\211"
 134      3C275EC3 
 134      A42E248D 
 134      10755E54 
ARM GAS  C:\Users\CYIRKO~1\AppData\Local\Temp\ccf36b3b.s 			page 10


 134      799192FE 
 135 0499 83918291 		.ascii	"\203\221\202\221\231\231'\351a70\366A\207I\243\021/"
 135      999927E9 
 135      613730F6 
 135      418749A3 
 135      112F
 136 04ab 3B404839 		.ascii	";@H9@A\310\302\026\355S\361q\362\344\220\264T\003\236"
 136      4041C8C2 
 136      16ED53F1 
 136      71F2E490 
 136      B454039E 
 137 04bf BA1E7D07 		.ascii	"\272\036}\007,;\364\354\177\007\321\276\376\243B\227"
 137      2C3BF4EC 
 137      7F07D1BE 
 137      FEA34297 
 138 04cf 1E9F65A7 		.ascii	"\036\237e\247\334\025\377\260w>;\345x\305M\354\025v"
 138      DC15FFB0 
 138      773E3BE5 
 138      78C54DEC 
 138      1576
 139 04e1 131BC9BA 		.ascii	"\023\033\311\272}Q\277p7\275Ze\013\013x\364\321\257"
 139      7D51BF70 
 139      37BD5A65 
 139      0B0B78F4 
 139      D1AF
 140 04f3 D07358E8 		.ascii	"\320sX\350gt\241\207\321Bx'\253\304\362k,8\243_\274"
 140      6774A187 
 140      D1427827 
 140      ABC4F26B 
 140      2C38A35F 
 141 0508 5FD8DF29 		.ascii	"_\330\337)x\037\214\204?\250\026\004\270\326\010*\002"
 141      781F8C84 
 141      3FA81604 
 141      B8D6082A 
 141      02
 142 0519 43437285 		.ascii	"CCr\205\300'\274\237\302\371\202\006\241&8\270\035."
 142      C027BC9F 
 142      C2F98206 
 142      A12638B8 
 142      1D2E
 143 052b 263F21D5 		.ascii	"&?!\325}\035j\334\317\242\332Y\335\330\205\201\253\023"
 143      7D1D6ADC 
 143      CFA2DA59 
 143      DDD88581 
 143      AB13
 144 053d EACC3FB9 		.ascii	"\352\314?\271|OU\267\220\247\247\016\321\250\3144J\230"
 144      7C4F55B7 
 144      90A7A70E 
 144      D1A8CC34 
 144      4A98
 145 054f C8C71865 		.ascii	"\310\307\030e\250\353i\373\033>\244\242\004G\276hx\242"
 145      A8EB69FB 
 145      1B3EA4A2 
 145      0447BE68 
 145      78A2
 146 0561 1509EE15 		.ascii	"\025\011\356\025\342G\2432\301\013\231\340\205D0N\011"
 146      E247A332 
ARM GAS  C:\Users\CYIRKO~1\AppData\Local\Temp\ccf36b3b.s 			page 11


 146      C10B99E0 
 146      8544304E 
 146      09
 147 0572 1A7C25E3 		.ascii	"\032|%\343!x\2241\354>{\361\273 \221\341r\031./\337"
 147      21789431 
 147      EC3E7BF1 
 147      BB2091E1 
 147      72192E2F 
 148 0587 E24D6204 		.ascii	"\342Mb\004\0232\301\204D0I\011\372nt?\327\342\223jJ"
 148      1332C184 
 148      44304909 
 148      FA6E743F 
 148      D7E2936A 
 149 059c 707AE86A 		.ascii	"pz\350j\2654\207\027\225x\264d\212\300/\023\370%\002"
 149      B5348717 
 149      9578B464 
 149      8AC02F13 
 149      F82502
 150 05af 81270425 		.ascii	"\201'\004%?}>\310\343\247\214\240\266{\320;O$\270{\001"
 150      3F7D3EC8 
 150      E3A78CA0 
 150      B67BD03B 
 150      4F24B87B 
 151 05c4 17FE6B8A 		.ascii	"\027\376k\212\000\256\203\022\001|2\202O)\301\241\012"
 151      00AE8312 
 151      017C3282 
 151      4F29C1A1 
 151      0A
 152 05d5 CFFD205C 		.ascii	"\317\375 \\\251\241\004\236\333\303\275\032\025\317"
 152      A9A1049E 
 152      DBC3BD1A 
 152      15CF
 153 05e3 B602C913 		.ascii	"\266\002\311\023\364]\276y\247H\365\213\031\335\314"
 153      F45DBE79 
 153      A748F58B 
 153      19DDCC
 154 05f2 938CE6F0 		.ascii	"\223\214\346\360bJK\033&N\352\304\010n\371^\337\316"
 154      624A4B1B 
 154      264EEAC4 
 154      086EF95E 
 154      DFCE
 155 0604 A6002094 		.ascii	"\246\000 \224-G\220-E\260\205F\340\331WT\205\3619\026"
 155      2D47902D 
 155      45B08546 
 155      E0D95754 
 155      85F13916 
 156 0618 C1677BC6 		.ascii	"\301g{\306\257\363\022A\013\236\364\313i\310\225\031"
 156      AFF31241 
 156      0B9EF4CB 
 156      69C89519 
 157 0628 7225863C 		.ascii	"r%\206<\312P{\371\310\363`\274]K\031\332kj=\252\327"
 157      CA507BF9 
 157      C8F360BC 
 157      5D4B19DA 
 157      6B6A3DAA 
 158 063d 4A847E72 		.ascii	"J\204~rS\366-\337\226}]\020\016\360t\307\3473\006\305"
 158      53F62DDF 
ARM GAS  C:\Users\CYIRKO~1\AppData\Local\Temp\ccf36b3b.s 			page 12


 158      967D5D10 
 158      0EF074C7 
 158      E73306C5 
 159 0651 AF6B3E21 		.ascii	"\257k>!B[\371\327\310\277\005#\315\355\006\345!A\234"
 159      425BF9D7 
 159      C8BF0523 
 159      CDED06E5 
 159      21419C
 160 0664 CA87C436 		.ascii	"\312\207\3046\336 \271\207Oz\250\374\263I\245\304\223"
 160      DE20B987 
 160      4F7AA8FC 
 160      B349A5C4 
 160      93
 161 0675 69CAF8ED 		.ascii	"i\312\370\355<;TH\253Izw\245\331mV\23178\323t\253\327"
 161      3C3B5448 
 161      AB497A77 
 161      A5D96D56 
 161      993738D3 
 162 068c 7D181E1F 		.ascii	"}\030\036\037\023\303\351M\246L[\206{i\254\311\275\301"
 162      13C3E94D 
 162      A64C5B86 
 162      7B69ACC9 
 162      BDC1
 163 069e FAB63125 		.ascii	"\372\2661%\325\226ls\2713-6\273\321m\267\247\271\214"
 163      D5966C73 
 163      B9332D36 
 163      BBD16DB7 
 163      A7B98C
 164 06b1 1B3332C3 		.ascii	"\03332\303\351W\270\331\231\036nMO\266Z,V\213qY\324"
 164      E957B8D9 
 164      991E6E4D 
 164      4FB65A2C 
 164      568B7159 
 165 06c6 D2F0D837 		.ascii	"\322\360\3307c\342\376\032c\204\37672\354\031\3267\254"
 165      63E2FE1A 
 165      6384FE37 
 165      32EC19D6 
 165      37AC
 166 06d8 E6649BD1 		.ascii	"\346d\233\321\226\221\222\226i\261\032\323\315\300\225"
 166      96919296 
 166      69B11AD3 
 166      CDC095
 167 06e7 61359A2C 		.ascii	"a5\232,\326\015\346\3144\267\311\375\211\303\352\212"
 167      D60DE6CC 
 167      34B7C9FD 
 167      89C3EA8A 
 168 06f7 4AE57492 		.ascii	"J\345t\222\277\277\374_\375\271>q\031M.\267\005\310"
 168      BFBFFC5F 
 168      FDB93E71 
 168      194D2EB7 
 168      05C8
 169 0709 C109B65B 		.ascii	"\301\011\266[\234jG\246\303\342\324\332]\016\253\325"
 169      9C6A47A6 
 169      C3E2D4DA 
 169      5D0EABD5 
 170 0719 E2D4D849 		.ascii	"\342\324\330I\000Nu\272\335bu\2225HMX\365\2661\236\370"
 170      004E75BA 
ARM GAS  C:\Users\CYIRKO~1\AppData\Local\Temp\ccf36b3b.s 			page 13


 170      DD627592 
 170      35484D58 
 170      F5B6319E 
 171 072e FF80F9A7 		.ascii	"\377\200\371\247\261\330]1q\313\242\355\256\350TsZ\264"
 171      B1D85D31 
 171      71CBA2ED 
 171      AEE85473 
 171      5AB4
 172 0740 C3EE74BB 		.ascii	"\303\356t\273\242?\370\323\373Kc\243\023\023WF\257N"
 172      A23FF8D3 
 172      FB4B63A3 
 172      13135746 
 172      AF4E
 173 0752 5ABBFEE3 		.ascii	"Z\273\376\343Xb29@\322\322,\340*\324\345N\207\351lt"
 173      58623239 
 173      40D2D22C 
 173      E02AD4E5 
 173      4E87E96C 
 174 0767 D8EC2697 		.ascii	"\330\354&\227\325\235\3510\2715Ik\311Jk\222\326\260"
 174      D59DE930 
 174      B935496B 
 174      C94A6B92 
 174      D6B0
 175 0779 66356B12 		.ascii	"f5k\022X\263\2125+Y\023\317\232?\262f\005k\336#MP\322"
 175      58B38A35 
 175      2B5913CF 
 175      9A3FB266 
 175      056BDE23 
 176 0790 8AC4787B 		.ascii	"\212\304x{\306\006\333F-x\\\233as\377\366\245\021\273"
 176      C606DB46 
 176      2D785C9B 
 176      6173FFF6 
 176      A511BB
 177 07a3 9C29A48D 		.ascii	"\234)\244\215J\3414.7\031\022\373\322!\342\002\322Y"
 177      4AE1342E 
 177      371912FB 
 177      D221E202 
 177      D259
 178 07b5 B9C8DA05 		.ascii	"\271\310\332\005%\333\315N\013\031\274\362\245\203)"
 178      25DBCD4E 
 178      0B19BCF2 
 178      A58329
 179 07c4 942C9169 		.ascii	"\224,\221i\335\207\361\211\253\326\307\274"
 179      DD87F189 
 179      ABD6C7BC 
 180 07d0 F5962921 		.ascii	"\365\226)!nY\334\237\3272\023\320i\\\224k\331\334\002"
 180      6E59DC9F 
 180      D73213D0 
 180      695C946B 
 180      D9DC02
 181 07e3 B13A6D30 		.ascii	"\261:m0\215TN\273\321A\347\261tN\303a\020\031k\335\364"
 181      8D544EBB 
 181      D141E7B1 
 181      744EC361 
 181      10196BDD 
 182 07f8 5F8C8541 		.ascii	"_\214\205A06D\312\260\311\006\014\206T\205\262bNuC\337"
 182      303644CA 
ARM GAS  C:\Users\CYIRKO~1\AppData\Local\Temp\ccf36b3b.s 			page 14


 182      B0C9060C 
 182      865485B2 
 182      624E7543 
 183 080d 09719B36 		.ascii	"\011q\2336E\247\312%C\270\245}\221BS\374\037\272t\376"
 183      45A7CA25 
 183      43B8A57D 
 183      914253FC 
 183      1FBA74FE 
 184 0821 F6       		.ascii	"\366"
 185              		.text
 186              		.section	.gnu.lto_.symtab.115d938e,"",%progbits
 187 0000 68616C49 		.ascii	"halInit\000"
 187      6E697400 
 188 0008 00       		.ascii	"\000"
 189 0009 00       		.ascii	"\000"
 190 000a 00       		.ascii	"\000"
 191 000b 00000000 		.ascii	"\000\000\000\000\000\000\000\000"
 191      00000000 
 192 0013 F8000000 		.ascii	"\370\000\000\000"
 193 0017 70616C5F 		.ascii	"pal_default_config\000"
 193      64656661 
 193      756C745F 
 193      636F6E66 
 193      696700
 194 002a 00       		.ascii	"\000"
 195 002b 02       		.ascii	"\002"
 196 002c 00       		.ascii	"\000"
 197 002d 00000000 		.ascii	"\000\000\000\000\000\000\000\000"
 197      00000000 
 198 0035 0A010000 		.ascii	"\012\001\000\000"
 199 0039 7374496E 		.ascii	"stInit\000"
 199      697400
 200 0040 00       		.ascii	"\000"
 201 0041 02       		.ascii	"\002"
 202 0042 00       		.ascii	"\000"
 203 0043 00000000 		.ascii	"\000\000\000\000\000\000\000\000"
 203      00000000 
 204 004b FA000000 		.ascii	"\372\000\000\000"
 205 004f 626F6172 		.ascii	"boardInit\000"
 205      64496E69 
 205      7400
 206 0059 00       		.ascii	"\000"
 207 005a 02       		.ascii	"\002"
 208 005b 00       		.ascii	"\000"
 209 005c 00000000 		.ascii	"\000\000\000\000\000\000\000\000"
 209      00000000 
 210 0064 FC000000 		.ascii	"\374\000\000\000"
 211 0068 7364496E 		.ascii	"sdInit\000"
 211      697400
 212 006f 00       		.ascii	"\000"
 213 0070 02       		.ascii	"\002"
 214 0071 00       		.ascii	"\000"
 215 0072 00000000 		.ascii	"\000\000\000\000\000\000\000\000"
 215      00000000 
 216 007a FE000000 		.ascii	"\376\000\000\000"
 217 007e 67707449 		.ascii	"gptInit\000"
 217      6E697400 
ARM GAS  C:\Users\CYIRKO~1\AppData\Local\Temp\ccf36b3b.s 			page 15


 218 0086 00       		.ascii	"\000"
 219 0087 02       		.ascii	"\002"
 220 0088 00       		.ascii	"\000"
 221 0089 00000000 		.ascii	"\000\000\000\000\000\000\000\000"
 221      00000000 
 222 0091 00010000 		.ascii	"\000\001\000\000"
 223 0095 65787449 		.ascii	"extInit\000"
 223      6E697400 
 224 009d 00       		.ascii	"\000"
 225 009e 02       		.ascii	"\002"
 226 009f 00       		.ascii	"\000"
 227 00a0 00000000 		.ascii	"\000\000\000\000\000\000\000\000"
 227      00000000 
 228 00a8 02010000 		.ascii	"\002\001\000\000"
 229 00ac 5F70616C 		.ascii	"_pal_lld_init\000"
 229      5F6C6C64 
 229      5F696E69 
 229      7400
 230 00ba 00       		.ascii	"\000"
 231 00bb 02       		.ascii	"\002"
 232 00bc 00       		.ascii	"\000"
 233 00bd 00000000 		.ascii	"\000\000\000\000\000\000\000\000"
 233      00000000 
 234 00c5 06010000 		.ascii	"\006\001\000\000"
 235 00c9 68616C5F 		.ascii	"hal_lld_init\000"
 235      6C6C645F 
 235      696E6974 
 235      00
 236 00d6 00       		.ascii	"\000"
 237 00d7 02       		.ascii	"\002"
 238 00d8 00       		.ascii	"\000"
 239 00d9 00000000 		.ascii	"\000\000\000\000\000\000\000\000"
 239      00000000 
 240 00e1 08010000 		.ascii	"\010\001\000\000"
 241              		.text
 242              		.section	.gnu.lto_.opts,"",%progbits
 243 0000 272D666D 		.ascii	"'-fmath-errno' '-fsigned-zeros' '-ftrapping-math' '"
 243      6174682D 
 243      6572726E 
 243      6F272027 
 243      2D667369 
 244 0033 2D666E6F 		.ascii	"-fno-trapv' '-fno-openmp' '-fno-openacc' '-mcpu=cor"
 244      2D747261 
 244      70762720 
 244      272D666E 
 244      6F2D6F70 
 245 0066 7465782D 		.ascii	"tex-m7' '-mno-thumb-interwork' '-mthumb' '-ggdb' '-"
 245      6D372720 
 245      272D6D6E 
 245      6F2D7468 
 245      756D622D 
 246 0099 4F322720 		.ascii	"O2' '-fomit-frame-pointer' '-falign-functions=16' '"
 246      272D666F 
 246      6D69742D 
 246      6672616D 
 246      652D706F 
 247 00cc 2D666675 		.ascii	"-ffunction-sections' '-fdata-sections' '-fno-common"
ARM GAS  C:\Users\CYIRKO~1\AppData\Local\Temp\ccf36b3b.s 			page 16


 247      6E637469 
 247      6F6E2D73 
 247      65637469 
 247      6F6E7327 
 248 00ff 2720272D 		.ascii	"' '-flto'\000"
 248      666C746F 
 248      2700
 249              		.text
 250              		.comm	__gnu_lto_v1,1,1
 251              		.comm	__gnu_lto_slim,1,1
 252              		.ident	"GCC: (GNU Tools for ARM Embedded Processors 6-2017-q1-update) 6.3.1 20170215 (release) [AR
ARM GAS  C:\Users\CYIRKO~1\AppData\Local\Temp\ccf36b3b.s 			page 17


DEFINED SYMBOLS
                            *ABS*:00000000 hal.c
                            *COM*:00000001 __gnu_lto_v1
                            *COM*:00000001 __gnu_lto_slim

NO UNDEFINED SYMBOLS
