ARM GAS  C:\Users\CYIRKO~1\AppData\Local\Temp\ccjIwPDa.s 			page 1


   1              		.cpu cortex-m7
   2              		.eabi_attribute 20, 1
   3              		.eabi_attribute 21, 1
   4              		.eabi_attribute 23, 3
   5              		.eabi_attribute 24, 1
   6              		.eabi_attribute 25, 1
   7              		.eabi_attribute 26, 1
   8              		.eabi_attribute 30, 2
   9              		.eabi_attribute 34, 1
  10              		.eabi_attribute 18, 4
  11              		.file	"hal_ext.c"
  12              		.text
  13              	.Ltext0:
  14              		.section	.gnu.lto_.profile.15b8cf6d,"",%progbits
  15 0000 789C6365 		.ascii	"x\234ce`b`a```dH\325\000\000\001r\000\232"
  15      60626061 
  15      60606064 
  15      48D50000 
  15      0172009A 
  16              		.text
  17              		.section	.gnu.lto_.icf.15b8cf6d,"",%progbits
  18 0000 789C6365 		.ascii	"x\234ce`b\320f@\000v\206\205??\354\345a\234\374\367"
  18      6062D066 
  18      40007686 
  18      853F3FEC 
  18      E5619CFC 
  19 0015 D30B4EA6 		.ascii	"\323\013N\246\353\033\327\356ag\276\276\377\002;\313"
  19      EB1BD7EE 
  19      6167BEBE 
  19      FF023BCB 
  20 0025 9353134F 		.ascii	"\223S\023O0\261\202I\266\356u\223n\3610\000\000\350"
  20      30B18249 
  20      B6EE7593 
  20      6EF13000 
  20      00E8
  21 0037 D3153D   		.ascii	"\323\025="
  22              		.text
  23              		.section	.gnu.lto_.jmpfuncs.15b8cf6d,"",%progbits
  24 0000 789C6D8B 		.ascii	"x\234m\2131\016\000 \010\003)\202>\324W8\365\353\202"
  24      310E0020 
  24      08032982 
  24      3ED45738 
  24      F5EB82
  25 0013 0CC6C40E 		.ascii	"\014\306\304\016m9R\027\225)W#\015!\252\002\215\021"
  25      6D395217 
  25      95295723 
  25      0D21AA02 
  25      8D11
  26 0025 2B512B74 		.ascii	"+Q+t\272\345\007\260\272t!\334?\254\347h\220|\250l\232"
  26      BAE507B0 
  26      BA7421DC 
  26      3FACE768 
  26      907CA86C 
  27 003a A50817   		.ascii	"\245\010\027"
  28              		.text
  29              		.section	.gnu.lto_.inline.15b8cf6d,"",%progbits
  30 0000 789C6365 		.ascii	"x\234ce`b8\312\200\000\354\014\014,<\214@A\006\006\266"
ARM GAS  C:\Users\CYIRKO~1\AppData\Local\Temp\ccjIwPDa.s 			page 2


  30      606238CA 
  30      8000EC0C 
  30      0C2C3C8C 
  30      40410606 
  31 0015 05F2208A 		.ascii	"\005\362 \212\201\221\013D0\260\262\000\205\231.\360"
  31      81910B44 
  31      30B0B200 
  31      85992EF0 
  32 0025 33707CD0 		.ascii	"3p|\320\003\21331p\012\002\205\330>\350!\204\270\201"
  32      038B3331 
  32      700A0285 
  32      D83EE821 
  32      84B881
  33 0038 2A27F831 		.ascii	"*'\3701\343\224aa\340\020\000\312\260,\220\207\033\317"
  33      E3946161 
  33      E01000CA 
  33      B02C9087 
  33      1BCF
  34 004a CC03949D 		.ascii	"\314\003\224\235\3407\301\217\025\217\034\033\003\267"
  34      E037C18F 
  34      158F1C1B 
  34      03B7
  35 0058 30232383 		.ascii	"0##\203\002#\003\263\002\013\307\001;\210\012\306\027"
  35      022303B3 
  35      020BC701 
  35      3B880AC6 
  35      17
  36 0069 EC2C1012 		.ascii	"\354,\020\022E1\003\000T&\027]"
  36      45310300 
  36      5426175D 
  37              		.text
  38              		.section	.gnu.lto_.pureconst.15b8cf6d,"",%progbits
  39 0000 789C6365 		.ascii	"x\234ce`b\020f```g\220`\224b\332\305\310\274\213\221"
  39      60621066 
  39      60606067 
  39      90609462 
  39      DAC5C8BC 
  40 0016 651723EB 		.ascii	"e\027#\353.F6)\000\037\252\003o"
  40      2E463629 
  40      001FAA03 
  40      6F
  41              		.text
  42              		.section	.gnu.lto_extInit.15b8cf6d,"",%progbits
  43 0000 789C6365 		.ascii	"x\234ce`bX\314\300\300`\010\304\322@\314\310\314\300"
  43      606258CC 
  43      C0C06008 
  43      C4D240CC 
  43      C8CCC0
  44 0013 C834E11C 		.ascii	"\3104\341\034\003C#\007\023##\210\321\300\301\310P\317"
  44      03432307 
  44      13232388 
  44      D1C0C1C8 
  44      50CF
  45 0025 C458CFD8 		.ascii	"\304X\317\330\317<\235\231\361P\373\263\235L\232\313"
  45      CF3C9D99 
  45      F150FBB3 
  45      9D4C9ACB 
ARM GAS  C:\Users\CYIRKO~1\AppData\Local\Temp\ccjIwPDa.s 			page 3


  46 0035 1B80E0C0 		.ascii	"\033\200\340\300\364\017\222\015+\0160\316gf`\230\011"
  46      F40F920D 
  46      2B0E30CE 
  46      67666098 
  46      09
  47 0046 C420C0B8 		.ascii	"\304 \300\270\234Q\223\001\250\354\321\306\177Sy\331"
  47      9C519301 
  47      A8ECD1C6 
  47      7F5379D9 
  48 0056 5820E28C 		.ascii	"X \342\214+\030\331\030\201\364\372K\214\007\032\376"
  48      2B18D918 
  48      81F4FA4B 
  48      8C071AFE 
  49 0066 FD6F6F38 		.ascii	"\375oo8\360d\021\343wV\240T\027\020\203\354\350ff\002"
  49      F06411E3 
  49      7756A054 
  49      171083EC 
  49      E8666602 
  50 007a D1CCAF19 		.ascii	"\321\314\257\031\233\027\274\226\006\251\007\031\262"
  50      9B17BC96 
  50      06A90719 
  50      B2
  51 0087 73E79BDB 		.ascii	"s\347\233\333\354\365\177\0338\34633\316d\006\232\300"
  51      ECF57F1B 
  51      38E63333 
  51      CE64069A 
  51      C0
  52 0098 B892B19E 		.ascii	"\270\222\261\236a>P\355[\306\246\005\357\271\301\352"
  52      613E50ED 
  52      5BC6A605 
  52      EFB9C1EA 
  53 00a8 40A00B28 		.ascii	"@\240\013(\011\324\316\304\300\240\357j\025\343\234"
  53      09D4CEC4 
  53      C0A0EF6A 
  53      15E39C
  54 00b7 91999419 		.ascii	"\221\231\224\031\\R\232\222\231\037\223\014b\347\027"
  54      5C529A92 
  54      991F930C 
  54      62E717
  55 00c6 1B9A9BE9 		.ascii	"\033\232\233\351\347\027\353g$\346\350\027\027%\203"
  55      E717EB67 
  55      24E6E817 
  55      172583
  56 00d5 E8F8D48A 		.ascii	"\350\370\324\212\022\275d\006\000b\205HF"
  56      12BD6406 
  56      00628548 
  56      46
  57              		.text
  58              		.section	.gnu.lto_extObjectInit.15b8cf6d,"",%progbits
  59 0000 789C9550 		.ascii	"x\234\225PM+\204Q\024>\317{\346+a\255L\262P\262\361"
  59      4D2B8451 
  59      143ECF7B 
  59      E62B61AD 
  59      4CB250B2 
  60 0015 C66294AD 		.ascii	"\306b\224\255\370\003\266Sb(Sjd(;\327\370\030\015\231"
  60      F803B653 
  60      6228536A 
ARM GAS  C:\Users\CYIRKO~1\AppData\Local\Temp\ccjIwPDa.s 			page 4


  60      64283BD7 
  60      F8180D99 
  61 0029 2931E3AB 		.ascii	")1\343\253w\026&\3373\206,\254L6J>bco$\212\205R6\302"
  61      771626DF 
  61      33862CAC 
  61      4C364A3E 
  61      62636F24 
  62 0042 B9AF9ABD 		.ascii	"\271\257\232\275[\247s\316\275\317y\316\363\\'\031\224"
  62      5BA773CE 
  62      BDCF79CE 
  62      F35C2719 
  62      94
  63 0053 01918F88 		.ascii	"\001\221\217\210\252%\300\004#qM4\3561\000](\017h\314"
  63      AA25C004 
  63      23714D34 
  63      EE31005D 
  63      280F68CC 
  64 0067 C018E29C 		.ascii	"\300\030\342\234d\234E\237N\214\206M%\247\220L\271\246"
  64      649C459F 
  64      4E8C864D 
  64      25A7904C 
  64      B9A6
  65 0079 D55495C5 		.ascii	"\325T\225\305D\313\022\372`\023\015\202\272\235<X\343"
  65      44CB12FA 
  65      60130D82 
  65      BA9D3C58 
  65      E3
  66 008a 79B61870 		.ascii	"y\266\030pH\373~\265R\254\324\255\201Zi\255\351\267"
  66      48FB7EB5 
  66      52ACD4AD 
  66      815A69AD 
  66      E9B7
  67 009c 55E66690 		.ascii	"U\346f\220\324\367\211\323\326\372\214R\021U\370Z`U"
  67      D4F789D3 
  67      D6FA8C52 
  67      1155F85A 
  67      6055
  68 00ae 67316307 		.ascii	"g1c\007,|\330\206\027[\360\222\\\021vQ\257\341\017\371"
  68      2C7CD886 
  68      175BF092 
  68      5C117651 
  68      AFE10FF9 
  69 00c2 EFC50A97 		.ascii	"\357\305\012\227\343o\037\366\340\022\351\224\273CA"
  69      E36F1FF6 
  69      E012E994 
  69      BB4341
  70 00d1 7DFF4455 		.ascii	"}\377DU\341u\003\371\016\247\010\327p\212\011H;\230"
  70      E17503F9 
  70      0EA708D7 
  70      708A0948 
  70      3B98
  71 00e3 6543677E 		.ascii	"eCg~A\344\343y~\242L\317\011\327\322\324\331\215[\253"
  71      41E4E379 
  71      7EA24CCF 
  71      09D7D2D4 
  71      D98D5BAB 
  72 00f7 625BC9E7 		.ascii	"b[\311\347\371\305L\271\205\365q\261\226\256\261\330"
ARM GAS  C:\Users\CYIRKO~1\AppData\Local\Temp\ccjIwPDa.s 			page 5


  72      F9C54CB9 
  72      85F571B1 
  72      96AEB1D8 
  73 0107 B12E72F7 		.ascii	"\261.r\367e\277~\314<F\262ns_\333\256\265\330\211,,"
  73      65BF7ECC 
  73      3C46B26E 
  73      735FDBAE 
  73      B5D8892C 
  74 011c A46CCFC8 		.ascii	"\244l\317\310\301\024\300q\3642_\246\311\234\000\016"
  74      C114C071 
  74      F4325FA6 
  74      C99C000E 
  75 012c 64CA5E16 		.ascii	"d\312^\026/-\373\007\273\013y\233][\303\241\315^\222"
  75      2F2DFB07 
  75      BB0B799B 
  75      5D5BC3A1 
  75      CD5E92
  76 013f 2A7E7124 		.ascii	"*~q$So\210\244\213s\320\344\366\277\307\004-\026\015"
  76      536F88A4 
  76      8B73D0E4 
  76      F6BFC704 
  76      2D160D
  77 0152 22B3BDD5 		.ascii	"\"\263\275\325\337\326\037\354\011v\016\217\364\006"
  77      DFD61FEC 
  77      09760E8F 
  77      F406
  78 0160 43FE80AE 		.ascii	"C\376\200\256C\341\246\026\237\031\012\233\375\335\003"
  78      43E1A616 
  78      9F190A9B 
  78      FDDD03
  79 016f 667828A0 		.ascii	"fx(\240sW\337\350pc\200\034\222\006\177\001\274\321"
  79      7357DFE8 
  79      7063801C 
  79      92067F01 
  79      BCD1
  80 0181 998D     		.ascii	"\231\215"
  81              		.text
  82              		.section	.gnu.lto_extStart.15b8cf6d,"",%progbits
  83 0000 789C9553 		.ascii	"x\234\225SohUe\030\177~\347=\367\217\233\205\037\203"
  83      6F685565 
  83      187F7EE7 
  83      3DF78F9B 
  83      851F83
  84 0013 24CEA831 		.ascii	"$\316\2501\205\360\230H\003\011\241FA\037\366!\367U"
  84      85F09848 
  84      0309A146 
  84      411FF621 
  84      F755
  85 0025 18F378F3 		.ascii	"\030\363x\363^\330\335\031\367l\242\037\342\036o\323"
  85      5ED8DD19 
  85      F76CA21F 
  85      E21E6FD3 
  86 0035 855A0996 		.ascii	"\205Z\011\226\336m]\316Hd[\265?\256,onw\267iijE\262"
  86      DE6D5DCE 
  86      48645BB5 
  86      3FAE2C6F 
  86      6E77B769 
ARM GAS  C:\Users\CYIRKO~1\AppData\Local\Temp\ccjIwPDa.s 			page 6


  87 004d 4810A2B6 		.ascii	"H\020\242\266\326ZiX\006\025\325\354y\336\266\241w\340"
  87      D65A6958 
  87      0615D5EC 
  87      79DEB6A1 
  87      77E0
  88 005f EA857BDF 		.ascii	"\352\205{\337?\317\357\367\274\317\363{\177'D\006u\232"
  88      3FCFEFF7 
  88      BCCFF37B 
  88      7F274406 
  88      759A
  89 0071 443520BA 		.ascii	"D5 \272\237\210\240\010\306\241O\211\366D\015@\026~"
  89      9F88A008 
  89      C6A14F89 
  89      F6440D40 
  89      167E
  90 0083 14943690 		.ascii	"\024\2246\220\306\313\352\250\302x\373wycm\217\317\243"
  90      C6CBEAA8 
  90      C278FB77 
  90      79636D8F 
  90      CFA3
  91 0095 78F44A78 		.ascii	"x\364Jx\237\277\367\276@\021u\360O\006z\260\226Q\237"
  91      9FBFF7BE 
  91      401175F0 
  91      4F067AB0 
  91      96519F
  92 00a8 B70DBDA6 		.ascii	"\267\015\275\246^R\201\002L\336\376\374I\347\324\275"
  92      5E528102 
  92      4CDEFEFC 
  92      49E7D4BD 
  93 00b8 B23560F1 		.ascii	"\2625`\3616\330w\275K\251\015 ^\177yhlS\325q\337\317"
  93      36D877BD 
  93      4BA90D20 
  93      5E7F7968 
  93      6C53D571 
  94 00ce F8C589C3 		.ascii	"\370\305\211\303\312\177(P\012o@q>\364a5z\261\232\370"
  94      CA7F2850 
  94      0A6F4071 
  94      3EF46135 
  94      7AB19AF8 
  95 00e2 88F026AA 		.ascii	"\210\360&\252\030=;78c\252j\315\354\373\252\353\231"
  95      183D3B37 
  95      3863AA6A 
  95      CDECFBAA 
  95      EB99
  96 00f4 79E6A523 		.ascii	"y\346\245#\232i\342\255R\246I\350G\225\300'O\314\275"
  96      9A69E2AD 
  96      52A649E8 
  96      4795C027 
  96      4FCCBD
  97 0107 7A4FD83C 		.ascii	"zO\330<\266P,\006\020\346\236i\3602\212\376\334\255"
  97      B6502C06 
  97      10E69E69 
  97      F0328AFE 
  97      DCAD
  98 0119 76CED283 		.ascii	"v\316\322\203[O\255\340\256\371..\\x\264\237\241\"\302"
  98      5B4FADE0 
  98      AEF92E2E 
ARM GAS  C:\Users\CYIRKO~1\AppData\Local\Temp\ccjIwPDa.s 			page 7


  98      5C78B49F 
  98      A122C2
  99 012c 0165C8AC 		.ascii	"\001e\310\254\246aH\262\231\221\366\011\250\315\272"
  99      A66148B2 
  99      9991F609 
  99      A8CDBA
 100 013b 8E93852B 		.ascii	"\216\223\205+\331\262\312c\272\220\231\354\232\316\347"
 100      D9B2CA63 
 100      BA9099EC 
 100      9ACEE7
 101 014a 2F1EF4BB 		.ascii	"/\036\364\2733\253\002\025\302\340\235\345h\201\206"
 101      33AB0215 
 101      C2E09DE5 
 101      688186
 102 0159 50C9A4F6 		.ascii	"P\311\244\366Y\177\324\024EB\260p\202c? 39\370\312\320"
 102      597FD414 
 102      4542B070 
 102      82633F20 
 102      3339F8CA 
 103 016e 652C96DA 		.ascii	"e,\226\332\2465>|#\254K\355P\240\222\320\315S\033\237"
 103      A6353E7C 
 103      23AC4BED 
 103      50A092D0 
 103      CD531B9F 
 104 0182 230C4BCC 		.ascii	"#\014K\314(\215\375Y\260\352\011oKL\225\306\246\262"
 104      288DFD59 
 104      B0EA096F 
 104      4B4C95C6 
 104      A6B2
 105 0194 6BBA94D4 		.ascii	"k\272\224\324AxG\000\346m\362\020N\"\314U\276+\342\200"
 105      41784700 
 105      E66DF210 
 105      4E22CC55 
 105      BE2BE280 
 106 01a8 7A0D0EBD 		.ascii	"z\015\016\275\036\014\377^V\2217\002?k\005*,\350\376"
 106      1E0CFF5E 
 106      56913702 
 106      3F6B052A 
 106      2CE8FE
 107 01bb A9D37ED4 		.ascii	"\251\323~\3244\030\370\036*HNn\\\233\270j\360\011N\301"
 107      3418F81E 
 107      2A484E6E 
 107      5C9BB86A 
 107      F0094EC1 
 108 01cf D40D11F2 		.ascii	"\324\015\021\362\372\355{\013g\246WV\214\314\263#\202"
 108      FAED7B0B 
 108      67A65756 
 108      8CCCB323 
 108      82
 109 01e0 FD6560F8 		.ascii	"\375e`\370\213r\315~_\3308\015\223\246\221\261\2648"
 109      8B72CD7E 
 109      5FD8380D 
 109      93A691B1 
 109      B438
 110 01f2 44B3C874 		.ascii	"D\263\310t\3761\371S\321\220\276\031~d\357\370g\021"
 110      FE31F953 
 110      D190BE19 
ARM GAS  C:\Users\CYIRKO~1\AppData\Local\Temp\ccjIwPDa.s 			page 8


 110      7E64EFF8 
 110      6711
 111 0204 D1EA5F09 		.ascii	"\321\352_\011~;w\341\205\225\001r{\270\227\356\007\002"
 111      7E3B77E1 
 111      85950172 
 111      7BB897EE 
 111      0702
 112 0216 15CDB1AD 		.ascii	"\025\315\261\255F\344F\016\036\37763\020\261\373\245"
 112      46E4460E 
 112      1EFF3633 
 112      10B1FBA5 
 113 0226 4F4B0C31 		.ascii	"OK\0141\212\000Y\355M\024`\347X\214\037\321\326}\363"
 113      8A0059ED 
 113      4D1460E7 
 113      588C1FD1 
 113      D67DF3
 114 0239 4525B985 		.ascii	"E%\271\205\220\317_\273\032I\377\355G\003\265\242C\205"
 114      90CF5FBB 
 114      1A49FFED 
 114      4703B5A2 
 114      4385
 115 024b 18378634 		.ascii	"\0307\2064q\312@\225I%\277~?:\025\231/\344\177\334\\"
 115      71CA4095 
 115      4925BF7E 
 115      3F3A1599 
 115      2FE47FDC 
 116 0260 8EA2BE59 		.ascii	"\216\242\276Y\034\206\017`3`$8\330W&m\224\303\3008\263"
 116      1C860F60 
 116      33602438 
 116      D857266D 
 116      94C3C038 
 117 0275 E6BD54E2 		.ascii	"\346\275T\342\237\3342\3769\243\375\263\250I\210\237"
 117      9FDC32FE 
 117      39A3FDB3 
 117      A849889F 
 118 0285 E9ECDDFC 		.ascii	"\351\354\335\374\363\327\202\177\302K\375c\245\011\037"
 118      F3D7827F 
 118      C24BFD63 
 118      A5091F
 119 0294 4A2C7287 		.ascii	"J,r\207\005>\022\013,1\324c\011\3029\001G\227\032jc"
 119      053E120B 
 119      2C31D463 
 119      09C23901 
 119      47971A6A 
 120 02a9 4E496184 		.ascii	"NIa\204\363K\015\365\2616\324\205\333\0145\027|S(_\360"
 120      F34B0DF5 
 120      B136D485 
 120      DB0C3517 
 120      7C53285F 
 121 02be CA59ED95 		.ascii	"\312Y\355\225\213\332+\245\306\270\264h\014IN\327\221"
 121      8BDA2BA5 
 121      C6B8B468 
 121      0C494ED7 
 121      91
 122 02cf F9FAC0D8 		.ascii	"\371\372\300\330\203\372\351d\354gy\371\243d\274\375"
 122      83FAE964 
 122      EC6779F9 
ARM GAS  C:\Users\CYIRKO~1\AppData\Local\Temp\ccjIwPDa.s 			page 9


 122      A364BCFD 
 123 02df E4A6AD35 		.ascii	"\344\246\2555\361\304\266D]K\353\366\204\273\325\221"
 123      F1C4B644 
 123      5D4BEBF6 
 123      84BBD591 
 124 02ef B5EB3D52 		.ascii	"\265\353=R\375\250\355zv\274\241\321\366R\216\314\365"
 124      FDA8ED7A 
 124      76BCA1D1 
 124      F6528ECC 
 124      F5
 125 0300 B15D2DEB 		.ascii	"\261]-\353\0342yj\016;n\323\263\211\035\241\235\015"
 125      1C32796A 
 125      0E3B6ED3 
 125      B3891DA1 
 125      9D0D
 126 0312 8DADB1CD 		.ascii	"\215\255\261\315w\315\340\270\311\244\333d7\273\251"
 126      77CDE0B8 
 126      C9A4DB64 
 126      37BBA9
 127 0321 16CF7E7C 		.ascii	"\026\317~|KmM\355.\333\211;n*V\277\263:\271.NO\374\027"
 127      4B6D4DED 
 127      2EDB893B 
 127      6E2A56BF 
 127      B33AB92E 
 128 0339 3A5F6AD7 		.ascii	":_j\327\324\326=]g'\232\234\306\326\3551\333Iz\011\257"
 128      D4D63D5D 
 128      67279A9C 
 128      C6D6ED31 
 128      DB497A09 
 129 034e 7E87E370 		.ascii	"~\207\343p\212\365\313\366\340z\374\227j\321\363\262"
 129      8AF5CBF6 
 129      E07AFC97 
 129      6AD1F3B2 
 130 035e 04C62DDE 		.ascii	"\004\306-\336\022\367v{LXU[\267\305\332\326\340\305"
 130      12F7767B 
 130      4C58555B 
 130      B7C5DAD6 
 130      E0C5
 131 0370 9A538987 		.ascii	"\232S\211\207\255\312\365d\244(\222\214%\335\324n\372"
 131      ADCAF564 
 131      A428928C 
 131      25DDD46E 
 131      FA
 132 0381 07A868E9 		.ascii	"\007\250h\351Q"
 132      51
 133              		.text
 134              		.section	.gnu.lto_extStop.15b8cf6d,"",%progbits
 135 0000 789C9553 		.ascii	"x\234\225SmhSg\024>\317}o\223,U\331\317\311DR\\\021"
 135      6D685367 
 135      143ECF7D 
 135      6F932C55 
 135      D9CFC944 
 136 0017 65F4BA31 		.ascii	"e\364\2721,\024\021f\031c?\372\307\376\025J\275\006"
 136      2C141166 
 136      19633FFA 
 136      C7FE154A 
 136      BD06
ARM GAS  C:\Users\CYIRKO~1\AppData\Local\Temp\ccjIwPDa.s 			page 10


 137 0029 1368BC25 		.ascii	"\023h\274%\267\025\375!\271\306j\234\302\024Em\247r"
 137      B715FD21 
 137      B9C66A9C 
 137      C214456D 
 137      A772
 138 003b 378BD4AF 		.ascii	"7\213\324\257~\272nVk\214\355\266n\316M&\216\211E\250"
 138      7EBA6E56 
 138      6B8CEDB6 
 138      6ECE4D26 
 138      8E8945A8 
 139 004f D56EABD5 		.ascii	"\325n\253\325}\012\016\346\272\235\363\316\206~\200"
 139      7D0A0EE6 
 139      BA9DF3CE 
 139      867E80
 140 005e 752F24EF 		.ascii	"u/$\357\307y\236s\236s\362\244\200\014Zo\022\255\000"
 140      C7799E73 
 140      9E73F2A4 
 140      800C5A6F 
 140      12AD00
 141 0071 D1CB4404 		.ascii	"\321\313D\004E0\366~C\2645d\000r\360B\240\224\201\024"
 141      4530F67E 
 141      43B43564 
 141      0072F042 
 141      A0948114 
 142 0085 F6A8430A 		.ascii	"\366\250C\012}\231\037z\214%-\036\257\334\241\216\340"
 142      7D991F7A 
 142      8C252D1E 
 142      AFDCA18E 
 142      E0
 143 0096 0E6FFB4B 		.ascii	"\016o\373K\276\"j\342\217,\264`\011\243\276m\3508\242"
 143      BE226AE2 
 143      8F2CB460 
 143      09A3BE6D 
 143      E838A2
 144 00a9 DE53BE02 		.ascii	"\336S\276\002L\276\376\366\365\373w\347\311\325@\204"
 144      4CBEFEF6 
 144      F5FB77E7 
 144      C9D54084 
 145 00b9 AFFE8E87 		.ascii	"\257\376\216\207\207\225z\035\304\347\357\367^*[|\334"
 145      87957A1D 
 145      C4E7EFF7 
 145      5E2A5B7C 
 145      DC
 146 00ca F3D25EEE 		.ascii	"\363\322^\356\352~\345\275\342+\205SP\234\017'\261\000"
 146      EA7EE5BD 
 146      E22B8553 
 146      509C0F27 
 146      B100
 147 00dc 27B080F8 		.ascii	"'\260\200\370\211p\032\213\005>\3349~`n\300l\236(\211"
 147      89701A8B 
 147      053EDC39 
 147      7E606EC0 
 147      6C9E2889 
 148 00f0 3308B072 		.ascii	"3\010\260rj\277\216\2347\376O\306\313=i\306\355\267"
 148      6ABF8E9C 
 148      37FE4FC6 
 148      CB3D69C6 
ARM GAS  C:\Users\CYIRKO~1\AppData\Local\Temp\ccjIwPDa.s 			page 11


 148      EDB7
 149 0102 45BB3068 		.ascii	"E\2730h\027\203\244\211\335\312\220]\215\300\2204?\366"
 149      1783A489 
 149      DDCA905D 
 149      8DC09034 
 149      3FF6
 150 0114 666E4095 		.ascii	"fn@\225j\005\335\331\233\215\341\342f-\341\227\201\245"
 150      6A05DDD9 
 150      9B8DE1E2 
 150      662DE197 
 150      81A5
 151 0126 4D37EF79 		.ascii	"M7\357y\336>\017\2762\321:U\210n\260\015\305L\312\214"
 151      DE3E0FBE 
 151      32D13A55 
 151      886EB00D 
 151      C54CCA8C 
 152 013a 7A174DE9 		.ascii	"z\027M\351\310D\004\355\034\273\217\364\360\037{:\256"
 152      C84404ED 
 152      1CBB8FF4 
 152      F01F7B3A 
 152      AE
 153 014b 232FB241 		.ascii	"#/\262A\317h\377\271\240\026\331\244@\323B\177\265\277"
 153      CF68FFB9 
 153      A016D9A4 
 153      40D3427F 
 153      B5BF
 154 015d B185D021 		.ascii	"\261\205\320!1cz\254?\033\251\"tJLM\217\215\015\224"
 154      31637AAC 
 154      3F1BA922 
 154      744A4C4D 
 154      8F8D0D94 
 155 0171 CC171984 		.ascii	"\314\027\031\204.\211\233\223\346B8\213\000\213\374"
 155      2E899B93 
 155      E642388B 
 155      008BFC
 156 0180 48A602FA 		.ascii	"H\246\002\372\320\340\3201\277\353\317pQ\227\341{\215"
 156      D0E0D031 
 156      BFEBCF70 
 156      5197E17B 
 156      8D
 157 0191 115F1508 		.ascii	"\021_\025\010\272\365\356\005/d\032\014\354F\021\311"
 157      BAF5EE05 
 157      2F641A0C 
 157      EC4611C9 
 158 01a1 CBAF0F6E 		.ascii	"\313\257\017n\014\032\374\202\217a\352~\010\237\350"
 158      0C1AFC82 
 158      8F61EA7E 
 158      089FE8
 159 01b0 9FEE44B6 		.ascii	"\237\356D\266\177dNQ\367Sv@\260\277\267u}W\250\331\347"
 159      7F644E51 
 159      F7537640 
 159      B0BFB775 
 159      7D57A8D9 
 160 01c5 848D1E98 		.ascii	"\204\215\036\2304\202tD\317\206h\014\015C\357\216*i"
 160      34827444 
 160      CF86680C 
 160      0D43EF8E 
ARM GAS  C:\Users\CYIRKO~1\AppData\Local\Temp\ccjIwPDa.s 			page 12


 160      2A69
 161 01d7 5AD03D3D 		.ascii	"Z\320==\017\006\203\251\277\275\220\257\202M\\\236p"
 161      0F0683A9 
 161      BFBD90AF 
 161      824D5C9E 
 161      70
 162 01e8 1E293AAA 		.ascii	"\036):\252\014_\205h\024\351G?\335\337\026\0260c\017"
 162      0C5F8568 
 162      14E9473F 
 162      DDDF1616 
 162      30630F
 163 01fb 6EEFBB16 		.ascii	"n\357\273\026\224\251\3767\254\307\003Wv\316\361qt+"
 163      94A9FE37 
 163      ACC70357 
 163      76CEF171 
 163      742B
 164 020d 77FDC142 		.ascii	"w\375\301B_\275\300,\\\020q\034<~/\335\026\264Ze\","
 164      5FBDC02C 
 164      5C10711C 
 164      3C7E2FDD 
 164      16B45A65 
 165 0223 2C8C5EF8 		.ascii	",\214^\370h\324.\304EX\223\223\205y\024Yf\351bc\371"
 165      68D42EC4 
 165      45589393 
 165      85791459 
 165      66E96263 
 166 0238 62FF237B 		.ascii	"b\377#{!.\351\354\3424\344t\366\356\314\325\316\260"
 166      212EE9EC 
 166      E234E474 
 166      F6EECCD5 
 166      CEB0
 167 024a 642F0470 		.ascii	"d/\004p\231YO\2355\325M\313gsS\237vS^\252\311R\373\237"
 167      99594F9D 
 167      35D54DCB 
 167      6773539F 
 167      76535EAA 
 168 0262 E5A65B13 		.ascii	"\345\246[\023n\012\314tS$E\370Tb\301)\216\370L\0341"
 168      6E0ACC74 
 168      532445F8 
 168      5462C129 
 168      8EF84C1C 
 169 0277 C35E2BE2 		.ascii	"\303^+\342\204\317\005\034\232a\257\226\322\371\242"
 169      84CF051C 
 169      9A61AF96 
 169      D2F9A2
 170 0286 8B3030D3 		.ascii	"\21300\323^_h{}9\311^\343\376\235l\341\204s\372\265"
 170      5E5F687B 
 170      7D39C95E 
 170      E3FE9D6C 
 170      E18473FA 
 171 029b 73AE68E7 		.ascii	"s\256h\347L\267\311Wy\233Hrz\210\364\320\356\237\027"
 171      4CB7C957 
 171      799B4872 
 171      7A88F4D0 
 171      EE9F17
 172 02ae 699BC8DA 		.ascii	"i\233\310\332\305\323\345\177(\343\255\267\312\326\224"
 172      C5D3E57F 
ARM GAS  C:\Users\CYIRKO~1\AppData\Local\Temp\ccjIwPDa.s 			page 13


 172      28E3ADB7 
 172      CAD694
 173 02bd C7E26BE3 		.ascii	"\307\342k\343\225u\365\353\342\316\032[\316\216\373"
 173      9575F5EB 
 173      E2CE1A5B 
 173      CE8EFB
 174 02cc 5AE972CB 		.ascii	"Z\351r\313q\255Xu\215\345&m\331\253\242\233\352Jl2y"
 174      71AD5875 
 174      8DE5266D 
 174      D9ABA29B 
 174      EA4A6C32 
 175 02e1 AB2DD858 		.ascii	"\253-\330X]S\037]\371L\252\355$\022\316\006\253\326"
 175      5D531F5D 
 175      F94CAAED 
 175      2412CE06 
 175      ABD6
 176 02f3 49D6B9D6 		.ascii	"I\326\271\326\233\253+\312+6Yv\314v\222\321\252\215"
 176      9BAB2BCA 
 176      2B365976 
 176      CC7692D1 
 176      AA8D
 177 0305 A5899218 		.ascii	"\245\211\222\030\255z\036:W\263\312+*\337\251\264\342"
 177      AD7A1E3A 
 177      57B3CA2B 
 177      2ADFA9B4 
 177      E2
 178 0316 1BEC9AFA 		.ascii	"\033\354\232\372uQ\313N\270q\267j\275ms\212e\263\212"
 178      7551CB4E 
 178      B871B76A 
 178      BD6D738A 
 178      65B38A
 179 0329 775CFE4A 		.ascii	"w\\\376J\326\351}V\002\343\362Ub\356f\227\011/VT\256"
 179      D6E97D56 
 179      02E3F255 
 179      62EE6697 
 179      092F5654 
 180 033e 8EACAD76 		.ascii	"\216\254\255v\243\265\311\370\253\221\342ed$)\230\210"
 180      A3B5C9F8 
 180      AB91E265 
 180      64242998 
 180      88
 181 034f 269CE466 		.ascii	"&\234\344f\372\027|\313\327}"
 181      FA177CCB 
 181      D77D
 182              		.text
 183              		.section	.gnu.lto_extChannelEnable.15b8cf6d,"",%progbits
 184 0000 789C8D52 		.ascii	"x\234\215R[HTQ\024\335\373\236;\017\307\012?\203\374"
 184      5B485451 
 184      14DDFB9E 
 184      3B0FC70A 
 184      3F83FC
 185 0013 18A14185 		.ascii	"\030\241A\205\360ZH\202DQ\326G\201?\372+\014\343uh\006"
 185      F05A4882 
 185      4451D647 
 185      813FFA2B 
 185      0CE37568 
 186 0028 1CAFCC55 		.ascii	"\034\257\314U\321\217\230\333\344\2034J\312|\313\215"
ARM GAS  C:\Users\CYIRKO~1\AppData\Local\Temp\ccjIwPDa.s 			page 14


 186      D18F98DB 
 186      E483344A 
 186      CA7CCB8D 
 187 0038 24D4F26D 		.ascii	"$\324\362m\232\2439NZ\375\364\"1\012\2140\305\242\324"
 187      9AA3394E 
 187      5AFDF422 
 187      310A8C30 
 187      C5A2D4
 188 004b 5E440491 		.ascii	"^D\004\221u\316IEG\320\016\314\234\307^k\237u\326\272"
 188      75CE4945 
 188      47D00ECC 
 188      9CC75E6B 
 188      9F75D6BA 
 189 005f 06106096 		.ascii	"\006\020`\226\000\034G\200=\000\200\004P\250z\012p\326"
 189      001C4780 
 189      3D008004 
 189      50A87A0A 
 189      70D6
 190 0071 2C20B285 		.ascii	", \262\205fF\360\011\350\303K\244\226\340x\371\273\200"
 190      6646F009 
 190      E8C34BA4 
 190      96E078F9 
 190      BB80
 191 0083 10DFAAD1 		.ascii	"\020\337\252\321\021\252\275l)\323Jw\353\224^O\177l"
 191      11AABD6C 
 191      29D34A77 
 191      EB945E4F 
 191      7F6C
 192 0095 602BC653 		.ascii	"`+\306S\324\363\222\236&r\221\350\004Q\244\333\257O"
 192      D4F3929E 
 192      267291E8 
 192      0451A4DB 
 192      AF4F
 193 00a7 1AE676B1 		.ascii	"\032\346v\261\255\200V\272\325\313\226\032\0119\200"
 193      AD8056BA 
 193      D5CB961A 
 193      093980
 194 00b6 40D72FAB 		.ascii	"@\327/\253\306Rboh\232_\013MU\023m\257N\010\336DB\373"
 194      C652626F 
 194      689A5F0B 
 194      4D55136D 
 194      AF4E08DE 
 195 00cd 613B4663 		.ascii	"a;Fc\033F\003=\002\274\205\261\024\335\361z\342\215"
 195      1B46033D 
 195      02BC85B1 
 195      14DDF17A 
 195      E28D
 196 00df 912473E6 		.ascii	"\221$s\346\247\307?\002\021+\324\305\032N\025\261#\234"
 196      A7C73F02 
 196      112BD4C5 
 196      1A4E15B1 
 196      239C
 197 00f1 2A027662 		.ascii	"*\002vb,\303\317\366._\335i\024[V\325b\027\032\351\243"
 197      2CC3CFF6 
 197      2E5FDD69 
 197      145B56D5 
 197      62171AE9 
ARM GAS  C:\Users\CYIRKO~1\AppData\Local\Temp\ccjIwPDa.s 			page 15


 198 0106 A17B1243 		.ascii	"\241{\022C\332\362\237r-\364\275\025\003\247L\364\331"
 198      DAF29F72 
 198      2DF4BD15 
 198      03A74CF4 
 198      D9
 199 0117 F432AA9C 		.ascii	"\3642\252\234\361\240\202B\231\013\225D`3\231G\2015"
 199      F1A08242 
 199      990B9544 
 199      60339947 
 199      8135
 200 0129 7B7FB77C 		.ascii	"{\177\267|\012\311\021.d \370\252\316bk\341B>\327\305"
 200      0AC9112E 
 200      6420F8AA 
 200      CE626BE1 
 200      423ED7C5 
 201 013d 359C7B74 		.ascii	"5\234{tA\273\346\217\322\211\001\2737\312\341\016\365"
 201      41BBE68F 
 201      D28901BB 
 201      37CAE10E 
 201      F5
 202 014e A08D92CA 		.ascii	"\240\215\222\312?h\243\"\263\304\200V\354\245\265\217"
 202      3F68A322 
 202      B3C48056 
 202      ECA5B58F 
 203 015e E89FEDAF 		.ascii	"\350\237\355\257\356\231\3045\251%\334\344+\015\026"
 203      EE99C435 
 203      A925DCE4 
 203      2B0D16
 204 016d 2EB59E20 		.ascii	".\265\236 \204\225~\015%\235\001\354c5!\27461f\265\003"
 204      84957E0D 
 204      259D01EC 
 204      633521BC 
 204      363166B5 
 205 0182 F6B31A09 		.ascii	"\366\263\032\011\257-\324\3055\022\246\003\3606\003"
 205      AF2DD4C5 
 205      3512A603 
 205      F03603
 206 0191 88EBEC01 		.ascii	"\210\353\354\001\034@#U9\310\314Ah\027h\351\272\336"
 206      1C402355 
 206      39C8CC41 
 206      681768E9 
 206      BADE
 207 01a3 F7D31233 		.ascii	"\367\323\0223,\350Z\235U'F\206\356\234\033\321\314\242"
 207      2CE85A9D 
 207      55274686 
 207      EE9C1BD1 
 207      CCA2
 208 01b5 40817730 		.ascii	"@\201w0\006\330\311\227\305\251i\201\236\340\020\212"
 208      06D8C997 
 208      C5A96981 
 208      9EE0108A 
 209 01c5 FC418001 		.ascii	"\374A\200\001\036~[pb~G\314\350\012\333\304\260\337"
 209      1E7E5B70 
 209      627E47CC 
 209      E80ADBC4 
 209      B0DF
 210 01d7 BAFA5E44 		.ascii	"\272\372^Dr\3660c\343\010\2120\217~+7\007`\001Kg\316"
ARM GAS  C:\Users\CYIRKO~1\AppData\Local\Temp\ccjIwPDa.s 			page 16


 210      72F63063 
 210      E3088A30 
 210      8F7E2B37 
 210      0760014B 
 211 01ed 3718D8AB 		.ascii	"7\030\330\253\031:\020X\2346\371~kf\235\230\353\211"
 211      193A1058 
 211      9C36F97E 
 211      6B669D98 
 211      EB89
 212 01ff 81E2EFA2 		.ascii	"\201\342\357\242\017\232\211\320L\250\177\021\260\022"
 212      0F9A89D0 
 212      4CA87F11 
 212      B012
 213 020d 49580CCD 		.ascii	"IX\014\315\333\3040\312c\250)\035\177f\372\027\003`"
 213      DBC430CA 
 213      63A8291D 
 213      7F66FA17 
 213      0360
 214 021f 70AB1806 		.ascii	"p\253\030\006Wc0n\216\301\352\003\034c5\323\006'C\314"
 214      5763306E 
 214      8EC1EA03 
 214      1C6335D3 
 214      062743CC 
 215 0233 C94DB91C 		.ascii	"\311M\271\034r\003\336c`\363\346\\\222\232\011\023\006"
 215      7203DE63 
 215      60F3E65C 
 215      929A0913 
 215      06
 216 0244 38BE3997 		.ascii	"8\2769\227\011\236\313\375u\271,\353o\203\221\253\226"
 216      099ECBFD 
 216      75B92CEB 
 216      6F8391AB 
 216      96
 217 0255 07B9E50F 		.ascii	"\007\271\345\017\270\345\341\376>\\\363\2275\207%\364"
 217      B8E5E1FE 
 217      3E5CF397 
 217      358725F4 
 218 0265 CF5436D9 		.ascii	"\317T6\331\270\277lT\320O\213~\333\024/\235H\311Lu\271"
 218      B8BF6C54 
 218      D04F8B7E 
 218      DB142F9D 
 218      48C94C75 
 219 027a B3DC19F9 		.ascii	"\263\334\031\371\005\331n%SfkE\335\237|PRT\311\345\310"
 219      05D96E25 
 219      53666B45 
 219      DD9F7C50 
 219      5254C9E5 
 220 028f 9154AFCC 		.ascii	"\221T\257\314f\273\263(?A\006\221Ny&\331\345\310\315"
 220      66BBB328 
 220      3F410691 
 220      4E7926D9 
 220      E5C8CD
 221 02a2 75E6180A 		.ascii	"u\346\030\012\0359\005\316\303[\266\220\025\217G\311"
 221      1D3905CE 
 221      C35BB690 
 221      158F47C9 
 222 02b2 95F2146F 		.ascii	"\225\362\024o\276*\035MOKM+\222d\227\254x\235\366\302"
ARM GAS  C:\Users\CYIRKO~1\AppData\Local\Temp\ccjIwPDa.s 			page 17


 222      BE2A1D4D 
 222      4F4B4D2B 
 222      926497AC 
 222      789DF6C2 
 223 02c6 644F820B 		.ascii	"dO\202\013\216\375\017\235\336*\245\246e\234\314\220"
 223      8EFD0F9D 
 223      DE2AA5A6 
 223      659CCC90 
 224 02d6 DCB9724E 		.ascii	"\334\271rNA\266S\222=\252[\265\237\226e\332\"q\333G"
 224      41B65392 
 224      3DAA5BB5 
 224      9F9665DA 
 224      2271DB47 
 225 02ea 282AFDF3 		.ascii	"(*\375\363\346\363y[\002\305\255\335\342R\213UJ\210"
 225      E6F3795B 
 225      02C5ADDD 
 225      E2528B55 
 225      4A88
 226 02fc 4ACB48B7 		.ascii	"J\313H\267f9Tg\236\327\275\317jK\004\301\013&\217\323"
 226      66395467 
 226      9ED7BDCF 
 226      6A4B04C1 
 226      0B268FD3 
 227 0310 A3788BE1 		.ascii	"\243x\213\341/\031\300\253\307"
 227      2F19C0AB 
 227      C7
 228              		.text
 229              		.section	.gnu.lto_extChannelDisable.15b8cf6d,"",%progbits
 230 0000 789C8D52 		.ascii	"x\234\215R[HTQ\024\335\373\236;\017\265\302\317 ?FH"
 230      5B485451 
 230      14DDFB9E 
 230      3B0FB5C2 
 230      CF203F46 
 231 0015 5408AF85 		.ascii	"T\010\257\205$H\024e}D\370\243\277\202\350uh\006\034"
 231      24481465 
 231      7D44F8A3 
 231      BF82E875 
 231      68061C
 232 0028 AFCC1D45 		.ascii	"\257\314\035E?bn\223\017\322()\337&7\222P\313\267Y\216"
 232      3F626E93 
 232      0FD22829 
 232      DF263792 
 232      50CBB759 
 233 003d 8F71D28A 		.ascii	"\217q\322\212\350Ib\024(b\212E\251\275\010\011*\353"
 233      E8496214 
 233      28628A45 
 233      A9BD0809 
 233      2AEB
 234 004f 9C938A8E 		.ascii	"\234\223\212\216\240\035\2309\217\275\326>\353\254u"
 234      A01D9839 
 234      8FBDD63E 
 234      EBAC75
 235 005e 0D20C00C 		.ascii	"\015 \300\014\0018\216\000{\000\000\011\240P\376\034"
 235      01388E00 
 235      7B000009 
 235      A050FE1C 
 236 006e E0AC5940 		.ascii	"\340\254Y@d\013\315\214\340\026\320\215\227H5\301\221"
ARM GAS  C:\Users\CYIRKO~1\AppData\Local\Temp\ccjIwPDa.s 			page 18


 236      640BCD8C 
 236      E016D08D 
 236      974835C1 
 236      91
 237 007f 92775E21 		.ascii	"\222w^!\272I\243\303_=\025\\\254\025\355\326)\275\226"
 237      BA49A3C3 
 237      5F3D155C 
 237      AC15EDD6 
 237      29BD96
 238 0092 FED8C026 		.ascii	"\376\330\300&\214\246\250\227\205\235W\311E\242\023"
 238      8CA6A897 
 238      859D57C9 
 238      45A213
 239 00a1 44916EBF 		.ascii	"D\221n\277>\253\233\335\305\266\002Z\350V/^\254'\344"
 239      3EAB9BDD 
 239      C5B6025A 
 239      E8562F5E 
 239      AC27E4
 240 00b4 00025DBF 		.ascii	"\000\002]\277.\037N\210\274\241i\036\315?YA\264\275"
 240      2E1F4E88 
 240      BCA1691E 
 240      CD3F5941 
 240      B4BD
 241 00c6 3A217813 		.ascii	":!x\023\011\355\207-\030\206\315\030\006\364\010\360"
 241      09ED872D 
 241      1886CD18 
 241      06F408F0 
 242 00d6 16465274 		.ascii	"\026FRt\353\344\350\224\221\304s\346\247\247K\336\240"
 242      EBE4E894 
 242      91C473E6 
 242      A7A74BDE 
 242      A0
 243 00e7 15EAF72A 		.ascii	"\025\352\367*N\025\2615\220*\002\266a$\303\317t-W\356"
 243      4E15B135 
 243      902A02B6 
 243      6124C3CF 
 243      742D57EE 
 244 00fb 348A8DAB 		.ascii	"4\212\215\253j\261\035\215\364\321\3201\206~m\371O\211"
 244      6AB11D8D 
 244      F4D1D031 
 244      867E6DF9 
 244      4F89
 245 010d E6FFD584 		.ascii	"\346\377\325\204\225\247L\364\331\3642\252\234\361\240"
 245      95A74CF4 
 245      D9F432AA 
 245      9CF1A0
 246 011c 9442990B 		.ascii	"\224B\231\013eD`3\231C\2015{?X2\216\344\010\027\322"
 246      65446033 
 246      99438135 
 246      7B3F5832 
 246      8EE40817 
 247 0131 EB7B5313 		.ascii	"\353{S\023\034\321\310\205|\256\211\252;\367\344\202"
 247      1CD1C885 
 247      7CAE89AA 
 247      3BF7E482 
 248 0141 76CD13AA 		.ascii	"v\315\023\252\023\003vl\224\303\035\352\304\010J*\371"
 248      1303766C 
ARM GAS  C:\Users\CYIRKO~1\AppData\Local\Temp\ccjIwPDa.s 			page 19


 248      94C31DEA 
 248      C4084A2A 
 248      F9
 249 0152 A00D89CC 		.ascii	"\240\015\211\314\022\003Z\260\213\326>\242g\246\247"
 249      12035AB0 
 249      8BD63EA2 
 249      67A6A7
 250 0161 A2730CD7 		.ascii	"\242s\014\327\244\026r\223\257,\005s\251\265\004!\240"
 250      A4167293 
 250      AF2C0573 
 250      A9B50421 
 250      A0
 251 0172 F4B32FEE 		.ascii	"\364\263/\356\014`7\253\011\201\265\321aK\032`\017\253"
 251      0C6037AB 
 251      0981B5D1 
 251      614B1A60 
 251      0FAB
 252 0184 91C0DA7C 		.ascii	"\221\300\332|MT=a:\000o3\200\270\316\036\300^4R\225"
 252      4D543D61 
 252      3A006F33 
 252      80B8CE1E 
 252      C05E3452 
 253 0199 77983908 		.ascii	"w\2309\010-\002-]\327\273\177\004\207\367\013\272Vc"
 253      2D022D5D 
 253      D7BB7F04 
 253      87F70BBA 
 253      5663
 254 01ab D18991A1 		.ascii	"\321\211\221\241\333f\0074\263(P\340]\014\007v\362e"
 254      DB660734 
 254      B32850E0 
 254      5D0C0776 
 254      F265
 255 01bd 617C42A0 		.ascii	"a|B\240'\330\207\"\177\020\240\227\207\337\354\033\235"
 255      27D88722 
 255      7F10A097 
 255      87DFEC1B 
 255      9D
 256 01ce DB113EB4 		.ascii	"\333\021>\264\30261\354\267\366\356W!\234\335\317\330"
 256      C23631EC 
 256      B7F6EE57 
 256      219CDDCF 
 256      D8
 257 01df 388022CC 		.ascii	"8\200\"\314\241\307\302\315\001\230\307\242\351\363"
 257      A1C7C2CD 
 257      0198C7A2 
 257      E9F3
 258 01ed 8F0CECD5 		.ascii	"\217\014\354\325\014\355\365.L\230\334\2775\263N\314"
 258      0CEDF52E 
 258      4C98DCBF 
 258      35B34ECC 
 259 01fd B5C440F1 		.ascii	"\265\304@\361\203\350\206\006\"4\020\352_\020\254D\022"
 259      83E88606 
 259      223410EA 
 259      5F10AC44 
 259      12
 260 020e 1043C336 		.ascii	"\020C\30361\014\361\030\252\212F^\230\376\305\000\350"
 260      310CF118 
ARM GAS  C:\Users\CYIRKO~1\AppData\Local\Temp\ccjIwPDa.s 			page 20


 260      AA8A465E 
 260      98FEC500 
 260      E8
 261 021f DB2A86CB 		.ascii	"\333*\206\313!+1\0307\307`q\003\016\263\232i\203\223"
 261      212B3118 
 261      37C76071 
 261      030EB39A 
 261      698393
 262 0232 7EE6E4A6 		.ascii	"~\346\344\246\\\016\331\001\3571\260ys.q\015\204\011"
 262      5C0ED901 
 262      EF31B079 
 262      732E710D 
 262      8409
 263 0244 031CD99C 		.ascii	"\003\034\331\234\313(\317\345\376\272\\\226\365\267"
 263      CB28CFE5 
 263      FEBA5C96 
 263      F5B7
 264 0252 BE9055CB 		.ascii	"\276\220U\313}\334\362\007\334\362@\177\037\256\371"
 264      7DDCF207 
 264      DCF2407F 
 264      1FAEF9
 265 0261 CB9AC322 		.ascii	"\313\232\303\"z\246\313\036Gp\177\331(\245\237\026\375"
 265      7AA6CB1E 
 265      47707FD9 
 265      28A59F16 
 265      FD
 266 0272 B6295E3A 		.ascii	"\266)^:\221\220\232h\263g\330S\\\271\231v%UfkE\335\037"
 266      91909A68 
 266      B367D853 
 266      5CB99976 
 266      2555666B 
 267 0289 7F505254 		.ascii	"\177PRT\311\226\236%\251N\231\315i\326|W\214\014\"\235"
 267      C9969E25 
 267      A94E99CD 
 267      69D67C57 
 267      8C0C229D 
 268 029d 724CB22D 		.ascii	"rL\262-=;\333\232e\310K\317\312\265\036\336\262\205"
 268      3D3BDB9A 
 268      65C84BCF 
 268      CAB51EDE 
 268      B285
 269 02af AC381C4A 		.ascii	"\2548\034J\266\224\2438]\252t49)1)_\222m\262\342\264"
 269      B694A338 
 269      5DAA7434 
 269      39293129 
 269      5F926DB2 
 270 02c5 A6E5C53B 		.ascii	"\246\345\305;blp\354\177\350\364V)1)\345d\212d\317\226"
 270      626C70EC 
 270      7FE8F456 
 270      293129E5 
 270      648A64CF 
 271 02da B37233AD 		.ascii	"\263r3\255\222\354P\355j\332iY\246-b\267}\204\242\322"
 271      92EC50ED 
 271      6ADA6959 
 271      A62D62B7 
 271      7D84A2D2 
 272 02ee 3FA78BCF 		.ascii	"?\247\213\317\333\022(n\355\026\233Z\240RBhRJ\262%#"
ARM GAS  C:\Users\CYIRKO~1\AppData\Local\Temp\ccjIwPDa.s 			page 21


 272      DB12286E 
 272      ED169B5A 
 272      A0524268 
 272      524AB225 
 273 0303 5DB5E638 		.ascii	"]\265\3468\355\373,\021\261 8\301\344\260:\024g\001"
 273      EDFB2C11 
 273      B12038C1 
 273      E4B03A14 
 273      6701
 274 0315 FC0535D1 		.ascii	"\374\0055\321\254\235"
 274      AC9D
 275              		.text
 276              		.section	.gnu.lto_extSetChannelModeI.15b8cf6d,"",%progbits
 277 0000 789C7D52 		.ascii	"x\234}RMHTQ\030\275\347\335\367\346\215\251\263\310"
 277      4D485451 
 277      18BDE7DD 
 277      F7E68DA9 
 277      B3C8
 278 0012 4D940B17 		.ascii	"M\224\013\027\211\350\302\307\264Hp\323\"\204h\333V"
 278      89E8C2C7 
 278      B44870D3 
 278      228468DB 
 278      56
 279 0023 081B9511 		.ascii	"\010\033\225\021\304\2214h7\317\361/\224L\312\324\251"
 279      C4913468 
 279      37CFF12F 
 279      944CCAD4 
 279      A9
 280 0034 99DE9088 		.ascii	"\231\336\220\210\226:\243e\345X\3514B\251dRD\201E\213"
 280      963AA365 
 280      E558E934 
 280      42A96452 
 280      4481458B 
 281 0048 B41F3103 		.ascii	"\264\0371\003\0214\244\254\357^'1\205.<\356\275\357"
 281      1134A4AC 
 281      EF5E2731 
 281      852E3CEE 
 281      BDEF
 282 005a BBE79EF3 		.ascii	"\273\347\236\363\235s5\246\260\036\316\330I\306\330"
 282      9D7335A6 
 282      B01ECED8 
 282      49C6D8
 283 0069 21FAC019 		.ascii	"!\372\300\031\224\326\027\214\325\330\025@,L;\230W\201"
 283      94D6178C 
 283      D5D81540 
 283      2C4C3B98 
 283      5781
 284 007b 17977807 		.ascii	"\027\227x\007G\274\361sT\311\3561i\304:\346\222\033"
 284      47BCF173 
 284      54C9EE31 
 284      69C43AE6 
 284      921B
 285 008d CCFA0316 		.ascii	"\314\372\003\026\301\375\364\211\201\036d\323\251\227"
 285      C1FDF489 
 285      811E64D3 
 285      A997
 286 009b 758301DE 		.ascii	"u\203\001\336\302-\016\250\264]\231\2716\357\020[\005"
ARM GAS  C:\Users\CYIRKO~1\AppData\Local\Temp\ccjIwPDa.s 			page 22


 286      C22D0EA8 
 286      B45D99B9 
 286      36EF105B 
 286      05
 287 00ac 19B4B51A 		.ascii	"\031\264\265\032\226\257s~\004\214\326o[\307\363\263"
 287      96AF737E 
 287      048CD66F 
 287      5BC7F3B3 
 288 00bc BA4DD367 		.ascii	"\272M\323g\306\026\332\270y\330\342\034\267\301\351"
 288      C616DAB8 
 288      79D8E21C 
 288      B7C1E9
 289 00cb 3EDC423A 		.ascii	">\334B:z\221\316\350\027C\037\262\350t\377\373\211\017"
 289      7A91CEE8 
 289      17431FB2 
 289      E874FFFB 
 289      890F
 290 00dd 369E2791 		.ascii	"6\236'\221\337\237\257E\223\022\320\265pz[\255y\302"
 290      DF9FAF45 
 290      9312D0B5 
 290      707A5BAD 
 290      79C2
 291 00ef E22AFA77 		.ascii	"\342*\372w\203U\206\001\011^\2117\257;\3701\011\236"
 291      83558601 
 291      095E8937 
 291      AF3BF831 
 291      099E
 292 0101 9EECFD69 		.ascii	"\236\354\375iO\2007\303\373\333%XCx7Xc\210 K Z\2727"
 292      4F8037C3 
 292      FBDB2558 
 292      43783758 
 292      6388204B 
 293 0119 BEDA7981 		.ascii	"\276\332y\201D\257\365\205\353R3\273$\372i\344\340\345"
 293      44AFF585 
 293      EB5233BB 
 293      24FA69E4 
 293      E0E5
 294 012b 5A73D254 		.ascii	"Zs\322T-n\303\340\277x1\350\370\307\241\315\253\251"
 294      2D6EC3E0 
 294      BF7831E8 
 294      F8C7A1CD 
 294      ABA9
 295 013d 361543C8 		.ascii	"6\025C\310\354\372\353\025\356\300\006\232#\257\020"
 295      ECFAEB15 
 295      EEC0069A 
 295      23AF10
 296 014c 33377F37 		.ascii	"37\1777\222\214\334\037\3033i\302u\352\225\023\267\256"
 296      928CDC1F 
 296      C33369C2 
 296      75EA9513 
 296      B7AE
 297 015e 4228D720 		.ascii	"B(\327 %\260&\202\211<\232\271\"f\276\010\337\350bs"
 297      25B02682 
 297      893C9AB9 
 297      2266BE08 
 297      DFE86273 
 298 0172 639AB829 		.ascii	"c\232\270)\310E6\355\365\361Y]\330\314\245\312\365g"
ARM GAS  C:\Users\CYIRKO~1\AppData\Local\Temp\ccjIwPDa.s 			page 23


 298      C84536ED 
 298      F5F1595D 
 298      D8CCA5CA 
 298      F567
 299 0184 D317522C 		.ascii	"\323\027R,\004k(\253\014\213\333\203d\377]\241\212j"
 299      046B28AB 
 299      0C8BDB83 
 299      64FF5DA1 
 299      8A6A
 300 0196 DD0BBEB0 		.ascii	"\335\013\276\260n\014\230[%\035\303\260\320)3\304=\030"
 300      6E0C985B 
 300      251DC3B0 
 300      D02933C4 
 300      3D18
 301 01a8 EC137CA1 		.ascii	"\354\023|\241Rq\261H\350\346\330\025GN\257L\374MT\361"
 301      5271B148 
 301      E8E6D815 
 301      474EAF4C 
 301      FC4D54F1 
 302 01bc 87ECC296 		.ascii	"\207\354\302\226D\334\367\221\263\223X\337C\034\212"
 302      44DCF791 
 302      B39358DF 
 302      431C8A
 303 01cb 040AA997 		.ascii	"\004\012\251\227$R\210\007\011\362\033\235#\253\016"
 303      24528807 
 303      09F21B9D 
 303      23AB0E
 304 01da 226F95E4 		.ascii	"\"o\225\344\3730\"\311\261e\326\324\324\312k\305\031"
 304      FB3022C9 
 304      B165D6D4 
 304      D4CA6BC5 
 304      19
 305 01eb 11C5D028 		.ascii	"\021\305\320(]\231\214(\214 \245\270U\236\230\363\317"
 305      5D998C28 
 305      8C20A5B8 
 305      559E98F3 
 305      CF
 306 01fc 6ADE5FB2 		.ascii	"j\336_\262\\*\"\033\205S\010ex\010\257\320\235!\235"
 306      5C2A221B 
 306      85530865 
 306      7808AFD0 
 306      9D219D
 307 020f 25AB8536 		.ascii	"%\253\2056F&m4]\\u'z\331\026j\373G(\022\002\037\355"
 307      46266D34 
 307      5D5C7527 
 307      7AD9166A 
 307      FB472812 
 308 0226 1528F40B 		.ascii	"\025(\364\013\215\217\377\257ql[#\306\341\334\311\244"
 308      8D8FFFAF 
 308      716C5B23 
 308      C6E1DCC9 
 308      A4
 309 0237 EDB5643E 		.ascii	"\355\265d> \236Vr\220j1\301\210't9[B}\350K\200\313f"
 309      209E5672 
 309      906A31C1 
 309      88277439 
 309      5B427DE8 
ARM GAS  C:\Users\CYIRKO~1\AppData\Local\Temp\ccjIwPDa.s 			page 24


 310 024f 08118D7E 		.ascii	"\010\021\215~{\247S\243\344v\212_\020#N\015R\206\304"
 310      7BA753A3 
 310      E4768A5F 
 310      10234E0D 
 310      5286C4
 311 0262 63F154B6 		.ascii	"c\361T\266L\021-\005 \217\213\321Dg\350Y(\214\031\005"
 311      4C112D05 
 311      208F8BD1 
 311      4467E859 
 311      288C1905 
 312 0276 F985C7DD 		.ascii	"\371\205\307\335eg\312NU\237+.\363\024\272\304\332S"
 312      6567CA4E 
 312      559F2B2E 
 312      F314BAC4 
 312      DA53
 313 0288 E5CC3B6A 		.ascii	"\345\314;jx\252\014wQ\271Qu\326%\346\323%\347\253s]"
 313      78AA0C77 
 313      51B95175 
 313      D625E6D3 
 313      25E7AB73 
 314 029d 4CA5A952 		.ascii	"L\245\251Rw\271\213**J\3125\332\270*5Oy\261\253\362"
 314      77B98B2A 
 314      2A4ACA35 
 314      DAB82A35 
 314      4F79B1AB 
 315 02b2 0FB09348 		.ascii	"\017\260\223H\020"
 315      10
 316              		.text
 317              		.section	.gnu.lto_.symbol_nodes.15b8cf6d,"",%progbits
 318 0000 789C55C9 		.ascii	"x\234U\311\313\015\3020\024D\321\3618\316\307i\212T"
 318      CB0DC230 
 318      1444D1F1 
 318      38CEC769 
 318      8A54
 319 0012 365E5000 		.ascii	"6^P\000\005\360\307\022Bt@\021\251\001\032A\030g\223"
 319      05F0C712 
 319      42744011 
 319      A9011A41 
 319      186793
 320 0025 B7BAD2B9 		.ascii	"\267\272\322\271\001Dp\000\270\247\200\335\014\224\274"
 320      01447000 
 320      B8A780DD 
 320      0C94BC
 321 0034 D254E440 		.ascii	"\322T\344@9+G\212VN\224\267r\246\032+\027*X\271R\255"
 321      392B478A 
 321      564E94B7 
 321      72A61A2B 
 321      172A58B9 
 322 004a 1177A3BA 		.ascii	"\021w\243\272*@J\233\002\231\352\015\334\251\301\300"
 322      2A404A9B 
 322      0299EA0D 
 322      DCA9C1C0 
 323 005a 838A069E 		.ascii	"\203\212\006\236\324\270\006\217\016\371\375u\236=\362"
 323      D4B8068F 
 323      0EF9FD75 
 323      9E3DF2
 324 0069 A7D40FD8 		.ascii	"\247\324\017\330\376\333\304\245a\\\332\306\372\361"
ARM GAS  C:\Users\CYIRKO~1\AppData\Local\Temp\ccjIwPDa.s 			page 25


 324      FEDBC4A5 
 324      615CDAC6 
 324      FAF1
 325 0077 03A63741 		.ascii	"\003\2467A\234"
 325      9C
 326              		.text
 327              		.section	.gnu.lto_.refs.15b8cf6d,"",%progbits
 328 0000 789C6365 		.ascii	"x\234ce`b`d\000\002\000\000I\000\011"
 328      60626064 
 328      00020000 
 328      490009
 329              		.text
 330              		.section	.gnu.lto_.decls.15b8cf6d,"",%progbits
 331 0000 789CAD58 		.ascii	"x\234\255XiPTW\026~\367\275\006\232\246Y\202&\261\014"
 331      69505457 
 331      167EF7BD 
 331      069AA659 
 331      8226B10C 
 332 0014 99611C32 		.ascii	"\231a\0342\351I*\342\222\304T\252&eB\314\204\251\230"
 332      E9492AE2 
 332      92C454AA 
 332      266542CC 
 332      84A998
 333 0027 0D93999A 		.ascii	"\015\223\231\232a\252\013\23262\001\332\241\333L\374"
 333      61AA0B9A 
 333      363201DA 
 333      A1DB4CFC 
 334 0037 350F1083 		.ascii	"5\017\020\203+(\004\001\021P\024A\220\3055\210\"\"\262"
 334      2B280401 
 334      11501441 
 334      90C53588 
 334      2222B2
 335 004a 290A2822 		.ascii	")\012(\"*\233\012\356\033(\213\033s\356\362\372=\332"
 335      2A9B0AEE 
 335      1B288B1B 
 335      73EEF2FA 
 335      3DDA
 336 005c EE98999A 		.ascii	"\356\230\231\232W^\372\336\373\316\371\316\371\316\271"
 336      575EFADE 
 336      FBCEF9CE 
 336      F9CEB9
 337 006b E7DEFB74 		.ascii	"\347\336\373t\342x.\360E\216\013Uq\234\217\300qc\360"
 337      E2782EF0 
 337      458E0B55 
 337      719C8FC0 
 337      7163F0
 338 007e A8398EDB 		.ascii	"\2509\216\333\316\311\217\026Z1\264ah\217\240=\301\223"
 338      CEC98F16 
 338      5A31B461 
 338      688FA03D 
 338      C193
 339 0090 88E37868 		.ascii	"\210\343xh\032hZh\036\320\274\240yC\233\210\270\247"
 339      1A685A68 
 339      1ED0BCA0 
 339      79439B88 
 339      B8A7
 340 00a2 9EBFC31C 		.ascii	"\236\277\303\034\300s_C{\036\311\370<\303\326\332\321"
ARM GAS  C:\Users\CYIRKO~1\AppData\Local\Temp\ccjIwPDa.s 			page 26


 340      C0735F43 
 340      7B1EC9F8 
 340      3CC3D6DA 
 340      D1
 341 00b3 B90D732E 		.ascii	"\271\015s.L\307\033\332Dh\335\320z\240\035\204\326\307"
 341      4CC71BDA 
 341      4468DDD0 
 341      7AA01D84 
 341      D6C7
 342 00c5 F42F42EB 		.ascii	"\364/B\353\245.\021\037m\237QD9\330\342`\375\026h>\360"
 342      A52E111F 
 342      6D9F5144 
 342      39D8E260 
 342      FD16683E 
 343 00da FE3788E2 		.ascii	"\3767\210\342N\201\337!\206\3173\\\214\357\312\270\373"
 343      4E81DF21 
 343      86CF335C 
 343      8CEFCAB8 
 343      FB
 344 00eb C1FBDF41 		.ascii	"\301\373\337A\323A\233\312xO\2036\003\332\233\210\372"
 344      D3419BCA 
 344      784F8336 
 344      03DA9B88 
 344      FA
 345 00fc F0071B2E 		.ascii	"\360\007\033.\217\035\330W\332\226\354\3660\277\354"
 345      8F1DD857 
 345      DA96ECF6 
 345      30BFEC
 346 010b D97F62C7 		.ascii	"\331\177b\307\276\227\035\373\037\330\330G\000\244\261"
 346      BE971DFB 
 346      1FD8D847 
 346      00A4B1
 347 011a 63BFCDC6 		.ascii	"c\277\315\306\207\363\320\357d:\256\034\015\250\255"
 347      87F3D0EF 
 347      643AAE1C 
 347      0DA8AD
 348 0129 3D6F3BF6 		.ascii	"=o;\366\376dc\317\351\177\264\307\333\2617\321\216\275"
 348      FE6463CF 
 348      E97FB4C7 
 348      DBB137D1 
 348      8EBD
 349 013b 2F6CEC3D 		.ascii	"/l\354=\017\366<\034\330s\002\331/\021\215)\216m?\264"
 349      0FF63C1C 
 349      D87302D9 
 349      2F118D29 
 349      8E6D3FB4 
 350 014f 2018AB14 		.ascii	" \030\253\024\366\2458_f}\015\343\211\315\374\325\306"
 350      F6A5385F 
 350      667D0DE3 
 350      89CDFCD5 
 350      C6
 351 0160 D63A01ED 		.ascii	"\326:\001\355YUs\200\357B\347qX\221\027\2150\242\177"
 351      59557380 
 351      EF42E771 
 351      5891178D 
 351      30A27F
 352 0173 11696438 		.ascii	"\021id8&=\010\221y\222\006\006*M!I\203\215y6\344\031"
ARM GAS  C:\Users\CYIRKO~1\AppData\Local\Temp\ccjIwPDa.s 			page 27


 352      263D0891 
 352      79920606 
 352      2A4D2149 
 352      838D7936 
 353 0189 24F9C794 		.ascii	"$\371\307\224\221\002\221\276\246\226\244\207\246\213"
 353      910291BE 
 353      A696A487 
 353      A68B
 354 0197 76889AA4 		.ascii	"v\210\232\244\215x\331\000BJ\005\005 u\233\275\267\372"
 354      8D78D900 
 354      424A0505 
 354      20759BBD 
 354      B7FA
 355 01a9 C7C9E490 		.ascii	"\307\311\344\220\304\376n\372\261~M7\352\304\2639\263"
 355      C4FE6EFA 
 355      B17E4D37 
 355      EAC4B339 
 355      B3
 356 01ba 1199CBBD 		.ascii	"\021\231\313\275\2222\300\013\220>\350w\217\346\177"
 356      9232C00B 
 356      903EE877 
 356      8FE67F
 357 01c9 34B548A4 		.ascii	"4\265H\244\217z\262\034\266#c\303U\236\253\005\344\255"
 357      8F7AB21C 
 357      B62363C3 
 357      559EAB05 
 357      E4AD
 358 01db 413C0C5B 		.ascii	"A<\014[\357\034\333\340\006\303\211\032\344\005\303"
 358      EF1CDBE0 
 358      06C3891A 
 358      E405C3
 359 01ea 9198B643 		.ascii	"\221\230\266C\232I\251D+N\364\342\321\327/\240\"\344"
 359      9A49A944 
 359      2B4EF4E2 
 359      D1D72FA0 
 359      22E4
 360 01fc 830A910F 		.ascii	"\203\012\221\017\030\337\216&\301_\274Ga\244\241\313"
 360      18DF8E26 
 360      C15FBC47 
 360      61A4A1CB 
 361 020c A93BD553 		.ascii	"\251;\325Sr\304\234\036\261\252;\366W\251qb>h\371b)"
 361      72C49C1E 
 361      B1AA3BF6 
 361      57A97162 
 361      3E68F962 
 362 0221 548004B4 		.ascii	"T\200\004\264\015M\305\036C\027\376\346\243n\204\266"
 362      0D4DC51E 
 362      4317FEE6 
 362      A36E84B6 
 363 0231 A22EE053 		.ascii	"\242.\340S\214\246\200vum\307*\215\020@\234mYR\232)"
 363      8CA68076 
 363      756DC72A 
 363      8D10409C 
 363      6D59529A 
 364 0246 509F5498 		.ascii	"P\237T\230[S\306E\017\352\223/\014;7\334\036T\011_\020"
 364      5B53C645 
 364      0FEA932F 
ARM GAS  C:\Users\CYIRKO~1\AppData\Local\Temp\ccjIwPDa.s 			page 28


 364      0C3B37DC 
 364      1E54095F 
 365 025b C992F84B 		.ascii	"\311\222\370K\005jx\345\243Ac\010\217o\224\217\272\323"
 365      056A78E5 
 365      A3416308 
 365      8F6F948F 
 365      BAD3
 366 026d B192DCE7 		.ascii	"\261\222\334\347\224\334\362\213%k\\\205?\223W\227\252"
 366      94DCF28B 
 366      256B5C85 
 366      3F935797 
 366      AA
 367 027e D7F6BAA9 		.ascii	"\327\366\272\251 \367{\300\265\335\230\016L\246\327"
 367      20F77BC0 
 367      B5DD980E 
 367      4CA6D7
 368 028d DDAF7013 		.ascii	"\335\257p\023B\211\300\211\201\3365*,\360\023\010\274"
 368      4289C089 
 368      81DE352A 
 368      2CF01308 
 368      BC
 369 029e EE83F622 		.ascii	"\356\203\366\"\025\236\276\325\336;\250\026\276%\"K"
 369      159EBED5 
 369      DE3BA816 
 369      BE25224B 
 370 02ae BBBB5379 		.ascii	"\273\273Sy,\262\017D^\363A\345D\204O\036\332\234\245"
 370      2CB20F44 
 370      5EF341E5 
 370      44844F1E 
 370      DA9CA5
 371 02c1 413A751E 		.ascii	"A:u\036\216Z\325p\226o\332~\034\207\003H\315\261 \340"
 371      8E5AD570 
 371      966FDA7E 
 371      1C870348 
 371      CDB120E0 
 372 02d5 67A928C6 		.ascii	"g\251(\306\212wbc\204I\034\232\351\203\246\341\200\202"
 372      8A776263 
 372      84491C9A 
 372      E983A6E1 
 372      8082
 373 02e7 089640FB 		.ascii	"\010\226@\373\221\016U \025\332\005\241\336\011\276"
 373      910E5520 
 373      15DA05A1 
 373      DE09BE
 374 02f6 81ADDE8B 		.ascii	"\201\255\336\213\233\2224\3026\204\015\363\327\267$"
 374      9B9234C2 
 374      36840DF3 
 374      D7B724
 375 0305 AF70416A 		.ascii	"\257pAj\335\323\030\250\012T\035\301P\207\372\323\234"
 375      DDD318A8 
 375      0A541DC1 
 375      5087FAD3 
 375      9C
 376 0316 6109A083 		.ascii	"a\011\240\203 T)\247\005{Gb\320\237{\266_-\354&\206"
 376      205429A7 
 376      057B4762 
 376      D09F7BB6 
ARM GAS  C:\Users\CYIRKO~1\AppData\Local\Temp\ccjIwPDa.s 			page 29


 376      5F2DEC26 
 377 032b 5046C5BD 		.ascii	"PF\305\275F'\232\0115\014\367\336*\334\353N3Q\205__"
 377      46279A09 
 377      350CF7DE 
 377      2ADCEB4E 
 377      3351855F 
 378 0340 7D527259 		.ascii	"}RrY%\034\244\262\245\373\227\334\364\240\262U8\027"
 378      251CA4B2 
 378      A5FB97DC 
 378      F4A0B255 
 378      3817
 379 0352 75374E37 		.ascii	"u7N7\270PaQ\213s3P\220\353\"\324R\341\301u\361\313\324"
 379      B8506151 
 379      8B733350 
 379      90EB22D4 
 379      52E1C175 
 380 0369 54F84518 		.ascii	"T\370E\030\326\257\317\374\225&\001\273\227\024'\272"
 380      D6AFCFFC 
 380      952601BB 
 380      971427BA 
 381 0379 7E8CA7CB 		.ascii	"~\214\247\313\300\351R\262\314\032\020l[\310\337\007"
 381      C0E952B2 
 381      CC1A106C 
 381      5BC8DF07 
 382 0389 D5D3500C 		.ascii	"\325\323P\014\356\334\222\354&\234\240@\235\365\005"
 382      EEDC92EC 
 382      269CA040 
 382      9DF505
 383 0398 8578ADBC 		.ascii	"\205x\255\274\012+\000\036O\305\"x\225.\202\326\304"
 383      0A2B001E 
 383      4FC52278 
 383      952E82D6 
 383      C4
 384 03a9 81CD2EC2 		.ascii	"\201\315.\302)\032\271\364\306\366j\025\322ih(\306*"
 384      291AB9F4 
 384      C6F66A15 
 384      D2696828 
 384      C62A
 385 03bb DE4B1FC0 		.ascii	"\336K\037\300\2719\2014\250I\016\306\253x\237L\300\301"
 385      B9398134 
 385      A8490EC6 
 385      AB789F4C 
 385      C0C1
 386 03cd 25EE7056 		.ascii	"%\356pVg\320q\010)\340b9t\014&\217R\227\0126\257\331"
 386      67D07108 
 386      29E06239 
 386      740C268F 
 386      52970A36 
 387 03e3 E42CD492 		.ascii	"\344,\324\222Z\343k+\317\235Q!\215\316.@\253\035\000"
 387      5AE36B2B 
 387      CF9D5121 
 387      8DCE2E40 
 387      AB1D00
 388 03f6 E64CC794 		.ascii	"\346L\307\224\332xQ\344Q\0138\323,;s\002\323\307F\252"
 388      DA7851E4 
 388      510B38D3 
 388      2C3B7302 
ARM GAS  C:\Users\CYIRKO~1\AppData\Local\Temp\ccjIwPDa.s 			page 30


 388      D3C746AA 
 389 040a 9B97A57A 		.ascii	"\233\227\245z\012\205\002a\365C\352\261b\265PL\006\374"
 389      0A850261 
 389      F543EAB1 
 389      62B5504C 
 389      06FC
 390 041c EEB5ED77 		.ascii	"\356\265\355wxG\026O;\264\330}\333/\375\024\246\337"
 390      7847164F 
 390      3BB4D87D 
 390      DB2FFD14 
 390      A6DF
 391 042e 06164FC9 		.ascii	"\006\026O\311\026[$\213\217\372\352_R\341\375\024\013"
 391      165B248B 
 391      8FFAEA5F 
 391      52E1FD14 
 391      0B
 392 043f 8492F57F 		.ascii	"\204\222\365\177\273|\371\220\233\020\253\242\365\225"
 392      BB7CF990 
 392      9B10ABA2 
 392      F595
 393 044d FCC32421 		.ascii	"\374\303$!\211\366\363;[b\265\302F2\230\334\335\335"
 393      89F6F33B 
 393      5B62B5C2 
 393      463298DC 
 393      DDDD
 394 045f B84C8B74 		.ascii	"\270L\213t\332I*\355\004\277\011~:\374W\347M\273:\335"
 394      DA492AED 
 394      04BF097E 
 394      3AFC57E7 
 394      4DBB3ADD 
 395 0473 041DB57F 		.ascii	"\004\035\265\177<\303+V\024\021\272\203\264\350\214"
 395      3CC32B56 
 395      1411BA83 
 395      B4E88C
 396 0482 6CFE3CC2 		.ascii	"l\376<\302\307\362r+\027\330\325&)\226\003\274f\222"
 396      C7F2722B 
 396      17D8D526 
 396      299603BC 
 396      6692
 397 0494 8EF6A54E 		.ascii	"\216\366\245N\262/u!\025=9`\253\321\242v\030) {\320"
 397      B22F7521 
 397      153D3960 
 397      ABD1A276 
 397      1829207B 
 398 04a9 04056437 		.ascii	"\004\005d7\261\310\255!\013P\024g\2538t\030^V\343\360"
 398      B1C8AD21 
 398      0B501467 
 398      AB387418 
 398      5E56E3F0 
 399 04bd DD83F05D 		.ascii	"\335\203\360]\000i\\P\227\240\177\021\371\241^\344G"
 399      00695C50 
 399      97A07F11 
 399      F9A15EE4 
 399      47
 400 04ce 6A781306 		.ascii	"jx\023\006\254\352\312\366I\216\023\353\247\241>\260"
 400      ACEACAF6 
 400      498E13EB 
ARM GAS  C:\Users\CYIRKO~1\AppData\Local\Temp\ccjIwPDa.s 			page 31


 400      A7A13EB0 
 401 04de 53033C2E 		.ascii	"S\003<.(\300a\335r$\031\216\360\0171\005\307\370O\262"
 401      28C061DD 
 401      7224198E 
 401      F00F3105 
 401      C7F84FB2 
 402 04f2 260FC68A 		.ascii	"&\017\306\212i\323H\311\356`\342\254\334\011\372t\014"
 402      69D348C9 
 402      EE60E2AC 
 402      DC09FA74 
 402      0C
 403 0503 4E43DA95 		.ascii	"NC\332\225\345\025\203C\012\"\312\315F\301\274\177\034"
 403      E5158343 
 403      0A22CACD 
 403      46C1BC7F 
 403      1C
 404 0514 F3BE71CC 		.ascii	"\363\276q\314\023\260g\265\360\362\010\366l\000\274"
 404      13B067B5 
 404      F0F208F6 
 404      6C00BC
 405 0523 B9423DE3 		.ascii	"\271B=\343\320e\331%\274\207l\360N\0261\345k\310\033"
 405      D065D925 
 405      BC876CF0 
 405      4E1631E5 
 405      6BC81B
 406 0536 D5814B58 		.ascii	"\325\201KX\316\252(;\245d,\275\346$Pt\025\014H\270\324"
 406      CEAA283B 
 406      A5642CBD 
 406      E6245074 
 406      150C48B8 
 407 054b FDDA0DDE 		.ascii	"\375\332\015\336\304\375+\343\335Ob0\276*t]a\210\303"
 407      C4FD2BE3 
 407      DD4F6230 
 407      BE2A745D 
 407      6188C3
 408 055e E6A50DC2 		.ascii	"\346\245\015\302~t\357\202\211\233\314\334m\350\337"
 408      7E74EF82 
 408      899BCCDC 
 408      6DE8DF
 409 056d 82E8DE18 		.ascii	"\202\350\336\030\027\335\343\231\3364{x\025\236\004"
 409      17DDE399 
 409      DE347B78 
 409      159E04
 410 057c 2A37FF8B 		.ascii	"*7\377\213\354q\317\000o})]\254Z\"\220\222n\264\213"
 410      EC71CF00 
 410      6F7D295D 
 410      AC5A2290 
 410      926EB48B 
 411 0590 ADC8DD50 		.ascii	"\255\310\335P\006%\177\323a\356\224\205\200\316\201"
 411      06257FD3 
 411      61EE9485 
 411      80CE81
 412 059f 45B91628 		.ascii	"E\271\026(\304\351L\262\267\343 u\310\005\205\001%\211"
 412      C4E94CB2 
 412      B7E32075 
 412      C8058501 
 412      2589
ARM GAS  C:\Users\CYIRKO~1\AppData\Local\Temp\ccjIwPDa.s 			page 32


 413 05b1 8197B1C0 		.ascii	"\201\227\261\300 \010\234\225\005\256\020\001{\311R"
 413      20089C95 
 413      05AE1001 
 413      7BC952
 414 05c0 2E023BF9 		.ascii	".\002;\371\032\316\362K\277\207w\020\\O\207d\300\013"
 414      1ACEF24B 
 414      BF877710 
 414      5C4F8764 
 414      C00B
 415 05d2 04101F0A 		.ascii	"\004\020\037\012\207o\374\344\252\222\212\220n!\007"
 415      876FFCE4 
 415      AA928A90 
 415      6E2107
 416 05e1 2B0F4D76 		.ascii	"+\017Mvx\247\030\"\265{\037\261K\305@G|\253\312z\251"
 416      78A71822 
 416      B57B1FB1 
 416      4BC54047 
 416      7CABCA7A 
 417 05f6 F86DEF0E 		.ascii	"\370m\357\016Q\204=RTa9T\"\033,\261\275U\014\223[EE"
 417      51843D52 
 417      54613954 
 417      221B2CB1 
 417      BD550C93 
 418 060d D748B646 		.ascii	"\327H\266F(\244;T\322\256\035E\316\304\227>\253/\273"
 418      28A43B54 
 418      D2AE1D45 
 418      CEC4973E 
 418      AB2FBB
 419 0620 1B72FDAC 		.ascii	"\033r\375\254\356\215\322#\376\372\226\214|\336\241"
 419      EE8DD223 
 419      FEFA968C 
 419      7CDEA1
 420 062f 830F8983 		.ascii	"\203\017\211\203\017$\007\037V\266\257\366d\016^\230"
 420      0F24071F 
 420      56B6AFF6 
 420      640E5E98 
 421 063f 0CD9861D 		.ascii	"\014\331\206\035\015\366p\220B#\262{#\266\356=\"\356"
 421      0DF67090 
 421      4223B27B 
 421      23B6EE3D 
 421      22EE
 422 0651 753F29E8 		.ascii	"u?)\350q\027vQ\367F:\357\216\362\014\251\372e+\022&"
 422      71177651 
 422      F7463AEF 
 422      8EF20CA9 
 422      FA652B12 
 423 0666 FA58467A 		.ascii	"\372XFzl\213\364\204 m\256Y\337\343&\354\247H\361\243"
 423      6C8BF484 
 423      206DAE59 
 423      DFE326EC 
 423      A748F1A3 
 424 067a BDAB5C18 		.ascii	"\275\253\\\030R\243\316\212\204W\317\230\2144f\213$"
 424      52A3CE8A 
 424      8457CF98 
 424      8C34668B 
 424      24
 425 068b F2186945 		.ascii	"\362\030iE\363\345\033\202\320D\221\266$\266\245 \206"
ARM GAS  C:\Users\CYIRKO~1\AppData\Local\Temp\ccjIwPDa.s 			page 33


 425      F3E51B82 
 425      D04491B6 
 425      24B6A520 
 425      86
 426 069c F4E0B571 		.ascii	"\364\340\265qH1\274\025\011\272\343\221b\011RRkl\255"
 426      4831BC15 
 426      09BAE391 
 426      62095252 
 426      6B6CAD
 427 06af ABD04D91 		.ascii	"\253\320M\221\266\326^iQMP\3563\366j\224\033WC\370\306"
 427      B6D65E69 
 427      514D50EE 
 427      33F66A94 
 427      1B5743F8 
 428 06c4 51743EC6 		.ascii	"Qt>\306C\253(\201%\274r\373\212\347\265L0\357^\346\250"
 428      43AB2881 
 428      25BC72FB 
 428      8AE7B54C 
 428      30EF5EE6 
 429 06d9 966412E6 		.ascii	"\226d\022\346Xr\233b\332\213U\326\363k)O&76\\)B\326"
 429      58729B62 
 429      DA8B55D6 
 429      F36B294F 
 429      2637365C 
 430 06f0 94FF4027 		.ascii	"\224\377@'\263\207\272~t\234\362e<Ny\002\317R~\245\262"
 430      B387BA7E 
 430      749CF265 
 430      3C4E7902 
 430      CF527EA5 
 431 0705 66931494 		.ascii	"f\223\024\224kS\255A\001)\024'\007%\3166(\313IP\304"
 431      6B53AD41 
 431      01291427 
 431      0725CE36 
 431      28CB4950 
 432 071a 81BB6BDC 		.ascii	"\201\273k\334\204\001\032\224\373\225\207\263\235\000"
 432      84011A94 
 432      FB9587B3 
 432      9D00
 433 0728 A9871CC6 		.ascii	"\251\207\034\306\357\024\224^\022\0234\344^\215V\310"
 433      EF14945E 
 433      121334E4 
 433      5E8D56C8 
 434 0738 482B3012 		.ascii	"H+0\022\356\254$\010;Sb\263=\2041\212\320\221s9\311"
 434      EEAC2408 
 434      3B5362B3 
 434      3D84318A 
 434      D0917339 
 435 074d 8D213CF8 		.ascii	"\215!<\370}\272XM\027\314*Y{\225\244\275\232hgn\214"
 435      7DBA584D 
 435      17CC2A59 
 435      7B95A4BD 
 435      9A68676E 
 436 0762 FDB5B0CA 		.ascii	"\375\265\260\312\211(/o\270v\303\235)W\277fUN\224\225"
 436      89282F6F 
 436      B876C39D 
 436      2957BF66 
 436      554E9495 
ARM GAS  C:\Users\CYIRKO~1\AppData\Local\Temp\ccjIwPDa.s 			page 34


 437 0776 1325E524 		.ascii	"\023%\345$\242\\T|\357\222\233\220A\265[RzJ\021\323"
 437      A25C547C 
 437      EF929B90 
 437      41B55B52 
 437      7A4A11D3 
 438 078a 6EA4DA78 		.ascii	"n\244\332x]\254\221\265\327H\332k\251v}F\211\253PF\265"
 438      5DAC91B5 
 438      D748DA6B 
 438      A9767D46 
 438      89AB5046 
 439 079f EF366FBF 		.ascii	"\3576o\277\346\311\264[e\355dY;Y\322N!\332\335#\355"
 439      E6C9B45B 
 439      65ED6459 
 439      3B59D24E 
 439      21DADD23 
 440 07b4 5D5AE54A 		.ascii	"]Z\345J\330>\356V\360#/\355\204\270\213\311\3559\331"
 440      D83EEE56 
 440      F0232FED 
 440      84B88BC9 
 440      ED39D9
 441 07c7 A57278A7 		.ascii	"\245rx\247L\345\331\235r"
 441      4CE5D99D 
 441      72
 442 07d0 1AB9BFB5 		.ascii	"\032\271\277\265\215\034x\240\025\032\210k\252\236\334"
 442      8D1C78A0 
 442      151A886B 
 442      AA9EDC
 443 07df 81EBCE48 		.ascii	"\201\353\316H\347\203\220\006Z\236\364\321\304\241\014"
 443      E7839006 
 443      5A9EF4D1 
 443      C4A10C
 444 07ee 5E83D631 		.ascii	"^\203\3261\257\340\311\020\001\375\316\277\3614\275"
 444      AFE0C910 
 444      01FDCEBF 
 444      F134BD
 445 07fd 2CDED924 		.ascii	",\336\331$*n\342i\274\216\274\342\320z\336\007\245\363"
 445      2A6EE269 
 445      BC8EBCE2 
 445      D07ADE07 
 445      A5F3
 446 080f 3EA0A026 		.ascii	">\240\240&3`p\345\315\2264\255\267\365\\C\004[^q\231"
 446      336070E5 
 446      CD9634AD 
 446      B7F55C43 
 446      045B5E71 
 447 0824 BCB7E424 		.ascii	"\274\267\344$\031\340\017\226\207\333\367\261\353\265"
 447      19E00F96 
 447      87DBF7B1 
 447      EBB5
 448 0832 330C874B 		.ascii	"3\014\207Kr\216\273;\244\227%\321\333\300\023~\367\226"
 448      728EBB3B 
 448      A49725D1 
 448      DBC0137E 
 448      F796
 449 0844 C70FB32F 		.ascii	"\307\017\263/*\027|W\353\317\\\255\245W\363w`x\256\271"
 449      2A177C57 
 449      EBCF5CAD 
ARM GAS  C:\Users\CYIRKO~1\AppData\Local\Temp\ccjIwPDa.s 			page 35


 449      A557F377 
 449      6078AEB9 
 450 0858 A8D6DDD6 		.ascii	"\250\326\335\326\231\034p:\233\307`\033\2113Y\324\231"
 450      991C703A 
 450      9BC7601B 
 450      893359D4 
 450      99
 451 0869 8DC499B5 		.ascii	"\215\304\231\265'\313+xe2\206\306%c\023-K\374\213]\215"
 451      27CB2B78 
 451      653286C6 
 451      2563132D 
 451      4BFC8B5D 
 452 087e EB39E922 		.ascii	"\3539\351\"\034\247y\317z\274\347G\274`\253\240x\332"
 452      1CA779CF 
 452      7ABCE747 
 452      BC60ABA0 
 452      78DA
 453 0890 2B847389 		.ascii	"+\204s\211GW\21291\342l\232\317\\9\375\271\266\365\263"
 453      47578A39 
 453      31E26C9A 
 453      CF5C39FD 
 453      B9B6F5B3 
 454 08a4 992C8395 		.ascii	"\231,\203\225\361\333b\\\204\025\316\004\254!%/E\313"
 454      F1DB625C 
 454      8415CE04 
 454      AC21252F 
 454      45CB
 455 08b6 C0AE370A 		.ascii	"\300\2567\012\267\012\227\212\315\242\230\3631-\241"
 455      B70A978A 
 455      CDA298F3 
 455      312DA1
 456 08c5 2D32D816 		.ascii	"-2\330\026[\260<\002\2267<\262\302C\250\245`\361\217"
 456      5BB03C02 
 456      96373CB2 
 456      C243A8A5 
 456      60F18F
 457 08d8 077A3C18 		.ascii	"\007z<\030\330\341\263\302\266\235\227D\021\030.\201"
 457      D8E1B3C2 
 457      B69D9744 
 457      11182E81 
 458 08e8 0F288CB6 		.ascii	"\017(\214\266UF\333j\213\226O\320\332\373\253\303\204"
 458      5546DB6A 
 458      8B964FD0 
 458      DAFBABC3 
 458      84
 459 08f9 441702B6 		.ascii	"D\027\002\266m{V\251\207\260\201\016VT\037\316\304\007"
 459      6D7B56A9 
 459      87B0810E 
 459      56541FCE 
 459      C407
 460 090b 0FDA4616 		.ascii	"\017\332F\026\017\276\312\217v{\221=\250\305z\261\256"
 460      0FBECA8F 
 460      767B913D 
 460      A8C57AB1 
 460      AE
 461 091c 292D7CEC 		.ascii	")-|\354\341\370S\233lAE\322\026\324\277>\265T\212b\367"
 461      E1F8539B 
ARM GAS  C:\Users\CYIRKO~1\AppData\Local\Temp\ccjIwPDa.s 			page 36


 461      6C4145D2 
 461      16D4BF3E 
 461      B5548A62 
 462 0931 4D617541 		.ascii	"MauA\027\215b=\217%Q\201\344+*\344Uxd\363\305M\334\355"
 462      178D623D 
 462      8F255181 
 462      E42B2AE4 
 462      557864F3 
 463 0949 D8D6DBE7 		.ascii	"\330\326\333\347,\334\242.\356\330\233V\346.\247\345"
 463      2CDCA22E 
 463      EED89B56 
 463      E62EA7E5 
 464 0959 D6F8B494 		.ascii	"\326\370\264\224\310\334Kl\301J\011X\363\255\212\225"
 464      C8DC4B6C 
 464      C14A0958 
 464      F3AD8A95 
 465 0969 6EC2230A 		.ascii	"n\302#\012\226\277d\365\230\263\234\226\345\333\307"
 465      96BF64F5 
 465      98B39C96 
 465      E5DBC7
 466 0978 A5A54C06 		.ascii	"\245\245L\006+\263\005\333A\300z\262/'\273\013\011j"
 466      2BB305DB 
 466      41C07AB2 
 466      2F27BB0B 
 466      096A
 467 098a 0276B432 		.ascii	"\002v\2642\267\315IN\313Y\233\264\354\224\321v\332\242"
 467      B7CD494E 
 467      CB599BB4 
 467      EC94D176 
 467      DAA2
 468 099c ED2268FD 		.ascii	"\355\"h\375\345u\365HH\241h\205{\266\354C\264\020\\"
 468      E575F548 
 468      48A16885 
 468      7BB6EC43 
 468      B4105C
 469 09af 71668EEC 		.ascii	"qf\216\354\256\025h!\324\223\303\241i0U#l\242\262\347"
 469      AE156821 
 469      D493C3A1 
 469      69305523 
 469      6CA2B2E7 
 470 09c3 724F6722 		.ascii	"rOg\"\207%V.\225X5\375\004L]\337\362Pc[D{\241\210\366"
 470      8725562E 
 470      955835FD 
 470      044C5DDF 
 470      F250635B 
 471 09dc 9022DA47 		.ascii	"\220\"\332G\212\210(\221\273H\323\306\365\256\032\266"
 471      8A882891 
 471      BB48D3C6 
 471      F5AE1AB6 
 472 09ec 6B24FCEC 		.ascii	"k$\374\354\256\201\003r21L\011]\361s\320\347\037>^\253"
 472      AE810372 
 472      32314C09 
 472      5DF173D0 
 472      E71F3E5E 
 473 0a01 7E25576C 		.ascii	"~%Wl\256\202\265Q\375zYl\225\0307\033\355\347\275\321"
 473      AE82B551 
 473      FD7A596C 
ARM GAS  C:\Users\CYIRKO~1\AppData\Local\Temp\ccjIwPDa.s 			page 37


 473      9518371B 
 473      EDE7BDD1 
 474 0a15 4F102BB8 		.ascii	"O\020+\270x(Tw\303\314<X\230\007\370W\360\331TW\221"
 474      78285477 
 474      C3CC3C58 
 474      9807F857 
 474      F0D95457 
 475 0a2a E22E1452 		.ascii	"\342.\024R\366\355\033\373F4\016\331\037\224\330gS\017"
 475      F6ED1BFB 
 475      46340ED9 
 475      1F94D867 
 475      530F
 476 0a3c AFE637D7 		.ascii	"\257\3467\327\362\266\354\345[r\025q\361\240\344b\343"
 476      F2B6ECE5 
 476      5B721571 
 476      F1A0E462 
 476      E3
 477 0a4d 51F18C8B 		.ascii	"Q\361\214\213-!\207\322\207:N\337\020\030\241\326\227"
 477      2D2187D2 
 477      873A4EDF 
 477      1018A1D6 
 477      97
 478 0a5e 6372AA62 		.ascii	"cr\252b|\321!F\007n?\012\305JF\247\232\322\271\272\244"
 478      7CD12146 
 478      076E3F0A 
 478      C54A46A7 
 478      9AD2B9BA 
 479 0a73 CB4328A7 		.ascii	"\313C(\247t\022\352\272\332X\342\237\303gQS\335y\226"
 479      7412EABA 
 479      DA58E29F 
 479      C3675153 
 479      DD7996
 480 0a86 F804A4F8 		.ascii	"\370\004\244\370\177/o\372\377^eyO\316{8$_'\221\257"
 480      7F2F6FFA 
 480      FF5E6579 
 480      4FCE7B38 
 480      245F2791 
 481 0a9b A5E45B4B 		.ascii	"\245\344[K\316%\271\332\222?\002A\256!A\256't\352$:"
 481      CE25B9DA 
 481      923F0241 
 481      AE2141AE 
 481      2774EA24 
 482 0ab0 F70FAEBE 		.ascii	"\367\017\256\276\357lK\336\241t\314\376\276U\032F\376"
 482      EF6C4BDE 
 482      A174CCFE 
 482      BE551A46 
 482      FE
 483 0ac1 AC8E926F 		.ascii	"\254\216\222o`\344\341\302\246P<\314\3107\022\362\303"
 483      60E4E1C2 
 483      A6503CCC 
 483      C83712F2 
 483      C3
 484 0ad2 D5097B3C 		.ascii	"\325\011{<\205:J\276\254\347\321~\025e\207w\357\301"
 484      853A4ABE 
 484      ACE7D17E 
 484      15658777 
 484      EFC1
ARM GAS  C:\Users\CYIRKO~1\AppData\Local\Temp\ccjIwPDa.s 			page 38


 485 0ae4 9AFC414F 		.ascii	"\232\374AOJ>\011\223\317\253l\034v\234\352\343\022\333"
 485      4A3E0993 
 485      CFAB6C1C 
 485      769CEAE3 
 485      12DB
 486 0af6 1ACA76B8 		.ascii	"\032\312v\270qC\341S\247E\023\270q\214\270q\202\370"
 486      7143E153 
 486      A74513B8 
 486      718CB871 
 486      82F8
 487 0b08 7F5CF2BF 		.ascii	"\177\\\362\277,\351\360d[\262\016\205\263\226v\246\273"
 487      2CE9F064 
 487      5BB20E85 
 487      B39676A6 
 487      BB
 488 0b19 33B28DAF 		.ascii	"3\262\215\257S\262\315\214,\334)\025\212G\031\331\026"
 488      53B2CD8C 
 488      2CDC2915 
 488      8A4719D9 
 488      16
 489 0b2a 42B6A4F8 		.ascii	"B\266\244\370\346%'\345qt}\334Gn+;\216Z\311q\264;\355"
 489      E62527E5 
 489      71747DDC 
 489      476E2B3B 
 489      8E5AC971 
 490 0b41 CC5E376F 		.ascii	"\314^7o\305'%\276R\332\377\244D'\311i\327\273,y\235"
 490      C52725BE 
 490      52DAFFA4 
 490      4427C969 
 490      D7BB2C79 
 491 0b56 20B4D158 		.ascii	" \264\321X\336+_\372\200\235\303\023\360\021\024\273"
 491      DE2B5FFA 
 491      809DC313 
 491      F01114BB 
 492 0b66 6A2B3B4A 		.ascii	"j+;J\323p,\257\026\327\354s\274r\332\245X\036\243\261"
 492      D3702CAF 
 492      16D7EC73 
 492      BC72DAA5 
 492      581EA3B1 
 493 0b7a 4C3D7D36 		.ascii	"L=}6\361\251\2629\015,\333\010\3133$<\355RxN\265]\317"
 493      F1A9B239 
 493      0D2CDB08 
 493      CB33243C 
 493      ED52784E 
 494 0b91 F7B40DA6 		.ascii	"\367\264\015\246C\351\254ub\226\265l\374i0;X0\341.\252"
 494      43E9AC75 
 494      6296B56C 
 494      FC69303B 
 494      5830E12E 
 495 0ba6 503CC582 		.ascii	"P<\305\202y\226\177\205s1~o\011\214\012\267\250\377"
 495      79967F85 
 495      73317E6F 
 495      098C0AB7 
 495      A8FF
 496 0bb8 F8E957BE 		.ascii	"\370\351W\276\001\323\247s\376s\336\015\016X\020\036"
 496      01D3A773 
 496      FE73DE0D 
ARM GAS  C:\Users\CYIRKO~1\AppData\Local\Temp\ccjIwPDa.s 			page 39


 496      0E58101E 
 497 0bc8 1A1E6459 		.ascii	"\032\036dY\024\026n\0126\340\276\311<}\326\333\376&"
 497      14166E0A 
 497      36E0BEC9 
 497      3C7DD6DB 
 497      FE26
 498 0bda B3FF8290 		.ascii	"\263\377\202\220\010\177s\264\001\377\352As\252\201"
 498      087F73B4 
 498      01FFEA41 
 498      73AA81
 499 0be9 73879FCF 		.ascii	"s\207\237\317B\377a4\020\030'\263%\304b\324\314\371"
 499      42FF6134 
 499      101827B3 
 499      25C462D4 
 499      CCF9
 500 0bfb CB3CFDFB 		.ascii	"\313<\375\373\001\363\002\277\236\243\306\335\240y\237"
 500      01F302BF 
 500      9EA3C6DD 
 500      A0799F
 501 0c0a 7D4EE6BE 		.ascii	"}N\346\276\3724\360\323\300y3\237i\"<\312\020\261(\314"
 501      FA34F0D3 
 501      C079339F 
 501      69223CCA 
 501      10B128CC 
 502 0c1e 6835B380 		.ascii	"h5\263\200\323\300\017\301\326[\\\001\351\303\350\360"
 502      D3C00FC1 
 502      D65B5C01 
 502      E9C3E8F0 
 503 0c2e EF8CD1CE 		.ascii	"\357\214\321\316\006S\324\374\360o\324\206\005!QQ\306"
 503      0653D4FC 
 503      F06FD486 
 503      05215151 
 503      C6
 504 0c3f 08B32AD2 		.ascii	"\010\263*\322\024f\324\350\365\213\302\243,3g\350-\363"
 504      1466D4E8 
 504      F58BC2A3 
 504      2C3367E8 
 504      2DF3
 505 0c51 8DEF5270 		.ascii	"\215\357Rp35d1\231\"\314\301\337D-\362%=\337\220\350"
 505      33356431 
 505      9922CCC1 
 505      DF442DF2 
 505      253DDF90 
 506 0c66 485F6364 		.ascii	"H_cd\2501,\314\030\026\374\366\324\231\2763\246M\237"
 506      A8312CCC 
 506      1816FCF6 
 506      D499BE33 
 506      A64D9F
 507 0c79 F5CFE9C1 		.ascii	"\365\317\351\3010\377F\224)\312\370\2061$4<\2309\023"
 507      30FF4694 
 507      29CAF886 
 507      3124343C 
 507      983913
 508 0c8c 1C190258 		.ascii	"\034\031\002XQ\306`}\230q~\310\242\010\213\336\262x"
 508      51C6607D 
 508      98717EC8 
 508      A2088BDE 
ARM GAS  C:\Users\CYIRKO~1\AppData\Local\Temp\ccjIwPDa.s 			page 40


 508      B278
 509 0c9e A1D10CBE 		.ascii	"\241\321\014\276\251%{\177\373\277\3323/6\007\353\315"
 509      A9257B7F 
 509      FBBFDA33 
 509      2F3607EB 
 509      CD
 510 0caf 96300007 		.ascii	"\2260\000\007#\274!Tk\374~!\243\252\267|\364\314 .4"
 510      23BC2154 
 510      6BFC7E21 
 510      A3AAB77C 
 510      F4CC202E 
 511 0cc4 455BCCFE 		.ascii	"E[\314\376A\363\346\316\234\341\377\311'\037\372C\330"
 511      41F3E6CE 
 511      9CE1FFC9 
 511      271FFA43 
 511      D8
 512 0cd5 02BF9B2E 		.ascii	"\002\277\233.\305T\037\021\021\006\2608}\206\220\210"
 512      C5541F11 
 512      1106B038 
 512      7D869088 
 513 0ce5 88D010C3 		.ascii	"\210\320\020\303\267z\213\027\310\004P\013\001$\264"
 513      B77A8B17 
 513      C804500B 
 513      0124B4
 514 0cf4 38D6B4A7 		.ascii	"8\326\264\247\006\301 KH\264\305\205tL\013\275\340\227"
 514      06C1204B 
 514      48B4C585 
 514      744C0BBD 
 514      E097
 515 0d06 C9CE890A 		.ascii	"\311\316\211\012\011\2150>'O|\030n\3063\336X\324(M\316"
 515      098D303E 
 515      274F7C18 
 515      6EC633DE 
 515      58D4284D 
 516 0d1b 85E4046A 		.ascii	"\205\344\004j\231i}8\254\026wi`\306\300ZydZ\370\202"
 516      99697D38 
 516      AC167769 
 516      60C6C05A 
 516      79645AF8 
 517 0d30 3490081B 		.ascii	"4\220\010\033\211\215\027m\247\303\250%\025\214\243"
 517      898D176D 
 517      A7C3A825 
 517      158CA3
 518 0d3f DD4CE690 		.ascii	"\335L\346\220\210\240\305\346OL\206o\247=3<X\330?\332"
 518      88A0C5E6 
 518      4F4C866F 
 518      A73D333C 
 518      58D83FDA 
 519 0d53 427E2110 		.ascii	"B~!\020\256\206\005\277H\0254\244\325iX\000)\302\252"
 519      AE8605BF 
 519      481534A4 
 519      D5695800 
 519      29C2AA
 520 0d66 38D2FA08 		.ascii	"8\322\372\010P}\357gU\015\246\310HS\024\313\313\373"
 520      507DEF67 
 520      550DA6C8 
 520      485314CB 
ARM GAS  C:\Users\CYIRKO~1\AppData\Local\Temp\ccjIwPDa.s 			page 41


 520      CBFB
 521 0d78 5FCE0D98 		.ascii	"_\316\015\230\373=`\030L\321F\375w\263\"q2\364z\263"
 521      FB3D6018 
 521      4CD146FD 
 521      77B32271 
 521      32F47AB3 
 522 0d8c D1A2FFE0 		.ascii	"\321\242\377\340\375\2409\237\177\031\350\036\022\361"
 522      FDA0399F 
 522      7F19E81E 
 522      12F1
 523 0d9a AF90C566 		.ascii	"\257\220\305f\210T\004,\273\017~\0114D\307?`nP`\220"
 523      8854042C 
 523      BB0F7E09 
 523      3444C73F 
 523      606E5060 
 524 0daf EC63A439 		.ascii	"\354c\2449\334\254\377\306`\300\360,>_Ea_\335\010a\326"
 524      DCACFFC6 
 524      60C0F02C 
 524      3E5F4561 
 524      5FDD0861 
 525 0dc4 270C1691 		.ascii	"'\014\026\221>81\177Q\224A\257\237:k\326[o\252\245\321"
 525      3E38317F 
 525      519441AF 
 525      9F3A6BD6 
 525      5B6FAAA5 
 526 0dd9 B8E97794 		.ascii	"\270\351w\224\243\267g\216\033\215{7\353\255\377\000"
 526      A3B7678E 
 526      1B8D7B37 
 526      EBADFF00 
 527 0de9 5B324F1D 		.ascii	"[2O\035"
 528              		.text
 529              		.section	.gnu.lto_.symtab.15b8cf6d,"",%progbits
 530 0000 65787449 		.ascii	"extInit\000"
 530      6E697400 
 531 0008 00       		.ascii	"\000"
 532 0009 00       		.ascii	"\000"
 533 000a 00       		.ascii	"\000"
 534 000b 00000000 		.ascii	"\000\000\000\000\000\000\000\000"
 534      00000000 
 535 0013 AE000000 		.ascii	"\256\000\000\000"
 536 0017 6578744F 		.ascii	"extObjectInit\000"
 536      626A6563 
 536      74496E69 
 536      7400
 537 0025 00       		.ascii	"\000"
 538 0026 00       		.ascii	"\000"
 539 0027 00       		.ascii	"\000"
 540 0028 00000000 		.ascii	"\000\000\000\000\000\000\000\000"
 540      00000000 
 541 0030 F7000000 		.ascii	"\367\000\000\000"
 542 0034 65787453 		.ascii	"extStart\000"
 542      74617274 
 542      00
 543 003d 00       		.ascii	"\000"
 544 003e 00       		.ascii	"\000"
 545 003f 00       		.ascii	"\000"
 546 0040 00000000 		.ascii	"\000\000\000\000\000\000\000\000"
ARM GAS  C:\Users\CYIRKO~1\AppData\Local\Temp\ccjIwPDa.s 			page 42


 546      00000000 
 547 0048 FC000000 		.ascii	"\374\000\000\000"
 548 004c 65787453 		.ascii	"extStop\000"
 548      746F7000 
 549 0054 00       		.ascii	"\000"
 550 0055 00       		.ascii	"\000"
 551 0056 00       		.ascii	"\000"
 552 0057 00000000 		.ascii	"\000\000\000\000\000\000\000\000"
 552      00000000 
 553 005f FE000000 		.ascii	"\376\000\000\000"
 554 0063 65787443 		.ascii	"extChannelEnable\000"
 554      68616E6E 
 554      656C456E 
 554      61626C65 
 554      00
 555 0074 00       		.ascii	"\000"
 556 0075 00       		.ascii	"\000"
 557 0076 00       		.ascii	"\000"
 558 0077 00000000 		.ascii	"\000\000\000\000\000\000\000\000"
 558      00000000 
 559 007f 00010000 		.ascii	"\000\001\000\000"
 560 0083 65787443 		.ascii	"extChannelDisable\000"
 560      68616E6E 
 560      656C4469 
 560      7361626C 
 560      6500
 561 0095 00       		.ascii	"\000"
 562 0096 00       		.ascii	"\000"
 563 0097 00       		.ascii	"\000"
 564 0098 00000000 		.ascii	"\000\000\000\000\000\000\000\000"
 564      00000000 
 565 00a0 02010000 		.ascii	"\002\001\000\000"
 566 00a4 65787453 		.ascii	"extSetChannelModeI\000"
 566      65744368 
 566      616E6E65 
 566      6C4D6F64 
 566      654900
 567 00b7 00       		.ascii	"\000"
 568 00b8 00       		.ascii	"\000"
 569 00b9 00       		.ascii	"\000"
 570 00ba 00000000 		.ascii	"\000\000\000\000\000\000\000\000"
 570      00000000 
 571 00c2 0A010000 		.ascii	"\012\001\000\000"
 572 00c6 6578745F 		.ascii	"ext_lld_init\000"
 572      6C6C645F 
 572      696E6974 
 572      00
 573 00d3 00       		.ascii	"\000"
 574 00d4 02       		.ascii	"\002"
 575 00d5 00       		.ascii	"\000"
 576 00d6 00000000 		.ascii	"\000\000\000\000\000\000\000\000"
 576      00000000 
 577 00de 0C010000 		.ascii	"\014\001\000\000"
 578 00e2 6578745F 		.ascii	"ext_lld_start\000"
 578      6C6C645F 
 578      73746172 
 578      7400
ARM GAS  C:\Users\CYIRKO~1\AppData\Local\Temp\ccjIwPDa.s 			page 43


 579 00f0 00       		.ascii	"\000"
 580 00f1 02       		.ascii	"\002"
 581 00f2 00       		.ascii	"\000"
 582 00f3 00000000 		.ascii	"\000\000\000\000\000\000\000\000"
 582      00000000 
 583 00fb 0E010000 		.ascii	"\016\001\000\000"
 584 00ff 6578745F 		.ascii	"ext_lld_stop\000"
 584      6C6C645F 
 584      73746F70 
 584      00
 585 010c 00       		.ascii	"\000"
 586 010d 02       		.ascii	"\002"
 587 010e 00       		.ascii	"\000"
 588 010f 00000000 		.ascii	"\000\000\000\000\000\000\000\000"
 588      00000000 
 589 0117 10010000 		.ascii	"\020\001\000\000"
 590 011b 6578745F 		.ascii	"ext_lld_channel_enable\000"
 590      6C6C645F 
 590      6368616E 
 590      6E656C5F 
 590      656E6162 
 591 0132 00       		.ascii	"\000"
 592 0133 02       		.ascii	"\002"
 593 0134 00       		.ascii	"\000"
 594 0135 00000000 		.ascii	"\000\000\000\000\000\000\000\000"
 594      00000000 
 595 013d 12010000 		.ascii	"\022\001\000\000"
 596 0141 6578745F 		.ascii	"ext_lld_channel_disable\000"
 596      6C6C645F 
 596      6368616E 
 596      6E656C5F 
 596      64697361 
 597 0159 00       		.ascii	"\000"
 598 015a 02       		.ascii	"\002"
 599 015b 00       		.ascii	"\000"
 600 015c 00000000 		.ascii	"\000\000\000\000\000\000\000\000"
 600      00000000 
 601 0164 14010000 		.ascii	"\024\001\000\000"
 602              		.text
 603              		.section	.gnu.lto_.opts,"",%progbits
 604 0000 272D666D 		.ascii	"'-fmath-errno' '-fsigned-zeros' '-ftrapping-math' '"
 604      6174682D 
 604      6572726E 
 604      6F272027 
 604      2D667369 
 605 0033 2D666E6F 		.ascii	"-fno-trapv' '-fno-openmp' '-fno-openacc' '-mcpu=cor"
 605      2D747261 
 605      70762720 
 605      272D666E 
 605      6F2D6F70 
 606 0066 7465782D 		.ascii	"tex-m7' '-mno-thumb-interwork' '-mthumb' '-ggdb' '-"
 606      6D372720 
 606      272D6D6E 
 606      6F2D7468 
 606      756D622D 
 607 0099 4F322720 		.ascii	"O2' '-fomit-frame-pointer' '-falign-functions=16' '"
 607      272D666F 
ARM GAS  C:\Users\CYIRKO~1\AppData\Local\Temp\ccjIwPDa.s 			page 44


 607      6D69742D 
 607      6672616D 
 607      652D706F 
 608 00cc 2D666675 		.ascii	"-ffunction-sections' '-fdata-sections' '-fno-common"
 608      6E637469 
 608      6F6E2D73 
 608      65637469 
 608      6F6E7327 
 609 00ff 2720272D 		.ascii	"' '-flto'\000"
 609      666C746F 
 609      2700
 610              		.text
 611              		.comm	__gnu_lto_v1,1,1
 612              		.comm	__gnu_lto_slim,1,1
 613              		.ident	"GCC: (GNU Tools for ARM Embedded Processors 6-2017-q1-update) 6.3.1 20170215 (release) [AR
ARM GAS  C:\Users\CYIRKO~1\AppData\Local\Temp\ccjIwPDa.s 			page 45


DEFINED SYMBOLS
                            *ABS*:00000000 hal_ext.c
                            *COM*:00000001 __gnu_lto_v1
                            *COM*:00000001 __gnu_lto_slim

NO UNDEFINED SYMBOLS
