ARM GAS  C:\Users\CYIRKO~1\AppData\Local\Temp\ccKYiCDC.s 			page 1


   1              		.cpu cortex-m7
   2              		.eabi_attribute 20, 1
   3              		.eabi_attribute 21, 1
   4              		.eabi_attribute 23, 3
   5              		.eabi_attribute 24, 1
   6              		.eabi_attribute 25, 1
   7              		.eabi_attribute 26, 1
   8              		.eabi_attribute 30, 2
   9              		.eabi_attribute 34, 1
  10              		.eabi_attribute 18, 4
  11              		.file	"hal_st.c"
  12              		.text
  13              	.Ltext0:
  14              		.section	.gnu.lto_.profile.15b8dd47,"",%progbits
  15 0000 789C6365 		.ascii	"x\234ce`b`a```d\220\342\001\000\000\300\0003"
  15      60626061 
  15      60606064 
  15      90E20100 
  15      00C00033 
  16              		.text
  17              		.section	.gnu.lto_.icf.15b8dd47,"",%progbits
  18 0000 789C6365 		.ascii	"x\234ce`bP`@\000V\206\205??\354\345a|\177c\371J\026"
  18      60625060 
  18      40005686 
  18      853F3FEC 
  18      E5617C7F 
  19 0018 A67D171E 		.ascii	"\246}\027\036\254ga~\177\256\367/;\313\211\217\213\026"
  19      AC67617E 
  19      7FAEF72F 
  19      3BCB898F 
  19      8B16
  20 002a F0320000 		.ascii	"\3602\000\000\0217\020\034"
  20      1137101C 
  21              		.text
  22              		.section	.gnu.lto_.jmpfuncs.15b8dd47,"",%progbits
  23 0000 789C6365 		.ascii	"x\234ce`b\020c@\000V\020\301\010\004\365L\014\014\314"
  23      60621063 
  23      40005610 
  23      C10804F5 
  23      4C0C0CCC 
  24 0014 209A0528 		.ascii	" \232\005(\000\000\016\012\0011"
  24      00000E0A 
  24      0131
  25              		.text
  26              		.section	.gnu.lto_.inline.15b8dd47,"",%progbits
  27 0000 789C6365 		.ascii	"x\234ce`b\310g@\000V\006\006\026\036F\240 \003\003\333"
  27      6062C867 
  27      40005606 
  27      06161E46 
  27      A0200303 
  28 0015 027910C5 		.ascii	"\002y\020\305\300\310\005\"\030\330X\031\031\031\004"
  28      C0C80522 
  28      18D85819 
  28      191904
  29 0024 18191898 		.ascii	"\030\031\030\230\330>\350\301%\231\030X\230\201\312"
  29      D83EE8C1 
  29      25991858 
ARM GAS  C:\Users\CYIRKO~1\AppData\Local\Temp\ccKYiCDC.s 			page 2


  29      9881CA
  30 0033 992EF0C3 		.ascii	"\231.\360\303\205\230ABP\245\310\342,\230J\031\000\312"
  30      85984142 
  30      50A5C8E2 
  30      2C984A19 
  30      00CA
  31 0045 39089E   		.ascii	"9\010\236"
  32              		.text
  33              		.section	.gnu.lto_.pureconst.15b8dd47,"",%progbits
  34 0000 789C6365 		.ascii	"x\234ce`b\340f```e\220`\224b\222b\226b\221\002\000\004"
  34      6062E066 
  34      60606065 
  34      90609462 
  34      92629662 
  35 0018 1000A2   		.ascii	"\020\000\242"
  36              		.text
  37              		.section	.gnu.lto_stInit.15b8dd47,"",%progbits
  38 0000 789C6365 		.ascii	"x\234ce`bX\314\300\300`\000\304\322@\314\310\314\300"
  38      606258CC 
  38      C0C06000 
  38      C4D240CC 
  38      C8CCC0
  39 0013 C834E11C 		.ascii	"\3104\341\034\003C#\007\023##\210\321\300\301\310P\317"
  39      03432307 
  39      13232388 
  39      D1C0C1C8 
  39      50CF
  40 0025 C458CFD8 		.ascii	"\304X\317\330\317<\235\231\361P\373\263\235L\232\313"
  40      CF3C9D99 
  40      F150FBB3 
  40      9D4C9ACB 
  41 0035 1B80E0C0 		.ascii	"\033\200\340\300\364\037\222\015+\0160\316gf`\230\011"
  41      F41F920D 
  41      2B0E30CE 
  41      67666098 
  41      09
  42 0046 C420C0B8 		.ascii	"\304 \300\270\234Q\223\001\250\354\321\306\177Sy\331"
  42      9C519301 
  42      A8ECD1C6 
  42      7F5379D9 
  43 0056 5820E28C 		.ascii	"X \342\214+\030\331\030\201\364\372K\214\007\032\376"
  43      2B18D918 
  43      81F4FA4B 
  43      8C071AFE 
  44 0066 FD6F6F38 		.ascii	"\375oo8pg\021\343\177V\240T\027\020\203\354\350ff\002"
  44      706711E3 
  44      7F56A054 
  44      171083EC 
  44      E8666602 
  45 007a D1CCAF19 		.ascii	"\321\314\257\031\233\027\374\226\006\251\007\031\262"
  45      9B17FC96 
  45      06A90719 
  45      B2
  46 0087 73E79BDB 		.ascii	"s\347\233\333\354\365\177\0338\34633\316d\006\232\300"
  46      ECF57F1B 
  46      38E63333 
  46      CE64069A 
ARM GAS  C:\Users\CYIRKO~1\AppData\Local\Temp\ccKYiCDC.s 			page 3


  46      C0
  47 0098 B892B19E 		.ascii	"\270\222\261\236a>P\355[\306\246\005\377\271\301\352"
  47      613E50ED 
  47      5BC6A605 
  47      FFB9C1EA 
  48 00a8 40A00B28 		.ascii	"@\240\013(\011\324\316\304\300\240\347j\025\343\234"
  48      09D4CEC4 
  48      C0A0E76A 
  48      15E39C
  49 00b7 91999419 		.ascii	"\221\231\224\031\\R\232\222\231\037\223\014b\347\027"
  49      5C529A92 
  49      991F930C 
  49      62E717
  50 00c6 1B9A9BE9 		.ascii	"\033\232\233\351\347\027\353g$\346\350\027\027%\203"
  50      E717EB67 
  50      24E6E817 
  50      172583
  51 00d5 E8F8E212 		.ascii	"\350\370\342\022\275d\006\000)uH\002"
  51      BD640600 
  51      29754802 
  52              		.text
  53              		.section	.gnu.lto_stStartAlarm.15b8dd47,"",%progbits
  54 0000 789C9D52 		.ascii	"x\234\235RMh\023A\024\236o'\335\015\361\247\036<\010"
  54      4D681341 
  54      149E6F27 
  54      DD0DF1A7 
  54      1E3C08
  55 0013 E6204229 		.ascii	"\346 B)\365\220%\012\376]\255\202\320\236\332c\241\264"
  55      F590250A 
  55      FE5DAD82 
  55      D09EDA63 
  55      A1B4
  56 0025 A9904024 		.ascii	"\251\220@$\322D\217v\033\033\203\251\177\227&\315!n"
  56      D2448F76 
  56      1B1B83A9 
  56      7F9726CD 
  56      216E
  57 0037 314ADA68 		.ascii	"1J\332h\232\246\376\265Za\011\212\027M\245=x\320\202"
  57      9AA6FEB5 
  57      5A61098A 
  57      174DA53D 
  57      78D082
  58 004a 082D0A15 		.ascii	"\010-\012\025K\015\026\021\022\337L\242\324\223\342"
  58      4B0D1611 
  58      12DF4CA2 
  58      D493E2
  59 0059 C0EC9BF7 		.ascii	"\300\354\233\367\366{\337\373\336\314k`\012+)\214\205"
  59      F67BDFFB 
  59      DECC6B60 
  59      0A2B298C 
  59      85
  60 006a 1963BB69 		.ascii	"\031c\273i\2033(\327K\214\015\332\025@\034\014;\330"
  60      833328D7 
  60      4B8C0DDA 
  60      15401C0C 
  60      3BD8
  61 007c 8082015C 		.ascii	"\200\202\001\\\343\011\216bteVi\311\030\264\254\304"
ARM GAS  C:\Users\CYIRKO~1\AppData\Local\Temp\ccKYiCDC.s 			page 4


  61      E3098E62 
  61      74655669 
  61      C918B4AC 
  61      C4
  62 008d 8C7AD188 		.ascii	"\214z\321\210\35429cI\332b!\203\026B=\257nX\215W\271"
  62      EC323963 
  62      49DA6221 
  62      8316423D 
  62      AF6E588D 
  63 00a3 C90185DC 		.ascii	"\311\001\205\334\205\265\227\251-\302U\260\203\334\037"
  63      85B597A9 
  63      2DC255B0 
  63      83DC1F
  64 00b2 D9A9778D 		.ascii	"\331\251w\215\334\015F\347\365\033\326\336\346\333\206"
  64      DC0D46E7 
  64      F51BD6DE 
  64      E6DB86
  65 00c1 1136ACD5 		.ascii	"\0216\254\325\013\334\330ir\216,8\361a\002N\214\303"
  65      0BDCD869 
  65      728E2C38 
  65      F161024E 
  65      8CC3
  66 00d3 C928C470 		.ascii	"\311(\304p\007\315\002\376\241P\031\331\246\332\322"
  66      07CD02FE 
  66      A15019D9 
  66      A6DAD2
  67 00e2 BF4AE22E 		.ascii	"\277J\342.T\220\315/\3002*\325\250a\225oa\361\204F\332"
  67      5490CD2F 
  67      C0322AD5 
  67      A861956F 
  67      61F18446 
  68 00f7 298353AE 		.ascii	")\203S\256\215\261\030!E'\303\\\021\226/C\021\\\227"
  68      8DB11821 
  68      4527C35C 
  68      11962F43 
  68      115C97
  69 010a ACD83307 		.ascii	"\254\3303\007?\"e\274y\233J8\232\322R\307Jr\353\250"
  69      3F2265BC 
  69      799B4A38 
  69      9AD252C7 
  69      4A72EBA8 
  70 011e 6185F708 		.ascii	"a\205\367\010)\271?\245\310\026'\321\224\"\246O\010"
  70      29B93FA5 
  70      C81627D1 
  70      9422A64F 
  70      08
  71 012f AF47BFCC 		.ascii	"\257G\277\314/\335\324~\353\032\252]\313k\225\013\220"
  71      2FDDD47E 
  71      EB1AAA5D 
  71      CB6B950B 
  71      90
  72 0140 1497E4D8 		.ascii	"\024\227\344\330\244\233!\017\225(\246\240\2468\257"
  72      A49B210F 
  72      9528A6A0 
  72      A638AF
  73 014f B114E3DF 		.ascii	"\261\024\343\337+\253#\207E\214\200\361Hq^\023W\325"
  73      2BAB2387 
ARM GAS  C:\Users\CYIRKO~1\AppData\Local\Temp\ccKYiCDC.s 			page 5


  73      458C80F1 
  73      48715E13 
  73      57D5
  74 0161 20F34AB9 		.ascii	" \363J\271\2155G\315\025\3346\012\245'\277\275\260\233"
  74      8D3547CD 
  74      15DC360A 
  74      A527BFBD 
  74      B09B
  75 0173 48C1E42A 		.ascii	"H\301\344*\246IXA\010\243\037\331W\345\257\232\2363"
  75      A6495841 
  75      08A31FD9 
  75      57E5AF9A 
  75      9E33
  76 0185 86068DB1 		.ascii	"\206\006\215\261\363&\327p\017&F\251wY\224\000\325x"
  76      F326D770 
  76      0F2646A9 
  76      77599400 
  76      D578
  77 0197 614975E7 		.ascii	"aIu\347%`\232\322\355\270\017\035\373\234u\004\036\300"
  77      25609AD2 
  77      EDB80F1D 
  77      FB9C7504 
  77      1EC0
  78 01a9 4DAA84A4 		.ascii	"M\252\204\244\362\307\271\310\366\272\242\177\255g\307"
  78      F2C7B9C8 
  78      F6BAA27F 
  78      AD67C7
  79 01b8 43590F75 		.ascii	"CY\017u\266G\3207\367CS\204\031\312\224\354O\377\203"
  79      B647D037 
  79      F7435384 
  79      19CA94EC 
  79      4FFF83
  80 01cb 7D56B22B 		.ascii	"}V\262+u\366\307\222}\316\274<\341\250\261+xB\231\313"
  80      75F6C792 
  80      7DCEBC3C 
  80      E1A8B12B 
  80      784299CB 
  81 01df 08BF1F1E 		.ascii	"\010\277\037\036\367\310\261\020O\300>#<\226\271\002"
  81      F7C8B110 
  81      4FC03E23 
  81      3C96B902 
  82 01ef 1190AF17 		.ascii	"\021\220\257\027#}4\0034\361\256\343G\273\216y}\275"
  82      237D3403 
  82      34F1AEE3 
  82      47BB8E79 
  82      7DBD
  83 0201 BE8ED0D9 		.ascii	"\276\216\320\331>_\240\313#\316\201\240\373\320A=\020"
  83      3E5FA0CB 
  83      23CE81A0 
  83      FBD0413D 
  83      10
  84 0212 D4BD3D7E 		.ascii	"\324\275=~=\330\357\021\266;\030ry\230\326\323\033\014"
  84      3DD8EF11 
  84      B63B1872 
  84      7998D6D3 
  84      1B0C
  85 0224 F94E9FB2 		.ascii	"\371N\237\262\211O\353_s\317\004\372CA\275\243\263\375"
ARM GAS  C:\Users\CYIRKO~1\AppData\Local\Temp\ccKYiCDC.s 			page 6


  85      894FEB5F 
  85      73CF04FA 
  85      4341BDA3 
  85      B3FD
  86 0236 C07EBDAD 		.ascii	"\300~\275\255\255U\357<\331~\316]g\353\366\373\373\\"
  86      AD55EF3C 
  86      D97ECE5D 
  86      67EBF6FB 
  86      FB5C
  87 0248 5EF61375 		.ascii	"^\366\023u\355\024\325"
  87      ED14D5
  88              		.text
  89              		.section	.gnu.lto_stStopAlarm.15b8dd47,"",%progbits
  90 0000 789C8550 		.ascii	"x\234\205P\277KBQ\024>\337\273\366\224\240\275\310\255"
  90      BF4B4251 
  90      143EDFBB 
  90      F694A0BD 
  90      C8AD
  91 0012 C9E53D2C 		.ascii	"\311\345=,(h\315\202@'\035\005)\035\024\004\303\247"
  91      2868CD82 
  91      40271D05 
  91      291D1404 
  91      C3A7
  92 0024 AD3E4313 		.ascii	"\255>C\023\024\252%\315!\336\340`Y*\215A\201H\320\224"
  92      14AA25CD 
  92      21DEE060 
  92      592A8D41 
  92      8148D094 
  93 0038 417F8134 		.ascii	"A\177\2014\004\016A\244\224\020X\367>#\334:p8\277\276"
  93      040E41A4 
  93      941058F7 
  93      3E23DC3A 
  93      7038BFBE 
  94 004c F37DE7DE 		.ascii	"\363}\347\336)\222H\001Q\222\210\346\271\203\021\244"
  94      29924801 
  94      519288E6 
  94      B98311A4 
  95 005c A30E51DA 		.ascii	"\243\016Q\332&\001\"\321m\240\224\204\024\016Y\211\241"
  95      260122D1 
  95      6DA09484 
  95      140E5989 
  95      A1
  96 006d 9D7BB996 		.ascii	"\235{\271\226\034U\235[\2534\220\367\365\354\254\301"
  96      1C559D5B 
  96      AB3490F7 
  96      F5ECACC1 
  97 007d 88CADC85 		.ascii	"\210\312\334\205\241\012\007q\330\363\325\350xF\266"
  97      A10A0771 
  97      D8F3D5E8 
  97      7846B6
  98 008c 8CFB3883 		.ascii	"\214\3738\203\314%\250\371\204\226>\372\316\351\255"
  98      CC25A8F9 
  98      84963EFA 
  98      CEE9AD
  99 009b BB0ABE36 		.ascii	"\273\012\2766\370(\317]h\024\230$\"\353\241=\030\366"
  99      F828CF5D 
  99      68149824 
ARM GAS  C:\Users\CYIRKO~1\AppData\Local\Temp\ccKYiCDC.s 			page 7


  99      22EBA13D 
  99      18F6
 100 00ad 6E8ACA1F 		.ascii	"n\212\312\037Ef\2544\224\231ISf\230\244\3079d\316_\203"
 100      4566AC34 
 100      94994953 
 100      6698A4C7 
 100      3964CE5F 
 101 00c2 CC9BC56C 		.ascii	"\314\233\305l\373\321z\300\014\006\023\323\251\177\276"
 101      FBD17AC0 
 101      0C0613D3 
 101      A97FBE
 102 00d1 4D8F4BC1 		.ascii	"M\217K\301a\341\255J\343\343\336f\340\024\006\223p\011"
 102      61E1AD4A 
 102      E3E3DE66 
 102      E0140693 
 102      7009
 103 00e3 3B2E6027 		.ascii	";.`'\201\255=\014\372V\265\256g\322z\267\332\237{\347"
 103      81AD3D0C 
 103      FA56B5AE 
 103      67D27AB7 
 103      DA9F7BE7 
 104 00f7 5B0C7518 		.ascii	"[\014u\0308\341\007\232\"h@\235\324\340w\240\311\267"
 104      38E1079A 
 104      2268409D 
 104      D4E077A0 
 104      C9B7
 105 0109 5FB1D72D 		.ascii	"_\261\327-\334.\210\333\314\017\310\363\001\177\211"
 105      DC2E88DB 
 105      CC0FC8F3 
 105      017F89
 106 0118 44A4ACAF 		.ascii	"D\244\254\257\372\327\302\221\355\2107\221\014Eb\376"
 106      FAD7C291 
 106      ED883791 
 106      0C4562FE 
 107 0128 A0C8639A 		.ascii	"\240\310c\232seY\215ijx+\252j\361\240\210\001-\241\004"
 107      7365598D 
 107      696A782B 
 107      AA6AF1A0 
 107      88012DA1 
 108 013d C9F52F7C 		.ascii	"\311\365/|'\026Oh\252\327\347YZT\335n\227\352\333\364"
 108      27164F68 
 108      AAD7E759 
 108      5A54DD6E 
 108      97EADBF4 
 109 0151 EC3A7F09 		.ascii	"\354:\177\011\002\321hH\011\323\017\206\007\216\322"
 109      02D16848 
 109      09D30F86 
 109      078ED2
 110              		.text
 111              		.section	.gnu.lto_stSetAlarm.15b8dd47,"",%progbits
 112 0000 789C8552 		.ascii	"x\234\205RMh\023A\024~\337N\262\033\242R\021\017\202"
 112      4D681341 
 112      147EDF4E 
 112      B21BA252 
 112      110F82
 113 0013 3988504A 		.ascii	"9\210PJ=d\211\202\177W+\"\264\247\366X(m*$\020\2114"
 113      3D648982 
ARM GAS  C:\Users\CYIRKO~1\AppData\Local\Temp\ccKYiCDC.s 			page 8


 113      7F572B22 
 113      B4A7F658 
 113      286D2A24 
 114 002a D1633B5D 		.ascii	"\321c;][\203-T/&\355a\335b\224jl\232\244*(^\226\340"
 114      5B832D54 
 114      2F26ED61 
 114      DD62946A 
 114      6C9AA42A 
 115 0042 CF455BE8 		.ascii	"\317E[\350\305\203\021D\254\340A,\365'\210\220\370f"
 115      C5831144 
 115      ACE0412C 
 115      F5278890 
 115      F866
 116 0054 53454F0E 		.ascii	"SEO\016\314\274\237\371\3367\337{\214\2374\332\245\021"
 116      CCBC9FF9 
 116      DE37DF7B 
 116      8C9F34DA 
 116      A511
 117 0066 5944B497 		.ascii	"YD\264\2277\004A\273\272B4\036\320\000\345\310\000h"
 117      370441BB 
 117      BA42341E 
 117      D000E5C8 
 117      0068
 118 0078 4CC318AE 		.ascii	"L\303\030\256\210\234@5\363\341\221\326\271 y\271\271"
 118      889C4035 
 118      F3E191D6 
 118      B92079B9 
 118      B9
 119 0089 B271494E 		.ascii	"\262qIN\356q\004\321\034o\265\260\200NF=m\326\335\266"
 119      EE7104D1 
 119      1C6FB5B0 
 119      804E463D 
 119      6DD6DDB6 
 120 009d 19E10840 		.ascii	"\031\341\010@\343pm\343\205\275M\205\032vr\370\263P"
 120      E3706DE3 
 120      85BD4D85 
 120      1A7672F8 
 120      B350
 121 00af AEB58908 		.ascii	"\256\265\211\010\210\375\315\353\356\376\216[RZ\322"
 121      88FDCDEB 
 121      EEFE8E5B 
 121      525AD2
 122 00be AD5D1472 		.ascii	"\255]\024r\267#\004\012\020\314\207;\010\3416B\304)"
 122      B723040A 
 122      10CC873B 
 122      08E13642 
 122      C429
 123 00d0 C25D7428 		.ascii	"\302]t(\370\273J\343\332\016\335\227\377\375$\026\241"
 123      F8BB4AE3 
 123      DA0EDD97 
 123      FFFD2416 
 123      A1
 124 00e1 836D690D 		.ascii	"\203mi\015\256l43\322}\177\023\217O\371Y;W\010\256\365"
 124      AE6C3433 
 124      D27D7F13 
 124      8F4FF959 
 124      3B5708AE 
ARM GAS  C:\Users\CYIRKO~1\AppData\Local\Temp\ccKYiCDC.s 			page 9


 125 00f6 114D3152 		.ascii	"\021M1Ru2-4e\305:4\305u\331\235z\022\024\307<\031\257"
 125      75322D34 
 125      65C53A34 
 125      C575D99D 
 125      7A1214C7 
 126 010d 5EDBB960 		.ascii	"^\333\271`{\336\323\361\314\336>+]k\237\222R\374W\212"
 126      7BDED3F1 
 126      CCDE3E2B 
 126      5D6B9F92 
 126      52FC578A 
 127 0121 D7E212DA 		.ascii	"\327\342\022\332mf\372\010k3\363y\365\333\015\343\217"
 127      6D66FA08 
 127      6B33F379 
 127      F5DB0DE3 
 127      8F
 128 0132 AE89D658 		.ascii	"\256\211\326X\036\032B\201<qs\002\177\351&\224\2403"
 128      1E1A4281 
 128      3C717302 
 128      7FE92694 
 128      A033
 129 0144 4519BA2D 		.ascii	"E\031\272-D\213\245\232\375\321X\314\035U9\006f'\253"
 129      448BA59A 
 129      FDD158CC 
 129      1D553906 
 129      6627AB
 130 0157 AB861A95 		.ascii	"\253\206\032\225\337\253[)\3267\202\255Pq\3738\225_"
 130      DFAB5B29 
 130      D63782AD 
 130      5071FB38 
 130      955F
 131 0169 FAFE3CE0 		.ascii	"\372\376<\340\300\206#t,\263\260\212\022\306\027\205"
 131      C0862374 
 131      2CB3B08A 
 131      12C61785 
 132 0179 975FBF18 		.ascii	"\227_\277\030fQN\214\313\371QG\030\270\007\007\263\334"
 132      66514E8C 
 132      CBF95147 
 132      18B80707 
 132      B3DC
 133 018b BBF72803 		.ascii	"\273\367(\003\232\331\312\033=R\362\000\313\\\036\300"
 133      9AD9CA1B 
 133      3D52F200 
 133      CB5C1EC0 
 134 019b 7D983810 		.ascii	"}\2308\020\332B\340\001\"\254\212\326a\275\235\256E"
 134      DA42E001 
 134      22AC8AD6 
 134      61BD9DAE 
 134      45
 135 01ac BDD1AA36 		.ascii	"\275\321\2526\350\023\254\371\372\014T\302\233\300\024"
 135      E813ACF9 
 135      FA0C54C2 
 135      9BC014
 136 01bb F7C473E4 		.ascii	"\367\304s\344_\023>y\274\377D,>\024\357M\237\037\216"
 136      5F133E79 
 136      BCFF442C 
 136      3E14EF4D 
 136      9F1F8E
ARM GAS  C:\Users\CYIRKO~1\AppData\Local\Temp\ccKYiCDC.s 			page 10


 137 01ce 27FBA3CA 		.ascii	"'\373\243\312O\246\"G\016\233\311\224\031\033L\230\251"
 137      4FA62247 
 137      0E9BC994 
 137      191B4C98 
 137      A9
 138 01df 91A8B203 		.ascii	"\221\250\262\003\251t8J\306\340P*\035?{\306\247\216"
 138      A974384A 
 138      C6E0502A 
 138      1D3F7BC6 
 138      A78E
 139 01f1 AEFFD69E 		.ascii	"\256\377\326\236K\216\244Sfo_\317\241\203fww\227\331"
 139      4B8EA453 
 139      666F5FCF 
 139      A1836677 
 139      7797D9
 140 0204 77BAE742 		.ascii	"w\272\347Bd\213m \221\030\016\307\350\027K\002\327@"
 140      648B6D20 
 140      91180EC7 
 140      E8174B02 
 140      D740
 141              		.text
 142              		.section	.gnu.lto_stGetAlarm.15b8dd47,"",%progbits
 143 0000 789C8590 		.ascii	"x\234\205\220MH\033Q\024\205\357\231\233\314\214\212"
 143      4D481B51 
 143      1485EF99 
 143      9BCC8C8A 
 144 0010 B46B0DB8 		.ascii	"\264k\015\270\326E\206(X\350\266\026\021\324\215.\005"
 144      D6458628 
 144      58E8B616 
 144      11D48D2E 
 144      05
 145 0021 B1719140 		.ascii	"\261q\221@ \305\211\335\372\014Zi\013*\202F\2210B\204"
 145      20C589DD 
 145      FA0C5A69 
 145      0B2A8246 
 145      91304284 
 146 0035 F8D318B3 		.ascii	"\370\323\030\263u!\203 \335\264*\356\013R\334dQ\010"
 146      75218320 
 146      DDB42AEE 
 146      0B52DC64 
 146      5108
 147 0047 2A5A518C 		.ascii	"*ZQ\214\367E)\335\365\301\373\271\227\217s\317yA2\350"
 147      F74529DD 
 147      F5C1FBB9 
 147      978F73CF 
 147      794132E8 
 148 005b 2388C689 		.ascii	"#\210\306\211\250Y6\230`\314\037\021M\332\006\240\037"
 148      A8593698 
 148      60CC1F11 
 148      4DDA06A0 
 148      1F
 149 006c CA064D18 		.ascii	"\312\006M\030\230\300\034g\030\207\325\033\377\305,"
 149      98C01C67 
 149      1887D51B 
 149      FFC52C
 150 007b 7B1A93F2 		.ascii	"{\032\223\362\264\362=\333\240K\340\245\224[\353\305"
 150      B4F23DDB 
ARM GAS  C:\Users\CYIRKO~1\AppData\Local\Temp\ccKYiCDC.s 			page 11


 150      A04BE0A5 
 150      945BEBC5 
 151 008b 0BBB35AF 		.ascii	"\013\2735\257TZ\371\231\212\265\272{\242\202\036\033"
 151      545AF999 
 151      8AB5BA7B 
 151      A2821E1B 
 152 009b B422F806 		.ascii	"\264\"\370\006B\310#\244gl\242\225\204\376UzXl4\003"
 152      42C823A4 
 152      676CA295 
 152      84FE557A 
 152      586C3403 
 153 00af 39260D48 		.ascii	"9&\015H\177\013\246X\241\342)|\365P\235Q\376y\016w\335"
 153      7F0BA658 
 153      A1E2297C 
 153      F5509D51 
 153      FE790E77 
 154 00c4 01833C66 		.ascii	"\001\203<f\226#@\364Y@\355\352\213\250\312\315e\034"
 154      962340F4 
 154      5940EDEA 
 154      8BA8CACD 
 154      651C
 155 00d6 ECDF96EF 		.ascii	"\354\337\226\3573\375\177\365\246\224,?\363\307j\252"
 155      33FD7FF5 
 155      A6942C3F 
 155      F3C76AAA 
 156 00e6 09AE30FE 		.ascii	"\011\2560\376\231E\330\206)\223\276\302\314\262\016"
 156      9945D886 
 156      2993BEC2 
 156      CCB20E
 157 00f5 B0347D70 		.ascii	"\2604}pl\351\000\301\032vT\270\251\324?\225Z& \255\334"
 157      6CE900C1 
 157      1A7654B8 
 157      A9D43F95 
 157      5A2620AD 
 158 010a CEF537DB 		.ascii	"\316\3657\333C\026\036\233\330\221\020\005\035B\207"
 158      43161E9B 
 158      D8911005 
 158      1D4287
 159 0119 FD717569 		.ascii	"\375qui9\00555\251\316\362\227-\013u\036[(\302\303\262"
 159      39053535 
 159      A9CEF297 
 159      2D0B751E 
 159      5B28C2C3 
 160 012e 78ACCD11 		.ascii	"x\254\315\021\250\272T\372iF\212\032Z\3333<\266\261"
 160      A8BA54FA 
 160      69468A1A 
 160      5ADB333C 
 160      B6B1
 161 0140 0B076DA1 		.ascii	"\013\007m\241g\002%D\250\214\364\305\314&?\231b\361"
 161      67022544 
 161      A88CF4C5 
 161      CC263F99 
 161      62F1
 162 0152 45BF913E 		.ascii	"E\277\221>\373t\317\332\277t\344K$7t^\203(\374\366\365"
 162      FB74CFDA 
 162      BF74E44B 
 162      2437745E 
ARM GAS  C:\Users\CYIRKO~1\AppData\Local\Temp\ccKYiCDC.s 			page 12


 162      8328FCF6 
 163 0167 D09B58FC 		.ascii	"\320\233X\374]| 5>\032O\016E\365;\351F^u:I\327\211\215"
 163      5D7C2035 
 163      3E1A4F0E 
 163      45F53BE9 
 163      465E753A 
 164 017f 241C772C 		.ascii	"$\034w,\252\357a7\025\216R\327\177\361\367\311\261\224"
 164      AAEF6137 
 164      158E52D7 
 164      7FF1F7C9 
 164      B194
 165 0191 EB0C0CF6 		.ascii	"\353\014\014\366u\264;\275\275]\316`O\337\207\310\263"
 165      75B43BBD 
 165      BD5DCE60 
 165      4FDF87C8 
 165      B3
 166 01a2 C0702231 		.ascii	"\300p\"1\032\216\321#Eq\252\206"
 166      1A8ED123 
 166      4571AA86 
 167              		.text
 168              		.section	.gnu.lto_.symbol_nodes.15b8dd47,"",%progbits
 169 0000 789C55C8 		.ascii	"x\234U\310K\015\200@\014\006\341\351\277\254/\020\305"
 169      4B0D8040 
 169      0C06E1E9 
 169      BFAC2F10 
 169      C5
 170 0011 B92B0101 		.ascii	"\271+\001\001<\023T \002\015(!4\334:\227I\276\212\030"
 170      3C135420 
 170      020D2821 
 170      34DC3A97 
 170      49BE8A18 
 171 0025 8934CB61 		.ascii	"\2114\313a\272!v\265!d\221[\226U\256,\233\274d\331\345"
 171      BA2176B5 
 171      2164915B 
 171      9655AE2C 
 171      9BBC64D9 
 172 003a 5D123BE4 		.ascii	"]\022;\344\365\027h\255\207B\345|^\343\003\325E\035"
 172      F51768AD 
 172      8742E57C 
 172      5EE303D5 
 172      451D
 173 004c 35       		.ascii	"5"
 174              		.text
 175              		.section	.gnu.lto_.refs.15b8dd47,"",%progbits
 176 0000 789C6365 		.ascii	"x\234ce`b`d\000\002\000\000I\000\011"
 176      60626064 
 176      00020000 
 176      490009
 177              		.text
 178              		.section	.gnu.lto_.decls.15b8dd47,"",%progbits
 179 0000 789CB557 		.ascii	"x\234\265W}LT\331\025\177\367\335\031\204\001\324\035"
 179      7D4C54D9 
 179      157FF7DD 
 179      198401D4 
 179      1D
 180 0011 ADB5A94D 		.ascii	"\255\265\251M\211A!M\027\004]M\366\017\243;Z\273\311"
 180      8941214D 
ARM GAS  C:\Users\CYIRKO~1\AppData\Local\Temp\ccKYiCDC.s 			page 13


 180      17045D4D 
 180      F60FA33B 
 180      5ABBC9
 181 0024 EA36A3DD 		.ascii	"\3526\243\3354)\315\004a\\I\370\260\314\320d\323?\366"
 181      3429CD04 
 181      615C49F8 
 181      B0CCD064 
 181      D33FF6
 182 0037 C9B0C2A2 		.ascii	"\311\260\302\242\253\242\200\002* \202(( \012\"\242"
 182      ABA28002 
 182      2A208228 
 182      28200A22 
 182      A2
 183 0048 23288B08 		.ascii	"#(\213\010.\213\037\210(\340\347\212\037\210\370\205"
 183      2E8B1F88 
 183      28E0E78A 
 183      1F88F885 
 184 0058 F841CFFD 		.ascii	"\370A\317\375x\363\236\317\301m\233\366\2053\334s\357"
 184      78F39ECF 
 184      C16D9BF6 
 184      8533DC73 
 184      EF
 185 0069 EFFCCEB9 		.ascii	"\357\374\316\271\347\334\373\356}zA\024\012\215\202"
 185      E7DCFBEE 
 185      7D7A4114 
 185      0A8D82
 186 0078 30110B42 		.ascii	"0\021\013B9\022\204\021x<\004A\330'(\017\321\367\203"
 186      39128411 
 186      783C0441 
 186      D827280F 
 186      D1F783
 187 008b D4811C07 		.ascii	"\324\201\034\0079\001r\022\244Qx\367\371\033p\000\225"
 187      39017212 
 187      A45178F7 
 187      F91B7000 
 187      95
 188 009c F005C869 		.ascii	"\360\005\310i\025\217\3109\334\331\374\023l\274\270"
 188      158FC839 
 188      DCD9FC13 
 188      6CBCB8
 189 00ab 0D84224C 		.ascii	"\015\204\"L\0049\002\022\000\362\013\030\233\010r\013"
 189      04390212 
 189      00F20B18 
 189      9B08720B 
 190 00bb DA1D02E3 		.ascii	"\332\035\002\343\376\000t\021D\217\030/\211\353\227"
 190      FE007411 
 190      448F182F 
 190      89EB97
 191 00ca D0863F61 		.ascii	"\320\206?a:z\233\373k\320u\234[\346\"<\004&\333\223"
 191      3A7A9BFB 
 191      6BD0759C 
 191      5BE6223C 
 191      0426DB93 
 192 00de 39056AEC 		.ascii	"9\005j\354\310\343\370\017\342Br\\<?\277\343\361\204"
 192      C8E3F80F 
 192      E242725C 
 192      3C3FBFE3 
ARM GAS  C:\Users\CYIRKO~1\AppData\Local\Temp\ccKYiCDC.s 			page 14


 192      F184
 193 00f0 6A78BFE5 		.ascii	"jx\277\345\234Z\276\351?\303I\362=\213s\316\326pn\301"
 193      9C5ABEE9 
 193      3FC349F2 
 193      3D8B73CE 
 193      D6706EC1 
 194 0104 A8EABB93 		.ascii	"\250\352\273\223ub7\272\202\000\213\306\323^\204\330"
 194      756237BA 
 194      82008BC6 
 194      D35E84D8 
 195 0114 2FA242D5 		.ascii	"/\242B\325\021\371A\210\366C\257(pR\271\013\311\026"
 195      11F94188 
 195      F643AF28 
 195      7052B90B 
 195      C916
 196 0126 5C17B92A 		.ascii	"\\\027\271*rJ\372\307\215\221\212\221\0153O\362\303"
 196      724AFAC7 
 196      8D918A91 
 196      0D334FF2 
 196      C3
 197 0137 E6C01AD4 		.ascii	"\346\300\032\324L\266F\242\342\000!\265\201\212\220"
 197      4CB646A2 
 197      E20021B5 
 197      818A90
 198 0146 85CDC75D 		.ascii	"\205\315\307]\361\011\312\344\220<\373GY-\267\015=\350"
 198      F109CAE4 
 198      903CFB47 
 198      592DB70D 
 198      3DE8
 199 0158 2AE9CD9B 		.ascii	"*\351\315\233\207h_\362\201\376\036=\206e\002\355\236"
 199      87685FF2 
 199      81FE1E3D 
 199      866502ED 
 199      9E
 200 0169 17C57F08 		.ascii	"\027\305\177\010*\225\330\343\371+%m\247F\236;\307\255"
 200      2A95D8E3 
 200      F92B256D 
 200      A7469E3B 
 200      C7AD
 201 017b C7C86840 		.ascii	"\307\310h@\"\250\355\003-\333\275A\235h@\343A\035Z}"
 201      22A8ED03 
 201      2DDBBD41 
 201      9D6840E3 
 201      411D5A7D 
 202 018f E1846172 		.ascii	"\341\204ar&\265rH\343E\364\305$T\212\246\240\0224\005"
 202      26B57248 
 202      E345F4C5 
 202      24548AA6 
 202      A0123405 
 203 01a3 9CEF4393 		.ascii	"\234\357C\223\341w\271\21619\0237\357\03335O\312\353"
 203      E177B98E 
 203      31391337 
 203      EF1B3335 
 203      4FCAEB
 204 01b6 959C1D89 		.ascii	"\225\234\035\211\277\315tH\305`\345GPh\017\302h/\012"
 204      BFCD7448 
 204      C560E547 
ARM GAS  C:\Users\CYIRKO~1\AppData\Local\Temp\ccKYiCDC.s 			page 15


 204      50680FC2 
 204      682F0A
 205 01c9 22114313 		.ascii	"\"\021C\023~\213Q\017B\273Q7\314g?\232\012\326\216\322"
 205      7E8B510F 
 205      42BB5137 
 205      CC673F9A 
 205      0AD68ED2 
 206 01dd CBA97A3C 		.ascii	"\313\251z<\237\006[8\374r\000C\020\323\015hd\004CG\331"
 206      9F065B38 
 206      FC720043 
 206      10D30D68 
 206      64044347 
 207 01f2 FD9A17BE 		.ascii	"\375\232\027\276\254\203\214\037?s\272\310\007/!mqc"
 207      AC838C1F 
 207      3F73BAC8 
 207      072F216D 
 207      7163
 208 0204 7EC95A2F 		.ascii	"~\311Z/d\010L\221\244D\022\243>PpE\210\016\242@bC<\243"
 208      64084C91 
 208      A44412A3 
 208      3E507045 
 208      880EA240 
 209 021c 0AE82C87 		.ascii	"\012\350,\207\316\"2\027\347\0179\323\267$K\222\210"
 209      CE223217 
 209      E70F39D3 
 209      B7244B92 
 209      88
 210 022d 2A91011D 		.ascii	"*\221\001\035P\242\233n`\2239\226\326u\333\200\235\210"
 210      50A29B6E 
 210      60933996 
 210      D675DB80 
 210      9D88
 211 023f FA78E5C8 		.ascii	"\372x\345\310|\250C\201\006nZ\023z\362\033bZ\015\246"
 211      7CA84381 
 211      066E5A13 
 211      7AF21B62 
 211      5A0DA6
 212 0252 87145360 		.ascii	"\207\024S`\202\177n\343\250r\023\0078\331p\250\353\325"
 212      827F6EE3 
 212      A8721307 
 212      38D970A8 
 212      EBD5
 213 0264 385C482B 		.ascii	"8\\H+$\026o\317y\340\341r2\322:\253\210:9\002N\016+"
 213      24166FCF 
 213      79E0E172 
 213      32D23AAB 
 213      883A3902 
 214 027b 4EAA4777 		.ascii	"N\252GwR\343\336\311\276\023\316\026_\035\331\024\204"
 214      52E3DEC9 
 214      BE13CE16 
 214      5F1DD914 
 214      84
 215 028c 0A8A45FA 		.ascii	"\012\212E\372\034#)cG-\353QZ\326Z\304\353\352\350L\253"
 215      1C232963 
 215      472DEB51 
 215      5AD65AC4 
 215      EBEAE84C 
ARM GAS  C:\Users\CYIRKO~1\AppData\Local\Temp\ccKYiCDC.s 			page 16


 216 02a1 50EA1A70 		.ascii	"P\352\032p\355\200$Ad\222\216\340P\231\022Z\231\266"
 216      ED802441 
 216      64928EE0 
 216      5099125A 
 216      99B6
 217 02b3 B075B4B0 		.ascii	"\260u\264\260\247_\036\030\213o\261U\3307T\334\350\303"
 217      A75F1E18 
 217      8B6FB155 
 217      D83754DC 
 217      E8C3
 218 02c5 A9DA7F9D 		.ascii	"\251\332\177\235%9a\0260G\262B\216)D\307\264D\307)\321"
 218      25396116 
 218      3047B242 
 218      8E2944C7 
 218      B444C729 
 219 02da A6CAE7B9 		.ascii	"\246\312\347\271z\374\2101\015\377t\246\336\2033\325"
 219      7AFC8831 
 219      0DFF74A6 
 219      DE8333D5 
 220 02ea FFC6C544 		.ascii	"\377\306\305DBr*LN-\323\011\312T\372\244\355\200/~\305"
 220      42722A4C 
 220      4E2DD309 
 220      CA54FAA4 
 220      ED802F7E 
 221 02ff 988A4B0A 		.ascii	"\230\212K\012%ou.H\232\224d4\274\265\306\273\012\013"
 221      256F752E 
 221      489A9464 
 221      34BCB5C6 
 221      BB0A0B
 222 0312 4A64B78D 		.ascii	"Jd\267\215\271\223\322\3445\016(T\257\370\255\327\372"
 222      B993D2E4 
 222      350E2854 
 222      AFF8ADD7 
 222      FA
 223 0323 3D49FD3E 		.ascii	"=I\375>Z\3670o\034N\306\324on\345\372\015\276@\325\013"
 223      5AF7306F 
 223      1C4EC6D4 
 223      6F6EE5FA 
 223      0DBE40D5 
 224 0338 D5EEB9FB 		.ascii	"\325\356\271\373\373\334\362\233R\212\201\356)tJa:E"
 224      FBDCF29B 
 224      528A81EE 
 224      29744A61 
 224      3A45
 225 034a 9848A391 		.ascii	"\230H\243\2212\374\230T\276\015\263\335\252#\204\255"
 225      32FC9854 
 225      BE0DB3DD 
 225      AA2384AD 
 226 035a D937C6B2 		.ascii	"\3317\306\262\335\352G6\371PG\267\217O*Y\034\033\035"
 226      DDEA4736 
 226      F95047B7 
 226      8F4F2A59 
 226      1C1B1D
 227 036d 92D71F29 		.ascii	"\222\327\037)Y\023L\345{:\225\323\310G\246\205&\340"
 227      59134CE5 
 227      7B3A95D3 
 227      C847A685 
ARM GAS  C:\Users\CYIRKO~1\AppData\Local\Temp\ccKYiCDC.s 			page 17


 227      26E0
 228 037f ABAF651C 		.ascii	"\253\257e\034\367bl\227HH\331\265O\232\365L\367$\303"
 228      F7626C97 
 228      4848D9B5 
 228      4F9AF54C 
 228      F724C3
 229 0392 FD25D5BE 		.ascii	"\375%\325\276\214\335I\206\317\335\316O\362a\303mDo"
 229      8CDD4986 
 229      CFDDCE4F 
 229      F261C36D 
 229      446F
 230 03a4 B8F8FD80 		.ascii	"\270\370\375\200\016_b\323\271\332\264\247\204D\026"
 230      0E5F62D3 
 230      B9DAB4A7 
 230      844416
 231 03b3 40F6ECC8 		.ascii	"@\366\354\310\3108\325\256\015`\273\266}\303\340\256"
 231      C838D5AE 
 231      0D60BBB6 
 231      7DC3E0AE 
 232 03c3 31B89BC2 		.ascii	"1\270\233\302\305\254\346\216z\325\226\312\231\2335"
 232      C5ACE68E 
 232      7AD596CA 
 232      999B35
 233 03d2 48F2780E 		.ascii	"H\362x\016r\377\2432\373\000\327b\247\363\021\\\223"
 233      72FFA332 
 233      FB00D762 
 233      A7F3115C 
 233      93
 234 03e3 41EDB0D8 		.ascii	"A\355\260\330\003\370bo\203\316\037\330b\337\263+m\247"
 234      03F8626F 
 234      83CE1FD8 
 234      62DFB32B 
 234      6DA7
 235 03f5 07EE633E 		.ascii	"\007\356c>\032\217u]\322\311\257\006-\301E7\004\362"
 235      1A8F755D 
 235      D2C9AF06 
 235      2DC14537 
 235      04F2
 236 0407 FE9EDA48 		.ascii	"\376\236\332H\267\336\005\010\346\274\022\3149\304\337"
 236      B7DE0508 
 236      E6BC12CC 
 236      39C4DF
 237 0416 0D29A5EB 		.ascii	"\015)\245\353\033\260!\205,\227\177\207\025,ZZ^\266"
 237      1BB02185 
 237      2C977F87 
 237      152C5A5A 
 237      5EB6
 238 0428 EAF120CB 		.ascii	"\352\361 \313\324\332S\207\032y\015\233\210\236~\244"
 238      D4DA5387 
 238      1A790D9B 
 238      889E7EA4 
 239 0438 A1D61B3F 		.ascii	"\241\326\033?e\2037R\2577x\340a\246\310\0050\362\002"
 239      65833752 
 239      AF3778E0 
 239      61A6C805 
 239      30F202
 240 044b E4763D6D 		.ascii	"\344v=mF\370\015\033\254\255>\332\310\2135C\365\342"
ARM GAS  C:\Users\CYIRKO~1\AppData\Local\Temp\ccKYiCDC.s 			page 18


 240      46F80D1B 
 240      ACAD3EDA 
 240      C88B3543 
 240      F5E2
 241 045d 36B21777 		.ascii	"6\262\027w\325\355\323\215\006V;\011\201^\327~e\036"
 241      D5EDD38D 
 241      06563B09 
 241      815ED77E 
 241      651E
 242 046f 76E8A865 		.ascii	"v\350\250e\375`\371n^G\362rM\311\032l\033G\246#\361"
 242      FD60F96E 
 242      5E47F272 
 242      4DC91A6C 
 242      1B47A623 
 243 0484 55430273 		.ascii	"UC\002s-\232\033d\326(x\012\272\316\246\3229t\352\262"
 243      2D9A1B64 
 243      D628780A 
 243      BACEA6D2 
 243      3974EAB2 
 244 0498 DEB891A2 		.ascii	"\336\270\221\242\241b:\232\245^\200\367P\370Md\224\215"
 244      A1623A9A 
 244      A55E80F7 
 244      50F84D64 
 244      948D
 245 04aa E8E992D1 		.ascii	"\350\351\222\321?V\015\356x\037x\177A\341\026\003Nf"
 245      3F560DEE 
 245      781F787F 
 245      41E11603 
 245      4E66
 246 04bc 41E63CBE 		.ascii	"A\346<\276\332\307\327f \250E\317j\035\236x-\033\333"
 246      DAC7D766 
 246      20A845CF 
 246      6A1D9E78 
 246      2D1BDB
 247 04cf 7C6C7BEB 		.ascii	"|l{\353\030\274\201)\362\0360\262=\220\330\361\011\336"
 247      18BC8129 
 247      F21E30B2 
 247      3D90D8F1 
 247      09DE
 248 04e1 CC468EA7 		.ascii	"\314F\216\247m\272\0123dJ\177\322\255^\236\237\311\240"
 248      6DBA0A33 
 248      644A7FD2 
 248      AD5E9E9F 
 248      C9A0
 249 04f3 669CB917 		.ascii	"f\234\271\027\200\267\261\2417M\015\001x'k7V\025\357"
 249      80B7B1A1 
 249      374D0D01 
 249      78276B37 
 249      5615EF
 250 0506 46B89829 		.ascii	"F\270\230)\203\331\215\367\014\270\224)y\355\333\016"
 250      83D98DF7 
 250      0CB89429 
 250      79EDDB0E 
 251 0516 7BE232A6 		.ascii	"{\3422\246\024\015e\302\011t\220)\347k.\244x\343\032"
 251      140D65C2 
 251      09749029 
 251      E76B2EA4 
ARM GAS  C:\Users\CYIRKO~1\AppData\Local\Temp\ccKYiCDC.s 			page 19


 251      78E31A
 252 0529 A6A45454 		.ascii	"\246\244TTl\365\306uLI\254\355L\343\207k/\321o\026\336"
 252      6CF5C675 
 252      4C49ACED 
 252      4CE3876B 
 252      2FD16F16 
 253 053e CCF3E255 		.ascii	"\314\363\342U\361\000=\265\275\3459\302'\0308\265\352"
 253      F1003DB5 
 253      BDE539C2 
 253      271838B5 
 253      EA
 254 054f 5CB76ED4 		.ascii	"\\\267n\324:\274\220\3530\203\226!\243.\343\320Xm\031"
 254      3ABC90EB 
 254      30839621 
 254      A32EE3D0 
 254      586D19
 255 0562 5A007D86 		.ascii	"Z\000}\206\242\207if_\310\231m\273UP\250\323\326a4\364"
 255      A2876966 
 255      5FC8996D 
 255      BB5550A8 
 255      D3D66134 
 256 0577 A487A927 		.ascii	"\244\207\251'\236\372\"\177\177\377\011\376\252'\220"
 256      9EFA227F 
 256      7FFF09FE 
 256      AA2790
 257 0586 FEEE9492 		.ascii	"\376\356\224\222\034\222\363\371V|g\337\331uR^=\242"
 257      1C92F3F9 
 257      567C67DF 
 257      D975525E 
 257      3DA2
 258 0598 54906634 		.ascii	"T\220f4\202&(\373\340\012\345m\"\277\0023\271\036\013"
 258      822628FB 
 258      E00AE56D 
 258      22BF0233 
 258      B91E0B
 259 05ab 2FE9244C 		.ascii	"/\351$L\341g\265\360\326w\340\315*x\227\026\336I\341"
 259      E167B5F0 
 259      D677E0CD 
 259      2A789716 
 259      DE49E1
 260 05be 21049DC6 		.ascii	"!\004\235\306\3474O'\240\3470\376\214\016\0214\354A"
 260      E7344F27 
 260      A0E730FE 
 260      8C0E1134 
 260      EC41
 261 05d0 B44E0C44 		.ascii	"\264N\014D\253E\177$\201\244\200|\003\222\010\262\021"
 261      AB457F24 
 261      81A4807C 
 261      039208B2 
 261      11
 262 05e1 2409642D 		.ascii	"$\011d-\310\032\220oA\276\003Y\017\222\014\222\006\362"
 262      C81A906F 
 262      41BE0359 
 262      0F920C92 
 262      06F2
 263 05f3 0AF9A337 		.ascii	"\012\371\2437 \251\320v\200\274\206\366\006\321\237"
 263      20A9D076 
ARM GAS  C:\Users\CYIRKO~1\AppData\Local\Temp\ccKYiCDC.s 			page 20


 263      80BC86F6 
 263      06D19F
 264 0602 BE8D598C 		.ascii	"\276\215Y\214\227\243\225\030\237hc\014\326\316\250"
 264      97A39518 
 264      9F68630C 
 264      D6CEA8
 265 0611 5D857EEA 		.ascii	"]\205~\352\026\035\242\200\007U\340GZp\017\322\240/"
 265      161DA280 
 265      0755E047 
 265      5A700FD2 
 265      A02F
 266 0623 AB9275C9 		.ascii	"\253\222u\311}nU\350\372\030\005\375P\213~\240E\337"
 266      7D6E55E8 
 266      FA1805FD 
 266      508B7EA0 
 266      45DF
 267 0635 554532A8 		.ascii	"UE2\250E\237y\247n\355*\362\373Z\370]-\371\240\012}"
 267      459F79A7 
 267      6EED2AF2 
 267      FB5AF85D 
 267      2DF9A00A 
 268 064a 5B8BEED6 		.ascii	"[\213\356\326\242\257\253By\354>\024uRT\334\367\334"
 268      A2AFAB42 
 268      79EC3E14 
 268      755254DC 
 268      F7DC
 269 065c 47F256E0 		.ascii	"G\362V\340\252\034^v\277\340\336Z\237*\366~\367Idpv"
 269      AA1C5E76 
 269      BFE0DE5A 
 269      9F2AF67E 
 269      F7496470 
 270 0671 A69CBD6F 		.ascii	"\246\234\275o\\-I\210\300\004~\236(\353\350\366\003"
 270      5C2D4988 
 270      C0047E9E 
 270      28EBE8F6 
 270      03
 271 0682 E36687D4 		.ascii	"\343f\207\3244\203\222\365i\311~z\247\"*\327w\334\243"
 271      348392F5 
 271      69C97E7A 
 271      A7222AD7 
 271      77DCA3
 272 0695 5D91AE06 		.ascii	"]\221\256\006x\354j\012\177\211\214h\210\303\345\255"
 272      78EC6A0A 
 272      7F898C68 
 272      88C3E5AD 
 273 06a5 8F9AB5E4 		.ascii	"\217\232\265\344\303\252\034\017\270_xj\362\341\030"
 273      C3AA1C0F 
 273      B85F786A 
 273      F2E118
 274 06b4 467E0BC8 		.ascii	"F~\013\310\257q\270\374~\347\005dprCh\271X<\026\247"
 274      AF71B8FC 
 274      7EE70564 
 274      70724368 
 274      B9583C16 
 275 06c9 EAE9D95C 		.ascii	"\352\351\331\\\277\343h\026\234\377\023Xz\236\365{\300"
 275      BFE36816 
 275      9CFF1358 
ARM GAS  C:\Users\CYIRKO~1\AppData\Local\Temp\ccKYiCDC.s 			page 21


 275      7A9EF57B 
 275      C0
 276 06da 57094A17 		.ascii	"W\011J\027'\240M\242\353\300%\311r\277\303\321f\330"
 276      27A04DA2 
 276      EBC025C9 
 276      72BFC3D1 
 276      66D8
 277 06ec D8FFEF4D 		.ascii	"\330\377\357MNN\206\276\015\327D\365\205\212D\250\274"
 277      4E4E86BE 
 277      0DD744F5 
 277      858A44A8 
 277      BC
 278 06fd 9333441F 		.ascii	"\2233D\037z7\203\377\000\316\257|\222\355\2133\365\354"
 278      7A3783FF 
 278      00CEAF7C 
 278      92ED8B33 
 278      F5EC
 279 070f 1CBFD8DC 		.ascii	"\034\277\330\334\205\340v\347\354%\267;\377\222K7%\011"
 279      85E076E7 
 279      EC25B73B 
 279      FF924B37 
 279      2509
 280 0721 789210BB 		.ascii	"x\222\020\2736g*\263\204\346\333w\305-\"\271\351\275"
 280      36672AB3 
 280      84E6DB77 
 280      C52D22B9 
 280      E9BD
 281 0733 6C389F67 		.ascii	"l8\237g\300{\030[\301\335\232\006~\326\373\202zegz\241"
 281      C07B185B 
 281      C1DD9A06 
 281      7ED6FB82 
 281      7A65677A 
 282 0748 8E1D2377 		.ascii	"\216\035#w\310p~\353\343L\003\256f\330\227w\322;\021"
 282      C8707EEB 
 282      E34C03AE 
 282      66D89777 
 282      D23B11
 283 075b C392A81A 		.ascii	"\303\222\250\032\356\037|>\372\351\276]\344\247\312"
 283      EE1F7C3E 
 283      FAE9BE5D 
 283      E4A7CA
 284 076a 36911E2B 		.ascii	"6\221\036+\027\206\352\206}\260\2232\351z\013\006\357"
 284      1786EA86 
 284      7DB09332 
 284      E97A0B06 
 284      EF
 285 077b C117C914 		.ascii	"\301\027\311\024\204\014 E\362\307\243\200\362E\003"
 285      840C2045 
 285      F2C7A380 
 285      F24503
 286 078a DA2162F9 		.ascii	"\332!b\371\343;[\002\372\201\257I7\273\254\015\354\224"
 286      E33B5B02 
 286      FA81AF49 
 286      37BBAC0D 
 286      EC94
 287 079c F06401CD 		.ascii	"\360d\001\315\244\207\025\312\205\372\344S?;\305)(\017"
 287      A48715CA 
ARM GAS  C:\Users\CYIRKO~1\AppData\Local\Temp\ccKYiCDC.s 			page 22


 287      85FAE453 
 287      3F3BC529 
 287      280F
 288 07ae 1C6543AD 		.ascii	"\034eC\255I\0178<\334V\223\343\255\234L\210rg\003.K"
 288      490F383C 
 288      DC5693E3 
 288      AD9C4C88 
 288      7267032E 
 289 07c3 24F11588 		.ascii	"$\361\025\210F9J\202\336\330\232\237\343"
 289      46394A82 
 289      DED89A9F 
 289      E3
 290 07d0 65E03E52 		.ascii	"e\340>R\336\353\003\320\225\235k\266z\251\271w\275\217"
 290      DEEB03D0 
 290      959D6BB6 
 290      7AA9B977 
 290      BD8F
 291 07e2 FBD8DDEC 		.ascii	"\373\330\335\354s\342\264\002\251\315\011\2379\365\001"
 291      73E2B402 
 291      A9CD099F 
 291      39F501
 292 07f1 15894EC9 		.ascii	"\025\211N\3111\017\025\212F\224\003\305\202o\031\225"
 292      310F158A 
 292      469403C5 
 292      826F1995 
 293 0801 E956E859 		.ascii	"\351V\350Y&\012\250H\234F>\012Fj\362|\361)\226\3765"
 293      260AA848 
 293      9C463E0A 
 293      466AF27C 
 293      F12996FE 
 294 0816 A989151E 		.ascii	"\251\211\025\036\256\302\317*U\025\236\334\306w+\205"
 294      AEC2CF2A 
 294      55159EDC 
 294      C6772B85 
 295 0826 DFAD2D7C 		.ascii	"\337\255-|1-\374\361\276]\331:\334\301\331\366\266\225"
 295      312DFCF1 
 295      BE5DD93A 
 295      DCC1D9F6 
 295      B695
 296 0838 8DE16CCD 		.ascii	"\215\341l\315A\3543'\237}\346\354Q\230\366h\231\366"
 296      41EC3327 
 296      9F7DE6EC 
 296      5198F668 
 296      99F6
 297 084a 52A6A3C5 		.ascii	"R\246\243\305\311\325\006|\2071ut&\325\360e\341\255"
 297      C9D5067C 
 297      87317574 
 297      26D5F065 
 297      E1AD
 298 085c BAFA4FE4 		.ascii	"\272\372O\344W\377\327\003m\257\371\235\320\000\352"
 298      57FFD703 
 298      6DAFF99D 
 298      D000EA
 299 086b 91C4F21E 		.ascii	"\221\304\362\036\375\250\253\246L^5\373Y\242;\327?\273"
 299      FDA8ABA6 
 299      4C5E35FB 
 299      59A23BD7 
ARM GAS  C:\Users\CYIRKO~1\AppData\Local\Temp\ccKYiCDC.s 			page 23


 299      3FBB
 300 087d A2D31671 		.ascii	"\242\323\026q\037d\253\224f\253\234&\272LNtC\347\223"
 300      1F64AB94 
 300      66AB9C26 
 300      BA4C4E74 
 300      43E793
 301 0890 A3BEDAB2 		.ascii	"\243\276\332\262\214\212\276\337\220^\353\345*\313l"
 301      8C8ABEDF 
 301      905EEBE5 
 301      2ACB6C
 302 089f 5E960A5E 		.ascii	"^\226\012^\026\370\236S\231\226\360\262\034\240e\251"
 302      16F89E53 
 302      9996F0B2 
 302      1CA065A9 
 303 08af DA923117 		.ascii	"\332\2221\027?c\263o\330ZY/*U)\033T\252B>\335*\225\\"
 303      3F63B36F 
 303      D85A592F 
 303      2A55291B 
 303      54AA423E 
 304 08c7 566A7379 		.ascii	"Vjsy\220\346r\365\216\335;\306\340d\017\312v\245\264"
 304      90E672F5 
 304      8EDD3BC6 
 304      E0640FCA 
 304      76A5B4
 305 08da 2F7D8C2B 		.ascii	"/}\214+\246\271\232\230N\276\025\323!\036S\2258M\360"
 305      A6B99A98 
 305      4EBE15D3 
 305      211E5395 
 305      384DF0
 306 08ed B0D93F8D 		.ascii	"\260\331?\215\215\262{.Z\362g?SH\210\020\264\360\343"
 306      8DB27B2E 
 306      5AF2673F 
 306      53488810 
 306      B4F0E3
 307 0900 30D3CAA8 		.ascii	"0\323\312\250\345QK\355\011\221Qqa\021\244\035g\013"
 307      E5514BED 
 307      09915171 
 307      6111A41D 
 307      670B
 308 0912 99333B38 		.ascii	"\2313;8\316\026\2742<:\330\026\037A\376[l\366\240\010"
 308      CE16BC32 
 308      3C3AD816 
 308      1F41FE5B 
 308      6CF6A008 
 309 0926 C1C7665F 		.ascii	"\301\307f_j\017\217\267\317\217\016\217\2171X,\011Q"
 309      6A0F8FB7 
 309      CF8F0E8F 
 309      8F31582C 
 309      0951
 310 0938 B1F690D9 		.ascii	"\261\366\220\331\026\373\012\353\307\314\324\306h\354"
 310      16FB0AEB 
 310      C7CCD4C6 
 310      68EC
 311 0946 7171D1B6 		.ascii	"qq\321\266\260/c\023\374h\313\017\320~\326\230\345\326"
 311      B02F6313 
 311      FC68CB0F 
 311      D07ED698 
ARM GAS  C:\Users\CYIRKO~1\AppData\Local\Temp\ccKYiCDC.s 			page 24


 311      E5D6
 312 0958 C8486B64 		.ascii	"\310Hkd\330\354\240\231~\2413B\346\374=$\014\372?\214"
 312      D8ECA099 
 312      7EA13342 
 312      E6FC3D24 
 312      0CFA3F8C 
 313 096c 8D8BB57E 		.ascii	"\215\213\265~h\015_\036\025\026\025\033\021\235\020"
 313      680D5F1E 
 313      1516151B 
 313      119D10
 314 097b 690D8B09 		.ascii	"i\015\213\011\007\256Xk\230%\322\272\"<!\332n\261\177"
 314      07AE586B 
 314      9825D2BA 
 314      223C21DA 
 314      6EB17F
 315 098e B5CA6A0B 		.ascii	"\265\312j\013Z)x\312\376\376\372?\365g\373\312\026\006"
 315      5A2978CA 
 315      FEFEFA3F 
 315      F567FBCA 
 315      1606
 316 09a0 F38B0472 		.ascii	"\363\213\004rp\342\005\252=*\306j\261\177\364\336\344"
 316      70E205AA 
 316      3D2AC66A 
 316      B17FF4DE 
 316      E4
 317 09b1 C4DB8339 		.ascii	"\304\333\2039Ap\304Jb\303\203\364&9\212[\305R\004m\253"
 317      4170C44A 
 317      62C383F4 
 317      26398A5B 
 317      C552046D 
 318 09c6 5D6E2EE2 		.ascii	"]n.\342M@X\242\243#-QP\211\005?[\200Uq\361v[\360\322"
 318      4D4058A2 
 318      A3232D51 
 318      5089053F 
 318      5B805571 
 319 09df 658B6786 		.ascii	"e\213g\206\006\177\366\331\202\340e\237.\376G\010/\011"
 319      067FF6D9 
 319      82E0659F 
 319      2EFE4708 
 319      2F09
 320 09f1 A101977A 		.ascii	"\241\001\227z\223i\261y&\257\307\314P\213\335Sn\210"
 320      9369B179 
 320      26AFC7CC 
 320      508BDD53 
 320      6E88
 321 0a03 9F9B750B 		.ascii	"\237\233u\013\026\3177\343\005&\263\356\223\005\313"
 321      16CF37E3 
 321      0526B3EE 
 321      9305CB
 322 0a12 CCD86432 		.ascii	"\314\330d2c3\310|\263\031\377i\251\011\233\226,\323"
 322      6333C87C 
 322      B319FF69 
 322      A9099B96 
 322      2CD3
 323 0a24 994C0BCD 		.ascii	"\231L\013\315\224#\224\376\206\340\205\213\314\342R"
 323      942394FE 
 323      86E0858B 
ARM GAS  C:\Users\CYIRKO~1\AppData\Local\Temp\ccKYiCDC.s 			page 25


 323      CCE252
 324 0a33 B0FC74A1 		.ascii	"\260\374t\241Y\267t1\240M\346P\220\020@\376\305l\372"
 324      59B77431 
 324      A04DE650 
 324      901040FE 
 324      C56CFA
 325 0a46 2F43B6D9 		.ascii	"/C\266\331cHHQ1,I\\\261\330\215<\0356\262\262,\341$"
 325      63484851 
 325      312C495C 
 325      B1D88D3C 
 325      1D36B2B2 
 326 0a5d 43BE16CB 		.ascii	"C\276\026\313\212\204\330\010\213%h\316\234\217fx\312"
 326      8A84D808 
 326      8B2568CE 
 326      9C8F6678 
 326      CA
 327 0a6e 9A2E6265 		.ascii	"\232.bex\374\007.x\334*\206\036/\367X\335\231\317\221"
 327      78FC072E 
 327      78DC2A86 
 327      1E2FF758 
 327      DD99CF91 
 328 0a82 87BF7437 		.ascii	"\207\277t7<;\344_\227.k^"
 328      3C3BE45F 
 328      972E6B5E 
 329              		.text
 330              		.section	.gnu.lto_.symtab.15b8dd47,"",%progbits
 331 0000 7374496E 		.ascii	"stInit\000"
 331      697400
 332 0007 00       		.ascii	"\000"
 333 0008 00       		.ascii	"\000"
 334 0009 00       		.ascii	"\000"
 335 000a 00000000 		.ascii	"\000\000\000\000\000\000\000\000"
 335      00000000 
 336 0012 AE000000 		.ascii	"\256\000\000\000"
 337 0016 73745374 		.ascii	"stStartAlarm\000"
 337      61727441 
 337      6C61726D 
 337      00
 338 0023 00       		.ascii	"\000"
 339 0024 00       		.ascii	"\000"
 340 0025 00       		.ascii	"\000"
 341 0026 00000000 		.ascii	"\000\000\000\000\000\000\000\000"
 341      00000000 
 342 002e BD000000 		.ascii	"\275\000\000\000"
 343 0032 73745374 		.ascii	"stStopAlarm\000"
 343      6F70416C 
 343      61726D00 
 344 003e 00       		.ascii	"\000"
 345 003f 00       		.ascii	"\000"
 346 0040 00       		.ascii	"\000"
 347 0041 00000000 		.ascii	"\000\000\000\000\000\000\000\000"
 347      00000000 
 348 0049 BF000000 		.ascii	"\277\000\000\000"
 349 004d 73745365 		.ascii	"stSetAlarm\000"
 349      74416C61 
 349      726D00
 350 0058 00       		.ascii	"\000"
ARM GAS  C:\Users\CYIRKO~1\AppData\Local\Temp\ccKYiCDC.s 			page 26


 351 0059 00       		.ascii	"\000"
 352 005a 00       		.ascii	"\000"
 353 005b 00000000 		.ascii	"\000\000\000\000\000\000\000\000"
 353      00000000 
 354 0063 C1000000 		.ascii	"\301\000\000\000"
 355 0067 73744765 		.ascii	"stGetAlarm\000"
 355      74416C61 
 355      726D00
 356 0072 00       		.ascii	"\000"
 357 0073 00       		.ascii	"\000"
 358 0074 00       		.ascii	"\000"
 359 0075 00000000 		.ascii	"\000\000\000\000\000\000\000\000"
 359      00000000 
 360 007d C4000000 		.ascii	"\304\000\000\000"
 361 0081 73745F6C 		.ascii	"st_lld_init\000"
 361      6C645F69 
 361      6E697400 
 362 008d 00       		.ascii	"\000"
 363 008e 02       		.ascii	"\002"
 364 008f 00       		.ascii	"\000"
 365 0090 00000000 		.ascii	"\000\000\000\000\000\000\000\000"
 365      00000000 
 366 0098 C6000000 		.ascii	"\306\000\000\000"
 367              		.text
 368              		.section	.gnu.lto_.opts,"",%progbits
 369 0000 272D666D 		.ascii	"'-fmath-errno' '-fsigned-zeros' '-ftrapping-math' '"
 369      6174682D 
 369      6572726E 
 369      6F272027 
 369      2D667369 
 370 0033 2D666E6F 		.ascii	"-fno-trapv' '-fno-openmp' '-fno-openacc' '-mcpu=cor"
 370      2D747261 
 370      70762720 
 370      272D666E 
 370      6F2D6F70 
 371 0066 7465782D 		.ascii	"tex-m7' '-mno-thumb-interwork' '-mthumb' '-ggdb' '-"
 371      6D372720 
 371      272D6D6E 
 371      6F2D7468 
 371      756D622D 
 372 0099 4F322720 		.ascii	"O2' '-fomit-frame-pointer' '-falign-functions=16' '"
 372      272D666F 
 372      6D69742D 
 372      6672616D 
 372      652D706F 
 373 00cc 2D666675 		.ascii	"-ffunction-sections' '-fdata-sections' '-fno-common"
 373      6E637469 
 373      6F6E2D73 
 373      65637469 
 373      6F6E7327 
 374 00ff 2720272D 		.ascii	"' '-flto'\000"
 374      666C746F 
 374      2700
 375              		.text
 376              		.comm	__gnu_lto_v1,1,1
 377              		.comm	__gnu_lto_slim,1,1
 378              		.ident	"GCC: (GNU Tools for ARM Embedded Processors 6-2017-q1-update) 6.3.1 20170215 (release) [AR
ARM GAS  C:\Users\CYIRKO~1\AppData\Local\Temp\ccKYiCDC.s 			page 27


ARM GAS  C:\Users\CYIRKO~1\AppData\Local\Temp\ccKYiCDC.s 			page 28


DEFINED SYMBOLS
                            *ABS*:00000000 hal_st.c
                            *COM*:00000001 __gnu_lto_v1
                            *COM*:00000001 __gnu_lto_slim

NO UNDEFINED SYMBOLS
