ARM GAS  C:\Users\CYIRKO~1\AppData\Local\Temp\cc31L4zG.s 			page 1


   1              		.cpu cortex-m7
   2              		.eabi_attribute 20, 1
   3              		.eabi_attribute 21, 1
   4              		.eabi_attribute 23, 3
   5              		.eabi_attribute 24, 1
   6              		.eabi_attribute 25, 1
   7              		.eabi_attribute 26, 1
   8              		.eabi_attribute 30, 2
   9              		.eabi_attribute 34, 1
  10              		.eabi_attribute 18, 4
  11              		.file	"hal_pal.c"
  12              		.text
  13              	.Ltext0:
  14              		.section	.gnu.lto_.profile.15b8d46f,"",%progbits
  15 0000 789C6365 		.ascii	"x\234ce`b`a```d\320\220\001\000\000\354\000Q"
  15      60626061 
  15      60606064 
  15      D0900100 
  15      00EC0051 
  16              		.text
  17              		.section	.gnu.lto_.icf.15b8d46f,"",%progbits
  18 0000 789C6365 		.ascii	"x\234ce`b\020a@\000f\206\343\227n\235fc\334\276\377"
  18      60621061 
  18      40006686 
  18      E3976E9D 
  18      6663DCBE 
  19 0015 D00F76A6 		.ascii	"\320\017v\246u;\036\256\342e\000\000hQ\011\233"
  19      753B1EAE 
  19      E2650000 
  19      6851099B 
  20              		.text
  21              		.section	.gnu.lto_.jmpfuncs.15b8d46f,"",%progbits
  22 0000 789C6365 		.ascii	"x\234ce`bPb@\000f\006FF\306zF&FF\346\372z&0\305\310"
  22      60625062 
  22      40006606 
  22      4646C67A 
  22      46264646 
  23 001b 069162AA 		.ascii	"\006\221b\252d\004Q\0009\324\002\300"
  23      64045100 
  23      39D402C0 
  24              		.text
  25              		.section	.gnu.lto_.inline.15b8d46f,"",%progbits
  26 0000 789C6365 		.ascii	"x\234ce`b\370\316\200\000\314\014\014\234\034\214\314"
  26      6062F8CE 
  26      8000CC0C 
  26      0C9C1C8C 
  26      CC
  27 0011 0C0A8C20 		.ascii	"\014\012\214 &\210t\000\223\012\034l\037\364\030\330"
  27      26887400 
  27      930A1C6C 
  27      1FF418D8 
  28 0021 16C83331 		.ascii	"\026\310310\276`g\201\220 \202\003\314\344\000\021\002"
  28      30BE6067 
  28      81902082 
  28      03CCE400 
  28      1102
  29 0033 60A600C8 		.ascii	"`\246\000\310\030F\006>^F\026\210)\214@\022b\224\002"
ARM GAS  C:\Users\CYIRKO~1\AppData\Local\Temp\cc31L4zG.s 			page 2


  29      1846063E 
  29      5E461688 
  29      298C4012 
  29      629402
  30 0046 C4406EA6 		.ascii	"\304@n\246\013\374\030F\001\305P\014aY /\001b)010\357"
  30      0BFC1846 
  30      01C5500C 
  30      6159202F 
  30      01622930 
  31 005d 10576000 		.ascii	"\020W`\000Zo\0012\231\211\201[\030\305}PC9\201r\304"
  31      5A6F0132 
  31      9989815B 
  31      18C57D50 
  31      43398172 
  32 0072 390F6893 		.ascii	"9\017h\223\004\310$\026^\240w'\370\201 \003\000\006"
  32      04C82416 
  32      5EA07727 
  32      F8812003 
  32      0006
  33 0084 0820CB   		.ascii	"\010 \313"
  34              		.text
  35              		.section	.gnu.lto_.pureconst.15b8d46f,"",%progbits
  36 0000 789C6365 		.ascii	"x\234ce`b`g```f\220b\224b\222\004\000\001\307\000b"
  36      60626067 
  36      60606066 
  36      90629462 
  36      92040001 
  37              		.text
  38              		.section	.gnu.lto_palReadBus.15b8d46f,"",%progbits
  39 0000 789C9591 		.ascii	"x\234\225\221\277O\024Q\020\307\347\373fowO\320\177"
  39      BF4F1451 
  39      10C7E7FB 
  39      666F774F 
  39      D07F
  40 0012 408A2B4C 		.ascii	"@\212+L\010\215\033M\320\304\226\350?`KB\340,\270\204"
  40      088D1B4D 
  40      D0C496E8 
  40      3F604B42 
  40      E02CB884 
  41 0026 E48C2B35 		.ascii	"\344\214+5\357V@\205(\306\250\207\302\271\205\022D\345"
  41      EF564085 
  41      28C6A887 
  41      C2B98512 
  41      44E5
  42 0038 A73F0AAA 		.ascii	"\247?\012\252\013\230\230\220\250@ce$hs\211\026^cc\320"
  42      0B989890 
  42      A8406365 
  42      24687389 
  42      165E6363 
  43 004d 9977905C 		.ascii	"\231w\220\\aC\261\363f\336\314|f\276\3732d(6D\235Dt"
  43      6143B1F3 
  43      66DECC7C 
  43      66BEFB32 
  43      64283644 
  44 0064 5C3E30C1 		.ascii	"\\>0\301\334\371HT\012\015\240\216\015AC\006C\230\340"
  44      DCF94854 
  44      0A0DA08E 
ARM GAS  C:\Users\CYIRKO~1\AppData\Local\Temp\cc31L4zG.s 			page 3


  44      0D414306 
  44      4398E0
  45 0077 32636B78 		.ascii	"2ckxi\232os*e\236\204\277><\372vLC '\341\224\335\276"
  45      699A6F73 
  45      2A659E84 
  45      BF3E3CFA 
  45      764C4320 
  46 0090 1974CC5A 		.ascii	"\031t\314Z\233\330j\371\256\377xe\323fS6\364P\312\237"
  46      9BD86AF9 
  46      AEFF7865 
  46      D3665336 
  46      F450CA9F 
  47 00a4 A10DB368 		.ascii	"\241\015\263h\323\031s\350\220\342\221\255\362(\363"
  47      D31973E8 
  47      90E291AD 
  47      F228F3
  48 00b3 6990F85F 		.ascii	"i\220\370_\276\356\314\205\3553\256\361\335=\266'Rf"
  48      BEEECC85 
  48      ED33AEF1 
  48      DD3DB627 
  48      5266
  49 00c5 3C073737 		.ascii	"<\00777\312\025\341\005\332\265~wy\357\376Q\337{\302"
  49      CA15E105 
  49      DAB57E77 
  49      79EFFE51 
  49      DF7BC2
  50 00d8 A46C41BE 		.ascii	"\244lA\276\204\0179\027\267Q\265{\177\257\333\352\217"
  50      840F3917 
  50      B751B57B 
  50      7FAFDBEA 
  50      8F
  51 00e9 A7A85CC8 		.ascii	"\247\250\\\310\212\006\351`\351\365<1\231\214\030\337"
  51      8A06E960 
  51      E9F53C31 
  51      998C18DF 
  52 00f9 572F5013 		.ascii	"W/P\023\222nGc\202P\251\343\022\310\3115$\253\265[\353"
  52      926E4763 
  52      8250A9E3 
  52      12C8C935 
  52      24ABB55B 
  53 010e BE522BAC 		.ascii	"\276R+\254\262\037\214\254}\012T'\273u\177\277\337\270"
  53      B21F8CAC 
  53      7D0A5427 
  53      BB757FBF 
  53      DFB8
  54 0120 D19AA252 		.ascii	"\321\232\242R\262\326\346R\016*l0\257\332$7\363=Y\010"
  54      B2D6E652 
  54      0E2A6C30 
  54      AFDA2437 
  54      F33D5908 
  55 0134 A279DB48 		.ascii	"\242y\333H\205X@\212I\335\221\260\210\210jX[\3156\300"
  55      8558408A 
  55      49DD91B0 
  55      88886A58 
  55      5BCD36C0 
  56 0148 5E3338FC 		.ascii	"^38\374\0378+\323\261\264\017\376\\\257\257\267\012"
  56      1F382BD3 
ARM GAS  C:\Users\CYIRKO~1\AppData\Local\Temp\cc31L4zG.s 			page 4


  56      B1B40FFE 
  56      5CAFAFB7 
  56      0A
  57 0159 78B8A4A9 		.ascii	"x\270\244\251#Xv`U\215\025\007N\016\300\231C\255\330"
  57      23587660 
  57      558D1507 
  57      4E0EC099 
  57      43ADD8
  58 016c 82578E64 		.ascii	"\202W\216d\224\364\332\221\256\325G\321@\351\232\002"
  58      94F4DA91 
  58      AED547D1 
  58      40E99A02 
  59 017c 6CA60787 		.ascii	"l\246\007\207\242\033\274qt\367Jo\033\364?\007\364\320"
  59      A21BBC71 
  59      74F74A6F 
  59      1BF43F07 
  59      F4D0
  60 018e 0D08E827 		.ascii	"\015\010\350'\222\334\376\215\376\2501Q%\357 \013E\347"
  60      92DCFE8D 
  60      FEA83151 
  60      25EF200B 
  60      45E7
  61 01a0 CF7577F5 		.ascii	"\317uw\365\027\372\012\027\257\016^*\024\273\363\352"
  61      17FA0A17 
  61      AF0E5E2A 
  61      14BBF3EA 
  62 01b0 17E35367 		.ascii	"\027\343Sg\317D\3058\352\357\035\210\342+y={.\367\016"
  62      CF44C538 
  62      EAEF1D88 
  62      E22B793D 
  62      7B2EF70E 
  63 01c4 9CCC13F7 		.ascii	"\234\314\023\367\015\306\377\000\237i\317\302"
  63      0DC6FF00 
  63      9F69CFC2 
  64              		.text
  65              		.section	.gnu.lto_palWriteBus.15b8d46f,"",%progbits
  66 0000 789C9553 		.ascii	"x\234\225SMh\023A\024\236og\263?\311F=\012\366\320\203"
  66      4D681341 
  66      149E6F67 
  66      B33FC946 
  66      3D0AF6D0 
  67 0015 107A71D1 		.ascii	"\020zq\321C\205^E\217^\274\026\244\211\207\006\012\021"
  67      43855E45 
  67      8F5EBC16 
  67      A4898706 
  67      0A11
  68 0027 D39EBB89 		.ascii	"\323\236\273\211M*-UA\232T\351\262\242\324\032\265\177"
  68      4D2A2D55 
  68      419A54E9 
  68      B2A2D41A 
  68      B57F
  69 0039 FEA70709 		.ascii	"\376\247\007\011\361P\220\252\264\007\275(\212V\241"
  69      F15090AA 
  69      B407BD28 
  69      8A56A1
  70 0048 07A11641 		.ascii	"\007\241\026A\017\222\370\336l\243U\274t`\336\314\373"
  70      0F92F8DE 
ARM GAS  C:\Users\CYIRKO~1\AppData\Local\Temp\cc31L4zG.s 			page 5


  70      6CA355BC 
  70      7460DECC 
  70      FB
  71 0059 FBE6BDEF 		.ascii	"\373\346\275\357\355F\204&\216K!\272\204\020\373hC\012"
  71      ED468426 
  71      8E4B21BA 
  71      8410FB68 
  71      430A
  72 006b 68175F08 		.ascii	"h\027_\010\221\2634\200/\236\0051\250a\020\027dY\242"
  72      91B33480 
  72      2F9E0531 
  72      A8611017 
  72      6459A2
  73 007e 3EFCB9AA 		.ascii	">\374\271\252uL{\264j\345oF\321+\354\015(\3752m^\230"
  73      754C7BB4 
  73      6AE56F46 
  73      D12BEC0D 
  73      28FD326D 
  74 0094 460745AD 		.ascii	"F\007E\255\014\315O\312\3632\220\200N\352\327\347W>"
  74      0CCD4FCA 
  74      F3329080 
  74      4EEAD7E7 
  74      573E
  75 00a6 EE625543 		.ascii	"\356bUC;\251\205\225rQ\312C\020t\177\373\356}\305JL"
  75      3BA98595 
  75      7251CA43 
  75      10747FFB 
  75      EE7DC54A 
  76 00bb 795EDEAB 		.ascii	"y^\336\253-_\222\336\376@J\334\202$@T\320\206\233h\023"
  76      2D5F92DE 
  76      FE404ADC 
  76      82244054 
  76      D0869B68 
  77 00d0 6412B88D 		.ascii	"d\022\270\215\004\205\373\215kK1\331\251R\253\301d\305"
  77      0485FB8D 
  77      6B4B31D9 
  77      A952ABC1 
  77      64C5
  78 00e2 D84A7D33 		.ascii	"\330J}3\256Ru\334\3717U\027\230A\202\343?,4\306\343"
  78      AE5275DC 
  78      F9375517 
  78      984182E3 
  78      3F2C34C6 
  79 00f7 867EBD55 		.ascii	"\206~\275U.fa\200\316\271U\324\274Fs\230\012\270\201"
  79      2E666180 
  79      CEB955D4 
  79      BC467398 
  79      0AB881
  80 010a E6B1DDD4 		.ascii	"\346\261\335\3247=&)7\242\203\223#t5\014\026&\013\213"
  80      373D2629 
  80      37A28393 
  80      2374350C 
  80      16260B8B 
  81 011e 8469B388 		.ascii	"\204i\263\210\262\032c\341\260\210\263\020b\204\300"
  81      B21A63E1 
  81      B088B310 
  81      6284C0
ARM GAS  C:\Users\CYIRKO~1\AppData\Local\Temp\cc31L4zG.s 			page 6


  82 012d 99B851A9 		.ascii	"\231\270Q\251\361)\327\221_\\\177\222\342\347|\311\034"
  82      F129D791 
  82      5F5C7F92 
  82      E2E77CC9 
  82      1C
  83 013e 960AF597 		.ascii	"\226\012\365\227&\323!U\037\337\227\236\235s\002\370"
  83      26D32155 
  83      1FDF979E 
  83      9D7302F8 
  84 014e 39E2B43D 		.ascii	"9\342\264=\220\226O4\315Q\355\354\233Z\313\317\232\356"
  84      90964F34 
  84      CD51EDEC 
  84      9B5ACBCF 
  84      9AEE
  85 0160 8C17BA6C 		.ascii	"\214\027\272l\314#\300\204\342\032\013p\005A7\212\010"
  85      CC23C084 
  85      E21A0B70 
  85      0541378A 
  85      08
  86 0171 91233EF5 		.ascii	"\221#>\365\312o\331\241n\354\010Z\307]\005\315\204\340"
  86      CA6FD9A1 
  86      6EEC085A 
  86      C75D05CD 
  86      84E0
  87 0183 9E823EFB 		.ascii	"\236\202>\373\263\005m*tc;\272\265#\364(\356+t\215\321"
  87      B3056D2A 
  87      74633BBA 
  87      B523F428 
  87      EE2B748D 
  88 0198 1F84E8A5 		.ascii	"\037\204\350\245\026\272\035\242\255n,\3731f\305\304"
  88      16BA1DA2 
  88      AD6E2CFB 
  88      3166C5C4 
  89 01a8 1E3C2418 		.ascii	"\036<$\030\212\331h\305DU\021\366_U\305\250\341\260"
  89      8AD968C5 
  89      445511F6 
  89      5F55C5A8 
  89      E1B0
  90 01ba AA3F718E 		.ascii	"\252?q\2162[l\373\321\262\305U\272C\266zIU\277}\004"
  90      325B6CFB 
  90      D1B2C555 
  90      BA43B67A 
  90      4955BF7D 
  91 01cf F6FF4640 		.ascii	"\366\377F@\020\022\217\266:y\275\271\371\324\241N\206"
  91      10128FB6 
  91      3A79BDB9 
  91      F9D4A14E 
  91      86
  92 01e0 72EC72F0 		.ascii	"r\354r\360Xu\3023 \347\350\332\247W\221\337\3168\252"
  92      5875C233 
  92      20E7E8DA 
  92      A75791DF 
  92      CE38AA
  93 01f3 7027680C 		.ascii	"p'h\014\324\345\"\\zZ|A\376jsLU\242~\220\021b\230>\012"
  93      D4E5225C 
  93      7A5A7C41 
  93      FE6A734C 
ARM GAS  C:\Users\CYIRKO~1\AppData\Local\Temp\cc31L4zG.s 			page 7


  93      55A27E90 
  94 020c 22C23DDA 		.ascii	"\"\302=\332\325}\2447\235L\237\350\0378\225\316t\247"
  94      D57DA437 
  94      9D4C9FE8 
  94      1F3895CE 
  94      74A7
  95 021e F89EC91E 		.ascii	"\370\236\311\036<\334\351f\262noO\237\233=\223\342\363"
  95      3CDCE966 
  95      B26E6F4F 
  95      9F9B3D93 
  95      E2F3
  96 0230 E4E99EBE 		.ascii	"\344\351\236\276\003)!\223\003Y=\231\356\317\376\002"
  96      03292193 
  96      03593D99 
  96      EECFFE02 
  97 0240 F9EC1011 		.ascii	"\371\354\020\021"
  98              		.text
  99              		.section	.gnu.lto_palSetBusMode.15b8d46f,"",%progbits
 100 0000 789C9592 		.ascii	"x\234\225\222\315kSA\024\305\357\231\373\222\367b[\327"
 100      CD6B5341 
 100      14C5EF99 
 100      FB92F762 
 100      5BD7
 101 0012 825D6421 		.ascii	"\202]d!\204n|\350\242B\267\"\376\001n\\\024\244M\204"
 101      846E7CE8 
 101      A242B722 
 101      FE016E5C 
 101      14A44D84 
 102 0026 065A22C6 		.ascii	"\006Z\"\306\2563\215&\225\012\255Pj\254\030^\241\204"
 102      AE338D26 
 102      950AAD50 
 102      6AAC185E 
 102      A184
 103 0038 5AB5DF2A 		.ascii	"Z\265\337*\304R\010\335\010~\322n\265(*B\321\202\342"
 103      C45208DD 
 103      087ED26E 
 103      B5282A42 
 103      D182E2
 104 004b C28DADDE 		.ascii	"\302\215\255\336;\321\205\356:03wf\356\371\315\235\303"
 104      3BD185EE 
 104      3A303377 
 104      66EEF9CD 
 104      9DC3
 105 005d C4C850C6 		.ascii	"\304\310P\306\020u\021\321a\351`\202\271\376\222h(0"
 105      107511D1 
 105      61E96082 
 105      B9FE9268 
 105      2830
 106 006f 80063600 		.ascii	"\200\0066\000\025\014\012\030\343\012c}\370S\335t\314"
 106      150C0A18 
 106      E30A637D 
 106      F853DD74 
 106      CC
 107 0080 58698DCA 		.ascii	"Xi\215\312\246_\266\245C\021\023MJ\327\206\031tH\326"
 107      A65FB6A5 
 107      4311134D 
 107      4AD78619 
ARM GAS  C:\Users\CYIRKO~1\AppData\Local\Temp\cc31L4zG.s 			page 8


 107      7448D6
 108 0093 C695C5DB 		.ascii	"\306\225\305\333<\312\021\003\236,\277\275\270\365\341"
 108      3CCA1103 
 108      9E2CBFBD 
 108      B8F5E1
 109 00a2 A02E0D92 		.ascii	"\240.\015\222\262,mT\312\314\307A\022o\275}7\033\244"
 109      B22C6D54 
 109      CACCC741 
 109      126FBD7D 
 109      371BA4
 110 00b5 6AD6166D 		.ascii	"j\326\026m\343\3158\333#\0213\356\202\005\210Y\264\343"
 110      E3CD38DB 
 110      231133EE 
 110      82058859 
 110      B4E3
 111 00c7 0EDA49B6 		.ascii	"\016\332I\266\010\367\220\222\364\357+\265\361\026\356"
 111      08F79092 
 111      F4EF2BB5 
 111      F116EE
 112 00d6 74D267A3 		.ascii	"t\322g\243kg\377(\237O8\245\207\373\377+=\302\034R\232"
 112      6B67FF28 
 112      9F4F38A5 
 112      87FBFF2B 
 112      3DC21C52 
 113 00eb FE7E696F 		.ascii	"\376~io\242-\356M\377\255\026\363\210C\346\205M4\354"
 113      A22DEE4D 
 113      FFAD16F3 
 113      8843E685 
 113      4D34EC
 114 00fe DEAF61DB 		.ascii	"\336\257a\333\370Y\303\326\351\204<[\356b\321\306<\031"
 114      F859C3D6 
 114      E9843C5B 
 114      EE62D1C6 
 114      3C19
 115 0110 E23119FC 		.ascii	"\3421\031\374\270F>\034\213FD\256\316\\c\2433o\243\370"
 115      B8463E1C 
 115      8B4644AE 
 115      CE5C63A3 
 115      336FA3F8 
 116 0124 787B27AD 		.ascii	"x{'\255\300*\253I7J\353\257|}/\273B\177<yz\2655BuHL"
 116      C02AAB49 
 116      374AEBAF 
 116      7C7D2FBB 
 116      427F3C79 
 117 013f 4B461C54 		.ascii	"KF\034T\305\207\005\251N\317j\037\213\363~8g\233G\011"
 117      C58705A9 
 117      4ECF6A1F 
 117      8BF37E38 
 117      679B4709 
 118 0153 2C22C24D 		.ascii	",\"\302Mg&\226\020\222\242\023M\260\267/\322\001,;\222"
 118      67269610 
 118      92A2134D 
 118      B0B72FD2 
 118      012C3B92 
 119 0167 BE102BFF 		.ascii	"\276\020+\377\222b\373\"\265\340\201#\031%=t\244\313"
 119      9262FB22 
 119      B5E08123 
ARM GAS  C:\Users\CYIRKO~1\AppData\Local\Temp\cc31L4zG.s 			page 9


 119      19253D74 
 119      A4CB
 120 0179 5FCB68A2 		.ascii	"_\313h\242\264.\001\322g\224\223\272\243\362z\375\313"
 120      B42E01D2 
 120      679493BA 
 120      A3F27AFD 
 120      CB
 121 018a 6BBFB06B 		.ascii	"k\277\260k\203\210['\265\000<B\201\304\031\227\356G"
 121      83885B27 
 121      B5003C42 
 121      81C41997 
 121      EE47
 122 019c DC463B28 		.ascii	"\334F;(N\255\2169\206\3736#\222&N\312\025\341\251\256"
 122      4EAD8E39 
 122      86FB3623 
 122      92264ECA 
 122      15E1A9AE 
 123 01b0 EE937DD9 		.ascii	"\356\223}\331\336\354\231K\203\231l\256;\255q.\177\354"
 123      DEEC994B 
 123      83996CAE 
 123      3BAD712E 
 123      7FEC
 124 01c2 446798CB 		.ascii	"Dg\230\313\207}=\375a\376bZ\347s\027z\372\217\246\211"
 124      877D3DFD 
 124      61FE625A 
 124      E773177A 
 124      FA8FA689 
 125 01d6 7B07F3DE 		.ascii	"{\007\363\336@.s\3767\254/\315\203"
 125      402E73FE 
 125      37AC2FCD 
 125      83
 126              		.text
 127              		.section	.gnu.lto_.symbol_nodes.15b8d46f,"",%progbits
 128 0000 789C6365 		.ascii	"x\234ce`b\010d\000\002\2469L\365\014\014\023\31610\000"
 128      60620864 
 128      0002A639 
 128      4CF50C0C 
 128      13CE3130 
 129 0015 A95D0D8E 		.ascii	"\251]\015\216@\221\271L\365\214\250\"\363\230\352\231"
 129      4091B94C 
 129      F58CA822 
 129      F398EA99 
 130 0025 50441817 		.ascii	"PD\030\0272\3253\203E\030\030\032\032\034\030\030\230"
 130      32D53383 
 130      4518181A 
 130      1A1C1818 
 130      98
 131 0036 99981996 		.ascii	"\231\230\031\226<\374\307\310\000\000A\023\024\024"
 131      3CFCC7C8 
 131      00004113 
 131      1414
 132              		.text
 133              		.section	.gnu.lto_.refs.15b8d46f,"",%progbits
 134 0000 789C6365 		.ascii	"x\234ce`b`d\000\002\000\000I\000\011"
 134      60626064 
 134      00020000 
 134      490009
ARM GAS  C:\Users\CYIRKO~1\AppData\Local\Temp\cc31L4zG.s 			page 10


 135              		.text
 136              		.section	.gnu.lto_.decls.15b8d46f,"",%progbits
 137 0000 789CAD58 		.ascii	"x\234\255X{P\024G\032\237oz\027\226aA\013\274\234U1"
 137      7B501447 
 137      1A9F6F7A 
 137      17966141 
 137      0BBC9C55 
 138 0015 169722BA 		.ascii	"\026\227\"\272wu\021\301\273x\225G\225g41\025sXk\036"
 138      777511C1 
 138      BB789547 
 138      95673431 
 138      1573586B 
 139 002a 7775546D 		.ascii	"wuTm!\254\221:d=v\271\252\374u\003K\202oA\015\002>\016"
 139      21AC913A 
 139      643D76B9 
 139      AAFC7503 
 139      4B826F41 
 140 0042 4151C007 		.ascii	"AQ\300\0071*\"\240\004\360\005\342\003\037<\004A\021"
 140      312A22A0 
 140      04F005E2 
 140      031F3C04 
 140      4111
 141 0054 9F441109 		.ascii	"\237D\021\011\"\211r_w\317\356\214\233\335\344\252."
 141      2289725F 
 141      77CFEE8C 
 141      9BDDE4AA 
 141      2E
 142 0065 53F4F474 		.ascii	"S\364\364t\317\357\373\276\337\367\350\236^\364\202"
 142      CFEFFBBE 
 142      DFF7E89E 
 142      5EF482
 143 0074 2804860A 		.ascii	"(\004\206\012\202?\021\004\031\004a\024/\235 \010\273"
 143      823F1104 
 143      19046114 
 143      2F9D2008 
 143      BB
 144 0085 05F5A2E3 		.ascii	"\005\365\242\343@|7\026\333xl\023A\370\321\365kQ\020"
 144      407C3716 
 144      DB786C13 
 144      41F8D1F5 
 144      6B5110
 145 0098 8CD88760 		.ascii	"\214\330\207`\033\207\255\002\233\001q\203\330O\306"
 145      1B87AD02 
 145      9B017183 
 145      D84FC6
 146 00a7 168DCD1F 		.ascii	"\026\215\315\037\307\217\261\037\300v\004\3333E7\340"
 146      C78FB11F 
 146      C07604DB 
 146      334537E0 
 147 00b7 FC3DAA04 		.ascii	"\374=\252\004{\021X\307\354\321\376U\017[\277A;\301"
 147      7B1158C7 
 147      ECD1FE55 
 147      0F5BBF41 
 147      3BC1
 148 00c9 D87FACB1 		.ascii	"\330\177\254\261E\355P{\336l=S\354\265)6\365\212=j\207"
 148      45ED507B 
 148      DE6C3D53 
ARM GAS  C:\Users\CYIRKO~1\AppData\Local\Temp\cc31L4zG.s 			page 11


 148      ECB52936 
 148      F58A3D6A 
 149 00de 1AB88F5D 		.ascii	"\032\270\217]+\177d\376\321>\312\303f\244\017\233\241"
 149      2B7F64FE 
 149      D13ECAC3 
 149      66A40F9B 
 149      A1
 150 00ef 3EFCAB50 		.ascii	">\374\253P\354N\303\361K\330\210\207MT\347\216#\235"
 150      EC4EC3F1 
 150      4BD88887 
 150      4D54E78E 
 150      239D
 151 0101 7AC3C3DE 		.ascii	"z\303\303\336\006\002\007W\325W\213W\241\003\020\013"
 151      06020757 
 151      D5578B57 
 151      A103100B 
 152 0111 63D92C00 		.ascii	"c\331,\000\277\003kl8\352\272\000\330<\316\212\202\242"
 152      BF036B6C 
 152      38EABA00 
 152      D83CCE8A 
 152      82A2
 153 0123 D435052E 		.ascii	"\3245\005.\011e,*CQQ\311\376\024a\320h\344\257\271%"
 153      09652C2A 
 153      435151C9 
 153      FE1461D0 
 153      68E4AFB9 
 154 0138 D7C5E9F3 		.ascii	"\327\305\351\363\007&\346\222\006Q5\000\240\025\320"
 154      0726E692 
 154      06513500 
 154      A015D0
 155 0147 28E4B495 		.ascii	"(\344\264\225\367n~\202\352\034\270\274\177\230{\372"
 155      F76E7E82 
 155      EA1CB8BC 
 155      7F987BFA 
 156 0157 A6D4059D 		.ascii	"\246\324\005\235t6\177\006\260\271k\315UO\015\004C\210"
 156      74367F06 
 156      B0B96BCD 
 156      554F0D04 
 156      4388
 157 0169 CF5D4F76 		.ascii	"\317]Ov\2763e\227\314/\303Kj\330\316\247\227m\"\253"
 157      BE336597 
 157      CC2FC34B 
 157      6AD8CEA7 
 157      976D22AB 
 158 017d 098448A0 		.ascii	"\011\204H\240\243z\232\362z\202q8N\2020\034\346U\016"
 158      A37A9AF2 
 158      7A827138 
 158      4E82301C 
 158      E6550E
 159 0190 36E8F95B 		.ascii	"6\350\371[\003\016G\213\312\226\031\310\013Lc\347\311"
 159      030E478B 
 159      CA9619C8 
 159      0B4C63E7 
 159      C9
 160 01a1 E2522A38 		.ascii	"\342R*8Y\002Jv\014N\355\355\253x\022\304\247(\242y\315"
 160      59024A76 
 160      0C4EEDED 
ARM GAS  C:\Users\CYIRKO~1\AppData\Local\Temp\cc31L4zG.s 			page 12


 160      AB7812C4 
 160      A728A279 
 161 01b6 C0367FF2 		.ascii	"\3006\177\362\"}\026s\033Zju`\222\212\250\375\232\307"
 161      227D1673 
 161      1B5A6A75 
 161      60928AA8 
 161      FD9AC7
 162 01c9 8393B332 		.ascii	"\203\223\2632dY\204\257A\202\257\200@\011L\241\336L"
 162      645984AF 
 162      4182AF80 
 162      40094CA1 
 162      DE4C
 163 01db 96F0BE54 		.ascii	"\226\360\276T\226\323\344L\247\0340G\200]0\001Ja\202"
 163      96D3E44C 
 163      A71C3047 
 163      805D3001 
 163      4A6182
 164 01ee 00FBC044 		.ascii	"\000\373\300D\325R\034\224\341\344^\234D\023\305\333"
 164      D5521C94 
 164      E1E45E9C 
 164      4413C5DB 
 165 01fe B20AFCC8 		.ascii	"\262\012\374\310*`6\216\037\271\322\252\003\311\344"
 165      2A60368E 
 165      1FB9D2AA 
 165      03C9E4
 166 020d 55C1412F 		.ascii	"U\301A/\012\0242%/\037\377\234\2229\200d\366\253d\220"
 166      0A143225 
 166      2F1FFF9C 
 166      92398064 
 166      F6AB6490 
 167 0221 1B0F517A 		.ascii	"\033\017Qz\375PV\020\031\340FV\037;\361D\357vd\364\350"
 167      FD505610 
 167      19E04656 
 167      1F3BF144 
 167      EF7664F4 
 168 0236 9B672FCA 		.ascii	"\233g/\312r\030T\240l\271*{\000|zr\310\273'\227\036"
 168      721854A0 
 168      6CB92A7B 
 168      007C7A72 
 168      C8BB2797 
 169 024b 0E640793 		.ascii	"\016d\007\223\343<[\033\037u\336\011\340a7i\222\022"
 169      E33C5B1B 
 169      1F75DE09 
 169      E0613769 
 169      9212
 170 025d C29332BC 		.ascii	"\302\2232\274\365\306Z\2214q\350\322]\253\353\210\204"
 170      F5C65A91 
 170      3471E8D2 
 170      5DABEB88 
 170      84
 171 026e 969CFF93 		.ascii	"\226\234\377\223\313(Q6\272\276;\2104s\361\373\351\275"
 171      CB285136 
 171      BABE3B88 
 171      3473F1FB 
 171      E9BD
 172 0280 DD815CF5 		.ascii	"\335\201\\\365x\034\356\036\356:\250'-\374\335\252\365"
 172      781CEE1E 
ARM GAS  C:\Users\CYIRKO~1\AppData\Local\Temp\cc31L4zG.s 			page 13


 172      EE3AA827 
 172      2DFCDDAA 
 172      F5
 173 0291 B5B53AD2 		.ascii	"\265\265:\322\301\007\205\271Y\031zr\215\017\212\327"
 173      C10785B9 
 173      59197A72 
 173      8D0F8AD7 
 174 02a1 669649A4 		.ascii	"f\226I\244\207\017\232\373Oo\016\344%3\026\207\307F"
 174      870F9AFB 
 174      4F6F0EE4 
 174      25331687 
 174      C746
 175 02b3 1FD78CE1 		.ascii	"\037\327\214\341\032E\034\346\224\264\214\004\220^\016"
 175      1A451CE6 
 175      94B48C04 
 175      905E0E
 176 02c2 DD3EF27D 		.ascii	"\335>\362}?\255\231I\264f\210\246b&\361\2129\332x\252"
 176      3FAD9949 
 176      B46688A6 
 176      6226F18A 
 176      39DA78AA 
 177 02d6 C848EE31 		.ascii	"\310H\3561\260\230\271\265tE\200+\235\350\236\336$\300"
 177      B098B9B5 
 177      7445802B 
 177      9DE89EDE 
 177      24C0
 178 02e8 3174E338 		.ascii	"1t\3438\365\3554\3726I\361\355\024N\236T\323\271\177"
 178      F5ED34FA 
 178      3649F1ED 
 178      144E9E54 
 178      D3B97F
 179 02fb 62852C8F 		.ascii	"b\205,\217\205F\314H\203\232\221IJ2\217d]\271)\221!"
 179      8546CC48 
 179      839A9149 
 179      4A328F64 
 179      5DB92991 
 180 0310 6EE20767 		.ascii	"n\342\007g\366\003MU\226D\325\263B8\213\242M\252h\243"
 180      F6034D55 
 180      9644D5B3 
 180      42388BA2 
 180      4DAA68A3 
 181 0324 9A4C4F1A 		.ascii	"\232LO\032g\274\320@#i\303\005U\0062\312\214\350\036"
 181      67BCD040 
 181      2369C305 
 181      550632CA 
 181      8CE81E
 182 0337 0DAD6C97 		.ascii	"\015\255l\227 4<\334\224E\315d\312\362\014Q\315\222"
 182      20343CDC 
 182      9445CD64 
 182      CAF20C51 
 182      CD92
 183 0349 00E72194 		.ascii	"\000\347!\224*\200\213\250\353\002\204C3\204\263\305"
 183      2A808BA8 
 183      EB028443 
 183      3384B3C5 
 184 0359 59400D62 		.ascii	"Y@\015b\205\205W\017t\313\362r#\243u\002iQ\0017\203"
 184      8585570F 
ARM GAS  C:\Users\CYIRKO~1\AppData\Local\Temp\cc31L4zG.s 			page 14


 184      74CBF272 
 184      23A37502 
 184      69510137 
 185 036e 08AAE218 		.ascii	"\010\252\342\030U\244\010\324\276\225#\327\244\021\206"
 185      55A408D4 
 185      BE9523D7 
 185      A41186
 186 037d 3EE7151D 		.ascii	">\347\025\035I\301\334\345gU\022n\007\024#(\336\362"
 186      49C1DCE5 
 186      6755126E 
 186      07142328 
 186      DEF2
 187 038f 6D4177F1 		.ascii	"mAw\361\352\375\265\000\341\343L\341\005\014x\271:8"
 187      EAFDB500 
 187      E1E34CE1 
 187      050C78B9 
 187      3A38
 188 03a1 95A9A5EA 		.ascii	"\225\251\245\352\352Q\355e\030\247V\232\252v-s\321)"
 188      EA51ED65 
 188      18A7569A 
 188      AA762D73 
 188      D129
 189 03b3 CFD0695D 		.ascii	"\317\320i]\244`\352b\013\272\330\212.^R\\\344$\356W"
 189      A460EA62 
 189      0BBAD88A 
 189      2E5E525C 
 189      E424EE57 
 190 03c7 8D4F9565 		.ascii	"\215O\225e\240(-\013\356\316PU\310:\247|r*[\235u\276"
 190      A0282D0B 
 190      EECE5055 
 190      C83AA77C 
 190      722A5B9D 
 191 03dd 0D63D407 		.ascii	"\015c\324\007\252\032O\213\343\220A\252O\006\302s\346"
 191      AA1A4F8B 
 191      E39041AA 
 191      4F06C273 
 191      E6
 192 03ee 35C51BC2 		.ascii	"5\305\033\302\2137\275\356\322\001#q\022V\215\275\215"
 192      8B37BDEE 
 192      D2012371 
 192      12568DBD 
 192      8D
 193 03ff 7BD30C24 		.ascii	"{\323\014$\203\017\2664\355i\324\223\025|PY\272\247"
 193      830FB634 
 193      ED69D493 
 193      157C5059 
 193      BAA7
 194 0411 5924597C 		.ascii	"Y$Y|\260\253\242\177\005\220\\>x\230\261\327A\362\371"
 194      B0ABA27F 
 194      05905C3E 
 194      7898B1D7 
 194      41F2F9
 195 0424 73FAE6CC 		.ascii	"s\372\346\314\263\"\327\375{\034f/\333\324\255\343\353"
 195      B322D7FD 
 195      7B1C662F 
 195      DBD4ADE3 
 195      EB
ARM GAS  C:\Users\CYIRKO~1\AppData\Local\Temp\cc31L4zG.s 			page 15


 196 0435 A49BAE8C 		.ascii	"\244\233\256\214}\227wV\032H\021\303\006e\026g\226K"
 196      7D977756 
 196      1A4811C3 
 196      06651667 
 196      964B
 197 0447 108E5768 		.ascii	"\020\216Wh8\277L\005r\272\023\323\371f\256\\\223\216"
 197      38BF4C05 
 197      72BA13D3 
 197      F966AE5C 
 197      938E
 198 0459 758BEE77 		.ascii	"u\213\356w\241\373\2671\376\317\273\277KI>E\217\274"
 198      A1FBB731 
 198      FECFBBBF 
 198      4B493E45 
 198      8FBC
 199 046b A5A27B3C 		.ascii	"\245\242{<\321\225\340\216\026G\337\325\240\217z\242"
 199      D195E08E 
 199      1647DFD5 
 199      A08F7AA2 
 200 047b AB3CD103 		.ascii	"\253<\321\003\032t\265w4\247\342.s\314\300u\004\\c\357"
 200      1A74B577 
 200      34A7E22E 
 200      73CCC075 
 200      045C63EF 
 201 048f 6E2B65DE 		.ascii	"n+e\336\2175\320\207I\270\201\355\016\266o\261\335\303"
 201      8F35D087 
 201      49B881ED 
 201      0EB66FB1 
 201      DDC3
 202 04a1 F600DB7D 		.ascii	"\366\000\333}lw\261\335\304v\013[\257{)P\002\015\232"
 202      6C77B1DD 
 202      C4760B5B 
 202      AF7B2950 
 202      020D9A
 203 04b4 505CF524 		.ascii	"P\\\365$\260\333\223\356u\015\335o<\3215\340\031\271"
 203      B0DB93EE 
 203      750DDD6F 
 203      3CD135E0 
 203      19B9
 204 04c6 768DF20E 		.ascii	"v\215\362\016Ox\273\247\362\2217Tt\267\327\254h\300"
 204      4F78BBA7 
 204      F2913754 
 204      74B7D7AC 
 204      68C0
 205 04d8 CD1AD59D 		.ascii	"\315\032\325\235\336y\273\231\340\"\273Z-q|\033\326"
 205      DE79BB99 
 205      E022BB5A 
 205      2D717C1B 
 205      D6
 206 04e9 6CAD77E6 		.ascii	"l\255w\346\032\3557]\013\204\252\277\342\2359W\257\254"
 206      1AED375D 
 206      0B84AABF 
 206      E29D3957 
 206      AFAC
 207 04fb B6CA10B6 		.ascii	"\266\312\020\266\332n{\256y\250i\032\336\257'%\254 "
 207      DA6E7BAE 
 207      79A8691A 
ARM GAS  C:\Users\CYIRKO~1\AppData\Local\Temp\cc31L4zG.s 			page 16


 207      DEAF2725 
 207      AC20
 208 050d C53B1B6F 		.ascii	"\305;\033o\227\372C\250\311[2\341\021\346\360\377\311"
 208      97FA43A8 
 208      C95B32E1 
 208      11E6F0FF 
 208      C9
 209 051e 276772FC 		.ascii	"'gr\374\210\037\335|\006P\321Cu\267\245\274\030\235"
 209      881FDD7C 
 209      0650D143 
 209      75B7A5BC 
 209      189D
 210 0530 E50DED6B 		.ascii	"\345\015\355k\202\215\313\335\337P\006TW\364 \030\025"
 210      828DCBDD 
 210      DF500654 
 210      57F42018 
 210      15
 211 0541 11C4962F 		.ascii	"\021\304\226/\313\271\025D\3129\365Kg\036V\004\203\311"
 211      CBB91544 
 211      CA39F54B 
 211      671E5604 
 211      83C9
 212 0553 C8AD9C69 		.ascii	"\310\255\234i\037\353\244\376>F\374w\252\031\024\307"
 212      1FEBA4FE 
 212      3E46FC77 
 212      AA1914C7 
 213 0563 CE877618 		.ascii	"\316\207v\030B\247\2363\360\375\355\365m\300\327\262"
 213      42A79E33 
 213      F0FDEDF5 
 213      6DC0D7B2 
 214 0573 916EF095 		.ascii	"\221n\360\225mYc\224\265L_\017\256k\357\012&\265\344"
 214      6D596394 
 214      B54C5F0F 
 214      AE6BEF0A 
 214      26B5E4
 215 0586 B99351F4 		.ascii	"\271\223Q\364\217OF\321\374;\327w\356\354\005 \2478"
 215      8F4F46D1 
 215      FC3BD777 
 215      EEEC0520 
 215      A738
 216 0598 DDFA2D3D 		.ascii	"\335\372-=\373\374|\035[F\221H\264\362\201\371\001'"
 216      FBFC7C1D 
 216      5B469148 
 216      B4F281F9 
 216      0127
 217 05aa BF57BF73 		.ascii	"\277W\277s#QC\354\014\365\014\363\376Tu,\232\177\350"
 217      235143EC 
 217      0CF50CF3 
 217      FE54752C 
 217      9A7FE8
 218 05bd F417AB1B 		.ascii	"\364\027\253\033r\364tG\0115\361\235\364\301*rh\373"
 218      72F47447 
 218      0935F19D 
 218      F4C12A72 
 218      68FB
 219 05cf 9995727E 		.ascii	"\231\225r~-0\231\021\224q\212\276\226\020\225\030\370"
 219      2D309911 
ARM GAS  C:\Users\CYIRKO~1\AppData\Local\Temp\cc31L4zG.s 			page 17


 219      94718ABE 
 219      96109518 
 219      F8
 220 05e0 2D2F441A 		.ascii	"-/D\032\272\303\236\350\010\017\360\365\337q0=\011\355"
 220      BAC39EE8 
 220      080FF0F5 
 220      DF71303D 
 220      09ED
 221 05f2 F10AFEF1 		.ascii	"\361\012\376\361\356\360\004\337\0173\253\024M\253)"
 221      EEF004DF 
 221      0F33AB14 
 221      4DAB29
 222 0601 5D3441AA 		.ascii	"]4A\252\030\016i\330dQ[-\227\213y\335\"\322\243n\237"
 222      180E69D8 
 222      64515B2D 
 222      978B79DD 
 222      22D2A36E 
 223 0616 143F1A24 		.ascii	"\024?\032$\344\232\216\237\317\356\017\347\031\300\024"
 223      E49A8E9F 
 223      CFEE0FE7 
 223      19C014
 224 0625 AA24BF94 		.ascii	"\252$\277\224\225X\006j\377\\t\207\210\252\360N\004"
 224      9558066A 
 224      FF5C7487 
 224      88AAF04E 
 224      04
 225 0636 BE40FB3F 		.ascii	"\276@\373?\305\005\315]\316\\\2753P[\227\031\242\266"
 225      C505CD5D 
 225      CE5CBD33 
 225      505B9719 
 225      A2B6
 226 0648 2E978A46 		.ascii	".\227\212F\005x\270\365\336\015Q'\3629X\240\243s+\326"
 226      0578B8F5 
 226      DE0D5127 
 226      F23958A0 
 226      A3732BD6 
 227 065c 546F0B18 		.ascii	"To\013\030\237\315\216\341Ny\254\310\302\345\372<\013"
 227      9FCD8EE1 
 227      4E79ACC8 
 227      C2E5FA3C 
 227      0B
 228 066d B05C1C8F 		.ascii	"\260\\\034\217\367e\242\216kX\332q\350\004\274\234/"
 228      F765A28E 
 228      6B58DA71 
 228      E804BC9C 
 228      2F
 229 067e E777E341 		.ascii	"\347w\343A`\023YVw\002\323\0073(\014\212\325\224\343"
 229      60135956 
 229      7702D307 
 229      33280C8A 
 229      D594E3
 230 0691 23DE77E2 		.ascii	"#\336w\342\367\001v\340\316(\300\012\361e\224\336\221"
 230      F70176E0 
 230      CE28C00A 
 230      F16594DE 
 230      91
 231 06a2 E36C0C24 		.ascii	"\343l\014$\033\364\254\344\362:;nH\214\014\265\310\311"
ARM GAS  C:\Users\CYIRKO~1\AppData\Local\Temp\cc31L4zG.s 			page 18


 231      1BF4ACE4 
 231      F23A3B6E 
 231      488C0CB5 
 231      C8C9
 232 06b4 9CEF3C7D 		.ascii	"\234\357<}J\347&\270Jd\223\027*w\324\030\264\014?~A"
 232      4AE726B8 
 232      4A649317 
 232      2A77D418 
 232      B40C3F7E 
 233 06c9 43700D23 		.ascii	"Cp\015#\270\332E\360RZc\005Q\010^\336h\304\012\3003"
 233      B8DA45F0 
 233      525A6305 
 233      51085EDE 
 233      68C40AC0 
 234 06de 12D624C2 		.ascii	"\022\326$\302`\245\032p||\236`&#\370\364j\317\200H\012"
 234      60A51A70 
 234      7C7C9E60 
 234      2623F8F4 
 234      6ACF8048 
 235 06f3 39C192A6 		.ascii	"9\301\222\246\342\037t\344+6\020W\325n\3523\372Z\023"
 235      E21F74E4 
 235      2B361057 
 235      D56EEA33 
 235      FA5A13
 236 0706 EB455F47 		.ascii	"\353E_G\371\321\243S[\331q|\235(\301Z\321\3438NS\262"
 236      F9D1A353 
 236      5BD9717C 
 236      9D28C15A 
 236      D1E3384E 
 237 071c 66FB3061 		.ascii	"f\3730a\036S\004\217B\227<\320G\334Q\370\222G\241\367"
 237      1E53048F 
 237      42973CD0 
 237      47DC51F8 
 237      9247A1F7 
 238 0730 C1C8067F 		.ascii	"\301\310\006\177\237Q\330\300\242\220\355\212\302\241"
 238      9F51D8C0 
 238      A290ED8A 
 238      C2A1
 239 073e 8D1D5BFC 		.ascii	"\215\035[\374\3254\335\251\353\225eIGQ\220\245\222\310"
 239      D534DDA9 
 239      EB956549 
 239      475190A5 
 239      92C8
 240 0750 F20C420E 		.ascii	"\362\014B\016\013\302\267\333\235\353\306\220\303<\010"
 240      0BC2B7DB 
 240      9DEBC690 
 240      C33C08
 241 075f DEF87D97 		.ascii	"\336\370}\227\321{\006\334\231\313\343\374\266\266\366"
 241      D17B06DC 
 241      99CBE3FC 
 241      B6B6F6
 242 076e 6C0E6693 		.ascii	"l\016f\223tqn\344\223g\262\2677\020\237\24473\322\233"
 242      74716EE4 
 242      9367B2B7 
 242      37109FA4 
 242      3733D29B 
 243 0782 5CA41F9E 		.ascii	"\\\244\037\236\357\333\355\207\244\273y\334V:\217\257"
ARM GAS  C:\Users\CYIRKO~1\AppData\Local\Temp\cc31L4zG.s 			page 19


 243      EFDBED87 
 243      A4BB79DC 
 243      563A8FAF 
 244 0792 94B70283 		.ascii	"\224\267\002\203A\256\312:\227\262\246\017[\030\333"
 244      41AECA3A 
 244      97B2A60F 
 244      5B18DB
 245 07a1 A61D79B7 		.ascii	"\246\035y\267\003\3119\316\266\245-\275B\331\024\003"
 245      03C939CE 
 245      B6A52DBD 
 245      42D91403 
 246 07b1 E9267CED 		.ascii	"\351&|\355\313\243\001|Sle\034\233\036eK\344*\307>\355"
 246      CBA3017C 
 246      536C651C 
 246      9B1E654B 
 246      E42AC73E 
 247 07c6 3FF7D4C8 		.ascii	"?\367\324\310\261\022u4\255\254"
 247      B1127534 
 247      ADAC
 248 07d0 4B4F7FB6 		.ascii	"KO\177\266\310\312\"\302yu\015m\0231_\270i@\241\310"
 248      C8CA22C2 
 248      79750D6D 
 248      13315FB8 
 248      6940A1C8 
 249 07e4 7F1C0D57 		.ascii	"\177\034\015W\217\030\311-\246I\327]8p\317\017L\023"
 249      8F18C92D 
 249      A649D75D 
 249      3870CF0F 
 249      4C13
 250 07f6 00246C45 		.ascii	"\000$lE\256\337\264\030Z\014\331v\205.^y2\252\357\377"
 250      AEDFB418 
 250      5A0CD976 
 250      852E5E79 
 250      32AAEFFF 
 251 080a 379DE687 		.ascii	"7\235\346\207\367\376\002\231\214\027`\332\004\230\212"
 251      F7FE0299 
 251      8C1760DA 
 251      04988A
 252 0819 55548455 		.ascii	"UT\204U\264\223\331)\026'\300\0164\224\207;\005\235"
 252      B493D929 
 252      1627C00E 
 252      3494873B 
 252      059D
 253 082b 41836DAB 		.ascii	"A\203m\253\207:t!\231\312\016\021\006L\367V\304\345"
 253      873A7421 
 253      99CA0E11 
 253      064CF756 
 253      C4E5
 254 083d 8B945F89 		.ascii	"\213\224_\211\030\342bI\321\231M[7\006H\212\215\245"
 254      18E26249 
 254      D1994D5B 
 254      3706488A 
 254      8DA5
 255 084f 3F6903D1 		.ascii	"?i\003\321um\203UAZ\335\245?\245\273\353\334\205\242"
 255      756D8355 
 255      415ADDA5 
 255      3FA5BBEB 
ARM GAS  C:\Users\CYIRKO~1\AppData\Local\Temp\cc31L4zG.s 			page 20


 255      DC85A2
 256 0862 31AF14CA 		.ascii	"1\257\024\312\347jXm\255\350I\227S\277\300mp\227\030"
 256      E76A586D 
 256      ADE84997 
 256      53BFC06D 
 256      709718
 257 0875 02059826 		.ascii	"\002\005\230&\\\352\032\341\377\340\314\207\370\353"
 257      5CEA1AE1 
 257      FFE0CC87 
 257      F8EB
 258 0883 62B7F80A 		.ascii	"b\267\370\012\312\336\275\365]\275?\351\343\011\310"
 258      CADEBDF5 
 258      5DBD3FE9 
 258      E309C8
 259 0892 6CECFAAB 		.ascii	"l\354\372\253\317\200\357u\005<\237sL}Tx/\310\323\177"
 259      CF80EF75 
 259      053C9F73 
 259      4C7D5478 
 259      2FC8D37F 
 260 08a6 75B72E63 		.ascii	"u\267.c\034\367\2728\266\344\337\2527zz\344\023\335"
 260      1CF7BA38 
 260      B6E4DFAA 
 260      377A7AE4 
 260      13DD
 261 08b8 71A2FC1B 		.ascii	"q\242\374\033P<\272\376bj~Mj\030|\245x\203\373\202F"
 261      503CBAFE 
 261      626A7E4D 
 261      6A187CA5 
 261      7883FB82 
 262 08cd 708FE2CD 		.ascii	"p\217\342\315>\346\315\311\023\265\227\210v\337\245"
 262      3EE6CDC9 
 262      13B59788 
 262      76DFA5
 263 08dc 95AABAF0 		.ascii	"\225\252\272\3605\337wi\217\340\252\235\031\345\022"
 263      35DF7769 
 263      8FE0AA9D 
 263      19E512
 264 08eb 19516AAF 		.ascii	"\031Qj\257#\365\231r\020\017\246\377\305\270\323V\250"
 264      23F59972 
 264      100FA6FF 
 264      C5B8D356 
 264      A8
 265 08fc D4693FFB 		.ascii	"\324i?\373i{\267\242N\371'G\020\016\237\325\367\267"
 265      697BB7A2 
 265      4EF92747 
 265      100E9FD5 
 265      F7B7
 266 090e 04F98CD4 		.ascii	"\004\371\214\324!W\244\312y\244\326\264t\246\005xF\352"
 266      2157A4CA 
 266      79A4D6B4 
 266      74A60578 
 266      46EA
 267 0920 2026E400 		.ascii	" &\344\000KH\005\363\375\220\313\367\372\213\351W\210"
 267      4B4805F3 
 267      FD90CBF7 
 267      FA8BE957 
 267      88
ARM GAS  C:\Users\CYIRKO~1\AppData\Local\Temp\cc31L4zG.s 			page 21


 268 0931 67A47CA2 		.ascii	"g\244|\242\373+K\312\202\225H\265O\344\221:\254D\012"
 268      FB2B4BCA 
 268      829548B5 
 268      4FE4913A 
 268      AC440A
 269 0944 370F8DE0 		.ascii	"7\017\215\340~%R\225\342+\202\264$6\321l\215\215\237"
 269      7E255295 
 269      E22B82B4 
 269      2436D16C 
 269      8D8D9F
 270 0957 996237BC 		.ascii	"\231b7\274\373\227\217\302\336\216\214\024t\213c\355"
 270      FB978FC2 
 270      DE8E8C14 
 270      748B63ED 
 271 0967 FF902C96 		.ascii	"\377\220,\226\224\204$\307\264(\213c\241\365\365\230"
 271      948424C7 
 271      B4288B63 
 271      A1F5F598 
 272 0977 B845090B 		.ascii	"\270E\011\013\022\354\216\224\370\004[\214\303fK\264"
 272      12EC8E94 
 272      F8045B8C 
 272      C3664BB4 
 273 0987 C77C9A94 		.ascii	"\307|\232\224\022\306\236\302b\223\027\207Y\027/\260"
 273      12C69EC2 
 273      62931787 
 273      59172FB0 
 274 0997 C6C75BE3 		.ascii	"\306\307[\343c^\2332-,jj\344\364\177F\306\340\374\253"
 274      635E9B32 
 274      2D2C6A6A 
 274      E4F47F46 
 274      C6E0FCAB 
 275 09ab 49B624EB 		.ascii	"I\266$\353\253\326\330\005\0111\011Iq\211)\361\326\230"
 275      ABD6D805 
 275      09310949 
 275      718929F1 
 275      D698
 276 09bd C5B1A82B 		.ascii	"\305\261\250+\311\032c\211\267.\214MItX\034\237-\261"
 276      C91A6389 
 276      B72E8C4D 
 276      4974581C 
 276      9F2DB1
 277 09d0 DAA72C12 		.ascii	"\332\247,\022\014.{\177\377E\355\331?\263\307X\354\216"
 277      0C2E7B7F 
 277      FF45EDD9 
 277      3FB3C758 
 277      EC8E
 278 09e2 78548E46 		.ascii	"xT\216F\214\011\266%\266d\007\365\320\342xg\366\353"
 278      8C09B625 
 278      B66407F5 
 278      D0E27867 
 278      F6EB
 279 09f4 316F5343 		.ascii	"1oSC\363\271!f\324f\217\234\376Z\204\315\036\261(61"
 279      F3B92166 
 279      D4668F9C 
 279      FE5A84CD 
 279      1EB12836 
 280 0a09 8262ED11 		.ascii	"\202b\355\021\363?\374`ZT\304\334\271\263\"\336\235"
ARM GAS  C:\Users\CYIRKO~1\AppData\Local\Temp\cc31L4zG.s 			page 22


 280      F33FFC60 
 280      5A54C4DC 
 280      B9B322DE 
 280      9D
 281 0a1a F75EF4BF 		.ascii	"\367^\364\277\242\350+\013\006\316\222\230\030\217:"
 281      A2E82B0B 
 281      06CE9298 
 281      188F3A
 282 0a29 FD282A21 		.ascii	"\375(*!^\367\347w\314s\350m\256n\356\333\357\233u3\347"
 282      5EF7E777 
 282      CC73E86D 
 282      AE6EEEDB 
 282      EF9B7533 
 283 0a3e 9BCDF009 		.ascii	"\233\315\360\011\314\321\307%Zc\223\225xF\276fq\030"
 283      CCD1C725 
 283      5A639395 
 283      7846BE66 
 283      7118
 284 0a50 5C0FC46E 		.ascii	"\\\017\304nu\220\350Yf\362\336,\263~\336G\363f\231\375"
 284      7590E859 
 284      66F2DE2C 
 284      B37EDE47 
 284      F36699FD 
 285 0a64 A3E7CF9B 		.ascii	"\243\347\317\233={\226\331/\372\303\277\315\233m\326"
 285      3D7B96D9 
 285      2FFAC3BF 
 285      CD9B6DD6 
 286 0a74 7F103D6B 		.ascii	"\177\020=k\266\231\3144\233\215v\307b\214\315\247K\022"
 286      B699CC34 
 286      9B8D76C7 
 286      628CCDA7 
 286      4B12
 287 0a86 6C1687C4 		.ascii	"l\026\207\304\235H\210\2678\374l\013\027\242\026#Ui"
 287      9D4888B7 
 287      38FC6C0B 
 287      17A21623 
 287      5569
 288 0a98 59186B77 		.ascii	"Y\030kw\374\311\342\370\370\227\215\237+t\323~6Z\212"
 288      FCC9E2F8 
 288      F8978D9F 
 288      2B74D37E 
 288      365A8A
 289 0aab 882B3C28 		.ascii	"\210+<(\243\177/\032++\342g%\355\311qn\2518!\020\273"
 289      A37F2F1A 
 289      2B2BE267 
 289      25EDC971 
 289      6EA93821 
 290 0ac1 4F92131C 		.ascii	"O\222\023\034V\224\015\302\347\371V\007>}`\213\267\032"
 290      56940DC2 
 290      E7F95607 
 290      3E7D608B 
 290      B71A
 291 0ad3 126C8BB1 		.ascii	"\022l\213\261\2638~\345\212\277\005\275\3774\331\226"
 291      B3387EE5 
 291      8ABF05BD 
 291      FF34D996 
 292 0ae3 B284CE07 		.ascii	"\262\204\316\007Y,\013S\222\342,\226)\323\247\377a\272"
ARM GAS  C:\Users\CYIRKO~1\AppData\Local\Temp\cc31L4zG.s 			page 23


 292      592C0B53 
 292      92E22C96 
 292      29D3A7FF 
 292      61BA
 293 0af5 C135D2C5 		.ascii	"\3015\322\305-\212M\326\276\373c\324s\243\351\377\005"
 293      2D8A4DD6 
 293      BEFB63D4 
 293      73A3E9FF 
 293      05
 294 0b06 EDF86137 		.ascii	"\355\370a7"
 295              		.text
 296              		.section	.gnu.lto_.symtab.15b8d46f,"",%progbits
 297 0000 70616C52 		.ascii	"palReadBus\000"
 297      65616442 
 297      757300
 298 000b 00       		.ascii	"\000"
 299 000c 00       		.ascii	"\000"
 300 000d 00       		.ascii	"\000"
 301 000e 00000000 		.ascii	"\000\000\000\000\000\000\000\000"
 301      00000000 
 302 0016 0B010000 		.ascii	"\013\001\000\000"
 303 001a 70616C57 		.ascii	"palWriteBus\000"
 303      72697465 
 303      42757300 
 304 0026 00       		.ascii	"\000"
 305 0027 00       		.ascii	"\000"
 306 0028 00       		.ascii	"\000"
 307 0029 00000000 		.ascii	"\000\000\000\000\000\000\000\000"
 307      00000000 
 308 0031 10010000 		.ascii	"\020\001\000\000"
 309 0035 70616C53 		.ascii	"palSetBusMode\000"
 309      65744275 
 309      734D6F64 
 309      6500
 310 0043 00       		.ascii	"\000"
 311 0044 00       		.ascii	"\000"
 312 0045 00       		.ascii	"\000"
 313 0046 00000000 		.ascii	"\000\000\000\000\000\000\000\000"
 313      00000000 
 314 004e 18010000 		.ascii	"\030\001\000\000"
 315 0052 5F70616C 		.ascii	"_pal_lld_setgroupmode\000"
 315      5F6C6C64 
 315      5F736574 
 315      67726F75 
 315      706D6F64 
 316 0068 00       		.ascii	"\000"
 317 0069 02       		.ascii	"\002"
 318 006a 00       		.ascii	"\000"
 319 006b 00000000 		.ascii	"\000\000\000\000\000\000\000\000"
 319      00000000 
 320 0073 1E010000 		.ascii	"\036\001\000\000"
 321              		.text
 322              		.section	.gnu.lto_.opts,"",%progbits
 323 0000 272D666D 		.ascii	"'-fmath-errno' '-fsigned-zeros' '-ftrapping-math' '"
 323      6174682D 
 323      6572726E 
 323      6F272027 
ARM GAS  C:\Users\CYIRKO~1\AppData\Local\Temp\cc31L4zG.s 			page 24


 323      2D667369 
 324 0033 2D666E6F 		.ascii	"-fno-trapv' '-fno-openmp' '-fno-openacc' '-mcpu=cor"
 324      2D747261 
 324      70762720 
 324      272D666E 
 324      6F2D6F70 
 325 0066 7465782D 		.ascii	"tex-m7' '-mno-thumb-interwork' '-mthumb' '-ggdb' '-"
 325      6D372720 
 325      272D6D6E 
 325      6F2D7468 
 325      756D622D 
 326 0099 4F322720 		.ascii	"O2' '-fomit-frame-pointer' '-falign-functions=16' '"
 326      272D666F 
 326      6D69742D 
 326      6672616D 
 326      652D706F 
 327 00cc 2D666675 		.ascii	"-ffunction-sections' '-fdata-sections' '-fno-common"
 327      6E637469 
 327      6F6E2D73 
 327      65637469 
 327      6F6E7327 
 328 00ff 2720272D 		.ascii	"' '-flto'\000"
 328      666C746F 
 328      2700
 329              		.text
 330              		.comm	__gnu_lto_v1,1,1
 331              		.comm	__gnu_lto_slim,1,1
 332              		.ident	"GCC: (GNU Tools for ARM Embedded Processors 6-2017-q1-update) 6.3.1 20170215 (release) [AR
ARM GAS  C:\Users\CYIRKO~1\AppData\Local\Temp\cc31L4zG.s 			page 25


DEFINED SYMBOLS
                            *ABS*:00000000 hal_pal.c
                            *COM*:00000001 __gnu_lto_v1
                            *COM*:00000001 __gnu_lto_slim

NO UNDEFINED SYMBOLS
