ARM GAS  C:\Users\CYIRKO~1\AppData\Local\Temp\ccfOpEHt.s 			page 1


   1              		.cpu cortex-m7
   2              		.eabi_attribute 20, 1
   3              		.eabi_attribute 21, 1
   4              		.eabi_attribute 23, 3
   5              		.eabi_attribute 24, 1
   6              		.eabi_attribute 25, 1
   7              		.eabi_attribute 26, 1
   8              		.eabi_attribute 30, 2
   9              		.eabi_attribute 34, 1
  10              		.eabi_attribute 18, 4
  11              		.file	"main.c"
  12              		.text
  13              	.Ltext0:
  14              		.section	.gnu.lto_.profile.1168724c,"",%progbits
  15 0000 789C6365 		.ascii	"x\234ce`b`a```d\360\346\001\000\001\"\000d"
  15      60626061 
  15      60606064 
  15      F0E60100 
  15      01220064 
  16              		.text
  17              		.section	.gnu.lto_.icf.1168724c,"",%progbits
  18 0000 789C6365 		.ascii	"x\234ce`b\340`@\000F\206\227K\032\217\2600\000\000\016"
  18      6062E060 
  18      40004686 
  18      974B1A8F 
  18      B0300000 
  19 0015 6602E7   		.ascii	"f\002\347"
  20              		.text
  21              		.section	.gnu.lto_.jmpfuncs.1168724c,"",%progbits
  22 0000 789C6365 		.ascii	"x\234ce`b(d``\340c\200\000F fb\234\316\314\270\365Y"
  22      60622864 
  22      6060E063 
  22      80004620 
  22      66629CCE 
  23 0018 67036F1F 		.ascii	"g\003o\037\363|f\006F#\306\345\2142\014\014l \341\235"
  23      F37C6606 
  23      4623C6E5 
  23      8C320C0C 
  23      6C20E19D 
  24 002c 3BDFDC66 		.ascii	";\337\334f\257\377\333\3001\237\231q13H\303\012\306"
  24      AFFFDBC0 
  24      319F9971 
  24      313348C3 
  24      0AC6
  25 003e 7A064616 		.ascii	"z\006F\026\006\220\344\371\245\017\012\025\031\3477"
  25      0690E4F9 
  25      A50F0A15 
  25      19E737
  26 004d CC5098CF 		.ascii	"\314P\230\317\314\304\000\024\370\370q\357KV\240j\211"
  26      CCC40014 
  26      F8F871EF 
  26      4B56A06A 
  26      89
  27 005e F9CCCC8C 		.ascii	"\371\314\314\214+\031\025\201\312WA\224\303\001oHfr"
  27      2B191581 
  27      CA574194 
  27      C3016F48 
ARM GAS  C:\Users\CYIRKO~1\AppData\Local\Temp\ccfOpEHt.s 			page 2


  27      6672
  28 0070 76B19586 		.ascii	"v\261\225\206j\212&\027/\003\000\256\241 p"
  28      6A8A2617 
  28      2F0300AE 
  28      A12070
  29              		.text
  30              		.section	.gnu.lto_.inline.1168724c,"",%progbits
  31 0000 789C6365 		.ascii	"x\234ce`b\260a@\000F\006\006\276+\322\214@Q\006\006"
  31      6062B061 
  31      40004606 
  31      06BE2BD2 
  31      8C405106 
  32 0015 1630C9C0 		.ascii	"\0260\311\300\304\315\010\024f\341ed`f`\230\340\007"
  32      C4CD0814 
  32      66E16564 
  32      60666098 
  32      E007
  33 0027 E2323072 		.ascii	"\34220r1`\020\014\000m\032\002\207"
  33      3160100C 
  33      006D1A02 
  33      87
  34              		.text
  35              		.section	.gnu.lto_.pureconst.1168724c,"",%progbits
  36 0000 789C6365 		.ascii	"x\234ce`b`f```d0\001\000\000\240\000@"
  36      60626066 
  36      60606064 
  36      30010000 
  36      A00040
  37              		.text
  38              		.section	.gnu.lto_main.1168724c,"",%progbits
  39 0000 789C6D92 		.ascii	"x\234m\222\313k\024A\020\306\353\233\232\331\231lv\326"
  39      CB6B1441 
  39      10C6EB9B 
  39      9AD9996C 
  39      76D6
  40 0012 081E57D8 		.ascii	"\010\036W\330\034\026\262\027\017\036<x\363\177\360"
  40      1C16B217 
  40      0F1E3C78 
  40      F37FF0
  41 0021 1F907809 		.ascii	"\037\220x\011\242\020\324\243L\033\327W\202\217\203"
  41      A210D4A3 
  41      4C1BD757 
  41      828F83
  42 0030 261949E8 		.ascii	"&\031I\350\201 \0337\232\227\306\270\006u\024/\212&"
  42      81201B37 
  42      9A97C6B8 
  42      0675142F 
  42      8A26
  43 0042 185811BC 		.ascii	"\030X\021\274HD\301\007\221=I\004\243\3253\0066\262"
  43      4844C107 
  43      913D4904 
  43      A3D53306 
  43      36B2
  44 0054 0DD3D3DD 		.ascii	"\015\323\323\335\363\253\257\276\256\032\207,zg\021"
  44      F3ABAFBE 
  44      AE1A872C 
  44      7A6711
ARM GAS  C:\Users\CYIRKO~1\AppData\Local\Temp\ccfOpEHt.s 			page 3


  45 0063 ED26A27D 		.ascii	"\355&\242}\362\300!XW\227\211N{\0268]0\354ta\247'\007"
  45      F2C02158 
  45      5797894E 
  45      7B16385D 
  45      30EC7461 
  46 007a 4081C536 		.ascii	"@\201\3056d\242t\\\341\021\306\233\312\354\030_f\315"
  46      64A2745C 
  46      E111C69B 
  46      CAEC185F 
  46      66CD
  47 008c 045BB6CD 		.ascii	"\004[\266\315\3277>\346\315\026(\312\266qmz*W\256*\031"
  47      D7373EE6 
  47      CD1628CA 
  47      B6716D7A 
  47      2A57AE2A 
  48 00a1 F1C8FCAE 		.ascii	"\361\310\374\256p2\2665[\024\012=\211\002\252(\230\354"
  48      7032B635 
  48      5B140A3D 
  48      8902AA28 
  48      98EC
  49 00b3 B7502681 		.ascii	"\267P&\201/=~\271\356r\026f]\377\271\372\324-M(5\240"
  49      2F3D7EB9 
  49      EE721666 
  49      5DFFB9FA 
  49      D42D4D28 
  50 00c9 E2E5350E 		.ascii	"\342\3455\016U\\)jf\324\300\333\203\311\320ks\233\327"
  50      555C296A 
  50      66D4C0DB 
  50      83C9D06B 
  50      739BD7
  51 00dc FD8C8D29 		.ascii	"\375\214\215)\224\214\266H\336F\006\3622'3\253\210\325"
  51      948CB648 
  51      DE4606F2 
  51      322733AB 
  51      88D5
  52 00ee E69FF32A 		.ascii	"\346\237\363*~\273\263\226\357\364(\301hP8\320\220\270"
  52      7EBBB396 
  52      EFF428C1 
  52      685038D0 
  52      90B8
  53 0100 017FC399 		.ascii	"\001\177\303\231\350G\217\011Jr\327\277\277w\203\337"
  53      E8478F09 
  53      4A72D7BF 
  53      BF7783DF 
  54 0110 CAD36C87 		.ascii	"\312\323l\207ld\356  \315\016\031\256\277=&\325\304"
  54      6C64EE20 
  54      20CD0E19 
  54      AEBF3D26 
  54      D5C4
  55 0122 740B76B2 		.ascii	"t\013v\262=f\222\316\264`\247\332c\266`\263\377\260"
  55      3D6692CE 
  55      B460A7DA 
  55      63B660B3 
  55      FFB0
  56 0134 4F1888AA 		.ascii	"O\030\210\252M$W\022\347\302\016\237}\266\342\232\""
  56      4D245712 
  56      E7C20E9F 
ARM GAS  C:\Users\CYIRKO~1\AppData\Local\Temp\ccfOpEHt.s 			page 4


  56      7DB6E29A 
  56      22
  57 0145 8B39CC25 		.ascii	"\2139\314%e\030\022e\351Rr\223\305\215\004\036go\273"
  57      65181265 
  57      E9527293 
  57      C58D041E 
  57      676FBB
  58 0158 6E261435 		.ascii	"n&\0245\302|\242\353\032\335\342\226\250\260b\347\\"
  58      C27CA2EB 
  58      1ADDE296 
  58      A8B062E7 
  58      5C
  59 0169 B4F4026D 		.ascii	"\264\364\002m\014y!g$\360\256\004\266f\357\300\177\\"
  59      0C792167 
  59      24F0AE04 
  59      B666EFC0 
  59      7F5C
  60 017b C704A7FD 		.ascii	"\307\004\247\375\370\372\252\361<\2531\016-\355\\@\200"
  60      F8FAAAF1 
  60      3CAB310E 
  60      2DED5C40 
  60      80
  61 018c 7BC6A47C 		.ascii	"{\306\244|\210~m4r\002_P*Z\267\214\304}\3504%\026\021"
  61      887E6D34 
  61      72025F50 
  61      2A5AB78C 
  61      C47DE834 
  62 01a3 08B172F3 		.ascii	"\010\261r\363C\177w\227V\243\322\356N\023\322l>\372"
  62      437F7797 
  62      56A3D2EE 
  62      4E13D26C 
  62      3EFA
  63 01b5 E248C8A8 		.ascii	"\342H\310\250\204\324$k\016\017\320\235F\324\021\210"
  63      84D4246B 
  63      0E0FD09D 
  63      46D41188 
  64 01c5 71CDBE78 		.ascii	"q\315\276x\257DO\332z\317\207rU\302\303\324\373\302"
  64      AF444FDA 
  64      7ACF8772 
  64      55C2C3D4 
  64      FBC2
  65 01d7 E78BCA37 		.ascii	"\347\213\3127\336w`/\226P\320\334E\346W\260M\3610h\232"
  65      DE77602F 
  65      9650D0DC 
  65      45E657B0 
  65      4DF13068 
  66 01ec 2DC33D7A 		.ascii	"-\303=z\250\357\330\236^rN\364\365\0369\356\0374\363"
  66      A8EFD89E 
  66      5E724EF4 
  66      F51E39EE 
  66      1F34F3
  67 01ff FE9ED2E1 		.ascii	"\376\236\322\341r\326\247\277\335G\363\315"
  67      72D6A7BF 
  67      DD47F3CD 
  68              		.text
  69              		.section	.gnu.lto_.symbol_nodes.1168724c,"",%progbits
  70 0000 789C55CF 		.ascii	"x\234U\317\275\021\3020\014\005\340\347\2478f\014Fa"
ARM GAS  C:\Users\CYIRKO~1\AppData\Local\Temp\ccfOpEHt.s 			page 5


  70      BD11C230 
  70      0C05E0E7 
  70      A738660C 
  70      4661
  71 0012 2526908B 		.ascii	"%&\220\213\034\015\015\003\360g\360\024\251SCG\015w"
  71      1C0D0D03 
  71      F067F014 
  71      A9534347 
  71      0D77
  72 0024 99834371 		.ascii	"\231\203Cq\205\324<\335\367\324(\202x\302\206G*px\000"
  72      85D43CDD 
  72      F7D42882 
  72      78C28647 
  72      2A707800 
  73 0038 16632E01 		.ascii	"\026c.\001\210wbmU\250\324\320* \347\215\301\215J\007"
  73      8877626D 
  73      55A8D4D0 
  73      2A20E78D 
  73      C18D4A07 
  74 004c 852A0EAE 		.ascii	"\205*\016\256\324\316\301\205\032\035\234\251\275\203"
  74      D4CEC185 
  74      1A1D9CA9 
  74      BD83
  75 005a 1335FD83 		.ascii	"\0235\375\203`\205\372\376\006A\302\324\262\307\334"
  75      6085FAFE 
  75      0641C2D4 
  75      B2C7DC
  76 0069 3262F82C 		.ascii	"2b\370,\331a*\257}\022;\035v\363\270\025{\246.\013~"
  76      D9612AAF 
  76      7D123B1D 
  76      76F3B815 
  76      7BA62E0B 
  77 007e A884347A 		.ascii	"\250\2044z"
  78              		.text
  79              		.section	.gnu.lto_.refs.1168724c,"",%progbits
  80 0000 789C6365 		.ascii	"x\234ce`b`c```d`b\344`\000\000\000\311\000\032"
  80      60626063 
  80      60606064 
  80      6062E460 
  80      000000C9 
  81              		.text
  82              		.section	.gnu.lto_.decls.1168724c,"",%progbits
  83 0000 789CB55B 		.ascii	"x\234\265[\011PTY\226\315\227\357g\222$\011XhT\033\023"
  83      09505459 
  83      96CD97EF 
  83      67922409 
  83      5868541B 
  84 0015 46B75161 		.ascii	"F\267QaW\023\275\210K\267\326\364\364\314T\217v\367"
  84      5713BD88 
  84      4BB7D6F4 
  84      F4CC548F 
  84      76F7
  85 0027 D44CD732 		.ascii	"\324L\3272`u\364D;C \244J\027\233d\3422\023\035\235"
  85      6075F444 
  85      3B4320A4 
  85      4A179B64 
  85      E232131D 
ARM GAS  C:\Users\CYIRKO~1\AppData\Local\Temp\ccfOpEHt.s 			page 6


  86 003c 902E8028 		.ascii	"\220.\200(\213\240\200\200(\250 \270\200\240\"(\233"
  86      8BA08080 
  86      28A820B8 
  86      80A02228 
  86      9B
  87 004d 028A8A82 		.ascii	"\002\212\212\202\033\242l\"(\312\"(\002\012\314}\357"
  87      1BA26C22 
  87      28CA2228 
  87      020ACC7D 
  87      EF
  88 005e FD9FFF67 		.ascii	"\375\237\377g\362\323\322\232\031\302\233\231\357\377"
  88      F2D3D29A 
  88      19C29B99 
  88      EFFF
  89 006c FBEE3DF7 		.ascii	"\373\356=\367\276{\357[\376W\245P*.\375J\2410;*\024"
  89      BE7BEF5B 
  89      FE57A550 
  89      2A2EFD4A 
  89      A1303B2A 
  90 0081 ED0A8562 		.ascii	"\355\012\205b\012\376\224\360}\024\210\003\372\030\350"
  90      0AFE94F0 
  90      7D148803 
  90      FA18E8
  91 0090 0BB8E009 		.ascii	"\013\270\340\011\344En\300\237\006\350\217\360{%\320"
  91      E4456EC0 
  91      9F06E88F 
  91      F07B25D0 
  92 00a0 3A2023D0 		.ascii	": #\320\006\240M@\377\015\364\027 \004<\177\345\371"
  92      06A04D40 
  92      FF0DF417 
  92      20043C7F 
  92      E5F9
  93 00b2 85BF0210 		.ascii	"\205\277\002\020\370\001|\273\001\315\002\372\012\250"
  93      F8017CBB 
  93      01CD02FA 
  93      0AA8
  94 00c0 10C8047C 		.ascii	"\020\310\004|\353\201\302\201\014@\021J\246\363s\211"
  94      EB81C281 
  94      0C40114A 
  94      A6F37389 
  95 00d0 DE1020B3 		.ascii	"\336\020 \263\222\341\371\223\015\216\277\360z7\361"
  95      92E1F993 
  95      0D8EBFF0 
  95      7A37F1
  96 00df 388C3CAE 		.ascii	"8\214<\256\225vp\354\301\350\306\346\023ix'FnZ\304A"
  96      957670EC 
  96      C1E8C6E6 
  96      13697827 
  96      466E5AC4 
  97 00f4 F3F9D5D4 		.ascii	"\363\371\325\324\207.\320\234\245Es\241y\272#\251\334"
  97      872ED09C 
  97      A54573A1 
  97      79BA23A9 
  97      DC
  98 0105 91DDBD4B 		.ascii	"\221\335\275K\270/\247\214\265\270`%\"\277\037\324\345"
  98      B82FA78C 
  98      B5B86025 
ARM GAS  C:\Users\CYIRKO~1\AppData\Local\Temp\ccfOpEHt.s 			page 7


  98      22BF1FD4 
  98      E5
  99 0116 E6919E3F 		.ascii	"\346\221\236?\322\"\342+W\270t\374Y\311\2303\273D8\332"
  99      D222E22B 
  99      57B874FC 
  99      59C99833 
  99      BB4438DA 
 100 012a C6727E3B 		.ascii	"\306r~;?\337\304\3764\263E\245\215\261C\331\016\370"
 100      3FDFC4FE 
 100      34B345A5 
 100      8DB143D9 
 100      0EF8
 101 013c 03C2A44C 		.ascii	"\003\302\244L\271|\247\212C\356\332C\204\251\242g\370"
 101      B97CA78A 
 101      43EEDA43 
 101      84A9A267 
 101      F8
 102 014d 47F1DB4C 		.ascii	"G\361\333L&%:\201\264\350\030\302\350(\232\017}@\"|"
 102      26253A81 
 102      B4E818C2 
 102      E8289A0F 
 102      7D40227C 
 103 0161 469A4C11 		.ascii	"F\232L\021\2468\263\311\361\237\025(\007\315A\207\321"
 103      A638B3C9 
 103      F19F1528 
 103      07CD4187 
 103      D1
 104 0172 1C053A8E 		.ascii	"\034\005:\216\334\211>\302\207\362\341b\036\\\004\025"
 104      DC893EC2 
 104      87F2E162 
 104      1E5C0415 
 105 0182 B9D9F107 		.ascii	"\271\331\361\007\324\330\214\250\216\232\363-w9\244"
 105      D4D88CA8 
 105      8E9AF32D 
 105      7739A4
 106 0191 75971570 		.ascii	"u\227\025pRF\000\017&\367\243\232-\004L!\200)\020\301"
 106      5246000F 
 106      26F7A39A 
 106      2D044C21 
 106      802910C1 
 107 01a5 00366647 		.ascii	"\0006fGS\367\376\315:\346\236\353\244\235?r\264\027"
 107      53F7FECD 
 107      3AE69EEB 
 107      A49D3F72 
 107      B417
 108 01b7 E1C75429 		.ascii	"\341\307T)\332;\374\340\011\357;w\211g\335\230gk\023"
 108      DA3BFCE0 
 108      09EF3B77 
 108      8967DD98 
 108      676B13
 109 01ca 4E9A31EE 		.ascii	"N\2321\356g\254\221\371;\253\261\026\320\231\337\011"
 109      67AC91F9 
 109      3BABB116 
 109      D099DF09 
 110 01da 1DF4D859 		.ascii	"\035\364\330YQ\366\367x\210\365\356\337\374\250\335"
 110      51F6F778 
 110      88F5EEDF 
ARM GAS  C:\Users\CYIRKO~1\AppData\Local\Temp\ccfOpEHt.s 			page 8


 110      FCA8DD
 111 01e9 89499E4D 		.ascii	"\211I\236MF\324\264\257\317\005\217\260{\305EE'\021"
 111      46D4B4AF 
 111      CF058FB0 
 111      7BC54545 
 111      2711
 112 01fb 1E678DC6 		.ascii	"\036g\215\306\301+\351<\343\014hF\014\264%\250\361$"
 112      C12BE93C 
 112      E30C6846 
 112      0CB425A8 
 112      F124
 113 020d BB77FB49 		.ascii	"\273w\373Ix\270\006\233\331\320\246\226\276\270\254"
 113      78B8069B 
 113      D9D0A696 
 113      BEB8AC
 114 021c 628C1A68 		.ascii	"b\214\032h\026\336\316)\325\340Hv\257=!\341\274\023"
 114      16DECE29 
 114      D5E04876 
 114      AF3D21E1 
 114      BC13
 115 022e 8E618D9B 		.ascii	"\216a\215\233%\267\"\235p\034kD\026\024$;\341D\326\330"
 115      25B7229D 
 115      701C6B44 
 115      1614243B 
 115      E144D6D8 
 116 0242 9C1ED7A0 		.ascii	"\234\036\327\240d\"~\012\315\335Qi\355\034\213\253v"
 116      64227E0A 
 116      CDDD5169 
 116      ED1C8BAB 
 116      76
 117 0253 25915250 		.ascii	"%\221RP\333\203p2\345u\036/\370\013\2327s\036\377\347"
 117      DB837032 
 117      E5751E2F 
 117      F80B9A37 
 117      731EFFE7 
 118 0267 3E6FDE01 		.ascii	">o\336\001\323f3\270\277~n\324\301\3131\246\314*\204"
 118      D36633B8 
 118      BF7E6ED4 
 118      C1CB31A6 
 118      CC2A84
 119 027a 4A6004CA 		.ascii	"J`\004\312a\004.\243\231\242o\316\303\007u\025\214F"
 119      61042EA3 
 119      99A26FCE 
 119      C3077515 
 119      8C46
 120 028c 3C19B138 		.ascii	"<\031\2618\223\351SN\201j\201\241\206\336#\354\340:"
 120      93E9534E 
 120      816A81A1 
 120      86DE23EC 
 120      E03A
 121 029e D4045EBC 		.ascii	"\324\004^\274\202\346\241z\240k@\327\201\256\002]\002"
 121      82E6A17A 
 121      A06B40D7 
 121      81AE025D 
 121      02
 122 02af 6A00BA05 		.ascii	"j\000\272\005t\023\350\006P#\232G\343\224\201\350\214"
 122      7413E806 
ARM GAS  C:\Users\CYIRKO~1\AppData\Local\Temp\ccfOpEHt.s 			page 9


 122      50239A47 
 122      E39481E8 
 122      8C
 123 02c0 54A5982A 		.ascii	"T\245\230*6c\212\340\202-\002\017\021\000c\277'e\277"
 123      36638AE0 
 123      822D020F 
 123      110063BF 
 123      2765BF
 124 02d3 28CBBE50 		.ascii	"(\313\276P\344\036\227rW\310\233'a\357\225\262W\333"
 124      E41E9772 
 124      57C89B27 
 124      61EF95B2 
 124      57DB
 125 02e5 B257DAB2 		.ascii	"\262W\332\262_\216\222\260\237\263e/\265e\037\222J\257"
 125      5F8E92B0 
 125      9FB3652F 
 125      B5651F92 
 125      4AAF
 126 02f7 92972E35 		.ascii	"\222\227.5\265S*\376\214-\377\351i\374\275R\376:[\376"
 126      B5532AFE 
 126      8C2DFFE9 
 126      69FCBD52 
 126      FE3A5BFE 
 127 030b 53221C96 		.ascii	"S\"\034\226|\327\010\034\323\014\302\245\340\023O\034"
 127      7CD7081C 
 127      D30CC2A5 
 127      E0134F1C 
 128 031b 95D62855 		.ascii	"\225\326(Un\241\311\024\245\246\302\316\312+\227\330"
 128      6EA1C914 
 128      A5A6C2CE 
 128      CA2B97D8 
 129 032b D628D55D 		.ascii	"\326(\325]&\357\012\206\025b\263\356AA\"\306\33546\225"
 129      26EF0A86 
 129      1562B3EE 
 129      414122C6 
 129      DD343695 
 130 033f E6FE384F 		.ascii	"\346\3768O\344>\223a\032\211R\231M&\204\356B\357\333"
 130      E43E9361 
 130      1A895299 
 130      4D2684EE 
 130      42EFDB
 131 0352 623D2010 		.ascii	"b= \020\345#\020\335\201\300\373\337\004!\300\311\256"
 131      E52310DD 
 131      81C0FBDF 
 131      0421C0C9 
 131      AE
 132 0363 BB59A0D1 		.ascii	"\273Y\240\321E[J\027\325.`W\240f\244\343\031KO\227\325"
 132      455B4A17 
 132      D52E6057 
 132      A066A4E3 
 132      194B4F97 
 133 0378 F059BB00 		.ascii	"\360Y\273\000\232\243e7\016\360\0318\017\232G*\266\327"
 133      9AA36537 
 133      0EF01938 
 133      0F9A472A 
 133      B6D7
 134 038a 61968199 		.ascii	"a\226\201\231$\003\233\342\357ep\370\005\313\326\350"
ARM GAS  C:\Users\CYIRKO~1\AppData\Local\Temp\ccfOpEHt.s 			page 10


 134      24039BE2 
 134      EF6570F8 
 134      05CBD6E8 
 135 039a 4766B30E 		.ascii	"Gf\263\016\277f\215\362\366W\231Z\014\316\"\215\343"
 135      BF668DF2 
 135      F657995A 
 135      0CCE228D 
 135      E3
 136 03ab 5BBA7235 		.ascii	"[\272r5\320m\016Ty$)\361sX\211/\252\030>\312\341\030"
 136      D06D0E54 
 136      792429F1 
 136      7358892F 
 136      AA183ECA 
 137 03c1 CAAB3C55 		.ascii	"\312\253<U\324\225\252\225\224\362\017\317\220\001\354"
 137      D495AA95 
 137      94F20FCF 
 137      9001EC
 138 03d0 0297778A 		.ascii	"\002\227w\212\316\232c\251\344\203\007Lx\266\002-\236"
 138      CE9A63A9 
 138      E483074C 
 138      78B6022D 
 138      9E
 139 03e1 831680A7 		.ascii	"\203\026\200\247\036\202w\346\360\205\256\003\254k\347"
 139      1E8277E6 
 139      F085AE03 
 139      AC6BE7
 140 03f0 EBF8BE9C 		.ascii	"\353\370\276\234\013\316x7S\220\222TY\344\"*\310\375"
 140      0BCE7837 
 140      53909254 
 140      59E4222A 
 140      C8FD
 141 0402 E8242DCF 		.ascii	"\350$-\317=\240\341\221\250\241\013\331Q\321-\257\242"
 141      3DA0E191 
 141      A8A10BD9 
 141      51D12DAF 
 141      A2
 142 0413 E975C273 		.ascii	"\351u\302s\245\324\301D\236\350\340\307\026\007GE\277"
 142      A5D4C144 
 142      9EE8E0C7 
 142      16074745 
 142      BF
 143 0424 2874C219 		.ascii	"(t\302\031\31417\242'\3624\370\020k\364\266\026\034"
 143      CC3137A2 
 143      27F234F8 
 143      106BF4B6 
 143      161C
 144 0436 56E17CD6 		.ascii	"V\341|\326\030{\024kr\306\305\330j\226\374r\372,\371"
 144      187B146B 
 144      72C6C5D8 
 144      6A96FC72 
 144      FA2CF9
 145 0449 257361F6 		.ascii	"%sa\366\330\300i\035.g\026\3368\327\327\241\261X\370"
 145      D8C0691D 
 145      2E6716DE 
 145      38D7D7A1 
 145      B158F8
 146 045c 6AF4A3D2 		.ascii	"j\364\243\322V\223i.z\016\210\006D\013\277\264;\033"
ARM GAS  C:\Users\CYIRKO~1\AppData\Local\Temp\ccfOpEHt.s 			page 11


 146      5693692E 
 146      7A0E8806 
 146      440BBFB4 
 146      3B1B
 147 046e 0E82895F 		.ascii	"\016\202\211_\362&\366\303\305>f\342x\304\325:G\371"
 147      F226F6C3 
 147      C53E66E2 
 147      78C4D53A 
 147      47F9
 148 0480 09C64E8F 		.ascii	"\011\306N\217\323\375y\247\235Y\270T\220vU_\\6\306y"
 148      D3FD79A7 
 148      9D59B854 
 148      9076555F 
 148      5C36C679 
 149 0494 1C851C77 		.ascii	"\034\205\034w\177\254\314\011\027\263\206\300\351\306"
 149      7FACCC09 
 149      17B386C0 
 149      E9C6
 150 04a2 73E674A7 		.ascii	"s\346t\247\355\344'\305O\310\024q\275\365 \306g\031"
 150      EDE427C5 
 150      4FC81471 
 150      BDF520C6 
 150      6719
 151 04b4 AF29F1F5 		.ascii	"\257)\361\365>g\\M\033J\323\243\213\217\224\366f\345"
 151      3E675C4D 
 151      1B4AD3A3 
 151      8B8F94F6 
 151      66E5
 152 04c6 D77667E5 		.ascii	"\327vg\345\266\024\034\231\025k2qh\034\2742&z\245P\230"
 152      B6141C99 
 152      156B3271 
 152      681CBC32 
 152      267AA550 
 153 04db 96EF9FDC 		.ascii	"\226\357\237\334Q\255\301I*\2522\357\325\346bW\234\316"
 153      51ADC149 
 153      2AAA32EF 
 153      D5E66257 
 153      9CCE
 154 04ed 1AE3BB4A 		.ascii	"\032\343\273J\212\235p\026kTN4\247iq.k\234\352\276T"
 154      8A9D7016 
 154      6B544E34 
 154      A769712E 
 154      6B9CEABE 
 155 0502 A365F69A 		.ascii	"\243e\366\232H\234\2779\330pW\203\013\330MsWz\207\013"
 155      489CBF39 
 155      D8705783 
 155      0BD84D73 
 155      577A870B 
 156 0516 3ECB1A35 		.ascii	">\313\0325\261\233c\264\270\2326\224y;\"\237\331]Yl"
 156      B19B63B4 
 156      B89A3694 
 156      793B229F 
 156      D95D596C 
 157 052a 51DAB3E1 		.ascii	"Q\332\263\341\336lX\020\241\315J-2+\247\343\317=;|P"
 157      DE6C5810 
 157      A1CD4A2D 
 157      322BA7E3 
ARM GAS  C:\Users\CYIRKO~1\AppData\Local\Temp\ccfOpEHt.s 			page 12


 157      CF3D3B7C 
 158 053f 8D1B98BA 		.ascii	"\215\033\230\272\316\251\311?\343\273\354wT~T\215\013"
 158      CEA9C93F 
 158      E3BBEC77 
 158      547E548D 
 158      0B
 159 0550 6E678D03 		.ascii	"ng\215\003\345\245\317\034\360 k\344\364\266\275\301"
 159      E5A5CF1C 
 159      F0206BE4 
 159      F4B6BDC1 
 160 0560 788A353A 		.ascii	"x\2125:\356\327\236p\301\341j\332(}\265\267\324\025"
 160      EED79E70 
 160      C1E16ADA 
 160      287DB5B7 
 160      D415
 161 0572 47B2C6D5 		.ascii	"G\262\306\325\207SCZ\034\313\032\247S'+8\274\2335\266"
 161      8753435A 
 161      1CCB1AA7 
 161      53272B38 
 161      BC9B35B6 
 162 0586 EC38BA87 		.ascii	"\3548\272\207\330\257fq\352\000\227\272\006\307Oq\354"
 162      D8AF6671 
 162      EA0097BA 
 162      06C74F71 
 162      EC
 163 0597 1201BD11 		.ascii	"\022\001\275\021.\245\247\334/p\301\251\264\213\362"
 163      2EA5A7DC 
 163      2F70C1A9 
 163      B48BF2
 164 05a6 594754B4 		.ascii	"YGT\264\030\253='\177\024NWn\273\300\252x\321*5\037"
 164      18AB3D27 
 164      7F144E57 
 164      6EBBC0AA 
 164      78D12A35 
 165 05bb ABA669EE 		.ascii	"\253\246i\356I\000\367\250y\367\304)\347\240X%\215\274"
 165      4900F7A8 
 165      79F7C429 
 165      E7A05825 
 165      8DBC
 166 05cd A1B1C122 		.ascii	"\241\261\301\"\016g3\035\321\035C\023\256\314\277\323"
 166      0E67331D 
 166      D11D4313 
 166      AECCBFD3 
 167 05dd 05EC9611 		.ascii	"\005\354\226\021 \224\206E\305\2644$\001\230D\021\014"
 167      20948645 
 167      C5B43424 
 167      01984411 
 167      0C
 168 05ee 60632EEE 		.ascii	"`c.\3560\275N\321\341|\246\244\364hV\244X\267 \276v"
 168      30BD4ED1 
 168      E17CA6A4 
 168      F46856A4 
 168      58B720BE 
 169 0603 B0F84A81 		.ascii	"\260\370J\201\316{\304\316IJ\273\246$\313\233\262=\251"
 169      CE7BC4CE 
 169      494ABBA6 
 169      24CB9BB2 
ARM GAS  C:\Users\CYIRKO~1\AppData\Local\Temp\ccfOpEHt.s 			page 13


 169      3DA9
 170 0615 EF900B2E 		.ascii	"\357\220\013.d\036~\3758\261\031\261\274\320\221\325"
 170      641E7EFD 
 170      38B119B1 
 170      BCD091D5 
 171 0625 576973BC 		.ascii	"Wis\274+\277\"\242\213\263\361\310I\016\2273\336;1M"
 171      2BBF22A2 
 171      8BB3F1C8 
 171      490E9733 
 171      DE3B314D 
 172 0639 2D6A5CCB 		.ascii	"-j\\\313\340\215\365\326\035u\262\300\273LC'\023\240"
 172      E08DF5D6 
 172      1D75B2C0 
 172      BB4C4327 
 172      13A0
 173 064b 65BC13B4 		.ascii	"e\274\023\264}\362\320j\0322\2075\370*SW\022\237\320"
 173      7DF2D06A 
 173      1A328735 
 173      F82A5357 
 173      129FD0
 174 065e A7C14DAC 		.ascii	"\247\301M\254\321\232\274\275\324\011w\263\306\371\330"
 174      D19ABCBD 
 174      D40977B3 
 174      C6F9D8
 175 066d A1338EB8 		.ascii	"\2413\216\270\2175\266\215v\236p\305#j\253\305\344,"
 175      8F35B68D 
 175      769E70C5 
 175      236AABC5 
 175      E42C
 176 067f B698EC35 		.ascii	"\266\230\3545Wtpx\202\335\213\330\325\224\357\210#\034"
 176      57747078 
 176      82DD8BD8 
 176      D594EF88 
 176      231C
 177 0691 28FC8E8A 		.ascii	"(\374\216\212\352\004l\201?\344\360):\002\340sD\360"
 177      EA046C81 
 177      3FE4F029 
 177      3A02E073 
 177      44F0
 178 06a3 3DF6EA75 		.ascii	"=\366\352u\256R\266^'\245v\317\306\321T8\332\0363y\034"
 178      AE52B65E 
 178      27A576CF 
 178      C6D15438 
 178      DA1E3379 
 179 06b8 E338A629 		.ascii	"\3438\246)\375\374x\2548=t\202\246c\240)\377\0354\035"
 179      FDFC78AC 
 179      383D7482 
 179      A663A029 
 179      FF1D341D 
 180 06cc 95D7F420 		.ascii	"\225\327\364 }`\230\303\311LUv\365\361\033\0168\203"
 180      7D6098C3 
 180      C94C5576 
 180      F5F11B0E 
 180      3883
 181 06de A97AF8A4 		.ascii	"\251z\370\244p\324\331\242\252\027T\025\202\252\023"
 181      70D4D9A2 
 181      AA175415 
ARM GAS  C:\Users\CYIRKO~1\AppData\Local\Temp\ccfOpEHt.s 			page 14


 181      82AA13
 182 06ed EFA0AA40 		.ascii	"\357\240\252@^\325xb\362b|\230i\352;x\255\220\354\034"
 182      5ED57862 
 182      F2627C98 
 182      69EA3B78 
 182      AD90EC1C 
 183 0701 DCB5E8AF 		.ascii	"\334\265\350\257\222\371\302\235\315\027i\361\235{\034"
 183      92F9C29D 
 183      CD1769F1 
 183      9D7B1C
 184 0710 F1318623 		.ascii	"\3611\206#\343\331]\263\263$\007\227\260\335\323\031"
 184      E3D95DB3 
 184      B3240797 
 184      B0DDD319 
 185 0720 00734A04 		.ascii	"\000sJ\004\343n\301\222i6}\020\276P\201\206As%]*\001"
 185      E36EC192 
 185      69367D10 
 185      BE508186 
 185      4173255D 
 186 0736 1C771E4E 		.ascii	"\034w\036N1\204G\021\013\217m\233sb\235p\011Sr\261e"
 186      31844711 
 186      0B8F6D9B 
 186      73629D70 
 186      095372B1 
 187 074b EB7AC9AC 		.ascii	"\353z\311\254\273\250\226\246V)\350(\021u\234Q\332W"
 187      BBA896A6 
 187      5629E828 
 187      11759C51 
 187      DA57
 188 075d 72565E49 		.ascii	"rV^I\353\361\226\013\034\256bJ\032\367l\035PY\264\014"
 188      EBF1960B 
 188      1CAE624A 
 188      1AF76C1D 
 188      5059B40C 
 189 0771 8CE107D5 		.ascii	"\214\341\007\325\321$\011\317\203\2322QM\351[\324\234"
 189      D12409CF 
 189      839A3251 
 189      4DE95BD4 
 189      9C
 190 0782 93579333 		.ascii	"\223W\2233\360\344\222\213t~'\"\305\371\275\\)\314\357"
 190      F0E4928B 
 190      747E2722 
 190      C5F9BD5C 
 190      29CCEF
 191 0795 119DA760 		.ascii	"\021\235\247`U\027\251\241n\2765zn\\\207w\320\006\327"
 191      5517A9A1 
 191      6EBE357A 
 191      6E5C8777 
 191      D006D7
 192 07a8 9E35F454 		.ascii	"\2365\364T\215\334\347 \244\005:$li\025\350\002\210"
 192      8DDCE720 
 192      A4053A24 
 192      6C6915E8 
 192      0288
 193 07ba AA546261 		.ascii	"\252TbaC\235j\002d\203\177%\227\345\306\276\012\000"
 193      439D6A02 
 193      64837F25 
ARM GAS  C:\Users\CYIRKO~1\AppData\Local\Temp\ccfOpEHt.s 			page 15


 193      97E5C6BE 
 193      0A00
 194 07cc 925B0A74 		.ascii	"\222[\012t"
 195 07d0 11E05503 		.ascii	"\021\340U\003\274T\310er\205L\252W\367\357\245s4\351"
 195      BC54C865 
 195      72854CAA 
 195      57F7EFA5 
 195      7334E9
 196 07e3 15F9D65E 		.ascii	"\025\371\326^\300=8|\377\246\325\242\245\306\312\250"
 196      C03D387C 
 196      FFA6D5A2 
 196      A5C6CAA8 
 197 07f3 5A8B5195 		.ascii	"Z\213Q\225W\315\271N8\201\031\3259\261\277\313\001'"
 197      57CDB94E 
 197      388119D5 
 197      39B1BFCB 
 197      0127
 198 0805 B3C668F2 		.ascii	"\263\306h\362\245lg\234\301\032\011\371\327\357\250"
 198      A56C679C 
 198      C11A09F9 
 198      D7EFA8
 199 0814 F101D668 		.ascii	"\361\001\326h=6Y\246\306\007Yc\337\375\347G\035p\016"
 199      3D3659A6 
 199      C6075963 
 199      DFFDE747 
 199      1D700E
 200 0827 6D282B6F 		.ascii	"m(+o\355\317uF:w\211\342?|(\026\233\006\200\372\265"
 200      EDCF7546 
 200      3A7789E2 
 200      3F7C2816 
 200      9B0680FA 
 201 083c 8E1F2B36 		.ascii	"\216\037+6\222\375i\337\017'k\346kJ\035\272*\216\343"
 201      92FD69DF 
 201      0F276BE6 
 201      6B4A1DBA 
 201      2A8EE3
 202 084f D73A06AF 		.ascii	"\327:\006\257=\242\246\011\346Y\246\352y\377\3157\260"
 202      3DA2A609 
 202      E659A6EA 
 202      79FFCD37 
 202      B0
 203 0860 72620DD3 		.ascii	"rb\015\323\330\371{j\\\302\032-I\243\355\216\270\214"
 203      D8F97B6A 
 203      5CC21A2D 
 203      49A3ED8E 
 203      B88C
 204 0872 35EA6E6D 		.ascii	"5\352nm/\207R\311\032\207\353\333M*\\\305\032e\321\365"
 204      2F8752C9 
 204      1A87EBDB 
 204      4D2A5CC5 
 204      1A65D1F5 
 205 0886 6F34F822 		.ascii	"o4\370\"k\244\236\335\026\241\305u\254\22175\034\253"
 205      6BA49EDD 
 205      16A1C575 
 205      AC913735 
 205      1CAB
 206 0898 C3F5B4E1 		.ascii	"\303\365\264\341\224t\240\370\202\013\342\367\2333a"
ARM GAS  C:\Users\CYIRKO~1\AppData\Local\Temp\ccfOpEHt.s 			page 16


 206      9474A0F8 
 206      820BE2F7 
 206      9B3361
 207 08a7 C7798098 		.ascii	"\307y\200\230S1\225\252z\222\307o8\011\334F\200\333"
 207      533195AA 
 207      7A92C76F 
 207      3809DC46 
 207      80DB
 208 08b9 AEB4B3E1 		.ascii	"\256\264\263\341d]\032\377\223\355+\010\373\015[v\253"
 208      645D1AFF 
 208      93ED2B08 
 208      FB0D5B76 
 208      AB
 209 08ca 2D16E1AE 		.ascii	"-\026\341\256\222p7\311\013\227pwJ\270\257\330r\237"
 209      927037C9 
 209      0B977077 
 209      4AB8AFD8 
 209      729F
 210 08dc 9EC6FD1F 		.ascii	"\236\306\375\037\"\367\035[n\017\033\346^\011\363mY"
 210      22F71D5B 
 210      6E0F1BE6 
 210      5E09F36D 
 210      59
 211 08ed 66A991E3 		.ascii	"f\251\221\343\022\356\233\266\334\322\215\241t\013t"
 211      12EE9BB6 
 211      DCD28DA1 
 211      740B74
 212 08fc 1F185A08 		.ascii	"\037\030Z\010\303]\276\007\331\002uB|<P\316C\255@\035"
 212      C35DBE07 
 212      D9027542 
 212      7C3C50CE 
 212      43AD401D 
 213 0910 406D402D 		.ascii	"@m@-@\315@\367\200\036\002\335W\012\373o\242{H\242\373"
 213      40CD40F7 
 213      801E02DD 
 213      570AFB6F 
 213      A27B48A2 
 214 0925 96BC6EE9 		.ascii	"\226\274n\351\246\261e\006\0156\340\262\3364\022Q\255"
 214      A6B16506 
 214      0D36E0B2 
 214      DE341251 
 214      AD
 215 0936 AD6E0966 		.ascii	"\255n\011fS\335\002*\353\272\374`Y6\201\273.\357\332"
 215      53DD022A 
 215      EBBAFC60 
 215      593681BB 
 215      2EEFDA
 216 0949 C949F34B 		.ascii	"\311I\363K\312\014{\014K~\265\226\035x\005\033\024G"
 216      CA0C7B0C 
 216      4B7EB596 
 216      1D78051B 
 216      1447
 217 095b 1258B861 		.ascii	"\022X\270a \255L\207\346\315tg\032\241\212\245>\252"
 217      20AD4C87 
 217      E6CD7467 
 217      1AA18AA5 
 217      3EAA
ARM GAS  C:\Users\CYIRKO~1\AppData\Local\Temp\ccfOpEHt.s 			page 17


 218 096d 6701053D 		.ascii	"g\001\005=P=(\355\221\037\227x~\356&\256\263\334~\304"
 218      503D28ED 
 218      911F9778 
 218      7EEE26AE 
 218      B3DC7EC4 
 219 0981 F313D73D 		.ascii	"\363\023\327=\006\327u\363\256\341\215\315e\306\366"
 219      06D775F3 
 219      AEE18DCD 
 219      65C6F6
 220 0990 581B4B82 		.ascii	"X\033K\202=\242\247\017\343,\212\011=\355\316\203!\316"
 220      3DA2A70F 
 220      E32C8A09 
 220      3DEDCE83 
 220      21CE
 221 09a2 618DB4B6 		.ascii	"a\215\264\266\252V\376P\352\002]\366\266%F\351\370]"
 221      AA56FE50 
 221      EA025DF6 
 221      B62546E9 
 221      F85D
 222 09b4 2139FFEB 		.ascii	"!9\377\353\031\031\271\255\306\205\214\371\344T\356"
 222      1919B9AD 
 222      C6858CF9 
 222      E454EE
 223 09c3 568CCFB0 		.ascii	"V\214\317\260\306\205\207Mu*\\\311\032\231U\035?\303"
 223      C685874D 
 223      752A5CC9 
 223      1A99551D 
 223      3FC3
 224 09d5 8DECF7D9 		.ascii	"\215\354\367\331\2442X<\334\241\215_uD\037\206\325!"
 224      A432583C 
 224      DCA18D5F 
 224      75441F86 
 224      D521
 225 09e7 3DCCD1CD 		.ascii	"=\314\321\315\344\377A\013r\314\235|\301\347,v\213\034"
 225      E4FF410B 
 225      72CC9D7C 
 225      C1E72C76 
 225      8B1C
 226 09f9 F3E874EE 		.ascii	"\363\350t\356\354\274G8\371q\207\177|*\226\251\036_"
 226      ECBC4738 
 226      F971877F 
 226      7C2A96A9 
 226      1E5F
 227 0a0b BCC63C07 		.ascii	"\274\306<\007\005\032\235\004O\014\333\033.i\330=\203"
 227      051A9D04 
 227      4F0CDB1B 
 227      2E69D83D 
 227      83
 228 0a1c 12F9144A 		.ascii	"\022\371\024J$\352\345{\020\337\345bw\224\203\347\241"
 228      24EAE57B 
 228      10DFE562 
 228      779483E7 
 228      A1
 229 0a2d C3408780 		.ascii	"\303@\207\200\016\002e\003e\001\015A\310\035\200\357"
 229      0E026503 
 229      65010D41 
 229      C81D80EF 
ARM GAS  C:\Users\CYIRKO~1\AppData\Local\Temp\ccfOpEHt.s 			page 18


 230 0a3d FD409940 		.ascii	"\375@\231@;\200\266\001\231\200\246\340\336\010\320"
 230      3B80B601 
 230      9980A6E0 
 230      DE08D0
 231 0a4c 4BA01756 		.ascii	"K\240\027Va\331\370\005\013K(v}\266\320FlS\263\365\252"
 231      61D9F805 
 231      0B4B2876 
 231      7DB6D046 
 231      6C53B3F5 
 232 0a61 DB2E1A78 		.ascii	"\333.\032xd\3032\212l\330_M+*\223Wf1\376W`\371\033y"
 232      64C3328A 
 232      6CD85F4D 
 232      2B2A9357 
 232      6631FE57 
 233 0a79 7E2A5E12 		.ascii	"~*^\022\236\243V\341\371\212\205\247\3241&p\014)1(\034"
 233      9EA356E1 
 233      F98A85A7 
 233      D4312670 
 233      0C293128 
 234 0a8e F08EF28E 		.ascii	"\360\216\362\216\311\007\307\344\201\241o\300\3001+"
 234      C907C7E4 
 234      81A16FC0 
 234      C0312B
 235 0a9d 03EBEB55 		.ascii	"\003\353\353U\223\354\204e\034@\274D\330J\203U\326K"
 235      93EC8465 
 235      1C40BC44 
 235      D84A8355 
 235      D64B
 236 0aaf 50BCB642 		.ascii	"P\274\266B1\376\026\024GA\363\267\243\350\334\203M\331"
 236      31FE1614 
 236      4741F3B7 
 236      A3E8DC83 
 236      4DD9
 237 0ac1 B3D10440 		.ascii	"\263\321\004@\230\220\207`\353\207I+\004\244#\313\014"
 237      98908760 
 237      EB87492B 
 237      04A423CB 
 237      0C
 238 0ad2 D9183902 		.ascii	"\331\0309\002\212\377\377b\004b\270.\227\217a\262\325"
 238      8AFFFF62 
 238      0462B82E 
 238      978F61B2 
 238      D5
 239 0ae3 8BB00D94 		.ascii	"\213\260\015\224{\326#\017)\335\370\257\3414\254\302"
 239      7BD6230F 
 239      29DDF8AF 
 239      E134ACC2 
 240 0af3 F14CB495 		.ascii	"\361L\264\225g\267,oN\331\011y\013\303V0\301\214\231"
 240      67B72C6F 
 240      4ED90979 
 240      0BC35630 
 240      C18C99
 241 0b06 395BE0F7 		.ascii	"9[\340\367f\200\027\201\245\220\256\035\341#\2138f\020"
 241      66801781 
 241      A590AE1D 
 241      E1238B38 
 241      6610
ARM GAS  C:\Users\CYIRKO~1\AppData\Local\Temp\ccfOpEHt.s 			page 19


 242 0b18 141076B9 		.ascii	"\024\020v\271\302/+\177\200\357`_~\325\217YZL\36013"
 242      C22F2B7F 
 242      80EF605F 
 242      7ED58F59 
 242      5A4CF031 
 243 0b2d 5DBCA458 		.ascii	"]\274\244XO\362\365\013\230\244\365\213\335\274\323"
 243      4FF2F50B 
 243      98A4F58B 
 243      DDBCD3
 244 0b3c ACCAC94A 		.ascii	"\254\312\311J \013@\342\213\347\342\302\201p\013\356"
 244      200B40E2 
 244      8BE7E2C2 
 244      81700BEE 
 245 0b4c 020FE70B 		.ascii	"\002\017\347\013\036\216\004\266m\266\036\226\234*\312"
 245      1E8E04B6 
 245      6DB61E96 
 245      9C2ACA
 246 0b5b 16D818B0 		.ascii	"\026\330\030\260\"\232\267h;\374\216\262\366V\256\304"
 246      229AB768 
 246      3BFC8EB2 
 246      F656AEC4 
 247 0b6b 5BC49C68 		.ascii	"[\304\234hysdEG*\261\254hf^\015o{\264\035\333S\314\324"
 247      79736445 
 247      472AB1AC 
 247      68665E0D 
 247      6F7BB41D 
 248 0b83 76625494 		.ascii	"vbT\224h{\264\265\355\373\004\333w\342Y(\332\326v\351"
 248      687BB4B5 
 248      EDFB04DB 
 248      77E25928 
 248      DAD676E9 
 249 0b97 096C820C 		.ascii	"\011l\202\014B\005\355F\340\355\003x\0310\226\351@i"
 249      4205ED46 
 249      E0ED0378 
 249      193096E9 
 249      4069
 250 0ba9 40C9407B 		.ascii	"@\311@{\200\342\201\342\200b\255\274\322\373\031\033"
 250      80E281E2 
 250      8062ADBC 
 250      D2FB191B 
 251 0bb9 6312D2DB 		.ascii	"c\022\322\333A)\221bw\241\321_')e1\337\306\335\371\217"
 251      41299162 
 251      77A1D15F 
 251      27296531 
 251      DFC6DDF9 
 252 0bce 4C7402D6 		.ascii	"Lt\002\326\241\035\366\231%\351\276\013K\323\035\372"
 252      A11DF699 
 252      25E9BE0B 
 252      4BD31DFA 
 253 0bde D9169C34 		.ascii	"\331\026\2344\310\365\275$\327SA\336.~<v\203\301I`X"
 253      C8F5BD24 
 253      D75341DE 
 253      2E7E3C76 
 253      83C14960 
 254 0bf3 A2681878 		.ascii	"\242h\030x\264\366\261j`\250\313dJ\320\321\235\377N"
 254      B4F6B16A 
 254      60A8CB64 
ARM GAS  C:\Users\CYIRKO~1\AppData\Local\Temp\ccfOpEHt.s 			page 20


 254      4AD0D19D 
 254      FF4E
 255 0c05 BE83FC01 		.ascii	"\276\203\374\001;\335\366}H\212\023\211\317I\304x-\251"
 255      3BDDF67D 
 255      488A1389 
 255      CF49C478 
 255      2DA9
 256 0c17 621BEBDD 		.ascii	"b\033\353\335[Ud\333\276\013\333\256K\330H>=\314\217"
 256      5B5564DB 
 256      BE0BDBAE 
 256      4BD8483E 
 256      3DCC8F
 257 0c2a 24D9D7A7 		.ascii	"$\331\327\247\177\233\233F\316\361NM\001?\355\177'?"
 257      7F9B9B46 
 257      CEF14E4D 
 257      013FED7F 
 257      273F
 258 0c3c A502A7E8 		.ascii	"\245\002\247\350\247\024\346';e\023\355\005\367\210"
 258      A714E627 
 258      3B6513ED 
 258      05F788
 259 0c4b 95D31293 		.ascii	"\225\323\022\2231\346\355$&\211\250\003bLN\320\"o\251"
 259      31E6ED24 
 259      2689A803 
 259      624C4ED0 
 259      226FA9
 260 0c5e 780DB5BC 		.ascii	"x\015\265\274%03f\275\325\020\222\005e\374\304H\314"
 260      25303366 
 260      BDD51092 
 260      0565FCC4 
 260      48CC
 261 0c70 CEFE36EE 		.ascii	"\316\3766\356\313\177\307\242\2030\037\264\317\314\360"
 261      CB7FC7A2 
 261      83301FB4 
 261      CFCCF0
 262 0c7f DE3EAB26 		.ascii	"\336>\253&\016\007\236\351\013\301\221\343n\303\021"
 262      0E079EE9 
 262      0BC191E3 
 262      6EC311
 263 0c8e A6E405F4 		.ascii	"\246\344\005\364 \3420\2377\374f\213e\315!\245\350\355"
 263      20E2309F 
 263      37FC668B 
 263      65CD21A5 
 263      E8ED
 264 0ca0 CB1E7B4C 		.ascii	"\313\036{L\025\341\230\236%\344\3111/\226\254\253\347"
 264      15E1989E 
 264      25E4C931 
 264      2F96ACAB 
 264      E7
 265 0cb1 335E7218 		.ascii	"3^r\030p\\\216W2\212\223\371\374(\302^\015U\310\257"
 265      705C8E57 
 265      328A93F9 
 265      FC28C25E 
 265      0D55C8AF 
 266 0cc5 6FA47B87 		.ascii	"o\244{\207\237\212\245\265\316\226{\372\306d\374'\""
 266      9F8AA5B5 
 266      CE967BFA 
ARM GAS  C:\Users\CYIRKO~1\AppData\Local\Temp\ccfOpEHt.s 			page 21


 266      C664FC27 
 266      22
 267 0cd6 FB257976 		.ascii	"\373%yv\211k\373\363\370\201 \253\315\313\266\354\225"
 267      896BFBF3 
 267      F88120AB 
 267      CDCBB6EC 
 267      95
 268 0ce7 D3A477F2 		.ascii	"\323\244w\362\322\311\202\346\211<\273D\372\275\237"
 268      D2C982E6 
 268      893CBB44 
 268      FABD9F
 269 0cf6 88B3DA24 		.ascii	"\210\263\332$\262\231\325\246\015\\\036\253\214\303"
 269      B299D5A6 
 269      0D5C1EAB 
 269      8CC3
 270 0d04 4AF9CA38 		.ascii	"J\371\3128\365\202\034\210\223x\355\027\203\2200\013"
 270      F5821C88 
 270      9378ED17 
 270      8390300B 
 271 0d14 DA1AEA55 		.ascii	"\332\032\352U\343C\233i\032\013\012G\337\246\360\332"
 271      E3439B69 
 271      1A0B0A47 
 271      DFA6F0DA 
 272 0d24 364C2265 		.ascii	"6L\"eTN_\367n\007r\217,k\246\304\203\346Q\252\215<]"
 272      544E5FF7 
 272      6E07728F 
 272      2C6BA6C4 
 272      83E651AA 
 273 0d3b DDB63FC6 		.ascii	"\335\266?\306\025\0278\321u\360\305\251W\025\256liM"
 273      151738D1 
 273      75F0C5A9 
 273      5715AE6C 
 273      694D
 274 0d4d 9F703E99 		.ascii	"\237p>\231\274\242\302e\354\336\256Cme\034\256a\215"
 274      BCA2C265 
 274      ECDEAE43 
 274      6D651CAE 
 274      618D
 275 0d5f 53975E3E 		.ascii	"S\227^>W\341\006\332p3W\235|\245B\234\216\254\221u\272"
 275      57E106DA 
 275      7033579D 
 275      7CA5429C 
 275      8EAC9175 
 276 0d74 D9EEC24A 		.ascii	"\331\356\302J\230<\261/\202L[\305I\323\264\330\252\334"
 276      983CB12F 
 276      824C5BC5 
 276      49D3B4D8 
 276      AADC
 277 0d86 154D2F77 		.ascii	"\025M/w\226]\327\005\310\341\323|\271\253\206\337UP"
 277      965DD705 
 277      C8E1D37C 
 277      B9AB86DF 
 277      5550
 278 0d98 EE2A812A 		.ascii	"\356*\201*\200\312\201\316\003\235\003:\003t\312\252"
 278      80CA81CE 
 278      039D033A 
 278      0374CAAA 
ARM GAS  C:\Users\CYIRKO~1\AppData\Local\Temp\ccfOpEHt.s 			page 22


 279 0da8 BEBF1A57 		.ascii	"\276\277\032W\305T\213I\\\2101\025$\267\363\224\325"
 279      C5548B49 
 279      5C883115 
 279      24B7F394 
 279      D5
 280 0db9 5CC07778 		.ascii	"\\\300wx\177\315\255\311|\024\226\200\341\255\310F\257"
 280      7FCDADC9 
 280      7C149680 
 280      E1ADC846 
 280      AF
 281 0dca 74C52F71 		.ascii	"t\305/qI)\236-\362\224\201\276\263X\250\\v\270\024\022"
 281      49299E2D 
 281      F29481BE 
 281      B358A85C 
 281      76B81412 
 282 0dde 96DDF420 		.ascii	"\226\335\364 \307l\232\241$\347\030\220\366\3508&\034"
 282      C76C9AA1 
 282      24E71890 
 282      F6E83826 
 282      1C
 283 0def C00F9F27 		.ascii	"\300\017\237'1'\206\011\253\340\004\332\011l\011\205"
 283      31278609 
 283      ABE004DA 
 283      096C0985 
 284 0dff B358AC7E 		.ascii	"\263X\254~\267\223\371\204~\214t\250M\036\276$\241/"
 284      B793F984 
 284      7E8C74A8 
 284      4D1EBE24 
 284      A12F
 285 0e11 CF663944 		.ascii	"\317f9D\270\237\330r\313$4[\012\023\356^yn\211\354!"
 285      B89FD872 
 285      CB24345B 
 285      0A13EE5E 
 285      796E89EC 
 286 0e26 91F9A92D 		.ascii	"\221\371\251-\363\364'\271\375{\034\030\224!H\347g\362"
 286      F3F427B9 
 286      FD7B1C18 
 286      942148E7 
 286      67F2
 287 0e38 FC9274EE 		.ascii	"\374\222t\356\374\2360\355\275\340y\355\346V+\313\255"
 287      FC9E30ED 
 287      BDE079ED 
 287      E6562BCB 
 287      AD
 288 0e49 D372AB9C 		.ascii	"\323r\253\234\333I4\267HH\037\023\035z\032\363\271u"
 288      DB4934B7 
 288      48481F13 
 288      1D7A1AF3 
 288      B975
 289 0e5b A821AB41 		.ascii	"\250!\253A\215w\350\350\261S\337\324\241\014\0274\323"
 289      8D77E8E8 
 289      B153DFD4 
 289      A10C1734 
 289      D3
 290 0e6c 5D36E06A 		.ascii	"]6\340j\277C\250\363\020JfG\220ZS\003\275/\212\030\212"
 290      BF43A8F3 
 290      104A6647 
ARM GAS  C:\Users\CYIRKO~1\AppData\Local\Temp\ccfOpEHt.s 			page 23


 290      905A5303 
 290      BD2F8A18 
 291 0e81 050C19F7 		.ascii	"\005\014\031\367\342\222u8\215b@{\272jj9\234\305\000"
 291      E2927538 
 291      8D62407B 
 291      BA6A6A39 
 291      9CC500
 292 0e94 15ED1ADA 		.ascii	"\025\355\032\332\253\264\007\250\376;\003j\374\001q"
 292      ABB407A8 
 292      FE3B036A 
 292      FC0171
 293 0ea3 C965E87B 		.ascii	"\311e\350{I\006\216Pa\276b\025&\267)\356&T\037\206\356"
 293      49068E50 
 293      61BE6215 
 293      26B729EE 
 293      26541F86 
 294 0eb8 60537E1B 		.ascii	"`S~\033\346\224\012t\025:^!1L^\302\210\257Hw\304g\031"
 294      E6940A74 
 294      153A5E21 
 294      314C5EC2 
 294      88AF4877 
 295 0ecf 477F79F6 		.ascii	"G\177y\366\244\232p4\000\307O\346\240k\020\334\344x"
 295      A49A7034 
 295      00C74FE6 
 295      A06B10DC 
 295      E478
 296 0ee1 6F3871D4 		.ascii	"o8q\324\025W1\236\315y\307\263\264\204\347\006\360\374"
 296      1557319E 
 296      CD79C7B3 
 296      B484E706 
 296      F0FC
 297 0ef3 780EBA4E 		.ascii	"x\016\272Ny\224Y\361\251GT\310]\303\237\000\2478\234"
 297      799459F1 
 297      A94754C8 
 297      5DC39F00 
 297      A7389C
 298 0f06 A9DE4696 		.ascii	"\251\336F\226\0027\261F:\256[\351\331eD\270xv\251 ,"
 298      0237B146 
 298      3AAE5BE9 
 298      D96544B8 
 298      7876A920 
 299 0f1b ECE137F8 		.ascii	"\354\3417\370\241\021s\322#\357\314\261\276n\016\233"
 299      A11173D2 
 299      23EFCCB1 
 299      BE6E0E9B 
 300 0f2b 9DA9435F 		.ascii	"\235\251C_]Mm\344\220\306}\272\014t\007\272\332\023"
 300      5D4D6DE4 
 300      90C67DBA 
 300      0C7407BA 
 300      DA13
 301 0f3d C397E9BD 		.ascii	"\303\227\351\275t\262\277\015L\267D\277\021t\324\015"
 301      74B2BF0D 
 301      4CB744BF 
 301      1174D40D 
 302 0f4d C9E113FB 		.ascii	"\311\341\023\373\\\360\016\252\010U?\351\212\324\342"
 302      5CF00EAA 
 302      08553FE9 
ARM GAS  C:\Users\CYIRKO~1\AppData\Local\Temp\ccfOpEHt.s 			page 24


 302      8AD4E2
 303 0f5c 5DAC9117 		.ascii	"]\254\221\027\325\264\011g2\004\027J\232\037;I\237\002"
 303      D5B40967 
 303      3204174A 
 303      9A1F3B49 
 303      9F02
 304 0f6e C5B0A740 		.ascii	"\305\260\247@\367\261\026\335\3036O\351d\237\367\265"
 304      F7B116DD 
 304      C3364FE9 
 304      649FF7B5 
 305 0f7e 60D97775 		.ascii	"`\331wuR\016O\\\307\370(\323xn\244\354\242\013.b\215"
 305      520E4F5C 
 305      C7F828D3 
 305      786EA4EC 
 305      A20B2E62 
 306 0f93 82C41B53 		.ascii	"\202\304\033Sj|\2165\236\277I?\315"
 306      6A7C8E35 
 306      9EBF493F 
 306      CD
 307 0fa0 1FCDCC82 		.ascii	"\037\315\314\202\346D[\\\234\003\1772C\036H\356\337"
 307      E6445B5C 
 307      9C037F32 
 307      431E48EE 
 307      DF
 308 0fb1 95725087 		.ascii	"\225rP\207\2570\336\206\202\246p\027\334D\033\332\210"
 308      AF30DE86 
 308      82A67017 
 308      DC441BDA 
 308      88
 309 0fc2 84F2222D 		.ascii	"\204\362\"-\242\023\0109B\231'\215\311\016\014~\202"
 309      A2130839 
 309      4299278D 
 309      C90E0C7E 
 309      82
 310 0fd3 68406D60 		.ascii	"h@m`A\027\037\223O\001\347\023\210\275\036\240G@}@\317"
 310      41171F93 
 310      4F01E713 
 310      88BD1EA0 
 310      47407D40 
 311 0fe8 AC2A714F 		.ascii	"\254*qO\231\303\024\277\024&\313\374\007|g\271\232 "
 311      99C314BF 
 311      1426CBFC 
 311      077C67B9 
 311      9A20
 312 0ffa ABAD1734 		.ascii	"\253\255\0274\274\273"
 312      BCBB
 313 1000 B6FEC30E 		.ascii	"\266\376\303\016\342b\245\325V\227\207l\331\357\266"
 313      E262A5D5 
 313      5697876C 
 313      D9EFB6
 314 100f 9A091FB3 		.ascii	"\232\011\037\263\231\220?\233\341\213\037f\233\266\351"
 314      99903F9B 
 314      E18B1F66 
 314      9BB6E9
 315 101e C2A4EBF2 		.ascii	"\302\244\353\362\021Z\204\210\264\207\342\030w\321\214"
 315      115A8488 
 315      B487E218 
ARM GAS  C:\Users\CYIRKO~1\AppData\Local\Temp\ccfOpEHt.s 			page 25


 315      77D18C
 316 102d B35A1E74 		.ascii	"\263Z\036tM[\271K',\022#\235\266\300\247Ue\241\342\023"
 316      4D5BB94B 
 316      272C1223 
 316      9DB6C0A7 
 316      5565A1E2 
 317 1042 6EB29294 		.ascii	"n\262\222\224q\251p\376\210\337\324\233N\253\321<\367"
 317      71A970FE 
 317      88DFD49B 
 317      4EABD13C 
 317      F7
 318 1053 99BCA614 		.ascii	"\231\274\246\024an\341\255\032|\233U\267Sf\320\2726"
 318      616EE1AD 
 318      1A7C9B55 
 318      B75366D0 
 318      BA36
 319 1065 680D5A76 		.ascii	"h\015Zv\237\332\214\23102T\0030T\375\330\362\346I\313"
 319      9FDA8C99 
 319      30325403 
 319      3054FDD8 
 319      F2E649CB 
 320 1079 F8C50857 		.ascii	"\370\305\010W\234\354B\323#\361H\323Y\007\361M\230\024"
 320      9CEC42D3 
 320      23F148D3 
 320      5907F14D 
 320      9814
 321 108b 9A71C364 		.ascii	"\232q\303do.\372m\020\317\264\247f\010D\333Q\023?\225"
 321      6F2EFA6D 
 321      10CFB4A7 
 321      660844DB 
 321      51133F95 
 322 109f 7DD3111F 		.ascii	"}\323\021\037va\017\345\363\303\317kp\036k\034\034\177"
 322      76610FE5 
 322      F3C3CF6B 
 322      701E6B1C 
 322      1C7F
 323 10b1 3D485E9E 		.ascii	"=H^\236\370\230<\224\306\222Ga\037\263Ga\345\365\227"
 323      F8983C94 
 323      C6924761 
 323      1FB34761 
 323      E5F597
 324 10c4 0EE97021 		.ascii	"\016\351p!\003\030\267?o\273\243\360(\036\246t\225\273"
 324      0318B73F 
 324      6FBBA3F0 
 324      281EA674 
 324      95BB
 325 10d6 C232A1A3 		.ascii	"\3022\241\243qP\3711\237\232\257 JG\260\345Q\361\311"
 325      7150F931 
 325      9F9AAF20 
 325      4A47B0E5 
 325      51F1C9
 326 10e9 EF9790D7 		.ascii	"\357\227\220\327T\306`PFES>\346\037\024\237\217o\351"
 326      54C66050 
 326      4645533E 
 326      E61F149F 
 326      8F6FE9
 327 10fc D6E2734C 		.ascii	"\326\342sL\305\033\363\356\001N\372$\354\002}\0226\001"
ARM GAS  C:\Users\CYIRKO~1\AppData\Local\Temp\ccfOpEHt.s 			page 26


 327      C51BF3EE 
 327      014EFA24 
 327      EC027D12 
 327      3601
 328 110e 5D5F8B5D 		.ascii	"]_\213]A\222P!la\274\221\201\001Jb\213[\336\270\342"
 328      41925021 
 328      6C61BC91 
 328      81014A62 
 328      8B5BDEB8 
 329 1123 1AA62427 		.ascii	"\032\246$'}o\237\332\242\004V\274}7\311\212\327\304"
 329      7D6F9FDA 
 329      A20456BC 
 329      7D37C98A 
 329      D7C4
 330 1135 69D1A4A8 		.ascii	"i\321\244\250d\302\276\222)y%G++\2568sd]ID\255\242\305"
 330      64C2BE92 
 330      29792547 
 330      2B2BAE38 
 330      73645D49 
 331 114d FFD98337 		.ascii	"\377\331\2037\243\216\364\032y\303$\234\243\027K\237"
 331      A38EF41A 
 331      79C3249C 
 331      A3174B9F 
 332 115d 0FC34240 		.ascii	"\017\303B@\346A\224\235\367g\316\324\225\367\352\244"
 332      E641949D 
 332      F767CED4 
 332      95F7EAA4 
 333 116d 47E5664E 		.ascii	"G\345fN\372(j3'\034\225\027\233#\350\014D\257\241\010"
 333      FA286A33 
 333      271C9517 
 333      9B23E80C 
 333      44AFA108 
 334 1181 A66DACB9 		.ascii	"\246m\254\2719WI/\302bs\013\273V\223\223\370\006\315"
 334      3957492F 
 334      C262730B 
 334      BB569393 
 334      F806CD
 335 1194 96ACCD08 		.ascii	"\226\254\315\010:qq\266\215#\213\263\255\034\307\304"
 335      3A7171B6 
 335      8D238BB3 
 335      AD1CC7C4 
 336 11a4 DE387069 		.ascii	"\3368pi\217\325Q=\334\227\350\217\264\350O5=\274\342"
 336      8FD5513D 
 336      DC97E88F 
 336      B4E84F35 
 336      3DBCE2
 337 11b7 8AAFB3D8 		.ascii	"\212\257\263\330\222sGLA\355\004'`\211fX\016\326\334"
 337      9273474C 
 337      41ED0427 
 337      60896658 
 337      0ED6DC
 338 11ca 2DB4C242 		.ascii	"-\264\302B\266\237\"\226\030\212e\273\200e\317\275\364"
 338      B69F2296 
 338      188A65BB 
 338      8065CFBD 
 338      F4
 339 11db 0C272996 		.ascii	"\014')\226\030+,;,X\322\222c`Gp\313>\226\332\313\027"
ARM GAS  C:\Users\CYIRKO~1\AppData\Local\Temp\ccfOpEHt.s 			page 27


 339      182B2C3B 
 339      2C58D292 
 339      63604770 
 339      CB3E96DA 
 340 11f1 5F6AE935 		.ascii	"_j\3515\362:R,\003\3632\371\3341\013\3008v-\242>\267"
 340      F23A522C 
 340      03F332F9 
 340      DC310BC0 
 340      38762DA2 
 341 1207 5E631F60 		.ascii	"^c\037`\002\005\030/\000\314\352\3336\201\244\000\023"
 341      0205182F 
 341      00CCEADB 
 341      3681A400 
 341      13
 342 1218 AC00EEB2 		.ascii	"\254\000\356\262\000<\376\340@\2443\276\307\000\036"
 342      003CFEE0 
 342      40A433BE 
 342      C7001E
 343 1227 CB7F7D42 		.ascii	"\313\177}B+\350e\370\216\305\365}h_\353n\2525\311\342"
 343      2BE865F8 
 343      8EC5F57D 
 343      685FEB6E 
 343      AA35C9E2 
 344 123b 968C5385 		.ascii	"\226\214S\205Vn\331m\245u\217E\353\324\300p\253\016"
 344      566ED96D 
 344      A5758F45 
 344      EBD4C070 
 344      AB0E
 345 124d B732ADCF 		.ascii	"\2672\255\317k\273\222\220\305\005L\355\360\336\264"
 345      6BBB9290 
 345      C5054CED 
 345      F0DEB4
 346 125c 22958024 		.ascii	"\"\225\200$\205y\340Do\334A\235},{)\226T\001\313\340"
 346      8579E044 
 346      6FDC419D 
 346      7D2C7B29 
 346      965401CB 
 347 1271 6BF3052B 		.ascii	"k\363\005+,{\255\260\244Y\260\364o=\373\300\005w2,\031"
 347      2C7BADB0 
 347      A459B0F4 
 347      6F3DFBC0 
 347      0577322C 
 348 1286 5503E13A 		.ascii	"U\003\341:K\2460,\327^\324\217\260a#\013\355\014\006"
 348      4BA6302C 
 348      D75ED48F 
 348      B061230B 
 348      ED0C06
 349 1299 26E3E1A1 		.ascii	"&\343\341\241r\013\300}\354\332\225\221-\225J\373\361"
 349      720BC07D 
 349      ECDA9591 
 349      2D954AFB 
 349      F1
 350 12aa BC9F02CC 		.ascii	"\274\237\002\314\024\000N\326D\3678H\001\356\267\002"
 350      14004ED6 
 350      44F73848 
 350      01EEB702 
 351 12ba 78C002F0 		.ascii	"x\300\002\360VO\311\210\023\356\261\0170\341\301\263"
ARM GAS  C:\Users\CYIRKO~1\AppData\Local\Temp\ccfOpEHt.s 			page 28


 351      564FC988 
 351      13EEB10F 
 351      30E1C1B3 
 352 12ca 6B2E9684 		.ascii	"k.\226\204\313f`v7Fd:\012\000\017\262k=\035\365\007"
 352      CB666076 
 352      3746643A 
 352      0A000FB2 
 352      6B3D1DF5 
 353 12df 5CED033C 		.ascii	"\\\355\003<L\001\036\022\000F\025<\031\265z\240~\330"
 353      4C011E12 
 353      0046153C 
 353      19B57AA0 
 353      7ED8
 354 12f1 0A608E05 		.ascii	"\012`\216\005`V\356\320\240\023\356\343c\350qy\232\360"
 354      6056EED0 
 354      A013EEE3 
 354      63E87179 
 354      9AF0
 355 1303 861559BE 		.ascii	"\206\025Y\276\026\224Uec<a?\003\254\213S>C\232>\024"
 355      16945565 
 355      633C613F 
 355      03AC8B53 
 355      3E439A3E 
 356 1318 3BE66AF1 		.ascii	";\346j\361\371Qv1\252yl\241`\3211v\351\326\261\013'"
 356      F9517631 
 356      AA796CA1 
 356      60D13176 
 356      E9D6B10B 
 357 132d B4F62D3A 		.ascii	"\264\366-:A-:.X4\324\320\334b\225\025'\254,*\020,\322"
 357      412D3A2E 
 357      5834D4D0 
 357      DC629515 
 357      27AC2C2A 
 358 1344 1E3A3EDE 		.ascii	"\036:>\336I\236\034\317\344\237[\361\313\245\024\207"
 358      499E1CCF 
 358      E49F5BF1 
 358      CBA51487 
 359 1354 270FD972 		.ascii	"'\017\331r\011\252\015z\011e\272\210{\333\336\257\016"
 359      09AA0D7A 
 359      0965BA88 
 359      7BDBDEAF 
 359      0E
 360 1365 C1540EB9 		.ascii	"\301T\016\271\206vr6\254\347\345WVG\2709t\343\215r\371"
 360      86767236 
 360      ACE7E557 
 360      5647B839 
 360      74E38D72 
 361 137a 0E641E3D 		.ascii	"\016d\036=\315\271\243Rn\036*\006:\005t\006\350$\320"
 361      CDB9A352 
 361      6E1E2A06 
 361      3A057406 
 361      E824D0
 362 138d 59A042A0 		.ascii	"Y\240B\240\022N\272\312\242:!xP\272\255\316i\017|)+"
 362      124EBACA 
 362      A23A2178 
 362      50BAADCE 
 362      690F7C29 
ARM GAS  C:\Users\CYIRKO~1\AppData\Local\Temp\ccfOpEHt.s 			page 29


 363 13a2 24024AB6 		.ascii	"$\002J\266e\235\366\304\265&\203\035\327\000\327\364"
 363      659DF6C4 
 363      B526831D 
 363      D700D7F4 
 364 13b2 F5D1B50C 		.ascii	"\365\321\265\0145[\361@\202\243DyY\323\364\202\263Q"
 364      355BF140 
 364      82A34479 
 364      59D3F482 
 364      B351
 365 13c4 9E2D6FA9 		.ascii	"\236-o\251</\324S\024%\357\302i\274\020\226(K\326\364"
 365      3C2FD453 
 365      1425EFC2 
 365      69BC1096 
 365      284BD6F4 
 366 13d8 8573F8F5 		.ascii	"\205s\370\365\316@\342\011\315L\336\355\221\366\334"
 366      CE40E209 
 366      CD4CDEED 
 366      91F6DC
 367 13e7 AE78279F 		.ascii	"\256x'\237\223\362P\224x\337j^,\343\244k\326s\2264\251"
 367      93F25094 
 367      78DF6A5E 
 367      2CE3A46B 
 367      D6739634 
 368 13fc 4F7B3AA6 		.ascii	"O{:\246\301fW\366\356\024\377^\230\033\377^X\327\301"
 368      C16657F6 
 368      EE14FF5E 
 368      981BFF5E 
 368      58D7C1
 369 140f AE4C473E 		.ascii	"\256LG>m\324\344\315\234\306\362Y8\216\362j\017\235"
 369      6DD4E4CD 
 369      9CC6F259 
 369      388EF26A 
 369      0F9D
 370 1421 B89982D1 		.ascii	"\270\231\202\321L\313\213\363\322\210\251\000\350\345"
 370      4CCB8BF3 
 370      D288A900 
 370      E8E5
 371 142f 1C710740 		.ascii	"\034q\007@\257\342#\3462D\314E@Y\015t\011\250\006\250"
 371      AFE223E6 
 371      3244CC45 
 371      40590D74 
 371      09A806A8 
 372 1443 1EA816A8 		.ascii	"\036\250\026\250\016\350\002'=\020\037\372\001\033="
 372      0EE80227 
 372      3D101FFA 
 372      011B3D
 373 1452 B2CABB8B 		.ascii	"\262\312\273\213\231\024\373As\006%/\240\205\272\222"
 373      9914FB41 
 373      7306252F 
 373      A085BA92 
 374 1462 5728BCC5 		.ascii	"W(\274\3055m8\372\367\271%\322\305,\270\000\275\220"
 374      356D38FA 
 374      F7B925D2 
 374      C52CB800 
 374      BD90
 375 1474 152C396E 		.ascii	"\025,9n\030\331\247f\307\207d[\\\307s[\366\332v\202"
 375      18D9A766 
ARM GAS  C:\Users\CYIRKO~1\AppData\Local\Temp\ccfOpEHt.s 			page 30


 375      C787645B 
 375      5CC7735B 
 375      F6DA7682 
 376 1488 A8198A43 		.ascii	"\250\031\212C1\262\221\\$\317K\376w\307\021[\336\\\333"
 376      31B2915C 
 376      24CF4BFE 
 376      77C7115B 
 376      DE5CDB
 377 149b 94A5E691 		.ascii	"\224\245\346\221\035&9\327\225\2307-#Z\367\261\214\250"
 377      1D2639D7 
 377      9598372D 
 377      235AF7B1 
 377      8CA8
 378 14ad 9A961152 		.ascii	"\232\226\021Rc\310\221\303\003dc\314=$\011Geyl\365V"
 378      63C891C3 
 378      036463CC 
 378      3D240947 
 378      65796CF5 
 379 14c2 8D65C57D 		.ascii	"\215e\305}-\355o\350\273\347W\241\003\031R~\035H\264"
 379      2DED6FE8 
 379      BBE757A1 
 379      0319527E 
 379      1D48B4
 380 14d5 58970ACB 		.ascii	"X\227\012\313\300_\201\301~\337\201\207\000\033\230"
 380      C05F81C1 
 380      7EDF8187 
 380      001B98
 381 14e4 1CEA7196 		.ascii	"\034\352q\226\206\355U\253\260\275\306\302\226|\223"
 381      86ED55AB 
 381      B0BDC6C2 
 381      967C93
 382 14f3 DDF4B3A2 		.ascii	"\335\364\263\242W\256Z\361\305C\022\266\"o\003G\336"
 382      57AE5AF1 
 382      C54312B6 
 382      226F0347 
 382      DE
 383 1504 5AF2604F 		.ascii	"Z\362`O`\310|\320[R\315\277\241\356\014\315\373\007"
 383      60C87CD0 
 383      5B52CDBF 
 383      A1EE0CCD 
 383      FB07
 384 1516 120FF2FF 		.ascii	"\022\017\362\377)\3441]H^/\331\353\344\026\307\3332"
 384      29E4315D 
 384      485E2FD9 
 384      EBE416C7 
 384      DB32
 385 1528 17D1B7AB 		.ascii	"\027\321\267\253n\2009\3279\"\255\221s\023d\322\006"
 385      6E8039D7 
 385      3922AD91 
 385      731364D2 
 385      06
 386 1539 59AA9694 		.ascii	"Y\252\226\224VY\275\005\005\227%\372\233x\254M\024\353"
 386      5659BD05 
 386      059725FA 
 386      9B78AC4D 
 386      14EB
 387 154b A91D17CE 		.ascii	"\251\035\027\316)[\301\333d\246\230A\315E\210}\"J\264"
ARM GAS  C:\Users\CYIRKO~1\AppData\Local\Temp\ccfOpEHt.s 			page 31


 387      295BC1DB 
 387      64A69841 
 387      CD45887D 
 387      224AB4
 388 155e 3925FC21 		.ascii	"9%\374!D\257\303U%\375d\214\364\022\022z\360m%\337T"
 388      44AFC355 
 388      25FD648C 
 388      F412127A 
 388      F06D25DF 
 389 1573 F222E93F 		.ascii	"\362\"\351?\2763\222Hd\267\231&\341O\301\330\031\022"
 389      BE339248 
 389      64B79926 
 389      E14FC1D8 
 389      1912
 390 1585 0595CE7A 		.ascii	"\005\225\316z#\245\250\000!i\007\211@\006\233\277o\301"
 390      23A5A800 
 390      21690789 
 390      40069BBF 
 390      6FC1
 391 1597 A7108D43 		.ascii	"\247\020\215C\302\260>O\271\322\255m\203\230\203+\231"
 391      C2B03E4F 
 391      B9D2AD6D 
 391      8398832B 
 391      99
 392 15a8 9F227A2D 		.ascii	"\237\"z-\345J\375.\214\367\260\3023\032~\253\322j\306"
 392      E54AFD2E 
 392      8CF7B0C2 
 392      331A7EAB 
 392      D26AC6
 393 15bb FC4A3A61 		.ascii	"\374J:a\336\241\023\346*~\276l\177~)I\363Q\246)\263"
 393      DEA113E6 
 393      2A7EBE6C 
 393      7F7E2949 
 393      F351A629 
 394 15d0 0326BFA7 		.ascii	"\003&\277\247\016)G\266\232\256C\267O)\037\272-\206"
 394      0E2947B6 
 394      9AAE43B7 
 394      4F291FBA 
 394      2D86
 395 15e2 27FC84CF 		.ascii	"'\374\204\317[\\\033B7\271V\300v\227\373\210\254\304"
 395      5B5C1B42 
 395      37B956C0 
 395      7697FB88 
 395      ACC4
 396 15f4 E3A2EA5C 		.ascii	"\343\242\352\\p\266\253\335\271\377\250y*\322e\266\275"
 396      70B6ABDD 
 396      B9FFA879 
 396      2AD265B6 
 396      BD
 397 1605 D3D9160A 		.ascii	"\323\331\026\012\346\2360{\027\306\026?\326\001\232"
 397      E69E307B 
 397      17C6163F 
 397      D6019A
 398 1614 76F230AD 		.ascii	"v\3620\255\317!%\252&\306\264\037Q6\324,bi\346\330{"
 398      CF2125AA 
 398      26C6B41F 
 398      5136D42C 
ARM GAS  C:\Users\CYIRKO~1\AppData\Local\Temp\ccfOpEHt.s 			page 32


 398      6269E6D8 
 399 1629 7AE83EC5 		.ascii	"z\350>\305\260\277/\375\2723\356b\030\372\323\256oe"
 399      B0BF2FFD 
 399      BA33EE62 
 399      18FAD3AE 
 399      6F65
 400 163b 0B5CFAE6 		.ascii	"\013\\\372\346\034\\y\035{\277\036\343>z[\235\231\335"
 400      1C5C791D 
 400      7BBF1EE3 
 400      3E7A5B9D 
 400      99DD
 401 164d BADB954C 		.ascii	"\272\333\225L\373\356\302\224?\020\351\030\313O\371"
 401      FBEEC294 
 401      3F10E918 
 401      CB4FF9
 402 165c C29CDAF9 		.ascii	"\302\234\332\371\356sj\247\2359U\366U\2116\276\003\311"
 402      EE736AA7 
 402      9D3955F6 
 402      558936BE 
 402      03C9
 403 166e E38790C7 		.ascii	"\343\207\220\307\217 _\333\201:\200\2728\351\361\341"
 403      8F205FDB 
 403      813A80BA 
 403      38E9F1E1 
 404 167e 48322B3D 		.ascii	"H2+=\235r\223\361d\262\315d,\003\302\356\2449\3356a"
 404      9D7293F1 
 404      64B2CD64 
 404      2C03C2EE 
 404      A439DD36 
 405 1693 D2CC7B98 		.ascii	"\322\314{\230\276\303\321j\322\224\003\256\220EM\326"
 405      BEC3D16A 
 405      D29403AE 
 405      90454DD6 
 406 16a3 F363979F 		.ascii	"\363c\227\237\272J3\270\333\252\332\364\010\223$\356"
 406      BA4A33B8 
 406      DBAADAF4 
 406      089324EE 
 407 16b3 4A3E5FEB 		.ascii	"J>_\353\"\036\210\\KuKbO\254\3709\244W\036!\377\252"
 407      221E885C 
 407      4B754B62 
 407      4FACF839 
 407      A4571E21 
 408 16c9 418A1B75 		.ascii	"A\212\033uL/\367\255\007\"\012*\211\370\372\011\370"
 408      4C2FF7AD 
 408      07220A2A 
 408      89F8FA09 
 408      F8
 409 16da FAB18834 		.ascii	"\372\261\2104\345x\311Ig|n\006{\325x\274u\267x\376k"
 409      E578C949 
 409      677C6E06 
 409      7BD578BC 
 409      75B778FE 
 410 16ef 73D6D107 		.ascii	"s\326\321\007\035\345\204\360\363C*=:y\006\014O\305"
 410      1DE584F0 
 410      F3432A3D 
 410      3A79060C 
 410      4FC5
ARM GAS  C:\Users\CYIRKO~1\AppData\Local\Temp\ccfOpEHt.s 			page 33


 411 1701 E0ECE5F8 		.ascii	"\340\354\345\370C\336\332;\355w\255v\263\317\254\034"
 411      43DEDA3B 
 411      ED77AD76 
 411      B3CFAC1C 
 412 1711 D26F5935 		.ascii	"\322oY5\304W\356\257`\273#\270\206Z\331\262\367\324"
 412      C457EEAF 
 412      60BB23B8 
 412      865AD9B2 
 412      F7D4
 413 1723 EBDAFB0E 		.ascii	"\353\332\373\016v\223x\220\346\315\200\2207\315Q\031"
 413      76937890 
 413      E6CD8090 
 413      37CD5119 
 414 1733 275CF8BC 		.ascii	"'\\\370\274\271\223\352\330|lk\305W\224\011=\020\201"
 414      B993EAD8 
 414      7C6C6BC5 
 414      5794093D 
 414      1081
 415 1745 3D10B2E6 		.ascii	"=\020\262\3469\315\232\210\033\247. \274\235\376\337"
 415      39CD9A88 
 415      1BA72E20 
 415      BC9DFEDF 
 416 1755 4D74E670 		.ascii	"Mt\346p\3171g\251\266B\253E\366\260U\315\330|z\313\025"
 416      CF3167A9 
 416      B642AB45 
 416      F6B055CD 
 416      D87C7ACB 
 417 176a 575EDBC0 		.ascii	"W^\333\300\021\307\264\242.S\244\2262\241!Q\335\220"
 417      11C7B4A2 
 417      2E53A496 
 417      32A12151 
 417      DD90
 418 177c A0EE0555 		.ascii	"\240\356\005U\227]Z\365\302\011g| _\241\254\212\302"
 418      975D5AF5 
 418      C209677C 
 418      205FA1AC 
 418      8AC2
 419 178e 8895B6A8 		.ascii	"\210\225\266\250\370\251Tg^[\253O\212\251JI\030\320"
 419      F8A95467 
 419      5E5BAB4F 
 419      8AA94A49 
 419      18D0
 420 17a0 4B51D34B 		.ascii	"KQ\323KA\323+\252\251*\257\255\327\011\3470M\021G\216"
 420      41D32BAA 
 420      A92AAFAD 
 420      D709E730 
 420      4D11478E 
 421 17b4 6D15B05E 		.ascii	"m\025\260^:\346h\351>*v\037\025\272\217\321\356\203"
 421      3AE668E9 
 421      3E2A761F 
 421      15BA8FD1 
 421      EE83
 422 17c6 274D9D5A 		.ascii	"'M\235Z\\\305\272\037\035\254"
 422      5CC5BA1F 
 422      1DAC
 423 17d0 6A72101C 		.ascii	"jr\020\034[\342\330\274\215/HD\304\270(b\\\020\361\232"
 423      5BE2D8BC 
ARM GAS  C:\Users\CYIRKO~1\AppData\Local\Temp\ccfOpEHt.s 			page 34


 423      8D2F4844 
 423      C4B82862 
 423      5C10F19A 
 424 17e4 8A38F7E2 		.ascii	"\2128\367\342\342E\035\036g\"\314\335m-J^\304\303:\307"
 424      E2451D1E 
 424      6722CCDD 
 424      6D2D4A5E 
 424      C4C33AC7 
 425 17f8 27B9746C 		.ascii	"'\271tl\210\2007\242\2007\202\200\011*`\274\262\364"
 425      888037A2 
 425      80378280 
 425      092A60BC 
 425      B2F4
 426 180a 8D2B2E76 		.ascii	"\215+.vc\377G\347b\377\016\347\037fQ\001\015\015\216"
 426      63FF47E7 
 426      62FF0EE7 
 426      1F665101 
 426      0D0D8E
 427 181d A9054551 		.ascii	"\251\005EQ\246\270yt2\237d\022,+\005\005\271\002\237"
 427      A6B87974 
 427      329F6412 
 427      2C2B0505 
 427      B9029F
 428 1830 53DC0FA1 		.ascii	"S\334\017\241c\333\350\235V\253e\353\210\325^\310\244"
 428      63DBE89D 
 428      56AB65EB 
 428      88D55EC8 
 428      A4
 429 1841 129E9D91 		.ascii	"\022\236\235\221\237\300\377\2702n\324*`\207\255\370"
 429      9FC0FFB8 
 429      326ED42A 
 429      6087ADF8 
 430 1851 C3556C0E 		.ascii	"\303Ul\016\016\247\314Y\265QY*)\363\240\025s\004\317"
 430      0EA7CC59 
 430      B551592A 
 430      29F3A015 
 430      7304CF
 431 1864 1C419937 		.ascii	"\034A\2317\037\311\274`\265\021n\261b6\363\314\344["
 431      1FC9BC60 
 431      B5116EB1 
 431      6236F3CC 
 431      E45B
 432 1876 E51B10EC 		.ascii	"\345\033\020\354\373\215\346w_|=w\331\302\205\012\255"
 432      FB8DE677 
 432      5F7C3D77 
 432      D9C2850A 
 432      AD
 433 1887 B777987F 		.ascii	"\267w\230\177\220q\361\"o\343j\375/W\372\256\365_\345"
 433      9071F122 
 433      6FE36AFD 
 433      2F57FAAE 
 433      F55FE5
 434 189a 6F3086F9 		.ascii	"o0\206\371\371\007\2574\006\007\007\030V\256\011\012"
 434      F907AF34 
 434      06070718 
 434      56AE090A 
 435 18aa 9B4B7FCD 		.ascii	"\233K\177\315\365\011\015\234\253\017\\\245\367\363"
ARM GAS  C:\Users\CYIRKO~1\AppData\Local\Temp\ccfOpEHt.s 			page 35


 435      F5090D9C 
 435      AB0F5CA5 
 435      F7F3
 436 18b8 D3FBAD5C 		.ascii	"\323\373\255\\2\177\361\334E\013\026.]\267p%\\\377Y"
 436      327FF1DC 
 436      450B162E 
 436      5DB77025 
 436      5CFF59
 437 18cb 507090FE 		.ascii	"Pp\220\376gz\237U\376+\375\203|\003\302\374\364+\003"
 437      677A9F55 
 437      FE2BFD83 
 437      7C03C2FC 
 437      F42B03
 438 18de 7D405690 		.ascii	"}@V\220~\245\267\237~\265OX\200\321\333\270)Do\230\277"
 438      7EA5B79F 
 438      7EB54F58 
 438      80D1DBB8 
 438      29446F98 
 439 18f3 56A111F4 		.ascii	"V\241\021\364\375\351\377T\237a\223a\245\267\301\350"
 439      FDE9FF54 
 439      9F619361 
 439      A5B7C1E8 
 440 1903 07C24189 		.ascii	"\007\302A\211*\314\340\023j\304\236\313=\361g\313\200"
 440      2ACCE013 
 440      6AC49ECB 
 440      3DF167CB 
 440      80
 441 1914 BC3CB1E7 		.ascii	"\274<\261\347\277yr\236+\276\364\344~\267\342+O\374"
 441      BF79729E 
 441      2BBEF4E4 
 441      7EB7E22B 
 441      4FFC
 442 1926 4F9E9E78 		.ascii	"O\236\236x\231\347b\240E@\013\361\212\345\236\237\375"
 442      99E762A0 
 442      45400BF1 
 442      8AE59E9F 
 442      FD
 443 1937 E6972B97 		.ascii	"\346\227+\227\021<^\014\017\305\026lX\270t\211G\260"
 443      113C5E0C 
 443      0FC5166C 
 443      58B87489 
 443      47B0
 444 1949 C1C33738 		.ascii	"\301\30378008\310C\277\321\350\261\354s\257\317\274"
 444      303038C8 
 444      43BFD1E8 
 444      B1EC73AF 
 444      CFBC
 445 195b 3CBC56C0 		.ascii	"<\274V\300\277\317\027/\372\355\322\215\033=\014\306"
 445      BFCF172F 
 445      FAEDD28D 
 445      1B3D0CC6 
 446 196b C0C58B56 		.ascii	"\300\305\213V/]\002\277A\273\363\327^\277\366\\\341"
 446      2F5D02BF 
 446      41BBF3D7 
 446      5EBFF65C 
 446      E1
 447 197c BD022C5E 		.ascii	"\275\002,^\256_\255\016^\027\246\017\323k\326y\007\005"
ARM GAS  C:\Users\CYIRKO~1\AppData\Local\Temp\ccfOpEHt.s 			page 36


 447      AE5FAD0E 
 447      5E17A60F 
 447      D36BD679 
 447      0705
 448 198e 1BFD576F 		.ascii	"\033\375WorX\347\035\352\027b\014ud\256\377\304\333"
 448      7258E71D 
 448      EA17620C 
 448      7564AEFF 
 448      C4DB
 449 19a0 E8207CAF 		.ascii	"\350 |\257\363\336\020\012wT\353\274\215\301!\320aU"
 449      F3DE100A 
 449      7754EBBC 
 449      8DC121D0 
 449      6155
 450 19b2 D8EAD5FA 		.ascii	"\330\352\325\372P\307u\336\276\301aAF}\250\332\340\377"
 450      50C775DE 
 450      BEC16141 
 450      467DA8DA 
 450      E0FF
 451 19c4 5F7A6FA3 		.ascii	"_zo\243\337w\364\\\200\377\252\225k|}m<\010\014\363"
 451      DF77F45C 
 451      80FFAA95 
 451      6B7C7D6D 
 451      3C080CF3 
 452 19d8 178A7E34 		.ascii	"\027\212~4B\257\325`\004h\335\340\343o\364\017Z\303"
 452      42AFD560 
 452      0468DDE0 
 452      E36FF40F 
 452      5AC3
 453 19ea 0581D59A 		.ascii	"\005\201\325\232P\275O@H\250\177\260\203\221|z\033\337"
 453      50BD4F40 
 453      48A87FB0 
 453      83917C7A 
 453      1BDF
 454 19fc C95D21C1 		.ascii	"\311]!\301\241F\203\307\257=?_\366\371Fr-\304?@\037"
 454      A14683C7 
 454      AF3D3F5F 
 454      F6F94672 
 454      2DC43F40 
 455 1a11 6AF0F8DD 		.ascii	"j\360\370\335\262e\036\276k\205\210p\0104n\014\000["
 455      B2651EBE 
 455      6B858870 
 455      08346E0C 
 455      005B
 456 1a23 54C11B82 		.ascii	"T\301\033\202\364`<\361\226C`\230Q\277\321\333\250\361"
 456      F4603CF1 
 456      96436098 
 456      51BFD1DB 
 456      A8F1
 457 1a35 5DEB4D7F 		.ascii	"]\353M\177j\364!\372 \030\3355N\372\365\372 c\240\217"
 457      6AF421FA 
 457      2018DD35 
 457      4EFAF5FA 
 457      2063A08F 
 458 1a49 E11BB81B 		.ascii	"\341\033\270\033hX\303\330y\250\256\300n\\\013P\375"
 458      6858C3D8 
 458      79A8AEC0 
ARM GAS  C:\Users\CYIRKO~1\AppData\Local\Temp\ccfOpEHt.s 			page 37


 458      6E5C0B50 
 458      FD
 459 1a5a 0CDE44A4 		.ascii	"\014\336D\244\213\264\341mDaj\375\006\322U\275\301\010"
 459      8BB4E16D 
 459      44616AFD 
 459      06D255BD 
 459      C108
 460 1a6c 4A43E0CB 		.ascii	"JC\340\313\240\017\014\301\276AF\030\015>.\035\370o"
 460      A00F0CC1 
 460      BE414618 
 460      0D3E2E1D 
 460      F86F
 461 1a7e 155CF536 		.ascii	"\025\\\3656\352@\"\360\370\204\254\015\016\325;\030"
 461      EA4022F0 
 461      F884AC0D 
 461      0ED53B18 
 462 1a8e 886AC31A 		.ascii	"\210j\303\032\025\0200l0\032CC\334\230\012\357P=\014"
 462      1510306C 
 462      301A4343 
 462      DC980AEF 
 462      503D0C
 463 1aa1 953EC817 		.ascii	"\225>\310\027\306\007\304\006\257\372s\210F\277\321"
 463      C607C406 
 463      AFFA7388 
 463      46BFD1
 464 1ab0 DFE81BEC 		.ascii	"\337\350\033\354\247W\207\372m\202\036\034\260\030\034"
 464      A75787FA 
 464      6D821E1C 
 464      B0181C
 465 1abf 8CE4133A 		.ascii	"\214\344\023:\257\016\360Y\003\255@\270\017-\203\321"
 465      AF0EF059 
 465      03AD40B8 
 465      0F2D83D1 
 466 1acf C7A8D718 		.ascii	"\307\250\327\030\351\027\021\340\263\312\307\240\347"
 466      E91711E0 
 466      B3CAC7A0 
 466      E7
 467 1adc 9373C9CF 		.ascii	"\223s\311\317\301R\341\207\326`\374\306'\300\177M\220"
 467      C152E187 
 467      D660FCC6 
 467      27C07F4D 
 467      90
 468 1aed B7F197EF 		.ascii	"\267\361\227\357?\002k}\301\012p9\027\344\023\250\347"
 468      3F026B7D 
 468      C10A7039 
 468      17E413A8 
 468      E7
 469 1afe 7CD7FA84 		.ascii	"|\327\372\204\252\202\003\374\300\351A\372\015\372P"
 469      AA8203FC 
 469      C0E941FA 
 469      0DFA50
 470 1b0d EC6BDCA8 		.ascii	"\354k\334\2504\204(\003Ba\264\327@\224x\033q\350\302"
 470      34842803 
 470      4261B4D7 
 470      4094781B 
 470      71E8C2
 471 1b20 85400B94 		.ascii	"\205@\013\224\241\177\253\014\375D\031\272T\031\272"
ARM GAS  C:\Users\CYIRKO~1\AppData\Local\Temp\ccfOpEHt.s 			page 38


 471      A17FAB0C 
 471      FD4419BA 
 471      5419BA
 472 1b2f 4419FA0B 		.ascii	"D\031\372\013e\350\317\235\210d\3423\350\364\017\337"
 472      65E8CF9D 
 472      8864E233 
 472      E8F40FDF 
 473 1b3f 1189F7FA 		.ascii	"\021\211\367\372\245\201\200FGE\371\006C\210o4r$\274"
 473      A5818046 
 473      4745F906 
 473      43886F34 
 473      7224BC
 474 1b52 1C2DE3A8 		.ascii	"\034-\343\250\012\014\201\230\326\360N6\316\220\014"
 474      0A0C8198 
 474      D6F04E36 
 474      CE900C
 475 1b61 301D7960 		.ascii	"0\035y`\327\257w\265\272\344m\\\370V<\241F\017>\332"
 475      D7AF77B5 
 475      BAE46D5C 
 475      F8563CA1 
 475      460F3EDA 
 476 1b75 0186C177 		.ascii	"\001\206\301w\255\037@X\360\356= p\240\303/\336C\305"
 476      AD1F4058 
 476      F0EE3D20 
 476      70A0C32F 
 476      DE43C5
 477 1b88 268310EA 		.ascii	"&\203\020\352\357\241\006\202\016:h!\325x\243\034\327"
 477      EFA10682 
 477      0E3A6821 
 477      D578A31C 
 477      D7
 478 1b99 B1FA01C1 		.ascii	"\261\372\001\301 \\T\257\203\300\016\372f\311[\245\256"
 478      205C54AF 
 478      83C00EFA 
 478      66C95BA5 
 478      AE
 479 1baa F509B088 		.ascii	"\365\011\260\210\205\337\254'\001\343\022\034f\014\011"
 479      85DFAC27 
 479      01E3121C 
 479      660C09
 480 1bb9 330AF2D5 		.ascii	"3\012\362\325\376\364\207\263\177\220\344\242\306k\271"
 480      FEF487B3 
 480      7F90E4A2 
 480      C66BB9
 481 1bc8 B7E76F7E 		.ascii	"\267\347o~\275\374\337\035\340\207\327\212/\277r\204"
 481      BDFCDF1D 
 481      E087D78A 
 481      2FBF7284 
 482 1bd8 EFAFBFF8 		.ascii	"\357\257\277\370\354\213\317V\274\237V\203>\324\337"
 482      EC8BCF56 
 482      BC9F5683 
 482      3ED4DF
 483 1be7 2780D415 		.ascii	"'\200\324\025\203\037\037\345*\232\311:\372\351m\010"
 483      831F1FE5 
 483      2A9AC93A 
 483      FAE96D08 
 484 1bf7 0E0BF5D5 		.ascii	"\016\013\365\325\263\006M\015\000D\033\006\015\311]"
ARM GAS  C:\Users\CYIRKO~1\AppData\Local\Temp\ccfOpEHt.s 			page 39


 484      B3064D0D 
 484      00441B06 
 484      0DC95D
 485 1c06 3D540617 		.ascii	"=T\006\027\306)4\325\033(\337\014\353\253\336\306\305"
 485      C62934D5 
 485      1B28DF0C 
 485      EBABDEC6 
 485      C5
 486 1c17 EFEE63A6 		.ascii	"\357\356c\246\200\270B\012\002\242~} \344`\250\277Q"
 486      80B8420A 
 486      02A27E7D 
 486      20E460A8 
 486      BF51
 487 1c29 6FE47370 		.ascii	"o\344sp\341\022>\007\311\017G2\242\376\201\300\310\255"
 487      E1123E07 
 487      C90F4732 
 487      A2FE81C0 
 487      C8AD
 488 1c3b D11B2162 		.ascii	"\321\033!b\303\214F\014\2770\374\340h\320\322\276\256"
 488      C38C460C 
 488      BF30FCE0 
 488      68D0D2BE 
 488      AE
 489 1c4c 5ED4E6E5 		.ascii	"^\324\346\345\241\376\353\365\241\177\370|\205\212\334"
 489      A1FEEBF5 
 489      A17FF87C 
 489      858ADC
 490 1c5b 32EAA457 		.ascii	"2\352\244W\325\241\033I9\342\002}\374\203\034\310\307"
 490      D5A11B49 
 490      39E2027D 
 490      FC831CC8 
 490      C7
 491 1c6c 7C5F85D6 		.ascii	"|_\205\326w\355\212\265~^\001z}\310\317\337\335\024"
 491      77ED8AB5 
 491      7E5E017A 
 491      7DC8CFDF 
 491      DD14
 492 1c7e 3E03C804 		.ascii	">\003\310\004\353\273\026R\010\274\370\275\177\202\032"
 492      EBBB1652 
 492      08BCF8BD 
 492      7F821A
 493 1c8d E2A58791 		.ascii	"\342\245\207\221\0142\202F/\250<>\201\200c\351\373\015"
 493      0C328246 
 493      2FA83C3E 
 493      818063E9 
 493      FB0D
 494 1c9f 1CED4604 		.ascii	"\034\355F\004\317\222\223\367\311\267\012\203Y\307\203"
 494      CF9293F7 
 494      C9B70A83 
 494      59C783
 495 1cae 17E22140 		.ascii	"\027\342!@#q\000\016\3636\372\373~c\320\314'\323*\271"
 495      2371000E 
 495      F336FAFB 
 495      7E63D0CC 
 495      27D32AB9 
 496 1cc2 F49B3FAE 		.ascii	"\364\233?\256\360\3662\302\314\2551\370-\205\332\342"
 496      F0F632C2 
ARM GAS  C:\Users\CYIRKO~1\AppData\Local\Temp\ccfOpEHt.s 			page 40


 496      CCAD31F8 
 496      2D85DAE2 
 497 1cd2 6F9C31DF 		.ascii	"o\2341\337\203\371\313\3733h\221\311\002D\222\237\036"
 497      83F9CBFB 
 497      336891C9 
 497      0244929F 
 497      1E
 498 1ce3 EF630491 		.ascii	"\357c\004\221\355\273\326k\223\201\364|\237\034\334"
 498      EDBBD66B 
 498      9381F47C 
 498      9F1CDC
 499 1cf2 44ECC65E 		.ascii	"D\354\306^\313\227\376\313\267\252c\345\215.\011<~\377"
 499      CB97FECB 
 499      B7AA63E5 
 499      8D2E093C 
 499      7EFF
 500 1d04 FBE51E74 		.ascii	"\373\345\036t\015\260~\221$\370\275\003\002H\251\371"
 500      0DB07E91 
 500      24F8BD03 
 500      0248A9F9 
 501 1d14 1F02D112 		.ascii	"\037\002\321\022\010"
 501      08
 502              		.text
 503              		.section	.gnu.lto_.symtab.1168724c,"",%progbits
 504 0000 6D61696E 		.ascii	"main\000"
 504      00
 505 0005 00       		.ascii	"\000"
 506 0006 00       		.ascii	"\000"
 507 0007 00       		.ascii	"\000"
 508 0008 00000000 		.ascii	"\000\000\000\000\000\000\000\000"
 508      00000000 
 509 0010 58020000 		.ascii	"X\002\000\000"
 510 0014 53443700 		.ascii	"SD7\000"
 511 0018 00       		.ascii	"\000"
 512 0019 02       		.ascii	"\002"
 513 001a 00       		.ascii	"\000"
 514 001b 00000000 		.ascii	"\000\000\000\000\000\000\000\000"
 514      00000000 
 515 0023 7F020000 		.ascii	"\177\002\000\000"
 516 0027 63685468 		.ascii	"chThdSleep\000"
 516      64536C65 
 516      657000
 517 0032 00       		.ascii	"\000"
 518 0033 02       		.ascii	"\002"
 519 0034 00       		.ascii	"\000"
 520 0035 00000000 		.ascii	"\000\000\000\000\000\000\000\000"
 520      00000000 
 521 003d 5C020000 		.ascii	"\\\002\000\000"
 522 0041 63687072 		.ascii	"chprintf\000"
 522      696E7466 
 522      00
 523 004a 00       		.ascii	"\000"
 524 004b 02       		.ascii	"\002"
 525 004c 00       		.ascii	"\000"
 526 004d 00000000 		.ascii	"\000\000\000\000\000\000\000\000"
 526      00000000 
 527 0055 71020000 		.ascii	"q\002\000\000"
ARM GAS  C:\Users\CYIRKO~1\AppData\Local\Temp\ccfOpEHt.s 			page 41


 528 0059 6765745F 		.ascii	"get_ticks\000"
 528      7469636B 
 528      7300
 529 0063 00       		.ascii	"\000"
 530 0064 02       		.ascii	"\002"
 531 0065 00       		.ascii	"\000"
 532 0066 00000000 		.ascii	"\000\000\000\000\000\000\000\000"
 532      00000000 
 533 006e 74020000 		.ascii	"t\002\000\000"
 534 0072 4558545F 		.ascii	"EXT_Start\000"
 534      53746172 
 534      7400
 535 007c 00       		.ascii	"\000"
 536 007d 02       		.ascii	"\002"
 537 007e 00       		.ascii	"\000"
 538 007f 00000000 		.ascii	"\000\000\000\000\000\000\000\000"
 538      00000000 
 539 0087 77020000 		.ascii	"w\002\000\000"
 540 008b 7364375F 		.ascii	"sd7_init\000"
 540      696E6974 
 540      00
 541 0094 00       		.ascii	"\000"
 542 0095 02       		.ascii	"\002"
 543 0096 00       		.ascii	"\000"
 544 0097 00000000 		.ascii	"\000\000\000\000\000\000\000\000"
 544      00000000 
 545 009f 79020000 		.ascii	"y\002\000\000"
 546 00a3 68616C49 		.ascii	"halInit\000"
 546      6E697400 
 547 00ab 00       		.ascii	"\000"
 548 00ac 02       		.ascii	"\002"
 549 00ad 00       		.ascii	"\000"
 550 00ae 00000000 		.ascii	"\000\000\000\000\000\000\000\000"
 550      00000000 
 551 00b6 7B020000 		.ascii	"{\002\000\000"
 552 00ba 63685379 		.ascii	"chSysInit\000"
 552      73496E69 
 552      7400
 553 00c4 00       		.ascii	"\000"
 554 00c5 02       		.ascii	"\002"
 555 00c6 00       		.ascii	"\000"
 556 00c7 00000000 		.ascii	"\000\000\000\000\000\000\000\000"
 556      00000000 
 557 00cf 7D020000 		.ascii	"}\002\000\000"
 558              		.text
 559              		.section	.gnu.lto_.opts,"",%progbits
 560 0000 272D666D 		.ascii	"'-fmath-errno' '-fsigned-zeros' '-ftrapping-math' '"
 560      6174682D 
 560      6572726E 
 560      6F272027 
 560      2D667369 
 561 0033 2D666E6F 		.ascii	"-fno-trapv' '-fno-openmp' '-fno-openacc' '-mcpu=cor"
 561      2D747261 
 561      70762720 
 561      272D666E 
 561      6F2D6F70 
 562 0066 7465782D 		.ascii	"tex-m7' '-mno-thumb-interwork' '-mthumb' '-ggdb' '-"
ARM GAS  C:\Users\CYIRKO~1\AppData\Local\Temp\ccfOpEHt.s 			page 42


 562      6D372720 
 562      272D6D6E 
 562      6F2D7468 
 562      756D622D 
 563 0099 4F322720 		.ascii	"O2' '-fomit-frame-pointer' '-falign-functions=16' '"
 563      272D666F 
 563      6D69742D 
 563      6672616D 
 563      652D706F 
 564 00cc 2D666675 		.ascii	"-ffunction-sections' '-fdata-sections' '-fno-common"
 564      6E637469 
 564      6F6E2D73 
 564      65637469 
 564      6F6E7327 
 565 00ff 2720272D 		.ascii	"' '-flto'\000"
 565      666C746F 
 565      2700
 566              		.text
 567              		.comm	__gnu_lto_v1,1,1
 568              		.comm	__gnu_lto_slim,1,1
 569              		.ident	"GCC: (GNU Tools for ARM Embedded Processors 6-2017-q1-update) 6.3.1 20170215 (release) [AR
ARM GAS  C:\Users\CYIRKO~1\AppData\Local\Temp\ccfOpEHt.s 			page 43


DEFINED SYMBOLS
                            *ABS*:00000000 main.c
                            *COM*:00000001 __gnu_lto_v1
                            *COM*:00000001 __gnu_lto_slim

NO UNDEFINED SYMBOLS
