ARM GAS  C:\Users\CYIRKO~1\AppData\Local\Temp\ccaYECTq.s 			page 1


   1              		.cpu cortex-m7
   2              		.eabi_attribute 20, 1
   3              		.eabi_attribute 21, 1
   4              		.eabi_attribute 23, 3
   5              		.eabi_attribute 24, 1
   6              		.eabi_attribute 25, 1
   7              		.eabi_attribute 26, 1
   8              		.eabi_attribute 30, 2
   9              		.eabi_attribute 34, 1
  10              		.eabi_attribute 18, 4
  11              		.file	"nvic.c"
  12              		.text
  13              	.Ltext0:
  14              		.section	.gnu.lto_.profile.115d8373,"",%progbits
  15 0000 789C6365 		.ascii	"x\234ce`b`a```d\220\022\003\000\000\312\000="
  15      60626061 
  15      60606064 
  15      90120300 
  15      00CA003D 
  16              		.text
  17              		.section	.gnu.lto_.icf.115d8373,"",%progbits
  18 0000 789C6365 		.ascii	"x\234ce`b\220b@\000\026\206\027\337\372'q3~\336ur'\033"
  18      60629062 
  18      40001686 
  18      17DFFA27 
  18      71337EDE 
  19 0018 D385E635 		.ascii	"\323\205\3465\217\270\231;\356\375hab\000\000\253P\014"
  19      8FB8993B 
  19      EEFD6861 
  19      620000AB 
  19      500C
  20 002a 3B       		.ascii	";"
  21              		.text
  22              		.section	.gnu.lto_.jmpfuncs.115d8373,"",%progbits
  23 0000 789C6365 		.ascii	"x\234ce`b\220b@\000\026\006&FF\346\372zF \250g\202\260"
  23      60629062 
  23      40001606 
  23      264646E6 
  23      FA7A4620 
  24 0018 99416C06 		.ascii	"\231Al\006\000)\250\003:"
  24      0029A803 
  24      3A
  25              		.text
  26              		.section	.gnu.lto_.inline.115d8373,"",%progbits
  27 0000 789C4D8C 		.ascii	"x\234M\214\321\021\2000\014B!M\323\350\217#\324\011"
  27      D1118030 
  27      0C42214D 
  27      D3E88F23 
  27      D409
  28 0012 5CD2453A 		.ascii	"\\\322E:\222\2438\202\261\236U>\270\343\036\220!\330"
  28      92A33882 
  28      B19E553E 
  28      B8E31E90 
  28      21D8
  29 0024 F1498179 		.ascii	"\361I\201y\242pe\204\333\324\316\015\326\252@\216E\021"
  29      A2706584 
  29      DBD4CE0D 
ARM GAS  C:\Users\CYIRKO~1\AppData\Local\Temp\ccaYECTq.s 			page 2


  29      D6AA408E 
  29      4511
  30 0036 C9833808 		.ascii	"\311\2038\010/d\257$m\365\251\004\325~\"\310J\366\227"
  30      2F64AF24 
  30      6DF5A904 
  30      D57E22C8 
  30      4AF697
  31 0049 14BBDF41 		.ascii	"\024\273\337A(\241\330;\035pLq\001\226\277\015\245"
  31      28A1D83B 
  31      1D704C71 
  31      0196BF0D 
  31      A5
  32              		.text
  33              		.section	.gnu.lto_.pureconst.115d8373,"",%progbits
  34 0000 789C6365 		.ascii	"x\234ce`b\340d```a\220b\224b\222b\226\002\000\002\321"
  34      6062E064 
  34      60606061 
  34      90629462 
  34      92629602 
  35 0017 0083     		.ascii	"\000\203"
  36              		.text
  37              		.section	.gnu.lto_nvicEnableVector.115d8373,"",%progbits
  38 0000 789C9D53 		.ascii	"x\234\235SML\023A\024\236o_\267\333B\251g#\021\016&"
  38      4D4C1341 
  38      149E6F5F 
  38      B7DB42A9 
  38      6723110E 
  39 0015 0D1737BD 		.ascii	"\015\0277\275hbL\014\022\274q\321+\027\255\007\232H"
  39      68624C0C 
  39      12BC71D1 
  39      2B17AD07 
  39      9A48
  40 0027 9700126F 		.ascii	"\227\000\022oL\013\226X\215\022\005*\306fk\202\362'"
  40      4C0B9658 
  40      8D12052A 
  40      C6666B82 
  40      F227
  41 0039 94222AA0 		.ascii	"\224\"*\240&MCbz@\243\361f\342A\214\246\007\0146\036"
  41      264D4362 
  41      7A40A3F1 
  41      66E2418C 
  41      A6070C36 
  42 004e 3C00FA66 		.ascii	"<\000\372f\267\211&\352A'\231\231\367\346}\337{\357"
  42      B78926EA 
  42      41279999 
  42      F7E67DDF 
  42      7BEF
  43 0060 9BD9D585 		.ascii	"\233\331\325\205&\216\223\020\255B\210}<A\002\332\360"
  43      268E9310 
  43      AD42887D 
  43      3C4102DA 
  43      F0
  44 0071 0B21E23E 		.ascii	"\013!\342>\015P\206\364A\364k\350\3075J\023\212C\037"
  44      0D5086F4 
  44      41F46BE8 
  44      C7354A13 
  44      8A431F
ARM GAS  C:\Users\CYIRKO~1\AppData\Local\Temp\ccaYECTq.s 			page 3


  45 0084 57B4A649 		.ascii	"W\264\246I\311\243\220\256\354\225S\005\330L\037\347"
  45      C9A390AE 
  45      EC955305 
  45      D84C1FE7 
  46 0094 A90626D1 		.ascii	"\251\006&\321\304\250W\203\013\267\351*\331\004x\330"
  46      C4A85783 
  46      0BB7E92A 
  46      D90478D8 
  47 00a4 FDB27E6B 		.ascii	"\375\262~k#\250\\\015\215\354\356\310\221\261 \035\203"
  47      23A85C0D 
  47      8DECEEC8 
  47      91B1201D 
  47      83
  48 00b5 607BBC38 		.ascii	"`{\2748\372\266.tW\312\204,\254\215\220<`\023a\006\304"
  48      FAB62E74 
  48      57CA842C 
  48      AC8D903C 
  48      60136106 
  49 00ca 09318D7A 		.ascii	"\0111\215zL\241^\360\221\300,B\014\237M|\332$jv\250"
  49      4CA15EF0 
  49      91C02C42 
  49      0C9F4D7C 
  49      DA246A76 
  50 00df 974A3B1B 		.ascii	"\227J;\033F\225\372a\264J\275\377\007\352\034B\012\377"
  50      4695FA61 
  50      B44ABDFF 
  50      07EA1C42 
  50      0AFF
  51 00f1 3EBF3B5A 		.ascii	">\277;Z\347\365\270\275b\036^\360\236{\215\202\334\375"
  51      E7F5B8BD 
  51      621E5EF0 
  51      9E7B8D82 
  51      DCFD
  52 0103 3E240B6F 		.ascii	">$\013o\356!}\"\000(\270\306D\017\251E\207\252l\260"
  52      EE217D22 
  52      0028B8C6 
  52      440FA945 
  52      87AA6CB0 
  53 0117 A9FBD4E2 		.ascii	"\251\373\324\342\347\305+D\212s\250\313\271L\232\332"
  53      E7C52B44 
  53      8A73A8CB 
  53      B94C9ADA 
  54 0127 A98C4465 		.ascii	"\251\214Deh'W\243\322fH\313\020D\031\003[I\270\007\304"
  54      682757A3 
  54      D26648CB 
  54      10441903 
  54      5B49B807 
  55 013c 67BF5E8B 		.ascii	"g\277^\213\027\036\344\270\2752\212c\245\006\205\341"
  55      171EE4B8 
  55      BD328A63 
  55      A50685E1 
  56 014c E8D8C5E2 		.ascii	"\350\330\305\342KCE\015G\336\322\235\317\337\002\256"
  56      4B43450D 
  56      47DED29D 
  56      CFDF02AE 
  57 015c 2B8B0332 		.ascii	"+\213\0032\310G\3277+\313A\033\2318\337~v\277M>\344"
  57      C847D737 
ARM GAS  C:\Users\CYIRKO~1\AppData\Local\Temp\ccaYECTq.s 			page 4


  57      2BCB411B 
  57      9938DF7E 
  57      76BF4D3E 
  58 0171 59E70227 		.ascii	"Y\347\002'R\204\365w\213\303{\31499\030\227\2156\371"
  58      5284F577 
  58      8BC37BCC 
  58      39391897 
  58      8D36F9
  59 0184 B1081B37 		.ascii	"\261\010\0337\235wQ\331f\276NQ8\247\202\331\230M5x\000"
  59      9D7751D9 
  59      66BE4E51 
  59      38A782D9 
  59      984D3578 
  60 0199 3343BAF3 		.ascii	"3C\272\363fK\010s\213\252\341J2\223\317V{68\314\304"
  60      664B0873 
  60      8BAAE14A 
  60      3293CF56 
  60      7B3638CC 
  61 01ae D2C4EA76 		.ascii	"\322\304\352v\300\355Y\307C\247\347\201\355\344\264"
  61      C0ED59C7 
  61      43A7E781 
  61      EDE4B4
  62 01bd DF05F95C 		.ascii	"\337\005\371\\\320\215\211\371\225:\005\322\321\200"
  62      D08D89F9 
  62      953A05D2 
  62      D180
  63 01cb 472E682B 		.ascii	"G.h+Y2\\\220_\325_{\236\364\271i\200\307\250g\252\253"
  63      59325C90 
  63      5FD55F7B 
  63      9EF4B969 
  63      80C7A867 
  64 01e1 DEACAAFF 		.ascii	"\336\254\252\377\027m\265Xv\264\341wm}6\005\260\242"
  64      176DB558 
  64      76B4E177 
  64      6D7D3605 
  64      B0A2
  65 01f3 B4198EB6 		.ascii	"\264\031\216\266U\245\315\357\224*\2476j\377\253\330"
  65      55A5CDEF 
  65      942AA736 
  65      6AFFABD8 
  66 0203 13A798F6 		.ascii	"\023\247\230\366\227bO\177\026{\346\026\333D\"\233\273"
  66      97624F7F 
  66      167BE616 
  66      DB44229B 
  66      BB
  67 0214 E25CA3F3 		.ascii	"\342\\\243\363S\244\270Q\376H8\301\321\326#\355-\035"
  67      53A4B851 
  67      FE4838C1 
  67      D1D623ED 
  67      2D1D
  68 0226 D133D153 		.ascii	"\3213\321S\275\347\317F\255\366\210\262\255\236\360"
  68      BDE7CF46 
  68      ADF688B2 
  68      AD9EF0
  69 0235 E143A6D5 		.ascii	"\341C\246\325cv\234>gvY\335\275=f\304\352\354\264bf"
  69      63769C3E 
  69      677659DD 
ARM GAS  C:\Users\CYIRKO~1\AppData\Local\Temp\ccaYECTq.s 			page 5


  69      BD3D66C4 
  69      EAECB462 
  70 024a F3C9B696 		.ascii	"\363\311\266\226\266\013f\254/\0329\030\021\210y\272"
  70      B60B66AC 
  70      2F1A3918 
  70      118879BA 
  71 025a BAA3D60F 		.ascii	"\272\243\326\017\012\032\035\333"
  71      0A1A1DDB 
  72              		.text
  73              		.section	.gnu.lto_nvicDisableVector.115d8373,"",%progbits
  74 0000 789C9592 		.ascii	"x\234\225\222Mh\023Q\020\307\337\177g\223lm\023\257"
  74      4D681351 
  74      10C7DF7F 
  74      67936C6D 
  74      13AF
  75 0012 82417B10 		.ascii	"\202A{\020J/.\271(\210\240R\364\326\213^{\321(4`\263"
  75      4A2F2EB9 
  75      2888A052 
  75      F4D68B5E 
  75      7BD12834 
  76 0028 626AF1D6 		.ascii	"bj\361\326\227~\244PQ\213\266\251\025\303F\2104mm\323"
  76      977EA450 
  76      518BB6A9 
  76      15C34688 
  76      346D6DD3 
  77 003c 8FA8ADA7 		.ascii	"\217\250\255\247\260\010\0220\212\202'\301\203\025\321"
  77      B0081230 
  77      8A8227C1 
  77      8315D1
  78 004b 43454B0F 		.ascii	"CEK\017\036juf\327\203\340\311\007\357c\336\376f\376"
  78      1E6A7566 
  78      D783E0C9 
  78      07EF63DE 
  78      FE66FE
  79 005e 33F336A4 		.ascii	"3\3636\244\014u\301P\352\270Rj/O\220\2021\366R\251\254"
  79      0C75C150 
  79      EAB8526A 
  79      2F4F9082 
  79      31F652A9 
  80 0073 650072D0 		.ascii	"e\000r\320\026T\277\201~\334\244I\2027\362i\315h\237"
  80      1654BF81 
  80      7EDCA449 
  80      8237F269 
  80      CD689F
  81 0086 D63C6A93 		.ascii	"\326<j\223\325pN\017\357qI\251)\23620\215v\246^\017"
  81      D5704E0F 
  81      EF7149A9 
  81      299E3230 
  81      8D76A65E 
  82 009b 2DDEA31B 		.ascii	"-\336\243\033\344\022`\262\371\275qw=&\246\201V6\177"
  82      E41260B2 
  82      F9BD7177 
  82      3D26A681 
  82      56367F
  83 00ae EAF17C8C 		.ascii	"\352\361|\214\216A\361y\312\233x\027m{\240\365\200\256"
  83      8E41F179 
  83      CA9B7817 
ARM GAS  C:\Users\CYIRKO~1\AppData\Local\Temp\ccaYECTq.s 			page 6


  83      6D7BA0F5 
  83      80AE
  84 00c0 BD18277D 		.ascii	"\275\030'}\300%\302,\210\003b\006q\224\021W|\2450\207"
  84      C025C22C 
  84      88036206 
  84      71941157 
  84      7CA53087 
  85 00d4 36E13F2C 		.ascii	"6\341?,\355LD\303f \210\207\010\203\367\312\033\324"
  85      ED4C44C3 
  85      66208887 
  85      0883F7CA 
  85      1BD4
  86 00e6 F4CEAF11 		.ascii	"\364\316\257\021]\373X\302\333S\026 \270\301\216&\311"
  86      5DFB58C2 
  86      DB531620 
  86      B8C18E26 
  86      C9
  87 00f7 62F21252 		.ascii	"b\362\022Rj\224}\244\242kd\310N_0\270\231k\254\024!"
  87      6A947DA4 
  87      A26B64C8 
  87      4E5F30B8 
  87      996BAC14 
  88 010c 710A6414 		.ascii	"q\012d\024\010\254P/=\335n\221dC\010a\236\345\031\333"
  88      08AC502F 
  88      3DDD6E91 
  88      64430861 
  88      9EE519DB 
  89 0120 CECD3405 		.ascii	"\316\3154\005\020\005\320\355\322\302ZT \023\373\261"
  89      1005D0ED 
  89      D2C25A54 
  89      2013FBB1 
  90 0130 1040DF72 		.ascii	"\020@\337r\365H\000I\315\325g\317sV\020\006\250 \316"
  90      F5480049 
  90      CDD567CF 
  90      73561006 
  90      A820CE
  91 0143 AE0C79F9 		.ascii	"\256\014y\371\272-\014\003\371a\357UD\200\260\337\210"
  91      BA2D0C03 
  91      F961EF55 
  91      4480B0DF 
  91      88
  92 0154 EAFDAF3F 		.ascii	"\352\375\257?Z\002S{\203:\306W\26766Wc.\012Ynvq\237"
  92      5A02537B 
  92      833AC657 
  92      B7363657 
  92      632E0A59 
  93 016c 4B112C71 		.ascii	"K\021,qG\026YM\034\032\357\227\307v\333\363z(\253[]"
  93      4716594D 
  93      1C1AEF97 
  93      C776DBF3 
  93      7A28AB5B 
  94 0181 B2B00C17 		.ascii	"\262\260\014\027w\374g\220h\263[eJT\344c\261\317\245"
  94      77FC6790 
  94      68B35B65 
  94      4A54E463 
  94      B1CFA5
  95 0194 26ACC0E6 		.ascii	"&\254\300\346\012\375'\252\"\301)J2[\237\313\353\221"
ARM GAS  C:\Users\CYIRKO~1\AppData\Local\Temp\ccaYECTq.s 			page 7


  95      0AFD27AA 
  95      22C1294A 
  95      325B9FCB 
  95      EB91
  96 01a6 3FE9FC8F 		.ascii	"?\351\374\217\330.<\362\305\360\257X\332\245f<\0261"
  96      D82E3CF2 
  96      C5F0AF58 
  96      DAA5663C 
  96      1631
  97 01b8 F8624F90 		.ascii	"\370bO\220\370\273\326f(\254r\314\015\014\024\347\256"
  97      F8BBD666 
  97      28AC72CC 
  97      0D0C14E7 
  97      AE
  98 01c9 FB8DF7FF 		.ascii	"\373\215\367\377\233Q\306\371I8\301\243'\217tut\247"
  98      9B51C6F9 
  98      4938C1A3 
  98      278F7475 
  98      74A7
  99 01db CEA5CEF4 		.ascii	"\316\245\316\364^9\237r\272\222rv2\211\303\207l'cw\237"
  99      5E399F72 
  99      BA927276 
  99      3289C387 
  99      6C276377 
 100 01f0 BD685F72 		.ascii	"\275h_r.\367f\354\244\323\323\343\244\355\023\247;;"
 100      2EF766EC 
 100      A4D3D3E3 
 100      A4ED13A7 
 100      3B3B
 101 0202 3AAFDAE9 		.ascii	":\257\332\351\276T\362`R!\375\033\335\"\330\350"
 101      BE54F260 
 101      5221FD1B 
 101      DD22D8E8 
 102              		.text
 103              		.section	.gnu.lto_nvicSetSystemHandlerPriority.115d8373,"",%progbits
 104 0000 789C6D51 		.ascii	"x\234mQMh\023Q\020\236\357\315f\263\012\366\\\264\207"
 104      4D681351 
 104      109EEFCD 
 104      66B30AF6 
 104      5CB487
 105 0013 1E84D04B 		.ascii	"\036\204\320K\227\\\024D\020\011\342Az\321k/5\025\022"
 105      975C1444 
 105      1009E241 
 105      7AD16B2F 
 105      351512
 106 0026 68B325A9 		.ascii	"h\263%\251\342\255o\223\266\301\012U\3244U\014\033("
 106      E2AD6F93 
 106      B6C10A55 
 106      D434550C 
 106      1B28
 107 0038 526D8D69 		.ascii	"Rm\215i\325K\260H\310\311\034T\364\330\223ZQ\002\006"
 107      D54BB048 
 107      C8C91C54 
 107      F4D8935A 
 107      510206
 108 004b FCE9D5EA 		.ascii	"\374\351\325\352\2745\202\007\037\274}\363\367\315~"
 108      BC358207 
ARM GAS  C:\Users\CYIRKO~1\AppData\Local\Temp\ccaYECTq.s 			page 8


 108      1FBC7DF3 
 108      F7CD7E
 109 005a DF4C8414 		.ascii	"\337L\204\024uAt\206\210\016\311\005\023\324\365WD\276"
 109      75417486 
 109      880EC905 
 109      13D4F557 
 109      44BE
 110 006c A3006368 		.ascii	"\243\000ch\0074\2430\203k\\f\264\212\237\032jhU\313"
 110      0734A330 
 110      836B5C66 
 110      B48A9F1A 
 110      6A6855CB 
 111 0080 699677ED 		.ascii	"i\226w\355y=\327\0370\321m\271\346`\025CR\365fv\343"
 111      793DD71F 
 111      30D16DB9 
 111      E6601543 
 111      52F56676 
 112 0095 2E2F72C0 		.ascii	"./r\300\200%\356\267\227wv\372\214\2530(n\341\346\363"
 112      8025EEB7 
 112      977776FA 
 112      8CAB3028 
 112      6EE1E6F3 
 113 00a9 2D874F80 		.ascii	"-\207O\200\304\356\352\266o\307\356i\235\327\315\217"
 113      C4EEEAB6 
 113      6FC7EE69 
 113      9DD7CD8F 
 114 00b9 25D68703 		.ascii	"%\326\207\003f\254\201\245!\036`\000\3671@\022\"\254"
 114      66AC81A5 
 114      211E6000 
 114      F7314012 
 114      22AC
 115 00cb 2326E5EB 		.ascii	"#&\345\353\371\317]\346\323!\364J\373\347N\264\007\335"
 115      F9CF5DE6 
 115      D321F44A 
 115      FBE74EB4 
 115      07DD
 116 00dd 2DF7A00F 		.ascii	"-\367\240\017\377\003\255!f\352?l\356\225\016\330\326"
 116      FF03AD21 
 116      66EA3F6C 
 116      EE950ED8 
 116      D6
 117 00ee CA5FBA78 		.ascii	"\312_\272x\004[\224S\375-\232z\357WQ\010\364o\377p\242"
 117      045B9453 
 117      FD2D9A7A 
 117      EF575108 
 117      F46FFF70 
 118 0103 804128C1 		.ascii	"\200A(\301Zl>\021\230\237\023-\010\310\014\344*+\363"
 118      5A6C3E11 
 118      989F132D 
 118      08C80CE4 
 118      2A2BF3
 119 0116 7207F9EF 		.ascii	"r\007\371\357\305Z\343\035L\243\012\253\012\203:(|\235"
 119      C55AE31D 
 119      4CA30AAB 
 119      0A833A28 
 119      7C9D
 120 0128 EF055862 		.ascii	"\357\005Xb\377\316\"\002\013u\341\324Ak\251=lj$\273"
ARM GAS  C:\Users\CYIRKO~1\AppData\Local\Temp\ccaYECTq.s 			page 9


 120      FFCE2202 
 120      0B75E1D4 
 120      416BA93D 
 120      6C6A24BB 
 121 013c 34D77A1D 		.ascii	"4\327z\0355Y;\324\3447\266nE\376\270z\273\240\373\014"
 121      35593BD4 
 121      E437B66E 
 121      45FEB87A 
 121      BBA0FB0C 
 122 0150 7E39FFDE 		.ascii	"~9\377\336\011P\361e\344\325\203\001G\261)\3426\244"
 122      0950F165 
 122      E4D58301 
 122      47B129E2 
 122      36A4
 123 0162 91017C29 		.ascii	"\221\001|)\275X\333\357\326\364\254\257\007\003v\360"
 123      BD58DBEF 
 123      D6F4ACAF 
 123      070376F0 
 124 0172 180196C3 		.ascii	"\030\001\226\303eHr\345F%\021\257\233\\5\033\360><\201"
 124      654872E5 
 124      462511AF 
 124      9B5C351B 
 124      F03E3C81 
 125 0186 5BE148B8 		.ascii	"[\341H\270\247\247\210\013CY}\276\372l1$\034\356oA4"
 125      A7A7880B 
 125      43597DBE 
 125      FA6C3124 
 125      1CEE6F41 
 126 019b 88364574 		.ascii	"\2106Et\374\324\261\321D*}>}n\372\342x\332\033M\032"
 126      FCD4B1D1 
 126      442A7D3E 
 126      7D6EFAE2 
 126      78DA1B4D 
 127 01b0 DBCBC58F 		.ascii	"\333\313\305\217\036q\275\234\233\032\233p\247\274\354"
 127      1E71BD9C 
 127      9B1A9B70 
 127      A7BCEC
 128 01bf 74CE4D7A 		.ascii	"t\316Mz\223\223^\306=yv$1r\331\315\\J'\207\223\024M"
 128      93935EC6 
 128      3D797624 
 128      3172D9CD 
 128      5C4A2787 
 129 01d6 8D65C627 		.ascii	"\215e\306'.d\255\251l\332\373\015\201\005\264\250"
 129      2E64ADA9 
 129      6CDAFB0D 
 129      8105B4A8 
 130              		.text
 131              		.section	.gnu.lto_nvicClearPending.115d8373,"",%progbits
 132 0000 789C2D51 		.ascii	"x\234-QMh\023Q\020\236og7I\241\211W\301\240=\010\245"
 132      4D681351 
 132      109E6F67 
 132      3749A189 
 132      57C1A03D 
 133 0016 085D7251 		.ascii	"\010]rQ\020A\245\210\247^\364\332\213\306C\0036+\246"
 133      1041A588 
 133      A75EF4DA 
 133      8BC64303 
ARM GAS  C:\Users\CYIRKO~1\AppData\Local\Temp\ccaYECTq.s 			page 10


 133      362BA6
 134 0029 166F7D49 		.ascii	"\026o}I\333\004+\330\242mj\305\260\021#\375\3216m\365"
 134      DB042BD8 
 134      A26D6AC5 
 134      B01123FD 
 134      D1366DF5 
 135 003d 60EB252C 		.ascii	"`\353%,^z\250R\257\212\007\005\301C\213\015\036<\264"
 135      5E7AA852 
 135      AF8A0705 
 135      C1438B0D 
 135      1E3CB4
 136 0050 D599AC0F 		.ascii	"\325\231\254\017\336{3\337\373\346\233y3\016Y\264\013"
 136      DE7B33DF 
 136      FBE69B79 
 136      330E59B4 
 136      0B
 137 0061 A20B4474 		.ascii	"\242\013DtL6\230`M~ \312\307,@\015\023\003\015[\030"
 137      4C369860 
 137      4D7E20CA 
 137      C72C400D 
 137      13030D5B 
 138 0076 C604CF30 		.ascii	"\306\004\3170\202\322\217u\253k\316\310j\314lD\213f"
 138      82D28F75 
 138      AB6BCEC8 
 138      6ACC6C44 
 138      8B66
 139 0088 ECA8CF44 		.ascii	"\354\250\317D\263\262ua\016]\302\332\036]y\312\017\330"
 139      B3B27561 
 139      0E5DC2DA 
 139      1E5D79CA 
 139      0FD8
 140 009a 67C01677 		.ascii	"g\300\026wo\353\311\367\204\272\026:\304=0S\345\004"
 140      6FEBC9F7 
 140      84BA163A 
 140      C43D3053 
 140      E504
 141 00ac 9F07893D 		.ascii	"\237\007\211=\033L\177\216w\2760\246`\032\357\247\330"
 141      1B4C7F8E 
 141      77BE30A6 
 141      601AEFA7 
 141      D8
 142 00bd 9CF499B1 		.ascii	"\234\364\231\261\010\026A, \211y$I \302Kt*\377\333\352"
 142      0816412C 
 142      20897924 
 142      4920C24B 
 142      742AFFDB 
 143 00d2 E1743C62 		.ascii	"\341t<b\207\011\361\012\021\251\235\352\237\3200\207"
 143      8709F10A 
 143      11A99DEA 
 143      9FD03087 
 144 00e2 7F4BA6F1 		.ascii	"\177K\246\361\245\206\355\3131@\351\226\004\332\254"
 144      A586EDCB 
 144      3140E996 
 144      04DAAC
 145 00f1 872D87E3 		.ascii	"\207-\207\343\250E4.\201\372\255\373l\351\315?1\322"
 145      A845342E 
 145      81FAADFB 
ARM GAS  C:\Users\CYIRKO~1\AppData\Local\Temp\ccaYECTq.s 			page 11


 145      6CE9CD3F 
 145      31D2
 146 0103 2C1EBCAB 		.ascii	",\036\274\253B\305*lU\030\222f\263\266\261\337\256\025"
 146      42C52A6C 
 146      55189266 
 146      B3B6B1DF 
 146      AE15
 147 0115 3B70B024 		.ascii	";p\260$5\010m\277x\257-$qHzT[^\217+\311\306\011,\207"
 147      35086DBF 
 147      78AF2D24 
 147      71487A54 
 147      5B5E8F2B 
 148 012e A45FC585 		.ascii	"\244_\305\205hH\262q*)T\001\013\315\322\177uG`\001\202"
 148      6848B271 
 148      2A295401 
 148      0BCDD27F 
 148      75476001 
 149 0143 F266B702 		.ascii	"\362f\267\002\242Q\036\013>FU#\322j\307\233g\273\177"
 149      A2511E0B 
 149      3E465523 
 149      D26AC79B 
 149      67BB7F
 150 0156 DA43D704 		.ascii	"\332C\327\004#&!\320\303\235\346\333\204\217J^Z^=\356"
 150      232621D0 
 150      C39DE6DB 
 150      848F4A5E 
 150      5A5E3DEE 
 151 016a 73142BD2 		.ascii	"s\024+\322\227\272\244\323\200\255\257k\223G\334%3\232"
 151      97BAA4D3 
 151      80ADAF6B 
 151      9347DC25 
 151      339A
 152 017c 371D3EC7 		.ascii	"7\035>\307\260\012\037\217[\303P\265\305\337\363\234"
 152      B00A1F8F 
 152      5BC350B5 
 152      C5DFF39C 
 153 018c AAEB6375 		.ascii	"\252\353cu\310\3476\254\301\225/\266\006\365\032)\251"
 153      C8E736AC 
 153      C1952FB6 
 153      06F51A29 
 153      A9
 154 019d 877650A8 		.ascii	"\207vP\250>\237h\225\327\032\3408C\333\"\234s\227\316"
 154      3E9F6895 
 154      D71AE038 
 154      43DB229C 
 154      7397CE
 155 01b0 F6F5F467 		.ascii	"\366\365\364g\256g\256\016\336\271\221\361\372\322j"
 155      AE67AE0E 
 155      DEB991F1 
 155      FAD26A
 156 01bf 7BB9D499 		.ascii	"{\271\324\231\323\256\227s\373\257\335toy\267\007sn"
 156      D3AE9773 
 156      FBAFDD74 
 156      6F79B707 
 156      736E
 157 01d1 DA1B18F0 		.ascii	"\332\033\030\360\262\356\305+\275=\275w\335\354P&\335"
 157      B2EEC52B 
ARM GAS  C:\Users\CYIRKO~1\AppData\Local\Temp\ccaYECTq.s 			page 12


 157      BD3DBD77 
 157      DDEC5026 
 157      DD
 158 01e2 9D2664FF 		.ascii	"\235&d\377\001P\300\260\222"
 158      0150C0B0 
 158      92
 159              		.text
 160              		.section	.gnu.lto_.symbol_nodes.115d8373,"",%progbits
 161 0000 789C6365 		.ascii	"x\234ce`b\360b\000\002\2469L\365\014\014\023\31610\000"
 161      6062F062 
 161      0002A639 
 161      4CF50C0C 
 161      13CE3130 
 162 0015 A95D0D8E 		.ascii	"\251]\015\216@\221\271L\365\214\250\"\363\230\352\231"
 162      4091B94C 
 162      F58CA822 
 162      F398EA99 
 163 0025 5045E633 		.ascii	"PE\3463\3253\243\2100\000\000\276\274\022:"
 163      D533A388 
 163      300000BE 
 163      BC123A
 164              		.text
 165              		.section	.gnu.lto_.refs.115d8373,"",%progbits
 166 0000 789C6365 		.ascii	"x\234ce`b`d\000\002\000\000I\000\011"
 166      60626064 
 166      00020000 
 166      490009
 167              		.text
 168              		.section	.gnu.lto_.decls.115d8373,"",%progbits
 169 0000 789CDD59 		.ascii	"x\234\335YiPTY\226\316\2337\023\222\224\305A\242\246"
 169      69505459 
 169      96CE9B37 
 169      139294C5 
 169      41A2A6
 170 0013 A6879E71 		.ascii	"\246\207\236q\034;\212\230\231\026\265\272\312\212\216"
 170      1C3B8A98 
 170      9916B5BA 
 170      CA8A8E
 171 0022 8E18A944 		.ascii	"\216\030\251DG\"\312n\"S\355\211\030\"\010\027\252\245"
 171      4722CA6E 
 171      2253ED89 
 171      18220817 
 171      AAA5
 172 0034 43A14770 		.ascii	"C\241Gp\246\253{\246\352!\240,\212\240 &\213\242\310"
 172      A6AB7BA6 
 172      EA21A02C 
 172      8AA02026 
 172      8BA2C8
 173 0047 228B8020 		.ascii	"\"\213\200 \240\200\246(\253\202\212\240\202\354\"\""
 173      A080A628 
 173      AB828AA0 
 173      82EC2222 
 174 0057 A2B2B802 		.ascii	"\242\262\270\002\302\234\273<\362\361\3104\352G\377"
 174      C29CBB3C 
 174      F2F1C834 
 174      EA47FF
 175 0066 9A0CCE7B 		.ascii	"\232\014\316{\357\334\373\275s\277{\316\271\333C\255"
ARM GAS  C:\Users\CYIRKO~1\AppData\Local\Temp\ccaYECTq.s 			page 13


 175      EFDCFBBD 
 175      73BF7BCE 
 175      B9DB43AD 
 176 0076 502AB2FF 		.ascii	"P*\262\377Q\241\010\302\012\305q\244P\314\302O\255P"
 176      51A108C2 
 176      0AC571A4 
 176      50CCC24F 
 176      AD50
 177 0088 28F215E6 		.ascii	"(\362\025\346\237\012\344\022\310e\020\023H\265b\341"
 177      9F0AE412 
 177      C8651013 
 177      48B562E1 
 178 0098 6F2FBCEB 		.ascii	"o/\274\353\000\367- \316 . \305 \256 \237\201\374\206"
 178      00F72D20 
 178      CE202E20 
 178      C520AE20 
 178      9F81FC86 
 179 00ac 94016609 		.ascii	"\224\001f\011\310Cx\356\000y\0062\014\002M+\224Pn\007"
 179      C84378EE 
 179      00790632 
 179      0C024D2B 
 179      94506E07 
 180 00c0 620B8278 		.ascii	"b\013\202x{\362\337\377B\205\275\2056\344\366E\273b"
 180      7BF2DFFF 
 180      4285BD85 
 180      36E4F645 
 180      BB62
 181 00d2 3B4A100D 		.ascii	";J\020\015bm \336\017\371/\004*\264V\370\023\333\345"
 181      626D20DE 
 181      0FF92F04 
 181      2AB456F8 
 181      13DBE5
 182 00e5 505F0AF2 		.ascii	"P_\012\362\337\210\331$v\222\271=\023\327\353\320|\233"
 182      DF88D924 
 182      7692B93D 
 182      13D7EBD0 
 182      7C9B
 183 00f7 E1566C12 		.ascii	"\341Vl\022\276\336\026\370\222\327\355\270MK>N\304\250"
 183      BEDE16F8 
 183      92D7EDB8 
 183      4D4B3E4E 
 183      C4A8
 184 0109 F4D0F52A 		.ascii	"\364\320\365*e7\352D\320'\264\230\226\"\304\256\210"
 184      6537EA44 
 184      D027B498 
 184      9622C4AE 
 184      88
 185 011a 0A5567C5 		.ascii	"\012Ug\305\037B\264\034J\225\012nX,B\342\033\\WrU\311"
 185      1F42B41C 
 185      4A950A6E 
 185      582C42E2 
 185      1B5C5772 
 186 0130 4DD23FFE 		.ascii	"M\322?\3762\222Xd\325\254%\361\307\270\263\007\372\232"
 186      32925864 
 186      D5AC25F1 
 186      C7B8B307 
 186      FA9A
ARM GAS  C:\Users\CYIRKO~1\AppData\Local\Temp\ccaYECTq.s 			page 14


 187 0142 F836529A 		.ascii	"\3706R\232\033@H\372\202\304 \243\315\353\347\370)\314"
 187      1B4048FA 
 187      82C420A3 
 187      CDEBE7F8 
 187      29CC
 188 0154 9D4362EF 		.ascii	"\235Cb\357\307\2147\007\265=\250\213\224\246\255E\264"
 188      C78C3707 
 188      B53DA88B 
 188      94A6AD45 
 188      B4
 189 0165 2CB9B53F 		.ascii	",\271\265?]\211!\264\360\334\363>{\375\212<\201\375"
 189      5D8921B4 
 189      F0DCF33E 
 189      7BFD8A3C 
 189      81FD
 190 0177 34FF6C76 		.ascii	"4\377lv[W\375\331\\\034\203\321gZD\332t\202\242\202"
 190      5B57FDD9 
 190      5C1C83D1 
 190      675A44DA 
 190      7482A282 
 191 018b 918BEF1D 		.ascii	"\221\213\357\035X\021A\264\034\036?c\213]\351\363\235"
 191      581141B4 
 191      1C1E3F63 
 191      8B5DE9F3 
 191      9D
 192 019c B0C21482 		.ascii	"\260\302\024\202v\326\"\025i\265)\351\221#\250.Z\264"
 192      76D62215 
 192      69B529E9 
 192      9123A82E 
 192      5AB4
 193 01ae 34112B8D 		.ascii	"4\021+\215\215\367\253U\310M\233I\0321\315\276\372,"
 193      8DF7AB55 
 193      C84D9B49 
 193      1A31CDBE 
 193      FA2C
 194 01c0 EE802028 		.ascii	"\356\200 (Q\021\322\242|\204Q\016ZA(\177F\002\037!\010"
 194      5111D2A2 
 194      7C84510E 
 194      5A41287F 
 194      46021F21 
 195 01d5 FB84D850 		.ascii	"\373\204\330P\301n\203\002\025 Wt\016\271*P!r#\215\022"
 195      C16E8302 
 195      15205774 
 195      0EB92A50 
 195      2172238D 
 196 01ea 1CCA83C2 		.ascii	"\034\312\203\302\\(\204V\316\236\211;m\203c\020a\240"
 196      5C288456 
 196      CE9E893B 
 196      6D836310 
 196      61A0
 197 01fc ACBDFCF0 		.ascii	"\254\275\374\360\201\012i\335,\032(\261`\200\223\311"
 197      810A69DD 
 197      2C1A28B1 
 197      608093C9 
 198 020c 59561B4E 		.ascii	"YV\033N\310\024\003\231\363f2\300\215\371\241\372}\317"
 198      C8140399 
 198      F36632C0 
ARM GAS  C:\Users\CYIRKO~1\AppData\Local\Temp\ccaYECTq.s 			page 15


 198      8DF9A1FA 
 198      7DCF
 199 021e 6215491D 		.ascii	"b\025I\035\002\330\246\"EQ\031\015\223x\256\354\002"
 199      02D8A622 
 199      4551190D 
 199      9378AEEC 
 199      02
 200 022f A28535B3 		.ascii	"\242\2055\263oMN\314\003J\342\234\321\233\251\213\230"
 200      6F4D4ECC 
 200      034AE29C 
 200      D19BA98B 
 200      98
 201 0240 0716837A 		.ascii	"\007\026\203z\343\316\370}\373O\217Q/\207\012\213\225"
 201      E3CEF87D 
 201      FB4F8F51 
 201      2F870A8B 
 201      95
 202 0251 68CB27A8 		.ascii	"h\313'\250\034\210\224\001\021\005\272\210>\205k)R\261"
 202      1C889401 
 202      1105BA88 
 202      3E856B29 
 202      52B1
 203 0263 26A71F84 		.ascii	"&\247\037\204\214\330,K\023\322z\005S\317\345\345O\316"
 203      8CD82C4B 
 203      13D27A05 
 203      53CFE5E5 
 203      4FCE
 204 0275 0B025014 		.ascii	"\013\002P\024T\004\207\316\2329\302#\\\263Q\017BY\250"
 204      540487CE 
 204      9A39C223 
 204      5CB3510F 
 204      4259A8
 205 0288 1B32E012 		.ascii	"\0332\340\022Z\006\257\267uW\215b\\\310\342k\201\376"
 205      5A06AFB7 
 205      75578D62 
 205      5CC8E26B 
 205      81FE
 206 029a F5C2DC0F 		.ascii	"\365\302\334\017\216V\271TQ.\225\"\227c\347\013f\224"
 206      8E56B954 
 206      512E9522 
 206      9763E70B 
 206      6694
 207 02ac 9C4BCBDF 		.ascii	"\234K\313\337\030\005\323>\201x\013P\250\302\314\244"
 207      1805D33E 
 207      81780B50 
 207      A8C2CCA4 
 208 02bc 42CEE432 		.ascii	"B\316\3442eR\364\356Y(\306\325\214I\346\263\311\213"
 208      6552F4EE 
 208      5928C6D5 
 208      8C49E6B3 
 208      C98B
 209 02ce F6A2A5BF 		.ascii	"\366\242\245\277\235\263D\372t\305l\351\212\334\222"
 209      9DB344FA 
 209      74C56CE9 
 209      8ADC92
 210 02dd 895AAACA 		.ascii	"\211Z\252\312J\364\302=\314PEy\307[\01574\374\323y\224"
 210      4AF4C23D 
ARM GAS  C:\Users\CYIRKO~1\AppData\Local\Temp\ccaYECTq.s 			page 16


 210      CC504579 
 210      C75B0D37 
 210      34FCD379 
 211 02f2 AE9A0D5D 		.ascii	"\256\232\015]\225\033\252\246\206\362\332NV\330\263"
 211      951BAAA6 
 211      86F2DA4E 
 211      56D8B3
 212 0301 3009AE24 		.ascii	"0\011\256$S\257\036(\341\372\250-\350\361\371\217\312"
 212      53AF1E28 
 212      E1FAA82D 
 212      E8F1F98F 
 212      CA
 213 0312 10D3635D 		.ascii	"\020\323c]@\037j\313Jr`q\024N!(H\235\236\016S\341QF"
 213      401F6ACB 
 213      4A726071 
 213      144E2128 
 213      489D9E0E 
 214 032a A5EFDECC 		.ascii	"\245\357\336\314\015\236\366\241j2\014J\237\036Y\244"
 214      0D9EF6A1 
 214      6A320C4A 
 214      9F1E59A4 
 215 033a 8D209EA5 		.ascii	"\215 \236\245)H*\304$T\240\006\222S\310\335\025\325"
 215      29482AC4 
 215      2454A006 
 215      9253C8DD 
 215      15D5
 216 034c B3FC9D78 		.ascii	"\263\374\235xx5M\353\034K\321\202\260TEcT\013\360\032"
 216      78354DEB 
 216      1C4BD182 
 216      B0544563 
 216      540BF01A 
 217 0360 0A6F44CE 		.ascii	"\012oD\316\342K\004=\2201\220f\307\231\333\200\276?"
 217      E24B043D 
 217      90319066 
 217      C799DB80 
 217      BE3F
 218 0372 AE3FDD91 		.ascii	"\256?\335\2213'\304n\307\035<\252\342L\311h\215\271"
 218      3327C46E 
 218      C71D3CAA 
 218      E24CC968 
 218      8DB9
 219 0384 1FF7AF78 		.ascii	"\037\367\257x\222\361|Pt\264P\315\260/\011vl&#\301\306"
 219      92F17C50 
 219      74B450CD 
 219      B02F0976 
 219      6C2623C1 
 220 0399 2ACFDB22 		.ascii	"*\317\333\"\317[\214gA\370\300Y\015\274\355\012S\001"
 220      CF5B8C67 
 220      41F8C059 
 220      0DBCED0A 
 220      5301
 221 03ab 92CC03AE 		.ascii	"\222\314\003\256l\036(1M\344\253\360\007\332\222\262"
 221      6C1E2831 
 221      4DE4ABF0 
 221      07DA92B2 
 222 03bb B4642049 		.ascii	"\264d I+\031\352\237\224\013\302b\324\006\035\273k\216"
 222      2B19EA9F 
ARM GAS  C:\Users\CYIRKO~1\AppData\Local\Temp\ccaYECTq.s 			page 17


 222      940BC262 
 222      D4061DBB 
 222      6B8E
 223 03cd 8DEBDC48 		.ascii	"\215\353\334H\037=-\340O\025\350sW\264\022\206i+\014"
 223      1F3D2DE0 
 223      4F15E873 
 223      57B41286 
 223      692B0C
 224 03e0 53573E4C 		.ascii	"SW>L[\200\316\035>\316Of_w\300\0070m\300\230p\265\304"
 224      5B80CE1D 
 224      3ECE4F66 
 224      5F77C007 
 224      306DC098 
 225 03f7 D1DC40CE 		.ascii	"\321\334@\316\262b:|\037@\013\367\314-\264!+M\334\267"
 225      B2623A7C 
 225      1F400BF7 
 225      CC2DB421 
 225      2B4DDCB7 
 226 040b DCC4C4E3 		.ascii	"\334\304\304\343\3122\033s(\020\265\327\004\3657\251"
 226      CA321B73 
 226      2810B5D7 
 226      04F537A9 
 227 041b 47DA6928 		.ascii	"G\332i(n\213\241H\3133\216\330\022\367\205\3768\353"
 227      6E8BA148 
 227      CB338ED8 
 227      12F785FE 
 227      38EB
 228 042d 3D42F8B0 		.ascii	"=B\370\260\255\324z\307\307\254\227\366\304G\362\224"
 228      ADD47AC7 
 228      C7AC97F6 
 228      C447F294 
 229 043d 4C2393E9 		.ascii	"L#\223\351\245\2561\323\"\246\367\022\367\277\0379\336"
 229      A5AE31D3 
 229      22A6F712 
 229      F7BF1F39 
 229      DE
 230 044e A6E18176 		.ascii	"\246\341\201v\004\375\332D\312\230=>\214\331x\177X\025"
 230      04FDDA44 
 230      CA983D3E 
 230      8CD9787F 
 230      5815
 231 0460 C123BD06 		.ascii	"\301#\275\006\324}\303E\311vV\003\335'\006\272\227\361"
 231      D47DC345 
 231      C9765603 
 231      DD2706BA 
 231      97F1
 232 0472 0C1F4CED 		.ascii	"\014\037L\355T\312\023\262\033\340]\024\336Oy\366\211"
 232      54CA13B2 
 232      1BE05D14 
 232      DE4F79F6 
 232      89
 233 0483 3C139FBF 		.ascii	"<\023\237\277\377\011\317G\351\234\357L\347|tn\350J"
 233      FF09CF47 
 233      E99CEF4C 
 233      E77C746E 
 233      E84A
 234 0495 8A96B324 		.ascii	"\212\226\263$\023\342\265\273\311\271\266\330\310X\276"
ARM GAS  C:\Users\CYIRKO~1\AppData\Local\Temp\ccaYECTq.s 			page 18


 234      13E2B5BB 
 234      C9B9B6D8 
 234      C858BE
 235 04a4 8A0A7FCB 		.ascii	"\212\012\177\313\307\015\031t\367O=~\247\265\312rHd"
 235      C70D1974 
 235      F74F3D7E 
 235      A7B5CA72 
 235      4864
 236 04b6 F984B18C 		.ascii	"\371\204\261\214J9\235j#g\371\030\340\003\024\376\224"
 236      4A399D6A 
 236      2367F918 
 236      E00314FE 
 236      94
 237 04c7 B21C1259 		.ascii	"\262\034\022YF\344\305\\\303,V?fU\2007\032\322J\215"
 237      46E4C55C 
 237      C32C563F 
 237      66558037 
 237      1AD24A8D 
 238 04db F386E5F0 		.ascii	"\363\206\345\360\307\354\277-\235z\310\273\235\206\211"
 238      C7ECBF2D 
 238      9D7AC8BB 
 238      9D8689
 239 04ea C72BDAE3 		.ascii	"\307+\332\343\370:\320+\035\266.|\330\206\014\025\036"
 239      F83AD02B 
 239      1DB62E7C 
 239      D8860C15 
 239      1E
 240 04fb C0F804F3 		.ascii	"\300\370\004\363\303Dbx\244\206\201\377\032\324\372"
 240      C3446278 
 240      A48681FF 
 240      1AD4FA
 241 050a E494BFB3 		.ascii	"\344\224\277\263\352\2061\321\015\243\214\346\345\346"
 241      EA8631D1 
 241      0DA38CE6 
 241      E5E6
 242 0518 87E57672 		.ascii	"\207\345vr7\274\000\370s\012\037\2474\307D\232%Uc\031"
 242      37BC00F8 
 242      730A1FA7 
 242      34C7449A 
 242      25556319 
 243 052c E2EC4168 		.ascii	"\342\354Ah>\316\355O\327\342lF#\307\024]\317\303\221"
 243      3ECEED4F 
 243      D7E26C46 
 243      23C7145D 
 243      CFC391
 244 053f 4662359B 		.ascii	"Fb5\233<\232j\217\363Y\245\030Hg\036\310[OK\213\224"
 244      3C9A6A8F 
 244      F359A518 
 244      48671EC8 
 244      5B4F4B8B 
 245 0554 B88C557E 		.ascii	"\270\214U~\350\211\215\265\345o\222\334\354io+\262\307"
 245      E8898DB5 
 245      E56F92DC 
 245      EC696F2B 
 245      B2C7
 246 0566 95ACB274 		.ascii	"\225\254\262t\260\241V|\223TF\026\364G\253q\015\253"
 246      B0A1567C 
ARM GAS  C:\Users\CYIRKO~1\AppData\Local\Temp\ccaYECTq.s 			page 19


 246      93544616 
 246      F447AB71 
 246      0DAB
 247 0578 ECEB7A12 		.ascii	"\354\353z\022\345\210\033\231RW\273\357\367\270\225"
 247      E5881B99 
 247      5257BBEF 
 247      F7B895
 248 0587 3DDF7814 		.ascii	"=\337x\024\366/\354\24502A\327\234):\211\231\377\322"
 248      F62FECA5 
 248      303241D7 
 248      9C293A89 
 248      99FFD2
 249 059a 68FA175F 		.ascii	"h\372\027_\215\012u\302\355\024\354t\255/+Y\203\226"
 249      8D0A75C2 
 249      ED14EC74 
 249      AD2F2B59 
 249      8396
 250 05ac F3DF1272 		.ascii	"\363\337\022rq[~Z\010\013\021Lo\247\276\232j\015\023"
 250      715B7E5A 
 250      080B114C 
 250      6FA7BE9A 
 250      6A0D13
 251 05bf 84FDF6E8 		.ascii	"\204\375\366\350!rF\31509D)\227\314\015;t\203\272i\025"
 251      217246CD 
 251      30394429 
 251      97CC0D3B 
 251      7483BA69 
 252 05d4 D9ADB217 		.ascii	"\331\255\262\027\252\377\014\2270\214\236\001\372\035"
 252      AAFF0C97 
 252      308C9E01 
 252      FA1D
 253 05e2 478B6147 		.ascii	"G\213aGo\347\241C\001\375?F\212&\311\021\242d\350\271"
 253      6FE7A143 
 253      01FD3F46 
 253      8A26C911 
 253      A264E8B9 
 254 05f6 CCBA2645 		.ascii	"\314\272&E\223yj\370O\3146D\005}\340\266\305X\361\274"
 254      93796AF8 
 254      4FCC3644 
 254      057DE0B6 
 254      C558F1BC 
 255 060a 92A01BFF 		.ascii	"\222\240\033\377lF\277\221\243_\313y\367\377\311\314"
 255      6C46BF91 
 255      A35FCB79 
 255      F7FFC9CC 
 256 061a 7B46CEDB 		.ascii	"{F\316\333]\006\036\227\200\247\345\340)\271\351\026"
 256      5D061E97 
 256      80A7E5E0 
 256      29B9E916 
 257 062a 894B5EC9 		.ascii	"\211K^\311\321\023ft\034\317\302\265*\005$\211+,\023"
 257      D1136674 
 257      1CCFC2B5 
 257      2A052489 
 257      2B2C13
 258 063d A48AA061 		.ascii	"\244\212\240ap\241\303J7t@\271\034\205\203D\200\304"
 258      70A1C34A 
 258      377440B9 
ARM GAS  C:\Users\CYIRKO~1\AppData\Local\Temp\ccaYECTq.s 			page 20


 258      1C858344 
 258      80C4
 259 064f 808482EC 		.ascii	"\200\204\202\354\007\211\004\211\0069\004\022\013\262"
 259      07890489 
 259      06390412 
 259      0BB2
 260 065d 0FE42048 		.ascii	"\017\344 H\230r9\335\2112\207tH\034\362R\356\220\021"
 260      987239DD 
 260      89328774 
 260      481CF252 
 260      EE9011
 261 0670 B9FB2639 		.ascii	"\271\373&9\032\026PT\307\321\342\262\212\256/p\237\244"
 261      1A165054 
 261      C7D1E2B2 
 261      8AAE2F70 
 261      9FA4
 262 0682 8F83F23E 		.ascii	"\217\203\362>>Z`[\022\310I9\223\367f4[\236\356M:\207"
 262      3E5A605B 
 262      12C84939 
 262      93F76634 
 262      5B9EEE4D 
 263 0698 08022228 		.ascii	"\010\002\"(\005_\232\314\235z1\345rD\020\352W\222y\025"
 263      055F9ACC 
 263      9D7A31E5 
 263      724410EA 
 263      57927915 
 264 06ac B629CC96 		.ascii	"\266)\314\2268\333\302ye\316\026$\375\314\275\236\353"
 264      38DBC279 
 264      65CE1624 
 264      FDCCBD9E 
 264      EB
 265 06bd 08A7A9E8 		.ascii	"\010\247\251\350\022\030Ry\262y\021r[\302\332h\236\326"
 265      12185279 
 265      B2791172 
 265      5BC2DA68 
 265      9ED6
 266 06cf C0CE1D1D 		.ascii	"\300\316\035\035\205\227\343\224s\013 i\321r\\\320\021"
 266      8597E394 
 266      730B2069 
 266      D1725CD0 
 266      11
 267 06e0 08C75F22 		.ascii	"\010\307_\"4d\254\306\024\215;\332G\315m\271)\013\363"
 267      3464ACC6 
 267      148D3BDA 
 267      47CD6DB9 
 267      290BF3
 268 06f3 9415AFB4 		.ascii	"\224\025\257\264\247'\022\270\003\2706\246+\236/M\331"
 268      A72712B8 
 268      03B836A6 
 268      2B9E2F4D 
 268      D9
 269 0704 64B3D4FC 		.ascii	"d\263\324\374\350Z\024_\327\322\210\336\025\371\302"
 269      E85A145F 
 269      D7D288DE 
 269      15F9C2
 270 0713 03E7D02E 		.ascii	"\003\347\320.\242\250\322\273\335*\253S\341q%\237\012"
 270      A2A8D2BB 
ARM GAS  C:\Users\CYIRKO~1\AppData\Local\Temp\ccaYECTq.s 			page 21


 270      DD2AAB53 
 270      E171259F 
 270      0A
 271 0724 DDE94C38 		.ascii	"\335\351L8p\253\260\330\211\317\204\241\342LhF\033\225"
 271      70ABB0D8 
 271      89CF84A1 
 271      E24C6846 
 271      1B95
 272 0736 CEE23B04 		.ascii	"\316\342;\004\335\237\322\177\317\001\227\260v\302\362"
 272      DD9FD27F 
 272      CF0197B0 
 272      76C2F2
 273 0745 BBBAF95A 		.ascii	"\273\272\371Z{\234p\010\317\352\255E\270\202U\276\335"
 273      7B9C7008 
 273      CFEAAD45 
 273      B88255BE 
 273      DD
 274 0756 DFDD89B1 		.ascii	"\337\335\211\261\211)g\307\212C9\333X\202\034\215K\210"
 274      892967C7 
 274      8A4339DB 
 274      58821C8D 
 274      4B88
 275 0768 72C275AC 		.ascii	"r\302u\2542%u\352'\270\231=\347t\345^\3403\355;\262"
 275      322575EA 
 275      27B8993D 
 275      E774E55E 
 275      E033ED3B 
 276 077d 2EBE087B 		.ascii	".\276\010{\334\313_\374\024\324\302\312\260\347\374"
 276      DCCB5FFC 
 276      14D4C2CA 
 276      B0E7FC
 277 078c 686422D3 		.ascii	"hd\"\323\331t\366\340'\270\215\275\332p\346\3224gC\232"
 277      D974F6E0 
 277      27B88DBD 
 277      DA70E6D2 
 277      3467439A 
 278 07a0 787E2462 		.ascii	"x~$b\330\301\252\0232E'd(\331\262u\344q\226\243|=H\207"
 278      D8C1AA13 
 278      32452764 
 278      28D9B275 
 278      E47196A3 
 279 07b8 A09F5612 		.ascii	"\240\237V\022x\026\365B\246\350\205G\3515\3436|\367"
 279      7816F542 
 279      A6E88547 
 279      E935E336 
 279      7CF7
 280 07ca 4858EEBF 		.ascii	"HX\356\277s\364"
 280      73F4
 281 07d0 EF710FA3 		.ascii	"\357q\017\243q\24255B\215\007\2312m\2145\361\015\361"
 281      71A23535 
 281      428D0799 
 281      326D8C35 
 281      F10DF1
 282 07e3 10012655 		.ascii	"\020\001&U\033w\342\227\254npb\340\021\302\257\231r"
 282      1B77E297 
 282      AC6E7062 
 282      E011C2AF 
ARM GAS  C:\Users\CYIRKO~1\AppData\Local\Temp\ccaYECTq.s 			page 22


 282      9972
 283 07f5 6FB8BB87 		.ascii	"o\270\273\207/\"\275\0048t7\343\211\032\177\340\310"
 283      2F22BD04 
 283      387437E3 
 283      891A7FE0 
 283      C8
 284 0806 848A2A0D 		.ascii	"\204\212*\015\016WS\245-\376f\242\212!\037\020\344L"
 284      0E5753A5 
 284      2DFE66A2 
 284      8A211F10 
 284      E44C
 285 0818 6EC68C1D 		.ascii	"n\306\214\035\216f\225\303\306\273i\216\370(S\322\337"
 285      8E6695C3 
 285      C6BB698E 
 285      F82853D2 
 285      DF
 286 0829 1495F0C5 		.ascii	"\024\225\360\305\3656A\316V\277}\340\200\223Y\345\223"
 286      F53641CE 
 286      56BF7DE0 
 286      809359E5 
 286      93
 287 083a D6DC501B 		.ascii	"\326\334P\033\234\301\224\013\231\3059\034YO\220\317"
 287      9CC1940B 
 287      99C5391C 
 287      594F90CF 
 288 084a 8DA3AD4E 		.ascii	"\215\243\255N8\237U\246\315\304\235^$\356\001\"~\314"
 288      389F55A6 
 288      CDC49D5E 
 288      24EE0122 
 288      7ECC
 289 085c 1EA0B62F 		.ascii	"\036\240\266/=\211\007\321D\314\275\2514A[\305\314\234"
 289      3D8907D1 
 289      44CCBDA9 
 289      34415BC5 
 289      CC9C
 290 086e 717FF501 		.ascii	"q\177\365\001\033|\221)\207C\273\277g\300_\201v\360"
 290      1B7C9129 
 290      8743BBBF 
 290      67C05F81 
 290      76F0
 291 0880 7856AC0D 		.ascii	"xV\254\015\213n/Yf?t\206\314(Y5\331\252M\355\353\216"
 291      8B6E2F59 
 291      663F7486 
 291      CC285935 
 291      D9AA4DED 
 292 0896 B11E5193 		.ascii	"\261\036Q\223\030\321+,\242\2672bCU\362\210^\206\210"
 292      18D12B2C 
 292      A2B73262 
 292      4355F288 
 292      5E8688
 293 08a9 56D1885E 		.ascii	"V\321\210^\245\0215\211\021\315k\252\353\344\376\217"
 293      A5113589 
 293      11CD6BAA 
 293      EBE4FE8F 
 294 08b9 2089955F 		.ascii	" \211\225_\371<\222w\341\025Y\267\243\352\006\012\234"
 294      F93C9277 
 294      E11559B7 
ARM GAS  C:\Users\CYIRKO~1\AppData\Local\Temp\ccaYECTq.s 			page 23


 294      A3EA060A 
 294      9C
 295 08ca F8424A36 		.ascii	"\370BJ6\033\271\373\333S\371\336\243\223\274\377\264"
 295      1BB9FBDB 
 295      53F9DEA3 
 295      93BCFFB4 
 296 08da FCCA3D8D 		.ascii	"\374\312=\215Un\265\"\267\032\306-\251\365z\270\255"
 296      556EB522 
 296      B71AC62D 
 296      A9F57AB8 
 296      AD
 297 08eb 9CDB75E0 		.ascii	"\234\333u\340v\215r\253\243\334jEn\303\257\037\317j"
 297      768D72AB 
 297      A3DC6A45 
 297      6EC3AF1F 
 297      CF6A
 298 08fd F015E6B1 		.ascii	"\360\025\346\261\224\222\243\277\3075\3549o,.\003\341"
 298      9492A3BF 
 298      C735EC39 
 298      6F2C2E03 
 298      E1
 299 090e 9B4C89E8 		.ascii	"\233L\211\350;p\227\357\027\336\321mst\\\223#\276\313"
 299      3B7097EF 
 299      17DED16D 
 299      73745C93 
 299      23BECB
 300 0921 2A6B8F25 		.ascii	"*k\217%'\330\341\373L\231}\332\236\316\3736J\277rL\247"
 300      27D8E1FB 
 300      4C997DDA 
 300      9ECEFB36 
 300      4ABF724C 
 301 0936 9671DD45 		.ascii	"\226q\335E\262+q\341\273\222\276\250\344D\204\273\330"
 301      B22B71E1 
 301      BB92BEA8 
 301      E44484BB 
 301      D8
 302 0947 BBD3D155 		.ascii	"\273\323\321UF\353g\237\026\261\237\347X\"\274\017+"
 302      46EB679F 
 302      16B19FE7 
 302      5822BC0F 
 302      2B
 303 0958 EB45F27E 		.ascii	"\353E\362~\336\206~\336\242\375\274K\373\331\"\3663"
 303      DE867EDE 
 303      A2FDBC4B 
 303      FBD922F6 
 303      33
 304 0969 B2ADF3FC 		.ascii	"\262\255\363\374<\364E\345G\320w\007O\205\361\341~\233"
 304      3CF445E5 
 304      47D07707 
 304      4F85F1E1 
 304      7E9B
 305 097b 7E50E1DF 		.ascii	"~P\341\337\014\234\3317\003q\373\344\302\267O\023\207"
 305      0C9CD937 
 305      0371FBE4 
 305      C2B74F13 
 305      87
 306 098c 63BB117E 		.ascii	"c\273\021~\314zQ=^\230\305\337%y\026a\034\277\355d\265"
ARM GAS  C:\Users\CYIRKO~1\AppData\Local\Temp\ccaYECTq.s 			page 24


 306      CC7A513D 
 306      5E98C5DF 
 306      25791661 
 306      1CBFED64 
 307 09a1 531D62A7 		.ascii	"S\035b\247\332Y\360\332\337\325t\250\345\235\272\017"
 307      DA59F0DA 
 307      DFD574A8 
 307      E59DBA0F 
 308 09b1 34EF519A 		.ascii	"4\357Q\232\017)\315\016\221fw\261q\320V\336)\253\350"
 308      0F29CD0E 
 308      916677B1 
 308      71D056DE 
 308      29ABE8
 309 09c4 E89A0BB5 		.ascii	"\350\232\013\265<\015\353\211>Ur>G\215G\370xN\316.\322"
 309      3C0DEB89 
 309      3E55723E 
 309      478D47F8 
 309      784ECE2E 
 310 09d9 E009A694 		.ascii	"\340\011\246\224\275\310-s\340c\214\246T\305\253F\276"
 310      BDC82D73 
 310      E0638CA6 
 310      54C5AB46 
 310      BE
 311 09ea 3E6824D5 		.ascii	">h$\325.\274\272\372p\372Z<\251\376\021\313\303\200"
 311      2EBCBAFA 
 311      70FA5A3C 
 311      A9FE11CB 
 311      C380
 312 09fc D8DD95B4 		.ascii	"\330\335\225\264\267\011U\011\027\026L\214\375\300\277"
 312      B7095509 
 312      17164C8C 
 312      FDC0BF
 313 0a0b 8FF27F4C 		.ascii	"\217\362\177L\371\017\210\374\317\275\236\270\244\225"
 313      F90F88FC 
 313      CFBD9EB8 
 313      A495
 314 0a19 F7D62A3A 		.ascii	"\367\326*:{0%\206\207\341+P\217\277?5\354\200Cl(\311"
 314      7B302586 
 314      87E12B50 
 314      8FBF3F35 
 314      EC80436C 
 315 0a2f E72FA60B 		.ascii	"\347/\246\013\034\361~\246T\224U\326\362\316\255$\203"
 315      1CF17EA6 
 315      549455D6 
 315      F2CEAD24 
 315      83
 316 0a40 2FEF6AF3 		.ascii	"/\357j\363\"\034\315\352\246cO\026\333\3418\246$Ot="
 316      221CCDEA 
 316      A6634F16 
 316      DBE138A6 
 316      244F743D 
 317 0a54 E5A9EC46 		.ascii	"\345\251\354Fz\235~\342\210\035>\306\352fc#\214\266"
 317      7A9D7EE2 
 317      881D3EC6 
 317      EA666323 
 317      8CB6
 318 0a66 389929F1 		.ascii	"8\231)\361\315\361\351\213p\032S\246\206\342\333\371"
ARM GAS  C:\Users\CYIRKO~1\AppData\Local\Temp\ccaYECTq.s 			page 25


 318      CDF1E98B 
 318      701A53A6 
 318      86E2DBF9 
 319 0a76 2C6D2F39 		.ascii	",m/9\204\270\360C\210)+\376\037p&\203\336o\017\273\310"
 319      84B8F043 
 319      88292BFE 
 319      1F702683 
 319      DE6F0FBB 
 320 0a8b A18B408D 		.ascii	"\241\213@\215\275\321\363\357V=\371Z\364\344+\2268\215"
 320      BDD1F3EF 
 320      563DF95A 
 320      F4E42B96 
 320      388D
 321 0a9d F5370FA9 		.ascii	"\3657\017\251\344\307\344qp\316\030u\316\033\352\234"
 321      E4C7E471 
 321      70CE1875 
 321      CE1BEA9C 
 322 0aad D7A273D2 		.ascii	"\327\242s\322\215\241\223j\371\261\327*\272\252\245"
 322      8DA1936A 
 322      F9B1D72A 
 322      BAAAA5
 323 0abc 732DCE65 		.ascii	"s-\316e\034_7w\366!\\\300\224\260\033\015Y\266\270\230"
 323      1C5F3777 
 323      F6215CC0 
 323      94B01B0D 
 323      59B6B898 
 324 0ad0 2923679B 		.ascii	")#g\233\352a\356e\312\300\340d9\306\227\231\2229r\372"
 324      EA61EE65 
 324      CAC0E064 
 324      39C69799 
 324      923972FA 
 325 0ae4 901DBEC6 		.ascii	"\220\035\276\306\224\272\374\206D~\012\313#K\351t\347"
 325      94BAFC86 
 325      447E0ACB 
 325      234BE974 
 325      E7
 326 0af5 9597F6DC 		.ascii	"\225\227\366\334!\377D\226\273\233W\232\354q\003\005"
 326      21FF4496 
 326      BB9B579A 
 326      EC710305 
 327 0b05 FF223331 		.ascii	"\377\"31\257\334v\356\020\361\261\337\022vs\023uv\024"
 327      AFDC76EE 
 327      10F1B1DF 
 327      12767313 
 327      757614
 328 0b18 9889C639 		.ascii	"\230\211\3069\347\005!\322\206\036\006\316\302&,\003"
 328      E70521D2 
 328      861E06CE 
 328      C2262C03 
 329 0b28 4B0E03D9 		.ascii	"K\016\003\331\264\267\005\210m\"\343\341\205\361\010"
 329      B4B70588 
 329      6D22E3E1 
 329      85F108
 330 0b37 CC0E0F24 		.ascii	"\314\016\017$\267\272\345\370\256yx\272\351\214\342"
 330      B7BAE5F8 
 330      AE7978BA 
 330      E98CE2
ARM GAS  C:\Users\CYIRKO~1\AppData\Local\Temp\ccaYECTq.s 			page 26


 331 0b46 78D8CAA0 		.ascii	"x\330\312\240\013r|\311\002\373\035Q\022\373\025r\374"
 331      0B727CC9 
 331      02FB1D51 
 331      12FB1572 
 331      FC
 332 0b57 A57978D2 		.ascii	"\245yx\322\201\311\357\315g\231i9\334]\216\036\216\304"
 332      81C9EFCD 
 332      67996939 
 332      DC5D8E1E 
 332      8EC4
 333 0b69 6678831C 		.ascii	"fx\203\034\316\316\020\363\360?\230\341\243r\370\300"
 333      CECE10F3 
 333      F03F98E1 
 333      A372F8C0 
 334 0b79 027847B4 		.ascii	"\002xG\264\304|\201\034\177n\001\371\352\010\011~D\216"
 334      C47C811C 
 334      7F6E01F9 
 334      EA08097E 
 334      448E
 335 0b8b 1F56CACE 		.ascii	"\037V\312\316m\303R\363yrx\356\002\363\215R\374y9\276"
 335      6DC352F3 
 335      797278EE 
 335      02F38D52 
 335      FC7939BE 
 336 0b9f 68211D29 		.ascii	"h!\035)\276\3302^J\347\240\004\236$\207\037\223\303"
 336      BED8325E 
 336      4AE7A004 
 336      9E24871F 
 336      93C3
 337 0bb1 27A57001 		.ascii	"'\245p\001\313\340\011r\370\270\304\365/\345\306\237"
 337      CBE00972 
 337      F8B8C4F5 
 337      2FE5C69F 
 338 0bc1 CBD1D512 		.ascii	"\313\321\325\022\364\224\034\335'E\323$\376\336\234"
 338      F4941CDD 
 338      2745D324 
 338      FEDE9C
 339 0bd0 631F2C26 		.ascii	"c\037,&\215\364D\033\205\331\271\0116-\364\254C\320"
 339      8DF4441B 
 339      85D9B909 
 339      362DF4AC 
 339      43D0
 340 0be2 E256869F 		.ascii	"\342V\206\237\262\244^l\221\006\365\251\334\372\023"
 340      B2A45E6C 
 340      9106F5A9 
 340      DCFA13
 341 0bf1 399761E9 		.ascii	"9\227a\351\200\352\261<\240\244\247q\351x\252C2x\331"
 341      80EAB13C 
 341      A0A4A771 
 341      E978AA43 
 341      3278D9
 342 0c04 82F1D718 		.ascii	"\202\361\327\030)\301\177\220\343\233\027\344@\2774"
 342      29C17F90 
 342      E39B17E4 
 342      40BF34
 343 0c13 4A29723A 		.ascii	"J)r:\311\013\360-\022\307\277\227\303\357-\010\252t"
 343      C90BF02D 
ARM GAS  C:\Users\CYIRKO~1\AppData\Local\Temp\ccaYECTq.s 			page 27


 343      12C7BF97 
 343      C3EF2D08 
 343      AA74
 344 0c25 FCD5CBE1 		.ascii	"\374\325\313\341\325\362\316V\037\344\256\207\023\000"
 344      D5F2CE56 
 344      1FE4AE87 
 344      1300
 345 0c33 3AC3E1E2 		.ascii	":\303\341\342\271\000\235\232g\235\034\207\177\200K"
 345      B9009D9A 
 345      679D1C87 
 345      7F804B
 346 0c42 081C7E00 		.ascii	"\010\034~\000=\301\321\342\234\315\217\022\022.\375"
 346      3DC1D1E2 
 346      9CCD8F12 
 346      122EFD
 347 0c51 D26CCFB7 		.ascii	"\322l\317\267<\232\244\351+\351\350\013\313\3718\317"
 347      3C9AA4E9 
 347      2BE9E80B 
 347      CBF938CF 
 348 0c61 2F523F9E 		.ascii	"/R?\236\224\343O,\034\253\022\363\223\226\023x\036\\"
 348      94E34F2C 
 348      1CAB12F3 
 348      93961378 
 348      1E5C
 349 0c73 9A64CF2C 		.ascii	"\232d\317,\317\034\322i\265_:\255\226\313\361e\362\244"
 349      CF1CD269 
 349      B55F3AAD 
 349      96CBF165 
 349      F2A4
 350 0c85 6C8994C0 		.ascii	"l\211\224\300\233\344\360\033\013\340R\353\225\226'"
 350      9BE4F01B 
 350      0BE052EB 
 350      959627
 351 0c94 6D892B3B 		.ascii	"m\211+;$}}g9g\030w\3517\200Y\010\344\014\255#p\362\001"
 351      247D7D67 
 351      39671877 
 351      E9378059 
 351      08E40CAD 
 352 0cac 200FBBA1 		.ascii	" \017\273\2418\274\034\205\203\304\202\234\0049\016"
 352      38BC1C85 
 352      83C4829C 
 352      04390E
 353 0cbb 72062419 		.ascii	"r\006$\031\344\000\310a\220T\220H\2204\220\243 \005"
 353      E400C861 
 353      90549048 
 353      903490A3 
 353      2005
 354 0ccd 204520F1 		.ascii	" E \361 \373@2A\212A\216\201\234\0069\007r\026d?\210"
 354      20FB4032 
 354      418A418E 
 354      819C0639 
 354      07721664 
 355 0ce3 11A41024 		.ascii	"\021\244\020$\007\344\010H:H\030\310)\220\004\220l\220"
 355      07E40848 
 355      3A4818C8 
 355      29900490 
 355      6C90
ARM GAS  C:\Users\CYIRKO~1\AppData\Local\Temp\ccaYECTq.s 			page 28


 356 0cf5 50908320 		.ascii	"P\220\203 \321 % \021 ) Q \347AB@\222@rAN\200\344\203"
 356      D1202520 
 356      11202920 
 356      5120E741 
 356      42409240 
 357 0d0f 24821C02 		.ascii	"$\202\034\002\311\002\211\301\342\367\242x\310\337\311"
 357      C90289C1 
 357      E2F7A278 
 357      C8DFC9
 358 0d1e 089EF39D 		.ascii	"\010\236\363\235\220\305\017\270w\304-+j\223\017\221"
 358      90C50FB8 
 358      77C42D2B 
 358      6A930F91 
 359 0d2e F18392F1 		.ascii	"\361\203\222\361\235hy\022\226&\316x\224$qJ-\257\307"
 359      9D687912 
 359      9626CE78 
 359      9424714A 
 359      2DAFC7
 360 0d41 92C8F64B 		.ascii	"\222\310\366K\023\241\321\362\202)\235\206\245\326C"
 360      13A1D1F2 
 360      82299D86 
 360      A5D643
 361 0d50 E4F04772 		.ascii	"\344\360Grx\243t\220\244Y\036$\222OR\2033\354\223\024"
 361      78A37490 
 361      A4591E24 
 361      924F5283 
 361      33EC9314 
 362 0d64 A0E67F92 		.ascii	"\240\346\177\222\"\266\272\017Jw2\251\226g.I\317:\244"
 362      22B6BA0F 
 362      4A7732A9 
 362      96672E49 
 362      CF3AA4
 363 0d77 3DBB6939 		.ascii	"=\273i9\305\347\255\355\322\0217dyZ\237\267\361\211"
 363      C5E7ADED 
 363      D2113764 
 363      795A9FB7 
 363      F189
 364 0d89 E47184F3 		.ascii	"\344q\204\363$\375\360G\360\342)\223Ous#\224L^b\334"
 364      24FDF047 
 364      F0E22993 
 364      4F757323 
 364      944C5E62 
 365 0d9e 0701FF88 		.ascii	"\007\001\377\210\333\0277\357\250w\301L*\235\275r,\357"
 365      DB1737EF 
 365      A877C14C 
 365      2A9DBD72 
 365      2CEF
 366 0db0 DB5699AD 		.ascii	"\333V\231\255W\213lZ\301\372\035\016\027Ow\374\263\273"
 366      578B6C5A 
 366      C1FA1D0E 
 366      174F77FC 
 366      B3BB
 367 0dc2 C47A8BD4 		.ascii	"\304z\213\324z\241\345\215\214\370}\257\271'\241Y\205"
 367      7AA1E58D 
 367      8CF87DAF 
 367      B927A159 
 367      85
ARM GAS  C:\Users\CYIRKO~1\AppData\Local\Temp\ccaYECTq.s 			page 29


 368 0dd3 6FD1FDA8 		.ascii	"o\321\375\250\362N\337\233cj\264\304\315\322\310Ee0"
 368      F24EDF9B 
 368      636AB4C4 
 368      CDD2C845 
 368      6530
 369 0de5 60FFBF0E 		.ascii	"`\377\277\016^\226\241\265\207p(\311\320R\350\345\005"
 369      5E96A1B5 
 369      877028C9 
 369      D052E8E5 
 369      05
 370 0df6 3CF74593 		.ascii	"<\367E\223$,\365Ukk\373!\265\364\243c\251\304\257\012"
 370      242CF555 
 370      6B6BFB21 
 370      B5F4A363 
 370      A9C4AF0A 
 371 0e0a 548ED947 		.ascii	"T\216\331GG\270\223\217\212\017\342.:\341\007\354Tp"
 371      47B8938F 
 371      8A0FE22E 
 371      3AE107EC 
 371      5470
 372 0e1c 7AA8A981 		.ascii	"z\250\251\201\037\302~J\276C\035\035\211A\354P0D\016"
 372      1FC27E4A 
 372      BE431D1D 
 372      8941EC50 
 372      30440E
 373 0e2f D8A79A26 		.ascii	"\330\247\232&\216i\361 \303\226W=_\315\240\344\277\020"
 373      8E69F120 
 373      C396573D 
 373      5FCDA0E4 
 373      BF10
 374 0e41 774E24F5 		.ascii	"wN$\365#\253\307\244\313\230\037\223\2520=&\265\275"
 374      23ABC7A4 
 374      CB981F93 
 374      AA303D26 
 374      B5BD
 375 0e53 AB9AB4C7 		.ascii	"\253\232\264\307/\251!Uo\372\3703\033\344\346\212\220"
 375      2FA92155 
 375      6FFAF833 
 375      1BE4E68A 
 375      90
 376 0e64 16847611 		.ascii	"\026\204v\021~\032H_\254EW0\346\003P\221$\200\371\321"
 376      7E1A485F 
 376      AC455730 
 376      E6035091 
 376      2480F9D1 
 377 0e78 1F48B1A5 		.ascii	"\037H\261\245\177\\\232 \326\325\264\235k\330\025]\205"
 377      7F5C9A20 
 377      D6D5B49D 
 377      6BD8155D 
 377      85
 378 0e89 8692040D 		.ascii	"\206\222\004\015-!\337\034\337ffh\244'-b\273\002p\227"
 378      2D21DF1C 
 378      DF666668 
 378      A4272D62 
 378      BB027097 
 379 0e9d 30E1771D 		.ascii	"0\341w\035;\213,\011:\266\351\024\373\247 i#\342\243"
 379      3B8B2C09 
ARM GAS  C:\Users\CYIRKO~1\AppData\Local\Temp\ccaYECTq.s 			page 30


 379      3AB6E914 
 379      FBA72069 
 379      23E2A3
 380 0eb0 6D00FA58 		.ascii	"m\000\372XOR\227Vj\273\346c\266\033r\372g\026\375,]"
 380      4F529756 
 380      6ABBE663 
 380      B61B72FA 
 380      6716FD2C 
 381 0ec5 B86D124C 		.ascii	"\270m\022L\017/\257L\336g\022B\327\242Z\354\214*!\224"
 381      0F2FAF4C 
 381      DE671242 
 381      D7A25AEC 
 381      8C2A2194 
 382 0ed9 26B44CF2 		.ascii	"&\264L\362\352E(\331\244T\240:\3743\305\342\200\377"
 382      EA4528D9 
 382      A454A03A 
 382      FC33C5E2 
 382      80FF
 383 0eeb F2DFBE2E 		.ascii	"\362\337\276.`\353\266]~[\374\266\007\007\356\321\374"
 383      60EBB65D 
 383      7E5BFCB6 
 383      0707EED1 
 383      FC
 384 0efc DBAF372F 		.ascii	"\333\2577/\325\255Z\245\320\372\372\356\365\017\010"
 384      D5AD5AA5 
 384      D0FAFAEE 
 384      F50F08
 385 0f0b FE7CB56F 		.ascii	"\376|\265o\360\267~\277\364\331\276\323\177\233\177"
 385      F0B77EBF 
 385      F4D9BED3 
 385      7F9B7F
 386 0f1a 50F0DE1D 		.ascii	"P\360\336\035\376\201>\301\201\201\273\202|~\027\260"
 386      FE813EC1 
 386      8181BB82 
 386      7C7E17B0 
 387 0f2a 77297D5A 		.ascii	"w)}Z\272u\317\356\245~\273\267\371\355\330\341\267\303"
 387      BA75CFEE 
 387      A57EBBB7 
 387      F9EDD8E1 
 387      B7C3
 388 0f3c E7CB159F 		.ascii	"\347\313\025\237/]\275r\325\232\377\\\345\003\345?\017"
 388      2F5DBD72 
 388      D59AFF5C 
 388      E503E53F 
 388      0F
 389 0f4d 080CF0FB 		.ascii	"\010\014\360\373\271\337\326m\376>\376\001\333w\355"
 389      B9DFD66D 
 389      FE3EFE01 
 389      DB77ED
 390 0f5c DDE1E7B3 		.ascii	"\335\341\347\263{+\330\012\360\363\361\335\341\367\355"
 390      7B2BD80A 
 390      F0F3F1DD 
 390      E1F7ED
 391 0f6b D6BDBB82 		.ascii	"\326\275\273\202}\203\277\373\203_\320\212\235\012\215"
 391      7D83BFFB 
 391      835FD08A 
 391      9D0A8D
ARM GAS  C:\Users\CYIRKO~1\AppData\Local\Temp\ccaYECTq.s 			page 31


 392 0f7a D8DE7FFC 		.ascii	"\330\336\177\374E\333\013\372.\310\3077(x\007\030\207"
 392      45DB0BFA 
 392      2EC8C737 
 392      28780718 
 392      87
 393 0f8b 467EB5EE 		.ascii	"F~\265\356\227>:b\333\300l\323v\002\203V\255\371\322"
 393      973E3A62 
 393      DBC06CD3 
 393      76028356 
 393      ADF9D2
 394 0f9e 3D30     		.ascii	"=0"
 395 0fa0 C87DE7D6 		.ascii	"\310}\347\326]\356\177\010\334\023\034\344\276=p\367"
 395      5DEE7F08 
 395      DC131CE4 
 395      BE3D70F7 
 396 0fb0 EEC00077 		.ascii	"\356\300\000w\017\375F\335\306?\272\023/\255\330\256"
 396      0FFD46DD 
 396      C63FBA13 
 396      2FADD8AE 
 397 0fc0 F82B72F7 		.ascii	"\370+r\367\364\0172\273\313\225\224\030\374\202\015"
 397      F40F32BB 
 397      CB959418 
 397      FC820D
 398 0fcf DF0505FB 		.ascii	"\337\005\005\373\355\336\2605`\307.\277=\336{\374\003"
 398      EDDEB035 
 398      60C72EBF 
 398      3DDE7BFC 
 398      03
 399 0fe0 F7F8077F 		.ascii	"\367\370\007\177G\235\253\333\345\267u\217\267_\000"
 399      479DABDB 
 399      E5B7758F 
 399      B75F00
 400 0fef B4FF3B3B 		.ascii	"\264\377;;\375:\303:\375\226u\236_(\275\274\355"
 400      FD3AC33A 
 400      FD96759E 
 400      5F28BDBC 
 400      ED
 401 1000 9883BFF2 		.ascii	"\230\203\277\362\015\266\345\367\271\352_\250\274<\276"
 401      0DB6E5F7 
 401      B9EA5FA8 
 401      BC3CBE
 402 100f D6CFA99F 		.ascii	"\326\317\251\237\253\274t\336fu\265\312\313\340\255"
 402      ABBC74DE 
 402      6675B5CA 
 402      CBE0AD
 403 101e D7E899B6 		.ascii	"\327\350\231\266\012*\327\231+WB\345:\275\312\260\311"
 403      0A2AD799 
 403      2B5742E5 
 403      3ABDCAB0 
 403      C9
 404 102f 4BEFF1D1 		.ascii	"K\357\361\321\256\362\016\372\3751\330]\267\321\340"
 404      AEF20EFA 
 404      FD31D85D 
 404      B7D1E0
 405 103e 6570E7FE 		.ascii	"ep\347\376\202\212=~\276\333w\257\001g\331\375z\213"
 405      828A3D7E 
 405      BEDB77AF 
ARM GAS  C:\Users\CYIRKO~1\AppData\Local\Temp\ccaYECTq.s 			page 32


 405      0167D9FD 
 405      7A8B
 406 1050 97CE7713 		.ascii	"\227\316w\023\304g\316\376W6\036\033\2766\350\364*\235"
 406      C467CEFE 
 406      57361E1B 
 406      BE36E8F4 
 406      2A9D
 407 1062 874E4F9E 		.ascii	"\207NO\236\275\341\346\271I\267\021n^\3646\007]c\343"
 407      BDE1E6B9 
 407      49B7116E 
 407      5EF43607 
 407      5D63E3
 408 1075 A9D37919 		.ascii	"\251\323y\031~\253!\267\215[<tjx0\374\326\026\256D\343"
 408      7EAB21B7 
 408      8D5B3C74 
 408      6A7830FC 
 408      D616AE44 
 409 108a F7CD50EA 		.ascii	"\367\315P\352EK)\306\326\213\3367\317Y\371\222\224x"
 409      454B29C6 
 409      D68BDE37 
 409      CF59F992 
 409      9478
 410 109c 7CF3CD66 		.ascii	"|\363\315f\365\306-\353\365\253\351u\025\275\256T\353"
 410      F5C62DEB 
 410      F5ABE975 
 410      15BDAE54 
 410      EB
 411 10ad BC09099D 		.ascii	"\274\011\011\235\301\260\356\033\270\351\014^\236z\254"
 411      C1B0EE1B 
 411      B8E90C5E 
 411      9E7AAC
 412 10bc DBA457EB 		.ascii	"\333\244W\353\276\201'[/O_/\203\007\320\362\364\335"
 412      BE81275B 
 412      2F4F5F2F 
 412      8307D0F2 
 412      F4DD
 413 10ce B89EDE3C 		.ascii	"\270\236\336<\330\315\223\335\274\327\353U\036\353\015"
 413      D8CD93DD 
 413      BCD7EB55 
 413      1EEB0D
 414 10dd 7AD5D7EB 		.ascii	"z\325\327\353=\364\352\215\033\341\252\362$\372\006"
 414      3DF4EA8D 
 414      1BE1AAF2 
 414      24FA06
 415 10ec 72D1C145 		.ascii	"r\321\301Em\330\240\203G\303\006o\260\253\323c\350\267"
 415      6DD8A083 
 415      47C3066F 
 415      B0ABD363 
 415      E8B7
 416 10fe DAC34B0F 		.ascii	"\332\303K\017\275\337\262\3517zp<@t\336\233\275<\325"
 416      BDDFB2E9 
 416      377A703C 
 416      4074DE9B 
 416      BD3CD5
 417 1111 1E5F035C 		.ascii	"\036_\003\\c\320}M\275\345\340\353\373\355\336\200\355"
 417      63D07D4D 
 417      BDE5E0EB 
ARM GAS  C:\Users\CYIRKO~1\AppData\Local\Temp\ccaYECTq.s 			page 33


 417      FBEDDE80 
 417      ED
 418 1122 BEBE2BD6 		.ascii	"\276\276+\326\254\371\342\013\215\250\251\266\357\334"
 418      ACF9E20B 
 418      8DA8A9B6 
 418      EFDC
 419 1130 BAE7FF00 		.ascii	"\272\347\377\000X\030\364\006"
 419      5818F406 
 420              		.text
 421              		.section	.gnu.lto_.symtab.115d8373,"",%progbits
 422 0000 6E766963 		.ascii	"nvicEnableVector\000"
 422      456E6162 
 422      6C655665 
 422      63746F72 
 422      00
 423 0011 00       		.ascii	"\000"
 424 0012 00       		.ascii	"\000"
 425 0013 00       		.ascii	"\000"
 426 0014 00000000 		.ascii	"\000\000\000\000\000\000\000\000"
 426      00000000 
 427 001c BA000000 		.ascii	"\272\000\000\000"
 428 0020 6E766963 		.ascii	"nvicDisableVector\000"
 428      44697361 
 428      626C6556 
 428      6563746F 
 428      7200
 429 0032 00       		.ascii	"\000"
 430 0033 00       		.ascii	"\000"
 431 0034 00       		.ascii	"\000"
 432 0035 00000000 		.ascii	"\000\000\000\000\000\000\000\000"
 432      00000000 
 433 003d BE000000 		.ascii	"\276\000\000\000"
 434 0041 6E766963 		.ascii	"nvicSetSystemHandlerPriority\000"
 434      53657453 
 434      79737465 
 434      6D48616E 
 434      646C6572 
 435 005e 00       		.ascii	"\000"
 436 005f 00       		.ascii	"\000"
 437 0060 00       		.ascii	"\000"
 438 0061 00000000 		.ascii	"\000\000\000\000\000\000\000\000"
 438      00000000 
 439 0069 C0000000 		.ascii	"\300\000\000\000"
 440 006d 6E766963 		.ascii	"nvicClearPending\000"
 440      436C6561 
 440      7250656E 
 440      64696E67 
 440      00
 441 007e 00       		.ascii	"\000"
 442 007f 00       		.ascii	"\000"
 443 0080 00       		.ascii	"\000"
 444 0081 00000000 		.ascii	"\000\000\000\000\000\000\000\000"
 444      00000000 
 445 0089 C2000000 		.ascii	"\302\000\000\000"
 446              		.text
 447              		.section	.gnu.lto_.opts,"",%progbits
 448 0000 272D666D 		.ascii	"'-fmath-errno' '-fsigned-zeros' '-ftrapping-math' '"
ARM GAS  C:\Users\CYIRKO~1\AppData\Local\Temp\ccaYECTq.s 			page 34


 448      6174682D 
 448      6572726E 
 448      6F272027 
 448      2D667369 
 449 0033 2D666E6F 		.ascii	"-fno-trapv' '-fno-openmp' '-fno-openacc' '-mcpu=cor"
 449      2D747261 
 449      70762720 
 449      272D666E 
 449      6F2D6F70 
 450 0066 7465782D 		.ascii	"tex-m7' '-mno-thumb-interwork' '-mthumb' '-ggdb' '-"
 450      6D372720 
 450      272D6D6E 
 450      6F2D7468 
 450      756D622D 
 451 0099 4F322720 		.ascii	"O2' '-fomit-frame-pointer' '-falign-functions=16' '"
 451      272D666F 
 451      6D69742D 
 451      6672616D 
 451      652D706F 
 452 00cc 2D666675 		.ascii	"-ffunction-sections' '-fdata-sections' '-fno-common"
 452      6E637469 
 452      6F6E2D73 
 452      65637469 
 452      6F6E7327 
 453 00ff 2720272D 		.ascii	"' '-flto'\000"
 453      666C746F 
 453      2700
 454              		.text
 455              		.comm	__gnu_lto_v1,1,1
 456              		.comm	__gnu_lto_slim,1,1
 457              		.ident	"GCC: (GNU Tools for ARM Embedded Processors 6-2017-q1-update) 6.3.1 20170215 (release) [AR
ARM GAS  C:\Users\CYIRKO~1\AppData\Local\Temp\ccaYECTq.s 			page 35


DEFINED SYMBOLS
                            *ABS*:00000000 nvic.c
                            *COM*:00000001 __gnu_lto_v1
                            *COM*:00000001 __gnu_lto_slim

NO UNDEFINED SYMBOLS
