ARM GAS  C:\Users\CYIRKO~1\AppData\Local\Temp\ccDzp9G7.s 			page 1


   1              		.cpu cortex-m7
   2              		.eabi_attribute 20, 1
   3              		.eabi_attribute 21, 1
   4              		.eabi_attribute 23, 3
   5              		.eabi_attribute 24, 1
   6              		.eabi_attribute 25, 1
   7              		.eabi_attribute 26, 1
   8              		.eabi_attribute 30, 2
   9              		.eabi_attribute 34, 1
  10              		.eabi_attribute 18, 4
  11              		.file	"odometry.c"
  12              		.text
  13              	.Ltext0:
  14              		.section	.gnu.lto_.profile.39ddf52e,"",%progbits
  15 0000 789C6365 		.ascii	"x\234ce`b`a```d\210Q\002\000\001Z\000\213"
  15      60626061 
  15      60606064 
  15      88510200 
  15      015A008B 
  16              		.text
  17              		.section	.gnu.lto_.icf.39ddf52e,"",%progbits
  18 0000 789C6365 		.ascii	"x\234ce`b0e@\000N\206\005\363\272\267\3602\366\256\351"
  18      60623065 
  18      40004E86 
  18      05F3BAB7 
  18      F032F6AE 
  19 0015 16600211 		.ascii	"\026`\002\021\314 \202\245s\376\274\277\314\254\235"
  19      CC2082A5 
  19      73FEBCBF 
  19      CCAC9D
  20 0024 371F2FE6 		.ascii	"7\037/\346a\233\365n\341\026V\366%-\263\376rs\334\374"
  20      619BF56E 
  20      E11656F6 
  20      252DB3FE 
  20      7273DCFC 
  21 0038 72FE292B 		.ascii	"r\376)+\003\000S\360\027\\"
  21      030053F0 
  21      175C
  22              		.text
  23              		.section	.gnu.lto_.jmpfuncs.39ddf52e,"",%progbits
  24 0000 789C6365 		.ascii	"x\234ce`b\260f@\000\026\006FF0\305\300\300\012\245\241"
  24      6062B066 
  24      40001606 
  24      464630C5 
  24      C0C00AA5 
  25 0015 14E37466 		.ascii	"\024\343tf\306\235;\337\334f\257\377\333\3001\237\231"
  25      C69D3BDF 
  25      DC66AFFF 
  25      DBC0319F 
  25      99
  26 0026 61313348 		.ascii	"a13Hp9c=\003#\013\003\007\220\015\000\325|\010\267"
  26      7039633D 
  26      03230B03 
  26      07900D00 
  26      D57C08B7 
  27              		.text
  28              		.section	.gnu.lto_.inline.39ddf52e,"",%progbits
ARM GAS  C:\Users\CYIRKO~1\AppData\Local\Temp\ccDzp9G7.s 			page 2


  29 0000 789C6365 		.ascii	"x\234ce`b\310g@\000\026\006\006\036\021F\006&\276\015"
  29      6062C867 
  29      40001606 
  29      061E1146 
  29      0626BE0D 
  30 0014 B90C6C0B 		.ascii	"\271\014l\013\344\231@bL\334`\0116>\2408\323\005~Tq"
  30      E4994062 
  30      4CDC6009 
  30      363EA038 
  30      D3057E54 
  31 0029 56063E0D 		.ascii	"V\006>\015\2408\307\001;\2708#\027\220`\346\001*\230"
  31      A038C701 
  31      3BB83823 
  31      179060E6 
  31      012A98
  32 003c E037C10F 		.ascii	"\3407\301\017\312`\340`\340\022\002\031\334\360\213"
  32      CA60E060 
  32      E0120219 
  32      DCF08B
  33 004b 11AE9201 		.ascii	"\021\256\222\001\000t\355\013\266"
  33      0074ED0B 
  33      B6
  34              		.text
  35              		.section	.gnu.lto_.pureconst.39ddf52e,"",%progbits
  36 0000 789C6365 		.ascii	"x\234ce`b\340d```a\220`\221`\225\340`\001\000\002\305"
  36      6062E064 
  36      60606061 
  36      90609160 
  36      95E06001 
  37 0017 0072     		.ascii	"\000r"
  38              		.text
  39              		.section	.gnu.lto_GPT_CB.39ddf52e,"",%progbits
  40 0000 789C8D52 		.ascii	"x\234\215RMkSA\024\235\363&\337\037UPP\264\205,,\265"
  40      4D6B5341 
  40      149DF326 
  40      DF1F5550 
  40      50B4852C 
  41 0016 1B776EFD 		.ascii	"\033wn\375)\2024E\\hE\263q\225i\022\233\222\224\326"
  41      29823445 
  41      5C6845B3 
  41      71956912 
  41      9B9294D6 
  42 002a 855A5313 		.ascii	"\205ZS\023^0H\325\252I\215_\251\025\202TK\026\012\026"
  42      5E3048D5 
  42      AA498D5F 
  42      A9158254 
  42      4B160A16 
  43 003e 51A4BB16 		.ascii	"Q\244\273\026\205\332\372Q\205\210H\022\357\235\201"
  43      85DAFA51 
  43      85884812 
  43      EF9D81
  44 004d A0240B1F 		.ascii	"\240$\013\037\314}s\357\233s\356\231s\237SX\"-\205\330"
  44      CC7D73EF 
  44      9B73EE99 
  44      739F5358 
  44      222D85D8 
  45 0061 2FCC8214 		.ascii	"/\314\202\024\260.\274\022b\324c\001\274Q\036\210\250"
ARM GAS  C:\Users\CYIRKO~1\AppData\Local\Temp\ccDzp9G7.s 			page 3


  45      B02EBC12 
  45      62D46301 
  45      BC511E88 
  45      A8
  46 0072 8528A6E4 		.ascii	"\205(\246\344\264\304\263\344\307\21258\253\350\251"
  46      B4C4B3E4 
  46      C78A3538 
  46      ABE8A9
  47 0081 4E670F8F 		.ascii	"Ng\017\217\252\363{m\202gh\361\203Y\014\322\251\327"
  47      AAF37B6D 
  47      826768F1 
  47      83590CD2 
  47      A9D7
  48 0093 8952564E 		.ascii	"\211RVNJ[\002\016J\267_\316\254\367pj!D\351\267\205"
  48      4A5B020E 
  48      4AB75FCE 
  48      ACF7706A 
  48      2144E9B7 
  49 00a8 FA845BF6 		.ascii	"\372\204[\366@\320~\355kk\034\003\327\225\212\251\352"
  49      40D07EED 
  49      6B6B1C03 
  49      D7958AA9 
  49      EA
  50 00b9 D245A90E 		.ascii	"\322E\251\016\330R\342\026$\021\342&zq\003\275\202J"
  50      D852E216 
  50      2411E226 
  50      7A7103BD 
  50      824A
  51 00cb 027318D0 		.ascii	"\002s\030\320\347\347\233\227\202.\207i\210\333p\201"
  51      E7E79B97 
  51      822E8769 
  51      88DB7081 
  52 00db 5E549FFB 		.ascii	"^T\237\373\231lB\356\322\234\365\352\273Eo\177Akl\226"
  52      996C42EE 
  52      D29CF5EA 
  52      BB456F7F 
  52      416B6C96 
  53 00ef 65595513 		.ascii	"eYU\023![:p\347_Z\255\367.\372\213+\250\252f+I\207w"
  53      215B3A70 
  53      E75F5AAD 
  53      F72EFA8B 
  53      2BA8AA66 
  54 0107 A7F6F400 		.ascii	"\247\366\364\000\334KRW\207\213\203\233\203\227\203"
  54      DC4B5257 
  54      878B839B 
  54      839783
  55 0116 8F82D3CF 		.ascii	"\217\202\323\317!\240\201B\244H\005{\224\226\026\277"
  55      21A08142 
  55      A448057B 
  55      949616BF 
  56 0126 E507C4F2 		.ascii	"\345\007\304\362\353+\320\272\210$'!6\020\273\274\361"
  56      EB2BD0BA 
  56      88242721 
  56      3610BBBC 
  56      F1
  57 0137 FE089772 		.ascii	"\376\010\227r\222\035,nU~\005\331\014\227\026\373\373"
  57      921D2C6E 
ARM GAS  C:\Users\CYIRKO~1\AppData\Local\Temp\ccDzp9G7.s 			page 4


  57      557E05D9 
  57      0C9716FB 
  57      FB
  58 0148 45767247 		.ascii	"EvrG\264\241<T(\360\245\250\266\264\374%\033\260\221"
  58      B4A13C54 
  58      28F0A5A8 
  58      B6B4FC25 
  58      1BB091
  59 015b 03AB2E91 		.ascii	"\003\253.\221\365E\226\213y\330\206\317\313l\035Xtb"
  59      F545968B 
  59      79D886CF 
  59      CB6C1D58 
  59      7462
  60 016d EFB5B165 		.ascii	"\357\265\261e\302R\177\261\211x\276\265m\265\235Lh\227"
  60      C2527FB1 
  60      8978BEB5 
  60      6DB59D4C 
  60      6897
  61 017f DE3E97DA 		.ascii	"\336>\227\332\314\214\304_&\353;\342>\\\204\177\300"
  61      CC8CC45F 
  61      26EB3BE2 
  61      3E5C847F 
  61      C0
  62 0190 F2BDF4AD 		.ascii	"\362\275\364\255R\331Zu\233\236\356\014\015\224?\343"
  62      52D95A75 
  62      9B9EEE0C 
  62      0D943FE3 
  63 01a0 21A2648B 		.ascii	"!\242d\213\207\305}O6\226\375\346\270\217\020T\212\317"
  63      87C57D4F 
  63      3696FDE6 
  63      B88F1054 
  63      8ACF
  64 01b2 8CD582A6 		.ascii	"\214\325\202\246\342\247\"q\224>5&d\337U5\256\324N\010"
  64      E2A72271 
  64      943E3526 
  64      64DF5535 
  64      AED44E08 
  65 01c6 A50AE96B 		.ascii	"\245\012\351ko\352\311\032Iv\012<B\237\341\251H\003"
  65      6FEAC91A 
  65      49760A3C 
  65      429FE1A9 
  65      4803
  66 01d8 0A104E90 		.ascii	"\012\020N\220\263!NY\023\2258\317o\256\031\247\365("
  66      B3214E59 
  66      139538CF 
  66      6FAE19A7 
  66      F528
  67 01ea D897DABE 		.ascii	"\330\227\332\276\256\306t1\365q\333\230\2126&`\346\264"
  67      AEC67431 
  67      F571DB98 
  67      8A362660 
  67      E6B4
  68 01fc 7AD4CCE9 		.ascii	"z\324\314\351\277\314]hs<1\203\211_\031\203\301\273"
  68      BFCC5D68 
  68      733C3183 
  68      895F1983 
  68      C1BB
ARM GAS  C:\Users\CYIRKO~1\AppData\Local\Temp\ccDzp9G7.s 			page 5


  69 020e B56A9711 		.ascii	"\265j\227\021u\260\253(\253\223p\261M\370T\213r\213"
  69      75B0AB28 
  69      AB9370B1 
  69      4DF8548B 
  69      728B
  70 0220 CF74CB1F 		.ascii	"\317t\313\037>\306\353\2775E2\3507#\250\177$<rr8r\346"
  70      3EC6EBBF 
  70      354532E8 
  70      3723A87F 
  70      243C7272 
  71 0237 DCA121E1 		.ascii	"\334\241!\3418~:\022\366\204O\234\215\034;54\374\007"
  71      387E3A12 
  71      F6844F9C 
  71      8D1C3B35 
  71      34FC07
  72 024a DA802686 		.ascii	"\332\200&\206"
  73              		.text
  74              		.section	.gnu.lto_get_distance.39ddf52e,"",%progbits
  75 0000 789C554F 		.ascii	"x\234UO;K\202a\030}\316\367|~Z\221DAK\012\0169\270\364"
  75      3B4B8261 
  75      187DCEF7 
  75      7C7E5A91 
  75      44414B0A 
  76 0018 3BFA1B51 		.ascii	";\372\033Q\015\015%\224K\223oj~\241Q\015]\260\013Z\016"
  76      0D0D2594 
  76      4B936F6A 
  76      7EA1510D 
  76      5DB00B5A 
  77 002d 9676319C 		.ascii	"\226v1\234\204\206ou((\202\206\266\242\241\333`\203"
  77      84866F75 
  77      28288286 
  77      B6A2A1DB 
  77      6083
  78 003f 41A0F6BC 		.ascii	"A\240\366\274\332\322\013\357\3459\234s\336s\\dP\012"
  78      DAD20BEF 
  78      E5399C73 
  78      DE735C64 
  78      500A
  79 0051 44C34434 		.ascii	"D\303D4\"\033L06n\210\226<\006\240\037\312\003\212\032"
  79      221B4C30 
  79      366E8896 
  79      3C06A01F 
  79      CA038A1A 
  80 0065 88629D77 		.ascii	"\210b\235w\030\267\211\362>\257qVh\246\214\365\353\335"
  80      18B789F2 
  80      3EAF7156 
  80      68A68CF5 
  80      EBDD
  81 0077 67AF1E81 		.ascii	"g\257\036\201\200\214\366\326\366fo\250\240d9;?\243"
  81      808CF6D6 
  81      F6666FA8 
  81      A064393B 
  81      3FA3
  82 0089 95E4F278 		.ascii	"\225\344\362x\226\015\312\010\373\030>\024\340\323_"
  82      960DCA08 
  82      FB183E14 
  82      E0D35F
ARM GAS  C:\Users\CYIRKO~1\AppData\Local\Temp\ccDzp9G7.s 			page 6


  83 0098 9C204442 		.ascii	"\234 DB.}\333-\260\027\372\335p\036\256z\202\371\216"
  83      2E7DDB2D 
  83      B017FADD 
  83      701EAE7A 
  83      82F98E
  84 00ab B055E18A 		.ascii	"\260U\341\212r\022\201,3\212\340\377b\322\354\247\313"
  84      7212812C 
  84      338AE0FF 
  84      62D2ECA7 
  84      CB
  85 00bc D656BF65 		.ascii	"\326V\277e\242\204\240\366\026\313SXR\002\032\271\270"
  85      A284A0F6 
  85      16CB5358 
  85      52021AB9 
  85      B8
  86 00cd 83A35A6D 		.ascii	"\203\243Zm[9\215\241\342\240\233I|L9L\227>,\352\250"
  86      5B398DA1 
  86      E2A09B49 
  86      7C4C394C 
  86      973E2CEA 
  87 00e2 282532DD 		.ascii	"(%2\335.-\361\344\346w\304s\355\272\241\215\016X\027"
  87      2E2DF1E4 
  87      E677C473 
  87      EDBAA18D 
  87      0E5817
  88 00f5 AD563F1E 		.ascii	"\255V?\036\335\321\246\362d\331\225am~\206\2508X\364"
  88      DDD1A6F2 
  88      64D99561 
  88      6D7E86A8 
  88      3858F4
  89 0108 8AD8978D 		.ascii	"\212\330\227\215.\323\024\262\000\361\335d\255\277\213"
  89      2ED314B2 
  89      00F1DD64 
  89      ADBF8B
  90 0117 B8041479 		.ascii	"\270\004\024y\371\255\271\312\376=\265\242\324\000H"
  90      F9ADB9CA 
  90      FE3DB5A2 
  90      D40048
  91 0126 A97CFAE8 		.ascii	"\251|\372\350\276a\327 \021\010\347\360w]\252\334\025"
  91      BE61D720 
  91      1108E7F0 
  91      775DAADC 
  91      15
  92 0137 691DBD20 		.ascii	"i\035\275 \026\350\024\221\200\002\321'b\271\303\277"
  92      16E81491 
  92      8002D127 
  92      62B9C3BF 
  93 0147 44966E9E 		.ascii	"D\226n\236\222\030\222\325 \352\013O\205g\247#\363\213"
  93      921892D5 
  93      20EA0B4F 
  93      8567A723 
  93      F38B
  94 0159 6393E499 		.ascii	"c\223\344\231\232Y\210L\314MN\377\002jK\203\312"
  94      9A59884C 
  94      CC4D4EFF 
  94      026A4B83 
  94      CA
ARM GAS  C:\Users\CYIRKO~1\AppData\Local\Temp\ccDzp9G7.s 			page 7


  95              		.text
  96              		.section	.gnu.lto_lld_Odometry_Init.39ddf52e,"",%progbits
  97 0000 789C8D52 		.ascii	"x\234\215R9K\003Q\020\236\357\275\335d5I-\242\205\255"
  97      394B0351 
  97      109EEFBD 
  97      DD643549 
  97      2DA285AD 
  98 0014 8DFE127F 		.ascii	"\215\376\022\177\200\255G)\202\330\330\270k\202\267"
  98      80AD4729 
  98      82D8D8B8 
  98      6B82B7
  99 0023 441B8F14 		.ascii	"D\033\217\024\341\005Rx\306$\236\211U\0106\212(\010"
  99      E1055278 
  99      C6249E89 
  99      5508368A 
  99      2808
 100 0035 56762282 		.ascii	"Vv\"\202g)(\032\235IT4(8\360\346\355\316~\363}s\254"
 100      6729281A 
 100      9D495434 
 100      2838F0E6 
 100      EDCE7EF3 
 101 004c 4D8A0615 		.ascii	"M\212\006\025Q\210\210\032\370@\023\324\3141\321\220"
 101      5188881A 
 101      F84013D4 
 101      CC31D190 
 102 005c A30079F0 		.ascii	"\243\000y\360\034\220\253\340bZ\317k\024G\257\362\252"
 102      1C90ABE0 
 102      625ACF6B 
 102      1447AFF2 
 102      AA
 103 006d 79D1632B 		.ascii	"y\321c+\314\277\324{K\005\030M\024\343#\206E4\023\303"
 103      CCBFD47B 
 103      4B05184D 
 103      14E32386 
 103      453413C3 
 104 0081 2EB2A5D9 		.ascii	".\262\245\331\220\317\252\304\261\004\037\370N\237\242"
 104      90CFAAC4 
 104      B1041FF8 
 104      4E9FA2
 105 0090 E095DE46 		.ascii	"\340\225\336F\275B\251\356\246\243F\221\321\260\304"
 105      BD42A9EE 
 105      A6A34691 
 105      D1B0C4
 106 009f D9EC944F 		.ascii	"\331\354\224O\034\321\004g\210\354$\277\360\255\257"
 106      1CD10467 
 106      88EC24BF 
 106      F0ADAF
 107 00ae 119EBB1E 		.ascii	"\021\236\273\036KBH\342Z1\367\334p\361\304\037\325F"
 107      4B4248E2 
 107      5A31F7DC 
 107      70F1C41F 
 107      D546
 108 00c0 6B88543E 		.ascii	"k\210T>\177w\356w_=\207\003I\221\343\330\315\321\331"
 108      7F77EE77 
 108      5F3D8703 
 108      4991E3D8 
 108      CDD1D9
ARM GAS  C:\Users\CYIRKO~1\AppData\Local\Temp\ccDzp9G7.s 			page 8


 109 00d3 7EAD419C 		.ascii	"~\255A\234k\003V\270\366e4r\035\2530\240[\0147\011Y"
 109      6B0356B8 
 109      F6653472 
 109      1DAB30A0 
 109      5B0C3709 
 110 00e8 55AE1563 		.ascii	"U\256\025c:\302\032\\\252\222\261\253e\354\244@\177"
 110      3AC21A5C 
 110      AA92B1AB 
 110      65ECA440 
 110      7F
 111 00f9 CAF8B0CE 		.ascii	"\312\370\260\3162)\221\341\017\211\347\247\263 \203"
 111      322991E1 
 111      0F89E7A7 
 111      B32083
 112 0108 C73C2FF1 		.ascii	"\307</\361\000\241H\263tY\025\031\270F\373\251\334\327"
 112      00A148B3 
 112      74591519 
 112      B846FBA9 
 112      DCD7
 113 011a F8675FD6 		.ascii	"\370g_\326\177\032\311~5\262!\2150\303\336A[%\337\376"
 113      7F1AC97E 
 113      35B2218D 
 113      30C3DE41 
 113      5B25DFFE 
 114 012e 4F859BDF 		.ascii	"O\205\233\337*\214\3462\343NkJ\366\330d\264\203-f\\"
 114      2A8CE632 
 114      E34E6B4A 
 114      F6D864B4 
 114      832D665C 
 115 0142 282F11DB 		.ascii	"(/\021\333he\356Hf\244\275\302\375A\177\230|,\3322\017"
 115      6865EE48 
 115      66A4BDC2 
 115      FD417F98 
 115      7C2CDA32 
 116 0157 854BC20E 		.ascii	"\205K\302\016\363\3741\311\232\230\354\021\273\345I"
 116      F3FC31C9 
 116      9A98EC11 
 116      BBE549
 117 0166 5A9C6F74 		.ascii	"Z\234ot-c#\211\345\340/\350@L\263,r\2146:H\367\010'"
 117      2D632389 
 117      E5E02FE8 
 117      404CB32C 
 117      728C363A 
 118 017e D2539551 		.ascii	"\322S\225Q\211Mp#\374\0330a\240\267\253\267\247\273"
 118      894D7023 
 118      FC1B3061 
 118      A0B7ABB7 
 118      A7BB
 119 0190 BF6FA0A5 		.ascii	"\277o\240\245\223\336\001u;\317\237"
 119      93DE0175 
 119      3BCF9F
 120              		.text
 121              		.section	.gnu.lto_GPT_Driver.39ddf52e,"",%progbits
 122 0000 789C6365 		.ascii	"x\234ce`b\220g``\340e\200\200\351\314\214;w\276\271"
 122      60629067 
 122      6060E065 
 122      8080E9CC 
ARM GAS  C:\Users\CYIRKO~1\AppData\Local\Temp\ccDzp9G7.s 			page 9


 122      8C3B77BE 
 123 0015 CD5EFFB7 		.ascii	"\315^\377\267\241\243\241\341A\367}9\226\371\314\014"
 123      A1A3A1E1 
 123      41F77D39 
 123      96F9CC0C 
 124 0025 8B998152 		.ascii	"\213\231\201R\214\313\031\353\031\270\363S\362sSK\212"
 124      8CCB19EB 
 124      19B8F353 
 124      F273534B 
 124      8A
 125 0036 2AF59219 		.ascii	"*\365\222\031\000\255c\020~"
 125      00AD6310 
 125      7E
 126              		.text
 127              		.section	.gnu.lto_GPT1cfg.39ddf52e,"",%progbits
 128 0000 789C6365 		.ascii	"x\234ce`b\310c``\340e\200\200\351\314\214\353\337\354"
 128      6062C863 
 128      6060E065 
 128      8080E9CC 
 128      8CEBDFEC 
 129 0014 FCC9DBC7 		.ascii	"\374\311\333\307<\237\231\201\021\304\335\271\363\315"
 129      3C9F9981 
 129      11C4DDB9 
 129      F3CD
 130 0022 6DF6FABF 		.ascii	"m\366\372\277\015\035\015\015\017\272\337H1\315gf\234"
 130      0D1D0D0D 
 130      0FBADF48 
 130      31CD6766 
 130      9C
 131 0033 C90C5179 		.ascii	"\311\014Qya\335\312\331|\020\225\023\316\201\004>\036"
 131      61DDCAD9 
 131      7C109513 
 131      CE81043E 
 131      1E
 132 0044 7AB981C7 		.ascii	"z\271\201\307b[C\307\202\006\207\371\314L3\200\022+"
 132      625B43C7 
 132      820687F9 
 132      CC4C3380 
 132      122B
 133 0056 19656630 		.ascii	"\031ef032\256`\254\237\301\314\304\270\034\304c\006"
 133      3332AE60 
 133      AC9FC1CC 
 133      C4B81CC4 
 133      6306
 134 0068 510C8CAB 		.ascii	"Q\014\214\253\030-\030\270\363S\362sSK\212*\365\222"
 134      182D18B8 
 134      F353F273 
 134      534B8A2A 
 134      F592
 135 007a 19004447 		.ascii	"\031\000DG)\206"
 135      2986
 136              		.text
 137              		.section	.gnu.lto_get_speed.39ddf52e,"",%progbits
 138 0000 789C6D52 		.ascii	"x\234mR\317k\323p\024\177\237\274\244I\353\272\035\024"
 138      CF6BD370 
 138      147F9FBC 
 138      A449EBBA 
ARM GAS  C:\Users\CYIRKO~1\AppData\Local\Temp\ccDzp9G7.s 			page 10


 138      1D14
 139 0012 6138A497 		.ascii	"a8\244\227\036vq\177\222\210\355ApL\264\027O\215ufl"
 139      1E76717F 
 139      9288ED41 
 139      704CB417 
 139      4F8D7566 
 140 0027 83AAE8BA 		.ascii	"\203\252\350\272\037\266d\243\2079g\327v\233b=\2259"
 140      1FB664A3 
 140      873967D7 
 140      769B623D 
 140      9539
 141 0039 5444E754 		.ascii	"TD\347T\034\2507u\203\312\024T\020\206n\372^R\025\301"
 141      1CA83775 
 141      83CA1454 
 141      10866EFA 
 141      5E5215C1 
 142 004d 4092F77D 		.ascii	"@\222\367}\371\374x\237G,2\250d\020\035&\242Cr\203\011"
 142      F9FC789F 
 142      472C32A8 
 142      64101D26 
 142      A2437283 
 143 0062 C6A535A2 		.ascii	"\306\2455\242s\216\001h\341:\240\254\201,.\3628\343"
 143      738E0168 
 143      E13AA0AC 
 143      812C2EF2 
 143      38E3
 144 0074 D960ADC8 		.ascii	"\331`\255\310y\366\005f\312\361\363\223\251w\235z\004"
 144      79F60566 
 144      CAF1F393 
 144      A9779D7A 
 144      04
 145 0085 12721C1A 		.ascii	"\022r\034\032+\\\215\365\316\272r5\307\027#\013[\353"
 145      2B5C8DF5 
 145      CEBA7235 
 145      C717230B 
 145      5BEB
 146 0097 6ED46783 		.ascii	"n\324g\203&\005~\035=\230E\217z\314\241\227\004\375"
 146      26057E1D 
 146      3D98458F 
 146      7ACCA197 
 146      04FD
 147 00a9 E2EB971F 		.ascii	"\342\353\227\037\314\235\320z\364\362\225\315h\262\034"
 147      CC9DD07A 
 147      F4F295CD 
 147      68B21C
 148 00b8 30B7260F 		.ascii	"0\267&\017\326=\367\241k\372\314\270\001\376\227M\012"
 148      D63DF7A1 
 148      6BFACCB8 
 148      01FE974D 
 148      0A
 149 00c9 9F5EF63C 		.ascii	"\237^\366<\346\003\001\365Uem\307nS_w/\271\315\301\204"
 149      E60301F5 
 149      55656DC7 
 149      6E535F77 
 149      2FB9CDC1 
 150 00de 126FFE97 		.ascii	"\022o\376\227\370\266\2767\026\217\230\250 \211y$u2"
 150      F8B6BE37 
ARM GAS  C:\Users\CYIRKO~1\AppData\Local\Temp\ccDzp9G7.s 			page 11


 150      168F98A8 
 150      20897924 
 150      7532
 151 00f0 19680111 		.ascii	"\031h\001\021\020\031\277\273\325\347h\272{?\207\334"
 151      1019BFBB 
 151      D5E768BA 
 151      7B3F87DC 
 152 0100 E646F7CC 		.ascii	"\346F\367\314L<j\220\317&\313\203M\255,\255\"\244h["
 152      4C3C6A90 
 152      CF26CB83 
 152      4DAD2CAD 
 152      22A4685B 
 153 0114 4B870229 		.ascii	"K\207\002)\032\021-\335\330\250$\2267\267\220\273\333"
 153      1A112DDD 
 153      D8A82496 
 153      37B790BB 
 153      DB
 154 0125 BA766FBF 		.ascii	"\272vo\277\312\227\330\020\367\302\205\225\247\266\256"
 154      CA97D810 
 154      F7C28595 
 154      A7B6AE
 155 0134 CB0A266F 		.ascii	"\313\012&o4\266\337\330\331]\327\221F\231\303\001?<"
 155      34B6DFD8 
 155      D95DD791 
 155      4699C301 
 155      3F3C
 156 0146 7EB91AF3 		.ascii	"~\271\032\363Q\202\317\021\324d\355U\035^>\344\357\324"
 156      5182CF11 
 156      D464ED55 
 156      1D5E3EE4 
 156      EFD4
 157 0158 869DBE8A 		.ascii	"\206\235\276\212\306\224|6\352\3601\241$\302\"\372H"
 157      C6947C36 
 157      EAF031A1 
 157      24C222FA 
 157      48
 158 0169 CC36BC61 		.ascii	"\3146\274a;\364b\261\223\316\371\2327\027\017;f8\300"
 158      3BF462B1 
 158      93CEF99A 
 158      37170F3B 
 158      6638C0
 159 017c A3F2B715 		.ascii	"\243\362\267\025K\0070\361\236\260$\322!\257\215\262"
 159      4B0730F1 
 159      9EB024D2 
 159      21AF8DB2 
 160 018c 04A8BC75 		.ascii	"\004\250\274u\257\301a'\024\263h\023\271D\260&\011-"
 160      AFC16127 
 160      14B36813 
 160      B944B026 
 160      092D
 161 019e 5DA5155A 		.ascii	"]\245\025Z\305rW\210\262E\272\272\335\330\211\253\264"
 161      C5725788 
 161      B245BABA 
 161      DDD889AB 
 161      B4
 162 01af 1364FB7E 		.ascii	"\023d\373~\277\230\357\012\2639eF\020a\365\301\247b"
 162      BF98EF0A 
ARM GAS  C:\Users\CYIRKO~1\AppData\Local\Temp\ccDzp9G7.s 			page 12


 162      B3396546 
 162      1061F5C1 
 162      A762
 163 01c1 47988D71 		.ascii	"G\230\215qK\262-k6\334\226$\352:\365\307\325\011\214"
 163      4BB22D6B 
 163      36DC9624 
 163      EA3AF5C7 
 163      D5098C
 164 01d4 EDBFAEF3 		.ascii	"\355\277\256\363\352\352\320G\344\246w;\332\030\215"
 164      EAEAD047 
 164      E4A6773B 
 164      DA188D
 165 01e3 3E22CAB2 		.ascii	">\"\312\262j\371\201\367\015\244\006\372\323\231\323"
 165      6AF981F7 
 165      0DA406FA 
 165      D399D3
 166 01f2 678F1C27 		.ascii	"g\217\034'\353\314\251t:\025K\245Of\216\035\315\234"
 166      EBCCA974 
 166      3A154BA5 
 166      4F668E1D 
 166      CD9C
 167 0204 E84FFF02 		.ascii	"\350O\377\002\207\017\325\331"
 167      870FD5D9 
 168              		.text
 169              		.section	.gnu.lto_.symbol_nodes.39ddf52e,"",%progbits
 170 0000 789C558B 		.ascii	"x\234U\213\313\011\002A\020Dkj\246WX5\0071\022\215\254"
 170      CB090241 
 170      10446B6A 
 170      A6575835 
 170      0731128D 
 171 0015 47300003 		.ascii	"G0\000\003\360\263\352\372\313@\274\011{6\006\005\257"
 171      F0B3EAFA 
 171      CB40BC09 
 171      7B360605 
 171      AF
 172 0026 A620B6B3 		.ascii	"\246 \266\263\010N_^\361\252Z@\274`\307\212\012\314"
 172      084E5F5E 
 172      F1AA5A40 
 172      BC60C78A 
 172      0ACC
 173 0038 6E80E15C 		.ascii	"n\200\341\\]c\001\310\234n2\264R\026d\033\226\364)p"
 173      5D6301C8 
 173      9C6E32B4 
 173      5216641B 
 173      96F42970 
 174 004c 4575BFF9 		.ascii	"Eu\277\371%\216\315l\251\314\214\254\031\242\215\275"
 174      258ECD6C 
 174      A9CC8CAC 
 174      19A28DBD 
 175 005c 6C88F6AB 		.ascii	"l\210\366\253\246\372|s\242\014\254q;jH\015\020\343"
 175      A6FA7C73 
 175      A20CAC71 
 175      3B6A480D 
 175      10E3
 176 006e C8C4912A 		.ascii	"\310\304\221*\2318P\213L\354\251\235\177\341Qb\372x"
 176      9938508B 
 176      4CECA99D 
ARM GAS  C:\Users\CYIRKO~1\AppData\Local\Temp\ccDzp9G7.s 			page 13


 176      7FE15162 
 176      FA78
 177 0080 3B1F4AD4 		.ascii	";\037J\324w\243\364\321$\366\320|\275t\3614\342\003"
 177      77A3F4D1 
 177      24F6D07C 
 177      BD74F134 
 177      E203
 178 0092 9F0037DA 		.ascii	"\237\0007\332"
 179              		.text
 180              		.section	.gnu.lto_.refs.39ddf52e,"",%progbits
 181 0000 789C0DC7 		.ascii	"x\234\015\307\311\021\3000\014\003\261%eI>\306\275\244"
 181      C911C030 
 181      0C03B125 
 181      65493EC6 
 181      BDA4
 182 0012 FFEA62FC 		.ascii	"\377\352b\374\220\230\017H\220\345\2206>\212;\222\222"
 182      90980F48 
 182      90E59036 
 182      3E8A3B92 
 182      92
 183 0023 DB54D043 		.ascii	"\333T\320C\345\245\027OZD\363\003\0328\000\327"
 183      E5A5174F 
 183      5A44F303 
 183      1A3800D7 
 184              		.text
 185              		.section	.gnu.lto_.decls.39ddf52e,"",%progbits
 186 0000 789CB558 		.ascii	"x\234\265X\011P\025G\032\236\236\036\340\361\036\240"
 186      09501547 
 186      1A9E9E1E 
 186      E0F11EA0 
 187 0010 412B4BA5 		.ascii	"A+K\245\260\326J\221\222\312!\2409\266\262G%>\210kU"
 187      B0D64A91 
 187      92CA21A0 
 187      39B6B247 
 187      253E886B 
 188 0025 3C16D072 		.ascii	"<\026\320r+\324\276Bx*\033\016\003\217lY\265\251\032"
 188      2BD4BE42 
 188      782A1B0E 
 188      038F6C59 
 188      B5A91A
 189 0038 0E15F040 		.ascii	"\016\025\360@<AEQ< \010\210\007*\207\\\202\210\010\212"
 189      3C414551 
 189      3C200888 
 189      072A875C 
 189      8288088A 
 190 004c 020ACA25 		.ascii	"\002\012\312%\"\202A\205\240B\014\354\337\3353\274y"
 190      22824185 
 190      A0420CEC 
 190      DFDD33BC 
 190      79
 191 005d 8FC726BB 		.ascii	"\217\307&\273\265\373\212\177f\376\356\257\377\377\373"
 191      B5FB8A7F 
 191      66FEEEAF 
 191      FFFFFB
 192 006c FFBFBBA7 		.ascii	"\377\277\273\247\007+\216\347\272\2348n;\346\270\367"
 192      072B8EE7 
 192      BA9C386E 
ARM GAS  C:\Users\CYIRKO~1\AppData\Local\Temp\ccDzp9G7.s 			page 14


 192      3BE6B8F7 
 193 007c 798E1B87 		.ascii	"y\216\033\207\237\015\307q\331 \010\304\203\\\340\247"
 193      9F0DC771 
 193      D92008C4 
 193      835CE0A7 
 194 008c 02F9089E 		.ascii	"\002\371\010\236\177\017\362'\020O\220\205 \213@\376"
 194      7F0FF227 
 194      104F9085 
 194      208B40FE 
 195 009c 02B202C4 		.ascii	"\002\262\002\304\0320+\341\376\025\310\337@\374A\002"
 195      1A302BE1 
 195      FE15C8DF 
 195      40FC4102 
 196 00ac 40F4920D 		.ascii	"@\364\222\015\371\3675\370\261\205\373\012\020G\220"
 196      F9F735F8 
 196      B185FB0A 
 196      104790
 197 00bb 9920B300 		.ascii	"\231 \263\000\243\205\273\027\310\002\220\325\240\177"
 197      A385BB17 
 197      C80290D5 
 197      A07F
 198 00c9 218DC30A 		.ascii	"!\215\303\012\337\304'\321\225>\224\277\177\200m\033"
 198      DFC427D1 
 198      953E94BF 
 198      7F806D1B 
 199 00d9 85DDDF29 		.ascii	"\205\335\337)\354*m\002l\302\236\371\357;\350\264\227"
 199      EC2A6D02 
 199      6CC29EF9 
 199      EF3BE8B4 
 199      97
 200 00ea F8115E73 		.ascii	"\370\021^s\340\276\006\356k\021\313\307\007 \313A\012"
 200      E0BE06EE 
 200      6B11CBC7 
 200      0720CB41 
 200      0A
 201 00fb A03D08EE 		.ascii	"\240=\010\356\313@\376\016\362G\304r\366.\\\004\216"
 201      CB40FE0E 
 201      F247C472 
 201      F62E5C04 
 201      8E
 202 010c E5698594 		.ascii	"\345i\205\224\037\222'\342\223\344c\245\231\317+<\033"
 202      1F9227E2 
 202      93E463A5 
 202      99CF2B3C 
 202      1B
 203 011d 374BD14E 		.ascii	"7K\321N\036\315\363\226\307\263\330\011\237\267$\036"
 203      1ECDF396 
 203      C7B3D809 
 203      9FB7241E 
 204 012d 82E4CF95 		.ascii	"\202\344\317\225\360\004yG\342\360\221\205\270\342\245"
 204      F0047947 
 204      E2F09185 
 204      B8E2A5
 205 013c BCCBB959 		.ascii	"\274\313\271Y \345\206\330\223\343*\220\362/\307A\356"
 205      20E586D8 
 205      93E32A90 
 205      F22FC741 
ARM GAS  C:\Users\CYIRKO~1\AppData\Local\Temp\ccDzp9G7.s 			page 15


 205      EE
 206 014d 9E12F795 		.ascii	"\236\022\367\225\026\362\275\027\243\233\261\247\016"
 206      16F2BD17 
 206      A39BB1A7 
 206      0E
 207 015a E06D1839 		.ascii	"\340m\0309\252\221\000\352\363\353\373\0368\200:S\215"
 207      AA9100EA 
 207      F3EBFB1E 
 207      38803A53 
 207      8D
 208 016b 6683BAAF 		.ascii	"f\203\272\257\360\307\032+\326\253\002u\303\371\304"
 208      F0C71A2B 
 208      D6AB0275 
 208      C3F9C4
 209 017a 718C7944 		.ascii	"q\214yD\006\336\257\316\314\"\003\347\250\021\231v\323"
 209      06DEAFCE 
 209      CC2203E7 
 209      A8119976 
 209      D3
 210 018b A029F7C9 		.ascii	"\240)\367\311\305\021{\326D\020\355#\031_\314=)\262"
 210      C5117BD6 
 210      4410ED23 
 210      195FCC3D 
 210      29B2
 211 019d 9FCADAE8 		.ascii	"\237\312\332\350\263!q\360\250\015\236F@|JMs\271\200"
 211      B32171F0 
 211      A80D9E46 
 211      407C4A4D 
 211      73B980
 212 01b0 5CD5C709 		.ascii	"\\\325\307\011\250\264yhN\322&Q\344\321)\244F9\010\243"
 212      A8B47968 
 212      4ED22651 
 212      E4D129A4 
 212      463908A3 
 213 01c4 6C3497C4 		.ascii	"l4\227\3043G\015\3278Q\214\026\267\307\210\266\177\346"
 213      33470DD7 
 213      38518C16 
 213      B7C788B6 
 213      7FE6
 214 01d6 50067246 		.ascii	"P\006rF'\2203\207r\221+\361Gp\350$4fA#\270\310<\232"
 214      27903387 
 214      72912BF1 
 214      4770E824 
 214      34664123 
 215 01ee 74C41A47 		.ascii	"t\304\032G!\352\243\352R\353\035\001\251]-\0328c\301"
 215      21EAA3EA 
 215      52EB1D01 
 215      A95D2D1A 
 215      3863C1
 216 0201 804426F3 		.ascii	"\200D&\363\355\252\015\204\314i \223g$\003\334X\034"
 216      EDAA0D84 
 216      CC692093 
 216      672403DC 
 216      581C
 217 0213 FDDFB7DC 		.ascii	"\375\337\267\334v\300=\324\011\252I\031iu\300O\231\362"
 217      76C03DD4 
 217      09AA4919 
ARM GAS  C:\Users\CYIRKO~1\AppData\Local\Temp\ccDzp9G7.s 			page 16


 217      6975C04F 
 217      99F2
 218 0225 782CF791 		.ascii	"x,\367\221\200\207\2312\376:9U\203_3\345X^\311\031\214"
 218      80879932 
 218      FE3A3955 
 218      835F33E5 
 218      585EC919 
 219 023a 37D21CF2 		.ascii	"7\322\034\362\251}\205\211\306\340\257\324\374a\344"
 219      A97D8589 
 219      C6E0AFD4 
 219      FC61E4
 220 0249 B628CE46 		.ascii	"\266(\316F\005\340\357\202\321\337i4e\364\027-G_^SR"
 220      05E0EF82 
 220      D1DF6934 
 220      65F4172D 
 220      475F5E53 
 221 025e 63839B58 		.ascii	"c\203\233X\241\032\236\325\246jX\015\247\203\232\337"
 221      A11A9ED5 
 221      A66A580D 
 221      A7839ADF 
 222 026e 73B54ACD 		.ascii	"s\265J\315*,\"R\307\324\247C\002\356`\330\334\015\335"
 222      2A2C2252 
 222      C7D4A743 
 222      02EE60D8 
 222      DC0DDD
 223 0281 992AE874 		.ascii	"\231*\350t\206\242\"EE\235YE\345\311\262\214M\226\306"
 223      86A22245 
 223      459D5945 
 223      E5C9B28C 
 223      4D96C6
 224 0294 BC97B9F6 		.ascii	"\274\227\271\366\270G\232\017\215m\267\324\002\317\241"
 224      B8479A0F 
 224      8D6DB7D4 
 224      02CFA1
 225 02a3 72605E06 		.ascii	"r`^\006<H\343\360\205\2327\360 \003D5w\226P\300e\000"
 225      3C48E3F0 
 225      859A37F0 
 225      20034435 
 225      779650C0 
 226 02b9 BCEF8C2A 		.ascii	"\274\357\214*\220@\232+\307_\226Nc6yP\253sr\373lq\024"
 226      90409A2B 
 226      C75F964E 
 226      63367950 
 226      AB7372FB 
 227 02d0 A643EAF3 		.ascii	"\246C\352\363\222\356a2\344\012\014\251\202\370*\331"
 227      92EE6132 
 227      E40A0CA9 
 227      82F82AD9 
 228 02e0 98E41F7B 		.ascii	"\230\344\037{\3235x3\003\355\356=\230\252!\240\253\000"
 228      D3357833 
 228      03EDEE3D 
 228      98AA21A0 
 228      AB00
 229 02f2 7ACF1955 		.ascii	"z\317\031U3\314\376\374\035\273\324x\027\303\034\336"
 229      33CCFEFC 
 229      1DBBD478 
 229      17C31CDE 
ARM GAS  C:\Users\CYIRKO~1\AppData\Local\Temp\ccDzp9G7.s 			page 17


 230 0302 35DE490D 		.ascii	"5\336I\015]\003\314\273\316\250\206b\370\250MI\003\366"
 230      5D03CCBB 
 230      CEA88662 
 230      F8A84D49 
 230      03F6
 231 0314 48E5BA91 		.ascii	"H\345\272\221\344\366Yt\024v\342\320|g\344\016\344\321"
 231      E4F65974 
 231      1476E2D0 
 231      7C67E40E 
 231      E4D1
 232 0326 75A42279 		.ascii	"u\244\"yEu\220\342Z$\240Rp_217\306\373]zb\310\334\000"
 232      457590E2 
 232      5A24A052 
 232      705F3231 
 232      37C6FB5D 
 233 033f 1827154A 		.ascii	"\030'\025J\232\335\373wv\355\304\370\026u\314\347\306"
 233      9ADDFB77 
 233      76EDC4F8 
 233      1675CCE7 
 233      C6
 234 0350 6F1DB342 		.ascii	"o\035\263B\256*6j\354cX\010\350&X\2567\226\227X\340"
 234      AE2A366A 
 234      EC635808 
 234      E82658AE 
 234      37969758 
 235 0365 B8C914D0 		.ascii	"\270\311\024\320\015\360<\025\013\360SW\177/\301\026"
 235      0DF03C15 
 235      0BF05357 
 235      7F2FC116 
 236 0375 B7B10037 		.ascii	"\267\261\00076_\202i\325\313\224\363\235\273KlY\305"
 236      365F8269 
 236      D5CB94F3 
 236      9DBB4B6C 
 236      59C5
 237 0387 EF507D20 		.ascii	"\357P} \353\274=+y)\321o\365\034\216\265c\3757\210^"
 237      EBBC3D2B 
 237      7929D16F 
 237      F51C8EB5 
 237      63FD3788 
 238 039c D174E599 		.ascii	"\321t\345\231\200\237\260\301q'\267U`5\314\266\230_"
 238      809FB0C1 
 238      7127B755 
 238      6035CCB6 
 238      985F
 239 03ae B5546044 		.ascii	"\265T`Dm\355O\327\255\360 \033\276\271\362\\\225\264"
 239      6DED4FD7 
 239      ADF0201B 
 239      BEB9F25C 
 239      95B4
 240 03c0 9F54137D 		.ascii	"\237T\023}WAE\241\006\017\263\316\007\011]\025\326x"
 240      574145A1 
 240      060FB3CE 
 240      07095D15 
 240      D678
 241 03d2 546229B1 		.ascii	"Tb)\261r\224X\035j\035\256Ax\214u\026\236/\252\2226"
 241      7294581D 
 241      6A1DAE41 
ARM GAS  C:\Users\CYIRKO~1\AppData\Local\Temp\ccDzp9G7.s 			page 18


 241      788C7516 
 241      9E2FAA92 
 242 03e7 1E77508B 		.ascii	"\036wP\213\033\356}\206c\004\332U>x\352\204\304\036"
 242      1BEE7D86 
 242      6304DA55 
 242      3E78EA84 
 242      C41E
 243 03f9 13BE2983 		.ascii	"\023\276)\2037\246\021\276\"\343K\332e\306\034\352\""
 243      37A611BE 
 243      22E34BDA 
 243      65C61CEA 
 243      22
 244 040a 6B07B939 		.ascii	"k\007\2719\243N\306\365\356\253\312\026+\307\355\024"
 244      A34EC6F5 
 244      EEABCA16 
 244      2BC7ED14 
 245 041a 0D4B4DA0 		.ascii	"\015KM\240k\273\030\340E\024\376\0009\312\203\350\334"
 245      6BBB18E0 
 245      4514FE00 
 245      39CA83E8 
 245      DC
 246 042b DC3DE0A0 		.ascii	"\334=\340\240\004\337\371w\340\234\364c{\325x\023#\271"
 246      04DFF977 
 246      E09CF463 
 246      7BD57813 
 246      23B9
 247 043d 7FE8FE63 		.ascii	"\177\350\376c\251\004\256\240\036\177Q\030\243\302\233"
 247      A904AEA0 
 247      1E7F5118 
 247      A3C29B
 248 044c 59DFCE4B 		.ascii	"Y\337\316K\251\327mp\"S\344\015\327\221m\270\321\315"
 248      A9D76D70 
 248      2253E40D 
 248      D7916DB8 
 248      D1CD
 249 045e 0BF04ED6 		.ascii	"\013\360N\326S\222\264\343>D\310\224\201\330\207\035"
 249      5392B4E3 
 249      3E44C894 
 249      81D8871D 
 250 046e D2227622 		.ascii	"\322\"v\"s\376Z\377\034|\200u\215UW\314\301G\330sU~"
 250      73FE5AFF 
 250      1C7C8075 
 250      8D5557CC 
 250      C147D873 
 251 0484 C6098433 		.ascii	"\306\011\2043\2302\270\257\252_\215O2%\255\341\300\005"
 251      9832B8AF 
 251      AA5F8D4F 
 251      3225ADE1 
 251      C005
 252 0496 15CE65CA 		.ascii	"\025\316e\312\361W{\216\333\341\263L\271}\2611N\203"
 252      F1577B8E 
 252      DBE1B34C 
 252      B97DB131 
 252      4E83
 253 04a8 2F32252E 		.ascii	"/2%.//Y\203\213\231\022]x7i\032s\332A\364\356c\335i"
 253      2F2F5983 
 253      8B99125D 
ARM GAS  C:\Users\CYIRKO~1\AppData\Local\Temp\ccDzp9G7.s 			page 19


 253      7837691A 
 253      73DA41F4 
 254 04c0 B6D2D661 		.ascii	"\266\322\326a\015zBC\355K\204\313\0308!\377V\2330e\035"
 254      0D7A4243 
 254      ED4B84CB 
 254      183821FF 
 254      569B3065 
 255 04d5 5EC97570 		.ascii	"^\311up\247e\330]\274\373\234\203y\031\032\001\235I"
 255      A765D85D 
 255      BCFB9C83 
 255      79191A01 
 255      9D49
 256 04e7 D12334B3 		.ascii	"\321#4\263\257\344\314\336x\230~L0\257\303T\3507\237"
 256      AFE4CCDE 
 256      78987E4C 
 256      30AFC354 
 256      E8379F
 257 04fa 26940DDB 		.ascii	"&\224\015\333#\027\027\227\031.\212\237+\275\036\021"
 257      23171797 
 257      192E8A9F 
 257      2BBD1E11 
 258 050a 6363C4D2 		.ascii	"cc\304\322\227\311\2707\273n\213\230V\216\250\2516X"
 258      97C9B837 
 258      BB6E8B98 
 258      568EA8A9 
 258      3658
 259 051c 8C636886 		.ascii	"\214ch\206q\242\337\247v3\310\225cC\272BS\304\322XL"
 259      71A2DFA7 
 259      7633C895 
 259      6343BA42 
 259      53C4D258 
 260 0531 E1CDE6F0 		.ascii	"\341\315\346\360\246I\360\032\005\374\2369\274\205\302"
 260      A649F01A 
 260      05FC9E39 
 260      BC85C2
 261 0540 3D083A49 		.ascii	"=\010:I\212\3513\201C/\240\177\230v\0214Y\364\233yW"
 261      8AE93381 
 261      432FA07F 
 261      98761134 
 261      59F49B79 
 262 0555 24F22EB0 		.ascii	"$\362.\260\025\273\240Mp\217\005\211\002I\004\211\001"
 262      15BBA04D 
 262      708F0589 
 262      02490489 
 262      01
 263 0566 4900D900 		.ascii	"I\000\331\000\022\007\262\005d+\310F\220\355 ?\301\230"
 263      1207B205 
 263      642BC846 
 263      90ED203F 
 263      C198
 264 0578 9F41E2E1 		.ascii	"\237A\342\3419\032\3445<o\343]\350&\3058\266\004\033"
 264      391AE435 
 264      3C6FE35D 
 264      E826C538 
 264      B6041B
 265 058b 390E9973 		.ascii	"9\016\231st3\217\250A\201\376\321\"\332\303\010\036"
 265      74338FA8 
ARM GAS  C:\Users\CYIRKO~1\AppData\Local\Temp\ccDzp9G7.s 			page 20


 265      4181FED1 
 265      22DAC308 
 265      1E
 266 059c 54809F99 		.ascii	"T\200\237\231\203\213\220\031\272E\221\254\273\226s"
 266      838B9019 
 266      BA4591AC 
 266      BB9673
 267 05ab AB409787 		.ascii	"\253@\227\207\030\321\003\346\350'\346\350>\005\223"
 267      18D103E6 
 267      E827E6E8 
 267      3E0593
 268 05ba E7E6E8CC 		.ascii	"\347\346\350\314IukP\030\3577\207?67>\250@?4G\267\233"
 268      49756B50 
 268      18EF3787 
 268      3F36373E 
 268      A8403F34 
 269 05d1 A3BB1454 		.ascii	"\243\273\024T\006-SQ&Ea\273\3172\023\023\342\212\034"
 269      062D5351 
 269      264561BB 
 269      CF321313 
 269      E28A1C
 270 05e4 B65A9E70 		.ascii	"\266Z\236p&\363Sa\375\007\313Idp\366\336\252{\342\030"
 270      26F35361 
 270      FD07CB49 
 270      6470F6DE 
 270      AA7BE218 
 271 05f8 258A88C0 		.ascii	"%\212\210\300\224/;f\253\347\007\307\2351b\265;5\326"
 271      942F3B66 
 271      ABE707C7 
 271      9D3162B5 
 271      3B35D6
 272 060b 6B6EAC67 		.ascii	"kn\254gRE\024\256\037YFO0\215\002xh\024\205\217\"G\364"
 272      524514AE 
 272      1F59464F 
 272      308D0278 
 272      6814858F 
 273 0622 5282CB4B 		.ascii	"R\202\313K\037\33567>\252\310\361S\313\023Oi|4\204\031"
 273      1FDD3637 
 273      3EAAC8F1 
 273      53CB134F 
 273      697C3484 
 274 0637 EF06E31D 		.ascii	"\357\006\343\035\022\\\336\337\245\002289\337\3246e"
 274      125CDEDF 
 274      A5023238 
 274      39DFD436 
 274      65
 275 0648 38E0042B 		.ascii	"8\340\004+\372Z/?X\224\002\007\267\031,=/\006\254\311"
 275      FA5A2F3F 
 275      58940207 
 275      B7192C3D 
 275      2F06ACC9 
 276 065c 7B7D273F 		.ascii	"{}'?\003%\361\023\357u\222,\313+\034\355\200\205\375"
 276      0325F113 
 276      EF75922C 
 276      CB2B1CED 
 276      8085FD
 277 066f FF5EE4E4 		.ascii	"\377^\344\344\315\3608\261\223\267K\23088R\206\306="
ARM GAS  C:\Users\CYIRKO~1\AppData\Local\Temp\ccDzp9G7.s 			page 21


 277      CDF038B1 
 277      93B74B98 
 277      38385286 
 277      C63D
 278 0681 79176F27 		.ascii	"y\027o'\001\3453\230#;\203\311'\306\231\354\304x\262"
 278      01E53398 
 278      233B83C9 
 278      27C699EC 
 278      C478B2
 279 0694 2CB1D316 		.ascii	",\261\323\026\357\241\221\243\254\326\254\203\266\370"
 279      EFA191A3 
 279      ACD6AC83 
 279      B6F8
 280 06a2 28559C0A 		.ascii	"(U\234\012wd\277\207\\\355\234\004\273\031d\267\225"
 280      7764BF87 
 280      5CED9C04 
 280      BB1964B7 
 280      95
 281 06b3 AE2EAEAE 		.ascii	"\256.\256\2563@\344\203\322\373\3117\310\2416\223\267"
 281      3340E483 
 281      D2FBC937 
 281      C8A13693 
 281      B7
 282 06c4 437B8DD9 		.ascii	"C{\215\331\331G\235+\270\355\347\235\024\334\240[B\356"
 282      D9479D2B 
 282      B8EDE79D 
 282      14DCA05B 
 282      42EE
 283 06d6 A19F0F31 		.ascii	"\241\237\0171\342t\036\255x\023\355\341\235\321n\236"
 283      E2741EAD 
 283      7813EDE1 
 283      9DD16E9E 
 284 06e6 20000FD7 		.ascii	" \000\017\327\003<\371\206\"\237`\2510b\225\240\264"
 284      033CF986 
 284      229F60A9 
 284      306295A0 
 284      B4
 285 06f7 78D024DA 		.ascii	"x\320$\332T\026\255\262\036\023\245>\0055H\343Y=r\341"
 285      5416ADB2 
 285      1E13A53E 
 285      053548E3 
 285      593D72E1 
 286 070b 39077279 		.ascii	"9\007ry\004\3440\310\241\211M\023\014\303\031\375\303"
 286      04E430C8 
 286      A1894D13 
 286      0CC319FD 
 286      C3
 287 071c F88A7AF6 		.ascii	"\370\212z\366\352\200\374\241[0k\322\370)\366\024\213"
 287      EA80FCA1 
 287      5B306BD2 
 287      F829F614 
 287      8B
 288 072d BE1AA411 		.ascii	"\276\032\244\021\277\354\253.\036\027\237\026\305xk"
 288      BFECAB2E 
 288      1E179F16 
 288      C5786B
 289 073c FA763C67 		.ascii	"\372v<g\331\2234\371)>\016_b\370t`\226o\216Wl\351\212"
ARM GAS  C:\Users\CYIRKO~1\AppData\Local\Temp\ccDzp9G7.s 			page 22


 289      D99334F9 
 289      293E0E5F 
 289      62F87460 
 289      966F8E57 
 290 0753 241D3549 		.ascii	"$\0355IR\272I\222\342L\210\237\004\262\307\031q\016"
 290      52BA4992 
 290      E24C889F 
 290      04B2C719 
 290      710E
 291 0765 7D0F6C33 		.ascii	"}\017l3@N\200\0343a\3356\366\026\333\016\010\351d(\370"
 291      404E801C 
 291      3361DD36 
 291      F616DB0E 
 291      08E96428 
 292 077a F1FF243D 		.ascii	"\361\377$=\234\354\002e\201\273\251\275\364}\307\026"
 292      9CEC0265 
 292      81BBA9BD 
 292      F47DC716 
 293 078a 3A71F23D 		.ascii	":q\362=\262\350D\221\231\321\17724\231\203g\315\321"
 293      B2E84491 
 293      99D17F32 
 293      34998367 
 293      CDD1
 294 079c 96F3A29C 		.ascii	"\226\363\242\234\216(\005\270\030g$\263Y.\331$\037k"
 294      8E2805B8 
 294      186724B3 
 294      592ED924 
 294      1F6B
 295 07ae E72DDAF4 		.ascii	"\347-\332\3640n\240M?\261\015\024@\312\015\224u\366"
 295      306EA04D 
 295      3FB10D14 
 295      40CA0D94 
 295      75F6
 296 07c0 8CD1ED23 		.ascii	"\214\321\355#\033\014\024\032?\013\010t\212)\244\250"
 296      1B0C141A 
 296      3F0B0874 
 296      8A29A4A8 
 297 07d0 C42FA469 		.ascii	"\304/\244i`\374\255\241h1\331\235~s\\\222f\204\364y"
 297      60FCADA1 
 297      6831D99D 
 297      7E735C92 
 297      6684F479 
 298 07e4 61CEB16E 		.ascii	"a\316\261n|:\345\230f\211\343x\277\373\011\372aN\026"
 298      7C3AE598 
 298      6689E378 
 298      BFFB09FA 
 298      614E16
 299 07f7 55839165 		.ascii	"U\203\221e\032eI\016\250\255y\025H\271\327d\233L\254"
 299      1A65490E 
 299      A8AD7915 
 299      48B9D764 
 299      9B4CAC
 300 080a 3C36B1C8 		.ascii	"<6\261\310\235|\203n\275\\\314\267\301\311\210,\334"
 300      9D7C836E 
 300      BD5CCCB7 
 300      C1C9882C 
 300      DC
ARM GAS  C:\Users\CYIRKO~1\AppData\Local\Temp\ccDzp9G7.s 			page 23


 301 081b E9D40D42 		.ascii	"\351\324\015B\354\212\250Pu\\\376!D\333\241\225\347"
 301      EC8AA850 
 301      755CFE21 
 301      44DBA195 
 301      E7
 302 082c A4FF6AC8 		.ascii	"\244\377j\310MH\036!\351\274\244\362\222I\372'\015F"
 302      4D481E21 
 302      E9BCA4F2 
 302      9249FA27 
 302      0D46
 303 083e 0A8BAC9B 		.ascii	"\012\213\254\233y\222\177\034\2033&\034\265\316F#\336"
 303      79927F1C 
 303      8333261C 
 303      B5CE4623 
 303      DE
 304 084f E80021E5 		.ascii	"\350\000!\345\000\205AF[\352\237\340\307\031\203C\362"
 304      00854146 
 304      5BEA9FE0 
 304      C7198343 
 304      F2
 305 0860 B6FC3CA5 		.ascii	"\266\374<\245\266G\335\016\207LhI\373\014\321\266\354"
 305      B647DD0E 
 305      874C6849 
 305      FB0CD1B6 
 305      EC
 306 0871 7309D176 		.ascii	"s\011\321v8\223\355\261\342\376\376\203\370\3554\261"
 306      3893EDB1 
 306      E2FEFE83 
 306      F8ED34B1 
 307 0881 B403369C 		.ascii	"\264\0036\234\034\\W\320-\212j\201N\311\263\306\035"
 307      1C5C57D0 
 307      2D8A6A81 
 307      4EC9B3C6 
 307      1D
 308 0892 141EE17A 		.ascii	"\024\036\341z\206oG\3504$\223C\347\370\267a\360\345"
 308      866F47E8 
 308      34249343 
 308      E7F8B761 
 308      F0E5
 309 08a4 9C822A5B 		.ascii	"\234\202*[\\\304,\265m\035\205\343\347U\366\322\352"
 309      5CC42CB5 
 309      6D1D85E3 
 309      E755F6D2 
 309      EA
 310 08b5 CD2F6D9C 		.ascii	"\315/m\234\2064\256\361\244\242\2476\232\375'\001\346"
 310      8634AEF1 
 310      A4A2A736 
 310      9AFD2701 
 310      E6
 311 08c6 915623D7 		.ascii	"\221V#\327]z\257\015b21/\360\032t\336\350W\253aa\234"
 311      5D7AAF0D 
 311      6232312F 
 311      F01A74DE 
 311      E857AB61 
 312 08dc 7F38E2E5 		.ascii	"\1778\342\345\244\330\235\011\314\270=\027\320\355y"
 312      A4D89D09 
 312      CCB83D17 
ARM GAS  C:\Users\CYIRKO~1\AppData\Local\Temp\ccDzp9G7.s 			page 24


 312      D0ED79
 313 08eb 95C0B069 		.ascii	"\225\300\260i?o\270d\013\021u@D\003;m`\345D\213b\024"
 313      3F6FB864 
 313      0B117540 
 313      44033B6D 
 313      60E5448B 
 314 0901 4F5028DF 		.ascii	"OP(\337h:\337<\244B\032\322\275V\3612\306\235,\244W"
 314      683ADF3C 
 314      A4421AD2 
 314      BD56F132 
 314      C69D2CA4 
 315 0916 518D656A 		.ascii	"Q\215ej\247\251\336\012\305&n\343_'\234t\000\267i\340"
 315      A7A9DE0A 
 315      C5266EE3 
 315      5F279C74 
 315      00B769E0 
 316 092a F6C51AE6 		.ascii	"\366\305\032\346\025\3460\200P\221\321k\221\271\327"
 316      15E63080 
 316      5091D16B 
 316      91B9D7
 317 0939 4BD4EB91 		.ascii	"K\324\353\221\312\372$\015\036b^\267l\333\323\242\302"
 317      CAFA240D 
 317      1E625EB7 
 317      6CDBD3A2 
 317      C2
 318 094a 3FB344EE 		.ascii	"?\263D\356\333[w\223G\256\032\351\243\236e\251\034\302"
 318      DB5B7793 
 318      47AE1AE9 
 318      A39E65A9 
 318      1CC2
 319 095c 2F35CB92 		.ascii	"/5\313\222\305L\227\231d\032l\027%\036\3146\211\250"
 319      C54C9799 
 319      641A6C17 
 319      251ECC36 
 319      89A8
 320 096e DC249315 		.ascii	"\334$\223\025\246\231,\255\353\323H!\325\2458\357\210"
 320      A6992CAD 
 320      EBD34821 
 320      D5A538EF 
 320      88
 321 097f 11336058 		.ascii	"\0213`X\032O`\250\304\350\277\304<\250\3134\250\227"
 321      1A4F60A8 
 321      C4E8BFC4 
 321      3CA8CB34 
 321      A897
 322 0991 8DAF9A1D 		.ascii	"\215\257\232\035\360\016k\313\251\324*\375V\231\370"
 322      F00E6BCB 
 322      A9D42AFD 
 322      5699F8
 323 09a0 7DB631E1 		.ascii	"}\2661\341\256=\251 \331\014\256\341\202\234\215\245"
 323      AE3DA920 
 323      D90CAEE1 
 323      829C8DA5 
 324 09b0 CB280655 		.ascii	"\313(\006U\032\235V\022\247\344\341\012u\326\177g\010"
 324      1A9D5612 
 324      A7E4E10A 
 324      75D67F67 
ARM GAS  C:\Users\CYIRKO~1\AppData\Local\Temp\ccDzp9G7.s 			page 25


 324      08
 325 09c1 CEA219CC 		.ascii	"\316\242\031\314\331\275\347E\2256\222\201\027\376)"
 325      D9BDE745 
 325      95369281 
 325      17FE29
 326 09d0 6239AB43 		.ascii	"b9\253C\265qt\265<\372*\035\235\227U\230,\340\213l\364"
 326      B57174B5 
 326      3CFA2A1D 
 326      9D975598 
 326      2CE08B6C 
 327 09e5 A3E799C3 		.ascii	"\243\347\231\3036\270\226*|\317\351\366#6\212\177\233"
 327      36B8962A 
 327      7CCFE9F6 
 327      23368A7F 
 327      9B
 328 09f6 B98FD27F 		.ascii	"\271\217\322\177\233]\347\325\350\032\377k\376mV\313"
 328      9B5DE7D5 
 328      E81AFF6B 
 328      FE6D56CB 
 329 0a06 5BFC4746 		.ascii	"[\374GFc\341\2418^ {\0221\265\212\376\033\351jK{\276"
 329      63E1A138 
 329      5E207B12 
 329      31B58AFE 
 329      1BE96A4B 
 330 0a1c B5201F30 		.ascii	"\265 \0370\352x\332\270%\371z\242\315\224s\360\006M"
 330      EA78DAB8 
 330      25F97AA2 
 330      CD9473F0 
 330      064D
 331 0a2e 5C3D2F65 		.ascii	"\\=/e\356\376\303\203i\274\234\271\376\017\017\235\352"
 331      EEFEC383 
 331      69BC9CB9 
 331      FE0F0F9D 
 331      EA
 332 0a3f 16E3D414 		.ascii	"\026\343\324\024\205j\214lk\344\340o\322\340\313\236"
 332      856A8C6C 
 332      6BE4E06F 
 332      D2E0CB9E 
 333 0a4f 365538E0 		.ascii	"6U8\340F\026|\334\376\374d+\312!\235\035r\240\255\245"
 333      46167CDC 
 333      FEFC642B 
 333      CA219D1D 
 333      72A0ADA5 
 334 0a63 A533154D 		.ascii	"\2453\025M\360\272\305x\215\346g\275\2366%\257F\312"
 334      F0BAC578 
 334      8DE667BD 
 334      9E3625AF 
 334      46CA
 335 0a75 EBB6CC6B 		.ascii	"\353\266\314kKKu\231\225\304\253\345\267\264 \200@\015"
 335      4B4B7599 
 335      95C4ABE5 
 335      B7B42080 
 335      400D
 336 0a87 464E0D32 		.ascii	"FN\0152\247&\312\251gp\344\231\200\333\030\247\003\351"
 336      A726CAA9 
 336      6770E499 
 336      80DB18A7 
ARM GAS  C:\Users\CYIRKO~1\AppData\Local\Temp\ccDzp9G7.s 			page 26


 336      03E9
 337 0a99 9951D6EF 		.ascii	"\231Q\326\357\244\213\035\245t\217\352\313\217\025E"
 337      A48B1DA5 
 337      748FEACB 
 337      8F1545
 338 0aa8 47BAE937 		.ascii	"G\272\35173\003\212W:i\361\205\255\373\016\377\016\214"
 338      33038A57 
 338      3A69F185 
 338      ADFB0EFF 
 338      0E8C
 339 0aba DCDB55B6 		.ascii	"\334\333U\266M3k\277\250\222\226\011I\321\226\326>\001"
 339      4D336BBF 
 339      A8929609 
 339      49D196D6 
 339      3E01
 340 0acc F730CBB1 		.ascii	"\3670\313\261u?<\265\007\313i`\271'\374\214X*\220y\331"
 340      753F3CB5 
 340      07CB6960 
 340      B927FC8C 
 340      582A9079 
 341 0ae1 225935BE 		.ascii	"\"Y5\276RH\313]~\026\207Z\2472\333\265w\327\003+\334"
 341      5248CB5D 
 341      7E16875A 
 341      A732DBB5 
 341      77D7032B 
 342 0af6 CFCCDEAA 		.ascii	"\317\314\336\252\352.\267\226\314\326\236\266\026]\210"
 342      EA2EB796 
 342      CCD69EB6 
 342      165D88
 343 0b05 D5FB93AC 		.ascii	"\325\373\223\254\222\226{\304j\333TV\217\217n\233\207"
 343      92967BC4 
 343      6ADB5456 
 343      8F8F6E9B 
 343      87
 344 0b16 8799D12B 		.ascii	"\207\231\321+\207.\367\011\262\321\263\222\321\216I"
 344      872EF709 
 344      B2D1B392 
 344      D18E49
 345 0b25 46494B3B 		.ascii	"FIK;1\332I\215^\330\024\323\245\301\242\0155\221\323"
 345      31DA498D 
 345      5ED814D3 
 345      A5C1A20D 
 345      3591D3
 346 0b38 DD34A206 		.ascii	"\3354\242\006\023b9l%\017\255RH\274\244\244]\223\254"
 346      1362396C 
 346      250FAD52 
 346      48BCA4A4 
 346      5D93AC
 347 0b4b 7449697C 		.ascii	"tIi|@\215$\226\337\215Fx33\222\267k_!\255\006]\017\263"
 347      408D2496 
 347      DF8D4678 
 347      333392B7 
 347      6B5F21AD 
 348 0b63 932B6A44 		.ascii	"\223+jD\3610{YwO*G7\335\032\036R+\355\257\232\333\354"
 348      F1307B59 
 348      774F2A47 
 348      37DD1A1E 
ARM GAS  C:\Users\CYIRKO~1\AppData\Local\Temp\ccDzp9G7.s 			page 27


 348      522BEDAF 
 349 0b7a 94AFED2A 		.ascii	"\224\257\355*\223cx\217\364\332\356\241\257\355\364"
 349      9363788F 
 349      F4DAEEA1 
 349      AFEDF4
 350 0b89 FA4AAD12 		.ascii	"\372J\255\022Kh\032\261\217$\354#\212\255\177\234\223"
 350      4B681AB1 
 350      8F24EC23 
 350      8AAD7F9C 
 350      93
 351 0b9a AC52821B 		.ascii	"\254R\202\033M\014\367J\340^\012>\227ve\310\344C\345"
 351      4D0CF74A 
 351      E05E0A3E 
 351      977665C8 
 351      E443E5
 352 0bad 8609F8B1 		.ascii	"\206\011\370\261\004~L\301\223(\027\233\200\373&\316"
 352      047E4CC1 
 352      9328179B 
 352      80FB26CE 
 353 0bbd 69E491C3 		.ascii	"i\344\221\303\001\341\363T\013\227,\237\255\365\360"
 353      01E1F354 
 353      0B972C9F 
 353      ADF5F0
 354 0bcc E0D43A5D 		.ascii	"\340\324:]dP\250a\376<\235a\265\376S\277\200\265A\253"
 354      6450A861 
 354      FE3C9D61 
 354      B5FE53BF 
 354      80B541AB 
 355 0be0 82220C91 		.ascii	"\202\"\014\221\201Aa~\206\260\260\340\010\2775\241\221"
 355      8141617E 
 355      86B0B0E0 
 355      08BF35A1 
 355      91
 356 0bf1 B3E9D36C 		.ascii	"\263\351\323l\377\360\220\331\372\220U\372\300@}\240"
 356      FFF090D9 
 356      FA9055FA 
 356      C0407DA0 
 357 0c01 DFC773E7 		.ascii	"\337\307s\347\317\236\347\356\361\3117\036~\320\376"
 357      CF9EE7EE 
 357      F1C9371E 
 357      7ED0FE
 358 0c10 416858A8 		.ascii	"AhX\250\376\003\275\377\252 \277\240\320\200\340\310"
 358      FE03BDFF 
 358      AA20BFA0 
 358      D080E0C8 
 359 0c20 40BD5F88 		.ascii	"@\275_\210?\330\012\325\373\351\002\365\253\375#\203"
 359      3FD80AD5 
 359      FBE902F5 
 359      ABFD2383 
 360 0c30 0D3AC3FA 		.ascii	"\015:\303\372u\372\210\271k9\225\354\357\253\377\251"
 360      75FA88B9 
 360      6B3995EC 
 360      EFABFFA9 
 361 0c40 BF88F511 		.ascii	"\277\210\365\021~\272\010C \030'N\002\374\203\203W\371"
 361      7EBA0843 
 361      2018274E 
 361      02FC8383 
ARM GAS  C:\Users\CYIRKO~1\AppData\Local\Temp\ccDzp9G7.s 			page 28


 361      57F9
 362 0c52 077C6D15 		.ascii	"\007|m\025\020\034\026\360\265u@X\350\352\2405\266\253"
 362      101C16F0 
 362      B5754058 
 362      E8EAA035 
 362      B6AB
 363 0c64 C3F5DF44 		.ascii	"\303\365\337D\352C\003\326\333\256Yg \212\316\340\345"
 363      EA4303D6 
 363      DBAE5967 
 363      208ACEE0 
 363      E5
 364 0c75 F5A99F96 		.ascii	"\365\251\237\226\260\360a,(\243\260\010\217O>v\013\213"
 364      B0F0612C 
 364      28A3B008 
 364      8F4F3E76 
 364      0B8B
 365 0c87 705BEB1F 		.ascii	"p[\353\037\354\266.,\334\020\341\346\343\273x\376<\267"
 365      ECB62E2C 
 365      DC10E1E6 
 365      E3BB78FE 
 365      3CB7
 366 0c99 2FBFF474 		.ascii	"/\277\364t\363]\264\370[\017\322\243\003#\272\340\340"
 366      F35DB4F8 
 366      5B0FD2A3 
 366      0323BAE0 
 366      E0
 367 0caa 40F067BB 		.ascii	"@\360g\273p\231\257\226\372\260\2120\370\033\364\032"
 367      7099AF96 
 367      FAB08A30 
 367      F81BF41A 
 368 0cba D0754B97 		.ascii	"\320uK\227x\371\374y\251\257\003y\326.]\342\273h\311"
 368      78F9FC79 
 368      A9AF0379 
 368      D62E5DE2 
 368      BB68C9
 369 0ccd F2A5CB7D 		.ascii	"\362\245\313}\010T\347\355\365\271\347_U\344\311\307"
 369      0854E7ED 
 369      F5B9E75F 
 369      55E4C9C7 
 370 0cdd 77E93235 		.ascii	"w\35125yX\276d\321\222E\276\363\177\221\216\024\260"
 370      7958BE64 
 370      D19245BE 
 370      F37F918E 
 370      14B0
 371 0cef 4C009CAB 		.ascii	"L\000\234\253\341F\275\352\014\304\270gx\320\267\372"
 371      E146BDEA 
 371      0CC4B867 
 371      78D0B7FA 
 372 0cff 706C080A 		.ascii	"pl\010\012\261\322j\027{\317\347\227z\013\236\213?\367"
 372      B1D26A17 
 372      7BCFE797 
 372      7A0B9E8B 
 372      3FF7
 373 0d11 C69E5A6F 		.ascii	"\306\236Zoa\201\247\2577\326j\275\2617\310\347\336\336"
 373      6181A7AF 
 373      37D66ABD 
 373      B137C8E7 
ARM GAS  C:\Users\CYIRKO~1\AppData\Local\Temp\ccDzp9G7.s 			page 29


 373      DEDE
 374 0d23 78998F16 		.ascii	"x\231\217\026k\227\370\012Z\255\2277\305\317\243W\017"
 374      6B97F80A 
 374      5AAD9737 
 374      C5CFA357 
 374      0F
 375 0d34 ECB5D09B 		.ascii	"\354\265\320\233\367\201\221\213\274\274\005\237\305"
 375      F781918B 
 375      BCBC059F 
 375      C5
 376 0d41 80D67ACF 		.ascii	"\200\326z\317\003\361\000\344Jo\355\177\231\265\010"
 376      03F100E4 
 376      4A6FED7F 
 376      99B508
 377 0d50 4308297D 		.ascii	"C\010)}P\010\320\326L(:\203=\204 \227Lg\020\002\203"
 377      5008D0D6 
 377      4C283A83 
 377      3D842097 
 377      4C671002 
 378 0d65 F4E1D634 		.ascii	"\364\341\3264m\0134a\201a!zC\370\372\271\001\234\335"
 378      6D0B3461 
 378      8161217A 
 378      43F8FAB9 
 378      019CDD
 379 0d78 1ABD4117 		.ascii	"\032\275A\027\010\363\305?4@\377\033\271\303SjX\341"
 379      08F3C53F 
 379      3440FF1B 
 379      B9C3536A 
 379      58E1
 380 0d8a 1F1C0929 		.ascii	"\037\034\011)x\003*\242[*\365\351\026\205\006\031l\311"
 380      78032AA2 
 380      5B2AF5E9 
 380      16850619 
 380      6CC9
 381 0d9c B088757A 		.ascii	"\260\210uz}\340Ly\214\017\321\244\001\324\252!2<4\014"
 381      7DE04C79 
 381      8C0FD1A4 
 381      01D4AA21 
 381      323C340C 
 382 0db0 D2A69AEB 		.ascii	"\322\246\232\353\006\363\003\330M'f\274B\003\302\002"
 382      06F303D8 
 382      4D2766BC 
 382      4203C202 
 383 0dc0 F5E1D48A 		.ascii	"\365\341\324\212#P\3641\370\207\033\240\316\206\240"
 383      2350F431 
 383      F8871BA0 
 383      CE86A0
 384 0dcf D0C8B0C8 		.ascii	"\320\310\260\310\010\025a\035\012\203Ur\237\015\220"
 384      0815611D 
 384      0A835572 
 384      9F0D90
 385 0dde F60858BD 		.ascii	"\366\010X\275F ,m\327\205\353\277\245|\325\201\372`"
 385      46202C6D 
 385      D785EBBF 
 385      A57CD581 
 385      FA60
 386 0df0 833F7B24 		.ascii	"\203?{$a\261\022Y\221by\374\013\340O.3"
ARM GAS  C:\Users\CYIRKO~1\AppData\Local\Temp\ccDzp9G7.s 			page 30


 386      61B11259 
 386      916279FC 
 386      0BE04F2E 
 386      33
 387              		.text
 388              		.section	.gnu.lto_.symtab.39ddf52e,"",%progbits
 389 0000 64697374 		.ascii	"dist\000"
 389      00
 390 0005 00       		.ascii	"\000"
 391 0006 00       		.ascii	"\000"
 392 0007 00       		.ascii	"\000"
 393 0008 00000000 		.ascii	"\000\000\000\000\000\000\000\000"
 393      00000000 
 394 0010 5B010000 		.ascii	"[\001\000\000"
 395 0014 70726576 		.ascii	"prev_dist\000"
 395      5F646973 
 395      7400
 396 001e 00       		.ascii	"\000"
 397 001f 00       		.ascii	"\000"
 398 0020 00       		.ascii	"\000"
 399 0021 00000000 		.ascii	"\000\000\000\000\000\000\000\000"
 399      00000000 
 400 0029 5E010000 		.ascii	"^\001\000\000"
 401 002d 64656C74 		.ascii	"delta_dist\000"
 401      615F6469 
 401      737400
 402 0038 00       		.ascii	"\000"
 403 0039 00       		.ascii	"\000"
 404 003a 00       		.ascii	"\000"
 405 003b 00000000 		.ascii	"\000\000\000\000\000\000\000\000"
 405      00000000 
 406 0043 61010000 		.ascii	"a\001\000\000"
 407 0047 6765745F 		.ascii	"get_distance\000"
 407      64697374 
 407      616E6365 
 407      00
 408 0054 00       		.ascii	"\000"
 409 0055 00       		.ascii	"\000"
 410 0056 00       		.ascii	"\000"
 411 0057 00000000 		.ascii	"\000\000\000\000\000\000\000\000"
 411      00000000 
 412 005f 3B010000 		.ascii	";\001\000\000"
 413 0063 6C6C645F 		.ascii	"lld_Odometry_Init\000"
 413      4F646F6D 
 413      65747279 
 413      5F496E69 
 413      7400
 414 0075 00       		.ascii	"\000"
 415 0076 00       		.ascii	"\000"
 416 0077 00       		.ascii	"\000"
 417 0078 00000000 		.ascii	"\000\000\000\000\000\000\000\000"
 417      00000000 
 418 0080 3E010000 		.ascii	">\001\000\000"
 419 0084 47505431 		.ascii	"GPT1cfg\000"
 419      63666700 
 420 008c 00       		.ascii	"\000"
 421 008d 00       		.ascii	"\000"
ARM GAS  C:\Users\CYIRKO~1\AppData\Local\Temp\ccDzp9G7.s 			page 31


 422 008e 00       		.ascii	"\000"
 423 008f 00000000 		.ascii	"\000\000\000\000\000\000\000\000"
 423      00000000 
 424 0097 58010000 		.ascii	"X\001\000\000"
 425 009b 6765745F 		.ascii	"get_speed\000"
 425      73706565 
 425      6400
 426 00a5 00       		.ascii	"\000"
 427 00a6 00       		.ascii	"\000"
 428 00a7 00       		.ascii	"\000"
 429 00a8 00000000 		.ascii	"\000\000\000\000\000\000\000\000"
 429      00000000 
 430 00b0 44010000 		.ascii	"D\001\000\000"
 431 00b4 47505444 		.ascii	"GPTD1\000"
 431      3100
 432 00ba 00       		.ascii	"\000"
 433 00bb 02       		.ascii	"\002"
 434 00bc 00       		.ascii	"\000"
 435 00bd 00000000 		.ascii	"\000\000\000\000\000\000\000\000"
 435      00000000 
 436 00c5 65010000 		.ascii	"e\001\000\000"
 437 00c9 6765745F 		.ascii	"get_turnover\000"
 437      7475726E 
 437      6F766572 
 437      00
 438 00d6 00       		.ascii	"\000"
 439 00d7 02       		.ascii	"\002"
 440 00d8 00       		.ascii	"\000"
 441 00d9 00000000 		.ascii	"\000\000\000\000\000\000\000\000"
 441      00000000 
 442 00e1 47010000 		.ascii	"G\001\000\000"
 443 00e5 6C6C645F 		.ascii	"lld_Encoder_Init\000"
 443      456E636F 
 443      6465725F 
 443      496E6974 
 443      00
 444 00f6 00       		.ascii	"\000"
 445 00f7 02       		.ascii	"\002"
 446 00f8 00       		.ascii	"\000"
 447 00f9 00000000 		.ascii	"\000\000\000\000\000\000\000\000"
 447      00000000 
 448 0101 49010000 		.ascii	"I\001\000\000"
 449 0105 67707453 		.ascii	"gptStartContinuous\000"
 449      74617274 
 449      436F6E74 
 449      696E756F 
 449      757300
 450 0118 00       		.ascii	"\000"
 451 0119 02       		.ascii	"\002"
 452 011a 00       		.ascii	"\000"
 453 011b 00000000 		.ascii	"\000\000\000\000\000\000\000\000"
 453      00000000 
 454 0123 51010000 		.ascii	"Q\001\000\000"
 455 0127 67707453 		.ascii	"gptStart\000"
 455      74617274 
 455      00
 456 0130 00       		.ascii	"\000"
ARM GAS  C:\Users\CYIRKO~1\AppData\Local\Temp\ccDzp9G7.s 			page 32


 457 0131 02       		.ascii	"\002"
 458 0132 00       		.ascii	"\000"
 459 0133 00000000 		.ascii	"\000\000\000\000\000\000\000\000"
 459      00000000 
 460 013b 56010000 		.ascii	"V\001\000\000"
 461              		.text
 462              		.section	.gnu.lto_.opts,"",%progbits
 463 0000 272D666D 		.ascii	"'-fmath-errno' '-fsigned-zeros' '-ftrapping-math' '"
 463      6174682D 
 463      6572726E 
 463      6F272027 
 463      2D667369 
 464 0033 2D666E6F 		.ascii	"-fno-trapv' '-fno-openmp' '-fno-openacc' '-mcpu=cor"
 464      2D747261 
 464      70762720 
 464      272D666E 
 464      6F2D6F70 
 465 0066 7465782D 		.ascii	"tex-m7' '-mno-thumb-interwork' '-mthumb' '-ggdb' '-"
 465      6D372720 
 465      272D6D6E 
 465      6F2D7468 
 465      756D622D 
 466 0099 4F322720 		.ascii	"O2' '-fomit-frame-pointer' '-falign-functions=16' '"
 466      272D666F 
 466      6D69742D 
 466      6672616D 
 466      652D706F 
 467 00cc 2D666675 		.ascii	"-ffunction-sections' '-fdata-sections' '-fno-common"
 467      6E637469 
 467      6F6E2D73 
 467      65637469 
 467      6F6E7327 
 468 00ff 2720272D 		.ascii	"' '-flto'\000"
 468      666C746F 
 468      2700
 469              		.text
 470              		.comm	__gnu_lto_v1,1,1
 471              		.comm	__gnu_lto_slim,1,1
 472              		.ident	"GCC: (GNU Tools for ARM Embedded Processors 6-2017-q1-update) 6.3.1 20170215 (release) [AR
ARM GAS  C:\Users\CYIRKO~1\AppData\Local\Temp\ccDzp9G7.s 			page 33


DEFINED SYMBOLS
                            *ABS*:00000000 odometry.c
                            *COM*:00000001 __gnu_lto_v1
                            *COM*:00000001 __gnu_lto_slim

NO UNDEFINED SYMBOLS
