ARM GAS  C:\Users\CYIRKO~1\AppData\Local\Temp\ccoki1Cv.s 			page 1


   1              		.cpu cortex-m7
   2              		.eabi_attribute 20, 1
   3              		.eabi_attribute 21, 1
   4              		.eabi_attribute 23, 3
   5              		.eabi_attribute 24, 1
   6              		.eabi_attribute 25, 1
   7              		.eabi_attribute 26, 1
   8              		.eabi_attribute 30, 2
   9              		.eabi_attribute 34, 1
  10              		.eabi_attribute 18, 4
  11              		.file	"Serial_Init.c"
  12              		.text
  13              	.Ltext0:
  14              		.section	.gnu.lto_.profile.115d86f0,"",%progbits
  15 0000 789C6365 		.ascii	"x\234ce`b`a```d\320\340\001\000\000\334\000A"
  15      60626061 
  15      60606064 
  15      D0E00100 
  15      00DC0041 
  16              		.text
  17              		.section	.gnu.lto_.icf.115d86f0,"",%progbits
  18 0000 789C6365 		.ascii	"x\234ce`b\340c@\000&\206\2053\016Lab\332\275{\375\013"
  18      6062E063 
  18      40002686 
  18      85330E4C 
  18      6162DABD 
  19 0017 2E06002A 		.ascii	".\006\000*\353\005\300"
  19      EB05C0
  20              		.text
  21              		.section	.gnu.lto_.jmpfuncs.115d86f0,"",%progbits
  22 0000 789C6365 		.ascii	"x\234ce`b\330\314\200\000\214@\314\3068\235\231\361"
  22      6062D8CC 
  22      80008C40 
  22      CCC6389D 
  22      99F1
  23 0012 F6FAB3AF 		.ascii	"\366\372\263\2579\372\230\3473306,\350h`a\\\316(\303"
  23      39FA98E7 
  23      33333036 
  23      2CE86860 
  23      615CCE28 
  24 0027 C0C8C100 		.ascii	"\300\310\301\000\222\333\366\354\3441.\220\034#c\003"
  24      92DBF6EC 
  24      E4312E90 
  24      1C236303 
  25 0037 23E30AA0 		.ascii	"#\343\012\240\004X\270w\343\204\013\314 a&\306&\016"
  25      0458B877 
  25      E3840BCC 
  25      206126C6 
  25      260E
  26 0049 C6952061 		.ascii	"\306\225 a6Fd}\353^\354\237\003\323\307\304\270\012"
  26      3646647D 
  26      EB5EEC9F 
  26      03D3C7C4 
  26      B80A
  27 005b AC0FA28E 		.ascii	"\254\017\242\216\005$\275s\347\233\333\354\365\177\033"
  27      0524BD73 
  27      E79BDBEC 
ARM GAS  C:\Users\CYIRKO~1\AppData\Local\Temp\ccoki1Cv.s 			page 2


  27      F57F1B
  28 006a 38E63333 		.ascii	"8\34633/f\0069f5c=\003#\013Xo\363\257\375\237\371\200"
  28      2F660639 
  28      6635633D 
  28      03230B58 
  28      6FF3AFFD 
  29 0081 9212F399 		.ascii	"\222\022\363\231Y\0263\003\235\311\270\006\"\311\000"
  29      59163303 
  29      9DC9B806 
  29      22C900
  30 0090 0064702D 		.ascii	"\000dp-f"
  30      66
  31              		.text
  32              		.section	.gnu.lto_.inline.115d86f0,"",%progbits
  33 0000 789C6365 		.ascii	"x\234ce`b\320f@\000F\006\006>\015F\240 \003\003\333"
  33      6062D066 
  33      40004606 
  33      063E0D46 
  33      A0200303 
  34 0015 027910C5 		.ascii	"\002y\020\305\300\302\313\300\300\214D3\3630\200\345"
  34      C0C2CBC0 
  34      C08C4433 
  34      F33080E5 
  35 0025 012F5001 		.ascii	"\001/P\001m"
  35      6D
  36              		.text
  37              		.section	.gnu.lto_.pureconst.115d86f0,"",%progbits
  38 0000 789C6365 		.ascii	"x\234ce`b`f```d\220\000\000\000\204\000$"
  38      60626066 
  38      60606064 
  38      90000000 
  38      840024
  39              		.text
  40              		.section	.gnu.lto_sd7_init.115d86f0,"",%progbits
  41 0000 789C7D91 		.ascii	"x\234}\221;K\003Q\020\205\347\334\233\307&j\014\330"
  41      3B4B0351 
  41      1085E7DC 
  41      9BC7266A 
  41      0CD8
  42 0012 08A6B04D 		.ascii	"\010\246\260M\343\377\260\366\007\210\210\205(\026b"
  42      E3FFB0F6 
  42      07888885 
  42      281662
  43 0021 BF572546 		.ascii	"\277W%F\0245\215\217\210\262\013)\34231\361E*\203\210"
  43      14358D8F 
  43      88B20B29 
  43      E23331F1 
  43      452A8388 
  44 0035 10D12842 		.ascii	"\020\321(B\252t\026\"\306\200b\245\342c\356jDD\034\270"
  44      AA741622 
  44      C68062A5 
  44      E263EE6A 
  44      44441CB8 
  45 0049 DCE5CCD9 		.ascii	"\334\345\314\331\357\314\354\272I\220[\020\005\211\250"
  45      EFCCECBA 
  45      49905B10 
  45      0589A8
ARM GAS  C:\Users\CYIRKO~1\AppData\Local\Temp\ccoki1Cv.s 			page 3


  46 0058 850F2441 		.ascii	"\205\017$A\304\212D\303\206\000\364\2032@\246\200\211"
  46      C48A44C3 
  46      8600F483 
  46      3240A680 
  46      89
  47 0069 19392F71 		.ascii	"\0319/q\030\275\316\211pRq\345\347\357\233\325J\036"
  47      18BDCE89 
  47      705271E5 
  47      E7EF9BD5 
  47      4A1E
  48 007b 96248AF3 		.ascii	"\226$\212\363\321\205$\302\304\266\253\314\333l\203"
  48      D18524C2 
  48      C4B6ABCC 
  48      DB6C83
  49 008a C7F5A963 		.ascii	"\307\365\251c\005\036\360\235\276D^\275\275GU\276\330"
  49      051EF09D 
  49      BE445EBD 
  49      BD4755BE 
  49      D8
  50 009b 74D2E826 		.ascii	"t\322\350&\232\340\256\216\230\224B\337\262\202\210"
  50      9AE0AE8E 
  50      989442DF 
  50      B28288
  51 00aa 5D096BBB 		.ascii	"]\011k\273f\344rwe\257\371\252\014K\".\031\200U\230"
  51      66E47277 
  51      65AFF9AA 
  51      0C4B222E 
  51      19805598 
  52 00be BA311739 		.ascii	"\2721\0279<\367NKK\012\374\362\211\204\316c\355\366"
  52      3CF74E4B 
  52      4B0AFCF2 
  52      8984CE63 
  52      EDF6
  53 00d0 B474E4B7 		.ascii	"\264t\344\267\260\314\303I\254\363\360k\0109\015\373"
  53      B0CCC349 
  53      ACF3F06B 
  53      08390DFB 
  54 00e0 F9A954CF 		.ascii	"\371\251T\317\346q\245Z5`\003\026\234@l\302\374\311"
  54      E671A55A 
  54      35600316 
  54      9C406CC2 
  54      FCC9
  55 00f2 7639ECD1 		.ascii	"v9\354\321\347\203\307\000\333\233YH\350\031X+,\256"
  55      E783C700 
  55      DB9B5948 
  55      E819582B 
  55      2CAE
  56 0104 F7317A38 		.ascii	"\3671z8hI7\322\314N}\261\337o\263)\037\233\027\034\266"
  56      684937D2 
  56      CC4E7DB1 
  56      DF6FB329 
  56      1F9B171C 
  57 0119 0B5BDFEC 		.ascii	"\013[\337\354\014LKz\250\2021\273\212?\366\363\306\371"
  57      0C4C4B7A 
  57      A88231BB 
  57      8A3FF6F3 
  57      C6F9
ARM GAS  C:\Users\CYIRKO~1\AppData\Local\Temp\ccoki1Cv.s 			page 4


  58 012b 0B10B29F 		.ascii	"\013\020\262\237\373\225\323g\025C\317`@\331\343\312"
  58      FB95D367 
  58      1543CF60 
  58      40D9E3CA 
  59 013b 856D8458 		.ascii	"\205m\204XN\335\034,\371\265\354\203\022\330q\264\251"
  59      4EDD1C2C 
  59      F9B5EC83 
  59      12D871B4 
  59      A9
  60 014c 4CEC426A 		.ascii	"L\354Bj\315\217\021\003\273\010Y\262\316\211y\370'f"
  60      CD8F1103 
  60      BB0859B2 
  60      CE8979F8 
  60      2766
  61 015e 8F63BE98 		.ascii	"\217c\276\230{\327\205\343\032\023\330G\250\306\250"
  61      7BD785E3 
  61      1A13D847 
  61      A8C6A8
  62 016d 62C47EF1 		.ascii	"b\304~\3619\014]\023\274;\377!~;\320\3213\330\333\325"
  62      390C5D13 
  62      BC3BFF21 
  62      7E3BD0D1 
  62      33D8DBD5 
  63 0181 DFD93ED0 		.ascii	"\337\331>\320;\324\326M\037o\211\256U"
  63      3BD4D64D 
  63      1F6F89AE 
  63      55
  64              		.text
  65              		.section	.gnu.lto_UARTcfg.115d86f0,"",%progbits
  66 0000 789C6365 		.ascii	"x\234ce`b\010f```d\200\200\351\314\214\353\337\354\374"
  66      60620866 
  66      60606064 
  66      8080E9CC 
  66      8CEBDFEC 
  67 0015 C9DBC73C 		.ascii	"\311\333\307<\237\031(\010\344\356\271sb\021\033\204"
  67      9F192808 
  67      E4EEB973 
  67      62111B84 
  68 0025 DB701A24 		.ascii	"\333p\032$\360e\343\316\016\016\213m\015\035\013\032"
  68      F065E3CE 
  68      0E0E8B6D 
  68      0D1D0B1A 
  69 0035 1CE63333 		.ascii	"\034\34633\316\000J\254`\224\231\301\314\310\270\034"
  69      CE004AAC 
  69      609499C1 
  69      CCC8B81C 
  70 0045 44314128 		.ascii	"D1A(f\020\305\300\270\222\321\202\001\000\370\342\031"
  70      6610C5C0 
  70      B892D182 
  70      0100F8E2 
  70      19
  71 0056 93       		.ascii	"\223"
  72              		.text
  73              		.section	.gnu.lto_.symbol_nodes.115d86f0,"",%progbits
  74 0000 789C6365 		.ascii	"x\234ce`b\210g\000\002\246\271L\365\014\014\023\316"
  74      60628867 
  74      0002A6B9 
ARM GAS  C:\Users\CYIRKO~1\AppData\Local\Temp\ccoki1Cv.s 			page 5


  74      4CF50C0C 
  74      13CE
  75 0012 313000A9 		.ascii	"10\000\251]\015\216\014\014\254\363\231\030\024\200"
  75      5D0D8E0C 
  75      0CACF399 
  75      181480
  76 0021 32AC7398 		.ascii	"2\254s\230\030\033\224\030\030\230\031\0270\3253\202"
  76      181B9418 
  76      18981917 
  76      30D53382 
  77 0031 95303034 		.ascii	"\22500448000\316c\252gB\026`f`aX\362\340\037#3\220u"
  77      34383030 
  77      30CE63AA 
  77      67421660 
  77      66606158 
  78 004c 044A3F01 		.ascii	"\004J?\001\322\014\000\327\225\026k"
  78      D20C00D7 
  78      95166B
  79              		.text
  80              		.section	.gnu.lto_.refs.115d86f0,"",%progbits
  81 0000 789C6365 		.ascii	"x\234ce`b\340d`\000\222L\214\214LL\214\014\000\0014"
  81      6062E064 
  81      6000924C 
  81      8C8C4C4C 
  81      8C0C0001 
  82 0015 001C     		.ascii	"\000\034"
  83              		.text
  84              		.section	.gnu.lto_.decls.115d86f0,"",%progbits
  85 0000 789CB55B 		.ascii	"x\234\265[\011TTg\226\256\377\375\257\026\212\002lu"
  85      09545467 
  85      96AEFFFD 
  85      AF168A02 
  85      6C75
  86 0012 329E194F 		.ascii	"2\236\031OwN\206N8\275\304\030\273\265\247\247{&\335"
  86      774E864E 
  86      38BDC418 
  86      BBB5A7A7 
  86      7B26DD
  87 0025 9AA4339D 		.ascii	"\232\2443\235D\007M\317\3513\316p\020J\245#\213UE\324"
  87      44074DCF 
  87      E933CE70 
  87      104AA523 
  87      8B5545D4 
  88 0039 3E67A68B 		.ascii	">g\246\213E\0057\026Q\001\001\021DEpAQD\026\021\024"
  88      45053716 
  88      51010111 
  88      44457041 
  88      51441611 
  89 004e 10101570 		.ascii	"\020\020\025p\003e\023E\220\235\210\200\010s\377\377"
  89      03651345 
  89      909D8880 
  89      0873FFFF 
  90 005e 7F55EF55 		.ascii	"\177U\357U\361\312\230\364\014\307[U\377{\367\277\367"
  90      F1CA98F4 
  90      0CC75B55 
  90      FF7BF7BF 
  90      F7
ARM GAS  C:\Users\CYIRKO~1\AppData\Local\Temp\ccoki1Cv.s 			page 6


  91 006f BBF7BFF7 		.ascii	"\273\367\277\367\376\313{*\025\234\342\321\007\012\305"
  91      FECB7B2A 
  91      159CE2D1 
  91      070AC5
  92 007e 8446A178 		.ascii	"\204F\241x\242P(\246\340\017\303\367q %P\017\320;@}"
  92      A25028A6 
  92      E00FC3F7 
  92      71202550 
  92      0FD03B40 
  93 0093 409B3885 		.ascii	"@\2338\205\"\002\210\374\021\236\235\360;\001(\005\210"
  93      220288FC 
  93      119E9DF0 
  93      3B012805 
  93      88
  94 00a4 5C4E858F 		.ascii	"\\N\205\2174\341\276\345\357\357A\210\016\276\377\000"
  94      34E1BEE5 
  94      EFEF4188 
  94      0EBEFF00 
  95 00b4 94CE3119 		.ascii	"\224\3161\031\033\0059[\201\222\201\016q\266z\342\355"
  95      1B05395B 
  95      8192810E 
  95      71B67AE2 
  95      ED
  96 00c5 74A4087A 		.ascii	"t\244\010z\034\351\370P\311\356\221\376D&\017\337\377"
  96      1CE9F850 
  96      C9EE91FE 
  96      44260FDF 
  96      FF
  97 00d6 03DF7F01 		.ascii	"\003\337\177\0012\003\205\330\361[\376\366a\3242v\364"
  97      320385D8 
  97      F15BFEF6 
  97      61D43276 
  97      F4
  98 00e7 A377B3CD 		.ascii	"\243w\263\315\354O\303\2117n\206\237J\302\2730\232\251"
  98      EC4FC389 
  98      376E869F 
  98      4AC2BB30 
  98      9AA9
  99 00f9 453C3407 		.ascii	"E<4\007\257%>t\205\346l-z\023\232\373\207\037t9\261"
  99      AF253E74 
  99      85E66C2D 
  99      7A139AFB 
  99      871F7439 
 100 010e BB1E92BB 		.ascii	"\273\036\222\2733\331\335\321\203\035\261\034vFD\316"
 100      33D9DDD1 
 100      831DB11C 
 100      764644CE 
 101 011e 83CACC2C 		.ascii	"\203\312\314,\"\347\035-\"\256u\203K'{\362\307\\\330"
 101      22E71D2D 
 101      22AE7583 
 101      4B277BF2 
 101      C75CD8
 102 0131 25C25117 		.ascii	"%\302Q\0275tH\215g\220\337\\B\325\235R\036yh\017\023"
 102      3574488D 
 102      6790DF5C 
 102      42D59D52 
 102      1E79680F 
ARM GAS  C:\Users\CYIRKO~1\AppData\Local\Temp\ccoki1Cv.s 			page 7


 103 0146 38252DC3 		.ascii	"8%-\303\357\304l5\2339\224\203\264\350$\302\350\010"
 103      EFC46C35 
 103      9B399483 
 103      B4E824C2 
 103      E808
 104 0158 7A17D041 		.ascii	"z\027\320AG\370\2140\233C\315\321af\247\337)P&\232\213"
 104      47F88C30 
 104      9B43CDD1 
 104      6166A7DF 
 104      2950269A 
 105 016d 8EA2B90A 		.ascii	"\216\242\271\012t\012y\020\261\204\017\235\200\213\307"
 105      740A7910 
 105      B1840F9D 
 105      808BC7
 106 017c E122A8C8 		.ascii	"\341\"\250\310<\024\223\246\302\241\210\352(/n\272\313"
 106      3C1493A6 
 106      C2A188EA 
 106      282F6EBA 
 106      CB
 107 018d 23AD87AC 		.ascii	"#\255\207\254\200\\\031\001\002\230\314\267\3127\023"
 107      805C1901 
 107      0298CCB7 
 107      CA3713
 108 019c 306700CC 		.ascii	"0g\000\314i\021\014`c\036\213\310\336U\206\265 5\354"
 108      69110C60 
 108      631E8BC8 
 108      DE5586B5 
 108      2035EC
 109 01af B5A4428F 		.ascii	"\265\244B\217SSq\255.\270\223\302B}\341\217Z\235\231"
 109      535371AD 
 109      2EB893C2 
 109      427DE18F 
 109      5A9D99
 110 01c2 0FE740F3 		.ascii	"\017\347@\363\370h\3139%\356a\367v\306\225\226\362x"
 110      F868CB39 
 110      25EE61F7 
 110      76C69596 
 110      F278
 111 01d4 9035D213 		.ascii	"\2205\322\023b\266*\361\010kd\306F\237\322\342Q\326"
 111      62B62AF1 
 111      086B64C6 
 111      469FD2E2 
 111      51D6
 112 01e6 A81BA849 		.ascii	"\250\033\250Ivf\2034\003\232W\246\236\227\2701\211\034"
 112      76668334 
 112      039A57A6 
 112      9E97B831 
 112      891C
 113 01f8 34E38FDD 		.ascii	"4\343\217\335\031w\302\343\2145c\374\305\000\031\226"
 113      1977C2E3 
 113      8C3563FC 
 113      C5001996 
 114 0208 B7C9B060 		.ascii	"\267\311\260`\311\240\274\315\006\345b\365\325\303:"
 114      C9A0BCCD 
 114      06E562F5 
 114      D5C33A
 115 0217 0CD6128F 		.ascii	"\014\326\022\217E\037\314\332\356d\361\030\230\247\364"
ARM GAS  C:\Users\CYIRKO~1\AppData\Local\Temp\ccoki1Cv.s 			page 8


 115      451FCCDA 
 115      EE64F118 
 115      98A7F4
 116 0226 50A04230 		.ascii	"P\240B0\243\210\330V\006\266\275-\330V\002\027/\212"
 116      A388D856 
 116      06B6BD2D 
 116      D8560217 
 116      2F8A
 117 0238 1E3BF3FD 		.ascii	"\036;\363\375|\263y\006*\005\207]\022\035\366\266\340"
 117      7CB37906 
 117      2A05875D 
 117      121DF6B6 
 117      E0
 118 0249 AFE298A6 		.ascii	"\257\342\230\246\307Z\274\235\251\230\010\333\333/\031"
 118      C75ABC9D 
 118      A99808DB 
 118      DB2F19
 119 0258 F8CCF72F 		.ascii	"\370\314\367/S_\227C\327\313b\327Rd\035y{\030Wd`\200"
 119      535F9743 
 119      D7CB62D7 
 119      52641D79 
 119      7B185764 
 120 026e 92D0D1B4 		.ascii	"\222\320\321\264B\015\216\243J\370\341\221\035\215Z"
 120      420D8EA3 
 120      4AF8E191 
 120      1D8D5A
 121 027d 34CBDDDD 		.ascii	"4\313\335\335#\206\250\2116\233?\340\304QR\240J4\213"
 121      2386A889 
 121      369B3FE0 
 121      C45152A0 
 121      4A348B
 122 0290 0840D520 		.ascii	"\010@\325 \253\012\271\243\253\310\235\246C\032QXRQ"
 122      AB0AB9A3 
 122      ABC89DA6 
 122      431A5158 
 122      5251
 123 02a2 ED5E34D4 		.ascii	"\355^4\324j6o\323QX\305\000\213t\260\"\230GD\024\022"
 123      6A366FD3 
 123      5158C500 
 123      8B74B022 
 123      98474414 
 124 02b7 414287D2 		.ascii	"AB\207\322_\307\233KB1\345\256\220\345\236O\230\231"
 124      5FC79B4B 
 124      4231E5AE 
 124      90E59E4F 
 124      9899
 125 02c9 C993855A 		.ascii	"\311\223\205ZH@\302\243\020\254e\211\31074\367\305\""
 125      4840C2A3 
 125      10AC6589 
 125      C83734F7 
 125      C522
 126 02db E43EDBC3 		.ascii	"\344>\333\303=\2152\336.r\015\241b\211\270\002\020{"
 126      3D8D32DE 
 126      2E720DA1 
 126      6289B802 
 126      107B
 127 02ed 0DCD1623 		.ascii	"\015\315\026#M\024\033KM\0143\177\300KM$\314\304\304"
ARM GAS  C:\Users\CYIRKO~1\AppData\Local\Temp\ccoki1Cv.s 			page 9


 127      4D141B4B 
 127      4D0C337F 
 127      C04B4D24 
 127      CCC4C4
 128 0300 5A30F13A 		.ascii	"Z0\361:\230X#\230\310@\364\025\316\0111\233\021\341"
 128      98582398 
 128      C840F415 
 128      CE09319B 
 128      11E1
 129 0312 92A260E6 		.ascii	"\222\242`\346\214\024\316\334\035f\256|\217&\300\005"
 129      8C14CEDC 
 129      1D66AE7C 
 129      8F26C005 
 130 0322 C78AC1EB 		.ascii	"\307\212\301\353C\205\3255\334l@\020\342\020\201\302"
 130      4385D535 
 130      DC6C4010 
 130      E21081C2 
 131 0332 46BD2478 		.ascii	"F\275$xg\262\340\015/\273uV\207[\350\300\241G\325'C"
 131      67B2E00D 
 131      2FBB7556 
 131      875BE8C0 
 131      A147D527 
 132 0347 35F8216B 		.ascii	"5\370!k$\026|]\245d\214\032h\246\\;Q\255\304\235\354"
 132      24167C5D 
 132      A5648C1A 
 132      68A65C3B 
 132      51ADC49D 
 133 035c 5E41D689 		.ascii	"^A\326\211:\016\367\262Fv\376\300v\204\237\261\306\340"
 133      3A0EF7B2 
 133      4676FEC0 
 133      76849FB1 
 133      C6E0
 134 036e D693263C 		.ascii	"\326\223&<\301~\207'G_\347\230\204\237@sodR+\317\322"
 134      C17E8727 
 134      475FE798 
 134      849F4073 
 134      6F64522B 
 135 0384 A69524CA 		.ascii	"\246\225$\312\351\333G\0134\030<\014\274.\321\231\321"
 135      E9DB470B 
 135      34183C0C 
 135      BC2ED199 
 135      D1
 136 0395 795AE40E 		.ascii	"yZ\344\016\177\263\334\331\237G\2329<\014F\367W\011"
 136      7FB3DCD9 
 136      9F479A39 
 136      3C0C46F7 
 136      5709
 137 03a7 E692708C 		.ascii	"\346\222p\214\316\2027\356\2007Za8l\275\221)\304\002"
 137      CE8237EE 
 137      80375A61 
 137      386CBD91 
 137      29C402
 138 03ba E11EFFB5 		.ascii	"\341\036\377\265\310\335d\317}\014Y\235\307\270\273"
 138      C8DD64CF 
 138      7D0C599D 
 138      C7B8BB
 139 03c9 25DCE7EC 		.ascii	"%\334\347\354\271\263\354\271\207$\334\331\362\334\014"
ARM GAS  C:\Users\CYIRKO~1\AppData\Local\Temp\ccoki1Cv.s 			page 10


 139      B9B3ECB9 
 139      8724DCD9 
 139      F2DC0C
 140 03d8 8A35EA61 		.ascii	"\2125\352a@\032\201\341\036\275\327*D\375\023\010\211"
 140      401A81E1 
 140      1EBDD72A 
 140      44FD1308 
 140      89
 141 03e9 0E1893FB 		.ascii	"\016\030\223\373@m@\217\200\036\002u\002=\006j\007j"
 141      406D408F 
 141      801E0275 
 141      023D066A 
 141      076A
 142 03fb 066A017A 		.ascii	"\006j\001z`\315\014\002\240J\342\212\333\366\000\032"
 142      60CD0C02 
 142      A04AE28A 
 142      DBF6001A 
 143 040b ECE1B64B 		.ascii	"\354\341\266K\340\236\267\347\316C\366\236k\224\010"
 143      E09EB7E7 
 143      CE43F69E 
 143      6B9408
 144 041a AFB767BF 		.ascii	"\257\267g\277i/|\374\237D\356\273\262\243\"a\256\223"
 144      692F7CFC 
 144      9F44EEBB 
 144      B2A32261 
 144      AE93
 145 042c 88BE258F 		.ascii	"\210\276%\217\333\212\004r\256\271H\313\370o@\010\347"
 145      DB8A0472 
 145      AEB948CB 
 145      F86F4008 
 145      E7
 146 043d CB239748 		.ascii	"\313#\227H\177l\311\027\"\276N\0369\023/$_\301L\232"
 146      7F6CC917 
 146      22BE4E1E 
 146      39132F24 
 146      5FC14C9A 
 147 0451 7CADF625 		.ascii	"|\255\366%\000\225\\\033\315U\342-4 \271\256\375O\262"
 147      00955C1B 
 147      CD55E22D 
 147      3420B9AE 
 147      FD4FB2
 148 0464 D4689687 		.ascii	"\324h\226\207\334`\242\2470\206\177\315x2$\345\305*"
 148      DC60A2A7 
 148      30867FCD 
 148      783224E5 
 148      C52A
 149 0476 528BBA41 		.ascii	"R\213\272AP\227X|\011.\012g[Uc\224\253n\233u\372\244"
 149      5097587C 
 149      092E0A67 
 149      5B556394 
 149      AB6E9B75 
 150 048c 8C6282F7 		.ascii	"\214b\202\367 \235\245\013\374\004\376c\3272'x\274\233"
 150      209DA50B 
 150      FC04FE63 
 150      D7322778 
 150      BC9B
 151 049e C1DF599A 		.ascii	"\301\337Y\232\324\243s4\373\366;\234}\037\337\235\035"
ARM GAS  C:\Users\CYIRKO~1\AppData\Local\Temp\ccoki1Cv.s 			page 11


 151      D4A37334 
 151      FBF63B9C 
 151      7D1FDF9D 
 151      1D
 152 04af 4A9CD307 		.ascii	"J\234\323\007\276\354\0251\235\241\023\002\271\012z"
 152      BEEC1531 
 152      9DA11302 
 152      B90A7A
 153 04be F2DAF65C 		.ascii	"\362\332\366\\\024\026%w\011\316\252\204\261&W\234D"
 153      14162577 
 153      09CEAA84 
 153      B126579C 
 153      44
 154 04cf F5A2FAC7 		.ascii	"\365\242\372\307\007\303u\354\346\015Z\034F\216w#\234"
 154      07C375EC 
 154      E60D5A1C 
 154      468E7723 
 154      9C
 155 04e0 C66E56C4 		.ascii	"\306nV\304\236\011\303\370(k\354*)\3745\316f\277o\232"
 155      9E09C3F8 
 155      286BEC2A 
 155      29FC35CE 
 155      66BF6F9A 
 156 04f4 0FF4BAE2 		.ascii	"\017\364\272\342S\254q67\367\014\302\271\254\021\332"
 156      53AC7136 
 156      37F70CC2 
 156      B9AC11DA 
 157 0504 DF12ABC2 		.ascii	"\337\022\253\302\347Y\343vWH\210\006\027\261Fkll\261"
 157      E759E376 
 157      57488806 
 157      17B1466B 
 157      6C6CB1
 158 0517 332E658D 		.ascii	"3.e\215\206\374[\021\316\270\2345\"rr\342\235q\225\300"
 158      86FC5B11 
 158      CEB89C35 
 158      227272E2 
 158      9D7195C0 
 159 052b 9653D189 		.ascii	"\226S\321\211p-\2532\3439\377\215\254\005\306\335\303"
 159      702DAB32 
 159      E339FF8D 
 159      AC05C6DD 
 159      C3
 160 053c DD9D85D0 		.ascii	"\335\235\205\320\235\3617#3\252v\230SK\021\215\242Q"
 160      9DF13723 
 160      33AA7698 
 160      534B118D 
 160      A251
 161 054e B07CCA51 		.ascii	"\260|\312Q\024\311g\367\224\020\015\021\234\007\012"
 161      14C967F7 
 161      94100D11 
 161      9C070A
 162 055d E1DC9119 		.ascii	"\341\334\221\031(\014h3P(\320$\214~8|o\003\212\004\332"
 162      280C6833 
 162      5028D024 
 162      8C7E387C 
 162      6F038A04 
 163 0572 02B49593 		.ascii	"\002\264\225\223fw{\204RL\223\027\366\010\246U\272F"
ARM GAS  C:\Users\CYIRKO~1\AppData\Local\Temp\ccoki1Cv.s 			page 12


 163      66777B84 
 163      524C9317 
 163      F608A655 
 163      BA46
 164 0584 29FB842C 		.ascii	")\373\204,\2734_\245\334c\362\346I\013\243\224}\334"
 164      BB345FA5 
 164      DC63F2E6 
 164      490BA394 
 164      7DDC
 165 0596 9E7D5AA9 		.ascii	"\236}Z\251\251\212\224\260?\267g\237\226\261CR\351M"
 165      A98A94B0 
 165      3FB7679F 
 165      96B14352 
 165      E94D
 166 05a8 F2D2A5A6 		.ascii	"\362\322\245\246\266K\305\177m\317\2375\215\277[\312"
 166      B64BC57F 
 166      6DCF9F35 
 166      8DBF5BCA 
 167 05b8 FFD29E5F 		.ascii	"\377\322\236_2\013\260\230\257%p`\3754e[\020\230\254"
 167      320BB098 
 167      AF257060 
 167      FD34655B 
 167      1098AC
 168 05cb E64865E6 		.ascii	"\346He\346i\2639RE\205=\223W.\255uR\335#\362\256`X!"
 168      69B33952 
 168      45853D93 
 168      572EAD75 
 168      52DD23F2 
 169 05e3 362B1FE4 		.ascii	"6+\037\344\304a\234\304\323\214\015\353\213\366D\036"
 169      C4619CC4 
 169      D38C0DEB 
 169      8BF6441E 
 170 05f3 B318A691 		.ascii	"\263\030\246\221He\030\311\303\235\334,\264\235\263"
 170      486518C9 
 170      C39DDC2C 
 170      B49DB3
 171 0602 E6E114AD 		.ascii	"\346\341\024\255\015\262%i\007\004\336_\023\204\000"
 171      0DB22569 
 171      0704DE5F 
 171      138400
 172 0611 E7506543 		.ascii	"\347PeC\216FZp\210v\261\340\354\342t\002cA^a\271\260"
 172      8E465A70 
 172      8876B1E0 
 172      ECE27402 
 172      63415E61 
 173 0627 34788FEC 		.ascii	"4x\217\354C\012o\246\011\363\274;\251C%\333+1\233\347"
 173      430A6FA6 
 173      09F3BC3B 
 173      A94325DB 
 173      2B319BE7 
 174 063b 53C93C5F 		.ascii	"S\311<_\037\323\230\302\343c\324J\264\355QX\230\016"
 174      1FD398C2 
 174      E363D44A 
 174      B4ED5158 
 174      980E
 175 064d E7B0C6C5 		.ascii	"\347\260\306\305\326\347\251Z|\2015Nn\356\310\324@\267"
 175      D6E7A95A 
ARM GAS  C:\Users\CYIRKO~1\AppData\Local\Temp\ccoki1Cv.s 			page 13


 175      7C81354E 
 175      6EEEC8D4 
 175      40B7
 176 065f B9B05446 		.ascii	"\271\260TF\222\225\362\\\266R\316-\031>\316\343R\346"
 176      9295F25C 
 176      B652CE2D 
 176      193ECEE3 
 176      52E6
 177 0671 AB73B91D 		.ascii	"\253s\271\035\211Z\311\376\345\215\363d\000\0238-\332"
 177      895AC9FE 
 177      E58DF364 
 177      0013382D 
 177      DA
 178 0682 273A6BAE 		.ascii	"':k\256u\021;\220f\306s\024h\301\\\364\036x*\036\274"
 178      75113B90 
 178      66C67314 
 178      68C15CF4 
 178      1E782A1E 
 179 0697 3357A87E 		.ascii	"3W\250~{\271\271h\017\3076/\007\216^v\3015LA\302\236"
 179      7BB9B968 
 179      0FC7362F 
 179      078E5E76 
 179      C1354C41 
 180 06ad 4BB9AE92 		.ascii	"K\271\256\222u\362[g\350:9\0114$\212\032@\241\274\212"
 180      75F25B67 
 180      E83A3909 
 180      34248A1A 
 180      40A1BC8A 
 181 06c1 FDF22AEA 		.ascii	"\375\362*\352_\304\016rR\007\023y\242\203\223\255\016"
 181      5FC40E72 
 181      52071379 
 181      A28393AD 
 181      0E
 182 06d2 8EDCF6F5 		.ascii	"\216\334\366\365ig\334\300\034ss\333\313,\015\276\317"
 182      6967DCC0 
 182      1C7373DB 
 182      CB2C0DBE 
 182      CF
 183 06e3 1ADDCD39 		.ascii	"\032\335\3159G\224\270\2355\306\036E\231]\360S\336f"
 183      4794B89D 
 183      35C61E45 
 183      995DF053 
 183      DE66
 184 06f5 07B874FA 		.ascii	"\007\270t\372\016p)s\341\241\261\376<\035~\306,\274"
 184      0E702973 
 184      E1A1B1FE 
 184      3C1D7EC6 
 184      2CBC
 185 0707 59D4DBA6 		.ascii	"Y\324\333\246\261Z\330y\340\037\316wn7\233yt\030 \035"
 185      B15AD879 
 185      E01FCE77 
 185      6E379B79 
 185      7418201D 
 186 071b 124D5CEA 		.ascii	"\022M\\\352p\017\230\0016.\025lL\007\033\323\230\215"
 186      700F9801 
 186      362E156C 
 186      4C071BD3 
ARM GAS  C:\Users\CYIRKO~1\AppData\Local\Temp\ccoki1Cv.s 			page 14


 186      988D
 187 072d E3A1D72A 		.ascii	"\343\241\327*\235\344\267g\016z\344\365e\345\271\260"
 187      9DE4B767 
 187      0E7AE4F5 
 187      65E5B9B0 
 188 073d 782921ED 		.ascii	"x)!\355\322\336\350C\030\267))\346\350\373c\205\316"
 188      D2DEE843 
 188      18B72929 
 188      E6E8FB63 
 188      85CE
 189 074f F8296B58 		.ascii	"\370)kX8g\012\234G\037'\355\022&\233_\220I\340Fs\006"
 189      38670A9C 
 189      471F27ED 
 189      12269B5F 
 189      9049E046 
 190 0765 C6038CD7 		.ascii	"\306\003\214\327\034\367\342\200\013\036\243\015\316"
 190      1CF7E280 
 190      0B1EA30D 
 190      CE
 191 0772 FCE8CA23 		.ascii	"\374\350\312#\316\321lx\212s4\033^\257\304\021\351Q"
 191      CED16C78 
 191      8A73341B 
 191      5EAFC411 
 191      E951
 192 0784 C42B27C1 		.ascii	"\304+'\301+'8\273\371\020\264\334?\263\263L\203\253"
 192      2B2738BB 
 192      F910B4DC 
 192      3FB3B34C 
 192      83AB
 193 0796 555465D6 		.ascii	"UTe\326\363\360\263n\270\2365\306w\347\237u\306\367"
 193      F3F0B36E 
 193      B89E35C6 
 193      77E79F75 
 193      C6F7
 194 07a8 58E3D2CB 		.ascii	"X\343\322\313{IZ\334\302\032\347\036_-\3272{\315$\320"
 194      7B495ADC 
 194      C21AE71E 
 194      5F2DD732 
 194      7BCD24D0 
 195 07bc 2732AEDF 		.ascii	"'2\256\337\325\340Nv3\254#\271\315\025\017\260FyT\370"
 195      D5E04E76 
 195      33AC23B9 
 195      CD150FB0 
 195      467954F8 
 196 07d0 0E2D1EA3 		.ascii	"\016-\036\243\015.kgD\217\303\375\364\005\20764\316"
 196      0D2E6B67 
 196      448FC3FD 
 196      F4058736 
 196      34CE
 197 07e2 216B8C7C 		.ascii	"!k\214|\300\177^\006\177\346\205\341\014\025\336\254"
 197      C07F5E06 
 197      7FE685E1 
 197      0C15DEAC 
 198 07f2 A6EADAA7 		.ascii	"\246\352\332\247&\377\204w\261\337\221\331\221\345\256"
 198      26FF8477 
 198      B1DF91D9 
 198      91E5AE
ARM GAS  C:\Users\CYIRKO~1\AppData\Local\Temp\ccoki1Cv.s 			page 15


 199 0801 782F6BA4 		.ascii	"x/k\244],\350Q\343\303\254q\264\273e\002\343\263\254"
 199      5D2CE851 
 199      E3C3AC71 
 199      B4BB6502 
 199      E3B3AC
 200 0814 D176BFE2 		.ascii	"\321v\277\342\224+\316c\215\202\347\373\013\334p1k\\"
 200      942BCE63 
 200      8D82E7FB 
 200      0BDC7031 
 200      6B5C
 201 0826 7B3835A4 		.ascii	"{85\244\305WX#/q\262\204\3075\254\261y\347\361}\304"
 201      C5575823 
 201      2F71B284 
 201      C735ACB1 
 201      79E7F17D 
 202 083b 7E150B54 		.ascii	"~\025\013T5\\\352\030\030?\307\263K\004\364F\270\224"
 202      355CEA18 
 202      183FC7B3 
 202      4B04F446 
 202      B894
 203 084d 9C703FC7 		.ascii	"\234p?\307\025\337\240]\270\236\266\310mb\260\266\234"
 203      15DFA05D 
 203      B89EB6C8 
 203      6D62B0B6 
 203      9C
 204 085e 7927849E 		.ascii	"y'\204\236WT\202U\345\242U*!V\315\323\334S\001\356Q"
 204      57548255 
 204      E5A2552A 
 204      2156CDD3 
 204      DC5301EE 
 205 0873 09EEB902 		.ascii	"\011\356\271\002\221w\231E\336\320\330@.\217\033\231"
 205      91779945 
 205      DED0D840 
 205      2E8F1B99 
 206 0883 8E6D6D43 		.ascii	"\216mmC/\335\230\177\247\013\250\226\021`\335C\237\245"
 206      2FDD987F 
 206      A70BA896 
 206      1160DD43 
 206      9FA5
 207 0895 B5A10AC0 		.ascii	"\265\241\012\300\\\025\301Tr\202\213\333\314/\022t\270"
 207      5C15C154 
 207      72828BDB 
 207      CC2F1274 
 207      B8
 208 08a6 9D292938 		.ascii	"\235))8\236\036!\026.\210\257\235,\276j\241s\215\330"
 208      9E1E2116 
 208      2E88AF9D 
 208      2CBE6AA1 
 208      738DD8
 209 08b9 B98A7368 		.ascii	"\271\212sh\3125yS\266\357\351=\354\212\2370\017\277"
 209      CA357953 
 209      B6EFE93D 
 209      EC8A9F30 
 209      0FBF
 210 08cb 7812770F 		.ascii	"x\022w\017\261\274 \013\303\320\202{1n\302\306\213n"
 210      B1BC200B 
 210      C3D0827B 
ARM GAS  C:\Users\CYIRKO~1\AppData\Local\Temp\ccoki1Cv.s 			page 16


 210      316EC2C6 
 210      8B6E
 211 08dd 01C72326 		.ascii	"\001\307#&y\374\214\361\336\331Q\337\244\302/\031\274"
 211      79FC8CF1 
 211      DED951DF 
 211      A4C22F19 
 211      BC
 212 08ee B1EECAE3 		.ascii	"\261\356\312\343\316VxU4tn\001\264\372\327\202\326 "
 212      CE567855 
 212      34746E01 
 212      B4FAD782 
 212      D620
 213 0900 0FADFC7A 		.ascii	"\017\255\374z\352\260\006\207i\250\272\374\230\330^"
 213      EAB00687 
 213      69A8BAFC 
 213      98D85E
 214 090f 0D8E648D 		.ascii	"\015\216d\215\346\370\355\005\3168\2115\212\243\206"
 214      E6F8ED05 
 214      CE388935 
 214      8AA386
 215 091e CE3BE174 		.ascii	"\316;\341t\326\330:\332~\312\015g\263FwXI\033\217\317"
 215      D6D83ADA 
 215      7ECA0D67 
 215      B3467758 
 215      491B8FCF 
 216 0932 B046E8EE 		.ascii	"\260F\350\356\372l'|\2366\270\266\222\262Xl\305;\244"
 216      FA6C277C 
 216      9E36B8B6 
 216      92B2586C 
 216      C53BA4
 217 0945 FE003503 		.ascii	"\376\0005\003\332\373\"\332$G\025\372\201|\205\336\223"
 217      DAFB22DA 
 217      244715FA 
 217      817C85DE 
 217      93
 218 0956 F8780E2E 		.ascii	"\370x\016.a\232\266\357\230<\211q9\323\224\\<\036%N"
 218      619AB6EF 
 218      983C8971 
 218      39D3945C 
 218      3C1E254E 
 219 096a 08EDA0A9 		.ascii	"\010\355\240\251\235#\373\330o\326\324&\257\351Ar\377"
 219      9D23FBD8 
 219      6FD6D426 
 219      AFE94172 
 219      FF
 220 097b 308F6B99 		.ascii	"0\217k\231\252Ce'o\252q\003S\365\260\353\364\250\213"
 220      AA436527 
 220      6FAA7103 
 220      53F5B0EB 
 220      F4A88B
 221 098e 555537A8 		.ascii	"UU7\250z\014\252:^C\325#yU\343q\361\013\360\003\246"
 221      7A0CAA3A 
 221      5E43D523 
 221      7955E371 
 221      F10BF003 
 222 09a3 A937A3F6 		.ascii	"\2517\243\3664Y\274{h\321_$3\204\007\233!\222b\332\367"
 222      3459BC7B 
ARM GAS  C:\Users\CYIRKO~1\AppData\Local\Temp\ccoki1Cv.s 			page 17


 222      68D15F24 
 222      3384079B 
 222      219262DA 
 223 09b8 39E10E86 		.ascii	"9\341\016\206#\245\347n\230\213$\351\026\262C\302\036"
 223      23A5E76E 
 223      988B24E9 
 223      16B243C2 
 223      1E
 224 09c9 00D32D82 		.ascii	"\000\323-\202\361\260bI\0153\177/d\276\002\035\005\315"
 224      F1B06249 
 224      0D337F2F 
 224      64BE021D 
 224      05CD
 225 09db 0D749704 		.ascii	"\015t\227\004p<\0048]p\361\011\203\2635\374h\2243\356"
 225      703C0438 
 225      5D70F109 
 225      83B335FC 
 225      689433EE 
 226 09ef 674AAE34 		.ascii	"gJ\2564m\371Jz\036UAs\251\037t\364\212:z8\307J\372\344"
 226      6DF94A7A 
 226      1E554173 
 226      A91F74F4 
 226      8A3A7A38 
 227 0a07 95349F6C 		.ascii	"\2254\237l\272\314\343Q\246\244n\337\226~\245\250\345"
 227      BACCE351 
 227      A6A46EDF 
 227      967EA5A8 
 227      E5
 228 0a18 A8F241D9 		.ascii	"\250\362A\3316\222uC\240f@T\323\377\0125\203\362j\216"
 228      36927543 
 228      A0664054 
 228      D3FF0A35 
 228      83F26A8E 
 229 0a2c F6775DB5 		.ascii	"\366w]\265\331\243\015\331\314\350\303\326\031=\264"
 229      D9A30DD9 
 229      CCE8C3D6 
 229      193DB4
 230 0a3b FD1C6CD9 		.ascii	"\375\034l\331\213\235\250\233o\215\026\215\353p\031"
 230      8B9DA89B 
 230      6F8D168D 
 230      EB7019
 231 0a4a 6DF0ADE9 		.ascii	"m\360\255\351COU\310c.BZ\240\303\2263b\005\032\005Q"
 231      434F55C8 
 231      632E425A 
 231      A0C39633 
 231      62051A05 
 232 0a5f CF382C2C 		.ascii	"\3178,,G\025\211f@6\360\027rYn\354G\000 \271\245@c\000"
 232      47158966 
 232      4036F017 
 232      72596EEC 
 232      470020B9 
 233 0a77 EF39C04B 		.ascii	"\3579\300K\204\344%W\310,z\355\340~:)\223^\021\257\354"
 233      84E42557 
 233      C82C7AED 
 233      E07E3A29 
 233      935E11AF 
 234 0a8c 05DC03C3 		.ascii	"\005\334\003\303\367\033l\226)\3436F\275\260\032u\351"
ARM GAS  C:\Users\CYIRKO~1\AppData\Local\Temp\ccoki1Cv.s 			page 18


 234      F71B6C96 
 234      29E33646 
 234      BDB01A75 
 234      E9
 235 0a9d 5A58A633 		.ascii	"ZX\2463\256dF\265\277<\330\241\306\265\2541\032\177"
 235      AE6446B5 
 235      BF3CD8A1 
 235      C6B5AC31 
 235      1A7F
 236 0aaf F5900B6E 		.ascii	"\365\220\013n`\215\330\354\033wT\370.k4\237\230,T\341"
 236      608DD8EC 
 236      1B7754F8 
 236      2E6B349F 
 236      982C54E1 
 237 0ac3 26D63870 		.ascii	"&\3268p\177\360\270\0327\323\006w\351\326\301L\027\244"
 237      7FF0B81A 
 237      37D30677 
 237      E9D6C14C 
 237      17A4
 238 0ad5 F39028FE 		.ascii	"\363\220(\376\303\033bu\011\303\036\350\013\313\226"
 238      C31B6275 
 238      09C31EE8 
 238      0BCB96
 239 0ae4 57D8CA27 		.ascii	"W\330\312'}\237n\345C\261\016\205`\3538~\241c\360ZC"
 239      7D9F6EE5 
 239      43B10E85 
 239      60EB387E 
 239      A163F05A 
 240 0af9 CBEB6162 		.ascii	"\313\353abe\252\006\373\032&`\255\304\032\346\261\342"
 240      65AA06FB 
 240      1A2660AD 
 240      C41AE6B1 
 240      E2
 241 0b0a 4615EE67 		.ascii	"F\025\356g\215\246=\243\255Nx\2105*om\277\010\265\221"
 241      8DA63DA3 
 241      AD4E7888 
 241      352A6F6D 
 241      BF08B591 
 242 0b1e 358E54B7 		.ascii	"5\216T\267\232\225x\2245\012\267UOh\360\013\326H\274"
 242      9A957894 
 242      350AB755 
 242      4F68F00B 
 242      D648BC
 243 0b31 B035548B 		.ascii	"\2605T\213'Y#kj8J\207Ch\0129\357I;{\331\025\011;\314"
 243      2759236B 
 243      6A384A87 
 243      43680A39 
 243      EF493B7B 
 244 0b4a 59EEF438 		.ascii	"Y\356\36481\324\\\322\177U\331\225%l1\011\334-\0007"
 244      31D45CD2 
 244      7F55D995 
 244      256C3109 
 244      DC2D0037 
 245 0b5e 0E3BD862 		.ascii	"\016;\330b\262.u\377\305v\022\204}\263=\273\315\246"
 245      B22E75FF 
 245      C5761284 
 245      7DB33DBB 
ARM GAS  C:\Users\CYIRKO~1\AppData\Local\Temp\ccoki1Cv.s 			page 19


 245      CDA6
 246 0b70 8A9E824A 		.ascii	"\212\236\202J\270\267\312\013\227p\267K\270\315\366"
 246      B8B7CA0B 
 246      9770B74B 
 246      B8CDF6
 247 0b7f DC59D3B8 		.ascii	"\334Y\323\270\377S\344\336n\317=\317\216\271[\302\274"
 247      FF53E4DE 
 247      6ECF3DCF 
 247      8EB95BC2 
 247      BC
 248 0b90 4D96596A 		.ascii	"M\226Yj\344\270\204;\302\236[\272\025\224nzb V\2439"
 248      E4B8843B 
 248      C29E5BBA 
 248      15946E7A 
 248      622056A3 
 249 0ba5 B2E9117A 		.ascii	"\262\351\021z\220M\317^\210\217\030\354\216b\201\366"
 249      904DCF5E 
 249      888F18EC 
 249      8E6281F6 
 250 0bb5 00ED068A 		.ascii	"\000\355\006\212\002\332\011\264\013h\037P4\226\236"
 250      02DA09B4 
 250      0B681F50 
 250      34969E
 251 0bc4 340F4974 		.ascii	"4\017ItG\312\353\226n\023\233f\320`\003\256\351\207"
 251      47CAEB96 
 251      6E139B66 
 251      D06003AE 
 251      E987
 252 0bd6 B6CDCD33 		.ascii	"\266\315\3153c\351!\024\221\025.?X\326m\337\356\252"
 252      63E92114 
 252      91152E3F 
 252      58D66DDF 
 252      EEAA
 253 0be8 DDBB7869 		.ascii	"\335\273xi~I\231a\177\202-\371\325\\\230\366\034\266"
 253      7E499961 
 253      7F822DF9 
 253      D55C98F6 
 253      1CB6
 254 0bfa 2434B0F0 		.ascii	"$4\260\360\365\376\244B\035r\237\345\3014B\025K|T\315"
 254      F5FEA442 
 254      1D729FE5 
 254      C1344215 
 254      4B7C54CD 
 255 0c0e 020A7AA0 		.ascii	"\002\012z\240)\250c\373\345\307%F\346\210\032%`\306"
 255      29A863FB 
 255      E5C72546 
 255      E6881A25 
 255      60C6
 256 0c20 4F5C9704 		.ascii	"O\\\227\004\256K\304\322\243\251\332Lf\354~l\177H\226"
 256      AE4BC4D2 
 256      A3A9DA4C 
 256      66EC7E6C 
 256      7F4896
 257 0c33 15DAD98B 		.ascii	"\025\332\331\213\361=6_<}\234u\233\303\315\302\344\321"
 257      F13D365F 
 257      3C7D9C75 
 257      9BC3CDC2 
ARM GAS  C:\Users\CYIRKO~1\AppData\Local\Temp\ccoki1Cv.s 			page 20


 257      E4D1
 258 0c45 52DA2C9C 		.ascii	"R\332,\234\013]\246\353\334\226\270H\235\260\017$\317"
 258      0B5DA6EB 
 258      DC96B848 
 258      9DB00F24 
 258      CF
 259 0c56 B63A4746 		.ascii	"\266:GFn\253\360\023\306|f*\023R\240\2175.?\254\257"
 259      6EABF013 
 259      C67C662A 
 259      1352A08F 
 259      352E3FAC 
 260 0c6b 54E2E7AC 		.ascii	"T\342\347\254\221Z\332\366S\034\301\236j]\330S\010\253"
 260      915ADAF6 
 260      531CC19E 
 260      6A5DD853 
 260      08AB
 261 0c7d 859DB4F1 		.ascii	"\205\235\264\361\253\266mG\022U\354\370F7K\370\007-"
 261      ABB66D47 
 261      1255ECF8 
 261      46374BF8 
 261      072D
 262 0c8f C8310FF2 		.ascii	"\3101\017\362\005\237\263\331-r\260\243\323y\260\023"
 262      059FB3D9 
 262      2D72B0A3 
 262      D379B013 
 263 0c9f 1ECB598F 		.ascii	"\036\313Y\217\007\374\023R\361\251\362\311\225Z\346"
 263      07FC1352 
 263      F1A9F2C9 
 263      955AE6
 264 0cae 3928D0A8 		.ascii	"9(\320\250\223\314\000\216\206K\032v\251x.:\200\201"
 264      93CC008E 
 264      864B1A76 
 264      A9782E3A 
 264      8081
 265 0cc0 2105B31E 		.ascii	"!\005\263\036\304w\017\300w\367!\264\232\200\032\201"
 265      C4770FC0 
 265      77F721B4 
 265      9A801A81 
 266 0cd0 EE01DD05 		.ascii	"\356\001\335\005\272\003t\030\3506\320-\240\006\240"
 266      BA037418 
 266      E836D02D 
 266      A006A0
 267 0cdf 4B400540 		.ascii	"K@\005@\271@g\200\216\001e\002\035\265\011\313\272\317"
 267      B9406780 
 267      8E016502 
 267      1DB509CB 
 267      BACF
 268 0cf1 595842B1 		.ascii	"YXB\261;\210\355\240eqv\331\326|M8\375$;\224\343\366"
 268      3B88EDA0 
 268      657176D9 
 268      D67C4D38 
 268      FD243B94 
 269 0d07 966473F6 		.ascii	"\226ds\366\3716Y3\233\361gA\314\344\310\363S\361\222"
 269      F9365933 
 269      9BF16741 
 269      CCE4C8F3 
 269      53F192
ARM GAS  C:\Users\CYIRKO~1\AppData\Local\Temp\ccoki1Cv.s 			page 21


 270 0d1a F0CCB609 		.ascii	"\360\314\266\011\317,\026\236R\307\234\205|$%\006\235"
 270      CF2C169E 
 270      52C79C85 
 270      7C242506 
 270      9D
 271 0d2b 0381D982 		.ascii	"\003\201\331\202cZ\3011-`\334)\240\3436\006\276\030"
 271      635AC131 
 271      2D60DC29 
 271      A0E33606 
 271      BE18
 272 0d3d 534EB233 		.ascii	"SN\2623\225\023\000\342\230\320G6\353%(N\332\2408\361"
 272      951300E2 
 272      98D04736 
 272      EB25284E 
 272      DAA038F1 
 273 0d51 0A146DA0 		.ascii	"\012\024m\240\371\233Q\264\357\303\346CsP\016@8-\017"
 273      F99B51B4 
 273      EFC3E643 
 273      73500E40 
 273      382D0F
 274 0d64 C1DE0FA7 		.ascii	"\301\336\017\247m\020\220\216,3dc\244\031\024\377\377"
 274      6D10908E 
 274      2C336463 
 274      A41914FF 
 274      FF
 275 0d75 C508C470 		.ascii	"\305\010\304pe\246\020\303do\227g?\222Q\266#\017)]\367"
 275      65A610C3 
 275      646F9767 
 275      3F9251B6 
 275      230F295D 
 276 0d8a FB107630 		.ascii	"\373\020v0\005l\005\002\273uys\314A\310[\031.\200\011"
 276      056C0502 
 276      BB757973 
 276      CC41C85B 
 276      192E8009 
 277 0d9e 798239F9 		.ascii	"y\2029\371\360\373<@:g\003\251\366\230\020Y\3041\260"
 277      F0FB3C40 
 277      3A6703A9 
 277      F6981059 
 277      C431B0
 278 0db1 81A7EC72 		.ascii	"\201\247\354r\205_V~\272\320\301\261\374\322\037\261"
 278      855F567E 
 278      BAD0C1B1 
 278      FCD21FB1 
 279 0dc1 B4C81162 		.ascii	"\264\310\021bf\272x\351c>\241~\345\331\326/v\263\"B"
 279      66BA78E9 
 279      633EA17E 
 279      E5D9D62F 
 279      76B32242 
 280 0dd5 7D343D96 		.ascii	"}4=\226,\000\211/2\304\205\003\341\266\270\013<\234"
 280      2C00892F 
 280      32C48503 
 280      E1B6B80B 
 280      3C9C
 281 0de7 6DF17021 		.ascii	"m\361p!\260\025\332{Xr\216([`K\300\212b\301\242\213"
 281      B015DA7B 
 281      58728E28 
ARM GAS  C:\Users\CYIRKO~1\AppData\Local\Temp\ccoki1Cv.s 			page 22


 281      5B604BC0 
 281      8A62C1A2 
 282 0dfc F0BBC8D6 		.ascii	"\360\273\310\326[\231\022o\021s\212\277E\355.\022\370"
 282      5B99126F 
 282      11738ABF 
 282      45ED2E12 
 282      F8
 283 0e0d ED450B8F 		.ascii	"\355E\013\217\025\004\333\213\035\330\236\020Fm'F\025"
 283      1504DB8B 
 283      1DD89E10 
 283      466D2746 
 283      15
 284 0e1e 8B8BDF62 		.ascii	"\213\213\337b[\333\017Xl/\305\263\321E{\333\245g\256"
 284      5BDB0F58 
 284      6C2FC5B3 
 284      D1457BDB 
 284      A567AE
 285 0e31 F20F4049 		.ascii	"\362\017@I7\002\257\036\340\325\301X\336\004\272\001"
 285      3702AF1E 
 285      E0D5C158 
 285      DE04BA01 
 286 0e41 5403540D 		.ascii	"T\003T\015t\005\3502P\231\215W\272?acLB\272\004\224"
 286      7405E832 
 286      50998D57 
 286      BA3F6163 
 286      4C42BA04 
 287 0e56 12290E17 		.ascii	"\022)\016\027\032}\225\222Rv\351\233\270\333\377\205"
 287      1A7D9592 
 287      5276E99B 
 287      B8DBFF85 
 288 0e66 892E07E6 		.ascii	"\211.\007\346R\307\314\222t\257\260I\367\362\351\005"
 288      52C7CC92 
 288      74AFB049 
 288      F7F2E905 
 289 0e76 E72604EF 		.ascii	"\347&\004\357\015\262\014\271\016\362*\204\361\250\002"
 289      0DB20CB9 
 289      0EF22A84 
 289      F1A802
 290 0e85 83AF8261 		.ascii	"\203\257\202a\225\242a\340\321\347\273\324\375C\035"
 290      95A261E0 
 290      D1E7BBD4 
 290      FD431D
 291 0e94 6673AC8E 		.ascii	"fs\254\216n\365\313\204\016\362G\352t\333\367\006)N"
 291      6EF5CB84 
 291      0EF247EA 
 291      74DBF706 
 291      294E
 292 0ea6 243ECF08 		.ascii	"$>\317\010\274\326T\261\217\365\307[\224d\237^1m]\302"
 292      BCD654B1 
 292      8FF5C75B 
 292      94649F5E 
 292      316D5DC2 
 293 0eba 46F2E911 		.ascii	"F\362\351\021a$\311F\276\356\233\3344R$8\365\032\370"
 293      6124C946 
 293      BEEE9BDC 
 293      34522438 
 293      F51AF8
ARM GAS  C:\Users\CYIRKO~1\AppData\Local\Temp\ccoki1Cv.s 			page 23


 294 0ecd E9F66BF9 		.ascii	"\351\366k\371\251\0268%\317\235\231\237\034\224Mt\035"
 294      A9163825 
 294      CF9D999F 
 294      1C944D74 
 294      1D
 295 0ede DC23564E 		.ascii	"\334#VNkL\356\010\243\207\217D\324\0351&s\250,k\305"
 295      6B4CEE08 
 295      A3878F44 
 295      D41D3126 
 295      73A82C6B 
 296 0ef3 BB5E2158 		.ascii	"\273^!X\0023\343\335W\032B\262\300\362X\220\230}\357"
 296      0233E3DD 
 296      571A42B2 
 296      C0F25890 
 296      987DEF
 297 0f06 9BB8AB84 		.ascii	"\233\270\253\204\347\231\204\271\32113\303{\373\002"
 297      E79984B9 
 297      D13133C3 
 297      7BFB02
 298 0f15 7D6E073C 		.ascii	"}n\007<2O\357O\316\034\0165\307\277G\017\"\232\204\274"
 298      324FEF4F 
 298      CE1C0E35 
 298      C7BF470F 
 298      229A84BC 
 299 0f29 11365B2C 		.ascii	"\0216[,k\244\257.T\315\333g.\011\301\364,\241E\216y"
 299      6BA4AF2E 
 299      54CDDB67 
 299      2E09C1F4 
 299      2CA1458E 
 300 0f3e 81645DFD 		.ascii	"\201d]\375.\343%\207\001\017\345x%\2438\231-\214\"\354"
 300      2EE32587 
 300      010FE578 
 300      25A33899 
 300      2D8C22EC 
 301 0f52 D5D0D7F2 		.ascii	"\325\320\327\362\353\033\351\336\341'bi\235\260\347"
 301      EB1BE9DE 
 301      E1276269 
 301      9DB0E7
 302 0f61 9EBE3119 		.ascii	"\236\2761\031\377\261\310\376R\236]\342\332\276,a \310"
 302      FFB1C8FE 
 302      529E5DE2 
 302      DABE2C61 
 302      20C8
 303 0f73 6A73D29E 		.ascii	"js\322\236\275a\232\364vA:Y\320$\333\257\177\246\345"
 303      BD619AF4 
 303      76413A59 
 303      D024DBAF 
 303      7FA6E5
 304 0f86 49E38FC5 		.ascii	"I\343\217\305Y\355\214\375\2546m\340\262Xe<\342\240"
 304      59ED8CFD 
 304      AC366DE0 
 304      B258653C 
 304      E2A0
 305 0f98 324E7D6D 		.ascii	"2N}m6\277I\343"
 305      36BF49E3 
 306 0fa0 354D9C14 		.ascii	"5M\234\024\216H\012\343\324\230r|(\234\246\261Ea\366"
 306      8E480AE3 
ARM GAS  C:\Users\CYIRKO~1\AppData\Local\Temp\ccoki1Cv.s 			page 24


 306      D498727C 
 306      289CA6B1 
 306      4561F6
 307 0fb3 AB14D66E 		.ascii	"\253\024\326n\305$R\262\345\364=\336\253&\367\310\262"
 307      C52452B2 
 307      E5F43DDE 
 307      AB26F7C8 
 307      B2
 308 0fc4 26570CF9 		.ascii	"&W\014\371l,<\375=\273\365\340\0167\334\251c\0171\273"
 308      6C2C3CFD 
 308      3DBBF5E0 
 308      0E37DCA9 
 308      630F31BB 
 309 0fd8 266B9478 		.ascii	"&k\224x\2105v\037n)\344\361\004k\234\273\372lP\2117"
 309      8835761F 
 309      6E29E4F1 
 309      046B9CBB 
 309      FA6C5089 
 310 0fed BB90C6CC 		.ascii	"\273\220\306\314\260\3223\317\225\210\327\221E\261N"
 310      B0D233CF 
 310      9588D791 
 310      45B14E
 311 0ffc 37C7C3B2 		.ascii	"7\307\303\262"
 312 1000 F4E54070 		.ascii	"\364\345@p'\014\326*^\232\227Ol\352[\347\364\372f\335"
 312      270CD62A 
 312      5E9A974F 
 312      6CEA5BE7 
 312      F4FA66DD 
 313 1014 663D87A4 		.ascii	"f=\207\244\355\026\352\333\010\374~\006\365\355k\240"
 313      ED16EADB 
 313      08FC7E06 
 313      F5ED6BA0 
 314 1024 61A021A0 		.ascii	"a\240!\240A\240\001\240\247@]6\005\2753S\275\243L\314"
 314      41A001A0 
 314      A7405D36 
 314      05BD3353 
 314      BDA34CCC 
 315 1038 DA47E0D6 		.ascii	"\332G\340\326n\007[MY\315\035B\207o\257\2719^\010\273"
 315      6E075B4D 
 315      59CD1D42 
 315      876FAFB9 
 315      395E08BB 
 316 104c 1E307C37 		.ascii	"\0360|7g\247W\272\304\227\270\244\017\317\221<%\007"
 316      67A757BA 
 316      C497B8A4 
 316      0FCF913C 
 316      2507
 317 105e 7DBDD652 		.ascii	"}\275\326R\345\200K!a\331KOn\302\31438rpay\005IA\370"
 317      E5804B21 
 317      61D94B4F 
 317      6EC2CC33 
 317      38727061 
 318 1077 E1F331E6 		.ascii	"\341\3631\346\305\270`%\233@{(FZ\257\244\334\335\216"
 318      C5B86025 
 318      9B407B28 
 318      465AAFA4 
 318      DCDD8E
ARM GAS  C:\Users\CYIRKO~1\AppData\Local\Temp\ccoki1Cv.s 			page 25


 319 108a 17323819 		.ascii	"\02728\03128N\036\276$\203\253\346\260\244!\334)\366"
 319      32384E1E 
 319      BE2483AB 
 319      E6B0A421 
 319      DC29F6
 320 109d DC3219CC 		.ascii	"\3342\031\314\326\276\204\373\200<\267D\366\220\310"
 320      D6BE84FB 
 320      803CB744 
 320      F690C8
 321 10ac 9C6ACF3C 		.ascii	"\234j\317<\375am\337>5\203r\004\362\367\240<\277$\177"
 321      FD616DDF 
 321      3E358372 
 321      04F2F7A0 
 321      3CBF247F 
 322 10c0 DBFFD632 		.ascii	"\333\377\3262\317e\012\274\016\223\251\231%S\267\\2"
 322      CF650ABC 
 322      0E93A999 
 322      2553B75C 
 322      32
 323 10d1 DDDE4393 		.ascii	"\335\336C\223\211\204t\273\350\320nK2\035\276\236~]"
 323      898474BB 
 323      E8D06E4B 
 323      321DBE9E 
 323      7E5D
 324 10e3 85CB6896 		.ascii	"\205\313h\226p\275S\207S\\\355\336\354\260\006\334\370"
 324      70BD5387 
 324      535CEDDE 
 324      ECB006DC 
 324      F8
 325 10f4 77087501 		.ascii	"w\010u\001B\376\034\372\352\304\030\364\036\0251<\261"
 325      42FE1CFA 
 325      EAC418F4 
 325      1E15313C 
 325      B1
 326 1105 6048698C 		.ascii	"`Hi\214\216\327\341:\212\001\355\353(\257\340\361=\006"
 326      8ED7E13A 
 326      8A01EDEB 
 326      28AFE0F1 
 326      3D06
 327 1117 2877F7D0 		.ascii	"(w\367\320~\316\021\240\311\357\014\250\356\007\304"
 327      7ECE11A0 
 327      C9EF0CA8 
 327      EE07C4
 328 1126 252FA1EF 		.ascii	"%/\241\357\204\014\034\313[\213\313\330[\213\231\365"
 328      840C1CCB 
 328      5B8BCBD8 
 328      5B8B99F5 
 329 1136 D10D506E 		.ascii	"\321\015Pn\030\272\214\372\354\026\314s\012d\3461\232"
 329      18BA8CFA 
 329      EC16CC73 
 329      0A64E631 
 329      9A
 330 1147 82DD0CB9 		.ascii	"\202\335\014\271\030\036S\222\354\204\007\030G\337\305"
 330      181E5392 
 330      EC840718 
 330      47DFC5
 331 1156 43932AC2 		.ascii	"C\223*\302\021\012\034?\236\213Bx\236\236\347\015\307"
ARM GAS  C:\Users\CYIRKO~1\AppData\Local\Temp\ccoki1Cv.s 			page 26


 331      110A1C3F 
 331      9E8B4278 
 331      9E9EE70D 
 331      C7
 332 1167 8DBAE151 		.ascii	"\215\272\341Q\306\023\236u2]Kx\302\201\347GsQ\030\345"
 332      C6139E75 
 332      325D4B78 
 332      C281E747 
 332      735118E5 
 333 117b E1D26312 		.ascii	"\341\322c\022\217)\221\207\206\201\274S\251>_\266\225"
 333      8F299187 
 333      8681BC53 
 333      A93E5FB6 
 333      95
 334 118c CCFD5B79 		.ascii	"\314\375[y\215t\\\267\320\303\312\320\020\361\260RA"
 334      8D745CB7 
 334      D0C3CAD0 
 334      10F1B052 
 334      41
 335 119d 58A81FB6 		.ascii	"X\250\037\266\360\036h3\317K\317\270S\307z\037\3638"
 335      F01E6833 
 335      CF4BCFB8 
 335      53C77A1F 
 335      F338
 336 11af DF953AF4 		.ascii	"\337\225:\364\371\265\304:\036i<\246\313@\333\240\253"
 336      F9B5C43A 
 336      1E693CA6 
 336      CB40DBA0 
 336      AB
 337 11c0 2331425D 		.ascii	"#1B]\336Og\367H`\212\340\255~#\350\250\033\342C^\036"
 337      DE4F67F7 
 337      48608AE0 
 337      AD7E23E8 
 337      A81BE243 
 338 11d6 70C56554 		.ascii	"p\305eT\021*\353\352\210\320\342\253\254\221\025Y\277"
 338      112AEBEA 
 338      88D0E2AB 
 338      AC911559 
 338      BF
 339 11e7 09DF6608 		.ascii	"\011\337f\010.\347\337{\342,}\316\263\203=\347\211\342"
 339      2EE7DF7B 
 339      E22C7DCE 
 339      B3833DE7 
 339      89E2
 340 11f9 B568A728 		.ascii	"\265h\247(\365\014r\370xu\027/\373.k\302\221\22770~"
 340      F50C72F8 
 340      7875172F 
 340      FB2E6BC2 
 340      91973730 
 341 120e C834168D 		.ascii	"\3104\026\215\024^q\305\335\254\221\023wsJ\205\207Y"
 341      145E71C5 
 341      DDAC9113 
 341      77734A85 
 341      8759
 342 1220 63702239 		.ascii	"cp\"9O8\213\231\015\315\227-\321\321j\341(\206<r<\270"
 342      4F388B99 
 342      0DCD972D 
ARM GAS  C:\Users\CYIRKO~1\AppData\Local\Temp\ccoki1Cv.s 			page 27


 342      D1D16AE1 
 342      28863C72 
 343 1236 3B214387 		.ascii	";!C\207C\335(\357\365\234\372\020W\034I\033\332\320"
 343      43DD28EF 
 343      F59CFA10 
 343      571C491B 
 343      DAD0
 344 1248 D88BB9E4 		.ascii	"\330\213\271\344\335M\230@\310\231\211\2734&\343\370"
 344      DD4D9840 
 344      C89989BB 
 344      3426E3F8 
 345 1258 B968370F 		.ascii	"\271h7\017\330b\301\202}<\213\311\024\300\231\304\273"
 345      D862C182 
 345      7D3C8BC9 
 345      14C099C4 
 345      BB
 346 1269 A344A078 		.ascii	"\243D\240x\240T\240\003\274\264\022\337y\252\236\022"
 346      A054A003 
 346      BCB412DF 
 346      79AA9E12 
 347 1279 D6BE645D 		.ascii	"\326\276d]\037-t\226\253\011\262\332\222A\303\353k\353"
 347      1F2D7496 
 347      AB09B2DA 
 347      9241C3EB 
 347      6BEB
 348 128b 3BA21657 		.ascii	";\242\026W'1\366\272\346\311\226\375\004^:\023\356\347"
 348      2731F6BA 
 348      E6C996FD 
 348      045E3A13 
 348      EEE7
 349 129d 75A2B83A 		.ascii	"u\242\270:V\374\340\032\335\245M\027&]\210\217\320\""
 349      56FCE01A 
 349      DDA54D17 
 349      265D888F 
 349      D022
 350 12af 44A4ED15 		.ascii	"D\244\355\025\307\030\272\330\257\007\310\245\351G\210"
 350      C718BAD8 
 350      AF07C8A5 
 350      E94788
 351 12be 96098BC4 		.ascii	"\226\011\213\304\310\036{\340\323\252\262\245\342\023"
 351      C81E7BE0 
 351      D3AAB2A5 
 351      E213
 352 12cc EE167B64 		.ascii	"\356\026{d\322\262\274\017\343\211js\236\012\271{\314"
 352      D2B2BC0F 
 352      E3896A73 
 352      9E0AB97B 
 352      CC
 353 12dd 12342508 		.ascii	"\0224%\010s\213\305\252\364WYu;a\006\255k\351\266\240"
 353      738BC5AA 
 353      F4575975 
 353      3B6106AD 
 353      6BE9B6A0 
 354 12f1 6537A63B 		.ascii	"e7\246;x&\214\014U\032\014\325A\336\372rI\323\370\225"
 354      78268C0C 
 354      551A0CD5 
 354      41DEFA72 
ARM GAS  C:\Users\CYIRKO~1\AppData\Local\Temp\ccoki1Cv.s 			page 28


 354      49D3F895 
 355 1305 50375C4B 		.ascii	"P7\\K\243\214\213;V\177A-\276\354\222@3\3560t<$\372"
 355      A38C8B3B 
 355      567F412D 
 355      BEEC9240 
 355      33EE3074 
 356 131c 2D9D9FE5 		.ascii	"-\235\237\345HM\006\210v\240&f\352P\203\023~\300\"\373"
 356      484D0688 
 356      76A02666 
 356      EA508313 
 356      7EC022FB 
 357 1330 527648B1 		.ascii	"RvH\261\006\267\261F\324\331\246\0117\374\204\0018\232"
 357      06B7B146 
 357      D4D9A609 
 357      37FC8401 
 357      389A
 358 1342 BCBF5765 		.ascii	"\274\277We\315OX\372\3656\220\245_\02683S\204P\356\370"
 358      CD4F58FA 
 358      F53690A5 
 358      5F163833 
 358      538450EE 
 359 1357 3DE863BC 		.ascii	"=\350c\274\354{\320\307/\225\324\270\360d\275ED\255"
 359      EC7BD0C7 
 359      2F95D4B8 
 359      F064BD45 
 359      44AD
 360 1369 A245B1E7 		.ascii	"\242E\261\347\301\304\250\023\275F\336\255\310f\225"
 360      C1C4A813 
 360      BD46DEAD 
 360      C86695
 361 1378 B2607078 		.ascii	"\262`px\010\311=\221q\360\352\310\371\312\213\335:\351"
 361      08C93D91 
 361      71F0EAC8 
 361      F9CA8BDD 
 361      3AE9
 362 138a 99F1095E 		.ascii	"\231\361\011^\372L\346$o93>\033\026J+3\275\206\2163"
 362      FA4CE624 
 362      6F39333E 
 362      1B164A2B 
 362      33BD868E 
 363 139f 6D63F7EE 		.ascii	"mc\367\356er\364\",\302N\261k\345G\343&\320\034\311"
 363      6572F422 
 363      2CC24EB1 
 363      6BE547E3 
 363      26D01CC9 
 364 13b3 9A85A013 		.ascii	"\232\205\240\023\027-\247y\262h\311\341y&\366f\332\325"
 364      172DA779 
 364      B268C9E1 
 364      7926F666 
 364      DAD5
 365 13c5 7D3667D6 		.ascii	"}6g\326p_\242\377\214U\177\242\371a\215\033\036b>\227"
 365      705FA2FF 
 365      8C557FA2 
 365      F9618D1B 
 365      1E623E97 
 366 13d9 73C78E9C 		.ascii	"s\307\216\234\212\227\274\005\313Y\206%\243\374\356"
 366      8A97BC05 
ARM GAS  C:\Users\CYIRKO~1\AppData\Local\Temp\ccoki1Cv.s 			page 29


 366      CB598625 
 366      A3FCEE
 367 13e8 691B2CB7 		.ascii	"i\033,\267l\260\344Q,\347,X\3665&\2478K\261\344\331"
 367      6CB0E451 
 367      2CE72C58 
 367      F63526A7 
 367      384BB1E4 
 368 13fd 60396FC5 		.ascii	"`9o\305\222\024\277\003V\312\317\035c\251\250\272\362"
 368      9214BF03 
 368      56CACF1D 
 368      63A9A8BA 
 368      F2
 369 140e 4C4BAF91 		.ascii	"LK\257\2217q.00\317\342\213NX\001\026\260k\241\325\231"
 369      37712E30 
 369      30CFE28B 
 369      4E580116 
 369      B06BA1D5 
 370 1423 D51AC700 		.ascii	"\325\032\307\000\213(\300B\013\300\364\336\255/\221"
 370      8B28C042 
 370      0BC0F4DE 
 370      AD2F91
 371 1432 1460910D 		.ascii	"\024`\221\015\300b+\300\223\017\322\"\\\360\004\003"
 371      C0622BC0 
 371      930FD222 
 371      5CF00403 
 372 1442 7822FBC5 		.ascii	"x\"\373\305)\255E/\303w\"\272\367\015\307Z/Q\255%V\267"
 372      29AD452F 
 372      C37722BA 
 372      F70DC75A 
 372      2F51AD25 
 373 1458 A49C3B6D 		.ascii	"\244\234;m\343\226K6ZK\255Z\247\372\207\233u\330<\203"
 373      E3964B36 
 373      5A4BAD5A 
 373      A7FA879B 
 373      75D83C83 
 374 146c CD14151D 		.ascii	"\315\024\025\035{\220\325\005L\355\360\376\244\\\245"
 374      7B90D505 
 374      4CEDF0FE 
 374      A45CA5
 375 147b 05C965E6 		.ascii	"\005\311e\346\201S\335\321\031:\307X\312)\226+\026,"
 375      8153DDD1 
 375      193AC758 
 375      CA29962B 
 375      162C
 376 148d 032FC22E 		.ascii	"\003/\302.\333`)\267\301Ra\305\322\267\345\302\003W"
 376      DB6029B7 
 376      C15261C5 
 376      D2B7E5C2 
 376      0357
 377 149f 1CCEB0A4 		.ascii	"\034\316\260\244\224\366\207\350\254\231\302\260\324"
 377      94F687E8 
 377      AC99C2B0 
 377      D4
 378 14ac 7E5D3DC2 		.ascii	"~]=\302\206\215,@\25720)\017\017_\264\002\254b\327j"
 378      868D2C40 
 378      AF323029 
 378      0F0F5FB4 
ARM GAS  C:\Users\CYIRKO~1\AppData\Local\Temp\ccoki1Cv.s 			page 30


 378      02AC62D7 
 379 14c1 46365FE2 		.ascii	"F6_\342\034\307s\015\005Xm\0018Y\276\255S-\005Xc\003"
 379      1CC7730D 
 379      05586D01 
 379      3859BEAD 
 379      532D0558 
 380 14d7 F09A15E0 		.ascii	"\360\232\025\340\255\316\374\021g\034\351\030`\354\203"
 380      ADCEFC11 
 380      671CE918 
 380      60EC83
 381 14e6 9E5A576B 		.ascii	"\236ZWk\302]g`\366\326\205\246:Y\000\336`\327:\333\252"
 381      C25D6760 
 381      F6D685A6 
 381      3A5900DE 
 381      60D73ADB 
 382 14fb D3DC1C03 		.ascii	"\323\334\034\003\254\243\000oZ\000F\346t\215\332<Y\256"
 382      ACA3006F 
 382      5A0046E6 
 382      748DDA3C 
 382      59AE
 383 150d B301586F 		.ascii	"\263\001Xo\005\230\23694\340\214\243\030\300\023O.&"
 383      05989E39 
 383      34E08CA3 
 383      18C0134F 
 383      2E26
 384 151f 59DE2D22 		.ascii	"Y\336-\"\313\272\234\302\322C\030\037\230\3410\003l"
 384      CBBA9CC2 
 384      D243181F 
 384      98E13003 
 384      6C
 385 1530 8BD31D86 		.ascii	"\213\323\035\2064y(j\314\315\352\363\273\354b\344\275"
 385      3479286A 
 385      CCCDEAF3 
 385      BBEC62E4 
 385      BD
 386 1541 B1F9168B 		.ascii	"\261\371\026\213\356\261K\267N\\>\245ulQ\023\265\250"
 386      EEB14BB7 
 386      4E5C3EA5 
 386      756C5113 
 386      B5A8
 387 1553 D162D1D0 		.ascii	"\321b\321\320\365{M6Y\321dc\321}\213E\332\303'\307\333"
 387      F57B4D36 
 387      59D16463 
 387      D17D8B45 
 387      DAC327C7 
 388 1568 C923D459 		.ascii	"\311#\324Y\302\003\034a\031Q\251\356z\310\226\021Pm"
 388      C2031C61 
 388      1951A9EE 
 388      7AC89611 
 388      506D
 389 157a D05128D3 		.ascii	"\320Q(\323-\374\253\366D\225\010\2468\3105\224o\317"
 389      2DFCABF6 
 389      449508A6 
 389      38C83594 
 389      6FCF
 390 158c 2A994CA5 		.ascii	"*\231L\245+\216[\260\342\310\242\323\247\320\201\314"
 390      2B8E5BB0 
ARM GAS  C:\Users\CYIRKO~1\AppData\Local\Temp\ccoki1Cv.s 			page 31


 390      E2C8A2D3 
 390      A7D081CC 
 391 159c 2FED50E8 		.ascii	"/\355P\350\037\303*\243\025\250\015\350!P3\320#\240"
 391      1FC32AA3 
 391      15A80DE8 
 391      215033D0 
 391      23A0
 392 15ae 07401D36 		.ascii	"\007@\0356\253\017\252\023\202\007U\332\353\234\366"
 392      AB0FAA13 
 392      820755DA 
 392      EB9CF6
 393 15bd E493B242 		.ascii	"\344\223\262B\"\2402{\326i\217\036\313S\330\271E\213"
 393      22A0327B 
 393      D6698F1E 
 393      CB53D8B9 
 393      458B
 394 15cf DCBAA136 		.ascii	"\334\272\2416E\305V\002\220\340\350\242\274\254iz\301"
 394      45C55602 
 394      90E0E8A2 
 394      BCAC697A 
 394      C1
 395 15e0 D9E8B6BC 		.ascii	"\331\350\266\274\007\247\361B=E\271\362.\234\306\013"
 395      07A7F142 
 395      3D45B9F2 
 395      2E9CC60B 
 396 15f0 61896A65 		.ascii	"a\211jeM\267\374\237\225\246\376\270S\232Y\202\333#"
 396      4DB7FC9F 
 396      95A6FEB8 
 396      539A5982 
 396      DB23
 397 1602 1CB95DF1 		.ascii	"\034\271]\361Z>'\345!7\356\276\315\274\330i\263\226"
 397      5A3E27E5 
 397      2137EEBE 
 397      CDBCD869 
 397      B396
 398 1614 7B624D93 		.ascii	"{bM\223\352\244\247c\032\234\3012\301\362F\324L\341"
 398      EAA4A763 
 398      1A9CC132 
 398      C1F246D4 
 398      4CE1
 399 1626 8DA88E8C 		.ascii	"\215\250\216\214\216T'!mT\344\025\225\272\213\263\361"
 399      8E542721 
 399      6D54E415 
 399      95BA8BB3 
 399      F1
 400 1637 69CAAB3D 		.ascii	"i\312\253=|\252!\001#\353\377J\261Y\021?\005\350\335"
 400      7CAA2101 
 400      23EBFF4A 
 400      B159113F 
 400      05E8DD
 401 164a 648DDA05 		.ascii	"d\215\332\005\320{\205\210y\006\0213\000(\373\200\276"
 401      D07B8588 
 401      79061133 
 401      0028FB80 
 401      BE
 402 165b 061A041A 		.ascii	"\006\032\004\032\001\032\002\032\006\352\347\245'\303"
 402      011A021A 
ARM GAS  C:\Users\CYIRKO~1\AppData\Local\Temp\ccoki1Cv.s 			page 32


 402      06EAE7A5 
 402      27C3
 403 1669 433F60A3 		.ascii	"C?`\243GV?\333\005)\216\203\346<\212\177\217\026\352"
 403      47563FDB 
 403      05298E83 
 403      E63C8A7F 
 403      8F16EA
 404 167c 1E815558 		.ascii	"\036\201UX5\014L\033\216\276\0033\343\350\"\017\\\200"
 404      350C4C1B 
 404      8EBE0333 
 404      E3E8220F 
 404      5C80
 405 168e 8EC80A96 		.ascii	"\216\310\012\226l\303G\016\250\3309\032\331.\276\300"
 405      6CC3470E 
 405      A8D8391A 
 405      D92EBEC0 
 406 169e 8CDBBA07 		.ascii	"\214\333\272\007u\020D\273\2408\014#;\311C\362\274\344"
 406      751044BB 
 406      A0380C23 
 406      3BC943F2 
 406      BCE4
 407 16b0 3F330DDA 		.ascii	"?3\015\332\363\016\330\247,5\217\354\274\310\001\247"
 407      F30ED8A7 
 407      2C358FEC 
 407      BCC801A7 
 408 16c0 C4BC6919 		.ascii	"\304\274i\031\321|\200eD\357\264\214\220\032C\266\342"
 408      D17C8065 
 408      44EFB48C 
 408      901A43B6 
 408      E2
 409 16d1 B19C9D31 		.ascii	"\261\234\2351Q\234$\034\271\213Qe[4\326\225hm\322\337"
 409      519C241C 
 409      B98B5165 
 409      5B34D695 
 409      686DD2DF 
 410 16e5 D1D7AE47 		.ascii	"\321\327\256G\241C\227\270\016\354\345\355_\273\266"
 410      A14397B8 
 410      0EECE5ED 
 410      5FBBB6
 411 16f4 0EFC7318 		.ascii	"\016\374s\030\354o;\360\020`\375\223C\235.\322\260\035"
 411      EC6F3BF0 
 411      1060FD93 
 411      439D2ED2 
 411      B01D
 412 1706 B509DB31 		.ascii	"\265\011\3331\026\266\344\033\2307\347EMa\234\317B\267"
 412      16B6E41B 
 412      9837E745 
 412      4D619CCF 
 412      42B7
 413 1718 684FE30B 		.ascii	"hO\343\013\036\027\261F\375\360\020\354\355/\261\306"
 413      1E17B146 
 413      FDF010EC 
 413      ED2FB1C6 
 414 1728 F32367B7 		.ascii	"\363#g\267p\270\2026T\015\3715\367\225\3645\024\313"
 414      70B88236 
 414      540DF935 
 414      F795F435 
ARM GAS  C:\Users\CYIRKO~1\AppData\Local\Temp\ccoki1Cv.s 			page 33


 414      14CB
 415 173a AABF29C1 		.ascii	"\252\277)\301i\307\311-\346ho:\026\023`]\230\362\025"
 415      69C7C92D 
 415      E6686F3A 
 415      1613605D 
 415      98F215
 416 174d AF71546D 		.ascii	"\257qTmbqI\230_\3102K\307\270[\302=n\317\335`?\314U"
 416      62714998 
 416      5FC8324B 
 416      C7B85BC2 
 416      3D6ECFDD 
 417 1765 7F16B95F 		.ascii	"\177\026\271_\312s3\341B\371\033e\377c\007\330\246\357"
 417      CA7333E1 
 417      42F91B65 
 417      FF6307D8 
 417      A6EF
 418 1777 406C9FFD 		.ascii	"@l\237\375*\250,2\030\241J\0174\011N\237\0022+\335Q"
 418      2AA82C32 
 418      18A14A0F 
 418      34094E9F 
 418      02322BDD 
 419 178c 88D2EAFC 		.ascii	"\210\322\352\374\232\256\274~\027\274\367{\354\305\276"
 419      9AAEBC7E 
 419      17BCF77B 
 419      ECC5BE
 420 179b B6FDF54A 		.ascii	"\266\375\365Jk\000\334\036\247[\221- $\\i\035\177\242"
 420      6B00DC1E 
 420      A75B912D 
 420      20245C69 
 420      1D7FA2
 421 17ae D8C1B3E6 		.ascii	"\330\301\263\346\315\240\3465T\236m\330[\254\266\251"
 421      CDA0E635 
 421      549E6DD8 
 421      5BACB6A9 
 422 17be 7A721214 		.ascii	"zr\022\024\216\272O]\216\330\213\245\341\262U)\015\227"
 422      8EBA4F5D 
 422      8ED88BA5 
 422      E1B25529 
 422      0D97
 423 17d0 08250B17 		.ascii	"\010%\013\027\370&G\302;/\027q\315\350>\"\223\365\014"
 423      F82647C2 
 423      3B2F1771 
 423      CDE83E22 
 423      93F50C
 424 17e3 2A0221F6 		.ascii	"*\002!\366\211(\321\346\224\345\017!z\035\256r\364\223"
 424      8928D1E6 
 424      94E50F21 
 424      7A1DAE72 
 424      F493
 425 17f5 31D24BC8 		.ascii	"1\322K\310\322ChsB\223\023D\322\177Bg$\221\310n3M\226"
 425      D2436873 
 425      42931344 
 425      D27F4267 
 425      2491C86E 
 426 180c 3F056367 		.ascii	"?\005cgH\024T:\353\2158Q\001B\322\016\022\201\014\266"
 426      4814543A 
 426      EB8D3851 
ARM GAS  C:\Users\CYIRKO~1\AppData\Local\Temp\ccoki1Cv.s 			page 34


 426      0142D20E 
 426      12810CB6 
 427 1820 70DF8A4F 		.ascii	"p\337\212O!\032\207,\256\032L\250y\254mA\017\310\325"
 427      211A872C 
 427      AE1A4CA8 
 427      79AC6D41 
 427      0FC8D5
 428 1833 D40F10BD 		.ascii	"\324\017\020\275V\232\325\322\355\214\323\277\307^M"
 428      569AD5D2 
 428      ED8CD3BF 
 428      C75E4D
 429 1842 0BB975C9 		.ascii	"\013\271u\311f\321bsV\273CI\326,\253\204%\313\205G\311"
 429      66D16273 
 429      56BB4349 
 429      D62CAB84 
 429      25CB8547 
 430 1857 99FC5BA9 		.ascii	"\231\374[\251\346\324VsI\347q\247\363\331[\3147\240"
 430      E6D45673 
 430      49E771A7 
 430      F3D95BCC 
 430      37A0
 431 1869 DB07940F 		.ascii	"\333\007\224\017m\027#\004~\302\3476e\013B\221\312f"
 431      6D172304 
 431      7EC2E736 
 431      650B4291 
 431      CA66
 432 187b C0B653F9 		.ascii	"\300\266S\371\326>\362\266e\330n7\\\300\024_\210\312"
 432      D63EF2B6 
 432      65D86E37 
 432      5CC0145F 
 432      88CA
 433 188d 18C57405 		.ascii	"\030\305t\005E\376w\025[~\205_\036\211q\3017Y(\356\272"
 433      45FE7715 
 433      5B7E855F 
 433      1E8971C1 
 433      375928EE 
 434 18a2 523126BE 		.ascii	"R1&\276\246XQ\375\253\353tS\032\253\324\242h\345\353"
 434      A65851FD 
 434      ABEB7453 
 434      1AABD4A2 
 434      68E5EB
 435 18b5 9C19C528 		.ascii	"\234\031\305(e\317\214\236m}T\313\226\370DT\224\222"
 435      65CF8C9E 
 435      6D7D54CB 
 435      96F84454 
 435      9492
 436 18c7 6ACE8B8C 		.ascii	"j\316\213\214\357t\301\315L\363\255\332\301|W\344\241"
 436      EF74C1CD 
 436      4CF3ADDA 
 436      C17C57E4 
 436      A1
 437 18d8 13AA60E3 		.ascii	"\023\252`\343\014Z\005\367*u(NT\334\203H\2249\370\377"
 437      0C5A05F7 
 437      2A75284E 
 437      54DC8348 
 437      9439F8FF 
 438 18ec 68680FE8 		.ascii	"hh\017\350\026\377K\0329c\272\3730\231\255\213\211\234"
ARM GAS  C:\Users\CYIRKO~1\AppData\Local\Temp\ccoki1Cv.s 			page 35


 438      16FF4B1A 
 438      3963BAFB 
 438      3099AD8B 
 438      899C
 439 18fe DD4C6BED 		.ascii	"\335Lk\355\336\214*\354\320\371\361\324\371\373\224"
 439      DE8C2AEC 
 439      D0F9F1D4 
 439      F9FB94
 440 190d 82F7076F 		.ascii	"\202\367\007o\366\034W\201\367[\311\331\312\016\034"
 440      F61C5781 
 440      F75BC9D9 
 440      CA0E1C
 441 191c 7FDA1CAE 		.ascii	"\177\332\034\256$<h\227\010j\227\222\275 \211\022\250"
 441      243C6897 
 441      086A9792 
 441      BD208912 
 441      A8
 442 192d C3279B63 		.ascii	"\303'\233c\367:\343.\346\360\203W.\024\260\325:$\206"
 442      F73AE32E 
 442      E6F08357 
 442      2E14B0D5 
 442      3A2486
 443 1940 E0F07B4F 		.ascii	"\340\360{On\257\240\227\240\264\242\375\014TyRL1r\010"
 443      6EAFA097 
 443      A0B4A2FD 
 443      0C547952 
 443      4C317208 
 444 1954 2A99824A 		.ascii	"*\231\202J\262\200j\030(\335\316\013\240\352+\325\347"
 444      B2806A18 
 444      28DDCE0B 
 444      A0EA2BD5 
 444      E7
 445 1965 33B7942C 		.ascii	"3\267\224,\243L(QD\225hA\225BQ\215_*\230p\303\203\014"
 445      A34C2851 
 445      44956841 
 445      9542518D 
 445      5F2A9870 
 446 197c 55F495BE 		.ascii	"U\364\225\276\235.?L\247\002Z\022\234\022sr#\315\321"
 446      9D2E3F4C 
 446      A7025A12 
 446      9C127372 
 446      23CDD1
 447 198f EE740238 		.ascii	"\356t\0028\300$Xg\027\005\271\002\237\251\312\037\222"
 447      C0245867 
 447      1705B902 
 447      9FA9CA1F 
 447      92
 448 19a0 FD5DEECD 		.ascii	"\375]\356\315D\015~\306\244\304\357*\314\327\202\224"
 448      440D7EC6 
 448      A4C4EF2A 
 448      CCD78294 
 449 19b0 1B253432 		.ascii	"\033%42\017\214\204\233\3153iY8(\010\021K\"\271\262"
 449      0F8C849B 
 449      CD336959 
 449      38280811 
 449      4B22B9B2 
 450 19c4 02923B8D 		.ascii	"\002\222;\215\212y\332\325\032m\263\261 \330\305Z\222"
ARM GAS  C:\Users\CYIRKO~1\AppData\Local\Temp\ccoki1Cv.s 			page 36


 450      8A79DAD5 
 450      1A6DB3B1 
 450      20D8C55A 
 450      92
 451 19d5 2ED49274 		.ascii	".\324\222tZK*+Jo\331\024\236x\033\346C\0023\371\326"
 451      5A4B2A2B 
 451      4A6FD914 
 451      9E781BE6 
 451      430233F9 
 452 19ea 7CFCF917 		.ascii	"|\374\371\027o.\236?_\301\377\346#\317\337i\275\274"
 452      6F2E9E3F 
 452      5FC1FFE6 
 452      23CFDF69 
 452      BDBC
 453 19fc 82FD024C 		.ascii	"\202\375\002L\013\336\3672\255\326\377r\245\317Z\277"
 453      0BDEF732 
 453      ADD6FF72 
 453      A5CF5ABF 
 454 1a0c 557E4653 		.ascii	"U~FS\260\257_\340JS`\340:\343\3125\001\301o\322_oz\033"
 454      B0AF5FE0 
 454      4A5360E0 
 454      3AE3CA35 
 454      01C16FD2 
 455 1a24 FCDFD4FB 		.ascii	"\374\337\324\373\257\322\373\372\352}W.|w\301\233\357"
 455      AFD2FBFA 
 455      EA7D572E 
 455      7C77C19B 
 455      EF
 456 1a35 BF377FD1 		.ascii	"\2777\177\321\372\371+\341\372O\003\002\003\364?\325"
 456      FAF92BE1 
 456      FA4F0302 
 456      03F43FD5 
 457 1a45 7BAFF25B 		.ascii	"{\257\362[\351\027\340\263.\330W\277\322\337\033d\005"
 457      E917E0B3 
 457      2ED857BF 
 457      D2DF1B64 
 457      05
 458 1a56 E8577AF9 		.ascii	"\350Wz\371\352W{\007\2573y\2316\005\351\215\357\256"
 458      EA577B07 
 458      AF337999 
 458      3605E98D 
 458      EFAE
 459 1a68 55682CFA 		.ascii	"Uh,\372\376\343\377T\237q\223q\245\227\321\344\013\302"
 459      FEE3FF54 
 459      9F719371 
 459      A597D1E4 
 459      0BC2
 460 1a7a 4109B1ED 		.ascii	"A\011\261\355S\376\323\305\277\367\344\177\273\334\323"
 460      53FED3C5 
 460      BFF7E47F 
 460      BBDCD3
 461 1a89 13FD3BFA 		.ascii	"\023\375;\372\235\322g\235\336\333 \330;\177\241\227"
 461      9DD2679D 
 461      DEDB20D8 
 461      3B7FA197 
 462 1a99 4963F981 		.ascii	"Ic\371\201\215z\323G\037\376r\345b\002f9\003C\201\005"
 462      8D7AD347 
ARM GAS  C:\Users\CYIRKO~1\AppData\Local\Temp\ccoki1Cv.s 			page 37


 462      1FFE72E5 
 462      62026639 
 462      03438105 
 463 1aad 1AE72F5A 		.ascii	"\032\347/Z8/\3208o\255\367\272yA\201\006\223q\336\362"
 463      382FD038 
 463      6FADF7BA 
 463      79418106 
 463      9371DEF2 
 464 1ac1 159F2D78 		.ascii	"\025\237-x\177\336\247\237.\231\367\361\262O\226~\365"
 464      7FDEA79F 
 464      2E99F7F1 
 464      B24F967E 
 464      F5
 465 1ad2 3EB9E515 		.ascii	">\271\345\025\004\264n\235/\350\305K\227x\342O\226x"
 465      04B46E9D 
 465      2FE8C54B 
 465      9778E24F 
 465      9678
 466 1ae4 2A977DB1 		.ascii	"*\227}\261l\211\247z\351\362e\037~\270\304S\265t\305"
 466      6C89A77A 
 466      E9F2651F 
 466      7EB8C453 
 466      B574C5
 467 1af7 1F977DE8 		.ascii	"\037\227}\350\251\374l\351\222\017=\361o==uF\223?\270"
 467      A9FC6CE9 
 467      920F3DF1 
 467      6F3D3D75 
 467      46933FB8 
 468 1b0b 604D905F 		.ascii	"`M\220_ \340\360\013\364\017\364\325{\231\000a\240\317"
 468      20E0F00B 
 468      F40FF4D5 
 468      7B990061 
 468      A0CF
 469 1b1d 97CA60A3 		.ascii	"\227\312`\243\267\301\204=\211\240\305@\313=\261\347"
 469      B7C1843D 
 469      89A0C540 
 469      CB3DB1E7 
 470 1b2d BF79F29E 		.ascii	"\277y\362\236+\226z\362\037\257X\346\211\027{.\000z"
 470      2B967AF2 
 470      1FAF58E6 
 470      89177B2E 
 470      007A
 471 1b3f 1F683E5E 		.ascii	"\037h>^\261\304\363\223W\"\367\011\364\367\017\014\230"
 471      B1C4F393 
 471      5722F709 
 471      F4F70F0C 
 471      98
 472 1b50 A7DF689A 		.ascii	"\247\337h\232\267\370\263\345\237,\007\003\230\015\037"
 472      B7F8B3E5 
 472      9F2C0703 
 472      980D1F
 473 1b5f 2DDAB871 		.ascii	"-\332\270q\036\205\261z\321B\370\015\340]\276X\376\033"
 473      1E85B17A 
 473      D142F80D 
 473      E05DBE58 
 473      FE1B
 474 1b71 CF155E2B 		.ascii	"\317\025^+`\240\226\350W\253\002\327\007\353\203\365"
ARM GAS  C:\Users\CYIRKO~1\AppData\Local\Temp\ccoki1Cv.s 			page 38


 474      60A096E8 
 474      57AB02D7 
 474      07EB83F5 
 475 1b81 9AF55E01 		.ascii	"\232\365^\001\201&\277\325\233\324\353\275\014\276A"
 475      8126BFD5 
 475      9BD4EBBD 
 475      0CBE41
 476 1b90 268313F3 		.ascii	"&\203\023\363\340/\274Lj\313\367z\257\015\006\270\243"
 476      E02FBC4C 
 476      6ACBF77A 
 476      AF0D06B8 
 476      A3
 477 1ba1 5CEF650A 		.ascii	"\\\357e\012\014\202\016\253\202W\257\326\033\234\326"
 477      0C820EAB 
 477      8257AFD6 
 477      1B9CD6
 478 1bb0 7BF90406 		.ascii	"{\371\004\006\007\230\364\006\225\321\357\317`\237\357"
 478      0798F406 
 478      95D1EFCF 
 478      609FEF
 479 1bbf 771CF075 		.ascii	"w\034\360u~\253V\256\361\361\261\033x`xw\2768\374&\350"
 479      7EAB56AE 
 479      F1F1B11B 
 479      78607877 
 479      BE38FC26 
 480 1bd4 B51A8C00 		.ascii	"\265\032\214\000\255\033\274\375L~\001k\370\000\260"
 480      AD1BBCFD 
 480      4C7E016B 
 480      F800B0
 481 1be3 5A63D07B 		.ascii	"Zc\320{\257\0132\370\005\252M\344\323\313\364Z\356b"
 481      AF0B32F8 
 481      05AA4DE4 
 481      D3CBF45A 
 481      EE62
 482 1bf5 63FD1BCF 		.ascii	"c\375\033\317\317\026\177\266\221\\\013\362[\2477\030"
 482      CF167FB6 
 482      915C0BF2 
 482      5BA73718 
 483 1c05 E77DBC78 		.ascii	"\347}\274x\361<\237\265\226@V\373\2336\256\003[\224"
 483      F13C9FB5 
 483      964056FB 
 483      9B36AE03 
 483      5B94
 484 1c17 811B02F4 		.ascii	"\201\033\002\364`<\361\226\332?\330\244\337\010c\352"
 484      603CF196 
 484      DA3FD8A4 
 484      DF0863EA 
 485 1c27 B3D68BFE 		.ascii	"\263\326\213\376\324\350\203\364\001\020\224k\234\365"
 485      D4E883F4 
 485      0110946B 
 485      9CF5
 486 1c35 5FE9034C 		.ascii	"_\351\003L\376\336\306/\341\256\277q\015c\027\240\272"
 486      FEDEC62F 
 486      E1AEBF71 
 486      0D6317A0 
 486      BA
 487 1c46 01BB692D 		.ascii	"\001\273i-@\3655z\021\221\256\322\206\227\011\005\253"
ARM GAS  C:\Users\CYIRKO~1\AppData\Local\Temp\ccoki1Cv.s 			page 39


 487      40F5357A 
 487      1191AED2 
 487      86970905 
 487      AB
 488 1c57 F41B4857 		.ascii	"\364\033HW\325\006\023(\015\202/\243\336?\010\373\004"
 488      D5061328 
 488      0D822FA3 
 488      DE3F08FB 
 488      04
 489 1c68 98603484 		.ascii	"\230`4\204tR\013\337J\270\352e\322\201D\340\361\016"
 489      74520BDF 
 489      4AB8EA65 
 489      D28144E0 
 489      F10E
 490 1c7a 5A1B68D0 		.ascii	"Z\033h\320\253\215D\265q\215\022\010\0306\230L\206\240"
 490      AB8D44B5 
 490      718D1208 
 490      1836984C 
 490      86A0
 491 1c8c 994C8597 		.ascii	"\231L\205\227A\017C\245\017\360\201\361\001\261\201"
 491      410F43A5 
 491      0FF081F1 
 491      01B181
 492 1c9b ABFE14A4 		.ascii	"\253\376\024\244\321o\3643\371@D\252\014\276\233\240"
 492      D16FF433 
 492      F94044AA 
 492      0CBE9BA0 
 493 1cab 070F2C46 		.ascii	"\007\017,F\265\211|B\347\325\353\274\327@K\210X\243"
 493      B5897C42 
 493      E7D5EBBC 
 493      D7404B88 
 493      58A3
 494 1cbd C9DBA4D7 		.ascii	"\311\333\244\327\230\350\027\021\340\275\312\333\250"
 494      98E81711 
 494      E0BDCADB 
 494      A8
 495 1cca 17726CE1 		.ascii	"\027rl\341\317\204\034#?\264F\323\227\336\353\374\326"
 495      CF841C23 
 495      3FB446D3 
 495      97DEEBFC 
 495      D6
 496 1cdb 0478997E 		.ascii	"\004x\231~\371\355G`\255\017XA\322:\300\333_\317\373"
 496      F9ED4760 
 496      AD0F5841 
 496      D23AC0DB 
 496      5FCFFB
 497 1cee ACF53628 		.ascii	"\254\3656(\003\327\371\202\323\003\364\033\364\006\354"
 497      03D7F982 
 497      D303F41B 
 497      F406EC
 498 1cfd 63DAC819 		.ascii	"c\332\310\031\203\270u\006\030\3555\020%\220\322\206"
 498      83B87506 
 498      18ED3510 
 498      2590D286 
 499 1d0d F9F381DE 		.ascii	"\371\363\201\336\343\014\377\310\031~\301\031\026q\206"
 499      E30CFFC8 
 499      197EC119 
ARM GAS  C:\Users\CYIRKO~1\AppData\Local\Temp\ccoki1Cv.s 			page 40


 499      167186
 500 1d1c 859CE1E7 		.ascii	"\205\234\341\347\234\341g\316D2\361\031t\372\347\357"
 500      9CE167CE 
 500      4432F119 
 500      74FAE7EF 
 501 1d2c 88C4EBAB 		.ascii	"\210\304\353\253E\376\200FGE\371\004B\210o4\361$\274"
 501      45FE8046 
 501      4745F904 
 501      42886F34 
 501      F124BC
 502 1d3f 9CACE3A8 		.ascii	"\234\254\343\250\364\017\202\230\326\010N6\315\220\014"
 502      F40F8298 
 502      D6084E36 
 502      CD900C
 503 1d4e 301D7960 		.ascii	"0\035y`\327\177\345fs\311\3134\377\225x\014\246yB\264"
 503      D77FE566 
 503      73C9CB34 
 503      FF95780C 
 503      A67942B4 
 504 1d62 030CA3CF 		.ascii	"\003\014\243\317ZRo\336{\375\036\0208\320\341\347\337"
 504      5A526FDE 
 504      7BFD1E10 
 504      38D0E1E7 
 504      DF
 505 1d73 42C526A3 		.ascii	"B\305&\243%\324\277\205\032\010:\350\240\205T\023\214"
 505      25D4BF85 
 505      1A083AE8 
 505      A0855413 
 505      8C
 506 1d84 725ACFEA 		.ascii	"rZ\317\352\007-t\354\242j=\004v\300\227\013\277\261"
 506      072D74EC 
 506      A26A3D04 
 506      76C0970B 
 506      BFB1
 507 1d96 E65AC492 		.ascii	"\346Z\304\222\"K{\0220\256\201\301\246\240`\223E\276"
 507      224B7B12 
 507      30AE81C1 
 507      A6A06093 
 507      45BE
 508 1da8 CA8FFE70 		.ascii	"\312\217\376p\361\013\220\\\324,_\342\345\371\341o\226"
 508      F10B905C 
 508      D42C5FE2 
 508      E5F9E16F 
 508      96
 509 1db9 FC510D3F 		.ascii	"\374Q\015?\226\257X\272\314\011\276\277\370\374\223"
 509      96AF58BA 
 509      CC09BEBF 
 509      F8FC93
 510 1dc8 CF3F59F1 		.ascii	"\317?Y\361\355\264\032\365\006?\357u\244\256\030}\205"
 510      EDB41AF5 
 510      063FEF75 
 510      A4AE187D 
 510      85
 511 1dd9 2857D24C 		.ascii	"(W\322L\326\321O/c`\260\301G\317\03245\000\020m\030"
 511      D6D14F2F 
 511      6360B0C1 
 511      47CF1A34 
ARM GAS  C:\Users\CYIRKO~1\AppData\Local\Temp\ccoki1Cv.s 			page 41


 511      3500106D 
 512 1dee 352477F5 		.ascii	"5$w\365P\031\\\031\247\245\251\332@\371f\330^\3652-"
 512      50195C19 
 512      A7A5A9DA 
 512      40F966D8 
 512      5EF5322D 
 513 1e02 787D1F33 		.ascii	"x}\0373\005\304\025R\020\020\365_\371C\016\032\374L"
 513      05C41552 
 513      1010F55F 
 513      F9430E1A 
 513      FC4C
 514 1e14 7A931319 		.ascii	"z\223\023\031=?\177\270\310\257\321\233 :\203M&\014"
 514      3D3F7FB8 
 514      C8AFD19B 
 514      203A834D 
 514      260C
 515 1e26 BF30FCE0 		.ascii	"\2770\374\340i\200R>\267\345\324\276%\006\277\257\364"
 515      6980523E 
 515      B7E5D4BE 
 515      2506BFAF 
 515      F4
 516 1e37 863F7CB6 		.ascii	"\206?|\266BIn\231t\322\253*\303FRz\260\217\341}\240"
 516      42496E99 
 516      74D2AB2A 
 516      C346527A 
 516      B08FE17D 
 517 1e4c F94A6390 		.ascii	"\371Jc\220^\357\013\277\026\374\353\267\2362\351\374"
 517      5EEF0BBF 
 517      16FCEBB7 
 517      9E32E9FC 
 518 1e5c 22CC99CC 		.ascii	"\"\314\231\314\261\302\264)(\\\034\030\260\332o\215"
 518      B1C2B429 
 518      285C1C18 
 518      B0DA6F8D 
 519 1e6c C6E8BB08 		.ascii	"\306\350\273\010\022\324\317\344\312\256z}\002\277\337"
 519      12D4CFE4 
 519      CAAE7A7D 
 519      02BFDF
 520 1e7b F551FC8D 		.ascii	"\365Q\374\215e\236\205\276\2465\206\300\340 R\204t~"
 520      659E85BE 
 520      A63586C0 
 520      E0205284 
 520      747E
 521 1e8d 81440D2B 		.ascii	"\201D\015+\254Z\326\360\203\214S\033}\227\233\310D\272"
 521      AC5AD6F0 
 521      838C531B 
 521      7D979BC8 
 521      44BA
 522 1e9f 7CC922F5 		.ascii	"|\311\"\365\027\240\327g\365\232\377\005j\303\356\345"
 522      17A0D767 
 522      F59AFF05 
 522      6AC3EEE5 
 523              		.text
 524              		.section	.gnu.lto_.symtab.115d86f0,"",%progbits
 525 0000 7364375F 		.ascii	"sd7_init\000"
 525      696E6974 
 525      00
ARM GAS  C:\Users\CYIRKO~1\AppData\Local\Temp\ccoki1Cv.s 			page 42


 526 0009 00       		.ascii	"\000"
 527 000a 00       		.ascii	"\000"
 528 000b 00       		.ascii	"\000"
 529 000c 00000000 		.ascii	"\000\000\000\000\000\000\000\000"
 529      00000000 
 530 0014 8D020000 		.ascii	"\215\002\000\000"
 531 0018 53443700 		.ascii	"SD7\000"
 532 001c 00       		.ascii	"\000"
 533 001d 02       		.ascii	"\002"
 534 001e 00       		.ascii	"\000"
 535 001f 00000000 		.ascii	"\000\000\000\000\000\000\000\000"
 535      00000000 
 536 0027 A0020000 		.ascii	"\240\002\000\000"
 537 002b 5F70616C 		.ascii	"_pal_lld_setgroupmode\000"
 537      5F6C6C64 
 537      5F736574 
 537      67726F75 
 537      706D6F64 
 538 0041 00       		.ascii	"\000"
 539 0042 02       		.ascii	"\002"
 540 0043 00       		.ascii	"\000"
 541 0044 00000000 		.ascii	"\000\000\000\000\000\000\000\000"
 541      00000000 
 542 004c 99020000 		.ascii	"\231\002\000\000"
 543 0050 73645374 		.ascii	"sdStart\000"
 543      61727400 
 544 0058 00       		.ascii	"\000"
 545 0059 02       		.ascii	"\002"
 546 005a 00       		.ascii	"\000"
 547 005b 00000000 		.ascii	"\000\000\000\000\000\000\000\000"
 547      00000000 
 548 0063 9E020000 		.ascii	"\236\002\000\000"
 549              		.text
 550              		.section	.gnu.lto_.opts,"",%progbits
 551 0000 272D666D 		.ascii	"'-fmath-errno' '-fsigned-zeros' '-ftrapping-math' '"
 551      6174682D 
 551      6572726E 
 551      6F272027 
 551      2D667369 
 552 0033 2D666E6F 		.ascii	"-fno-trapv' '-fno-openmp' '-fno-openacc' '-mcpu=cor"
 552      2D747261 
 552      70762720 
 552      272D666E 
 552      6F2D6F70 
 553 0066 7465782D 		.ascii	"tex-m7' '-mno-thumb-interwork' '-mthumb' '-ggdb' '-"
 553      6D372720 
 553      272D6D6E 
 553      6F2D7468 
 553      756D622D 
 554 0099 4F322720 		.ascii	"O2' '-fomit-frame-pointer' '-falign-functions=16' '"
 554      272D666F 
 554      6D69742D 
 554      6672616D 
 554      652D706F 
 555 00cc 2D666675 		.ascii	"-ffunction-sections' '-fdata-sections' '-fno-common"
 555      6E637469 
 555      6F6E2D73 
ARM GAS  C:\Users\CYIRKO~1\AppData\Local\Temp\ccoki1Cv.s 			page 43


 555      65637469 
 555      6F6E7327 
 556 00ff 2720272D 		.ascii	"' '-flto'\000"
 556      666C746F 
 556      2700
 557              		.text
 558              		.comm	__gnu_lto_v1,1,1
 559              		.comm	__gnu_lto_slim,1,1
 560              		.ident	"GCC: (GNU Tools for ARM Embedded Processors 6-2017-q1-update) 6.3.1 20170215 (release) [AR
ARM GAS  C:\Users\CYIRKO~1\AppData\Local\Temp\ccoki1Cv.s 			page 44


DEFINED SYMBOLS
                            *ABS*:00000000 Serial_Init.c
                            *COM*:00000001 __gnu_lto_v1
                            *COM*:00000001 __gnu_lto_slim

NO UNDEFINED SYMBOLS
